#scene........................: /home/eldamian/nbvEverardo/models/laboratory.wrl
#triangles....................: 361767
#Total triangles' area........: 443.205414 (m2)
#sensor aperture..............: 135.000000 x 70.000000 (deg)
#range image size.............: 350 x 80
#sensor blind distances.......: 0.500000 .. 30.000000 (m)
#sensor blind angle...........: 80.000000
#sensor Gaussian noise std dev: 0.012000 (m)
#views number.................: 100 
#optimization method..........: Simulated Annealing
#view iterations fitness vxl_occupied(m2) occplane(m2) vxl_quality tri_imaged(m2) tri_imaged(%) tri_quality travelled(m) energy total_time single_time backstep change
  0   0  -0.000000       18.338        0.000     0.641809       15.030   3.39     0.643016        0.000     0.000000     0.000000     0.000000   0   0 
  1 300   0.721087       27.473        0.000     0.628786       22.845   5.15     0.633184        0.000     0.077427     0.320000     0.320000   0   0 
  2 300   0.717485       90.900       66.263     0.553296       36.798   8.30     0.589276        0.000     0.166667     0.666667     0.346667   0   0 
  3 300   0.388675      110.993       72.293     0.608082       56.335  12.71     0.638977        5.246     0.297338     0.800000     0.133333   0   0 
  4 300   0.616898      122.310       65.160     0.632414       68.204  15.39     0.653515        0.756     0.270791     0.973333     0.173333   0   0 
  5 300   0.808817      160.290       76.185     0.628002       86.336  19.48     0.660090        0.231     0.348372     1.240000     0.266667   0   0 
  6 300   0.579176      163.058       78.075     0.629898       96.370  21.74     0.652252        0.542     0.199966     1.546667     0.306667   0   0 
  7 300   0.602086      162.450       77.108     0.633937       99.129  22.37     0.651011        0.640     0.146371     1.853333     0.306667   0   0 
  8 300   0.494950      204.210      130.028     0.614707      109.803  24.77     0.654375        0.190     0.621770     2.053333     0.200000   0   0 
  9 300   0.602891      209.273      138.330     0.619654      111.571  25.17     0.660278        2.441     0.136820     2.613333     0.560000   0   0 
 10 300   0.679678      255.195      168.053     0.607931      123.591  27.89     0.661224        7.453     0.160800     2.880000     0.266667   1   0 
 11 300   0.536306      256.680      168.053     0.609139      125.481  28.31     0.660978        1.575     0.292945     3.253333     0.373333   0   0 
 12 300   0.525555      277.628      225.653     0.604732      132.258  29.84     0.658108        0.590     0.179010     3.506667     0.253333   0   0 
 13 300   0.505743      323.168      234.315     0.621791      155.268  35.03     0.671563        3.940     0.197776     4.133333     0.626667   0   0 
 14 300   0.662104      342.900      220.973     0.628425      169.736  38.30     0.671947        3.361     0.692481     5.920000     1.786667   0   0 
 15 300   0.805992      357.503      215.235     0.640719      186.194  42.01     0.676442        1.301     0.619935     7.893333     1.973333   0   0 
 16 300   0.755497      391.365      156.938     0.668697      209.472  47.26     0.685695        1.105     0.615382    10.346667     2.453333   0   0 
 17 300   0.623350      397.418      144.900     0.668022      217.319  49.03     0.683278        1.826     0.344499    13.253333     2.906667   0   0 
 18 300   0.739667      397.845      144.270     0.669766      218.869  49.38     0.684160        0.915     0.593581    16.600000     3.346667   0   0 
 19 300   0.634339      402.210      137.678     0.679112      226.240  51.05     0.686096        0.101     0.339014    19.080000     2.480000   0   0 
 20 300   0.626741      406.238      119.768     0.681514      236.093  53.27     0.685848        0.959     0.471823    22.080000     3.000000   0   0 
 21 300   0.506692      414.473      121.523     0.682557      242.714  54.76     0.684687        4.609     0.302413    24.866667     2.786667   0   0 
 22 300   0.479346      418.163      121.275     0.689992      249.024  56.19     0.685985        4.609     0.115062    27.733333     2.866667   1   0 
 23 300   0.480436      418.793      120.105     0.692236      252.957  57.07     0.685816        5.622     0.128087    30.346667     2.613333   1   0 
 24 300   0.480368      421.223      110.318     0.694851      255.725  57.70     0.687543        3.940     0.010425    32.413333     2.066667   1   0 
 25 300   0.480274      421.043      109.215     0.695149      255.725  57.70     0.687543        0.000     0.000000    32.893333     0.480000   0   1 
 26 300   0.039454      423.518      103.545     0.706116      262.104  59.14     0.688994        6.437     0.469977    35.160000     2.266667   0   1 
 27 300   0.010121      427.320       90.068     0.710883      269.295  60.76     0.692269        4.024     0.502089    37.266667     2.106667   0   1 
 28 300   0.041027      432.788       79.335     0.719369      276.896  62.48     0.696900        2.930     0.310184    39.866667     2.600000   0   1 
 29 300   0.042355      433.148       78.818     0.720124      279.653  63.10     0.696222        2.910     0.429972    42.706667     2.840000   0   1 
 30 300   0.010952      433.328       78.683     0.721576      280.453  63.28     0.697271        0.309     0.613669    45.626667     2.920000   0   1 
 31 300   0.005179      434.543       78.255     0.724724      284.479  64.19     0.700353        1.969     0.197961    47.066667     1.440000   0   1 
 32 300   0.005502      434.430       77.828     0.727138      288.281  65.04     0.701628        0.849     0.649960    50.586667     3.520000   0   1 
 33 300   0.007948      436.185       77.513     0.728408      291.479  65.77     0.702909        0.256     0.632833    53.826667     3.240000   0   1 
 34 300   0.006232      436.208       77.445     0.730121      293.261  66.17     0.703668        1.031     0.781106    57.320000     3.493333   0   1 
 35 300   0.007722      436.995       77.198     0.730905      294.765  66.51     0.704028        0.761     0.701709    59.960000     2.640000   0   1 
 36 300   0.007056      437.085       77.198     0.731773      296.516  66.90     0.705964        3.904     0.177318    62.866667     2.906667   1   1 
 37 300   0.010319      438.143       75.510     0.733179      299.476  67.57     0.705705        1.294     0.360974    66.026667     3.160000   0   1 
 38 300   0.008313      438.143       75.465     0.735463      300.642  67.83     0.709205        5.801     0.533622    69.466667     3.440000   0   1 
 39 300   0.016875      437.940       75.218     0.739708      303.951  68.58     0.714321        5.801     0.033622    72.306667     2.840000   1   1 
 40 300   0.011468      438.143       74.993     0.741355      304.892  68.79     0.715387        8.012     0.613068    74.666667     2.360000   0   1 
 41 300   0.009608      438.660       73.845     0.744965      307.607  69.41     0.719505        0.883     0.631257    77.586667     2.920000   0   1 
 42 300   0.003800      438.548       73.755     0.745357      308.133  69.52     0.719455        2.901     0.112522    80.600000     3.013333   0   1 
 43 300   0.004041      438.593       73.755     0.745865      308.986  69.72     0.720513        0.269     0.821920    83.573333     2.973333   0   1 
 44 300   0.005026      438.480       73.733     0.746565      310.651  70.09     0.720982        0.701     0.781009    86.613333     3.040000   0   1 
 45 300   0.005365      438.323       73.710     0.748198      311.490  70.28     0.723710        3.029     0.050127    90.093333     3.480000   1   1 
 46 300   0.004453      438.278       73.710     0.748233      311.691  70.33     0.723749        3.359     0.711963    92.866667     2.773333   0   1 
 47 300   0.006382      437.895       73.193     0.749704      313.815  70.81     0.724556        3.359     0.122723    95.400000     2.533333   1   1 
 48 300   0.001916      438.075       73.193     0.750085      313.980  70.84     0.725103        2.257     0.879181    97.600000     2.200000   0   1 
 49 300   0.004946      438.255       73.193     0.750419      314.064  70.86     0.725438        0.830     0.297559    99.160000     1.560000   0   1 
 50 300   0.006562      437.895       73.193     0.750654      314.081  70.87     0.725671        0.462     0.014625   102.133333     2.973333   0   1 
 51 300   0.006846      437.715       73.193     0.750708      314.401  70.94     0.725503        3.494     0.096247   104.920000     2.786667   1   1 
 52 300   0.003034      437.670       73.193     0.751017      314.779  71.02     0.725883        2.832     0.620545   108.066667     3.146667   0   1 
 53 300   0.004256      437.760       73.193     0.751003      315.109  71.10     0.725949        0.058     0.105588   110.693333     2.626667   0   1 
 54 300   0.009447      438.683       73.080     0.752506      316.897  71.50     0.727778        2.238     0.475294   113.866667     3.173333   0   1 
 55 300   0.011689      438.548       73.080     0.752550      316.993  71.52     0.727702        4.896     0.006746   116.480000     2.613333   1   1 
 56 300   0.005536      438.593       73.080     0.752455      317.170  71.56     0.727877        3.524     0.277169   119.813333     3.333333   0   1 
 57 300   0.008107      438.548       73.080     0.752564      317.170  71.56     0.727877        3.524     0.000578   122.666667     2.853333   1   1 
 58 300   0.004073      438.818       73.170     0.752586      317.209  71.57     0.728013        3.345     0.074268   125.280000     2.613333   0   1 
 59 300   0.005828      438.818       73.170     0.752691      317.209  71.57     0.728013        3.345     0.074268   128.240000     2.960000   1   1 
 60 300   0.003164      438.818       73.170     0.752716      317.249  71.58     0.727996        2.828     0.147870   131.600000     3.360000   0   1 
 61 300   0.007680      438.818       73.170     0.752905      317.315  71.60     0.728304        0.996     0.149245   134.506667     2.906667   0   1 
 62 300   0.009039      438.818       73.170     0.752908      317.346  71.60     0.728300        0.334     0.137670   137.213333     2.706667   0   1 
 63 300   0.009320      438.705       73.148     0.752927      317.360  71.61     0.728332        3.859     0.026371   140.520000     3.306667   1   1 
 64 300   0.003282      438.705       73.148     0.752989      317.440  71.62     0.728443        3.920     0.002431   143.213333     2.693333   0   1 
 65 300   0.008741      438.548       73.215     0.753230      317.773  71.70     0.728804        1.118     0.202463   146.266667     3.053333   0   1 
 66 300   0.010021      438.570       73.193     0.753341      317.929  71.73     0.728900        0.329     0.008093   148.760000     2.493333   0   1 
 67 300   0.010326      438.570       73.193     0.753352      317.932  71.73     0.728915        3.823     0.020774   151.160000     2.400000   1   1 
 68 300   0.003183      438.570       73.193     0.755358      318.213  71.80     0.730866        3.314     0.789723   154.000000     2.840000   0   1 
 69 300   0.004794      438.570       73.193     0.755506      318.354  71.83     0.731282        0.569     0.034395   157.066667     3.066667   0   1 
 70 300   0.005053      438.570       73.193     0.755617      318.354  71.83     0.731391        5.591     0.237139   160.013333     2.946667   1   1 
 71 300   0.003710      438.705       73.125     0.757579      319.975  72.20     0.732796        4.635     0.436907   163.266667     3.253333   0   1 
 72 300   0.005484      440.393       73.103     0.758790      322.082  72.67     0.734366        4.635     0.026147   165.573333     2.306667   1   1 
 73 300   0.001800      440.955       73.395     0.758856      322.189  72.70     0.734582        4.748     0.490934   168.160000     2.586667   0   1 
 74 300   0.007164      440.955       73.395     0.759002      322.189  72.70     0.735038        1.957     0.765271   169.000000     0.840000   0   1 
 75 300   0.008696      440.955       73.395     0.759077      322.275  72.71     0.735670        5.077     0.002255   172.720000     3.720000   1   1 
 76 300   0.005002      440.910       73.395     0.759369      322.574  72.78     0.736138        5.383     0.146564   175.386667     2.666667   0   1 
 77 300   0.009701      440.910       73.395     0.759539      322.574  72.78     0.736138        5.383     0.000581   178.946667     3.560000   1   1 
 78 300   0.008581      441.405       73.620     0.759581      322.578  72.78     0.736195        5.921     0.178891   182.040000     3.093333   0   1 
 79 300   0.018372      441.405       73.620     0.759552      322.578  72.78     0.736195        5.921     0.032909   184.533333     2.493333   1   1 
 80 300   0.003261      441.405       73.620     0.759553      322.588  72.79     0.736182        5.859     0.124494   187.213333     2.680000   0   1 
 81 300   0.006898      441.405       73.620     0.759627      322.746  72.82     0.736550        5.859     0.014570   189.800000     2.586667   1   1 
 82 300   0.003924      441.405       73.620     0.759906      322.781  72.83     0.736986        5.531     0.194963   192.693333     2.893333   0   1 
 83 300   0.007813      441.450       73.620     0.759984      322.781  72.83     0.736986        5.531     0.028296   195.573333     2.880000   1   1 
 84 300   0.002606      441.653       73.643     0.760015      322.801  72.83     0.737028        4.753     0.178498   198.440000     2.866667   0   1 
 85 300   0.043696      442.575       72.113     0.761143      324.713  73.26     0.737186        5.612     0.248859   201.733333     3.293333   0   1 
 86 300   0.034790      450.023       59.310     0.763056      330.642  74.60     0.736817        8.144     0.177065   202.360000     0.626667   0   1 
 87 300   0.093628      450.360       58.658     0.765612      332.142  74.94     0.738217        2.204     0.172264   202.626667     0.266667   0   1 
 88 300   0.381802      451.710       56.700     0.766037      333.842  75.32     0.737773        2.153     0.030687   203.080000     0.453333   0   1 
 89 300   0.249212      454.590       54.000     0.767723      337.384  76.12     0.737481        0.651     0.256371   203.333333     0.253333   0   1 
 90 300   0.127406      464.603       41.063     0.763912      346.418  78.16     0.733459        2.681     0.169109   203.866667     0.533333   0   1 
 91 300   0.066095      467.393       31.163     0.770728      353.975  79.87     0.737570        2.728     0.190040   204.226667     0.360000   0   1 
 92 300   0.041909      470.813       26.055     0.782213      360.338  81.30     0.743460        2.895     0.332433   204.786667     0.560000   0   1 
 93 300   0.009422      471.038       25.808     0.782935      362.542  81.80     0.743568        4.317     0.282434   205.213333     0.426667   0   1 
 94 300   0.012328      472.163       24.840     0.784679      366.707  82.74     0.742000        4.317     0.005843   205.680000     0.466667   1   1 
 95 300   0.009921      473.220       23.648     0.785648      369.448  83.36     0.741673        1.730     0.198470   205.786667     0.106667   0   1 
 96 300   0.004823      474.323       22.545     0.788238      371.159  83.74     0.742757        1.639     0.453252   206.266667     0.480000   0   1 
 97 300   0.003522      474.210       22.523     0.788624      371.280  83.77     0.743117        9.629     0.012883   206.600000     0.333333   1   1 
 98 300   0.001320      473.783       22.500     0.789070      371.455  83.81     0.743754        6.028     0.271223   209.053333     2.453333   0   1 
 99 300   0.005252      473.783       22.500     0.790116      371.528  83.83     0.744969        0.917     0.222677   211.586667     2.533333   0   1 
100 300   0.005769      473.783       22.500     0.790116      371.532  83.83     0.744964        0.698     0.404508   214.453333     2.866667   0   1 
