#scene........................: /home/eldamian/nbvEverardo/models/laboratory.wrl
#triangles....................: 361767
#Total triangles' area........: 443.205414 (m2)
#sensor aperture..............: 135.000000 x 70.000000 (deg)
#range image size.............: 350 x 80
#sensor blind distances.......: 0.500000 .. 30.000000 (m)
#sensor blind angle...........: 80.000000
#sensor Gaussian noise std dev: 0.012000 (m)
#views number.................: 100 
#optimization method..........: Evolution Strategy
#view iterations fitness vxl_occupied(m2) occplane(m2) vxl_quality tri_imaged(m2) tri_imaged(%) tri_quality travelled(m) energy total_time single_time backstep change
  0   0  -0.000000       18.338        0.000     0.641809       15.030   3.39     0.643016        0.000     0.000000     0.000000     0.000000   0   0 
  1 308   0.718363       27.473        0.000     0.628786       22.845   5.15     0.633184        0.000     0.077427     0.200000     0.200000   0   0 
  2 308   0.487841       47.970        9.743     0.653144       26.022   5.87     0.637934        1.218     0.242428     0.213333     0.013333   0   0 
  3 308   0.477844       48.375        9.743     0.652317       26.022   5.87     0.637934        0.000     0.000000     0.226667     0.013333   0   0 
  4 308   0.477902       48.420        9.698     0.652262       26.022   5.87     0.637934        0.000     0.000000     0.306667     0.080000   0   0 
  5 308   0.477908       48.488        9.585     0.651891       26.022   5.87     0.637934        0.000     0.000000     0.346667     0.040000   0   0 
  6 308   0.477908       48.488        9.563     0.652387       26.022   5.87     0.637934        0.000     0.000000     0.373333     0.026667   0   0 
  7 308   0.555343       50.918        9.563     0.648921       28.517   6.43     0.628378        0.024     0.150498     0.400000     0.026667   0   0 
  8 308   0.480675       50.940        9.563     0.649083       28.517   6.43     0.628378        0.000     0.000000     0.480000     0.080000   0   0 
  9 308   0.480675       51.053        9.563     0.649047       28.517   6.43     0.628378        0.000     0.000000     0.520000     0.040000   0   0 
 10 308   0.604591       77.490       34.493     0.629672       39.260   8.86     0.626733        0.598     0.479712     0.613333     0.093333   0   0 
 11 308   0.477525       77.220       34.515     0.632809       39.260   8.86     0.626733        0.000     0.000000     0.666667     0.053333   0   0 
 12 308   0.622283      111.353      114.345     0.601770       47.278  10.67     0.630041        0.260     0.112874     0.720000     0.053333   0   0 
 13 308   0.697796      150.165      130.118     0.606986       62.203  14.03     0.645323        0.179     0.217239     0.786667     0.066667   0   0 
 14 308   0.493462      167.625      148.725     0.597217       71.189  16.06     0.639402        0.400     0.120859     1.013333     0.226667   0   0 
 15 308   0.850451      189.405      150.098     0.607936       86.704  19.56     0.650744        3.378     0.247336     1.680000     0.666667   0   0 
 16 308   0.841473      208.238      160.290     0.608995       96.534  21.78     0.651695        0.941     0.252265     2.253333     0.573333   0   0 
 17 308   0.672664      212.828      153.000     0.612187      101.699  22.95     0.648199        2.138     0.285917     2.586667     0.333333   0   0 
 18 308   0.843448      219.870      150.008     0.619643      109.856  24.79     0.648414        1.687     0.163419     2.786667     0.200000   0   0 
 19 308   0.731588      225.540      142.808     0.635397      121.266  27.36     0.659622        1.637     0.291615     3.080000     0.293333   0   0 
 20 308   0.604952      227.408      140.130     0.639797      124.674  28.13     0.661401        1.497     0.176983     3.386667     0.306667   0   0 
 21 308   0.645609      232.155      198.990     0.648340      129.949  29.32     0.662780        1.855     0.463008     3.773333     0.386667   0   0 
 22 308   0.633461      237.173      234.968     0.652205      132.399  29.87     0.664007        0.403     0.123542     4.053333     0.280000   0   0 
 23 308   0.613352      260.550      274.950     0.663920      146.388  33.03     0.672060        6.383     0.121572     4.426667     0.373333   0   0 
 24 308   0.515568      263.903      304.650     0.669299      154.315  34.82     0.675009        5.472     0.133015     4.960000     0.533333   0   0 
 25 308   0.532096      264.645      328.298     0.679590      162.161  36.59     0.682155        0.522     0.119537     5.306667     0.346667   0   0 
 26 308   0.479933      264.623      327.780     0.680632      162.161  36.59     0.682155        5.081     0.013478     5.786667     0.480000   1   0 
 27 308   0.480103      267.863      274.658     0.680592      166.164  37.49     0.679118        0.288     0.110717     6.200000     0.413333   0   0 
 28 308   0.479897      272.363      271.665     0.680769      166.164  37.49     0.679118        6.356     0.010855     6.493333     0.293333   1   0 
 29 308   0.562378      272.858      274.005     0.683845      168.510  38.02     0.681133        3.895     0.016012     6.840000     0.346667   1   0 
 30 308   0.480769      289.103      222.885     0.677568      173.046  39.04     0.679624        5.326     0.025081     7.626667     0.786667   1   0 
 31 308   0.478113      289.485      221.040     0.678028      173.046  39.04     0.679624        0.000     0.000000     8.440000     0.813333   0   1 
 32 308   0.552141      354.983      194.850     0.653522      193.059  43.56     0.674439        4.580     0.021448     9.493333     1.053333   0   1 
 33 308   0.452741      357.908      189.090     0.657394      198.089  44.69     0.674045        0.044     0.530283    10.626667     1.133333   0   1 
 34 308   0.531502      368.213      189.675     0.659831      206.677  46.63     0.674437        3.464     0.013368    11.666667     1.040000   0   1 
 35 308   0.488129      377.168      142.335     0.670761      220.865  49.83     0.676365        3.135     0.279662    14.040000     2.373333   0   1 
 36 308   0.397998      401.130      124.560     0.666089      233.092  52.59     0.672218        2.288     0.171832    15.773333     1.733333   0   1 
 37 308   0.398650      430.605      101.835     0.688058      253.408  57.18     0.685231        1.442     0.512564    18.920000     3.146667   0   1 
 38 308   0.263728      443.925       86.400     0.691594      264.573  59.70     0.681236        2.709     0.356558    21.213333     2.293333   0   1 
 39 308   0.331065      446.648       83.610     0.693581      268.686  60.62     0.680456        5.141     0.503528    22.600000     1.386667   0   1 
 40 308   0.293379      449.370       81.225     0.694408      271.937  61.36     0.679657        4.357     0.344955    23.773333     1.173333   0   1 
 41 308   0.316378      450.315       80.100     0.696951      274.464  61.93     0.680472        1.657     0.015913    25.933333     2.160000   0   1 
 42 308   0.137256      457.830       68.040     0.707509      278.910  62.93     0.684037        4.728     0.179244    27.120000     1.186667   0   1 
 43 308   0.168254      459.315       66.645     0.708169      281.952  63.62     0.684245        2.706     0.368881    29.266667     2.146667   0   1 
 44 308   0.130485      459.833       65.835     0.708529      283.243  63.91     0.684408        0.490     0.533891    31.320000     2.053333   0   1 
 45 308   0.190386      465.705       41.243     0.721307      297.374  67.10     0.686567        1.025     0.301843    33.120000     1.800000   0   1 
 46 308   0.205119      468.180       41.715     0.726072      303.752  68.54     0.689217        6.142     0.013259    34.453333     1.333333   0   1 
 47 308   0.048718      471.645       36.023     0.728400      310.866  70.14     0.687858        1.487     0.111859    35.653333     1.200000   0   1 
 48 308   0.109676      471.870       34.808     0.730329      312.724  70.56     0.689338        4.331     0.113540    36.893333     1.240000   0   1 
 49 308   0.040089      474.638       33.210     0.733683      317.563  71.65     0.690195        5.219     0.290013    40.026667     3.133333   0   1 
 50 308   0.038720      475.043       32.265     0.734128      319.476  72.08     0.689956        3.804     0.515685    42.320000     2.293333   0   1 
 51 308   0.010717      475.133       31.928     0.734682      320.083  72.22     0.690048       13.729     0.178005    42.720000     0.400000   0   1 
 52 308   0.025571      475.965       28.260     0.741876      325.864  73.52     0.694486        2.292     0.520850    43.480000     0.760000   0   1 
 53 308   0.012372      477.045       25.695     0.743040      333.237  75.19     0.693615       16.476     0.312653    47.426667     3.946667   0   1 
 54 308   0.021661      477.675       24.345     0.749954      338.755  76.43     0.699305        0.547     0.256791    50.386667     2.960000   0   1 
 55 308   0.010670      477.833       23.828     0.751343      341.372  77.02     0.702235        0.710     0.410057    53.680000     3.293333   0   1 
 56 308   0.018892      477.833       23.828     0.753260      342.651  77.31     0.704444        1.191     0.178293    55.173333     1.493333   0   1 
 57 308   0.024020      477.878       23.783     0.753290      342.854  77.36     0.704675        0.195     0.007500    56.800000     1.626667   0   1 
 58 308   0.019728      477.945       22.973     0.754540      344.360  77.70     0.705688       17.428     0.009279    58.733333     1.933333   1   1 
 59 308   0.005396      478.080       22.928     0.754973      345.131  77.87     0.706002       16.280     0.631912    61.853333     3.120000   0   1 
 60 308   0.037509      478.125       22.815     0.755773      346.078  78.09     0.706156        4.406     0.156630    63.306667     1.453333   0   1 
 61 308   0.012494      478.148       22.748     0.757289      347.135  78.32     0.707371        2.346     0.601310    66.000000     2.693333   0   1 
 62 308   0.017626      478.868       22.748     0.761568      351.410  79.29     0.712730        3.567     0.001423    68.026667     2.026667   1   1 
 63 308   0.084886      480.330       21.668     0.762689      353.962  79.86     0.713429        1.712     0.181877    69.800000     1.773333   0   1 
 64 308   0.005064      481.095       20.948     0.768429      359.603  81.14     0.718610        4.346     0.179509    72.946667     3.146667   0   1 
 65 308   0.003422      482.153       21.510     0.773422      361.713  81.61     0.722995        3.610     0.153516    74.920000     1.973333   0   1 
 66 308   0.014779      482.738       21.915     0.773637      361.932  81.66     0.723287        3.030     0.150816    76.520000     1.600000   0   1 
 67 308   0.017390      483.255       21.803     0.773854      362.352  81.76     0.723815        0.259     0.146913    78.720000     2.200000   0   1 
 68 308   0.017753      483.705       21.803     0.774177      362.352  81.76     0.723815        3.275     0.003904    81.066667     2.346667   1   1 
 69 308   0.015703      483.998       21.938     0.774354      362.517  81.79     0.724151        3.569     0.011521    82.826667     1.760000   0   1 
 70 308   0.015367      483.998       21.938     0.774468      362.697  81.83     0.724455        0.381     0.009584    84.573333     1.746667   0   1 
 71 308   0.015528      483.818       21.938     0.774641      362.697  81.83     0.724455        3.369     0.001937    86.600000     2.026667   1   1 
 72 308   0.046000      485.865       19.643     0.775867      366.018  82.58     0.724516        3.491     0.138451    87.266667     0.666667   0   1 
 73 308   0.004830      485.865       19.643     0.776137      366.425  82.68     0.725054        5.604     0.116612    88.933333     1.666667   0   1 
 74 308   0.005748      485.730       19.328     0.777314      367.861  83.00     0.725513        5.604     0.006688    90.986667     2.053333   1   1 
 75 308   0.007802      485.775       19.463     0.777460      367.994  83.03     0.725852        6.779     0.112379    94.186667     3.200000   0   1 
 76 308   0.015322      485.910       19.463     0.777492      368.075  83.05     0.725905        0.489     0.011875    96.933333     2.746667   0   1 
 77 308   0.015528      486.068       19.440     0.780255      371.022  83.71     0.727271        6.797     0.009421    99.013333     2.080000   1   1 
 78 308   0.003200      486.360       18.743     0.781174      372.559  84.06     0.727825        0.217     0.116971   100.146667     1.133333   0   1 
 79 308   0.120726      486.315       18.293     0.781652      373.373  84.24     0.728075       11.682     0.358753   100.773333     0.626667   0   1 
 80 308   0.002779      486.360       18.293     0.781803      373.793  84.34     0.728695       16.166     0.298726   103.706667     2.933333   0   1 
 81 308   0.010527      486.383       18.270     0.781881      373.936  84.37     0.729069        1.244     0.125673   105.786667     2.080000   0   1 
 82 308   0.011006      486.248       18.180     0.782076      374.728  84.55     0.728811       17.218     0.014298   108.120000     2.333333   1   1 
 83 308   0.003077      486.338       18.180     0.782537      374.972  84.60     0.729819       16.282     0.445636   111.120000     3.000000   0   1 
 84 308   0.013323      486.338       18.180     0.782800      374.984  84.61     0.730139        1.547     0.156656   113.040000     1.920000   0   1 
 85 308   0.014155      486.383       18.180     0.782863      375.041  84.62     0.730254        0.031     0.160010   115.213333     2.173333   0   1 
 86 308   0.015891      486.158       18.180     0.782872      375.099  84.63     0.730424        0.190     0.001407   117.040000     1.826667   0   1 
 87 308   0.015973      486.923       17.460     0.784724      377.978  85.28     0.730406       17.515     0.004325   119.013333     1.973333   1   1 
 88 308   0.023529      486.968       17.460     0.784947      378.088  85.31     0.730596        0.687     0.113637   119.386667     0.373333   0   1 
 89 308   0.025656      489.240       16.965     0.787232      380.878  85.94     0.732651        2.767     0.142396   119.986667     0.600000   0   1 
 90 308   0.013714      488.970       17.010     0.787897      382.278  86.25     0.734027        2.459     0.012200   120.733333     0.746667   0   1 
 91 308   0.038803      488.745       17.010     0.788107      382.485  86.30     0.734346        0.848     0.005412   121.333333     0.600000   0   1 
 92 308   0.045865      488.745       17.010     0.788195      382.513  86.31     0.734393        0.331     0.000339   121.800000     0.466667   0   1 
 93 308   0.046279      488.070       16.965     0.788619      383.292  86.48     0.734283       11.118     0.015544   122.240000     0.440000   1   1 
 94 308   0.010881      488.070       16.965     0.788639      383.293  86.48     0.734318        6.698     0.338111   124.240000     2.000000   0   1 
 95 308   0.014564      488.160       16.965     0.788942      384.177  86.68     0.734852        6.698     0.004777   125.613333     1.373333   1   1 
 96 308   0.003978      487.845       16.830     0.790634      385.477  86.97     0.735179       10.877     0.326854   126.013333     0.400000   0   1 
 97 308   0.003709      488.813       18.203     0.790675      385.617  87.01     0.735311       16.146     0.188163   129.146667     3.133333   0   1 
 98 308   0.008176      488.835       18.315     0.790829      385.656  87.02     0.735441        1.102     0.096762   131.626667     2.480000   0   1 
 99 308   0.008478      488.835       18.315     0.791791      387.118  87.34     0.735078       16.281     0.020147   133.453333     1.826667   1   1 
100 308   0.010688      491.265       23.715     0.792685      387.156  87.35     0.735096       16.975     0.135752   135.586667     2.133333   0   1 
