#scene........................: /home/eldamian/nbvEverardo/models/laboratory.wrl
#triangles....................: 361767
#Total triangles' area........: 443.205414 (m2)
#sensor aperture..............: 135.000000 x 70.000000 (deg)
#range image size.............: 350 x 80
#sensor blind distances.......: 0.500000 .. 30.000000 (m)
#sensor blind angle...........: 80.000000
#sensor Gaussian noise std dev: 0.012000 (m)
#views number.................: 100 
#optimization method..........: Simulated Annealing
#view iterations fitness vxl_occupied(m2) occplane(m2) vxl_quality tri_imaged(m2) tri_imaged(%) tri_quality travelled(m) energy total_time single_time backstep change
  0   0  -0.000000       18.338        0.000     0.641809       15.030   3.39     0.643016        0.000     0.000000     0.000000     0.000000   0   0 
  1 300   0.718363       27.473        0.000     0.628786       22.845   5.15     0.633184        0.000     0.077427     0.200000     0.200000   0   0 
  2 300   0.704929       90.900       66.263     0.553296       36.798   8.30     0.589276        0.000     0.166667     0.480000     0.280000   0   0 
  3 300   0.591006      110.993       72.293     0.608082       56.335  12.71     0.638977        5.246     0.297338     0.573333     0.093333   0   0 
  4 300   0.617837      122.310       65.160     0.632414       68.204  15.39     0.653515        0.756     0.270791     0.773333     0.200000   0   0 
  5 300   0.757660      160.290       76.185     0.628002       86.336  19.48     0.660090        0.231     0.348372     1.013333     0.240000   0   0 
  6 300   0.624872      158.828       75.263     0.633464       90.003  20.31     0.657079        1.417     0.677889     1.413333     0.400000   0   0 
  7 300   0.701318      160.448       73.283     0.636687       94.256  21.27     0.651030        4.512     0.017272     1.826667     0.413333   0   0 
  8 300   0.660841      173.048       82.665     0.667774      109.299  24.66     0.677482        1.587     0.277340     1.973333     0.146667   0   0 
  9 300   0.526692      217.733      260.168     0.638757      116.864  26.37     0.671584        4.188     0.196385     2.466667     0.493333   0   0 
 10 300   0.639882      227.093      262.958     0.636427      123.177  27.79     0.666243        4.424     0.196617     2.946667     0.480000   0   0 
 11 300   0.565937      231.053      261.563     0.641066      129.624  29.25     0.669487        1.220     0.447745     3.440000     0.493333   0   0 
 12 300   0.658715      235.103      259.538     0.643550      135.130  30.49     0.668874        9.131     0.131723     3.706667     0.266667   0   0 
 13 300   0.534894      284.108      168.345     0.649165      150.798  34.02     0.672491        2.101     0.469286     3.946667     0.240000   0   0 
 14 300   0.760440      313.560      153.068     0.650856      173.321  39.11     0.673873        5.240     0.220554     5.240000     1.293333   0   0 
 15 300   0.879870      322.200      153.383     0.649181      181.952  41.05     0.669907        1.665     0.209774     7.053333     1.813333   0   0 
 16 300   0.921528      337.995      145.845     0.654952      195.003  44.00     0.671921        0.690     0.280656     8.880000     1.826667   0   0 
 17 300   0.866852      341.775      143.955     0.656912      200.011  45.13     0.670475        2.457     0.137334    11.173333     2.293333   0   0 
 18 300   0.712940      359.865      133.470     0.659948      213.311  48.13     0.669802        1.237     0.211374    13.146667     1.973333   0   0 
 19 300   0.568102      388.418      104.648     0.679429      231.379  52.21     0.675688        3.297     0.113202    15.120000     1.973333   0   0 
 20 300   0.546563      402.570       96.165     0.688004      244.535  55.17     0.678326        1.522     0.486604    17.720000     2.600000   0   0 
 21 300   0.662879      410.063      115.785     0.687036      250.839  56.60     0.679401        3.623     0.341266    20.773333     3.053333   0   0 
 22 300   0.799006      410.355      114.908     0.689238      253.685  57.24     0.678641        2.423     0.171995    23.200000     2.426667   0   0 
 23 300   0.605182      419.153      113.625     0.693193      260.195  58.71     0.679710        1.980     0.271178    25.733333     2.533333   0   0 
 24 300   0.495021      420.885      109.665     0.696286      266.003  60.02     0.680278        4.523     0.359576    28.226667     2.493333   0   0 
 25 300   0.587235      443.048       75.780     0.706511      278.937  62.94     0.686586        4.310     0.355705    30.706667     2.480000   0   0 
 26 300   0.523245      442.710       74.678     0.707469      284.455  64.18     0.685203        4.624     0.370222    33.666667     2.960000   0   0 
 27 300   0.480769      442.958       74.295     0.707845      286.209  64.58     0.684968        4.624     0.016204    36.400000     2.733333   1   0 
 28 300   0.480761      443.318       74.250     0.707976      286.209  64.58     0.684968        4.310     0.001687    37.826667     1.426667   1   0 
 29 300   0.480761      443.318       74.250     0.708305      286.301  64.60     0.685333        4.523     0.026242    40.013333     2.186667   1   0 
 30 300   0.480769      443.903       68.648     0.714343      292.086  65.90     0.688767        5.204     0.143973    42.560000     2.546667   1   0 
 31 300   0.480015      443.993       68.648     0.714989      292.770  66.06     0.689707        3.857     0.149992    44.800000     2.240000   1   0 
 32 300   0.480769      444.105       68.333     0.715557      294.492  66.45     0.690288        3.694     0.003386    47.240000     2.440000   1   0 
 33 300   0.480197      444.420       68.198     0.718591      295.648  66.71     0.692290        6.385     0.014844    49.200000     1.960000   1   0 
 34 300   0.480769      446.153       55.710     0.720257      298.015  67.24     0.692701        7.035     0.016455    50.693333     1.493333   1   0 
 35 300   0.531247      450.990       46.755     0.725976      306.969  69.26     0.695913        3.024     0.202367    51.160000     0.466667   0   0 
 36 300   0.479168      451.643       45.023     0.728515      309.930  69.93     0.697657        3.024     0.015016    51.586667     0.426667   1   0 
 37 300   0.480363      453.443       44.685     0.731910      312.734  70.56     0.701461        3.246     0.013754    51.973333     0.386667   1   0 
 38 300   0.480575      453.870       44.640     0.732604      314.543  70.97     0.702387        4.188     0.009034    52.413333     0.440000   1   0 
 39 300   0.480023      455.400       42.795     0.733740      318.229  71.80     0.703361        3.569     0.016523    52.746667     0.333333   1   0 
 40 300   0.479182      457.808       38.633     0.738376      322.469  72.76     0.705768        5.683     0.141740    53.213333     0.466667   1   0 
 41 300   0.419407      457.650       37.665     0.739076      323.684  73.03     0.705673        3.205     0.249444    55.866667     2.653333   0   0 
 42 300   0.482749      461.655       34.358     0.745543      330.017  74.46     0.707897        5.796     0.189104    58.573333     2.706667   0   0 
 43 300   0.480744      461.475       34.358     0.748971      333.306  75.20     0.713302        5.796     0.001753    61.560000     2.986667   1   0 
 44 300   0.480575      461.363       34.358     0.749510      334.444  75.46     0.713660        3.205     0.139519    63.960000     2.400000   1   0 
 45 300   0.404882      461.835       33.975     0.750591      336.323  75.88     0.714221        5.618     0.097618    65.826667     1.866667   0   0 
 46 300   0.480642      461.790       33.975     0.750651      336.323  75.88     0.714221        5.618     0.097618    69.160000     3.333333   1   0 
 47 300   0.427965      461.948       33.143     0.751804      337.264  76.10     0.715811        2.005     0.296363    72.040000     2.880000   0   0 
 48 300   0.480655      461.723       33.098     0.751960      337.264  76.10     0.715811        0.000     0.000000    74.266667     2.226667   0   1 
 49 300   0.013284      466.043       28.305     0.753112      340.305  76.78     0.717870        8.255     0.176818    74.680000     0.413333   0   1 
 50 300   0.120616      468.000       26.820     0.755841      343.529  77.51     0.718457        3.502     0.133722    75.053333     0.373333   0   1 
 51 300   0.038668      471.308       23.423     0.759311      348.290  78.58     0.719060        0.369     0.281747    75.386667     0.333333   0   1 
 52 300   0.019087      471.803       22.950     0.761623      351.026  79.20     0.720070        1.121     0.204928    76.013333     0.626667   0   1 
 53 300   0.031607      472.185       22.703     0.763315      353.463  79.75     0.719406        4.495     0.192578    76.373333     0.360000   0   1 
 54 300   0.014859      471.870       22.568     0.764087      354.473  79.98     0.719612        0.241     0.315138    76.720000     0.346667   0   1 
 55 300   0.007094      471.330       22.478     0.765607      356.071  80.34     0.719828        4.997     0.258273    76.960000     0.240000   0   1 
 56 300   0.005502      472.275       22.478     0.765774      356.599  80.46     0.719820        4.997     0.002366    77.226667     0.266667   1   1 
 57 300   0.005939      471.893       22.320     0.766906      357.524  80.67     0.720266        9.581     0.007360    77.826667     0.600000   0   1 
 58 300   0.008281      473.265       22.050     0.768910      360.285  81.29     0.721175        4.362     0.251405    80.400000     2.573333   0   1 
 59 300   0.107620      473.783       21.533     0.771020      361.709  81.61     0.722029        3.196     0.601458    83.773333     3.373333   0   1 
 60 300   0.011827      475.718       16.493     0.777618      370.209  83.53     0.727953        2.978     0.581338    86.080000     2.306667   0   1 
 61 300   0.009611      475.718       15.413     0.784563      375.900  84.81     0.733157        2.462     0.232755    89.293333     3.213333   0   1 
 62 300   0.017448      475.673       15.098     0.785818      377.167  85.10     0.733407        1.544     0.345617    92.106667     2.813333   0   1 
 63 300   0.008226      475.673       15.098     0.786169      377.869  85.26     0.734124        1.689     0.380156    94.746667     2.640000   0   1 
 64 300   0.012367      475.920       14.490     0.786616      378.717  85.45     0.734389        1.850     0.366435    97.360000     2.613333   0   1 
 65 300   0.004734      476.370       14.445     0.787338      380.325  85.81     0.734286        2.564     0.670562   100.600000     3.240000   0   1 
 66 300   0.004380      476.393       14.468     0.790165      381.147  86.00     0.736741        1.622     0.745496   103.253333     2.653333   0   1 
 67 300   0.007175      476.393       14.468     0.790821      381.371  86.05     0.737068        3.412     0.250625   105.013333     1.760000   1   1 
 68 300   0.005049      476.730       14.580     0.790821      381.638  86.11     0.737173        2.876     0.292192   107.426667     2.413333   0   1 
 69 300   0.007494      476.730       14.580     0.791232      381.736  86.13     0.737721        0.273     0.138514   110.386667     2.960000   0   1 
 70 300   0.007643      477.023       14.378     0.792760      382.460  86.29     0.739191        3.141     0.153678   112.720000     2.333333   1   1 
 71 300   0.003151      477.383       14.288     0.793778      383.378  86.50     0.739951        2.975     0.400300   115.653333     2.933333   0   1 
 72 300   0.003849      476.708       14.288     0.794068      384.003  86.64     0.740239        3.720     0.196230   117.453333     1.800000   1   1 
 73 300   0.006578      476.775       14.265     0.794334      384.188  86.68     0.740718        6.123     0.170975   120.640000     3.186667   0   1 
 74 300   0.049247      478.958       13.523     0.795413      387.579  87.45     0.740372        6.222     0.337893   123.426667     2.786667   0   1 
 75 300   0.008850      478.958       13.343     0.796916      388.040  87.55     0.741741        0.164     0.282910   125.960000     2.533333   0   1 
 76 300   0.004647      478.980       13.410     0.797274      388.342  87.62     0.742079        5.887     0.196885   128.466667     2.506667   0   1 
 77 300   0.005896      478.980       13.410     0.797842      388.521  87.66     0.743064        0.632     0.410749   130.906667     2.440000   0   1 
 78 300   0.006725      478.980       13.410     0.797867      388.521  87.66     0.743064        5.288     0.232932   133.440000     2.533333   1   1 
 79 300   0.004398      478.980       13.410     0.798009      388.600  87.68     0.743855        5.535     0.119137   135.960000     2.520000   0   1 
 80 300   0.008888      478.598       13.298     0.798484      389.047  87.78     0.744521        1.829     0.191141   138.933333     2.973333   0   1 
 81 300   0.009581      479.025       12.960     0.802052      391.556  88.35     0.746738        5.984     0.013003   140.986667     2.053333   1   1 
 82 300   0.003415      479.070       12.960     0.802061      391.728  88.39     0.746753        5.968     0.357131   143.346667     2.360000   0   1 
 83 300   0.007305      479.070       12.960     0.802086      391.749  88.39     0.746904        1.005     0.047616   145.813333     2.466667   0   1 
 84 300   0.007520      479.070       12.960     0.802376      392.718  88.61     0.748005        5.371     0.142848   149.200000     3.386667   1   1 
 85 300   0.004665      479.205       12.915     0.802912      392.739  88.61     0.748799        7.141     0.148405   151.213333     2.013333   0   1 
 86 300   0.004158      479.295       12.915     0.803999      393.601  88.81     0.750275        7.141     0.002423   154.080000     2.866667   1   1 
 87 300   0.001759      479.408       12.668     0.804092      393.886  88.87     0.750285        6.736     0.382032   156.453333     2.373333   0   1 
 88 300   0.002069      479.340       12.668     0.805819      394.378  88.98     0.751989        1.349     0.603249   159.293333     2.840000   0   1 
 89 300   0.005468      479.700       11.813     0.807060      396.451  89.45     0.752308        6.456     0.508400   161.986667     2.693333   0   1 
 90 300   0.001410      479.520       11.813     0.807251      396.737  89.52     0.752311        5.576     0.484230   164.173333     2.186667   0   1 
 91 300   0.002010      479.385       11.858     0.807828      397.139  89.61     0.753104        5.576     0.061656   166.586667     2.413333   1   1 
 92 300   0.003862      479.655       12.173     0.807869      397.150  89.61     0.753187        6.871     0.207096   169.360000     2.773333   0   1 
 93 300   0.004904      479.655       12.173     0.807956      397.264  89.63     0.753435        6.871     0.019745   172.026667     2.666667   1   1 
 94 300   0.002107      479.655       12.173     0.808150      397.388  89.66     0.753481        6.852     0.213950   173.840000     1.813333   0   1 
 95 300   0.003266      479.700       12.173     0.808525      397.611  89.71     0.753958        0.902     0.314485   176.800000     2.960000   0   1 
 96 300   0.003576      479.835       12.263     0.808613      397.611  89.71     0.753958        6.093     0.287886   179.146667     2.346667   1   1 
 97 300   0.002364      479.858       12.330     0.808777      397.793  89.75     0.754085        6.190     0.172831   180.506667     1.360000   0   1 
 98 300   0.003105      479.768       12.330     0.808939      397.878  89.77     0.754233        0.467     0.006132   182.933333     2.426667   0   1 
 99 300   0.004054      479.318       12.330     0.809092      397.922  89.78     0.754394        1.100     0.023276   185.600000     2.666667   0   1 
100 300   0.004179      479.340       12.308     0.809118      397.922  89.78     0.754394        6.913     0.202239   189.053333     3.453333   1   1 
