#scene........................: /home/eldamian/nbvEverardo/models/laboratory.wrl
#triangles....................: 361767
#Total triangles' area........: 443.205414 (m2)
#sensor aperture..............: 135.000000 x 70.000000 (deg)
#range image size.............: 350 x 80
#sensor blind distances.......: 0.500000 .. 30.000000 (m)
#sensor blind angle...........: 80.000000
#sensor Gaussian noise std dev: 0.012000 (m)
#views number.................: 100 
#optimization method..........: Evolution Strategy
#view iterations fitness vxl_occupied(m2) occplane(m2) vxl_quality tri_imaged(m2) tri_imaged(%) tri_quality travelled(m) energy total_time single_time backstep change
  0   0  -0.000000       18.338        0.000     0.641809       15.030   3.39     0.643016        0.000     0.000000     0.000000     0.000000   0   0 
  1 308   0.721087       27.473        0.000     0.628786       22.845   5.15     0.633184        0.000     0.077427     0.266667     0.266667   0   0 
  2 308   0.467016       47.970        9.743     0.653144       26.022   5.87     0.637934        1.218     0.242428     0.293333     0.026667   0   0 
  3 308   0.477844       48.375        9.743     0.652317       26.022   5.87     0.637934        0.000     0.000000     0.320000     0.026667   0   0 
  4 308   0.477902       48.420        9.698     0.652262       26.022   5.87     0.637934        0.000     0.000000     0.386667     0.066667   0   0 
  5 308   0.477908       48.488        9.585     0.651891       26.022   5.87     0.637934        0.000     0.000000     0.413333     0.026667   0   0 
  6 308   0.477908       48.488        9.563     0.652387       26.022   5.87     0.637934        0.000     0.000000     0.440000     0.026667   0   0 
  7 308   0.562541       50.918        9.563     0.648921       28.517   6.43     0.628378        0.024     0.150498     0.480000     0.040000   0   0 
  8 308   0.480675       50.940        9.563     0.649083       28.517   6.43     0.628378        0.000     0.000000     0.560000     0.080000   0   0 
  9 308   0.480675       51.053        9.563     0.649047       28.517   6.43     0.628378        0.000     0.000000     0.613333     0.053333   0   0 
 10 308   0.681909       77.490       34.493     0.629672       39.260   8.86     0.626733        0.598     0.479712     0.693333     0.080000   0   0 
 11 308   0.477525       77.220       34.515     0.632809       39.260   8.86     0.626733        0.000     0.000000     0.733333     0.040000   0   0 
 12 308   0.617019      111.353      114.345     0.601770       47.278  10.67     0.630041        0.260     0.112874     0.800000     0.066667   0   0 
 13 308   0.711155      150.165      130.118     0.606986       62.203  14.03     0.645323        0.179     0.217239     0.853333     0.053333   0   0 
 14 308   0.491152      168.840      151.448     0.591942       71.282  16.08     0.638731        0.175     0.111785     1.026667     0.173333   0   0 
 15 308   0.576251      198.518      141.930     0.607252       88.021  19.86     0.643348        3.573     0.021142     1.613333     0.586667   0   0 
 16 308   0.837595      215.348      133.110     0.602429      102.945  23.23     0.640921        1.248     0.179043     2.173333     0.560000   0   0 
 17 308   0.628538      224.415      122.378     0.611626      110.347  24.90     0.643647        2.983     0.179032     2.720000     0.546667   0   0 
 18 308   0.579256      232.313      119.633     0.614871      117.018  26.40     0.639766        2.825     0.118186     3.226667     0.506667   0   0 
 19 308   0.498213      236.115      114.188     0.629690      127.252  28.71     0.651007        1.751     0.136346     3.906667     0.680000   0   0 
 20 308   0.478872      238.253      110.003     0.644048      137.167  30.95     0.657023        4.357     0.001634     4.280000     0.373333   1   0 
 21 308   0.514175      237.960      109.350     0.647457      141.799  31.99     0.651506        0.133     0.142256     4.786667     0.506667   0   0 
 22 308   0.480684      237.780      109.305     0.648050      142.364  32.12     0.651119        3.569     0.020412     5.200000     0.413333   1   0 
 23 308   0.480769      237.870      109.305     0.648152      142.364  32.12     0.651119        0.000     0.000000     5.426667     0.226667   0   0 
 24 308   0.480769      237.780      109.305     0.648209      142.364  32.12     0.651119        0.000     0.000000     5.706667     0.280000   0   0 
 25 308   0.524032      264.353      144.090     0.646469      150.555  33.97     0.654789        3.051     0.138156     5.853333     0.146667   0   0 
 26 308   0.710126      278.753      143.033     0.645186      160.878  36.30     0.654804        3.158     0.013083     6.146667     0.293333   0   0 
 27 308   0.698910      290.453      150.818     0.654330      169.577  38.26     0.661610        0.426     0.255879     6.373333     0.226667   0   0 
 28 308   0.689765      309.668      160.988     0.653033      179.152  40.42     0.661137        1.063     0.004463     6.693333     0.320000   0   0 
 29 308   0.860935      355.095      152.663     0.671990      201.574  45.48     0.672707        1.062     0.451766     7.226667     0.533333   0   0 
 30 308   0.806270      372.510      144.585     0.684065      214.941  48.50     0.677677        1.866     0.341015     8.693333     1.466667   0   0 
 31 308   0.886354      385.718      126.495     0.688500      224.873  50.74     0.681484        0.859     0.427595    11.106667     2.413333   0   0 
 32 308   0.931812      392.873      113.760     0.692994      238.946  53.91     0.684038        0.419     0.694031    13.333333     2.226667   0   0 
 33 308   0.718429      410.355      111.488     0.694078      252.299  56.93     0.684068        0.161     0.282943    16.080000     2.746667   0   0 
 34 308   0.797810      416.880       96.435     0.696822      261.079  58.91     0.685517        1.440     0.650075    19.106667     3.026667   0   0 
 35 308   0.548147      422.933       80.190     0.700591      267.385  60.33     0.687319        0.441     0.149954    22.040000     2.933333   0   0 
 36 308   0.541357      428.018       80.888     0.709509      276.843  62.46     0.690046        1.180     0.545613    25.266667     3.226667   0   0 
 37 308   0.533936      430.088       80.438     0.711292      280.749  63.35     0.689323        1.410     0.025909    27.280000     2.013333   0   0 
 38 308   0.479121      432.473       77.558     0.714603      286.748  64.70     0.692786        3.642     0.001964    29.480000     2.200000   1   0 
 39 308   0.480248      432.473       77.558     0.714822      286.760  64.70     0.692989        4.364     0.026026    31.186667     1.706667   1   0 
 40 308   0.480769      432.473       77.558     0.714948      286.818  64.71     0.693032        3.051     0.028231    32.293333     1.106667   1   0 
 41 308   0.505652      440.145       73.395     0.718594      295.441  66.66     0.692708        3.807     0.132417    33.360000     1.066667   0   0 
 42 308   0.531982      442.260       71.393     0.722761      298.465  67.34     0.696365        0.737     0.121523    34.053333     0.693333   0   0 
 43 308   0.486561      443.048       69.953     0.723414      299.313  67.53     0.697032        0.347     0.034951    34.893333     0.840000   0   0 
 44 308   0.478889      443.048       69.953     0.723433      299.313  67.53     0.697032        4.868     0.000861    35.626667     0.733333   1   0 
 45 308   0.480769      443.048       69.953     0.723437      299.313  67.53     0.697032        0.000     0.000000    36.400000     0.773333   0   1 
 46 308   0.031146      444.285       68.715     0.725838      301.559  68.04     0.699672        6.067     0.267298    36.880000     0.480000   0   1 
 47 308   0.100117      445.995       65.160     0.732264      308.090  69.51     0.705072        2.811     0.335473    37.800000     0.920000   0   1 
 48 308   0.165664      446.603       64.440     0.733141      308.956  69.71     0.705419        0.972     0.424951    38.373333     0.573333   0   1 
 49 308   0.057032      446.963       64.260     0.734851      310.949  70.16     0.705508        4.716     0.430720    38.893333     0.520000   0   1 
 50 308   0.003908      447.188       63.428     0.736930      313.285  70.69     0.705892        2.966     0.437291    39.533333     0.640000   0   1 
 51 308   0.055175      448.133       62.865     0.739095      315.063  71.09     0.706434        4.781     0.123749    39.866667     0.333333   0   1 
 52 308   0.036346      449.505       62.055     0.744383      318.303  71.82     0.710203        2.821     0.277948    40.373333     0.506667   0   1 
 53 308   0.041490      449.483       63.158     0.746357      319.473  72.08     0.711121        3.662     0.013128    41.093333     0.720000   1   1 
 54 308   0.083448      449.618       62.753     0.747486      320.663  72.35     0.711748        0.281     0.086927    41.453333     0.360000   0   1 
 55 308   0.020916      449.550       62.730     0.748365      321.282  72.49     0.711887        0.697     0.078474    42.186667     0.733333   0   1 
 56 308   0.022316      449.730       62.325     0.749548      322.375  72.74     0.712501        5.568     0.002938    42.920000     0.733333   1   1 
 57 308   0.014234      453.713       52.088     0.750784      325.674  73.48     0.712990        5.591     0.505035    44.720000     1.800000   0   1 
 58 308   0.203419      456.188       50.265     0.754224      330.784  74.63     0.712867        2.628     0.203613    45.573333     0.853333   0   1 
 59 308   0.350868      461.768       37.890     0.756317      336.283  75.88     0.712954        1.540     0.203182    47.973333     2.400000   0   1 
 60 308   0.120145      462.060       37.283     0.757627      338.650  76.41     0.712845        5.120     0.180808    49.706667     1.733333   0   1 
 61 308   0.012933      462.848       34.200     0.764128      344.566  77.74     0.720439        2.290     0.881482    54.453333     4.746667   0   1 
 62 308   0.046104      464.198       28.463     0.765866      348.325  78.59     0.719490        2.661     0.736244    56.480000     2.026667   0   1 
 63 308   0.078294      465.908       26.955     0.766866      351.746  79.36     0.720018        5.794     0.358318    58.600000     2.120000   0   1 
 64 308   0.015937      466.628       26.078     0.767524      355.146  80.13     0.719660        1.121     0.099986    61.560000     2.960000   0   1 
 65 308   0.046828      469.620       26.100     0.769494      358.259  80.83     0.720489        6.959     0.178861    62.920000     1.360000   0   1 
 66 308   0.030884      470.633       21.263     0.773137      361.848  81.64     0.722643        0.625     0.124881    63.773333     0.853333   0   1 
 67 308   0.004770      471.173       20.475     0.774032      363.546  82.03     0.723154        0.141     0.131937    64.466667     0.693333   0   1 
 68 308   0.004685      472.028       19.755     0.774791      366.042  82.59     0.724181        5.855     0.469066    67.293333     2.826667   0   1 
 69 308   0.006416      472.073       19.755     0.775253      367.242  82.86     0.724275        0.569     0.149295    70.613333     3.320000   0   1 
 70 308   0.011029      472.208       18.990     0.775481      368.337  83.11     0.724247        6.165     0.330896    71.080000     0.466667   0   1 
 71 308   0.008068      472.613       18.990     0.776138      368.944  83.24     0.724974        7.122     0.196880    72.920000     1.840000   0   1 
 72 308   0.018238      472.613       18.990     0.776434      369.671  83.41     0.725667        7.122     0.009529    75.253333     2.333333   1   1 
 73 308   0.001715      481.410       29.003     0.778188      370.995  83.71     0.727543        9.543     0.323483    76.133333     0.880000   0   1 
 74 308   0.032949      481.455       29.003     0.778390      371.178  83.75     0.727675        0.881     0.016534    76.680000     0.546667   0   1 
 75 308   0.035787      481.500       29.003     0.780870      373.391  84.25     0.730112       10.422     0.005701    77.346667     0.666667   1   1 
 76 308   0.003406      481.500       29.003     0.781172      374.221  84.44     0.730016        5.900     0.768143    80.533333     3.186667   0   1 
 77 308   0.008291      481.455       29.070     0.781513      374.880  84.58     0.730086        0.627     0.339051    83.160000     2.626667   0   1 
 78 308   0.008788      481.545       29.070     0.781638      375.363  84.69     0.730330        6.449     0.006518    85.786667     2.626667   1   1 
 79 308   0.006858      481.545       29.070     0.783740      376.509  84.95     0.732506        6.851     0.203871    87.800000     2.013333   0   1 
 80 308   0.017885      481.815       29.025     0.784104      377.068  85.08     0.733421        6.851     0.016520    89.240000     1.440000   1   1 
 81 308   0.004993      481.725       28.935     0.785190      377.943  85.27     0.733520        6.282     0.472539    90.573333     1.333333   0   1 
 82 308   0.005784      481.725       28.935     0.785262      378.363  85.37     0.733555        1.605     0.456653    93.600000     3.026667   0   1 
 83 308   0.007094      481.793       28.868     0.785458      378.557  85.41     0.733632        0.231     0.165171    96.800000     3.200000   0   1 
 84 308   0.007762      481.793       28.868     0.786589      378.823  85.47     0.734923        0.150     0.111118    99.346667     2.546667   0   1 
 85 308   0.007868      481.793       28.868     0.787103      378.968  85.51     0.735599        6.067     0.260403   101.760000     2.413333   1   1 
 86 308   0.002959      482.243       28.620     0.790395      380.575  85.87     0.738490        7.226     0.632804   105.400000     3.640000   0   1 
 87 308   0.006277      481.748       28.620     0.790497      380.629  85.88     0.738561        7.226     0.002196   106.973333     1.573333   1   1 
 88 308   0.002653      481.658       28.620     0.790656      381.124  85.99     0.738493        5.872     0.704805   109.960000     2.986667   0   1 
 89 308   0.006534      481.658       28.620     0.790708      381.351  86.04     0.738652        1.298     0.327295   111.800000     1.840000   0   1 
 90 308   0.011264      481.658       28.620     0.790816      381.417  86.06     0.738991        1.182     0.124179   113.400000     1.600000   0   1 
 91 308   0.014169      481.658       28.620     0.790859      381.425  86.06     0.739089        0.408     0.024522   115.693333     2.293333   0   1 
 92 308   0.014709      481.613       28.620     0.790875      381.425  86.06     0.739089        7.033     0.001411   117.440000     1.746667   1   1 
 93 308   0.001691      483.255       27.878     0.791934      382.388  86.28     0.740165        2.142     0.359749   118.893333     1.453333   0   1 
 94 308   0.002393      482.715       27.293     0.794726      384.558  86.77     0.742306        5.553     0.314306   121.920000     3.026667   0   1 
 95 308   0.005493      483.053       27.540     0.794732      384.604  86.78     0.742278        2.253     0.389785   124.453333     2.533333   0   1 
 96 308   0.007276      483.053       27.540     0.794738      384.631  86.78     0.742272        0.229     0.001354   126.826667     2.373333   0   1 
 97 308   0.007429      483.008       27.450     0.794776      384.956  86.86     0.742517        4.300     0.000594   129.146667     2.320000   1   1 
 98 308   0.003244      483.075       27.518     0.794968      385.101  86.89     0.743015        3.574     0.334275   132.866667     3.720000   0   1 
 99 308   0.004940      483.233       27.608     0.795167      385.446  86.97     0.743064        0.333     0.231569   136.000000     3.133333   0   1 
100 308   0.005092      483.503       27.608     0.795370      385.791  87.05     0.743172        3.898     0.180133   139.413333     3.413333   1   1 
