#scene........................: /home/eldamian/nbvEverardo/models/laboratory.wrl
#triangles....................: 361767
#Total triangles' area........: 443.205414 (m2)
#sensor aperture..............: 135.000000 x 70.000000 (deg)
#range image size.............: 350 x 80
#sensor blind distances.......: 0.500000 .. 30.000000 (m)
#sensor blind angle...........: 80.000000
#sensor Gaussian noise std dev: 0.012000 (m)
#views number.................: 100 
#optimization method..........: Evolution Strategy
#view iterations fitness vxl_occupied(m2) occplane(m2) vxl_quality tri_imaged(m2) tri_imaged(%) tri_quality travelled(m) energy total_time single_time backstep change
  0   0  -0.000000       18.338        0.000     0.641809       15.030   3.39     0.643016        0.000     0.000000     0.000000     0.000000   0   0 
  1 308   0.721087       27.473        0.000     0.628786       22.845   5.15     0.633184        0.000     0.077427     0.293333     0.293333   0   0 
  2 308   0.524509       47.970        9.743     0.653144       26.022   5.87     0.637934        1.218     0.242428     0.306667     0.013333   0   0 
  3 308   0.477844       48.375        9.743     0.652317       26.022   5.87     0.637934        0.000     0.000000     0.346667     0.040000   0   0 
  4 308   0.478149       51.480       10.283     0.648861       27.687   6.25     0.649913        0.384     0.008540     0.413333     0.066667   0   0 
  5 308   0.478974       52.785       10.283     0.642358       28.992   6.54     0.639785        0.713     0.168422     0.453333     0.040000   0   0 
  6 308   0.487833       53.798       10.283     0.642169       30.008   6.77     0.635561        0.471     0.009989     0.493333     0.040000   0   0 
  7 308   0.487745       55.373       10.283     0.634878       31.519   7.11     0.625422        0.036     0.340099     0.573333     0.080000   0   0 
  8 308   0.479782       55.373       10.283     0.635176       31.519   7.11     0.625422        0.000     0.000000     0.613333     0.040000   0   0 
  9 308   0.479782       55.373       10.283     0.635303       31.519   7.11     0.625422        0.000     0.000000     0.666667     0.053333   0   0 
 10 308   0.479782       55.440       10.283     0.635235       31.519   7.11     0.625422        0.000     0.000000     0.720000     0.053333   0   0 
 11 308   0.630895       76.860       33.840     0.636440       38.732   8.74     0.636107        0.239     0.164119     0.773333     0.053333   0   0 
 12 308   0.478013       77.063       33.953     0.638548       38.732   8.74     0.636107        0.000     0.000000     0.813333     0.040000   0   0 
 13 308   0.478001       76.815       33.885     0.638748       38.732   8.74     0.636107        0.000     0.000000     0.840000     0.026667   0   0 
 14 308   0.477964       76.433       33.795     0.640169       38.732   8.74     0.636107        0.000     0.000000     0.866667     0.026667   0   0 
 15 308   0.611120      111.083      108.225     0.604850       46.608  10.52     0.639123        0.392     0.114901     0.946667     0.080000   0   0 
 16 308   0.478968      113.333      117.968     0.609565       49.901  11.26     0.641176        0.422     0.138312     1.080000     0.133333   0   0 
 17 308   0.723178      150.863      134.618     0.610636       63.854  14.41     0.657424        0.527     0.162881     1.280000     0.200000   0   0 
 18 308   0.616826      171.360      125.775     0.608153       75.496  17.03     0.650414        1.913     0.129954     1.506667     0.226667   0   0 
 19 308   0.888044      188.820      106.943     0.620638       90.110  20.33     0.656849        2.786     0.007573     2.226667     0.720000   0   0 
 20 308   0.768211      192.218      104.535     0.623784       94.094  21.23     0.656704        4.457     0.203988     2.546667     0.320000   0   0 
 21 308   0.761825      200.475       99.563     0.630809      105.368  23.77     0.659887        5.046     0.120063     3.173333     0.626667   0   0 
 22 308   0.874619      218.790       98.595     0.638582      120.696  27.23     0.663015        1.693     0.263401     3.866667     0.693333   0   0 
 23 308   0.715613      218.925       97.538     0.644496      123.449  27.85     0.663949        0.812     0.347149     4.293333     0.426667   0   0 
 24 308   0.976956      234.968      155.295     0.650759      130.858  29.53     0.662694        4.350     0.446724     4.733333     0.440000   0   0 
 25 308   0.506186      237.825      209.453     0.665575      138.175  31.18     0.671379        3.914     0.016791     5.306667     0.573333   0   0 
 26 308   0.517330      273.870      218.835     0.646713      143.849  32.46     0.667745        4.752     0.014973     5.986667     0.680000   0   0 
 27 308   0.490410      274.253      218.205     0.651730      146.197  32.99     0.668935        5.385     0.280317     6.293333     0.306667   0   0 
 28 308   0.828568      276.593      241.155     0.657934      149.364  33.70     0.671066        3.496     0.194422     6.586667     0.293333   0   0 
 29 308   0.553307      287.685      220.365     0.654479      156.537  35.32     0.670952        5.449     0.303997     7.786667     1.200000   0   0 
 30 308   0.844013      304.673      206.865     0.670877      175.962  39.70     0.672768       10.818     0.417248     9.586667     1.800000   0   0 
 31 308   0.886265      339.818      218.543     0.664224      190.389  42.96     0.666711        0.723     0.300539    11.306667     1.720000   0   0 
 32 308   0.894395      350.190      218.970     0.663369      198.257  44.73     0.663839        1.552     0.089699    13.120000     1.813333   0   0 
 33 308   0.994087      359.370      212.198     0.661318      205.047  46.26     0.660854        2.051     0.469521    14.706667     1.586667   0   0 
 34 308   0.980219      372.690      194.063     0.662687      213.476  48.17     0.660402        1.438     0.169691    16.773333     2.066667   0   0 
 35 308   0.823717      403.920      127.913     0.668421      234.240  52.85     0.665817        1.121     0.818438    18.346667     1.573333   0   0 
 36 308   0.796732      413.955      116.460     0.672189      244.205  55.10     0.666543        3.685     0.299989    19.253333     0.906667   0   0 
 37 308   0.480769      414.090      116.460     0.677586      249.580  56.31     0.672828        9.425     0.513263    20.213333     0.960000   0   0 
 38 308   0.872164      417.195      112.860     0.677297      255.170  57.57     0.671412        9.762     0.683066    21.440000     1.226667   0   0 
 39 308   0.790971      444.443       93.038     0.691528      270.485  61.03     0.678831        4.398     0.508674    23.640000     2.200000   0   0 
 40 308   0.871395      449.843       84.848     0.696877      276.207  62.32     0.679214        4.200     0.639355    24.440000     0.800000   0   0 
 41 308   0.711425      451.575       81.653     0.703151      280.646  63.32     0.680667        2.976     0.116252    26.080000     1.640000   0   0 
 42 308   0.647057      453.375       78.615     0.705559      287.306  64.82     0.681188        4.945     0.170876    28.160000     2.080000   0   0 
 43 308   0.659879      457.988       53.910     0.721716      298.866  67.43     0.687912        5.322     0.112139    30.360000     2.200000   0   0 
 44 308   0.482368      457.740       52.853     0.727718      307.845  69.46     0.691292        3.620     0.161785    33.346667     2.986667   0   0 
 45 308   0.955012      458.663       52.043     0.729490      309.953  69.93     0.691501        5.655     0.625852    34.480000     1.133333   0   0 
 46 308   0.518120      458.393       51.953     0.731767      311.760  70.34     0.692262        8.369     0.034936    35.120000     0.640000   0   0 
 47 308   0.481455      459.675       50.288     0.735302      316.008  71.30     0.693852        3.132     0.345911    35.933333     0.813333   0   0 
 48 308   0.480769      459.675       50.288     0.736185      316.023  71.30     0.695066        6.622     0.683998    36.453333     0.520000   0   0 
 49 308   0.658855      460.260       48.915     0.737572      318.939  71.96     0.695050        5.011     0.320857    37.640000     1.186667   0   0 
 50 308   0.603275      460.665       47.160     0.738460      320.576  72.33     0.695437        2.681     0.186215    38.893333     1.253333   0   0 
 51 308   0.625623      461.543       46.575     0.740260      322.516  72.77     0.696612        1.275     0.175727    40.773333     1.880000   0   0 
 52 308   0.482064      462.420       45.473     0.744853      326.250  73.61     0.701724        4.386     0.457006    43.480000     2.706667   0   0 
 53 308   0.642539      463.770       40.118     0.747363      329.803  74.41     0.701657        4.235     0.632260    45.413333     1.933333   0   0 
 54 308   0.515864      463.973       36.135     0.748807      334.460  75.46     0.700949        4.828     0.195937    47.013333     1.600000   0   0 
 55 308   0.549611      469.440       29.813     0.753502      341.797  77.12     0.704109        0.880     0.298080    48.493333     1.480000   0   0 
 56 308   0.481167      470.475       27.360     0.756855      346.101  78.09     0.709561        5.808     0.546643    52.653333     4.160000   0   0 
 57 308   0.503812      470.453       24.908     0.759444      347.972  78.51     0.710375        3.717     0.529275    54.853333     2.200000   0   0 
 58 308   0.573897      470.858       24.480     0.760410      350.194  79.01     0.710278        6.191     0.014469    55.506667     0.653333   0   0 
 59 308   0.481375      470.745       24.255     0.763978      352.102  79.44     0.713915        6.002     0.562670    59.173333     3.666667   0   0 
 60 308   0.529924      471.735       23.513     0.765461      353.707  79.81     0.714718        5.919     0.301053    60.040000     0.866667   0   0 
 61 308   0.480769      471.893       23.490     0.769478      357.167  80.59     0.719085        3.718     0.303748    61.880000     1.840000   0   0 
 62 308   0.480769      472.028       23.175     0.771030      358.069  80.79     0.720664        3.718     0.006473    64.053333     2.173333   1   0 
 63 308   0.480769      471.938       23.175     0.772171      358.725  80.94     0.721902        5.989     0.570431    67.080000     3.026667   0   0 
 64 308   0.481050      472.163       23.085     0.773049      359.699  81.16     0.722642        2.551     0.308571    70.440000     3.360000   0   0 
 65 308   0.480769      471.893       23.085     0.773898      359.913  81.21     0.723449        1.327     0.281949    72.506667     2.066667   0   0 
 66 308   0.484115      471.780       22.523     0.774639      360.929  81.44     0.723831        6.106     0.174299    73.240000     0.733333   0   0 
 67 308   0.480769      471.915       22.523     0.776779      361.376  81.54     0.725973        3.573     0.168934    73.880000     0.640000   0   0 
 68 308   0.480769      471.915       22.523     0.777675      361.697  81.61     0.726743        3.573     0.022952    74.933333     1.053333   1   0 
 69 308   0.534407      472.770       30.848     0.778034      362.992  81.90     0.726628       10.595     0.453891    75.720000     0.786667   0   0 
 70 308   0.658448      473.625       30.128     0.778438      363.744  82.07     0.726815        0.815     0.200588    76.173333     0.453333   0   0 
 71 308   0.545086      473.423       30.060     0.780385      365.566  82.48     0.727139        2.298     0.504601    76.720000     0.546667   0   0 
 72 308   0.480769      473.423       30.060     0.780413      365.566  82.48     0.727139        9.226     0.001998    77.040000     0.320000   1   0 
 73 308   0.480769      473.423       30.060     0.781024      365.793  82.53     0.727696        6.106     0.007633    77.480000     0.440000   1   0 
 74 308   0.480770      473.805       29.700     0.782991      366.513  82.70     0.728878        2.408     0.506416    81.400000     3.920000   0   0 
 75 308   0.480769      473.423       29.723     0.783313      367.217  82.85     0.728911        0.175     0.147302    85.626667     4.226667   0   0 
 76 308   0.480854      473.220       29.700     0.783676      367.605  82.94     0.729085        0.472     0.211589    89.466667     3.840000   0   0 
 77 308   0.480854      473.423       27.878     0.784923      368.722  83.19     0.729664        6.117     0.102093    92.600000     3.133333   1   0 
 78 308   0.622052      482.940      100.643     0.786744      370.628  83.62     0.730084       12.105     0.503823    93.080000     0.480000   0   0 
 79 308   0.492176      484.718      104.490     0.787296      370.824  83.67     0.730482        0.566     0.022587    93.560000     0.480000   0   0 
 80 308   0.662959      484.538      104.400     0.787650      371.653  83.86     0.730570        0.791     0.286830    93.973333     0.413333   0   0 
 81 308   0.608524      485.685      101.948     0.788590      374.300  84.45     0.730219        1.142     0.610563    94.506667     0.533333   0   0 
 82 308   0.528126      485.708      101.925     0.791189      376.709  85.00     0.732125       12.317     0.011520    94.826667     0.320000   1   0 
 83 308   0.480769      485.843      101.925     0.792491      378.259  85.35     0.733998        8.222     0.011352    95.560000     0.733333   0   0 
 84 308   0.480769      485.933      104.760     0.792550      378.259  85.35     0.733998        8.222     0.011352    96.280000     0.720000   1   0 
 85 308   0.480769      485.933      104.760     0.794090      378.463  85.39     0.735500        6.594     0.620833    96.813333     0.533333   0   0 
 86 308   0.480769      485.933      104.760     0.794451      378.527  85.41     0.735935        6.594     0.010908    97.253333     0.440000   1   0 
 87 308   0.480991      486.203      105.458     0.795648      379.895  85.72     0.739229        4.855     0.643025   100.546667     3.293333   0   0 
 88 308   0.480892      486.293      105.458     0.796990      381.041  85.97     0.742228        1.503     0.203808   104.440000     3.893333   0   0 
 89 308   0.480769      486.158      105.458     0.797707      381.402  86.06     0.742775        2.849     0.544412   105.386667     0.946667   0   0 
 90 308   0.480769      485.933      105.728     0.799461      381.681  86.12     0.744691        4.244     0.209995   106.746667     1.360000   1   0 
 91 308   0.480770      485.213      105.728     0.800273      381.749  86.13     0.745673        0.563     0.094452   110.586667     3.840000   0   0 
 92 308   0.491737      484.718      105.278     0.801317      383.467  86.52     0.745177       14.187     0.560644   111.280000     0.693333   0   0 
 93 308   0.533791      484.740      104.445     0.806416      388.099  87.57     0.747947        2.243     0.177479   111.800000     0.520000   0   0 
 94 308   0.481636      484.605      104.130     0.807562      389.522  87.89     0.748419        2.657     0.160131   112.386667     0.586667   0   0 
 95 308   0.480769      486.563      104.108     0.811059      391.423  88.32     0.751835        6.449     0.194578   113.920000     1.533333   0   0 
 96 308   0.480769      487.620      106.830     0.816544      393.786  88.85     0.754032        6.449     0.027912   114.893333     0.973333   1   0 
 97 308   0.480769      487.080      106.740     0.816883      394.808  89.08     0.753963        3.863     0.024927   115.653333     0.760000   0   0 
 98 308   0.482697      487.935      104.760     0.821140      398.859  89.99     0.757064        5.656     0.195801   116.480000     0.826667   0   0 
 99 308   0.480769      488.093      104.963     0.822460      399.449  90.13     0.758804        3.471     0.177462   117.520000     1.040000   0   0 
100 308   0.492553      488.903      105.053     0.822598      399.471  90.13     0.759066        2.245     0.177654   118.133333     0.613333   0   0 
