#scene........................: /home/eldamian/nbvEverardo/models/laboratory.wrl
#triangles....................: 361767
#Total triangles' area........: 443.205414 (m2)
#sensor aperture..............: 135.000000 x 70.000000 (deg)
#range image size.............: 350 x 80
#sensor blind distances.......: 0.500000 .. 30.000000 (m)
#sensor blind angle...........: 80.000000
#sensor Gaussian noise std dev: 0.012000 (m)
#views number.................: 100 
#optimization method..........: Simulated Annealing
#view iterations fitness vxl_occupied(m2) occplane(m2) vxl_quality tri_imaged(m2) tri_imaged(%) tri_quality travelled(m) energy total_time single_time backstep change
  0   0  -0.000000       18.338        0.000     0.641809       15.030   3.39     0.643016        0.000     0.000000     0.000000     0.000000   0   0 
  1 300   0.717196       27.473        0.000     0.628786       22.845   5.15     0.633184        0.000     0.077427     0.293333     0.293333   0   0 
  2 300   0.699548       90.900       66.263     0.553296       36.798   8.30     0.589276        0.000     0.166667     0.640000     0.346667   0   0 
  3 300   0.693331      101.183       60.390     0.600169       49.966  11.27     0.633599        5.854     0.247381     0.693333     0.053333   0   0 
  4 300   0.784241      114.165       75.308     0.639791       64.681  14.59     0.668287        1.233     0.149596     0.960000     0.266667   0   0 
  5 300   0.881530      139.725      115.583     0.630231       76.184  17.19     0.666175        0.555     0.359887     1.520000     0.560000   0   0 
  6 300   0.621921      173.768      162.743     0.614857       86.739  19.57     0.659081        3.422     0.599237     1.746667     0.226667   0   0 
  7 300   0.487730      195.750      281.520     0.610883       94.791  21.39     0.651044        3.422     0.021810     2.080000     0.333333   1   0 
  8 300   0.754357      205.110      232.628     0.619837      105.316  23.76     0.648870        2.325     0.000795     2.426667     0.346667   0   0 
  9 300   0.514223      209.835      230.355     0.637623      112.121  25.30     0.661240        2.267     0.275845     2.760000     0.333333   0   0 
 10 300   0.569683      213.120      227.588     0.644677      117.624  26.54     0.664369        1.033     0.030832     2.920000     0.160000   0   0 
 11 300   0.864815      215.303      227.003     0.647739      120.170  27.11     0.664775        8.453     0.265636     3.133333     0.213333   0   0 
 12 300   0.561484      215.933      226.283     0.648706      121.140  27.33     0.665522        1.380     0.266757     3.320000     0.186667   0   0 
 13 300   0.812788      229.343      208.935     0.648647      126.183  28.47     0.664470        1.891     0.128632     3.706667     0.386667   0   0 
 14 300   0.715948      234.045      204.660     0.671222      138.189  31.18     0.679189        3.003     0.291435     4.040000     0.333333   0   0 
 15 300   0.588479      236.925      203.310     0.677054      144.222  32.54     0.678043        1.955     0.427544     4.253333     0.213333   0   0 
 16 300   0.858037      295.875      266.490     0.676378      161.513  36.44     0.683929        0.885     0.248703     4.546667     0.293333   0   0 
 17 300   0.956396      324.495      252.788     0.676823      179.980  40.61     0.685156        3.239     0.166876     5.400000     0.853333   0   0 
 18 300   0.914373      348.413      235.260     0.677986      192.741  43.49     0.684671        1.328     0.280874     6.573333     1.173333   0   0 
 19 300   0.700172      355.005      230.918     0.683506      203.299  45.87     0.684517        0.769     0.368625     7.586667     1.013333   0   0 
 20 300   0.494362      364.590      214.628     0.693910      215.487  48.62     0.687810        2.024     0.288907     8.053333     0.466667   0   0 
 21 300   0.689300      368.415      195.165     0.698906      227.481  51.33     0.691110        2.276     0.305702     8.946667     0.893333   0   0 
 22 300   0.716563      371.003      191.858     0.703901      233.066  52.59     0.691144        3.642     0.343992     9.600000     0.653333   0   0 
 23 300   0.595583      385.065      147.015     0.714663      250.247  56.46     0.695967        3.862     0.313544    10.493333     0.893333   0   0 
 24 300   0.495884      403.200      124.268     0.717072      259.040  58.45     0.694524        3.598     0.487890    12.546667     2.053333   0   0 
 25 300   0.726262      420.840       95.580     0.726327      276.036  62.28     0.698831        2.818     0.344098    14.946667     2.400000   0   0 
 26 300   0.480613      421.605       93.690     0.733759      282.005  63.63     0.703661        3.233     0.149067    17.213333     2.266667   1   0 
 27 300   0.527011      425.385       88.493     0.736405      285.343  64.38     0.704158        3.383     0.188643    20.253333     3.040000   0   0 
 28 300   0.479264      426.263       87.975     0.737561      287.197  64.80     0.704518        8.889     0.270830    21.786667     1.533333   0   0 
 29 300   0.480672      427.163       87.908     0.739673      289.007  65.21     0.705845        8.889     0.014923    23.813333     2.026667   1   0 
 30 300   0.480448      427.298       86.805     0.739948      292.075  65.90     0.705503        5.838     0.015043    26.600000     2.786667   0   0 
 31 300   0.480641      427.950       86.783     0.740109      292.075  65.90     0.705503        5.838     0.015043    28.973333     2.373333   1   0 
 32 300   0.479119      429.210       86.558     0.741554      294.871  66.53     0.706640        2.484     0.061761    31.693333     2.720000   0   0 
 33 300   0.480769      430.133       85.658     0.743139      297.429  67.11     0.707156        4.502     0.039785    34.440000     2.746667   1   0 
 34 300   0.681333      431.168       85.815     0.744730      300.239  67.74     0.707122        2.298     0.144506    37.533333     3.093333   0   0 
 35 300   0.480702      430.898       85.815     0.745659      301.043  67.92     0.708271        5.568     0.191223    40.960000     3.426667   1   0 
 36 300   0.480769      430.988       85.725     0.746528      302.084  68.16     0.708672        5.443     0.169751    43.933333     2.973333   1   0 
 37 300   0.492467      433.643       81.743     0.749575      305.183  68.86     0.710175        4.477     0.149964    46.400000     2.466667   0   0 
 38 300   0.480611      433.755       81.270     0.751000      306.802  69.22     0.711895        4.477     0.019355    49.000000     2.600000   1   0 
 39 300   0.480724      432.720       81.135     0.754075      308.513  69.61     0.714643        4.608     0.004354    52.053333     3.053333   0   0 
 40 300   0.490641      433.013       80.348     0.755707      309.858  69.91     0.716244        4.076     0.018898    54.946667     2.893333   0   0 
 41 300   0.480155      432.428       80.348     0.757616      311.655  70.32     0.718190        4.308     0.029229    57.573333     2.626667   0   0 
 42 300   0.480658      432.383       80.348     0.757845      311.655  70.32     0.718190        4.308     0.029229    60.573333     3.000000   1   0 
 43 300   0.680021      435.623       79.853     0.758923      316.711  71.46     0.717745        6.730     0.299895    62.573333     2.000000   0   0 
 44 300   0.480728      436.275       79.695     0.760461      319.030  71.98     0.718014        5.761     0.004164    64.493333     1.920000   0   0 
 45 300   0.480735      435.780       79.695     0.760702      319.030  71.98     0.718014        5.761     0.004164    66.800000     2.306667   1   0 
 46 300   0.480285      435.960       79.065     0.761338      320.478  72.31     0.718396        4.862     0.028376    69.333333     2.533333   0   0 
 47 300   0.480735      435.623       79.043     0.761373      320.478  72.31     0.718396        4.862     0.028376    72.413333     3.080000   1   0 
 48 300   0.481952      436.275       78.503     0.762536      322.231  72.70     0.718882        6.730     0.023304    74.586667     2.173333   1   0 
 49 300   0.480703      436.995       78.053     0.764330      323.293  72.94     0.720106        4.076     0.018898    76.626667     2.040000   1   0 
 50 300   0.480769      437.085       76.388     0.764566      324.842  73.29     0.719954        4.608     0.004354    78.560000     1.933333   1   0 
 51 300   0.480731      437.445       75.420     0.765110      326.593  73.69     0.719171        1.953     0.008300    81.253333     2.693333   0   0 
 52 300   0.480769      438.008       75.083     0.765744      328.091  74.03     0.719606        3.760     0.007938    84.426667     3.173333   1   0 
 53 300   0.489152      439.110       73.238     0.766204      331.511  74.80     0.719362        6.826     0.009016    84.933333     0.506667   0   0 
 54 300   0.557595      440.595       72.045     0.766534      333.462  75.24     0.718760        3.839     0.176863    85.320000     0.386667   0   0 
 55 300   0.593097      453.240       39.105     0.773410      345.238  77.90     0.721831        0.502     0.278259    86.653333     1.333333   0   0 
 56 300   0.478845      453.758       37.440     0.774051      348.390  78.61     0.722512        2.718     0.026075    86.960000     0.306667   0   0 
 57 300   0.480492      457.088       32.198     0.771304      353.194  79.69     0.721953        3.148     0.024408    87.573333     0.613333   1   0 
 58 300   0.492235      458.033       31.253     0.775632      358.754  80.95     0.723809        2.562     0.028987    89.066667     1.493333   0   0 
 59 300   0.480752      458.573       30.803     0.778567      360.129  81.26     0.726153        8.135     0.004501    90.400000     1.333333   0   0 
 60 300   0.480769      459.000       33.300     0.778715      360.129  81.26     0.726153        8.135     0.004501    92.373333     1.973333   1   0 
 61 300   0.740694      459.810       32.490     0.779641      361.567  81.58     0.726640        1.400     0.140390    92.746667     0.373333   0   0 
 62 300   0.508851      462.983       29.385     0.777716      365.637  82.50     0.723911        2.680     0.129867    93.160000     0.413333   0   0 
 63 300   0.528058      463.658       28.800     0.777479      366.411  82.67     0.723548        4.189     0.119355    93.493333     0.333333   0   0 
 64 300   0.480769      463.815       28.958     0.778643      368.115  83.06     0.723459        4.189     0.009431    93.866667     0.373333   1   0 
 65 300   0.479291      463.883       27.045     0.779464      369.654  83.40     0.723807        3.863     0.010933    94.293333     0.426667   1   0 
 66 300   0.684023      465.615       24.998     0.780954      371.902  83.91     0.723793        5.009     0.302193    94.600000     0.306667   0   0 
 67 300   0.480066      465.120       24.998     0.782432      373.523  84.28     0.723631        5.009     0.004917    94.880000     0.280000   1   0 
 68 300   0.480769      465.120       24.998     0.782894      373.621  84.30     0.724316        6.826     0.009016    95.373333     0.493333   1   0 
 69 300   0.480769      465.120       24.998     0.783413      374.460  84.49     0.724436        3.003     0.014844    98.306667     2.933333   1   0 
 70 300   0.480769      465.120       24.998     0.783469      374.518  84.50     0.724521        3.156     0.007858   100.000000     1.693333   1   0 
 71 300   0.480769      465.548       24.975     0.783660      375.540  84.73     0.724151        8.453     0.009729   101.626667     1.626667   1   0 
 72 300   0.480520      465.548       24.975     0.784661      376.226  84.89     0.724648        2.129     0.009434   101.946667     0.320000   0   0 
 73 300   0.480558      465.548       24.975     0.785343      376.628  84.98     0.725448        5.583     0.149249   102.280000     0.333333   1   0 
 74 300   0.474072      465.750       24.863     0.786805      378.000  85.29     0.726461        5.589     0.124412   104.906667     2.626667   0   0 
 75 300   0.480769      465.840       24.863     0.786849      378.000  85.29     0.726461        5.589     0.014487   107.960000     3.053333   1   0 
 76 300   0.476830      466.088       24.368     0.788458      379.109  85.54     0.727866        7.464     0.094291   110.573333     2.613333   0   0 
 77 300   0.480718      466.088       24.368     0.788443      379.109  85.54     0.727866        7.464     0.094291   113.720000     3.146667   1   0 
 78 300   0.477067      467.550       24.053     0.788882      380.753  85.91     0.728267        6.373     0.080996   116.440000     2.720000   0   0 
 79 300   0.480735      467.528       23.625     0.790276      381.968  86.18     0.729857        2.603     0.004479   119.373333     2.933333   0   0 
 80 300   0.480769      468.383       23.625     0.791402      382.135  86.22     0.731039        8.279     0.008048   122.253333     2.880000   1   0 
 81 300   0.470096      468.720       22.073     0.791904      382.786  86.37     0.731457        4.385     0.147239   122.573333     0.320000   0   0 
 82 300   0.480619      468.675       22.073     0.791951      383.196  86.46     0.731572        0.140     0.008426   123.413333     0.840000   0   0 
 83 300   0.480758      468.675       22.073     0.792679      384.015  86.64     0.731815        8.592     0.005171   124.440000     1.026667   0   0 
 84 300   0.480769      468.720       22.073     0.792702      384.015  86.64     0.731815        8.592     0.005171   126.573333     2.133333   1   0 
 85 300   0.480650      468.585       22.073     0.792792      384.015  86.64     0.731815        4.388     0.155666   127.106667     0.533333   1   0 
 86 300   0.471269      468.563       22.028     0.793272      384.675  86.79     0.731918        7.074     0.143880   127.533333     0.426667   0   0 
 87 300   0.552444      468.810       21.690     0.793665      384.871  86.84     0.732190        2.690     0.126591   128.120000     0.586667   0   0 
 88 300   0.512651      469.283       21.668     0.796259      385.832  87.05     0.734766        9.583     0.160546   128.733333     0.613333   1   0 
 89 300   0.472564      469.665       21.645     0.797707      386.356  87.17     0.736173        2.828     0.137570   129.293333     0.560000   0   0 
 90 300   0.480769      469.755       21.645     0.797810      386.356  87.17     0.736173        0.000     0.000000   129.853333     0.560000   0   1 
 91 300   0.002263      471.060       24.750     0.798519      387.559  87.44     0.737621        9.761     0.643465   132.080000     2.226667   0   1 
 92 300   0.009091      471.083       24.638     0.799076      388.588  87.68     0.738234        2.756     0.365632   134.813333     2.733333   0   1 
 93 300   0.007274      471.083       24.638     0.801146      389.175  87.81     0.741725       12.379     0.001242   138.066667     3.253333   1   1 
 94 300   0.006532      471.510       24.570     0.802604      389.764  87.94     0.742786        3.517     0.101080   138.346667     0.280000   0   1 
 95 300   0.027966      471.443       24.368     0.803528      390.320  88.07     0.743313        5.274     0.280083   138.813333     0.466667   0   1 
 96 300   0.001473      471.308       24.368     0.804368      390.913  88.20     0.744708        4.571     0.311395   139.306667     0.493333   0   1 
 97 300   0.001614      471.600       24.480     0.804715      390.930  88.21     0.745225        4.571     0.014119   139.560000     0.253333   1   1 
 98 300   0.049561      471.420       24.480     0.804797      390.997  88.22     0.745254        1.008     0.131731   139.973333     0.413333   0   1 
 99 300   0.046866      472.658       23.468     0.806325      392.510  88.56     0.746134        5.233     0.018315   140.453333     0.480000   1   1 
100 300   0.052785      473.760       22.320     0.808820      394.892  89.10     0.747805        1.225     0.281581   141.400000     0.946667   0   1 
