#scene........................: /home/eldamian/nbvEverardo/models/laboratory.wrl
#triangles....................: 361767
#Total triangles' area........: 443.205414 (m2)
#sensor aperture..............: 135.000000 x 70.000000 (deg)
#range image size.............: 350 x 80
#sensor blind distances.......: 0.500000 .. 30.000000 (m)
#sensor blind angle...........: 80.000000
#sensor Gaussian noise std dev: 0.012000 (m)
#views number.................: 100 
#optimization method..........: Simulated Annealing
#view iterations fitness vxl_occupied(m2) occplane(m2) vxl_quality tri_imaged(m2) tri_imaged(%) tri_quality travelled(m) energy total_time single_time backstep change
  0   0  -0.000000       18.338        0.000     0.641809       15.030   3.39     0.643016        0.000     0.000000     0.000000     0.000000   0   0 
  1 300   0.719919       27.473        0.000     0.628786       22.845   5.15     0.633184        0.000     0.077427     0.200000     0.200000   0   0 
  2 300   0.712104       90.900       66.263     0.553296       36.798   8.30     0.589276        0.000     0.166667     0.520000     0.320000   0   0 
  3 300   0.475388      110.993       72.293     0.608082       56.335  12.71     0.638977        5.246     0.297338     0.626667     0.106667   0   0 
  4 300   0.617300      122.310       65.160     0.632414       68.204  15.39     0.653515        0.756     0.270791     0.800000     0.173333   0   0 
  5 300   0.786893      160.290       76.185     0.628002       86.336  19.48     0.660090        0.231     0.348372     1.080000     0.280000   0   0 
  6 300   0.581512      163.058       78.075     0.629898       96.370  21.74     0.652252        0.542     0.199966     1.426667     0.346667   0   0 
  7 300   0.609437      162.450       77.108     0.633937       99.129  22.37     0.651011        0.640     0.146371     1.760000     0.333333   0   0 
  8 300   0.532962      172.395       54.900     0.639146      106.537  24.04     0.651606        3.510     0.149019     2.066667     0.306667   0   0 
  9 300   0.480405      172.238       54.788     0.640301      108.674  24.52     0.650768        3.510     0.003037     2.586667     0.520000   1   0 
 10 300   0.481731      208.733      103.590     0.617792      114.464  25.83     0.646235        0.220     0.276951     2.880000     0.293333   0   0 
 11 300   0.567427      218.183      220.748     0.629229      119.529  26.97     0.656558        2.607     0.210287     3.240000     0.360000   0   0 
 12 300   0.482114      227.903      206.213     0.635082      129.181  29.15     0.660155        3.222     0.022907     3.573333     0.333333   1   0 
 13 300   0.561280      243.158      172.215     0.633158      135.062  30.47     0.658909        3.735     0.132596     3.946667     0.373333   0   0 
 14 300   0.641001      251.483      166.185     0.627218      142.659  32.19     0.657596        3.062     0.167328     4.266667     0.320000   0   0 
 15 300   0.574666      255.983      165.600     0.635739      148.904  33.60     0.659518        1.347     0.470536     4.400000     0.133333   0   0 
 16 300   0.783688      258.233      164.723     0.637469      152.322  34.37     0.657061        0.476     0.141262     4.573333     0.173333   0   0 
 17 300   0.495837      258.458      164.385     0.638888      154.056  34.76     0.657307        4.441     0.017909     4.933333     0.360000   1   0 
 18 300   0.535289      267.705      176.468     0.639385      157.244  35.48     0.663221        1.045     0.510630     5.226667     0.293333   0   0 
 19 300   0.480140      267.615      172.665     0.639800      159.540  36.00     0.663304        4.325     0.008643     5.386667     0.160000   1   0 
 20 300   0.481094      285.458      168.278     0.635231      163.748  36.95     0.669861        4.750     0.143132     5.733333     0.346667   1   0 
 21 300   0.448899      287.370      170.078     0.639436      166.735  37.62     0.671625        6.369     0.153630     5.986667     0.253333   0   0 
 22 300   0.560284      295.853      153.630     0.643669      175.840  39.67     0.670067        0.967     0.523976     6.346667     0.360000   0   0 
 23 300   0.478361      296.235      153.248     0.645735      176.667  39.86     0.671967        6.269     0.150338     6.680000     0.333333   1   0 
 24 300   0.388989      296.325      153.248     0.649414      177.024  39.94     0.676195        2.596     0.318110     7.040000     0.360000   0   0 
 25 300   0.480752      296.370      153.248     0.649569      177.024  39.94     0.676195        0.000     0.000000     7.520000     0.480000   0   1 
 26 300   0.011854      297.698      152.123     0.651527      178.657  40.31     0.678559        5.241     0.430882     7.706667     0.186667   0   1 
 27 300   0.116270      299.678      151.718     0.658373      182.438  41.16     0.682424        3.066     0.099081     8.106667     0.400000   0   1 
 28 300   0.189325      304.110      139.388     0.671136      191.446  43.20     0.689303        3.105     0.135698     8.493333     0.386667   0   1 
 29 300   0.027547      304.853      140.198     0.676141      194.523  43.89     0.695748        3.105     0.025774     8.946667     0.453333   1   1 
 30 300   0.008001      305.033      139.883     0.679325      195.700  44.16     0.697831        0.844     0.466555     9.320000     0.373333   0   1 
 31 300   0.012758      309.375      132.300     0.679119      199.653  45.05     0.696476        5.695     0.283657     9.880000     0.560000   0   1 
 32 300   0.028355      315.720      151.853     0.679349      206.900  46.68     0.696135        5.778     0.188915    10.240000     0.360000   0   1 
 33 300   0.421927      377.775      129.578     0.691872      232.995  52.57     0.697362        1.779     0.137310    11.306667     1.066667   0   1 
 34 300   0.286123      388.260      121.883     0.698371      244.176  55.09     0.697107        1.488     0.502287    13.453333     2.146667   0   1 
 35 300   0.341773      389.363      121.073     0.698856      245.875  55.48     0.696429        5.253     0.545616    15.920000     2.466667   0   1 
 36 300   0.542881      410.535      105.323     0.701160      255.616  57.67     0.693268        0.581     0.168566    18.053333     2.133333   0   1 
 37 300   0.239303      422.595       85.703     0.703651      265.900  59.99     0.691852        2.808     0.014463    20.493333     2.440000   0   1 
 38 300   0.236236      424.755       76.455     0.707632      274.096  61.84     0.693926        1.352     0.538308    23.426667     2.933333   0   1 
 39 300   0.071891      432.968       70.133     0.723728      282.687  63.78     0.698318        0.477     0.193889    26.026667     2.600000   0   1 
 40 300   0.116807      438.255       67.725     0.722774      288.877  65.18     0.695364        2.344     0.301690    28.906667     2.880000   0   1 
 41 300   0.084890      442.440       63.225     0.727696      297.984  67.23     0.696129        1.812     0.264603    31.173333     2.266667   0   1 
 42 300   0.052608      443.903       56.588     0.729312      301.596  68.05     0.697381        4.557     0.303515    33.626667     2.453333   0   1 
 43 300   0.041358      450.968       37.598     0.740044      313.435  70.72     0.703959        4.267     0.731588    35.453333     1.826667   0   1 
 44 300   0.013515      452.340       34.200     0.742984      321.771  72.60     0.706781        0.967     0.179321    38.746667     3.293333   0   1 
 45 300   0.072076      457.740       31.883     0.747515      330.981  74.68     0.709352        6.397     0.383821    41.640000     2.893333   0   1 
 46 300   0.059648      461.588       28.350     0.747212      336.292  75.88     0.708081        1.963     0.322989    43.800000     2.160000   0   1 
 47 300   0.008087      463.950       26.460     0.752136      340.691  76.87     0.709099        1.140     0.201471    46.200000     2.400000   0   1 
 48 300   0.013146      466.853       25.583     0.754207      344.421  77.71     0.711336        4.022     0.173783    49.000000     2.800000   0   1 
 49 300   0.009110      466.965       24.975     0.758922      347.148  78.33     0.714051        0.634     0.621042    51.840000     2.840000   0   1 
 50 300   0.009973      466.853       24.255     0.760286      348.461  78.62     0.714987        1.229     0.409846    54.413333     2.573333   0   1 
 51 300   0.011337      466.853       24.255     0.760383      348.579  78.65     0.715358        0.734     0.019275    56.946667     2.533333   0   1 
 52 300   0.014873      467.415       22.748     0.763888      351.584  79.33     0.717758        1.048     0.482071    59.533333     2.586667   0   1 
 53 300   0.004365      467.303       22.725     0.769240      356.650  80.47     0.721441        4.632     0.002809    61.973333     2.440000   1   1 
 54 300   0.005752      467.978       22.073     0.770423      359.084  81.02     0.721473        4.721     0.340513    64.520000     2.546667   0   1 
 55 300   0.002533      468.968       21.938     0.772389      360.796  81.41     0.723603        1.473     0.386345    66.733333     2.213333   0   1 
 56 300   0.033321      469.755       21.510     0.774622      361.821  81.64     0.724863        3.747     0.677766    69.333333     2.600000   0   1 
 57 300   0.004894      470.700       20.970     0.774860      363.590  82.04     0.725191        2.017     0.760735    71.866667     2.533333   0   1 
 58 300   0.002350      470.700       20.970     0.777547      364.874  82.33     0.728117        1.820     0.304833    74.026667     2.160000   0   1 
 59 300   0.002766      470.700       20.970     0.777624      364.916  82.34     0.728835        2.079     0.338159    76.520000     2.493333   0   1 
 60 300   0.006498      470.430       20.970     0.777740      365.652  82.50     0.728490        1.569     0.131001    79.026667     2.506667   0   1 
 61 300   0.021591      470.925       20.340     0.778704      366.674  82.73     0.729344        4.028     0.119385    80.800000     1.773333   0   1 
 62 300   0.002212      470.610       20.340     0.779124      367.075  82.82     0.729491        3.287     0.443845    84.053333     3.253333   0   1 
 63 300   0.010594      470.610       20.340     0.779452      367.324  82.88     0.730305        1.604     0.404809    86.293333     2.240000   0   1 
 64 300   0.012395      470.655       20.340     0.780959      367.635  82.95     0.732323        4.336     0.018352    89.226667     2.933333   1   1 
 65 300   0.002242      470.655       20.340     0.781031      367.828  82.99     0.732391        3.843     0.279058    92.426667     3.200000   0   1 
 66 300   0.003948      469.755       19.958     0.783072      368.897  83.23     0.734275        2.155     0.228623    95.240000     2.813333   0   1 
 67 300   0.006425      470.250       20.948     0.783540      369.161  83.29     0.735048        3.907     0.288006    98.786667     3.546667   0   1 
 68 300   0.010851      470.408       20.970     0.783649      369.309  83.33     0.735236        0.585     0.024192   101.773333     2.986667   0   1 
 69 300   0.011268      469.688       20.970     0.784580      369.392  83.35     0.736445        3.486     0.133206   104.333333     2.560000   1   1 
 70 300   0.002555      469.373       20.925     0.784732      369.420  83.35     0.736597        2.659     0.241517   107.626667     3.293333   0   1 
 71 300   0.007423      470.925       21.038     0.786111      370.878  83.68     0.737644       14.137     0.433224   108.866667     1.240000   0   1 
 72 300   0.024236      471.060       20.903     0.788408      373.294  84.23     0.740841       14.137     0.010650   109.520000     0.653333   1   1 
 73 300   0.003081      471.060       20.903     0.788679      373.478  84.27     0.741086        1.313     0.606095   112.200000     2.680000   0   1 
 74 300   0.003766      471.015       20.723     0.788836      373.749  84.33     0.741123        3.174     0.128165   114.573333     2.373333   1   1 
 75 300   0.002475      470.903       20.880     0.789190      374.240  84.44     0.741356        3.965     0.210182   117.053333     2.480000   0   1 
 76 300   0.003352      470.678       20.880     0.789274      374.240  84.44     0.741385        3.965     0.022831   119.840000     2.786667   1   1 
 77 300   0.002975      470.273       20.880     0.789342      374.275  84.45     0.741448        3.383     0.359376   122.706667     2.866667   0   1 
 78 300   0.004318      470.273       20.880     0.789429      374.396  84.47     0.741583        2.456     0.304740   125.133333     2.426667   0   1 
 79 300   0.005265      470.273       20.880     0.789477      374.396  84.47     0.741583        5.583     0.022138   127.720000     2.586667   1   1 
 80 300   0.023350      471.825       18.968     0.791544      377.401  85.15     0.741569        9.299     0.193274   130.066667     2.346667   0   1 
 81 300   0.003989      472.523       19.755     0.791500      377.437  85.16     0.741611        6.603     0.307759   132.440000     2.373333   0   1 
 82 300   0.007143      472.568       19.530     0.793751      378.916  85.49     0.743264        6.603     0.010483   135.293333     2.853333   1   1 
 83 300   0.003228      473.310       19.598     0.793796      378.926  85.50     0.743330        6.241     0.008589   137.186667     1.893333   0   1 
 84 300   0.005320      473.310       19.598     0.793899      378.926  85.50     0.743330        6.241     0.008589   139.840000     2.653333   1   1 
 85 300   0.002450      473.355       19.620     0.794069      379.039  85.52     0.743812        5.698     0.314774   142.373333     2.533333   0   1 
 86 300   0.003988      473.355       19.620     0.794883      379.424  85.61     0.744512        5.698     0.184165   142.946667     0.573333   1   1 
 87 300   0.003701      473.490       19.620     0.795034      379.835  85.70     0.744532        7.332     0.703335   145.626667     2.680000   0   1 
 88 300   0.009148      473.220       19.620     0.795151      379.932  85.72     0.744734        7.332     0.015984   148.520000     2.893333   1   1 
 89 300   0.000855      472.973       19.598     0.795546      380.034  85.75     0.745038        5.239     0.510334   150.840000     2.320000   0   1 
 90 300   0.002781      472.973       19.598     0.795708      380.222  85.79     0.745172        3.096     0.017802   153.240000     2.400000   0   1 
 91 300   0.003455      472.838       19.598     0.795795      380.222  85.79     0.745172        3.096     0.017802   156.320000     3.080000   1   1 
 92 300   0.009540      473.400       19.800     0.795795      380.222  85.79     0.745174        2.824     0.190431   159.653333     3.333333   0   1 
 93 300   0.011745      473.400       19.800     0.795824      380.222  85.79     0.745174        6.961     0.007255   162.293333     2.640000   1   1 
 94 300   0.003218      473.220       19.800     0.795954      380.332  85.81     0.745321        6.471     0.175184   164.773333     2.480000   0   1 
 95 300   0.005509      473.963       18.968     0.796393      381.414  86.06     0.745890        6.471     0.008518   165.826667     1.053333   1   1 
 96 300   0.004451      474.345       19.170     0.796393      381.414  86.06     0.745890        6.774     0.168051   168.680000     2.853333   0   1 
 97 300   0.007870      474.435       19.170     0.796404      381.414  86.06     0.745890        6.774     0.001384   171.506667     2.826667   1   1 
 98 300   0.001297      474.413       19.148     0.796544      381.704  86.12     0.746162        6.041     0.036061   173.333333     1.826667   0   1 
 99 300   0.002257      474.435       19.215     0.796577      381.858  86.16     0.746366        1.101     0.213314   175.813333     2.480000   0   1 
100 300   0.003368      474.773       20.183     0.796627      381.875  86.16     0.746451        2.552     0.439392   178.733333     2.920000   0   1 
