#scene........................: /home/eldamian/nbvEverardo/models/studying_room.wrl
#triangles....................: 107322
#Total triangles' area........: 170.448196 (m2)
#sensor aperture..............: 135.000000 x 70.000000 (deg)
#range image size.............: 350 x 80
#sensor blind distances.......: 0.500000 .. 30.000000 (m)
#sensor blind angle...........: 80.000000
#sensor Gaussian noise std dev: 0.012000 (m)
#views number.................: 100 
#optimization method..........: Evolution Strategy
#view iterations fitness vxl_occupied(m2) occplane(m2) vxl_quality tri_imaged(m2) tri_imaged(%) tri_quality travelled(m) energy total_time single_time backstep change
  0   0  -0.000000       16.628        4.838     0.635252       10.896   6.39     0.627871        0.000     0.000000     0.000000     0.000000   0   0 
  1 308   0.715521       26.033        5.220     0.621800       18.741  10.99     0.612062        0.000     0.077427     0.266667     0.266667   0   0 
  2 308   0.711596       71.325       43.335     0.631944       30.755  18.04     0.642072        0.000     0.166667     0.520000     0.253333   0   0 
  3 308   0.730864       86.603       63.293     0.631166       37.507  22.01     0.659690        0.000     0.077427     0.920000     0.400000   0   0 
  4 308   0.720306       97.763       69.593     0.644115       53.698  31.50     0.662976        0.000     0.109925     1.373333     0.453333   0   0 
  5 308   0.685825      128.903       76.163     0.640207       66.298  38.90     0.661178        0.000     0.109925     1.786667     0.413333   0   0 
  6 308   0.732806      130.388       91.215     0.642672       72.680  42.64     0.663373        0.000     0.077427     2.306667     0.520000   0   0 
  7 308   0.521132      134.258       90.113     0.646953       74.271  43.57     0.666935        3.713     0.271437     2.360000     0.053333   0   0 
  8 308   0.619930      133.808       90.518     0.648690       76.770  45.04     0.673929        3.713     0.161512     2.386667     0.026667   1   0 
  9 308   0.739725      132.638       93.803     0.649903       76.770  45.04     0.673929        0.000     0.109925     2.920000     0.533333   0   0 
 10 308   0.706187      132.210       93.735     0.652211       76.770  45.04     0.673929        0.000     0.109925     3.466667     0.546667   0   0 
 11 308   0.694018      132.053       96.683     0.654665       78.048  45.79     0.675282        0.000     0.166667     3.986667     0.520000   0   0 
 12 308   0.705589      142.155      104.873     0.661060       83.697  49.10     0.681249        0.000     0.166667     4.533333     0.546667   0   0 
 13 308   0.424599      142.515      103.163     0.665631       84.960  49.85     0.682104        5.395     0.464168     4.720000     0.186667   0   0 
 14 308   0.678227      144.315      102.375     0.673465       86.577  50.79     0.688553        0.435     0.336828     4.840000     0.120000   0   0 
 15 308   0.799028      154.080      115.875     0.683929       92.098  54.03     0.697213        0.020     0.152202     5.000000     0.160000   0   0 
 16 308   0.735879      154.530      115.808     0.684708       92.098  54.03     0.697213        5.470     0.161233     5.133333     0.133333   1   0 
 17 308   0.925783      154.350      122.400     0.685509       92.098  54.03     0.697213        0.000     0.333333     5.680000     0.546667   0   0 
 18 308   0.925752      154.035      124.403     0.686176       92.098  54.03     0.697213        0.000     0.109925     6.240000     0.560000   0   0 
 19 308   0.852598      154.080      124.988     0.692955       92.105  54.04     0.697276        0.000     0.255907     6.866667     0.626667   0   0 
 20 308   0.829031      153.675      125.865     0.693968       94.197  55.26     0.699388        0.000     0.479316     7.440000     0.573333   0   0 
 21 308   0.807464      153.518      126.900     0.695552       94.291  55.32     0.699503        0.000     0.145982     8.026667     0.586667   0   0 
 22 308   0.717457      153.585      126.878     0.695952       94.291  55.32     0.699503        0.000     0.312649     8.600000     0.573333   0   0 
 23 308   0.534320      160.830      137.948     0.703433       99.001  58.08     0.699162        6.607     0.293859     8.853333     0.253333   0   0 
 24 308   0.788182      161.280      135.990     0.704620      100.873  59.18     0.699065        0.243     0.007098     9.080000     0.226667   0   0 
 25 308   0.791582      161.573      135.450     0.704699      100.873  59.18     0.699065        6.492     0.154975     9.186667     0.106667   1   0 
 26 308   0.746625      161.573      133.335     0.704927      100.888  59.19     0.699161        0.672     0.162209     9.213333     0.026667   0   0 
 27 308   0.780526      161.573      133.335     0.704981      100.888  59.19     0.699161        0.000     0.000000     9.253333     0.040000   0   1 
 28 308   0.465556      161.573      133.020     0.705427      100.888  59.19     0.699161        7.018     0.007234     9.320000     0.066667   1   1 
 29 308   0.540948      170.933      129.780     0.711370      109.093  64.00     0.701531        0.227     0.155794     9.493333     0.173333   0   1 
 30 308   0.317892      171.180      127.665     0.711491      110.534  64.85     0.700613        0.173     0.002222     9.920000     0.426667   0   1 
 31 308   0.318720      172.215      123.345     0.712195      112.316  65.89     0.699709        0.568     0.001338    10.160000     0.240000   0   1 
 32 308   0.316486      172.305      119.543     0.712771      112.879  66.22     0.699645        0.295     0.011941    10.306667     0.146667   0   1 
 33 308   0.460500      172.418      119.003     0.714416      113.196  66.41     0.701576        0.915     0.156226    10.400000     0.093333   0   1 
 34 308   0.518635      172.598      118.305     0.715434      113.472  66.57     0.702960        0.521     0.024034    10.506667     0.106667   0   1 
 35 308   0.524937      173.250      118.373     0.715639      113.472  66.57     0.702960        5.702     0.163075    10.680000     0.173333   1   1 
 36 308   0.607616      173.250      118.373     0.715699      113.472  66.57     0.702960        0.000     0.000000    11.266667     0.586667   0   1 
 37 308   0.581808      173.138      118.575     0.716247      113.472  66.57     0.702960        0.000     0.145982    11.720000     0.453333   0   1 
 38 308   0.331984      174.690      116.393     0.723871      115.761  67.92     0.707769        4.881     0.276225    11.880000     0.160000   0   1 
 39 308   0.434343      176.648      113.108     0.725362      118.976  69.80     0.705917        0.598     0.096198    12.053333     0.173333   0   1 
 40 308   0.070891      178.020      111.285     0.731149      122.387  71.80     0.706595        0.833     0.457326    12.133333     0.080000   0   1 
 41 308   0.006927      177.818      111.173     0.732512      122.910  72.11     0.707295        0.224     0.122724    12.280000     0.146667   0   1 
 42 308   0.004197      178.178      110.565     0.735822      124.279  72.91     0.709366        1.110     0.003628    12.373333     0.093333   0   1 
 43 308   0.407019      179.325      110.475     0.740738      125.814  73.81     0.714295        1.515     0.375132    12.733333     0.360000   0   1 
 44 308   0.454612      180.945      111.465     0.741233      125.814  73.81     0.714295        4.514     0.163748    12.906667     0.173333   1   1 
 45 308   0.588573      180.788      111.443     0.741930      125.814  73.81     0.714295        0.000     0.145982    13.466667     0.560000   0   1 
 46 308   0.339977      183.465      113.175     0.742746      125.916  73.87     0.714177        6.010     0.462922    13.653333     0.186667   0   1 
 47 308   0.536978      183.398      113.153     0.742752      125.916  73.87     0.714177        6.010     0.129589    13.906667     0.253333   1   1 
 48 308   0.096069      183.848      111.983     0.746578      128.167  75.19     0.714451        5.777     0.597900    14.066667     0.160000   0   1 
 49 308   0.471976      183.960      111.848     0.746658      128.190  75.21     0.715224        1.271     0.455104    14.360000     0.293333   0   1 
 50 308   0.555519      184.388      112.005     0.746766      128.190  75.21     0.715224        5.282     0.166488    14.453333     0.093333   1   1 
 51 308   0.192482      186.098      109.463     0.744519      130.350  76.47     0.713584        2.823     0.332552    14.573333     0.120000   0   1 
 52 308   0.083358      185.963      109.418     0.744445      130.363  76.48     0.713753        8.293     0.004653    14.640000     0.066667   1   1 
 53 308   0.225910      185.918      109.778     0.745649      130.914  76.81     0.714624        2.218     0.186264    14.853333     0.213333   0   1 
 54 308   0.254830      185.625      109.778     0.745936      130.914  76.81     0.714624        4.792     0.141636    15.000000     0.146667   1   1 
 55 308   0.595132      185.625      109.778     0.746406      130.914  76.81     0.714624        0.000     0.255907    15.653333     0.653333   0   1 
 56 308   0.309825      186.323      110.745     0.746621      131.057  76.89     0.714516        4.928     0.487781    15.720000     0.066667   0   1 
 57 308   0.556265      186.323      110.655     0.746866      131.178  76.96     0.714976        1.874     0.003278    15.986667     0.266667   0   1 
 58 308   0.607841      186.795      111.443     0.746914      131.178  76.96     0.714976        5.163     0.151169    16.106667     0.120000   1   1 
 59 308   0.462171      186.795      111.443     0.746973      131.261  77.01     0.715049        4.868     0.129913    16.400000     0.293333   0   1 
 60 308   0.597621      186.728      111.420     0.747050      131.261  77.01     0.715049        4.868     0.129913    16.506667     0.106667   1   1 
 61 308   0.131160      186.863      111.330     0.747594      131.587  77.20     0.715492        5.027     0.735480    16.613333     0.106667   0   1 
 62 308   0.247224      186.548      111.240     0.747668      131.587  77.20     0.715492        5.027     0.146240    16.786667     0.173333   1   1 
 63 308   0.290853      187.515      112.928     0.748002      131.628  77.22     0.715514        5.111     0.737879    16.933333     0.146667   0   1 
 64 308   0.574460      187.560      112.523     0.748070      131.661  77.24     0.715518        0.324     0.010974    17.186667     0.253333   0   1 
 65 308   0.593511      187.583      112.500     0.748228      131.700  77.27     0.715602        0.613     0.004969    17.466667     0.280000   0   1 
 66 308   0.610367      187.605      112.478     0.748268      131.700  77.27     0.715602        4.830     0.164582    17.706667     0.240000   1   1 
 67 308   0.099043      189.090      109.913     0.747508      133.771  78.48     0.714930        5.253     0.312263    17.893333     0.186667   0   1 
 68 308   0.128551      189.495      108.338     0.744865      137.974  80.95     0.709663        5.253     0.145597    17.986667     0.093333   1   1 
 69 308   0.588436      189.495      108.338     0.745468      137.974  80.95     0.709663        0.000     0.166667    18.546667     0.560000   0   1 
 70 308   0.413894      191.138      107.865     0.745483      137.993  80.96     0.709681        4.644     0.154663    18.746667     0.200000   0   1 
 71 308   0.530465      191.228      107.910     0.745504      137.993  80.96     0.709681        4.644     0.154663    18.773333     0.026667   1   1 
 72 308   0.597717      191.228      107.910     0.745526      137.993  80.96     0.709681        0.000     0.000000    19.413333     0.640000   0   1 
 73 308   0.580003      191.228      107.910     0.745760      137.993  80.96     0.709681        0.000     0.333333    19.960000     0.546667   0   1 
 74 308   0.585632      191.138      107.910     0.745985      137.993  80.96     0.709681        0.000     0.145982    20.546667     0.586667   0   1 
 75 308   0.221201      191.655      107.505     0.748422      139.029  81.57     0.715059        5.665     0.133193    20.773333     0.226667   0   1 
 76 308   0.284310      191.678      107.483     0.748354      139.029  81.57     0.715059        5.665     0.133193    20.920000     0.146667   1   1 
 77 308   0.342399      194.625      109.148     0.751457      139.063  81.59     0.716980        5.633     0.617150    21.093333     0.173333   0   1 
 78 308   0.595293      194.648      109.125     0.751394      139.063  81.59     0.716980        5.633     0.137835    21.266667     0.173333   1   1 
 79 308   0.605998      194.648      109.125     0.751408      139.063  81.59     0.716980        0.000     0.000000    21.906667     0.640000   0   1 
 80 308   0.282270      194.693      109.125     0.751515      139.119  81.62     0.717717        4.986     0.496080    22.026667     0.120000   0   1 
 81 308   0.546357      194.715      109.148     0.751993      139.133  81.63     0.718863        0.506     0.358383    22.213333     0.186667   0   1 
 82 308   0.594259      194.715      109.148     0.752007      139.133  81.63     0.718863        5.403     0.137697    22.320000     0.106667   1   1 
 83 308   0.608984      194.715      109.148     0.752102      139.133  81.63     0.718863        0.000     0.000000    22.920000     0.600000   0   1 
 84 308   0.584161      194.715      109.148     0.752106      139.133  81.63     0.718863        0.000     0.333333    23.373333     0.453333   0   1 
 85 308   0.593975      194.715      109.103     0.752071      139.133  81.63     0.718863        0.000     0.145982    24.066667     0.693333   0   1 
 86 308   0.026906      194.738      109.035     0.752119      139.304  81.73     0.720408        5.813     0.631621    24.293333     0.226667   0   1 
 87 308   0.064598      194.738      109.035     0.752562      139.501  81.84     0.723189        0.959     0.031154    24.466667     0.173333   0   1 
 88 308   0.078564      194.738      109.035     0.753202      139.675  81.95     0.725506        0.397     0.003579    24.613333     0.146667   0   1 
 89 308   0.079995      195.075      108.788     0.753299      139.675  81.95     0.725506        5.114     0.166354    24.746667     0.133333   1   1 
 90 308   0.602306      195.075      108.788     0.753521      139.675  81.95     0.725506        0.000     0.145982    25.320000     0.573333   0   1 
 91 308   0.450448      194.715      108.653     0.759505      139.717  81.97     0.731236        2.381     0.497974    25.346667     0.026667   0   1 
 92 308   0.574576      194.288      108.630     0.759985      139.717  81.97     0.731236        0.000     0.000000    25.520000     0.173333   0   1 
 93 308   0.574348      194.355      108.608     0.760190      139.717  81.97     0.731236        0.000     0.000000    25.586667     0.066667   0   1 
 94 308   0.574668      194.378      108.540     0.761722      139.738  81.98     0.732889        0.302     0.000917    25.706667     0.120000   0   1 
 95 308   0.581768      194.378      108.540     0.761874      139.738  81.98     0.732889        0.000     0.000000    25.760000     0.053333   0   1 
 96 308   0.581768      194.423      108.540     0.761954      139.738  81.98     0.732889        0.000     0.000000    25.866667     0.106667   0   1 
 97 308   0.589187      194.513      108.495     0.763459      139.758  81.99     0.734503        0.299     0.028920    26.013333     0.146667   0   1 
 98 308   0.597060      194.468      108.495     0.763685      139.758  81.99     0.734503        0.000     0.000000    26.106667     0.093333   0   1 
 99 308   0.597060      194.468      108.495     0.763748      139.758  81.99     0.734503        0.000     0.000000    26.213333     0.106667   0   1 
100 308   0.597060      194.468      108.495     0.763789      139.758  81.99     0.734503        0.000     0.000000    26.373333     0.160000   0   1 
