#scene........................: /home/eldamian/nbvEverardo/models/studying_room.wrl
#triangles....................: 107322
#Total triangles' area........: 170.448196 (m2)
#sensor aperture..............: 135.000000 x 70.000000 (deg)
#range image size.............: 350 x 80
#sensor blind distances.......: 0.500000 .. 30.000000 (m)
#sensor blind angle...........: 80.000000
#sensor Gaussian noise std dev: 0.012000 (m)
#views number.................: 100 
#optimization method..........: Simulated Annealing
#view iterations fitness vxl_occupied(m2) occplane(m2) vxl_quality tri_imaged(m2) tri_imaged(%) tri_quality travelled(m) energy total_time single_time backstep change
  0   0  -0.000000       16.628        4.838     0.635252       10.896   6.39     0.627871        0.000     0.000000     0.000000     0.000000   0   0 
  1 300   0.713586       26.033        5.220     0.621800       18.741  10.99     0.612062        0.000     0.077427     0.253333     0.253333   0   0 
  2 300   0.702588       71.325       43.335     0.631944       30.755  18.04     0.642072        0.000     0.166667     0.573333     0.320000   0   0 
  3 300   0.728887       86.603       63.293     0.631166       37.507  22.01     0.659690        0.000     0.077427     0.933333     0.360000   0   0 
  4 300   0.716368       97.763       69.593     0.644115       53.698  31.50     0.662976        0.000     0.109925     1.306667     0.373333   0   0 
  5 300   0.682076      128.903       76.163     0.640207       66.298  38.90     0.661178        0.000     0.109925     1.693333     0.386667   0   0 
  6 300   0.730824      130.388       91.215     0.642672       72.680  42.64     0.663373        0.000     0.077427     2.240000     0.546667   0   0 
  7 300   0.695551      129.870       94.635     0.654591       75.610  44.36     0.670892        0.000     0.109925     2.693333     0.453333   0   0 
  8 300   0.683489      129.488      100.193     0.656723       76.977  45.16     0.672632        0.000     0.166667     3.226667     0.533333   0   0 
  9 300   0.696675      139.703      109.238     0.663039       82.626  48.48     0.678860        0.000     0.166667     3.733333     0.506667   0   0 
 10 300   0.691153      140.760      116.888     0.666054       85.107  49.93     0.681498        0.000     0.166667     4.200000     0.466667   0   0 
 11 300   0.431542      146.453      127.148     0.675310       87.447  51.30     0.683649        4.536     0.666305     4.240000     0.040000   0   0 
 12 300   0.630419      146.318      126.900     0.676123       87.447  51.30     0.683649        4.536     0.166305     4.293333     0.053333   1   0 
 13 300   0.747554      145.170      128.588     0.677311       87.447  51.30     0.683649        0.000     0.109925     4.866667     0.573333   0   0 
 14 300   0.705557      145.170      128.543     0.678287       87.447  51.30     0.683649        0.000     0.109925     5.346667     0.480000   0   0 
 15 300   0.701158      145.080      128.903     0.679230       87.447  51.30     0.683649        0.000     0.166667     5.866667     0.520000   0   0 
 16 300   0.665313      145.283      128.835     0.679765       87.447  51.30     0.683649        0.000     0.166667     6.346667     0.480000   0   0 
 17 300   0.708843      145.080      129.038     0.680092       87.447  51.30     0.683649        0.000     0.166667     6.946667     0.600000   0   0 
 18 300   0.346468      146.070      127.620     0.684425       89.841  52.71     0.683838        5.538     0.601508     6.973333     0.026667   0   0 
 19 300   0.480769      146.430      127.643     0.685528       91.475  53.67     0.683188        5.538     0.137566     7.000000     0.026667   1   0 
 20 300   0.714744      146.498      127.868     0.685609       91.475  53.67     0.683188        0.000     0.130609     7.560000     0.560000   0   0 
 21 300   0.704070      145.845      131.558     0.686725       91.475  53.67     0.683188        0.000     0.276591     7.866667     0.306667   0   0 
 22 300   0.730480      145.823      131.535     0.687245       91.475  53.67     0.683188        0.000     0.109925     8.453333     0.586667   0   0 
 23 300   0.659099      145.755      131.963     0.687868       91.475  53.67     0.683188        0.000     0.109925     8.920000     0.466667   0   0 
 24 300   0.612763      145.755      132.120     0.691283       91.493  53.68     0.683229        0.000     0.166667     9.480000     0.560000   0   0 
 25 300   0.623478      145.620      132.638     0.692722       91.493  53.68     0.683229        0.000     0.312649    10.053333     0.573333   0   0 
 26 300   0.420973      145.733      132.930     0.695974       92.122  54.05     0.688304        5.496     0.482247    10.080000     0.026667   0   0 
 27 300   0.531583      145.575      132.728     0.696180       92.122  54.05     0.688304        5.496     0.148914    10.106667     0.026667   1   0 
 28 300   0.665602      146.115      133.628     0.699005       93.092  54.62     0.689344        6.317     0.350000    10.120000     0.013333   0   0 
 29 300   0.480377      146.115      133.605     0.699099       93.092  54.62     0.689344        6.317     0.162649    10.146667     0.026667   1   0 
 30 300   0.726363      145.418      133.583     0.699748       93.092  54.62     0.689344        0.000     0.244093    10.706667     0.560000   0   0 
 31 300   0.730312      145.373      133.583     0.700026       93.092  54.62     0.689344        0.000     0.109925    11.293333     0.586667   0   0 
 32 300   0.472756      147.443      153.315     0.704117       95.331  55.93     0.692066        4.957     0.627939    11.320000     0.026667   0   0 
 33 300   0.617264      155.093      148.275     0.708482      101.062  59.29     0.697175        0.419     0.133494    11.360000     0.040000   0   0 
 34 300   0.521609      159.840      140.670     0.703993      106.314  62.37     0.690085        5.289     0.140427    11.400000     0.040000   1   0 
 35 300   0.627750      169.605      138.938     0.719845      111.521  65.43     0.694308        6.055     0.163922    11.426667     0.026667   0   0 
 36 300   0.580141      169.785      138.780     0.719802      111.521  65.43     0.694308        6.055     0.163922    11.453333     0.026667   1   0 
 37 300   0.407603      169.718      138.713     0.721814      111.929  65.67     0.696212        5.118     0.421597    11.493333     0.040000   0   0 
 38 300   0.480769      169.718      138.713     0.721982      111.929  65.67     0.696212        5.118     0.145005    11.506667     0.013333   1   0 
 39 300   0.525251      170.685      134.033     0.725323      113.460  66.57     0.699494        4.964     0.518214    11.573333     0.066667   0   0 
 40 300   0.652271      170.460      134.033     0.725823      113.460  66.57     0.699494        4.964     0.164197    11.626667     0.053333   1   0 
 41 300   0.408104      170.460      134.033     0.725953      113.503  66.59     0.699564        5.552     0.409802    11.640000     0.013333   0   0 
 42 300   0.480769      170.573      134.010     0.726043      113.503  66.59     0.699564        5.552     0.165708    11.666667     0.026667   1   0 
 43 300   0.573635      170.640      134.033     0.726175      113.761  66.74     0.698832        5.038     0.320921    11.693333     0.026667   0   0 
 44 300   0.649497      170.640      133.988     0.727194      114.171  66.98     0.701072        1.107     0.342032    11.826667     0.133333   0   0 
 45 300   0.726884      170.730      133.988     0.727131      114.254  67.03     0.701150        4.958     0.162953    11.866667     0.040000   1   0 
 46 300   0.235958      170.843      133.965     0.729086      114.746  67.32     0.702463        4.400     0.751896    11.893333     0.026667   0   0 
 47 300   0.480769      171.608      132.975     0.730216      115.769  67.92     0.703617        4.400     0.162656    11.933333     0.040000   1   0 
 48 300   0.469412      171.450      132.975     0.736250      117.606  69.00     0.704963        3.542     0.154388    11.946667     0.013333   0   0 
 49 300   0.480769      171.450      132.975     0.736345      117.606  69.00     0.704963        3.542     0.154388    11.986667     0.040000   1   0 
 50 300   0.341958      170.663      132.863     0.744194      118.834  69.72     0.711155        2.884     0.566342    12.026667     0.040000   0   0 
 51 300   0.691317      181.305      121.523     0.746543      128.764  75.54     0.708504        3.803     0.176301    12.093333     0.066667   0   0 
 52 300   0.479006      180.833      120.690     0.751644      129.548  76.00     0.712781        3.803     0.009635    12.133333     0.040000   1   0 
 53 300   0.480769      180.833      120.690     0.751855      129.548  76.00     0.712781        0.000     0.000000    12.173333     0.040000   0   1 
 54 300   0.005505      181.598      119.723     0.755863      132.013  77.45     0.717330        0.017     0.293775    12.200000     0.026667   0   1 
 55 300   0.001047      181.350      117.518     0.762624      135.399  79.44     0.716919        3.821     0.007549    12.226667     0.026667   1   1 
 56 300   0.444000      185.985      107.663     0.764760      141.624  83.09     0.715070        0.166     0.312656    12.373333     0.146667   0   1 
 57 300   0.471039      186.053      106.785     0.767105      143.221  84.03     0.714541        0.189     0.154632    12.546667     0.173333   0   1 
 58 300   0.470356      185.085      106.088     0.772651      143.375  84.12     0.720550        3.816     0.014395    12.613333     0.066667   1   1 
 59 300   0.512646      185.558      106.875     0.772745      143.420  84.14     0.720667        7.272     0.018888    12.760000     0.146667   1   1 
 60 300   0.276385      185.558      106.830     0.772773      143.420  84.14     0.720667        4.400     0.162656    12.826667     0.066667   1   1 
 61 300   0.597697      185.558      106.830     0.772867      143.420  84.14     0.720667        0.000     0.000000    13.426667     0.600000   0   1 
 62 300   0.429346      186.278      108.270     0.773118      143.539  84.21     0.720571        4.950     0.473434    13.586667     0.160000   0   1 
 63 300   0.537737      186.255      108.293     0.773258      143.539  84.21     0.720571        4.950     0.140101    13.626667     0.040000   1   1 
 64 300   0.048529      186.165      108.113     0.773460      143.701  84.31     0.722013        2.877     0.588698    13.653333     0.026667   0   1 
 65 300   0.070384      186.165      108.113     0.773833      143.756  84.34     0.722444        7.835     0.003172    13.706667     0.053333   1   1 
 66 300   0.395376      186.165      108.113     0.774112      143.847  84.39     0.722379        0.712     0.423672    13.786667     0.080000   0   1 
 67 300   0.471555      186.323      108.135     0.774196      143.847  84.39     0.722379        4.683     0.164051    13.853333     0.066667   1   1 
 68 300   0.127270      187.020      106.155     0.777546      146.048  85.68     0.723424        5.571     0.435285    13.906667     0.053333   0   1 
 69 300   0.278442      187.110      106.110     0.777908      146.281  85.82     0.723078        0.171     0.163019    13.973333     0.066667   0   1 
 70 300   0.257924      187.020      106.110     0.780374      146.876  86.17     0.726259        5.654     0.141657    14.106667     0.133333   1   1 
 71 300   0.572409      186.953      105.998     0.780420      146.876  86.17     0.726259        0.000     0.255907    14.666667     0.560000   0   1 
 72 300   0.033196      186.818      104.670     0.788593      149.519  87.72     0.738153        3.712     0.331192    14.760000     0.093333   0   1 
 73 300   0.033595      186.953      104.670     0.789016      149.519  87.72     0.738153        3.712     0.164525    14.826667     0.066667   1   1 
 74 300   0.180971      188.348      106.290     0.790781      150.310  88.19     0.738990        5.665     0.332618    14.893333     0.066667   0   1 
 75 300   0.463555      188.213      106.245     0.791846      150.711  88.42     0.739300        0.799     0.368167    15.053333     0.160000   0   1 
 76 300   0.527963      189.158      106.380     0.791873      150.711  88.42     0.739300        5.823     0.131118    15.173333     0.120000   1   1 
 77 300   0.261007      189.315      105.570     0.793114      151.121  88.66     0.742921        5.842     0.284123    15.226667     0.053333   0   1 
 78 300   0.537313      189.428      105.683     0.793837      151.250  88.74     0.742669        0.826     0.155595    15.360000     0.133333   0   1 
 79 300   0.549281      189.698      105.998     0.793935      151.250  88.74     0.742669        5.766     0.147753    15.466667     0.106667   1   1 
 80 300   0.020583      189.698      105.998     0.794292      151.262  88.74     0.743209        5.343     0.417082    15.493333     0.026667   0   1 
 81 300   0.024404      189.608      105.998     0.794546      151.262  88.74     0.743209        5.343     0.161175    15.653333     0.160000   1   1 
 82 300   0.556745      189.608      105.998     0.794771      151.262  88.74     0.743209        0.000     0.255907    16.253333     0.600000   0   1 
 83 300   0.551762      189.608      105.998     0.794845      151.262  88.74     0.743209        0.000     0.145982    16.946667     0.693333   0   1 
 84 300   0.277123      190.013      104.333     0.795545      151.885  89.11     0.744620        5.213     0.657395    16.973333     0.026667   0   1 
 85 300   0.452069      190.103      104.333     0.795775      151.885  89.11     0.744620        5.213     0.157395    17.053333     0.080000   1   1 
 86 300   0.101332      191.025      103.905     0.796472      152.662  89.56     0.744751        4.838     0.776520    17.093333     0.040000   0   1 
 87 300   0.215002      190.890      103.905     0.796486      152.662  89.56     0.744751        4.838     0.166596    17.160000     0.066667   1   1 
 88 300   0.077291      190.755      103.725     0.797452      152.883  89.69     0.745999        2.740     0.298328    17.306667     0.146667   0   1 
 89 300   0.534614      190.620      103.635     0.798241      152.886  89.70     0.746442        0.168     0.176458    17.386667     0.080000   0   1 
 90 300   0.549925      190.620      103.590     0.798290      152.887  89.70     0.746662        8.104     0.024256    17.440000     0.053333   1   1 
 91 300   0.159254      190.620      103.590     0.798304      152.887  89.70     0.746662        5.552     0.165708    17.493333     0.053333   1   1 
 92 300   0.043921      191.003      104.130     0.799067      153.147  89.85     0.746796        5.785     0.468981    17.533333     0.040000   0   1 
 93 300   0.148902      192.533      105.998     0.800900      153.853  90.26     0.746532        1.385     0.118588    17.706667     0.173333   0   1 
 94 300   0.238233      192.555      105.503     0.801194      153.879  90.28     0.747521        0.902     0.276816    17.986667     0.280000   0   1 
 95 300   0.532582      192.555      105.548     0.801381      153.891  90.29     0.747544        0.579     0.183326    18.160000     0.173333   0   1 
 96 300   0.549194      192.623      105.570     0.801391      153.891  90.29     0.747544        5.727     0.127877    18.293333     0.133333   1   1 
 97 300   0.204339      192.735      105.885     0.803509      154.124  90.42     0.750461        3.220     0.422560    18.386667     0.093333   0   1 
 98 300   0.243464      192.645      105.885     0.803508      154.124  90.42     0.750461        3.220     0.166653    18.440000     0.053333   1   1 
 99 300   0.230608      192.375      105.795     0.803764      154.182  90.46     0.751210        2.817     0.415748    18.666667     0.226667   0   1 
100 300   0.272507      192.375      105.615     0.804032      154.184  90.46     0.751722        7.754     0.025040    18.746667     0.080000   1   1 
