#scene........................: /home/eldamian/nbvEverardo/models/studying_room.wrl
#triangles....................: 107322
#Total triangles' area........: 170.448196 (m2)
#sensor aperture..............: 135.000000 x 70.000000 (deg)
#range image size.............: 350 x 80
#sensor blind distances.......: 0.500000 .. 30.000000 (m)
#sensor blind angle...........: 80.000000
#sensor Gaussian noise std dev: 0.012000 (m)
#views number.................: 100 
#optimization method..........: Simulated Annealing
#view iterations fitness vxl_occupied(m2) occplane(m2) vxl_quality tri_imaged(m2) tri_imaged(%) tri_quality travelled(m) energy total_time single_time backstep change
  0   0  -0.000000       16.628        4.838     0.635252       10.896   6.39     0.627871        0.000     0.000000     0.000000     0.000000   0   0 
  1 300   0.718914       32.918       17.528     0.706556       15.769   9.25     0.701153        0.000     0.109925     0.280000     0.280000   0   0 
  2 300   0.722796       67.770       30.533     0.634133       27.642  16.22     0.677486        0.000     0.109925     0.600000     0.320000   0   0 
  3 300   0.725934       82.530       44.258     0.631295       34.224  20.08     0.688275        0.000     0.077427     0.920000     0.320000   0   0 
  4 300   0.496729      100.620       77.018     0.660221       43.858  25.73     0.693613        5.250     0.657087     0.946667     0.026667   0   0 
  5 300   0.479997      140.693       57.960     0.658388       64.141  37.63     0.687385        5.250     0.136402     1.013333     0.066667   1   0 
  6 300   0.820740      144.315       53.438     0.665180       70.291  41.24     0.686265        0.000     0.479316     1.560000     0.546667   0   0 
  7 300   0.678717      144.203       74.205     0.668102       70.291  41.24     0.686265        0.000     0.276591     2.133333     0.573333   0   0 
  8 300   0.687635      153.878      115.043     0.670931       79.558  46.68     0.692721        0.000     0.276591     2.693333     0.560000   0   0 
  9 300   0.765011      153.158      119.610     0.675514       82.634  48.48     0.699750        0.000     0.109925     3.266667     0.573333   0   0 
 10 300   0.361982      159.998      113.828     0.686539       90.012  52.81     0.703900        5.216     0.609486     3.306667     0.040000   0   0 
 11 300   0.519418      160.628      118.620     0.685027       97.064  56.95     0.695269        5.216     0.166228     3.346667     0.040000   1   0 
 12 300   0.967245      161.190      121.635     0.690744       99.124  58.16     0.696466        0.000     0.187351     3.880000     0.533333   0   0 
 13 300   0.973298      159.480      122.985     0.692572       99.124  58.16     0.696466        0.000     0.609924     4.400000     0.520000   0   0 
 14 300   0.947690      159.390      124.673     0.694725       99.124  58.16     0.696466        0.000     0.109925     5.013333     0.613333   0   0 
 15 300   0.766236      159.368      125.100     0.698503       99.185  58.19     0.696536        0.000     0.145982     5.600000     0.586667   0   0 
 16 300   0.358398      159.255      122.198     0.702394      100.972  59.24     0.694072        5.201     0.147240     5.653333     0.053333   0   0 
 17 300   0.633812      159.165      122.490     0.702529      100.972  59.24     0.694072        5.201     0.147240     5.693333     0.040000   1   0 
 18 300   0.863359      158.108      122.490     0.703141      100.972  59.24     0.694072        0.000     0.255907     6.346667     0.653333   0   0 
 19 300   0.824745      158.040      122.423     0.704268      100.972  59.24     0.694072        0.000     0.609924     6.960000     0.613333   0   0 
 20 300   0.809989      158.018      122.850     0.705024      100.972  59.24     0.694072        0.000     0.500000     7.480000     0.520000   0   0 
 21 300   0.711002      158.018      122.963     0.705963      100.972  59.24     0.694072        0.000     0.145982     8.026667     0.546667   0   0 
 22 300   0.269627      169.515      123.075     0.709233      110.875  65.05     0.691321        6.452     0.498265     8.053333     0.026667   0   0 
 23 300   0.518184      169.785      123.053     0.712058      113.323  66.49     0.692028        0.854     0.355950     8.093333     0.040000   0   0 
 24 300   0.530217      169.898      121.703     0.712415      113.323  66.49     0.692028        5.663     0.162999     8.133333     0.040000   1   0 
 25 300   0.384878      170.078      119.655     0.713446      114.067  66.92     0.693992        3.598     0.769772     8.160000     0.026667   0   0 
 26 300   0.564546      169.448      119.700     0.713554      114.067  66.92     0.693992        3.598     0.159847     8.200000     0.040000   1   0 
 27 300   0.341224      169.448      119.700     0.714879      114.596  67.23     0.694596        3.225     0.833021     8.226667     0.026667   0   0 
 28 300   0.480769      169.358      119.700     0.715254      114.596  67.23     0.694596        3.225     0.145670     8.253333     0.026667   1   0 
 29 300   0.858656      168.660      119.723     0.715728      114.596  67.23     0.694596        0.000     0.687351     8.866667     0.613333   0   0 
 30 300   0.359506      168.075      119.723     0.727859      116.099  68.11     0.702615        2.803     0.635936     8.933333     0.066667   0   0 
 31 300   0.480769      168.030      119.723     0.728149      116.099  68.11     0.702615        0.000     0.000000     8.960000     0.026667   0   1 
 32 300   0.001196      166.883      119.475     0.735103      116.789  68.52     0.708910        0.051     0.168019     9.013333     0.053333   0   1 
 33 300   0.016047      167.625      120.533     0.735989      116.858  68.56     0.711764        3.698     0.362832     9.040000     0.026667   0   1 
 34 300   0.024052      168.413      116.955     0.739888      118.513  69.53     0.718242        3.698     0.008815     9.106667     0.066667   1   1 
 35 300   0.052885      168.570      117.113     0.740048      118.513  69.53     0.718242        3.228     0.025711     9.133333     0.026667   1   1 
 36 300   0.062037      168.548      117.225     0.740328      118.513  69.53     0.718242        5.663     0.162999     9.226667     0.093333   1   1 
 37 300   0.552748      168.345      117.113     0.740691      118.542  69.55     0.718267        0.000     0.145982     9.826667     0.600000   0   1 
 38 300   0.536790      168.345      117.338     0.740890      118.542  69.55     0.718267        0.000     0.333333    10.480000     0.653333   0   1 
 39 300   0.506533      168.233      117.518     0.741001      118.542  69.55     0.718267        0.000     0.145982    11.120000     0.640000   0   1 
 40 300   0.463409      168.660      117.450     0.741037      118.542  69.55     0.718267        0.000     0.500000    11.626667     0.506667   0   1 
 41 300   0.382868      168.683      117.428     0.741163      118.542  69.55     0.718267        0.000     0.609924    12.280000     0.653333   0   1 
 42 300   0.235818      168.728      117.248     0.741347      118.542  69.55     0.718267        0.000     0.276591    12.680000     0.400000   0   1 
 43 300   0.123557      176.670      120.758     0.746990      120.412  70.64     0.719777        5.832     0.494672    12.706667     0.026667   0   1 
 44 300   0.205813      176.805      120.533     0.747129      120.412  70.64     0.719777        5.832     0.161339    12.773333     0.066667   1   1 
 45 300   0.586317      176.805      120.713     0.747846      120.412  70.64     0.719777        0.000     0.145982    13.386667     0.613333   0   1 
 46 300   0.570311      176.805      120.780     0.748128      120.412  70.64     0.719777        0.000     0.333333    13.933333     0.546667   0   1 
 47 300   0.532161      176.760      120.780     0.748333      120.412  70.64     0.719777        0.000     0.145982    14.546667     0.613333   0   1 
 48 300   0.487251      176.715      120.780     0.748419      120.412  70.64     0.719777        0.000     0.500000    15.226667     0.680000   0   1 
 49 300   0.400941      176.715      120.780     0.748639      120.412  70.64     0.719777        0.000     0.609924    15.826667     0.600000   0   1 
 50 300   0.244100      176.715      120.780     0.748841      120.412  70.64     0.719777        0.000     0.276591    16.506667     0.680000   0   1 
 51 300   0.202428      176.445      120.803     0.748980      120.609  70.76     0.719705        0.000     0.166667    17.066667     0.560000   0   1 
 52 300   0.164876      176.288      120.735     0.749221      120.609  70.76     0.719705        0.000     0.354018    17.706667     0.640000   0   1 
 53 300   0.059635      177.210      119.138     0.750706      122.502  71.87     0.717663        4.527     0.519603    17.746667     0.040000   0   1 
 54 300   0.076322      178.200      120.263     0.750901      122.502  71.87     0.717663        4.527     0.165585    17.813333     0.066667   1   1 
 55 300   0.586455      178.200      120.263     0.751631      122.502  71.87     0.717663        0.000     0.145982    18.346667     0.533333   0   1 
 56 300   0.087962      178.695      119.295     0.754505      124.429  73.00     0.717347        5.218     0.589081    18.360000     0.013333   0   1 
 57 300   0.000000      178.830      118.958     0.755267      125.899  73.86     0.718112        5.218     0.145823    18.386667     0.026667   1   1 
 58 300   0.586455      178.785      119.003     0.755297      125.899  73.86     0.718112        0.000     0.443258    18.973333     0.586667   0   1 
 59 300   0.578595      178.785      119.003     0.755344      125.899  73.86     0.718112        0.000     0.333333    19.640000     0.666667   0   1 
 60 300   0.541319      178.650      119.003     0.755471      125.899  73.86     0.718112        0.000     0.145982    20.226667     0.586667   0   1 
 61 300   0.097585      178.515      119.138     0.756575      126.244  74.07     0.719609        5.247     0.476360    20.266667     0.040000   0   1 
 62 300   0.184421      178.380      119.138     0.756596      126.244  74.07     0.719609        5.247     0.143027    20.320000     0.053333   1   1 
 63 300   0.109414      178.380      119.138     0.757024      126.437  74.18     0.719385        5.062     0.459151    20.346667     0.026667   0   1 
 64 300   0.200967      178.380      119.138     0.757037      126.437  74.18     0.719385        5.062     0.146502    20.373333     0.026667   1   1 
 65 300   0.594276      178.313      119.115     0.757079      126.437  74.18     0.719385        0.000     0.333333    20.880000     0.506667   0   1 
 66 300   0.577726      178.313      119.115     0.757089      126.437  74.18     0.719385        0.000     0.333333    21.573333     0.693333   0   1 
 67 300   0.253492      181.980      117.540     0.759618      130.078  76.32     0.720002        5.868     0.164542    21.600000     0.026667   0   1 
 68 300   0.492987      182.093      117.563     0.759634      130.078  76.32     0.720002        5.868     0.164542    21.760000     0.160000   1   1 
 69 300   0.002800      182.678      116.235     0.760555      131.694  77.26     0.716771        6.533     0.577575    21.813333     0.053333   0   1 
 70 300   0.037172      182.678      116.235     0.761028      131.887  77.38     0.720098        1.262     0.195437    21.973333     0.160000   0   1 
 71 300   0.041934      182.633      116.235     0.761110      131.887  77.38     0.720098        5.724     0.163087    22.106667     0.133333   1   1 
 72 300   0.587296      182.543      116.190     0.761128      131.887  77.38     0.720098        0.000     0.145982    22.706667     0.600000   0   1 
 73 300   0.000000      182.543      116.190     0.761934      131.973  77.43     0.720642        2.670     0.324813    22.733333     0.026667   0   1 
 74 300   0.000734      183.443      115.965     0.763628      132.707  77.86     0.726849        0.317     0.300105    22.786667     0.053333   0   1 
 75 300   0.000584      183.398      115.965     0.763667      132.719  77.86     0.726968        7.746     0.012607    22.853333     0.066667   1   1 
 76 300   0.127850      184.298      113.963     0.764368      134.530  78.93     0.727472        0.498     0.365539    22.973333     0.120000   0   1 
 77 300   0.127751      184.568      114.053     0.764485      135.442  79.46     0.725717        5.301     0.135718    23.026667     0.053333   1   1 
 78 300   0.122209      184.208      113.175     0.766111      136.816  80.27     0.727185        4.890     0.717514    23.106667     0.080000   0   1 
 79 300   0.217887      184.343      113.220     0.766106      136.816  80.27     0.727185        4.890     0.140088    23.146667     0.040000   1   1 
 80 300   0.079085      184.298      113.310     0.767097      137.220  80.51     0.728478        5.049     0.261621    23.173333     0.026667   0   1 
 81 300   0.143957      184.298      113.310     0.767209      137.220  80.51     0.728478        5.049     0.151697    23.240000     0.066667   1   1 
 82 300   0.162101      184.163      110.340     0.767485      137.404  80.61     0.729968        3.425     0.139247    23.280000     0.040000   0   1 
 83 300   0.243067      184.073      110.340     0.767704      137.514  80.68     0.730975        0.500     0.024633    23.346667     0.066667   0   1 
 84 300   0.254444      184.073      110.340     0.767764      137.514  80.68     0.730975        3.179     0.163880    23.480000     0.133333   1   1 
 85 300   0.085977      184.343      110.340     0.767977      137.656  80.76     0.731212        3.083     0.643150    23.506667     0.026667   0   1 
 86 300   0.118111      184.343      110.340     0.767991      137.656  80.76     0.731212        3.083     0.163834    23.533333     0.026667   1   1 
 87 300   0.093207      184.343      110.340     0.768072      137.873  80.89     0.731599        4.938     0.621218    23.586667     0.053333   0   1 
 88 300   0.167762      184.343      110.340     0.768126      137.873  80.89     0.731599        4.938     0.141902    23.613333     0.026667   1   1 
 89 300   0.000953      184.253      110.318     0.768854      138.155  81.05     0.732455        5.203     0.276437    23.626667     0.013333   0   1 
 90 300   0.003583      184.253      110.318     0.768958      138.246  81.11     0.732645        0.628     0.125982    23.733333     0.106667   0   1 
 91 300   0.248863      185.085      110.475     0.769976      138.530  81.27     0.734662        2.403     0.113727    23.853333     0.120000   0   1 
 92 300   0.306883      185.085      110.475     0.770084      138.530  81.27     0.734662        3.322     0.165687    23.960000     0.106667   1   1 
 93 300   0.206478      184.995      110.318     0.770972      138.917  81.50     0.734662        4.609     0.664059    24.013333     0.053333   0   1 
 94 300   0.407174      184.973      110.340     0.771072      139.009  81.55     0.734916        0.054     0.007866    24.093333     0.080000   0   1 
 95 300   0.408496      184.815      110.363     0.771088      139.009  81.55     0.734916        4.555     0.156193    24.146667     0.053333   1   1 
 96 300   0.000185      184.950      110.183     0.771742      139.282  81.71     0.735461        3.124     0.797046    24.186667     0.040000   0   1 
 97 300   0.225137      184.860      106.200     0.773677      142.334  83.51     0.734103        4.049     0.306201    24.360000     0.173333   0   1 
 98 300   0.382147      184.455      105.795     0.779070      142.344  83.51     0.739278        3.583     0.165255    24.466667     0.106667   0   1 
 99 300   0.563541      184.185      105.570     0.779235      142.652  83.69     0.738774        3.583     0.019272    24.613333     0.146667   1   1 
100 300   0.469060      184.320      105.750     0.779276      142.654  83.69     0.738883        4.049     0.008925    24.773333     0.160000   1   1 
