#scene........................: /home/eldamian/nbvEverardo/models/studying_room.wrl
#triangles....................: 107322
#Total triangles' area........: 170.448196 (m2)
#sensor aperture..............: 135.000000 x 70.000000 (deg)
#range image size.............: 350 x 80
#sensor blind distances.......: 0.500000 .. 30.000000 (m)
#sensor blind angle...........: 80.000000
#sensor Gaussian noise std dev: 0.012000 (m)
#views number.................: 100 
#optimization method..........: Evolution Strategy
#view iterations fitness vxl_occupied(m2) occplane(m2) vxl_quality tri_imaged(m2) tri_imaged(%) tri_quality travelled(m) energy total_time single_time backstep change
  0   0  -0.000000       16.628        4.838     0.635252       10.896   6.39     0.627871        0.000     0.000000     0.000000     0.000000   0   0 
  1 308   0.716569       32.918       17.528     0.706556       15.769   9.25     0.701153        0.000     0.109925     0.226667     0.226667   0   0 
  2 308   0.720438       67.770       30.533     0.634133       27.642  16.22     0.677486        0.000     0.109925     0.520000     0.293333   0   0 
  3 308   0.289381       67.838       30.465     0.637712       28.314  16.61     0.680325        6.561     0.243250     0.546667     0.026667   0   0 
  4 308   0.572828       67.950       30.375     0.646825       29.694  17.42     0.687555        0.376     0.113819     0.586667     0.040000   0   0 
  5 308   0.480769       91.710       35.190     0.652156       49.113  28.81     0.679129        6.220     0.161930     0.613333     0.026667   1   0 
  6 308   0.689944      124.110       53.438     0.648959       62.735  36.81     0.675790        0.000     0.109925     1.026667     0.413333   0   0 
  7 308   0.428243      139.905       62.528     0.667926       69.413  40.72     0.679795        5.195     0.576391     1.053333     0.026667   0   0 
  8 308   0.522960      141.120       76.365     0.669407       70.927  41.61     0.682919        0.193     0.027451     1.120000     0.066667   0   0 
  9 308   0.479638      150.908       63.990     0.666949       82.447  48.37     0.676039        5.168     0.160584     1.213333     0.093333   1   0 
 10 308   0.483360      155.970       65.970     0.677043       87.027  51.06     0.684237        5.473     0.295659     1.280000     0.066667   0   0 
 11 308   0.696187      154.800       65.160     0.678278       92.735  54.41     0.680074        5.473     0.128992     1.333333     0.053333   1   0 
 12 308   0.325382      155.633       64.193     0.682519       94.763  55.60     0.681705        5.190     0.413503     1.386667     0.053333   0   0 
 13 308   0.487338      156.218       63.855     0.684671       95.702  56.15     0.683569        0.383     0.001002     1.466667     0.080000   0   0 
 14 308   0.480761      155.700       63.743     0.684701       96.084  56.37     0.682803        5.302     0.135909     1.533333     0.066667   1   0 
 15 308   0.444854      157.185       76.815     0.692739       99.293  58.25     0.682636        4.939     0.500682     1.600000     0.066667   0   0 
 16 308   0.648008      159.030       87.413     0.694112      101.719  59.68     0.690655        4.939     0.146664     1.666667     0.066667   1   0 
 17 308   0.911074      158.400       87.233     0.694968      101.719  59.68     0.690655        0.000     0.000000     2.146667     0.480000   0   0 
 18 308   0.830520      157.545      103.680     0.696093      106.059  62.22     0.689520        0.000     0.109925     2.760000     0.613333   0   0 
 19 308   0.869502      156.690      109.980     0.698034      108.612  63.72     0.690119        0.000     0.609924     3.346667     0.586667   0   0 
 20 308   0.751808      156.533      113.873     0.701883      108.722  63.79     0.690192        0.000     0.145982     3.880000     0.533333   0   0 
 21 308   0.774101      156.465      119.993     0.703025      108.761  63.81     0.690243        0.000     0.333333     4.533333     0.653333   0   0 
 22 308   0.355511      156.060      119.723     0.715619      110.114  64.60     0.699553        3.269     0.440429     4.546667     0.013333   0   0 
 23 308   0.479230      156.038      120.420     0.716142      110.329  64.73     0.700331        3.269     0.127780     4.600000     0.053333   1   0 
 24 308   0.866757      155.160      125.393     0.716084      110.329  64.73     0.700331        0.000     0.443258     5.226667     0.626667   0   0 
 25 308   0.871427      154.980      125.393     0.717367      110.329  64.73     0.700331        0.000     0.109925     5.826667     0.600000   0   0 
 26 308   0.766501      154.530      125.640     0.717913      110.329  64.73     0.700331        0.000     0.500000     6.426667     0.600000   0   0 
 27 308   0.374451      156.465      119.025     0.720095      113.059  66.33     0.702099        5.230     0.344393     6.466667     0.040000   0   0 
 28 308   0.611289      157.545      112.793     0.721281      116.133  68.13     0.700651        0.497     0.081496     6.586667     0.120000   0   0 
 29 308   0.589551      157.770      114.255     0.721197      118.444  69.49     0.697106        5.004     0.161112     6.640000     0.053333   1   0 
 30 308   0.802149      157.320      114.233     0.726181      118.444  69.49     0.697106        0.000     0.109925     7.146667     0.506667   0   0 
 31 308   0.309584      158.063      122.040     0.727604      119.744  70.25     0.699001        6.153     0.157444     7.226667     0.080000   0   0 
 32 308   0.532972      158.198      121.995     0.728098      120.160  70.50     0.699861        0.309     0.022183     7.266667     0.040000   0   0 
 33 308   0.534765      158.490      122.153     0.728397      120.160  70.50     0.699861        5.866     0.135261     7.346667     0.080000   1   0 
 34 308   0.812210      158.355      122.108     0.728497      120.160  70.50     0.699861        0.000     0.000000     7.866667     0.520000   0   0 
 35 308   0.786167      158.355      122.220     0.729262      120.160  70.50     0.699861        0.000     0.500000     8.306667     0.440000   0   0 
 36 308   0.863239      158.130      122.153     0.729542      120.160  70.50     0.699861        0.000     0.109925     8.973333     0.666667   0   0 
 37 308   0.710923      158.130      122.153     0.730126      120.160  70.50     0.699861        0.000     0.276591     9.546667     0.573333   0   0 
 38 308   0.476119      162.833      126.765     0.729438      124.198  72.87     0.698298        5.620     0.459368     9.693333     0.146667   0   0 
 39 308   0.740361      163.800      124.133     0.729348      124.198  72.87     0.698298        5.620     0.146719     9.866667     0.173333   1   0 
 40 308   0.808629      163.890      124.133     0.730174      124.198  72.87     0.698298        0.000     0.145982    10.493333     0.626667   0   0 
 41 308   0.787291      163.913      124.110     0.730307      124.198  72.87     0.698298        0.000     0.500000    11.093333     0.600000   0   0 
 42 308   0.367729      164.565      120.353     0.734512      127.327  74.70     0.699266        5.632     0.274968    11.226667     0.133333   0   0 
 43 308   0.739693      165.398      123.300     0.740359      128.974  75.67     0.703539        0.105     0.112914    11.306667     0.080000   0   0 
 44 308   0.728838      166.095      123.998     0.740418      128.974  75.67     0.703539        5.539     0.162053    11.586667     0.280000   1   0 
 45 308   0.833926      165.825      124.088     0.740951      128.974  75.67     0.703539        0.000     0.109925    12.253333     0.666667   0   0 
 46 308   0.478038      166.230      116.505     0.742151      129.336  75.88     0.706309        5.242     0.272210    12.520000     0.266667   0   0 
 47 308   0.733422      166.140      116.505     0.742226      129.336  75.88     0.706309        5.242     0.162286    12.706667     0.186667   1   0 
 48 308   0.361788      170.258      114.683     0.743621      134.624  78.98     0.703363        5.643     0.576614    12.826667     0.120000   0   0 
 49 308   0.623720      175.230      111.938     0.749597      140.753  82.58     0.704326        0.049     0.278363    12.946667     0.120000   0   0 
 50 308   0.479222      175.523      111.713     0.750271      141.607  83.08     0.705296        5.691     0.131584    13.253333     0.306667   1   0 
 51 308   0.807845      175.163      112.568     0.750883      141.607  83.08     0.705296        0.000     0.354018    13.826667     0.573333   0   0 
 52 308   0.427999      176.108      113.310     0.751594      142.234  83.45     0.703920        4.850     0.717551    14.013333     0.186667   0   0 
 53 308   0.770473      176.153      113.310     0.751616      142.234  83.45     0.703920        4.850     0.128310    14.120000     0.106667   1   0 
 54 308   0.799267      176.198      113.603     0.751697      142.234  83.45     0.703920        0.000     0.145982    14.773333     0.653333   0   0 
 55 308   0.714583      176.198      113.603     0.751767      142.234  83.45     0.703920        0.000     0.609924    15.386667     0.613333   0   0 
 56 308   0.322325      176.018      113.423     0.753481      143.668  84.29     0.704748        4.789     0.317266    15.453333     0.066667   0   0 
 57 308   0.478084      175.950      113.423     0.753661      143.969  84.46     0.704628        4.789     0.150599    15.600000     0.146667   1   0 
 58 308   0.452860      184.545      107.595     0.760802      145.397  85.30     0.707255        6.380     0.298864    15.800000     0.200000   0   0 
 59 308   0.789933      184.545      107.595     0.760954      145.397  85.30     0.707255        6.380     0.132197    16.053333     0.253333   1   0 
 60 308   0.474360      184.950      105.908     0.761484      145.950  85.63     0.707913        6.300     0.160511    16.266667     0.213333   0   0 
 61 308   0.796719      184.950      105.908     0.761521      145.950  85.63     0.707913        6.300     0.160511    16.520000     0.253333   1   0 
 62 308   0.619926      185.310      105.233     0.763280      146.259  85.81     0.712780        2.556     0.311779    16.666667     0.146667   0   0 
 63 308   0.761883      185.310      105.233     0.763624      146.259  85.81     0.712780        0.000     0.000000    16.693333     0.026667   0   1 
 64 308   0.395914      185.378      105.008     0.763550      146.604  86.01     0.714136        0.324     0.002275    16.853333     0.160000   0   1 
 65 308   0.402754      185.918      104.558     0.763981      146.682  86.06     0.715435        4.227     0.003010    16.986667     0.133333   1   1 
 66 308   0.272198      185.918      104.468     0.764024      146.758  86.10     0.715958        0.347     0.011787    17.400000     0.413333   0   1 
 67 308   0.326716      187.628       99.900     0.768293      148.150  86.92     0.719170        1.328     0.183672    17.520000     0.120000   0   1 
 68 308   0.322406      187.583       99.810     0.768209      148.150  86.92     0.719170        5.327     0.165730    17.600000     0.080000   1   1 
 69 308   0.598028      187.583       99.810     0.768313      148.150  86.92     0.719170        0.000     0.145982    18.120000     0.520000   0   1 
 70 308   0.069178      187.875       99.338     0.769194      148.528  87.14     0.720016        4.587     0.443622    18.146667     0.026667   0   1 
 71 308   0.250479      188.100       99.293     0.769183      149.049  87.45     0.720648        0.240     0.448275    18.360000     0.213333   0   1 
 72 308   0.255563      188.100       99.293     0.769265      149.049  87.45     0.720648        4.819     0.135990    18.520000     0.160000   1   1 
 73 308   0.590853      188.100       99.293     0.769437      149.049  87.45     0.720648        0.000     0.255907    19.053333     0.533333   0   1 
 74 308   0.000000      187.785       99.293     0.774566      149.606  87.77     0.724404        2.929     0.752586    19.080000     0.026667   0   1 
 75 308   0.000000      187.628       99.248     0.778704      150.667  88.39     0.726359        4.315     0.031149    19.160000     0.080000   1   1 
 76 308   0.199212      187.628       99.248     0.778861      150.792  88.47     0.726960        3.825     0.634190    19.266667     0.106667   0   1 
 77 308   0.338378      187.448       99.203     0.779148      150.905  88.53     0.727457        0.245     0.022640    19.400000     0.133333   0   1 
 78 308   0.343728      187.628       99.180     0.779320      150.956  88.56     0.727845        4.070     0.001626    19.506667     0.106667   1   1 
 79 308   0.189062      187.673       99.180     0.779380      150.956  88.56     0.727845        6.380     0.132197    19.586667     0.080000   1   1 
 80 308   0.598028      187.673       99.180     0.779462      150.956  88.56     0.727845        0.000     0.145982    20.226667     0.640000   0   1 
 81 308   0.156233      188.055       99.878     0.780750      151.117  88.66     0.731338        5.551     0.478247    20.440000     0.213333   0   1 
 82 308   0.481160      188.078       99.990     0.781152      151.180  88.70     0.731379        1.500     0.156536    20.760000     0.320000   0   1 
 83 308   0.535299      188.595      100.688     0.781175      151.180  88.70     0.731379        4.986     0.155044    20.853333     0.093333   1   1 
 84 308   0.000609      187.763      100.688     0.785262      151.321  88.78     0.735552        2.901     0.587934    20.933333     0.080000   0   1 
 85 308   0.000841      187.763      100.688     0.785906      151.324  88.78     0.736394        7.655     0.005923    20.986667     0.053333   1   1 
 86 308   0.000000      187.763      100.688     0.786047      151.324  88.78     0.736394        4.789     0.150599    21.026667     0.040000   1   1 
 87 308   0.000986      187.763      100.688     0.786602      151.337  88.79     0.737020        3.293     0.151240    21.106667     0.080000   0   1 
 88 308   0.001254      187.718      100.688     0.786582      151.337  88.79     0.737020        3.293     0.151240    21.173333     0.066667   1   1 
 89 308   0.587332      187.718      100.688     0.787027      151.337  88.79     0.737020        0.000     0.276591    21.746667     0.573333   0   1 
 90 308   0.571775      187.740      100.575     0.787083      151.337  88.79     0.737020        0.000     0.145982    22.413333     0.666667   0   1 
 91 308   0.367208      188.010      100.103     0.791057      151.384  88.82     0.741179        4.469     0.644044    22.653333     0.240000   0   1 
 92 308   0.606219      188.010      100.103     0.791081      151.384  88.82     0.741179        4.469     0.164728    22.786667     0.133333   1   1 
 93 308   0.315353      190.013       98.595     0.798803      151.932  89.14     0.748874        5.164     0.312441    22.893333     0.106667   0   1 
 94 308   0.466406      190.170       98.573     0.798814      151.932  89.14     0.748874        5.164     0.166459    23.066667     0.173333   1   1 
 95 308   0.197894      190.170       98.528     0.798935      151.983  89.17     0.749790        5.133     0.148011    23.360000     0.293333   0   1 
 96 308   0.294908      190.170       98.528     0.798960      151.983  89.17     0.749790        5.133     0.148011    23.586667     0.226667   1   1 
 97 308   0.602690      190.170       98.528     0.799242      151.983  89.17     0.749790        0.000     0.145982    24.200000     0.613333   0   1 
 98 308   0.591087      190.170       98.528     0.799306      151.983  89.17     0.749790        0.000     0.333333    24.826667     0.626667   0   1 
 99 308   0.584236      190.170       98.528     0.799339      151.983  89.17     0.749790        0.000     0.145982    25.506667     0.680000   0   1 
100 308   0.491686      190.215       98.528     0.799405      151.983  89.17     0.749790        0.000     0.500000    26.226667     0.720000   0   1 
