#scene........................: /home/eldamian/nbvEverardo/models/studying_room.wrl
#triangles....................: 107322
#Total triangles' area........: 170.448196 (m2)
#sensor aperture..............: 135.000000 x 70.000000 (deg)
#range image size.............: 350 x 80
#sensor blind distances.......: 0.500000 .. 30.000000 (m)
#sensor blind angle...........: 80.000000
#sensor Gaussian noise std dev: 0.012000 (m)
#views number.................: 100 
#optimization method..........: Evolution Strategy
#view iterations fitness vxl_occupied(m2) occplane(m2) vxl_quality tri_imaged(m2) tri_imaged(%) tri_quality travelled(m) energy total_time single_time backstep change
  0   0  -0.000000       16.628        4.838     0.635252       10.896   6.39     0.627871        0.000     0.000000     0.000000     0.000000   0   0 
  1 308   0.718914       32.918       17.528     0.706556       15.769   9.25     0.701153        0.000     0.109925     0.253333     0.253333   0   0 
  2 308   0.722796       67.770       30.533     0.634133       27.642  16.22     0.677486        0.000     0.109925     0.560000     0.306667   0   0 
  3 308   0.507106       67.838       30.465     0.637712       28.314  16.61     0.680325        6.561     0.243250     0.573333     0.013333   0   0 
  4 308   0.600109       67.950       30.105     0.644889       30.927  18.14     0.674986        1.256     0.110845     0.600000     0.026667   0   0 
  5 308   0.480575       90.630       35.055     0.651999       50.189  29.45     0.672658        5.566     0.164903     0.613333     0.013333   1   0 
  6 308   0.716265      101.138       79.020     0.663724       56.028  32.87     0.682217        0.000     0.463942     1.066667     0.453333   0   0 
  7 308   0.992214      116.888       82.913     0.653503       67.470  39.58     0.669357        0.000     0.130609     1.546667     0.480000   0   0 
  8 308   0.836446      144.090      104.085     0.656173       77.984  45.75     0.670830        0.000     0.187351     2.093333     0.546667   0   0 
  9 308   0.790010      146.408      115.808     0.661674       85.773  50.32     0.674572        0.000     0.577426     2.666667     0.573333   0   0 
 10 308   0.590734      152.078      109.643     0.677654       93.971  55.13     0.678119        5.473     0.539752     2.720000     0.053333   0   0 
 11 308   0.631231      157.050      110.363     0.686056      100.422  58.92     0.679928       10.928     0.447851     2.786667     0.066667   0   0 
 12 308   0.813416      167.693      114.255     0.700955      110.807  65.01     0.685286        0.081     0.244563     2.880000     0.093333   0   0 
 13 308   0.629700      169.583      113.130     0.704204      114.233  67.02     0.685360        0.271     0.020480     3.000000     0.120000   0   0 
 14 308   0.541371      169.448      113.040     0.704512      114.602  67.24     0.684823       11.248     0.016141     3.040000     0.040000   1   0 
 15 308   0.774898      170.685      114.638     0.718013      118.586  69.57     0.690672        1.972     0.248304     3.240000     0.200000   0   0 
 16 308   0.687133      169.560      115.380     0.719860      118.586  69.57     0.690672        5.108     0.133203     3.533333     0.293333   1   0 
 17 308   0.551809      169.965      114.750     0.726344      120.256  70.55     0.697155        5.290     0.431786     3.653333     0.120000   0   0 
 18 308   0.546783      169.695      114.773     0.726610      120.256  70.55     0.697155        5.290     0.155195     3.720000     0.066667   1   0 
 19 308   0.901007      169.200      117.023     0.727818      121.283  71.16     0.700023        0.000     0.333333     4.253333     0.533333   0   0 
 20 308   0.853464      167.895      117.428     0.728273      121.283  71.16     0.700023        0.000     0.609924     4.840000     0.586667   0   0 
 21 308   0.737836      170.258      118.530     0.729845      121.874  71.50     0.702043        6.147     0.249090     4.906667     0.066667   0   0 
 22 308   0.733997      170.550      118.755     0.730222      122.762  72.02     0.705044        6.147     0.139165     5.000000     0.093333   1   0 
 23 308   0.845904      170.550      118.688     0.731196      122.762  72.02     0.705044        0.000     0.500000     5.506667     0.506667   0   0 
 24 308   0.838286      170.078      118.575     0.731676      122.762  72.02     0.705044        0.000     0.609924     6.173333     0.666667   0   0 
 25 308   0.800715      169.920      118.598     0.732778      122.762  72.02     0.705044        0.000     0.109925     6.800000     0.626667   0   0 
 26 308   0.752258      169.875      118.868     0.735588      122.773  72.03     0.705292        0.000     0.479316     7.360000     0.560000   0   0 
 27 308   0.677314      171.158      116.550     0.737653      124.815  73.23     0.707277        5.251     0.291214     7.426667     0.066667   0   0 
 28 308   0.777893      171.900      116.055     0.739818      125.044  73.36     0.707089        1.033     0.158387     7.586667     0.160000   0   0 
 29 308   0.776384      172.688      117.158     0.740013      125.044  73.36     0.707089        5.076     0.132827     7.760000     0.173333   1   0 
 30 308   0.847613      172.418      117.923     0.740020      125.044  73.36     0.707089        0.000     0.589240     8.280000     0.520000   0   0 
 31 308   0.825823      172.350      117.900     0.740420      125.044  73.36     0.707089        0.000     0.609924     8.866667     0.586667   0   0 
 32 308   0.480930      172.418      117.518     0.747375      126.193  74.04     0.713857        3.359     0.599552     8.933333     0.066667   0   0 
 33 308   0.480769      171.923      117.518     0.751353      126.621  74.29     0.717036        0.421     0.284136     8.986667     0.053333   0   0 
 34 308   0.731978      172.733      118.665     0.751543      126.819  74.40     0.717395        3.481     0.453657     9.133333     0.146667   0   0 
 35 308   0.731395      172.913      118.530     0.751639      127.241  74.65     0.719191        3.481     0.010399     9.440000     0.306667   1   0 
 36 308   0.719489      172.620      118.440     0.752144      127.521  74.81     0.720629        0.115     0.011722     9.586667     0.146667   0   0 
 37 308   0.719415      172.530      118.508     0.752336      127.521  74.81     0.720629        3.024     0.139786     9.733333     0.146667   1   0 
 38 308   0.486275      172.418      118.440     0.756373      129.142  75.77     0.722199        4.685     0.294230     9.800000     0.066667   0   0 
 39 308   0.480769      172.418      118.440     0.758563      129.385  75.91     0.724895        0.412     0.176650     9.866667     0.066667   0   0 
 40 308   0.480769      172.373      118.418     0.761803      130.745  76.71     0.726165        4.944     0.132954     9.960000     0.093333   1   0 
 41 308   0.725494      174.938      118.508     0.763834      133.980  78.60     0.730071        5.024     0.771193     9.986667     0.026667   0   0 
 42 308   0.582078      175.298      116.168     0.763963      133.980  78.60     0.730071        5.024     0.161268    10.013333     0.026667   1   0 
 43 308   0.772791      175.230      116.100     0.764648      133.980  78.60     0.730071        0.000     0.609924    10.586667     0.573333   0   0 
 44 308   0.786408      180.270      116.393     0.768005      134.533  78.93     0.730922        6.504     0.394241    11.053333     0.466667   0   0 
 45 308   0.781026      180.225      116.348     0.768120      134.559  78.94     0.730979        6.504     0.138334    11.266667     0.213333   1   0 
 46 308   0.786023      180.203      116.190     0.768334      134.559  78.94     0.730979        0.000     0.255907    11.906667     0.640000   0   0 
 47 308   0.718576      180.900      115.245     0.769063      135.481  79.49     0.733006        4.806     0.131092    12.053333     0.146667   0   0 
 48 308   0.713856      180.900      115.245     0.769103      135.481  79.49     0.733006        4.806     0.131092    12.106667     0.053333   1   0 
 49 308   0.808896      181.035      114.885     0.770106      136.541  80.11     0.731152        5.422     0.323002    12.133333     0.026667   0   0 
 50 308   0.822324      180.675      114.885     0.770744      136.541  80.11     0.731152        5.422     0.135651    12.213333     0.080000   1   0 
 51 308   0.785763      180.608      114.863     0.771216      136.541  80.11     0.731152        0.000     0.187351    12.853333     0.640000   0   0 
 52 308   0.764702      180.743      114.930     0.771429      136.541  80.11     0.731152        0.000     0.609924    13.453333     0.600000   0   0 
 53 308   0.725850      180.743      114.930     0.771677      136.541  80.11     0.731152        0.000     0.500000    14.013333     0.560000   0   0 
 54 308   0.673244      180.788      114.975     0.772127      136.541  80.11     0.731152        0.000     0.166667    14.626667     0.613333   0   0 
 55 308   0.666835      180.788      114.975     0.772291      136.541  80.11     0.731152        0.000     0.312649    15.213333     0.586667   0   0 
 56 308   0.740209      182.273      113.355     0.772411      136.782  80.25     0.732381        5.759     0.631870    15.440000     0.226667   0   0 
 57 308   0.739854      182.228      113.355     0.772511      136.782  80.25     0.732381        5.759     0.152554    15.640000     0.200000   1   0 
 58 308   0.741745      182.340      112.860     0.772517      136.911  80.32     0.732827        5.561     0.158549    15.880000     0.240000   0   0 
 59 308   0.741708      182.340      112.860     0.772564      136.911  80.32     0.732827        5.561     0.158549    16.146667     0.266667   1   0 
 60 308   0.776871      182.340      112.860     0.772835      136.911  80.32     0.732827        0.000     0.109925    16.706667     0.560000   0   0 
 61 308   0.760890      182.520      112.860     0.772884      136.911  80.32     0.732827        0.000     0.609924    17.320000     0.613333   0   0 
 62 308   0.778566      186.930      116.010     0.774733      137.987  80.96     0.734232        4.980     0.158969    17.560000     0.240000   0   0 
 63 308   0.784498      187.920      114.570     0.777137      138.606  81.32     0.736067        1.024     0.007911    17.786667     0.226667   0   0 
 64 308   0.789860      188.213      113.715     0.778170      139.102  81.61     0.737701        1.041     0.011285    17.960000     0.173333   0   0 
 65 308   0.790736      188.438      113.715     0.778260      139.102  81.61     0.737701        4.464     0.162343    18.226667     0.266667   1   0 
 66 308   0.648663      189.068      114.705     0.779564      139.234  81.69     0.737722        6.062     0.633510    18.360000     0.133333   0   0 
 67 308   0.777094      189.405      114.143     0.781806      139.254  81.70     0.738948        0.420     0.358568    18.453333     0.093333   0   0 
 68 308   0.778127      189.405      114.143     0.781838      139.254  81.70     0.738948        6.240     0.128959    18.640000     0.186667   1   0 
 69 308   0.789839      189.270      114.143     0.781873      139.254  81.70     0.738948        0.000     0.589240    19.253333     0.613333   0   0 
 70 308   0.775185      189.270      114.143     0.781902      139.254  81.70     0.738948        0.000     0.609924    19.906667     0.653333   0   0 
 71 308   0.576884      191.048      113.895     0.785163      142.651  83.69     0.737707        5.209     0.517380    20.026667     0.120000   0   0 
 72 308   0.513457      191.633      112.860     0.786603      143.412  84.14     0.738606        0.291     0.031440    20.160000     0.133333   0   0 
 73 308   0.767141      191.543      112.680     0.788292      143.573  84.23     0.742023        3.169     0.388209    20.280000     0.120000   0   0 
 74 308   0.767141      191.475      112.545     0.788548      143.743  84.33     0.742626        3.169     0.034191    20.386667     0.106667   1   0 
 75 308   0.744989      191.610      112.725     0.788581      143.743  84.33     0.742626        5.483     0.131922    20.546667     0.160000   1   0 
 76 308   0.709578      191.655      112.725     0.788790      143.755  84.34     0.743182        3.028     0.162988    20.613333     0.066667   0   0 
 77 308   0.709578      191.655      112.725     0.788824      143.755  84.34     0.743182        3.028     0.162988    20.800000     0.186667   1   0 
 78 308   0.690561      191.340      112.028     0.792639      145.921  85.61     0.743169        5.998     0.738591    21.066667     0.266667   0   0 
 79 308   0.689332      193.028      109.148     0.789465      147.270  86.40     0.740893       10.960     0.686453    21.240000     0.173333   0   0 
 80 308   0.749943      193.815      108.248     0.792088      147.773  86.70     0.745224        1.840     0.461065    21.466667     0.226667   0   0 
 81 308   0.749200      194.895      106.290     0.790921      149.303  87.59     0.743007       10.070     0.037594    21.600000     0.133333   1   0 
 82 308   0.775852      194.918      105.368     0.792502      149.605  87.77     0.743903        1.236     0.181121    21.693333     0.093333   0   0 
 83 308   0.775015      196.020      104.310     0.792567      149.605  87.77     0.743903        5.260     0.163805    21.920000     0.226667   1   0 
 84 308   0.791873      196.020      104.310     0.792704      149.605  87.77     0.743903        0.000     0.589240    22.466667     0.546667   0   0 
 85 308   0.776704      196.155      104.265     0.793499      149.605  87.77     0.743903        0.000     0.609924    23.146667     0.680000   0   0 
 86 308   0.747209      196.155      104.265     0.793615      149.605  87.77     0.743903        0.000     0.500000    23.786667     0.640000   0   0 
 87 308   0.545612      196.223      104.175     0.794210      150.291  88.17     0.742870        5.970     0.254381    23.960000     0.173333   0   0 
 88 308   0.744013      196.245      104.063     0.794341      150.426  88.25     0.742841        0.403     0.122202    24.173333     0.213333   0   0 
 89 308   0.744013      196.470      104.220     0.794393      150.426  88.25     0.742841        5.764     0.132179    24.413333     0.240000   1   0 
 90 308   0.490388      196.605      103.928     0.796127      151.388  88.82     0.742793        5.254     0.345744    24.613333     0.200000   0   0 
 91 308   0.695211      196.628      103.590     0.796261      151.476  88.87     0.742794        1.369     0.102328    24.786667     0.173333   0   0 
 92 308   0.695211      196.628      103.590     0.796350      151.476  88.87     0.742794        4.874     0.133492    24.973333     0.186667   1   0 
 93 308   0.791872      196.628      103.590     0.796372      151.476  88.87     0.742794        0.000     0.000000    25.560000     0.586667   0   0 
 94 308   0.684214      196.808      103.613     0.796713      151.485  88.87     0.743932        5.587     0.270711    25.680000     0.120000   0   0 
 95 308   0.750849      196.830      103.568     0.796765      151.568  88.92     0.743911        1.616     0.018250    26.000000     0.320000   0   0 
 96 308   0.750907      196.853      103.590     0.796812      151.620  88.95     0.744223        0.202     0.002325    26.280000     0.280000   0   0 
 97 308   0.750907      196.853      103.590     0.796825      151.620  88.95     0.744223        5.688     0.140210    26.773333     0.493333   1   0 
 98 308   0.622134      199.620      101.678     0.797229      153.757  90.21     0.745912        5.508     0.576035    26.933333     0.160000   0   0 
 99 308   0.765000      199.598      101.610     0.797388      153.996  90.35     0.745551        0.585     0.288724    27.040000     0.106667   0   0 
100 308   0.752821      199.620      101.588     0.797577      154.409  90.59     0.745074        5.412     0.144910    27.080000     0.040000   1   0 
