#scene........................: /home/eldamian/nbvEverardo/models/studying_room.wrl
#triangles....................: 107322
#Total triangles' area........: 170.448196 (m2)
#sensor aperture..............: 135.000000 x 70.000000 (deg)
#range image size.............: 350 x 80
#sensor blind distances.......: 0.500000 .. 30.000000 (m)
#sensor blind angle...........: 80.000000
#sensor Gaussian noise std dev: 0.012000 (m)
#views number.................: 100 
#optimization method..........: Evolution Strategy
#view iterations fitness vxl_occupied(m2) occplane(m2) vxl_quality tri_imaged(m2) tri_imaged(%) tri_quality travelled(m) energy total_time single_time backstep change
  0   0  -0.000000       16.628        4.838     0.635252       10.896   6.39     0.627871        0.000     0.000000     0.000000     0.000000   0   0 
  1 308   0.714747       26.033        5.220     0.621800       18.741  10.99     0.612062        0.000     0.077427     0.240000     0.240000   0   0 
  2 308   0.707993       71.325       43.335     0.631944       30.755  18.04     0.642072        0.000     0.166667     0.493333     0.253333   0   0 
  3 308   0.730074       86.603       63.293     0.631166       37.507  22.01     0.659690        0.000     0.077427     0.866667     0.373333   0   0 
  4 308   0.718731       97.763       69.593     0.644115       53.698  31.50     0.662976        0.000     0.109925     1.306667     0.440000   0   0 
  5 308   0.684325      128.903       76.163     0.640207       66.298  38.90     0.661178        0.000     0.109925     1.733333     0.426667   0   0 
  6 308   0.732013      130.388       91.215     0.642672       72.680  42.64     0.663373        0.000     0.077427     2.146667     0.413333   0   0 
  7 308   0.556036      134.258       90.113     0.646953       74.271  43.57     0.666935        3.713     0.271437     2.186667     0.040000   0   0 
  8 308   0.619930      133.808       90.518     0.648690       76.770  45.04     0.673929        3.713     0.161512     2.213333     0.026667   1   0 
  9 308   0.738107      132.638       93.803     0.649903       76.770  45.04     0.673929        0.000     0.109925     2.746667     0.533333   0   0 
 10 308   0.704642      132.210       93.735     0.652211       76.770  45.04     0.673929        0.000     0.109925     3.266667     0.520000   0   0 
 11 308   0.690504      132.053       96.683     0.654665       78.048  45.79     0.675282        0.000     0.166667     3.760000     0.493333   0   0 
 12 308   0.702017      142.155      104.873     0.661060       83.697  49.10     0.681249        0.000     0.166667     4.226667     0.466667   0   0 
 13 308   0.462109      142.515      103.163     0.665631       84.960  49.85     0.682104        5.395     0.464168     4.373333     0.146667   0   0 
 14 308   0.669032      144.315      102.375     0.673465       86.577  50.79     0.688553        0.435     0.336828     4.493333     0.120000   0   0 
 15 308   0.797406      153.518      120.285     0.681846       91.883  53.91     0.697351        0.169     0.152122     4.613333     0.120000   0   0 
 16 308   0.752194      154.058      120.353     0.682613       91.883  53.91     0.697351        5.525     0.148873     4.693333     0.080000   1   0 
 17 308   0.922184      153.923      123.795     0.684122       93.974  55.13     0.699410        0.000     0.166667     5.320000     0.626667   0   0 
 18 308   0.808592      153.833      126.158     0.686980       93.974  55.13     0.699410        0.000     0.500000     5.906667     0.586667   0   0 
 19 308   0.401501      152.843      127.350     0.700072       99.854  58.58     0.695575        5.714     0.295395     5.946667     0.040000   0   0 
 20 308   0.480280      152.663      127.305     0.700553       99.854  58.58     0.695575        5.714     0.164786     6.066667     0.120000   1   0 
 21 308   0.950810      152.460      127.868     0.701021       99.854  58.58     0.695575        0.000     0.130609     6.640000     0.573333   0   0 
 22 308   0.944150      152.370      127.440     0.702804       99.854  58.58     0.695575        0.000     0.109925     7.293333     0.653333   0   0 
 23 308   0.587566      162.585      125.753     0.713526      109.314  64.13     0.702793        5.772     0.406547     7.560000     0.266667   0   0 
 24 308   0.684234      164.700      123.323     0.716631      112.472  65.99     0.703092        0.349     0.029790     7.640000     0.080000   0   0 
 25 308   0.559784      164.903      125.618     0.718244      113.153  66.39     0.705263        0.219     0.085023     7.893333     0.253333   0   0 
 26 308   0.787712      169.380      126.000     0.715858      117.799  69.11     0.700461        0.057     0.197881     8.213333     0.320000   0   0 
 27 308   0.748316      170.078      126.023     0.716022      117.799  69.11     0.700461        6.000     0.129730     8.306667     0.093333   1   0 
 28 308   0.528811      172.823      124.965     0.719280      119.638  70.19     0.702485        5.301     0.424927     8.466667     0.160000   0   0 
 29 308   0.642841      172.598      124.965     0.719846      119.638  70.19     0.702485        5.301     0.148336     8.560000     0.093333   1   0 
 30 308   0.490425      172.530      124.448     0.720703      120.441  70.66     0.702272        5.448     0.307781     8.626667     0.066667   0   0 
 31 308   0.530108      172.553      124.425     0.720578      120.575  70.74     0.702041        0.223     0.010824     8.653333     0.026667   0   0 
 32 308   0.602906      172.598      124.425     0.721218      120.687  70.81     0.702517        2.110     0.170275     8.866667     0.213333   0   0 
 33 308   0.684474      172.598      124.425     0.721247      120.727  70.83     0.702925        1.156     0.006958     9.053333     0.186667   0   0 
 34 308   0.706540      172.508      124.425     0.721694      120.775  70.86     0.703326        3.016     0.003350     9.133333     0.080000   1   0 
 35 308   0.722346      172.418      124.425     0.721835      120.826  70.89     0.703711        0.737     0.022918     9.320000     0.186667   0   0 
 36 308   0.737268      172.418      124.425     0.722128      120.830  70.89     0.703758        5.452     0.129021     9.440000     0.120000   1   0 
 37 308   0.452067      175.050      123.300     0.733569      124.307  72.93     0.707499        6.561     0.466570     9.520000     0.080000   0   0 
 38 308   0.734883      178.965      113.288     0.741965      128.453  75.36     0.707281        1.771     0.274475     9.666667     0.146667   0   0 
 39 308   0.552486      180.338      111.600     0.748389      130.773  76.72     0.711410        0.173     0.078452     9.826667     0.160000   0   0 
 40 308   0.696771      181.373      110.520     0.747810      131.627  77.22     0.710253        2.403     0.284779     9.946667     0.120000   0   0 
 41 308   0.738536      181.598      110.003     0.748181      133.031  78.05     0.709440        5.399     0.156456    10.026667     0.080000   1   0 
 42 308   0.622566      182.025      109.125     0.751910      135.848  79.70     0.708249        5.709     0.455293    10.173333     0.146667   0   0 
 43 308   0.480769      183.285      106.965     0.753150      138.868  81.47     0.708944        5.709     0.142644    10.280000     0.106667   1   0 
 44 308   0.745295      183.173      107.055     0.753385      138.868  81.47     0.708944        0.000     0.276591    10.906667     0.626667   0   0 
 45 308   0.673059      183.083      107.055     0.753945      138.886  81.48     0.709148        0.000     0.145982    11.533333     0.626667   0   0 
 46 308   0.651055      183.083      107.055     0.754037      138.886  81.48     0.709148        0.000     0.312649    12.173333     0.640000   0   0 
 47 308   0.754599      183.038      107.055     0.754443      138.886  81.48     0.709148        0.000     0.276591    12.826667     0.653333   0   0 
 48 308   0.753081      183.083      107.055     0.754692      138.886  81.48     0.709148        0.000     0.109925    13.466667     0.640000   0   0 
 49 308   0.675346      183.083      107.055     0.755280      138.886  81.48     0.709148        0.000     0.145982    14.080000     0.613333   0   0 
 50 308   0.619241      183.038      107.055     0.755410      138.886  81.48     0.709148        0.000     0.166667    14.746667     0.666667   0   0 
 51 308   0.460820      183.173      106.538     0.755256      139.245  81.69     0.710480        0.812     0.243769    14.760000     0.013333   0   0 
 52 308   0.489599      183.128      106.538     0.755406      139.245  81.69     0.710480        0.000     0.000000    14.800000     0.040000   0   1 
 53 308   0.397894      186.773      106.988     0.758527      140.495  82.43     0.709312        7.078     0.199745    15.013333     0.213333   0   1 
 54 308   0.531934      187.470      105.975     0.759533      140.666  82.53     0.710533        0.923     0.030308    15.293333     0.280000   0   1 
 55 308   0.545854      187.470      105.975     0.759580      140.677  82.53     0.710617        6.238     0.002770    15.413333     0.120000   1   1 
 56 308   0.470737      188.753      105.278     0.760553      141.315  82.91     0.710645        6.363     0.023698    15.440000     0.026667   1   1 
 57 308   0.485374      188.865      104.670     0.760871      141.618  83.09     0.710060        1.037     0.005440    15.666667     0.226667   0   1 
 58 308   0.499367      188.888      104.648     0.760928      141.618  83.09     0.710060        6.087     0.137204    15.773333     0.106667   1   1 
 59 308   0.586817      188.798      104.603     0.760894      141.618  83.09     0.710060        0.000     0.000000    16.360000     0.586667   0   1 
 60 308   0.558349      188.798      104.603     0.761151      141.618  83.09     0.710060        0.000     0.333333    17.013333     0.653333   0   1 
 61 308   0.095491      188.798      101.025     0.764539      143.673  84.29     0.712681        5.441     0.313155    17.120000     0.106667   0   1 
 62 308   0.119000      190.125       98.978     0.762066      147.229  86.38     0.710230        5.441     0.146488    17.200000     0.080000   1   1 
 63 308   0.587684      190.125       98.978     0.762770      147.229  86.38     0.710230        0.000     0.166667    17.773333     0.573333   0   1 
 64 308   0.143265      196.020      104.108     0.765208      148.287  87.00     0.711334        3.833     0.755342    17.880000     0.106667   0   1 
 65 308   0.247885      196.200      103.433     0.767724      149.365  87.63     0.712798        1.124     0.012818    18.026667     0.146667   0   1 
 66 308   0.246621      196.020      103.433     0.767975      149.365  87.63     0.712798        4.809     0.153284    18.160000     0.133333   1   1 
 67 308   0.036153      196.020      103.433     0.768111      149.474  87.69     0.713104        0.816     0.408406    18.200000     0.040000   0   1 
 68 308   0.090681      195.975      103.433     0.767975      149.505  87.71     0.713420        0.497     0.110606    18.253333     0.053333   0   1 
 69 308   0.092638      195.908      103.433     0.768170      149.576  87.75     0.714373        5.706     0.007175    18.293333     0.040000   1   1 
 70 308   0.538855      195.953      103.433     0.768389      149.693  87.82     0.714894        0.507     0.315519    18.413333     0.120000   0   1 
 71 308   0.586463      195.953      103.433     0.768447      149.811  87.89     0.715229        0.222     0.005641    18.560000     0.146667   0   1 
 72 308   0.590022      195.818      103.388     0.768390      149.811  87.89     0.715229        5.586     0.147944    18.706667     0.146667   1   1 
 73 308   0.603013      195.773      103.343     0.768473      149.811  87.89     0.715229        0.000     0.000000    19.280000     0.573333   0   1 
 74 308   0.545579      195.773      103.343     0.768622      149.811  87.89     0.715229        0.000     0.333333    19.773333     0.493333   0   1 
 75 308   0.543787      195.773      103.343     0.768606      149.811  87.89     0.715229        0.000     0.145982    20.453333     0.680000   0   1 
 76 308   0.073581      195.705      103.095     0.770280      150.068  88.04     0.717357        2.788     0.254650    20.613333     0.160000   0   1 
 77 308   0.232369      195.705      103.095     0.770304      150.092  88.06     0.717646        0.639     0.121806    20.813333     0.200000   0   1 
 78 308   0.300295      195.683      103.073     0.771483      150.122  88.07     0.720170        0.529     0.008296    21.040000     0.226667   0   1 
 79 308   0.304663      195.683      103.073     0.771844      150.156  88.09     0.720475        8.104     0.035881    21.133333     0.093333   1   1 
 80 308   0.071315      195.683      103.073     0.772029      150.240  88.14     0.720441        0.487     0.027385    21.186667     0.053333   0   1 
 81 308   0.106863      195.615      103.073     0.772521      150.605  88.36     0.719536        0.263     0.120991    21.240000     0.053333   0   1 
 82 308   0.108637      195.683      102.938     0.772563      151.032  88.61     0.719079        3.248     0.009949    21.306667     0.066667   1   1 
 83 308   0.270345      195.683      102.938     0.772602      151.191  88.70     0.718705        3.016     0.003350    21.453333     0.146667   1   1 
 84 308   0.025726      195.750      102.690     0.776574      152.227  89.31     0.721127        2.470     0.100693    21.586667     0.133333   0   1 
 85 308   0.035456      197.798      104.243     0.776714      152.369  89.39     0.721027        4.427     0.113601    21.693333     0.106667   0   1 
 86 308   0.066399      197.798      104.243     0.776997      152.489  89.46     0.720923        1.413     0.020917    21.813333     0.120000   0   1 
 87 308   0.230943      197.933      103.118     0.780883      152.726  89.60     0.723913        9.349     0.293955    22.080000     0.266667   0   1 
 88 308   0.331387      198.045      102.465     0.780833      152.792  89.64     0.723934        9.349     0.017364    22.160000     0.080000   1   1 
 89 308   0.470618      198.158      102.668     0.781147      152.803  89.65     0.724010        3.029     0.314302    22.320000     0.160000   0   1 
 90 308   0.554263      198.360      103.005     0.781196      152.816  89.66     0.724112        0.366     0.010872    22.560000     0.240000   0   1 
 91 308   0.559841      198.360      102.960     0.781234      152.825  89.66     0.724196        3.175     0.009218    22.640000     0.080000   1   1 
 92 308   0.575693      198.360      102.960     0.781247      152.825  89.66     0.724214        3.293     0.015257    22.786667     0.146667   1   1 
 93 308   0.596283      198.360      102.960     0.781267      152.850  89.68     0.724308        1.026     0.035722    23.133333     0.346667   0   1 
 94 308   0.613775      198.900      103.815     0.781283      152.850  89.68     0.724308        4.671     0.164394    23.466667     0.333333   1   1 
 95 308   0.000000      198.900      103.815     0.783511      153.020  89.78     0.726519        5.391     0.418882    23.520000     0.053333   0   1 
 96 308   0.102294      198.945      103.680     0.783491      153.070  89.80     0.726819        9.963     0.674106    23.786667     0.266667   0   1 
 97 308   0.236478      199.013      103.838     0.783935      153.182  89.87     0.727410        0.509     0.027681    24.080000     0.293333   0   1 
 98 308   0.239669      199.013      103.838     0.784218      153.318  89.95     0.727691       10.255     0.035120    24.173333     0.093333   1   1 
 99 308   0.343769      198.653      103.815     0.784756      153.359  89.97     0.729228        3.284     0.139684    24.386667     0.213333   0   1 
100 308   0.382256      198.653      103.770     0.784855      153.392  89.99     0.729405        3.284     0.029760    24.573333     0.186667   1   1 
