#scene........................: /home/eldamian/nbvEverardo/models/laboratory.wrl
#triangles....................: 361767
#Total triangles' area........: 443.205414 (m2)
#sensor aperture..............: 135.000000 x 70.000000 (deg)
#range image size.............: 350 x 80
#sensor blind distances.......: 0.500000 .. 30.000000 (m)
#sensor blind angle...........: 80.000000
#sensor Gaussian noise std dev: 0.012000 (m)
#views number.................: 100 
#optimization method..........: Evolution Strategy
#view iterations fitness vxl_occupied(m2) occplane(m2) vxl_quality tri_imaged(m2) tri_imaged(%) tri_quality travelled(m) energy total_time single_time backstep change
  0   0  -0.000000       18.338        0.000     0.641809       15.030   3.39     0.643016        0.000     0.000000     0.000000     0.000000   0   0 
  1 308   0.706012       27.473        0.000     0.628786       22.845   5.15     0.633184        0.000     0.077427     0.253333     0.253333   0   0 
  2 308   0.449932       47.970        9.743     0.653144       26.022   5.87     0.637934        1.218     0.242428     0.266667     0.013333   0   0 
  3 308   0.477844       48.375        9.743     0.652317       26.022   5.87     0.637934        0.000     0.000000     0.293333     0.026667   0   0 
  4 308   0.477902       48.420        9.698     0.652262       26.022   5.87     0.637934        0.000     0.000000     0.346667     0.053333   0   0 
  5 308   0.477908       48.488        9.585     0.651891       26.022   5.87     0.637934        0.000     0.000000     0.386667     0.040000   0   0 
  6 308   0.477908       48.488        9.563     0.652387       26.022   5.87     0.637934        0.000     0.000000     0.413333     0.026667   0   0 
  7 308   0.539996       50.918        9.563     0.648921       28.517   6.43     0.628378        0.024     0.150498     0.453333     0.040000   0   0 
  8 308   0.480675       50.940        9.563     0.649083       28.517   6.43     0.628378        0.000     0.000000     0.506667     0.053333   0   0 
  9 308   0.480675       51.053        9.563     0.649047       28.517   6.43     0.628378        0.000     0.000000     0.546667     0.040000   0   0 
 10 308   0.600204       77.490       34.493     0.629672       39.260   8.86     0.626733        0.598     0.479712     0.640000     0.093333   0   0 
 11 308   0.477525       77.220       34.515     0.632809       39.260   8.86     0.626733        0.000     0.000000     0.680000     0.040000   0   0 
 12 308   0.602194      111.353      114.345     0.601770       47.278  10.67     0.630041        0.260     0.112874     0.733333     0.053333   0   0 
 13 308   0.672246      150.165      130.118     0.606986       62.203  14.03     0.645323        0.179     0.217239     0.813333     0.080000   0   0 
 14 308   0.495342      173.903      164.475     0.593129       71.892  16.22     0.641664        0.402     0.141746     1.106667     0.293333   0   0 
 15 308   0.479213      174.420      164.543     0.594554       71.892  16.22     0.641664        0.000     0.000000     1.240000     0.133333   0   0 
 16 308   0.664258      195.030      169.268     0.592195       82.013  18.50     0.639421        3.698     0.082161     1.693333     0.453333   0   0 
 17 308   0.846899      215.393      165.015     0.598989       97.922  22.09     0.647113        1.012     0.244489     2.386667     0.693333   0   0 
 18 308   0.662080      235.260      189.180     0.604361      108.462  24.47     0.652509        0.565     0.284403     3.173333     0.786667   0   0 
 19 308   0.603985      245.700      181.328     0.616366      118.998  26.85     0.657901        2.900     0.297653     3.680000     0.506667   0   0 
 20 308   0.617052      248.895      177.930     0.622184      125.922  28.41     0.655887        1.621     0.005667     3.973333     0.293333   0   0 
 21 308   0.503019      254.768      188.505     0.625610      131.918  29.76     0.653724        2.941     0.296636     4.533333     0.560000   0   0 
 22 308   0.481119      255.803      186.660     0.624428      133.527  30.13     0.655220        5.613     0.004002     4.906667     0.373333   1   0 
 23 308   0.478130      255.915      186.615     0.624447      133.527  30.13     0.655220        0.000     0.000000     5.360000     0.453333   0   0 
 24 308   0.478143      255.870      186.615     0.624557      133.527  30.13     0.655220        0.000     0.000000     5.773333     0.413333   0   0 
 25 308   0.478143      256.028      186.503     0.624465      133.527  30.13     0.655220        0.000     0.000000     6.200000     0.426667   0   0 
 26 308   0.538413      270.675      181.260     0.622393      140.923  31.80     0.653509        4.458     0.456127     6.706667     0.506667   0   0 
 27 308   0.836356      278.370      188.055     0.633788      148.622  33.53     0.661934        1.168     0.254999     7.146667     0.440000   0   0 
 28 308   0.831514      317.048      188.550     0.649289      172.401  38.90     0.666296        1.639     0.173736     7.866667     0.720000   0   0 
 29 308   0.810852      342.113      163.103     0.677243      191.842  43.29     0.678658        1.975     0.010999     9.413333     1.546667   0   0 
 30 308   0.827271      353.903      157.433     0.679443      201.380  45.44     0.675917        1.488     0.174415    12.080000     2.666667   0   0 
 31 308   0.753786      379.935      131.355     0.686923      218.763  49.36     0.681252        1.804     0.430317    15.080000     3.000000   0   0 
 32 308   0.703399      394.898      126.563     0.690204      228.993  51.67     0.683091        1.731     0.360941    17.533333     2.453333   0   0 
 33 308   0.673270      414.090      106.020     0.689542      242.107  54.63     0.679973        0.075     0.412728    20.853333     3.320000   0   0 
 34 308   0.672061      415.553      105.053     0.689904      245.409  55.37     0.678873        0.187     0.206250    22.893333     2.040000   0   0 
 35 308   0.590274      415.958      104.265     0.691750      247.119  55.76     0.679363        4.864     0.149883    24.280000     1.386667   0   0 
 36 308   0.574108      416.340      103.635     0.692992      248.397  56.05     0.680176        0.689     0.024124    25.746667     1.466667   0   0 
 37 308   0.480769      416.723      103.613     0.693253      249.049  56.19     0.680131        4.848     0.020224    26.880000     1.133333   1   0 
 38 308   0.628881      417.173      103.613     0.693829      249.935  56.39     0.680556        0.728     0.029255    29.186667     2.306667   0   0 
 39 308   0.547636      417.195      103.613     0.694782      250.912  56.61     0.680910        0.891     0.023489    30.920000     1.733333   0   0 
 40 308   0.693702      417.623      103.410     0.696931      252.575  56.99     0.682201        1.284     0.343517    33.373333     2.453333   0   0 
 41 308   0.484334      417.488      103.343     0.697884      253.236  57.14     0.682872        0.450     0.006589    34.573333     1.200000   0   0 
 42 308   0.480761      417.960      103.185     0.702077      255.786  57.71     0.688266        3.506     0.193967    36.240000     1.666667   1   0 
 43 308   0.480769      417.960      103.185     0.703787      256.712  57.92     0.689327        3.198     0.186996    39.760000     3.520000   1   0 
 44 308   0.480769      418.005      103.185     0.703809      256.796  57.94     0.689243        4.458     0.012869    40.973333     1.213333   1   0 
 45 308   0.480769      418.005      103.185     0.703821      256.796  57.94     0.689243        0.000     0.000000    41.533333     0.560000   0   1 
 46 308   0.237211      434.543       86.895     0.709702      271.432  61.24     0.693239        6.957     0.287250    41.813333     0.280000   0   1 
 47 308   0.088568      436.230       82.845     0.712589      274.273  61.88     0.694617        2.470     0.126566    42.186667     0.373333   0   1 
 48 308   0.050944      438.503       81.630     0.714183      277.767  62.67     0.694932        2.503     0.112960    43.106667     0.920000   0   1 
 49 308   0.106945      440.910       78.773     0.716939      282.470  63.73     0.692557        3.143     0.470562    43.720000     0.613333   0   1 
 50 308   0.161734      450.360       71.640     0.718857      290.981  65.65     0.692982        9.174     0.205365    44.973333     1.253333   0   1 
 51 308   0.355181      455.153       57.060     0.726504      298.631  67.38     0.695822        0.533     0.197882    46.346667     1.373333   0   1 
 52 308   0.112068      463.253       40.883     0.735777      308.763  69.67     0.698966        1.680     0.168722    48.493333     2.146667   0   1 
 53 308   0.107919      465.593       39.983     0.737119      311.990  70.39     0.698969        2.878     0.134741    49.360000     0.866667   0   1 
 54 308   0.053860      467.798       34.200     0.744243      318.481  71.86     0.700513        6.090     0.198924    51.333333     1.973333   0   1 
 55 308   0.019870      468.878       33.165     0.745986      321.048  72.44     0.700716        0.402     0.195257    53.640000     2.306667   0   1 
 56 308   0.016855      470.318       30.960     0.746899      326.524  73.67     0.703407        1.454     0.546226    56.933333     3.293333   0   1 
 57 308   0.019716      470.160       30.690     0.747906      329.406  74.32     0.702311        1.770     0.400610    58.533333     1.600000   0   1 
 58 308   0.014424      472.208       27.968     0.749646      332.760  75.08     0.702830       16.864     0.331669    59.413333     0.880000   0   1 
 59 308   0.092063      472.433       32.513     0.752889      334.243  75.41     0.705039        4.369     0.370237    60.093333     0.680000   0   1 
 60 308   0.218536      472.995       33.120     0.753427      335.105  75.61     0.705319        0.249     0.010465    60.680000     0.586667   0   1 
 61 308   0.090108      476.550       28.845     0.757794      340.354  76.79     0.706951        4.276     0.026685    61.133333     0.453333   1   1 
 62 308   0.044014      477.675       27.833     0.758902      342.445  77.27     0.707526        0.620     0.035920    61.560000     0.426667   0   1 
 63 308   0.106702      477.878       25.988     0.762959      346.961  78.28     0.707963        0.434     0.136730    61.920000     0.360000   0   1 
 64 308   0.074663      478.643       43.628     0.764379      349.849  78.94     0.709440       17.326     0.025279    62.226667     0.306667   1   1 
 65 308   0.017593      479.228       42.728     0.764427      351.409  79.29     0.709253        5.582     0.332802    62.880000     0.653333   0   1 
 66 308   0.004761      479.993       39.263     0.770657      357.508  80.66     0.712049        8.261     0.310244    63.640000     0.760000   0   1 
 67 308   0.002201      480.240       39.240     0.771034      358.192  80.82     0.712628        9.883     0.207138    65.226667     1.586667   0   1 
 68 308   0.006846      480.285       39.195     0.771438      359.596  81.14     0.712406        9.883     0.019787    66.320000     1.093333   1   1 
 69 308   0.004716      480.555       38.835     0.773673      360.969  81.45     0.713804       15.389     0.180389    68.053333     1.733333   0   1 
 70 308   0.005050      481.050       38.925     0.775174      364.103  82.15     0.715989        2.806     0.285446    71.426667     3.373333   0   1 
 71 308   0.007682      480.983       38.880     0.776163      365.270  82.42     0.717505        0.819     0.206649    73.813333     2.386667   0   1 
 72 308   0.008502      481.523       38.520     0.778405      368.476  83.14     0.719240        3.435     0.001370    76.226667     2.413333   1   1 
 73 308   0.007322      481.950       38.813     0.778579      368.918  83.24     0.719556        3.980     0.009059    78.453333     2.226667   0   1 
 74 308   0.009804      481.950       38.768     0.778816      368.918  83.24     0.719556        3.980     0.009059    80.466667     2.013333   1   1 
 75 308   0.003835      482.603       38.745     0.779572      370.383  83.57     0.719852        3.283     0.650979    83.173333     2.706667   0   1 
 76 308   0.006319      482.828       38.745     0.779836      371.152  83.74     0.719937        0.146     0.042452    85.826667     2.653333   0   1 
 77 308   0.006452      482.603       38.745     0.779884      371.637  83.85     0.720434        3.143     0.193431    89.613333     3.786667   1   1 
 78 308   0.001314      484.335       38.318     0.780691      373.816  84.34     0.722948        5.270     0.294495    92.880000     3.266667   0   1 
 79 308   0.004606      484.335       38.318     0.783674      374.439  84.48     0.725451        3.020     0.720999    95.933333     3.053333   0   1 
 80 308   0.007489      484.335       38.318     0.784478      374.711  84.55     0.726977        3.020     0.257057    98.533333     2.600000   1   1 
 81 308   0.006912      484.470       38.385     0.784887      374.882  84.58     0.727699        3.849     0.138211   100.173333     1.640000   0   1 
 82 308   0.013671      484.470       38.385     0.785003      374.904  84.59     0.727900        0.761     0.028919   102.173333     2.000000   0   1 
 83 308   0.014890      484.470       38.340     0.785039      374.925  84.59     0.727957        0.431     0.000521   104.506667     2.333333   0   1 
 84 308   0.013620      484.538       38.228     0.788150      378.177  85.33     0.731312        4.298     0.021838   106.280000     1.773333   1   1 
 85 308   0.006654      484.178       37.980     0.788941      378.916  85.49     0.731612        2.209     0.473410   107.720000     1.440000   0   1 
 86 308   0.005435      484.605       38.678     0.788950      379.052  85.53     0.731606        5.060     0.369262   109.746667     2.026667   0   1 
 87 308   0.009347      484.808       38.745     0.789794      379.567  85.64     0.732668        5.060     0.015245   112.600000     2.853333   1   1 
 88 308   0.003572      485.528       39.105     0.791542      380.831  85.93     0.734579        6.084     0.540646   115.573333     2.973333   0   1 
 89 308   0.009182      485.573       39.105     0.791524      380.959  85.96     0.734520        0.773     0.122413   117.400000     1.826667   0   1 
 90 308   0.010000      485.573       39.105     0.791549      381.157  86.00     0.734505        5.475     0.007474   119.506667     2.106667   1   1 
 91 308   0.006693      485.573       39.105     0.791610      381.159  86.00     0.734602        5.393     0.616654   121.680000     2.173333   0   1 
 92 308   0.013556      485.573       39.105     0.792073      381.653  86.11     0.735498        5.393     0.006730   123.173333     1.493333   1   1 
 93 308   0.002285      486.315       39.173     0.792200      381.807  86.15     0.735948        4.584     0.624081   126.720000     3.546667   0   1 
 94 308   0.009004      486.315       39.173     0.792204      381.877  86.16     0.735895        1.261     0.035700   128.920000     2.200000   0   1 
 95 308   0.010388      486.315       39.173     0.792211      381.927  86.17     0.735863        0.365     0.020199   131.333333     2.413333   0   1 
 96 308   0.010692      486.225       39.173     0.792203      381.927  86.17     0.735863        5.615     0.001345   133.600000     2.266667   1   1 
 97 308   0.003835      486.225       39.173     0.792309      382.032  86.20     0.736133        4.535     0.712627   136.013333     2.413333   0   1 
 98 308   0.008141      486.225       39.173     0.792352      382.032  86.20     0.736198        1.510     0.129712   139.200000     3.186667   0   1 
 99 308   0.016923      486.225       39.173     0.792353      382.033  86.20     0.736199        1.206     0.005385   141.066667     1.866667   0   1 
100 308   0.018343      486.270       39.173     0.792345      382.033  86.20     0.736199        5.914     0.021625   142.053333     0.986667   1   1 
