#scene........................: /home/eldamian/nbvEverardo/models/laboratory.wrl
#triangles....................: 361767
#Total triangles' area........: 443.205414 (m2)
#sensor aperture..............: 135.000000 x 70.000000 (deg)
#range image size.............: 350 x 80
#sensor blind distances.......: 0.500000 .. 30.000000 (m)
#sensor blind angle...........: 80.000000
#sensor Gaussian noise std dev: 0.012000 (m)
#views number.................: 100 
#optimization method..........: Evolution Strategy
#view iterations fitness vxl_occupied(m2) occplane(m2) vxl_quality tri_imaged(m2) tri_imaged(%) tri_quality travelled(m) energy total_time single_time backstep change
  0   0  -0.000000       18.338        0.000     0.641809       15.030   3.39     0.643016        0.000     0.000000     0.000000     0.000000   0   0 
  1 308   0.706012       27.473        0.000     0.628786       22.845   5.15     0.633184        0.000     0.077427     0.293333     0.293333   0   0 
  2 308   0.485276       47.970        9.743     0.653144       26.022   5.87     0.637934        1.218     0.242428     0.306667     0.013333   0   0 
  3 308   0.477844       48.375        9.743     0.652317       26.022   5.87     0.637934        0.000     0.000000     0.333333     0.026667   0   0 
  4 308   0.477902       48.420        9.698     0.652262       26.022   5.87     0.637934        0.000     0.000000     0.386667     0.053333   0   0 
  5 308   0.477908       48.488        9.585     0.651891       26.022   5.87     0.637934        0.000     0.000000     0.426667     0.040000   0   0 
  6 308   0.477908       48.488        9.563     0.652387       26.022   5.87     0.637934        0.000     0.000000     0.453333     0.026667   0   0 
  7 308   0.540841       50.918        9.563     0.648921       28.517   6.43     0.628378        0.024     0.150498     0.493333     0.040000   0   0 
  8 308   0.480675       50.940        9.563     0.649083       28.517   6.43     0.628378        0.000     0.000000     0.560000     0.066667   0   0 
  9 308   0.480675       51.053        9.563     0.649047       28.517   6.43     0.628378        0.000     0.000000     0.600000     0.040000   0   0 
 10 308   0.625749       77.490       34.493     0.629672       39.260   8.86     0.626733        0.598     0.479712     0.693333     0.093333   0   0 
 11 308   0.477525       77.220       34.515     0.632809       39.260   8.86     0.626733        0.000     0.000000     0.760000     0.066667   0   0 
 12 308   0.612260      111.353      114.345     0.601770       47.278  10.67     0.630041        0.260     0.112874     0.786667     0.026667   0   0 
 13 308   0.680231      150.165      130.118     0.606986       62.203  14.03     0.645323        0.179     0.217239     0.866667     0.080000   0   0 
 14 308   0.486592      167.625      148.725     0.597217       71.189  16.06     0.639402        0.400     0.120859     1.053333     0.186667   0   0 
 15 308   0.841734      189.405      150.098     0.607936       86.704  19.56     0.650744        3.378     0.247336     1.653333     0.600000   0   0 
 16 308   0.834100      208.238      160.290     0.608995       96.534  21.78     0.651695        0.941     0.252265     2.293333     0.640000   0   0 
 17 308   0.675105      212.828      153.000     0.612187      101.699  22.95     0.648199        2.138     0.285917     2.626667     0.333333   0   0 
 18 308   0.843739      219.870      150.008     0.619643      109.856  24.79     0.648414        1.687     0.163419     2.826667     0.200000   0   0 
 19 308   0.733335      225.540      142.808     0.635397      121.266  27.36     0.659622        1.637     0.291615     3.133333     0.306667   0   0 
 20 308   0.603823      227.408      140.130     0.639797      124.674  28.13     0.661401        1.497     0.176983     3.413333     0.280000   0   0 
 21 308   0.676074      232.155      198.990     0.648340      129.949  29.32     0.662780        1.855     0.463008     3.773333     0.360000   0   0 
 22 308   0.624476      237.173      234.968     0.652205      132.399  29.87     0.664007        0.403     0.123542     4.013333     0.240000   0   0 
 23 308   0.572001      245.633      254.295     0.657342      142.545  32.16     0.670149        3.895     0.016012     4.346667     0.333333   1   0 
 24 308   0.533529      254.205      278.460     0.658906      147.222  33.22     0.670060        1.718     0.219486     4.826667     0.480000   0   0 
 25 308   0.479505      256.005      272.228     0.658208      148.454  33.50     0.672396        4.131     0.007054     5.520000     0.693333   1   0 
 26 308   0.479665      256.118      272.385     0.658366      148.454  33.50     0.672396        0.000     0.000000     5.893333     0.373333   0   0 
 27 308   0.479686      256.230      272.430     0.658267      148.454  33.50     0.672396        0.000     0.000000     6.400000     0.506667   0   0 
 28 308   0.479621      256.298      271.958     0.658253      148.454  33.50     0.672396        0.000     0.000000     6.666667     0.266667   0   0 
 29 308   0.479626      256.410      271.845     0.658349      148.454  33.50     0.672396        0.000     0.000000     6.920000     0.253333   0   0 
 30 308   0.479626      256.455      271.395     0.658373      148.454  33.50     0.672396        0.000     0.000000     7.213333     0.293333   0   0 
 31 308   0.693260      264.330      286.200     0.675995      161.407  36.42     0.686388        3.902     0.297031     7.466667     0.253333   0   0 
 32 308   0.670417      284.580      268.268     0.688882      177.037  39.94     0.692632        4.308     0.335962     8.253333     0.786667   0   0 
 33 308   0.922835      312.885      277.110     0.676774      188.159  42.45     0.685493        0.696     0.109962     9.066667     0.813333   0   0 
 34 308   0.933160      352.260      250.763     0.671024      204.158  46.06     0.681779        1.077     0.157145     9.720000     0.653333   0   0 
 35 308   0.871718      364.365      235.688     0.675417      214.555  48.41     0.682989        0.696     0.299965    10.506667     0.786667   0   0 
 36 308   0.768235      379.463      220.590     0.679474      225.371  50.85     0.683097        0.963     0.412464    11.533333     1.026667   0   0 
 37 308   0.673535      411.165      171.878     0.694313      237.095  53.50     0.688722        2.844     0.370749    12.253333     0.720000   0   0 
 38 308   0.690762      428.940      141.930     0.701119      254.930  57.52     0.691422        2.147     0.496785    15.253333     3.000000   0   0 
 39 308   0.616505      437.715      110.565     0.707987      265.914  60.00     0.695625        3.677     0.326962    17.266667     2.013333   0   0 
 40 308   0.752124      439.875      108.248     0.710514      269.917  60.90     0.695389        3.239     0.458371    18.680000     1.413333   0   0 
 41 308   0.863901      448.515       95.265     0.711936      277.822  62.68     0.693365        3.717     0.165067    20.146667     1.466667   0   0 
 42 308   0.516186      449.213       92.340     0.713957      280.770  63.35     0.693342        1.083     0.013866    21.573333     1.426667   0   0 
 43 308   0.480918      449.325       90.428     0.715626      282.824  63.81     0.693144        0.608     0.004627    22.800000     1.226667   0   0 
 44 308   0.640326      451.215       88.448     0.716001      287.788  64.93     0.690995        3.861     0.167339    25.653333     2.853333   0   0 
 45 308   0.498549      452.655       84.150     0.718642      294.176  66.37     0.692762        1.579     0.409366    28.160000     2.506667   0   0 
 46 308   0.620657      452.970       83.970     0.719655      296.306  66.86     0.693479        1.583     0.336617    29.520000     1.360000   0   0 
 47 308   0.609440      453.623       83.903     0.720732      297.787  67.19     0.694355        1.260     0.012204    31.106667     1.586667   0   0 
 48 308   0.480110      453.240       83.903     0.721575      298.792  67.42     0.695246        3.297     0.008199    33.426667     2.320000   1   0 
 49 308   0.480769      453.015       83.588     0.726395      300.988  67.91     0.700908        3.383     0.194191    34.773333     1.346667   1   0 
 50 308   0.480532      452.070       83.543     0.730233      304.825  68.78     0.701834        5.448     0.168935    38.426667     3.653333   1   0 
 51 308   0.480610      452.025       83.498     0.730366      305.162  68.85     0.702071        3.902     0.020440    39.760000     1.333333   1   0 
 52 308   0.480387      452.228       83.430     0.730339      305.162  68.85     0.702071        0.000     0.000000    40.533333     0.773333   0   1 
 53 308   0.093563      458.123       60.278     0.735321      310.900  70.15     0.705214        5.652     0.699758    41.266667     0.733333   0   1 
 54 308   0.143923      463.230       53.190     0.739286      319.770  72.15     0.706940        2.622     0.589676    42.280000     1.013333   0   1 
 55 308   0.247603      463.140       52.200     0.742203      322.511  72.77     0.707295        2.805     0.157860    43.053333     0.773333   0   1 
 56 308   0.008726      465.075       46.530     0.745694      329.081  74.25     0.711690       13.720     0.460308    47.160000     4.106667   0   1 
 57 308   0.145200      465.143       46.508     0.745793      329.146  74.26     0.711685        4.277     0.468016    49.053333     1.893333   0   1 
 58 308   0.171444      465.728       45.338     0.747790      332.242  74.96     0.714761        4.277     0.301350    50.813333     1.760000   1   1 
 59 308   0.011969      468.158       35.730     0.750909      336.586  75.94     0.714562        0.650     0.454517    54.706667     3.893333   0   1 
 60 308   0.007425      468.878       35.505     0.752219      338.046  76.27     0.715317        1.813     0.473419    57.800000     3.093333   0   1 
 61 308   0.015450      468.900       30.488     0.756102      342.954  77.38     0.717753        3.913     0.614091    59.213333     1.413333   0   1 
 62 308   0.005566      469.080       30.443     0.756291      343.617  77.53     0.717805        3.926     0.617561    61.893333     2.680000   0   1 
 63 308   0.058112      471.105       28.778     0.757621      346.492  78.18     0.717576        6.364     0.397546    62.800000     0.906667   0   1 
 64 308   0.020869      472.748       27.630     0.761118      350.017  78.97     0.719094        6.628     0.002029    65.333333     2.533333   0   1 
 65 308   0.020187      474.885       26.348     0.764943      355.030  80.11     0.722852        4.836     0.155487    66.240000     0.906667   0   1 
 66 308   0.007592      474.863       26.280     0.765903      355.971  80.32     0.723106        5.162     0.268137    69.560000     3.320000   0   1 
 67 308   0.005756      475.268       26.168     0.766577      356.362  80.41     0.723829        3.290     0.441699    72.933333     3.373333   0   1 
 68 308   0.019111      475.785       24.818     0.768678      359.678  81.15     0.723728        6.143     0.304361    73.880000     0.946667   0   1 
 69 308   0.016330      476.235       24.165     0.769431      360.136  81.26     0.724691        6.882     0.309642    75.306667     1.426667   0   1 
 70 308   0.010906      476.550       23.850     0.770702      361.582  81.58     0.725791        6.882     0.012367    77.333333     2.026667   1   1 
 71 308   0.008293      476.505       23.850     0.771076      361.913  81.66     0.726168        6.852     0.020332    78.893333     1.560000   0   1 
 72 308   0.012417      476.505       23.805     0.771164      362.095  81.70     0.726302        0.006     0.023909    81.026667     2.133333   0   1 
 73 308   0.012498      476.640       23.805     0.771238      362.095  81.70     0.726302        6.848     0.003578    83.026667     2.000000   1   1 
 74 308   0.001479      477.248       24.278     0.771996      362.907  81.88     0.727767        5.708     0.665350    87.160000     4.133333   0   1 
 75 308   0.003170      477.180       24.143     0.772646      363.732  82.07     0.728903        0.305     0.049330    90.186667     3.026667   0   1 
 76 308   0.003233      477.180       24.143     0.773170      364.176  82.17     0.729861        0.475     0.072768    93.186667     3.000000   0   1 
 77 308   0.003303      477.180       24.143     0.773542      364.643  82.27     0.730227        6.309     0.121228    96.373333     3.186667   1   1 
 78 308   0.004219      477.225       24.233     0.775519      365.946  82.57     0.732655        6.410     0.714996    98.600000     2.226667   0   1 
 79 308   0.007697      477.405       24.278     0.775536      366.228  82.63     0.732985        6.410     0.027645   100.093333     1.493333   1   1 
 80 308   0.004452      477.225       24.278     0.776193      366.556  82.71     0.733598        6.088     0.177494   101.866667     1.773333   0   1 
 81 308   0.009083      477.225       24.278     0.777339      366.841  82.77     0.735272        0.852     0.149053   104.093333     2.226667   0   1 
 82 308   0.009509      477.135       24.278     0.777674      366.995  82.80     0.735839        6.575     0.007756   105.933333     1.840000   1   1 
 83 308   0.001435      477.180       24.053     0.777785      368.914  83.24     0.735657        4.157     0.206452   109.680000     3.746667   0   1 
 84 308   0.015475      479.430       23.603     0.781871      375.207  84.66     0.736973       12.672     0.570999   110.213333     0.533333   0   1 
 85 308   0.071371      480.285       20.363     0.783167      377.317  85.13     0.737348        0.270     0.354422   111.026667     0.813333   0   1 
 86 308   0.036238      480.330       20.183     0.783661      378.239  85.34     0.737268        0.279     0.005509   111.466667     0.440000   0   1 
 87 308   0.083489      480.488       19.643     0.784232      379.367  85.60     0.737591        0.598     0.514091   112.040000     0.573333   0   1 
 88 308   0.008238      480.960       19.080     0.789292      380.924  85.95     0.740370       16.044     0.185611   114.320000     2.280000   0   1 
 89 308   0.009384      480.960       19.080     0.789471      380.954  85.95     0.740447        4.166     0.621254   115.773333     1.453333   0   1 
 90 308   0.012982      481.275       19.035     0.790647      381.452  86.07     0.742853        4.166     0.011329   117.506667     1.733333   1   1 
 91 308   0.004122      481.523       19.148     0.790707      381.479  86.07     0.742964        5.018     0.127166   119.226667     1.720000   0   1 
 92 308   0.005185      481.523       19.148     0.790714      381.483  86.07     0.742993        0.122     0.019178   120.426667     1.200000   0   1 
 93 308   0.007045      481.523       19.148     0.790784      381.491  86.08     0.743113        0.559     0.127349   121.773333     1.346667   0   1 
 94 308   0.011853      481.523       19.148     0.790786      381.491  86.08     0.743119        0.587     0.006231   123.346667     1.573333   0   1 
 95 308   0.011899      481.545       19.125     0.790832      381.491  86.08     0.743119        4.231     0.009257   125.053333     1.706667   1   1 
 96 308   0.008090      482.288       19.733     0.790932      381.640  86.11     0.743261        4.358     0.184808   127.053333     2.000000   0   1 
 97 308   0.011820      482.288       19.733     0.791018      381.659  86.11     0.743391        0.272     0.154150   129.040000     1.986667   0   1 
 98 308   0.012339      482.198       19.733     0.793174      381.883  86.16     0.746409        4.268     0.009974   130.880000     1.840000   1   1 
 99 308   0.008314      482.198       19.733     0.793444      381.943  86.18     0.746864        3.740     0.000508   132.653333     1.773333   0   1 
100 308   0.009119      482.108       19.733     0.793481      381.943  86.18     0.746864        3.740     0.000508   135.146667     2.493333   1   1 
