#scene........................: /home/eldamian/nbvEverardo/models/laboratory.wrl
#triangles....................: 361767
#Total triangles' area........: 443.205414 (m2)
#sensor aperture..............: 135.000000 x 70.000000 (deg)
#range image size.............: 350 x 80
#sensor blind distances.......: 0.500000 .. 30.000000 (m)
#sensor blind angle...........: 80.000000
#sensor Gaussian noise std dev: 0.012000 (m)
#views number.................: 100 
#optimization method..........: Evolution Strategy
#view iterations fitness vxl_occupied(m2) occplane(m2) vxl_quality tri_imaged(m2) tri_imaged(%) tri_quality travelled(m) energy total_time single_time backstep change
  0   0  -0.000000       18.338        0.000     0.641809       15.030   3.39     0.643016        0.000     0.000000     0.000000     0.000000   0   0 
  1 308   0.719919       27.473        0.000     0.628786       22.845   5.15     0.633184        0.000     0.077427     0.266667     0.266667   0   0 
  2 308   0.475941       47.970        9.743     0.653144       26.022   5.87     0.637934        1.218     0.242428     0.280000     0.013333   0   0 
  3 308   0.477844       48.375        9.743     0.652317       26.022   5.87     0.637934        0.000     0.000000     0.293333     0.013333   0   0 
  4 308   0.477902       48.420        9.698     0.652262       26.022   5.87     0.637934        0.000     0.000000     0.346667     0.053333   0   0 
  5 308   0.477908       48.488        9.585     0.651891       26.022   5.87     0.637934        0.000     0.000000     0.386667     0.040000   0   0 
  6 308   0.477908       48.488        9.563     0.652387       26.022   5.87     0.637934        0.000     0.000000     0.413333     0.026667   0   0 
  7 308   0.559456       50.918        9.563     0.648921       28.517   6.43     0.628378        0.024     0.150498     0.453333     0.040000   0   0 
  8 308   0.480675       50.940        9.563     0.649083       28.517   6.43     0.628378        0.000     0.000000     0.506667     0.053333   0   0 
  9 308   0.480675       51.053        9.563     0.649047       28.517   6.43     0.628378        0.000     0.000000     0.560000     0.053333   0   0 
 10 308   0.648773       77.490       34.493     0.629672       39.260   8.86     0.626733        0.598     0.479712     0.640000     0.080000   0   0 
 11 308   0.477525       77.220       34.515     0.632809       39.260   8.86     0.626733        0.000     0.000000     0.680000     0.040000   0   0 
 12 308   0.619275      111.353      114.345     0.601770       47.278  10.67     0.630041        0.260     0.112874     0.733333     0.053333   0   0 
 13 308   0.705430      150.165      130.118     0.606986       62.203  14.03     0.645323        0.179     0.217239     0.813333     0.080000   0   0 
 14 308   0.491826      168.840      151.448     0.591942       71.282  16.08     0.638731        0.175     0.111785     1.000000     0.186667   0   0 
 15 308   0.772382      200.070      170.280     0.582695       87.948  19.84     0.629981        3.001     0.192379     1.653333     0.653333   0   0 
 16 308   0.651884      210.578      176.378     0.594020       96.216  21.71     0.633105        3.256     0.268891     2.186667     0.533333   0   0 
 17 308   0.824143      222.255      178.988     0.599694      101.591  22.92     0.633461        1.303     0.414655     2.440000     0.253333   0   0 
 18 308   0.662094      223.920      177.570     0.603824      104.910  23.67     0.633739        2.444     0.259569     2.720000     0.280000   0   0 
 19 308   0.748019      231.480      167.085     0.610226      113.401  25.59     0.632436        2.438     0.266406     2.973333     0.253333   0   0 
 20 308   0.646742      236.228      163.800     0.614369      118.392  26.71     0.631665        0.875     0.110371     3.306667     0.333333   0   0 
 21 308   0.532393      250.875      232.920     0.632589      128.344  28.96     0.637059        1.306     0.454316     3.600000     0.293333   0   0 
 22 308   0.599449      254.948      250.650     0.638213      131.411  29.65     0.638102        1.058     0.082153     4.066667     0.466667   0   0 
 23 308   0.492513      262.755      269.955     0.646059      139.973  31.58     0.642920        3.737     0.004840     4.400000     0.333333   1   0 
 24 308   0.478883      273.533      253.395     0.640359      143.089  32.29     0.642077        3.393     0.017240     5.053333     0.653333   1   0 
 25 308   0.479450      285.638      219.555     0.637946      147.785  33.34     0.641730        3.001     0.025713     5.760000     0.706667   1   0 
 26 308   0.680875      332.708      174.803     0.633320      166.706  37.61     0.643044        4.303     0.110176     6.853333     1.093333   0   0 
 27 308   0.770721      351.900      124.898     0.638270      184.333  41.59     0.645794        3.401     0.094189     9.120000     2.266667   0   0 
 28 308   0.765233      387.383      120.353     0.658356      206.837  46.67     0.652842        0.132     0.502103    11.506667     2.386667   0   0 
 29 308   0.787935      404.640      135.810     0.657685      217.033  48.97     0.652158        1.318     0.169231    14.373333     2.866667   0   0 
 30 308   0.704024      409.455      133.448     0.661986      221.701  50.02     0.653392        3.033     0.083022    16.040000     1.666667   0   0 
 31 308   0.796717      414.225      130.613     0.660265      227.675  51.37     0.650050        0.321     0.279315    17.866667     1.826667   0   0 
 32 308   0.643416      415.395      129.645     0.664522      232.972  52.57     0.649788        1.941     0.021496    21.586667     3.720000   0   0 
 33 308   0.585390      415.013      129.893     0.666421      236.145  53.28     0.648435        1.111     0.313493    24.253333     2.666667   0   0 
 34 308   0.698720      420.053      129.150     0.667964      244.109  55.08     0.648610        1.430     0.284338    25.680000     1.426667   0   0 
 35 308   0.780555      423.270      125.663     0.669012      249.304  56.25     0.648320        2.881     0.027015    27.453333     1.773333   0   0 
 36 308   0.651761      426.983      101.633     0.672774      256.462  57.87     0.650075        0.445     0.108264    31.266667     3.813333   0   0 
 37 308   0.546399      433.508       85.635     0.682913      269.549  60.82     0.655826        0.466     0.477178    34.746667     3.480000   0   0 
 38 308   0.515856      453.510       52.268     0.687690      279.860  63.14     0.656587        3.741     0.400777    36.400000     1.653333   0   0 
 39 308   0.479439      457.875       49.050     0.700446      286.969  64.75     0.663988        3.741     0.234111    38.133333     1.733333   1   0 
 40 308   0.480660      458.235       48.060     0.700865      288.494  65.09     0.664068        3.949     0.232872    42.320000     4.186667   1   0 
 41 308   0.480743      458.415       48.015     0.701368      289.263  65.27     0.665470        3.144     0.008319    44.360000     2.040000   1   0 
 42 308   0.480769      458.325       47.790     0.701539      292.190  65.93     0.664774        6.341     0.011320    47.066667     2.706667   1   0 
 43 308   0.480769      458.325       47.745     0.701632      292.190  65.93     0.664774        0.000     0.000000    47.746667     0.680000   0   1 
 44 308   0.156207      464.265       40.455     0.707634      302.450  68.24     0.669345        8.531     0.186279    48.600000     0.853333   0   1 
 45 308   0.012010      464.063       40.388     0.709028      303.379  68.45     0.669842       18.117     0.279637    50.373333     1.773333   0   1 
 46 308   0.122934      465.255       39.713     0.710366      305.515  68.93     0.670531        0.123     0.445741    52.480000     2.106667   0   1 
 47 308   0.059969      465.885       35.303     0.717704      312.252  70.45     0.675446        3.576     0.146172    54.386667     1.906667   0   1 
 48 308   0.030503      468.855       33.300     0.722745      320.956  72.42     0.678178        2.052     0.323213    55.746667     1.360000   0   1 
 49 308   0.008424      474.143       32.603     0.730372      327.511  73.90     0.680855        9.186     0.126850    56.360000     0.613333   0   1 
 50 308   0.001789      475.110       32.445     0.736361      333.702  75.29     0.684151       14.405     0.426611    57.946667     1.586667   0   1 
 51 308   0.029838      477.563       31.725     0.738761      337.300  76.10     0.685351        1.857     0.191103    60.840000     2.893333   0   1 
 52 308   0.015666      477.765       31.703     0.739424      338.637  76.41     0.686117        2.240     0.198855    62.853333     2.013333   0   1 
 53 308   0.020622      478.778       31.095     0.741018      340.344  76.79     0.688164        0.590     0.177577    65.240000     2.386667   0   1 
 54 308   0.054100      479.835       30.758     0.744259      342.198  77.21     0.692818        1.524     0.014681    67.360000     2.120000   0   1 
 55 308   0.015534      479.948       30.758     0.744850      342.565  77.29     0.694342        1.798     0.152838    69.160000     1.800000   0   1 
 56 308   0.016157      479.948       30.758     0.744879      342.659  77.31     0.694381        0.025     0.000612    71.173333     2.013333   0   1 
 57 308   0.016182      479.993       30.758     0.745105      342.659  77.31     0.694381        4.596     0.016629    73.133333     1.960000   1   1 
 58 308   0.006709      479.970       30.420     0.747385      344.412  77.71     0.695810        5.644     0.284257    74.546667     1.413333   0   1 
 59 308   0.004641      480.870       29.588     0.753318      347.570  78.42     0.702133        2.890     0.290650    77.560000     3.013333   0   1 
 60 308   0.005106      480.870       29.588     0.753580      347.614  78.43     0.702893        0.883     0.466693    81.093333     3.533333   0   1 
 61 308   0.014903      480.870       29.588     0.753607      347.661  78.44     0.702955        1.516     0.137718    83.360000     2.266667   0   1 
 62 308   0.016570      481.028       29.430     0.756241      348.814  78.70     0.705548        4.447     0.024152    84.680000     1.320000   1   1 
 63 308   0.013866      483.570       37.238     0.762609      354.969  80.09     0.709143       15.800     0.156358    85.413333     0.733333   0   1 
 64 308   0.021782      484.605       35.483     0.765394      360.088  81.25     0.712119        5.376     0.164834    86.066667     0.653333   0   1 
 65 308   0.006049      485.438       34.808     0.767481      362.958  81.89     0.714430        2.384     0.368198    86.613333     0.546667   0   1 
 66 308   0.005741      484.943       34.673     0.768733      364.426  82.23     0.714549        0.601     0.000947    87.466667     0.853333   0   1 
 67 308   0.005364      484.583       34.673     0.769046      364.630  82.27     0.714806       14.357     0.014099    88.240000     0.773333   1   1 
 68 308   0.004206      484.853       35.168     0.769392      365.150  82.39     0.715125       18.540     0.359886    88.613333     0.373333   0   1 
 69 308   0.075964      484.853       35.100     0.769527      365.363  82.44     0.714949        0.860     0.124745    89.120000     0.506667   0   1 
 70 308   0.170431      484.898       34.965     0.769500      365.412  82.45     0.714910        0.293     0.024318    89.586667     0.466667   0   1 
 71 308   0.153059      484.920       34.785     0.771573      367.281  82.87     0.717066       18.468     0.003629    89.973333     0.386667   1   1 
 72 308   0.003886      485.663       35.573     0.771601      367.753  82.98     0.717359        3.278     0.183332    93.533333     3.560000   0   1 
 73 308   0.004954      485.753       35.528     0.771907      367.753  82.98     0.717359        3.278     0.183332    97.213333     3.680000   1   1 
 74 308   0.019989      485.865       35.370     0.773082      368.964  83.25     0.717894        5.853     0.419431    98.946667     1.733333   0   1 
 75 308   0.005601      485.865       35.370     0.773122      369.051  83.27     0.717948        3.228     0.248496   101.440000     2.493333   0   1 
 76 308   0.014112      485.865       35.370     0.773131      369.064  83.27     0.717973        0.823     0.113692   103.333333     1.893333   0   1 
 77 308   0.014938      485.865       35.370     0.773669      369.449  83.36     0.718838        3.526     0.008171   104.773333     1.440000   1   1 
 78 308   0.053670      486.248       35.348     0.776101      372.776  84.11     0.718784        3.190     0.612900   105.386667     0.613333   0   1 
 79 308   0.004080      486.248       35.348     0.776151      373.033  84.17     0.718742        6.406     0.340122   107.866667     2.480000   0   1 
 80 308   0.007218      486.293       35.348     0.777780      374.382  84.47     0.721242        6.406     0.006789   110.106667     2.240000   1   1 
 81 308   0.004413      486.293       35.348     0.777944      374.383  84.47     0.721470        6.087     0.621064   113.173333     3.066667   0   1 
 82 308   0.015144      486.293       35.348     0.777956      374.383  84.47     0.721487        0.745     0.000927   114.333333     1.160000   0   1 
 83 308   0.015890      486.968       34.988     0.779910      375.784  84.79     0.723467        6.539     0.012066   115.880000     1.546667   1   1 
 84 308   0.005898      487.080       35.055     0.780038      375.796  84.79     0.723600        5.985     0.122239   117.693333     1.813333   0   1 
 85 308   0.009585      487.125       34.965     0.780183      375.855  84.80     0.723849        0.297     0.085469   119.880000     2.186667   0   1 
 86 308   0.009788      488.183       34.718     0.780478      377.211  85.11     0.723914        5.870     0.004272   121.480000     1.600000   1   1 
 87 308   0.048004      488.565       33.660     0.781567      378.839  85.48     0.724297        0.492     0.174102   122.253333     0.773333   0   1 
 88 308   0.004640      488.655       33.615     0.781692      378.839  85.48     0.724297        3.681     0.010411   123.066667     0.813333   1   1 
 89 308   0.004060      488.655       33.615     0.781733      378.899  85.49     0.724294        2.827     0.433021   126.120000     3.053333   0   1 
 90 308   0.006190      488.655       33.615     0.781766      378.933  85.50     0.724316        0.194     0.029998   128.613333     2.493333   0   1 
 91 308   0.008663      488.655       33.615     0.781789      379.070  85.53     0.724201        0.281     0.004365   131.106667     2.493333   0   1 
 92 308   0.008820      488.655       33.615     0.781813      379.183  85.55     0.724204        3.165     0.003372   133.506667     2.400000   1   1 
 93 308   0.005364      488.700       33.615     0.781994      379.221  85.56     0.724457        2.649     0.502077   135.360000     1.853333   0   1 
 94 308   0.009311      488.610       33.615     0.782005      379.243  85.57     0.724538        0.801     0.000049   136.800000     1.440000   0   1 
 95 308   0.009806      488.475       33.615     0.782086      379.888  85.71     0.724270        4.445     0.010797   138.813333     2.013333   1   1 
 96 308   0.005606      488.858       34.403     0.782351      380.173  85.78     0.724704        3.640     0.179607   141.413333     2.600000   0   1 
 97 308   0.015915      488.723       34.403     0.782487      380.387  85.83     0.724759        0.886     0.146272   142.733333     1.320000   0   1 
 98 308   0.016958      488.678       34.403     0.782490      380.406  85.83     0.724765        4.429     0.012651   144.520000     1.786667   1   1 
 99 308   0.002683      488.903       34.020     0.783908      381.823  86.15     0.725505       18.462     0.447741   144.960000     0.440000   0   1 
100 308   0.027413      489.240       35.618     0.784007      381.947  86.18     0.725586        0.719     0.028375   145.226667     0.266667   0   1 
