#scene........................: /home/eldamian/nbvEverardo/models/laboratory.wrl
#triangles....................: 361767
#Total triangles' area........: 443.205414 (m2)
#sensor aperture..............: 135.000000 x 70.000000 (deg)
#range image size.............: 350 x 80
#sensor blind distances.......: 0.500000 .. 30.000000 (m)
#sensor blind angle...........: 80.000000
#sensor Gaussian noise std dev: 0.012000 (m)
#views number.................: 100 
#optimization method..........: Simulated Annealing
#view iterations fitness vxl_occupied(m2) occplane(m2) vxl_quality tri_imaged(m2) tri_imaged(%) tri_quality travelled(m) energy total_time single_time backstep change
  0   0  -0.000000       18.338        0.000     0.641809       15.030   3.39     0.643016        0.000     0.000000     0.000000     0.000000   0   0 
  1 300   0.706012       27.473        0.000     0.628786       22.845   5.15     0.633184        0.000     0.077427     0.293333     0.293333   0   0 
  2 300   0.685198       90.900       66.263     0.553296       36.798   8.30     0.589276        0.000     0.166667     0.626667     0.333333   0   0 
  3 300   0.549541      110.993       72.293     0.608082       56.335  12.71     0.638977        5.246     0.297338     0.760000     0.133333   0   0 
  4 300   0.611145      122.310       65.160     0.632414       68.204  15.39     0.653515        0.756     0.270791     0.920000     0.160000   0   0 
  5 300   0.747986      160.290       76.185     0.628002       86.336  19.48     0.660090        0.231     0.348372     1.306667     0.386667   0   0 
  6 300   0.719636      176.355       45.360     0.636038       98.574  22.24     0.668326        1.741     0.004666     1.653333     0.346667   0   0 
  7 300   0.711348      179.933       38.633     0.642498      105.008  23.69     0.665639        0.267     0.091343     2.293333     0.640000   0   0 
  8 300   0.551238      185.108       40.905     0.662171      110.341  24.90     0.671155        3.256     0.448620     2.600000     0.306667   0   0 
  9 300   0.582142      187.200       63.473     0.658855      116.640  26.32     0.663224        3.911     0.007414     2.866667     0.266667   0   0 
 10 300   0.695511      187.898       62.483     0.662795      118.663  26.77     0.663698        4.737     0.334118     3.093333     0.226667   0   0 
 11 300   0.648052      189.428       58.928     0.672114      123.836  27.94     0.667861        0.846     0.291507     3.253333     0.160000   0   0 
 12 300   0.716991      190.688       57.645     0.680388      127.023  28.66     0.670743        3.233     0.359787     3.880000     0.626667   0   0 
 13 300   0.599272      191.318       57.015     0.684009      129.597  29.24     0.671704        0.888     0.000120     4.413333     0.533333   0   0 
 14 300   0.480297      191.565       56.745     0.686547      131.575  29.69     0.669269        1.987     0.268199     4.706667     0.293333   0   0 
 15 300   0.480165      191.768       56.543     0.688608      132.660  29.93     0.669776        4.062     0.017942     5.200000     0.493333   1   0 
 16 300   0.480769      191.790       56.340     0.689737      133.632  30.15     0.669227        3.900     0.006553     5.493333     0.293333   1   0 
 17 300   0.480769      191.813       56.340     0.690059      133.724  30.17     0.669251        3.911     0.007414     5.706667     0.213333   1   0 
 18 300   0.480203      191.813       56.340     0.691751      134.237  30.29     0.670153        3.256     0.005362     6.453333     0.746667   1   0 
 19 300   0.480770      198.630       60.615     0.695933      140.375  31.67     0.674126        6.915     0.149100     7.200000     0.746667   1   0 
 20 300   0.407037      198.630       60.615     0.700233      141.171  31.85     0.677505        4.232     0.150085     7.386667     0.186667   0   0 
 21 300   0.480769      198.653       60.593     0.700455      141.171  31.85     0.677505        4.232     0.150085     7.653333     0.266667   1   0 
 22 300   0.326010      218.385      322.830     0.689550      144.828  32.68     0.678579        6.317     0.305662     8.013333     0.360000   0   0 
 23 300   0.481688      285.008      187.538     0.656680      157.528  35.54     0.666564        6.317     0.138995     8.493333     0.480000   1   0 
 24 300   0.652538      320.063      182.565     0.665521      174.290  39.32     0.675419        1.862     0.333633     8.706667     0.213333   0   0 
 25 300   0.480742      320.918      182.228     0.665838      175.448  39.59     0.675207        3.162     0.277239     9.200000     0.493333   0   0 
 26 300   0.480307      320.985      182.115     0.669331      177.327  40.01     0.676413        3.162     0.000648     9.720000     0.520000   1   0 
 27 300   0.767166      323.888      180.968     0.673417      182.845  41.26     0.675783        3.269     0.328801    11.413333     1.693333   0   0 
 28 300   0.926419      330.818      171.563     0.678177      192.187  43.36     0.675076        2.431     0.009289    12.720000     1.306667   0   0 
 29 300   0.889127      338.738      167.333     0.679162      196.678  44.38     0.675249        1.972     0.034715    14.626667     1.906667   0   0 
 30 300   0.880134      344.858      166.163     0.677040      202.101  45.60     0.672137        0.826     0.196024    17.120000     2.493333   0   0 
 31 300   0.833283      358.673      162.720     0.675516      212.982  48.05     0.670335        1.915     0.282071    18.560000     1.440000   0   0 
 32 300   0.786422      393.548      141.750     0.680772      232.548  52.47     0.673923        1.961     0.145901    20.173333     1.613333   0   0 
 33 300   0.688811      419.378      116.325     0.701775      252.638  57.00     0.681593        0.740     0.338201    22.600000     2.426667   0   0 
 34 300   0.649557      431.460       87.728     0.708904      263.022  59.35     0.680707        3.444     0.264926    25.480000     2.880000   0   0 
 35 300   0.518904      433.823       86.288     0.710858      267.673  60.39     0.680753        2.803     0.200350    28.386667     2.906667   0   0 
 36 300   0.627959      434.295       85.478     0.712932      269.509  60.81     0.682057        2.345     0.263510    31.493333     3.106667   0   0 
 37 300   0.480769      434.363       84.690     0.715414      271.843  61.34     0.682210        5.046     0.026080    33.933333     2.440000   1   0 
 38 300   0.583127      434.948       84.308     0.716230      273.213  61.64     0.681856        2.664     0.342432    36.320000     2.386667   0   0 
 39 300   0.480769      434.948       84.308     0.717835      274.639  61.97     0.682207        5.259     0.035564    39.066667     2.746667   1   0 
 40 300   0.555846      435.825       83.408     0.719079      276.425  62.37     0.682780        4.894     0.274836    41.373333     2.306667   0   0 
 41 300   0.515546      436.928       83.880     0.722505      278.962  62.94     0.685142        4.396     0.121359    43.626667     2.253333   0   0 
 42 300   0.480769      438.503       82.710     0.722871      279.793  63.13     0.686170        4.396     0.011434    46.000000     2.373333   1   0 
 43 300   0.480726      438.255       82.688     0.723000      279.793  63.13     0.686170        4.894     0.018929    48.733333     2.733333   1   0 
 44 300   0.651632      439.605       81.135     0.725451      282.450  63.73     0.686764        4.373     0.158000    51.333333     2.600000   0   0 
 45 300   0.513547      439.605       81.000     0.726785      283.169  63.89     0.687341        0.814     0.022244    53.893333     2.560000   0   0 
 46 300   0.480769      439.605       81.000     0.726818      283.169  63.89     0.687341        3.742     0.034262    56.693333     2.800000   1   0 
 47 300   0.480769      439.920       81.000     0.727174      283.273  63.91     0.687732        3.269     0.016152    59.306667     2.613333   1   0 
 48 300   0.493469      440.865       77.085     0.731942      289.124  65.23     0.689777        1.889     0.333352    60.373333     1.066667   0   0 
 49 300   0.480575      440.730       76.815     0.732266      289.124  65.23     0.689777        0.000     0.000000    60.613333     0.240000   0   1 
 50 300   0.011150      441.068       76.838     0.732909      290.561  65.56     0.691128        0.623     0.366486    61.093333     0.480000   0   1 
 51 300   0.052964      449.438       57.083     0.741628      302.595  68.27     0.697788        6.003     0.715465    62.186667     1.093333   0   1 
 52 300   0.044805      450.495       55.958     0.742680      304.782  68.77     0.698472        2.818     0.381885    64.466667     2.280000   0   1 
 53 300   0.031000      452.880       51.323     0.749209      314.027  70.85     0.702534        3.684     0.623492    67.066667     2.600000   0   1 
 54 300   0.024146      452.430       47.363     0.755250      320.615  72.34     0.705996        1.080     0.490708    69.600000     2.533333   0   1 
 55 300   0.014648      452.633       46.733     0.758558      324.702  73.26     0.709572        1.384     0.180636    72.560000     2.960000   0   1 
 56 300   0.017770      453.330       46.575     0.760641      327.181  73.82     0.710010        2.329     0.196711    75.506667     2.946667   0   1 
 57 300   0.036931      453.308       45.338     0.760887      329.499  74.34     0.709870        1.902     0.199405    78.746667     3.240000   0   1 
 58 300   0.013561      454.118       41.918     0.763454      333.305  75.20     0.714947        4.309     0.125948    81.906667     3.160000   0   1 
 59 300   0.000790      454.410       41.040     0.764494      335.029  75.59     0.716366        4.309     0.016023    82.266667     0.360000   1   1 
 60 300   0.009262      454.028       40.815     0.766248      337.086  76.06     0.716962        5.252     0.309217    84.853333     2.586667   0   1 
 61 300   0.022761      457.403       38.880     0.765043      339.432  76.59     0.716331        0.700     0.182161    87.293333     2.440000   0   1 
 62 300   0.023834      459.383       37.575     0.765408      340.921  76.92     0.716980        0.345     0.111128    90.000000     2.706667   0   1 
 63 300   0.004985      459.518       36.720     0.766120      342.372  77.25     0.719483        2.949     0.352303    91.973333     1.973333   0   1 
 64 300   0.129532      461.205       36.810     0.767724      344.730  77.78     0.719979        4.820     0.286007    93.680000     1.706667   0   1 
 65 300   0.035677      461.138       36.788     0.769700      345.423  77.94     0.722309        4.820     0.098656    96.106667     2.426667   1   1 
 66 300   0.053826      463.253       34.808     0.770367      347.462  78.40     0.722757        4.609     0.229821    99.200000     3.093333   0   1 
 67 300   0.003384      463.523       34.268     0.771311      348.742  78.69     0.724316        5.228     0.442845   100.866667     1.666667   0   1 
 68 300   0.005596      463.590       34.110     0.771703      349.884  78.94     0.725057        3.762     0.276055   103.760000     2.893333   0   1 
 69 300   0.004268      463.905       34.425     0.774699      351.748  79.36     0.727631        5.593     0.110293   106.920000     3.160000   0   1 
 70 300   0.004400      463.995       34.560     0.774986      351.878  79.39     0.727907        1.622     0.117653   110.400000     3.480000   0   1 
 71 300   0.007162      463.995       34.605     0.775749      352.208  79.47     0.729544        0.773     0.187703   113.533333     3.133333   0   1 
 72 300   0.007574      465.008       34.178     0.777781      353.644  79.79     0.731601        3.941     0.007712   116.520000     2.986667   1   1 
 73 300   0.002250      465.053       34.178     0.778043      353.795  79.83     0.732141        3.496     0.246866   120.200000     3.680000   0   1 
 74 300   0.003824      465.053       34.178     0.778220      353.952  79.86     0.732218        1.044     0.014374   122.440000     2.240000   0   1 
 75 300   0.005219      465.143       34.178     0.778221      353.982  79.87     0.732188        0.785     0.085716   125.186667     2.746667   0   1 
 76 300   0.008326      463.500       33.165     0.784211      358.690  80.93     0.735520        7.563     0.536810   126.506667     1.320000   0   1 
 77 300   0.003539      465.278       31.725     0.784444      361.252  81.51     0.735036        5.700     0.172595   128.840000     2.333333   0   1 
 78 300   0.004244      465.233       31.725     0.784862      361.700  81.61     0.735343        3.664     0.332412   132.426667     3.586667   0   1 
 79 300   0.007697      466.133       30.690     0.786608      363.935  82.11     0.736963        4.555     0.431619   135.213333     2.786667   0   1 
 80 300   0.004941      466.110       30.668     0.786673      364.047  82.14     0.737127        5.118     0.344429   138.320000     3.106667   0   1 
 81 300   0.015704      466.133       30.105     0.786940      364.328  82.20     0.737527        0.879     0.175809   141.893333     3.573333   0   1 
 82 300   0.016443      466.223       29.925     0.787213      364.706  82.29     0.738393        5.568     0.001954   142.733333     0.840000   1   1 
 83 300   0.010263      466.290       29.633     0.787947      365.288  82.42     0.739165        1.888     0.298377   145.880000     3.146667   0   1 
 84 300   0.005440      466.200       29.678     0.788017      365.307  82.42     0.739225        4.747     0.206255   146.533333     0.653333   0   1 
 85 300   0.007360      466.223       29.655     0.788113      365.624  82.50     0.739211        0.693     0.504068   149.346667     2.813333   0   1 
 86 300   0.008549      466.245       29.723     0.789543      366.206  82.63     0.740598        5.413     0.022972   151.666667     2.320000   1   1 
 87 300   0.002385      466.245       29.723     0.789535      366.316  82.65     0.740580        4.016     0.806525   154.893333     3.226667   0   1 
 88 300   0.003546      466.133       29.700     0.789528      366.377  82.67     0.740540        0.133     0.260639   157.026667     2.133333   0   1 
 89 300   0.003814      466.155       29.678     0.789654      366.597  82.71     0.741139        3.986     0.045885   159.893333     2.866667   1   1 
 90 300   0.004504      466.493       29.745     0.789728      366.644  82.73     0.741208        4.858     0.131048   162.480000     2.586667   0   1 
 91 300   0.015022      466.583       29.835     0.790010      366.820  82.77     0.741466        1.353     0.185539   165.266667     2.786667   0   1 
 92 300   0.016008      466.583       29.925     0.792997      368.548  83.16     0.744955        5.342     0.002251   167.706667     2.440000   1   1 
 93 300   0.004379      466.695       29.948     0.793664      368.704  83.19     0.746094        4.804     0.160717   170.640000     2.933333   0   1 
 94 300   0.005398      466.740       29.948     0.794929      369.988  83.48     0.748663        4.804     0.014734   172.786667     2.146667   1   1 
 95 300   0.004208      466.740       29.948     0.795214      370.096  83.50     0.748899        5.403     0.181581   176.093333     3.306667   0   1 
 96 300   0.008749      466.740       29.948     0.795493      370.096  83.50     0.749294        0.365     0.113073   178.360000     2.266667   0   1 
 97 300   0.009032      466.808       29.970     0.795607      370.384  83.57     0.749871        5.150     0.011766   180.453333     2.093333   1   1 
 98 300   0.007565      466.830       29.633     0.797563      371.303  83.78     0.751784        2.786     0.491488   183.666667     3.213333   0   1 
 99 300   0.003319      466.763       29.790     0.797674      371.367  83.79     0.751899        5.788     0.615227   186.573333     2.906667   0   1 
100 300   0.005329      466.718       29.925     0.798109      371.546  83.83     0.752300        5.788     0.192654   189.360000     2.786667   1   1 
