#scene........................: /home/eldamian/nbvEverardo/models/studying_room.wrl
#triangles....................: 107322
#Total triangles' area........: 170.448196 (m2)
#sensor aperture..............: 135.000000 x 70.000000 (deg)
#range image size.............: 350 x 80
#sensor blind distances.......: 0.500000 .. 30.000000 (m)
#sensor blind angle...........: 80.000000
#sensor Gaussian noise std dev: 0.012000 (m)
#views number.................: 100 
#optimization method..........: Evolution Strategy
#view iterations fitness vxl_occupied(m2) occplane(m2) vxl_quality tri_imaged(m2) tri_imaged(%) tri_quality travelled(m) energy total_time single_time backstep change
  0   0  -0.000000       16.628        4.838     0.635252       10.896   6.39     0.627871        0.000     0.000000     0.000000     0.000000   0   0 
  1 308   0.702458       26.033        5.220     0.621800       18.741  10.99     0.612062        0.000     0.077427     0.240000     0.240000   0   0 
  2 308   0.688176       71.325       43.335     0.631944       30.755  18.04     0.642072        0.000     0.166667     0.533333     0.293333   0   0 
  3 308   0.717521       86.603       63.293     0.631166       37.507  22.01     0.659690        0.000     0.077427     0.920000     0.386667   0   0 
  4 308   0.702749       97.763       69.593     0.644115       53.698  31.50     0.662976        0.000     0.109925     1.293333     0.373333   0   0 
  5 308   0.669109      128.903       76.163     0.640207       66.298  38.90     0.661178        0.000     0.109925     1.773333     0.480000   0   0 
  6 308   0.719427      130.388       91.215     0.642672       72.680  42.64     0.663373        0.000     0.077427     2.186667     0.413333   0   0 
  7 308   0.451436      134.258       90.113     0.646953       74.271  43.57     0.666935        3.713     0.271437     2.213333     0.026667   0   0 
  8 308   0.619930      133.808       90.518     0.648690       76.770  45.04     0.673929        3.713     0.161512     2.240000     0.026667   1   0 
  9 308   0.721694      132.638       93.803     0.649903       76.770  45.04     0.673929        0.000     0.109925     2.506667     0.266667   0   0 
 10 308   0.688974      132.210       93.735     0.652211       76.770  45.04     0.673929        0.000     0.109925     3.066667     0.560000   0   0 
 11 308   0.671177      132.053       96.683     0.654665       78.048  45.79     0.675282        0.000     0.166667     3.626667     0.560000   0   0 
 12 308   0.682367      142.155      104.873     0.661060       83.697  49.10     0.681249        0.000     0.166667     4.120000     0.493333   0   0 
 13 308   0.343905      142.515      103.163     0.665631       84.960  49.85     0.682104        5.395     0.464168     4.266667     0.146667   0   0 
 14 308   0.643410      144.315      102.375     0.673465       86.577  50.79     0.688553        0.435     0.336828     4.373333     0.106667   0   0 
 15 308   0.773956      154.080      115.875     0.683929       92.098  54.03     0.697213        0.020     0.152202     4.533333     0.160000   0   0 
 16 308   0.735879      154.530      115.808     0.684708       92.098  54.03     0.697213        5.470     0.161233     4.680000     0.146667   1   0 
 17 308   0.886803      154.350      122.400     0.685509       92.098  54.03     0.697213        0.000     0.333333     5.266667     0.586667   0   0 
 18 308   0.903187      154.035      124.403     0.686176       92.098  54.03     0.697213        0.000     0.109925     5.826667     0.560000   0   0 
 19 308   0.817788      154.080      124.988     0.692955       92.105  54.04     0.697276        0.000     0.255907     6.360000     0.533333   0   0 
 20 308   0.804962      153.675      125.865     0.693968       94.197  55.26     0.699388        0.000     0.479316     6.986667     0.626667   0   0 
 21 308   0.783148      153.518      126.900     0.695552       94.291  55.32     0.699503        0.000     0.145982     7.426667     0.440000   0   0 
 22 308   0.687117      153.585      126.878     0.695952       94.291  55.32     0.699503        0.000     0.312649     8.013333     0.586667   0   0 
 23 308   0.406017      160.830      137.948     0.703433       99.001  58.08     0.699162        6.607     0.293859     8.266667     0.253333   0   0 
 24 308   0.786255      160.920      136.485     0.704348      100.398  58.90     0.698776        0.117     0.000939     8.493333     0.226667   0   0 
 25 308   0.787904      161.213      135.945     0.704416      100.398  58.90     0.698776        6.553     0.146938     8.560000     0.066667   1   0 
 26 308   0.712290      161.213      133.718     0.704558      100.413  58.91     0.698872        0.672     0.162209     8.613333     0.053333   0   0 
 27 308   0.780526      161.213      133.718     0.704631      100.413  58.91     0.698872        0.000     0.000000     8.640000     0.026667   0   1 
 28 308   0.465556      161.235      133.335     0.704886      100.413  58.91     0.698872        7.086     0.015272     8.706667     0.066667   1   1 
 29 308   0.461000      162.068      132.413     0.703648      101.174  59.36     0.697811        0.307     0.002867     8.760000     0.053333   0   1 
 30 308   0.523944      164.138      130.703     0.704478      103.130  60.51     0.699006        1.116     0.001298     8.906667     0.146667   0   1 
 31 308   0.531462      164.070      129.915     0.704286      103.635  60.80     0.697761        0.080     0.002935     9.200000     0.293333   0   1 
 32 308   0.527302      164.250      129.105     0.704360      103.635  60.80     0.697761        6.067     0.148304     9.520000     0.320000   1   1 
 33 308   0.317723      165.623      130.208     0.704914      104.067  61.05     0.698358        3.397     0.166573     9.546667     0.026667   0   1 
 34 308   0.389323      165.690      130.275     0.704975      104.067  61.05     0.698358        3.397     0.166573     9.573333     0.026667   1   1 
 35 308   0.595729      165.690      130.275     0.705006      104.067  61.05     0.698358        0.000     0.000000    10.213333     0.640000   0   1 
 36 308   0.302656      165.780      130.140     0.705847      104.230  61.15     0.698924        5.198     0.494127    10.360000     0.146667   0   1 
 37 308   0.561170      165.960      130.815     0.705872      104.230  61.15     0.698924        5.198     0.160794    10.453333     0.093333   1   1 
 38 308   0.592094      165.893      130.793     0.705852      104.230  61.15     0.698924        0.000     0.000000    10.986667     0.533333   0   1 
 39 308   0.529652      165.893      130.793     0.705997      104.230  61.15     0.698924        0.000     0.333333    11.640000     0.653333   0   1 
 40 308   0.078139      166.748      130.748     0.705803      104.423  61.26     0.701065        1.031     0.310599    11.666667     0.026667   0   1 
 41 308   0.091453      166.838      130.680     0.706165      104.572  61.35     0.700943        6.382     0.003384    11.693333     0.026667   1   1 
 42 308   0.021504      166.703      130.658     0.706225      104.572  61.35     0.700943        5.470     0.161233    11.733333     0.040000   1   1 
 43 308   0.559094      166.703      130.658     0.706433      104.572  61.35     0.700943        0.000     0.145982    12.360000     0.626667   0   1 
 44 308   0.323501      167.108      129.758     0.707980      105.080  61.65     0.700754        5.849     0.152473    12.586667     0.226667   0   1 
 45 308   0.543168      167.288      129.893     0.708009      105.080  61.65     0.700754        5.849     0.152473    12.773333     0.186667   1   1 
 46 308   0.587172      167.288      129.893     0.708035      105.080  61.65     0.700754        0.000     0.000000    13.466667     0.693333   0   1 
 47 308   0.545732      167.333      129.893     0.708757      105.080  61.65     0.700754        0.000     0.145982    14.120000     0.653333   0   1 
 48 308   0.159841      173.543      130.523     0.716035      112.479  65.99     0.698309        5.229     0.459138    14.280000     0.160000   0   1 
 49 308   0.003316      173.880      130.343     0.716642      114.021  66.89     0.697170        5.229     0.161862    14.306667     0.026667   1   1 
 50 308   0.542116      173.880      130.343     0.718117      114.021  66.89     0.697170        0.000     0.276591    14.786667     0.480000   0   1 
 51 308   0.543438      173.858      130.320     0.718349      114.021  66.89     0.697170        0.000     0.145982    15.400000     0.613333   0   1 
 52 308   0.512305      173.858      130.320     0.719438      114.021  66.89     0.697170        0.000     0.479316    16.013333     0.613333   0   1 
 53 308   0.381382      173.723      130.185     0.720025      114.050  66.91     0.697691        0.670     0.162363    16.040000     0.026667   0   1 
 54 308   0.416876      174.893      129.038     0.725489      114.396  67.11     0.700564        4.231     0.000851    16.066667     0.026667   1   1 
 55 308   0.417872      174.893      129.038     0.725604      114.396  67.11     0.700564        3.713     0.161512    16.106667     0.040000   1   1 
 56 308   0.288817      174.915      128.858     0.726411      114.937  67.43     0.700832        5.476     0.498020    16.320000     0.213333   0   1 
 57 308   0.550047      175.140      128.993     0.726521      114.937  67.43     0.700832        5.476     0.164686    16.400000     0.080000   1   1 
 58 308   0.585769      175.140      128.993     0.726601      114.937  67.43     0.700832        0.000     0.000000    16.946667     0.546667   0   1 
 59 308   0.543288      174.893      129.060     0.726921      114.937  67.43     0.700832        0.000     0.145982    17.520000     0.573333   0   1 
 60 308   0.211092      174.893      128.925     0.730070      115.674  67.86     0.702049        5.642     0.269851    17.613333     0.093333   0   1 
 61 308   0.321088      176.018      127.598     0.730166      117.123  68.71     0.699956        0.123     0.176570    17.746667     0.133333   0   1 
 62 308   0.234513      175.883      127.598     0.730504      117.123  68.71     0.699956        5.695     0.129339    17.800000     0.053333   1   1 
 63 308   0.544064      175.883      127.598     0.730515      117.123  68.71     0.699956        0.000     0.276591    18.466667     0.666667   0   1 
 64 308   0.169905      176.423      125.820     0.733080      118.387  69.46     0.704274        5.847     0.302615    18.573333     0.106667   0   1 
 65 308   0.298998      176.535      125.055     0.733530      118.746  69.67     0.706203        0.269     0.009095    18.680000     0.106667   0   1 
 66 308   0.303294      176.535      125.055     0.733614      118.746  69.67     0.706203        5.834     0.147538    18.786667     0.106667   1   1 
 67 308   0.570338      176.535      125.055     0.733673      118.746  69.67     0.706203        0.000     0.000000    19.426667     0.640000   0   1 
 68 308   0.566338      176.535      125.055     0.733827      118.746  69.67     0.706203        0.000     0.145982    20.053333     0.626667   0   1 
 69 308   0.537676      176.535      125.055     0.734014      118.746  69.67     0.706203        0.000     0.333333    20.733333     0.680000   0   1 
 70 308   0.490040      177.030      125.055     0.734488      118.746  69.67     0.706203        0.000     0.145982    21.240000     0.506667   0   1 
 71 308   0.366028      176.670      125.100     0.734962      118.746  69.67     0.706203        0.000     0.609924    21.840000     0.600000   0   1 
 72 308   0.004940      177.188      124.740     0.743982      121.529  71.30     0.708976        4.787     0.349538    21.893333     0.053333   0   1 
 73 308   0.029880      177.390      123.593     0.746711      122.437  71.83     0.710854        0.404     0.163850    21.960000     0.066667   0   1 
 74 308   0.003223      177.863      122.558     0.749694      124.167  72.85     0.712402        0.791     0.348366    22.053333     0.093333   0   1 
 75 308   0.000756      178.763      121.748     0.751058      127.378  74.73     0.712559        5.192     0.129287    22.160000     0.106667   1   1 
 76 308   0.002655      179.595      121.860     0.755388      128.783  75.56     0.716181        5.450     0.403832    22.240000     0.080000   0   1 
 77 308   0.108763      182.610      118.103     0.755951      133.575  78.37     0.712362       10.545     0.128094    22.320000     0.080000   0   1 
 78 308   0.029120      182.610      118.103     0.756038      133.944  78.58     0.712720        0.405     0.314838    22.400000     0.080000   0   1 
 79 308   0.039144      182.610      118.103     0.756202      134.232  78.75     0.713176        0.497     0.014565    22.506667     0.106667   0   1 
 80 308   0.040573      183.780      112.433     0.760727      136.091  79.84     0.717707       10.589     0.015172    22.613333     0.106667   1   1 
 81 308   0.390775      183.825      112.433     0.760774      136.091  79.84     0.717707        5.450     0.147925    22.800000     0.186667   1   1 
 82 308   0.107220      184.320      110.745     0.760824      137.483  80.66     0.716903        4.952     0.738410    22.893333     0.093333   0   1 
 83 308   0.413078      185.940      110.723     0.761726      138.248  81.11     0.719779        2.283     0.036918    22.946667     0.053333   0   1 
 84 308   0.254714      185.895      110.745     0.761778      138.248  81.11     0.719779        3.278     0.165404    23.026667     0.080000   1   1 
 85 308   0.554815      185.783      110.723     0.762145      138.248  81.11     0.719779        0.000     0.109925    23.680000     0.653333   0   1 
 86 308   0.569643      185.783      110.723     0.762396      138.248  81.11     0.719779        0.000     0.145982    24.360000     0.680000   0   1 
 87 308   0.536348      185.783      110.723     0.762690      138.248  81.11     0.719779        0.000     0.333333    24.933333     0.573333   0   1 
 88 308   0.486751      185.918      110.723     0.762842      138.248  81.11     0.719779        0.000     0.145982    25.600000     0.666667   0   1 
 89 308   0.177246      187.898      108.360     0.764390      139.080  81.60     0.721641        5.321     0.163134    25.746667     0.146667   0   1 
 90 308   0.388416      187.875      107.505     0.764319      139.555  81.88     0.722703        1.557     0.027771    25.986667     0.240000   0   1 
 91 308   0.433817      187.965      107.505     0.764441      139.555  81.88     0.722703        5.236     0.135363    26.093333     0.106667   1   1 
 92 308   0.577503      187.965      107.505     0.764759      139.555  81.88     0.722703        0.000     0.145982    26.613333     0.520000   0   1 
 93 308   0.541104      187.965      107.505     0.764983      139.555  81.88     0.722703        0.000     0.333333    27.213333     0.600000   0   1 
 94 308   0.061080      187.493      107.415     0.766900      141.434  82.98     0.725083        5.202     0.421351    27.386667     0.173333   0   1 
 95 308   0.275732      187.493      107.145     0.767355      141.543  83.04     0.726336        0.824     0.137335    27.746667     0.360000   0   1 
 96 308   0.302627      187.538      107.190     0.767325      141.543  83.04     0.726336        5.674     0.138034    27.973333     0.226667   1   1 
 97 308   0.177504      187.785      106.358     0.769730      141.908  83.26     0.728998        2.935     0.275926    28.000000     0.026667   0   1 
 98 308   0.127706      187.808      106.290     0.771019      142.129  83.39     0.731481        0.373     0.001838    28.093333     0.093333   0   1 
 99 308   0.128935      187.808      106.290     0.771387      142.472  83.59     0.731156        0.587     0.016847    28.213333     0.120000   0   1 
100 308   0.413115      187.808      106.200     0.771660      142.539  83.63     0.732235        0.320     0.127555    28.360000     0.146667   0   1 
