#scene........................: /home/eldamian/nbvEverardo/models/studying_room.wrl
#triangles....................: 107322
#Total triangles' area........: 170.448196 (m2)
#sensor aperture..............: 135.000000 x 70.000000 (deg)
#range image size.............: 350 x 80
#sensor blind distances.......: 0.500000 .. 30.000000 (m)
#sensor blind angle...........: 80.000000
#sensor Gaussian noise std dev: 0.012000 (m)
#views number.................: 100 
#optimization method..........: Evolution Strategy
#view iterations fitness vxl_occupied(m2) occplane(m2) vxl_quality tri_imaged(m2) tri_imaged(%) tri_quality travelled(m) energy total_time single_time backstep change
  0   0  -0.000000       16.628        4.838     0.635252       10.896   6.39     0.627871        0.000     0.000000     0.000000     0.000000   0   0 
  1 308   0.716569       32.918       17.528     0.706556       15.769   9.25     0.701153        0.000     0.109925     0.253333     0.253333   0   0 
  2 308   0.720438       67.770       30.533     0.634133       27.642  16.22     0.677486        0.000     0.109925     0.546667     0.293333   0   0 
  3 308   0.361461       67.838       30.465     0.637712       28.314  16.61     0.680325        6.561     0.243250     0.560000     0.013333   0   0 
  4 308   0.592153       67.950       30.105     0.644889       30.927  18.14     0.674986        1.256     0.110845     0.600000     0.040000   0   0 
  5 308   0.480575       90.630       35.055     0.651999       50.189  29.45     0.672658        5.566     0.164903     0.613333     0.013333   1   0 
  6 308   0.689686      123.480       53.528     0.647509       63.686  37.36     0.671359        0.000     0.109925     0.973333     0.360000   0   0 
  7 308   0.543999      139.298       62.618     0.665807       70.364  41.28     0.675740        5.195     0.576391     0.986667     0.013333   0   0 
  8 308   0.545998      140.423       76.523     0.667558       71.877  42.17     0.678910        0.193     0.027451     1.040000     0.053333   0   0 
  9 308   0.479929      140.693       74.295     0.669356       72.925  42.78     0.680449        0.175     0.032205     1.120000     0.080000   0   0 
 10 308   0.602767      143.055       72.270     0.672396       74.780  43.87     0.682758        0.409     0.034638     1.226667     0.106667   0   0 
 11 308   0.480409      151.898       62.258     0.668675       85.632  50.24     0.675217        5.328     0.163017     1.266667     0.040000   1   0 
 12 308   0.671521      154.620       99.428     0.670785       90.815  53.28     0.682512        0.000     0.297276     1.666667     0.400000   0   0 
 13 308   0.749107      154.463       99.225     0.671651       91.886  53.91     0.681743        0.000     0.166667     2.280000     0.613333   0   0 
 14 308   0.751581      154.125      115.785     0.670930       96.804  56.79     0.679960        0.000     0.443258     2.866667     0.586667   0   0 
 15 308   0.773179      153.945      116.528     0.678730       96.918  56.86     0.680071        0.000     0.589240     3.426667     0.560000   0   0 
 16 308   0.650235      153.585      118.283     0.693422       97.370  57.13     0.691062        2.767     0.496419     3.520000     0.093333   0   0 
 17 308   0.764105      152.708      118.238     0.694383       97.370  57.13     0.691062        0.000     0.000000     3.586667     0.066667   0   0 
 18 308   0.764780      152.393      118.148     0.694808       97.370  57.13     0.691062        0.000     0.000000     3.626667     0.040000   0   0 
 19 308   0.779233      158.130      124.358     0.696936       97.839  57.40     0.693254        2.346     0.000736     3.680000     0.053333   0   0 
 20 308   0.791005      157.950      124.245     0.697786       97.839  57.40     0.693254        0.000     0.000000     3.760000     0.080000   0   0 
 21 308   0.789787      157.793      124.065     0.698059       97.839  57.40     0.693254        0.000     0.000000     3.786667     0.026667   0   0 
 22 308   0.788685      157.568      123.930     0.698193       97.839  57.40     0.693254        0.000     0.000000     3.840000     0.053333   0   0 
 23 308   0.788647      157.545      123.840     0.698160       97.839  57.40     0.693254        0.000     0.000000     3.866667     0.026667   0   0 
 24 308   0.788359      157.523      123.818     0.698177       97.839  57.40     0.693254        0.000     0.000000     3.906667     0.040000   0   0 
 25 308   0.788359      157.523      123.683     0.698266       97.839  57.40     0.693254        0.000     0.000000     3.960000     0.053333   0   0 
 26 308   0.788301      157.523      123.660     0.698160       97.839  57.40     0.693254        0.000     0.000000     4.000000     0.040000   0   0 
 27 308   0.788207      157.523      123.660     0.698193       97.839  57.40     0.693254        0.000     0.000000     4.026667     0.026667   0   0 
 28 308   0.788207      157.568      123.660     0.698229       97.839  57.40     0.693254        0.000     0.000000     4.066667     0.040000   0   0 
 29 308   0.788200      157.568      123.660     0.698252       97.839  57.40     0.693254        0.000     0.000000     4.106667     0.040000   0   0 
 30 308   0.788200      157.568      123.660     0.698208       97.839  57.40     0.693254        0.000     0.000000     4.133333     0.026667   0   0 
 31 308   0.788086      157.568      123.593     0.698323       97.839  57.40     0.693254        0.000     0.000000     4.213333     0.080000   0   0 
 32 308   0.787951      157.568      123.593     0.698335       97.839  57.40     0.693254        0.000     0.000000     4.240000     0.026667   0   0 
 33 308   0.787951      157.568      123.593     0.698352       97.839  57.40     0.693254        0.000     0.000000     4.320000     0.080000   0   0 
 34 308   0.787951      157.568      123.593     0.698363       97.839  57.40     0.693254        0.000     0.000000     4.346667     0.026667   0   0 
 35 308   0.800094      159.053      125.033     0.706217       98.547  57.82     0.697213        2.236     0.000843     4.453333     0.106667   0   0 
 36 308   0.816204      159.030      125.258     0.706916       98.547  57.82     0.697213        0.000     0.000000     4.520000     0.066667   0   0 
 37 308   0.815775      159.075      125.303     0.707217       98.547  57.82     0.697213        0.000     0.000000     4.546667     0.026667   0   0 
 38 308   0.815786      159.098      125.280     0.707364       98.547  57.82     0.697213        0.000     0.000000     4.586667     0.040000   0   0 
 39 308   0.815807      159.098      125.280     0.707506       98.547  57.82     0.697213        0.000     0.000000     4.626667     0.040000   0   0 
 40 308   0.815633      159.098      125.280     0.707640       98.547  57.82     0.697213        0.000     0.000000     4.653333     0.026667   0   0 
 41 308   0.815633      159.143      125.460     0.707738       98.547  57.82     0.697213        0.000     0.000000     4.733333     0.080000   0   0 
 42 308   0.815603      159.143      125.460     0.707831       98.547  57.82     0.697213        0.000     0.000000     4.760000     0.026667   0   0 
 43 308   0.815603      159.143      125.460     0.707877       98.547  57.82     0.697213        0.000     0.000000     4.800000     0.040000   0   0 
 44 308   0.815603      159.143      125.460     0.708037       98.547  57.82     0.697213        0.000     0.000000     4.826667     0.026667   0   0 
 45 308   0.815603      159.143      125.460     0.708097       98.547  57.82     0.697213        0.000     0.000000     4.893333     0.066667   0   0 
 46 308   0.815603      159.143      125.460     0.708156       98.547  57.82     0.697213        0.000     0.000000     4.906667     0.013333   0   0 
 47 308   0.815603      159.143      125.460     0.708185       98.547  57.82     0.697213        0.000     0.000000     4.946667     0.040000   0   0 
 48 308   0.815603      159.143      125.460     0.708210       98.547  57.82     0.697213        0.000     0.000000     4.986667     0.040000   0   0 
 49 308   0.815603      159.143      125.460     0.708228       98.547  57.82     0.697213        0.000     0.000000     5.013333     0.026667   0   0 
 50 308   0.815603      159.143      125.460     0.708282       98.547  57.82     0.697213        0.000     0.000000     5.093333     0.080000   0   0 
 51 308   0.817512      159.188      125.280     0.708475       99.096  58.14     0.699843        0.075     0.003204     5.186667     0.093333   0   0 
 52 308   0.817616      159.188      125.190     0.708493       99.096  58.14     0.699843        0.000     0.000000     5.213333     0.026667   0   0 
 53 308   0.817616      159.188      125.190     0.708525       99.096  58.14     0.699843        0.000     0.000000     5.240000     0.026667   0   0 
 54 308   0.819112      159.300      125.528     0.709014       99.293  58.25     0.701276        0.500     0.001259     5.373333     0.133333   0   0 
 55 308   0.820511      159.300      125.528     0.709102       99.293  58.25     0.701276        0.000     0.000000     5.413333     0.040000   0   0 
 56 308   0.820511      159.300      125.528     0.709127       99.293  58.25     0.701276        0.000     0.000000     5.506667     0.093333   0   0 
 57 308   0.820511      159.300      125.528     0.709147       99.293  58.25     0.701276        0.000     0.000000     5.533333     0.026667   0   0 
 58 308   0.820511      159.278      125.505     0.709074       99.293  58.25     0.701276        0.000     0.000000     5.546667     0.013333   0   0 
 59 308   0.820511      159.278      125.505     0.709086       99.293  58.25     0.701276        0.000     0.000000     5.613333     0.066667   0   0 
 60 308   0.820511      159.278      125.505     0.709090       99.293  58.25     0.701276        0.000     0.000000     5.680000     0.066667   0   0 
 61 308   0.820511      159.278      125.505     0.709095       99.293  58.25     0.701276        0.000     0.000000     5.746667     0.066667   0   0 
 62 308   0.820511      159.278      125.505     0.709100       99.293  58.25     0.701276        0.000     0.000000     5.786667     0.040000   0   0 
 63 308   0.820511      159.278      125.505     0.709123       99.293  58.25     0.701276        0.000     0.000000     5.840000     0.053333   0   0 
 64 308   0.820511      159.278      125.505     0.709131       99.293  58.25     0.701276        0.000     0.000000     5.893333     0.053333   0   0 
 65 308   0.820511      159.278      125.505     0.709135       99.293  58.25     0.701276        0.000     0.000000     5.946667     0.053333   0   0 
 66 308   0.820511      159.278      125.505     0.709137       99.293  58.25     0.701276        0.000     0.000000     5.973333     0.026667   0   0 
 67 308   0.820511      159.278      125.505     0.709140       99.293  58.25     0.701276        0.000     0.000000     6.040000     0.066667   0   0 
 68 308   0.820511      159.278      125.505     0.709142       99.293  58.25     0.701276        0.000     0.000000     6.066667     0.026667   0   0 
 69 308   0.820511      159.278      125.505     0.709145       99.293  58.25     0.701276        0.000     0.000000     6.093333     0.026667   0   0 
 70 308   0.820511      159.278      125.505     0.709148       99.293  58.25     0.701276        0.000     0.000000     6.106667     0.013333   0   0 
 71 308   0.820511      159.278      125.505     0.709150       99.293  58.25     0.701276        0.000     0.000000     6.133333     0.026667   0   0 
 72 308   0.820511      159.278      125.505     0.709153       99.293  58.25     0.701276        0.000     0.000000     6.160000     0.026667   0   0 
 73 308   0.820511      159.278      125.505     0.709163       99.293  58.25     0.701276        0.000     0.000000     6.240000     0.080000   0   0 
 74 308   0.820511      159.278      125.505     0.709165       99.293  58.25     0.701276        0.000     0.000000     6.280000     0.040000   0   0 
 75 308   0.820511      159.278      125.505     0.709172       99.293  58.25     0.701276        0.000     0.000000     6.306667     0.026667   0   0 
 76 308   0.820511      159.278      125.505     0.709180       99.293  58.25     0.701276        0.000     0.000000     6.333333     0.026667   0   0 
 77 308   0.820511      159.278      125.505     0.709182       99.293  58.25     0.701276        0.000     0.000000     6.360000     0.026667   0   0 
 78 308   0.820511      159.278      125.505     0.709185       99.293  58.25     0.701276        0.000     0.000000     6.413333     0.053333   0   0 
 79 308   0.820511      159.278      125.505     0.709187       99.293  58.25     0.701276        0.000     0.000000     6.466667     0.053333   0   0 
 80 308   0.820511      159.278      125.505     0.709189       99.293  58.25     0.701276        0.000     0.000000     6.506667     0.040000   0   0 
 81 308   0.820511      159.278      125.505     0.709191       99.293  58.25     0.701276        0.000     0.000000     6.533333     0.026667   0   0 
 82 308   0.820511      159.278      125.505     0.709193       99.293  58.25     0.701276        0.000     0.000000     6.560000     0.026667   0   0 
 83 308   0.820511      159.278      125.505     0.709196       99.293  58.25     0.701276        0.000     0.000000     6.613333     0.053333   0   0 
 84 308   0.820511      159.278      125.505     0.709198       99.293  58.25     0.701276        0.000     0.000000     6.640000     0.026667   0   0 
 85 308   0.820511      159.278      125.505     0.709199       99.293  58.25     0.701276        0.000     0.000000     6.666667     0.026667   0   0 
 86 308   0.820511      159.278      125.505     0.709202       99.293  58.25     0.701276        0.000     0.000000     6.693333     0.026667   0   0 
 87 308   0.820511      159.278      125.505     0.709203       99.293  58.25     0.701276        0.000     0.000000     6.720000     0.026667   0   0 
 88 308   0.820511      159.278      125.505     0.709205       99.293  58.25     0.701276        0.000     0.000000     6.746667     0.026667   0   0 
 89 308   0.820511      159.278      125.505     0.709207       99.293  58.25     0.701276        0.000     0.000000     6.786667     0.040000   0   0 
 90 308   0.820511      159.278      125.505     0.709208       99.293  58.25     0.701276        0.000     0.000000     6.840000     0.053333   0   0 
 91 308   0.820511      159.278      125.505     0.709211       99.293  58.25     0.701276        0.000     0.000000     6.880000     0.040000   0   0 
 92 308   0.820511      159.278      125.505     0.709212       99.293  58.25     0.701276        0.000     0.000000     6.906667     0.026667   0   0 
 93 308   0.820511      159.278      125.505     0.709214       99.293  58.25     0.701276        0.000     0.000000     6.933333     0.026667   0   0 
 94 308   0.820511      159.278      125.505     0.709216       99.293  58.25     0.701276        0.000     0.000000     6.973333     0.040000   0   0 
 95 308   0.820511      159.278      125.505     0.709217       99.293  58.25     0.701276        0.000     0.000000     7.026667     0.053333   0   0 
 96 308   0.820511      159.278      125.505     0.709218       99.293  58.25     0.701276        0.000     0.000000     7.066667     0.040000   0   0 
 97 308   0.820511      159.278      125.505     0.709220       99.293  58.25     0.701276        0.000     0.000000     7.093333     0.026667   0   0 
 98 308   0.820511      159.278      125.505     0.709222       99.293  58.25     0.701276        0.000     0.000000     7.173333     0.080000   0   0 
 99 308   0.820511      159.278      125.505     0.709223       99.293  58.25     0.701276        0.000     0.000000     7.213333     0.040000   0   0 
100 308   0.820511      159.278      125.505     0.709224       99.293  58.25     0.701276        0.000     0.000000     7.240000     0.026667   0   0 
