#scene........................: /home/eldamian/nbvEverardo/models/studying_room.wrl
#triangles....................: 107322
#Total triangles' area........: 170.448196 (m2)
#sensor aperture..............: 135.000000 x 70.000000 (deg)
#range image size.............: 350 x 80
#sensor blind distances.......: 0.500000 .. 30.000000 (m)
#sensor blind angle...........: 80.000000
#sensor Gaussian noise std dev: 0.012000 (m)
#views number.................: 100 
#optimization method..........: Simulated Annealing
#view iterations fitness vxl_occupied(m2) occplane(m2) vxl_quality tri_imaged(m2) tri_imaged(%) tri_quality travelled(m) energy total_time single_time backstep change
  0   0  -0.000000       16.628        4.838     0.635252       10.896   6.39     0.627871        0.000     0.000000     0.000000     0.000000   0   0 
  1 300   0.702458       26.033        5.220     0.621800       18.741  10.99     0.612062        0.000     0.077427     0.226667     0.226667   0   0 
  2 300   0.688176       71.325       43.335     0.631944       30.755  18.04     0.642072        0.000     0.166667     0.453333     0.226667   0   0 
  3 300   0.717521       86.603       63.293     0.631166       37.507  22.01     0.659690        0.000     0.077427     0.773333     0.320000   0   0 
  4 300   0.702749       97.763       69.593     0.644115       53.698  31.50     0.662976        0.000     0.109925     1.186667     0.413333   0   0 
  5 300   0.669109      128.903       76.163     0.640207       66.298  38.90     0.661178        0.000     0.109925     1.666667     0.480000   0   0 
  6 300   0.719427      130.388       91.215     0.642672       72.680  42.64     0.663373        0.000     0.077427     2.120000     0.453333   0   0 
  7 300   0.682328      129.870       94.635     0.654591       75.610  44.36     0.670892        0.000     0.109925     2.613333     0.493333   0   0 
  8 300   0.669469      129.488      100.193     0.656723       76.977  45.16     0.672632        0.000     0.166667     3.106667     0.493333   0   0 
  9 300   0.682385      139.703      109.238     0.663039       82.626  48.48     0.678860        0.000     0.166667     3.626667     0.520000   0   0 
 10 300   0.676975      140.760      116.888     0.666054       85.107  49.93     0.681498        0.000     0.166667     4.173333     0.546667   0   0 
 11 300   0.384052      146.453      127.148     0.675310       87.447  51.30     0.683649        4.536     0.666305     4.213333     0.040000   0   0 
 12 300   0.630419      146.318      126.900     0.676123       87.447  51.30     0.683649        4.536     0.166305     4.280000     0.066667   1   0 
 13 300   0.733342      145.170      128.588     0.677311       87.447  51.30     0.683649        0.000     0.109925     4.760000     0.480000   0   0 
 14 300   0.692143      145.170      128.543     0.678287       87.447  51.30     0.683649        0.000     0.109925     5.306667     0.546667   0   0 
 15 300   0.686775      145.080      128.903     0.679230       87.447  51.30     0.683649        0.000     0.166667     5.880000     0.573333   0   0 
 16 300   0.662152      145.508      135.878     0.679853       87.447  51.30     0.683649        0.000     0.333333     6.413333     0.533333   0   0 
 17 300   0.731491      145.373      137.318     0.682430       87.553  51.37     0.683746        0.000     0.145982     6.906667     0.493333   0   0 
 18 300   0.717046      145.598      137.250     0.682483       87.553  51.37     0.683746        0.000     0.145982     7.373333     0.466667   0   0 
 19 300   0.652001      147.510      140.445     0.678073       93.827  55.05     0.675372        0.000     0.187351     7.906667     0.533333   0   0 
 20 300   0.622987      147.465      141.233     0.678422       93.827  55.05     0.675372        0.000     0.410760     8.346667     0.440000   0   0 
 21 300   0.388716      150.885      143.910     0.685056       97.572  57.24     0.677463        5.014     0.515192     8.360000     0.013333   0   0 
 22 300   0.480549      151.808      143.438     0.686019      100.884  59.19     0.674552        5.014     0.161174     8.400000     0.040000   1   0 
 23 300   0.839469      151.808      145.598     0.686229      100.884  59.19     0.674552        0.000     0.297276     8.920000     0.520000   0   0 
 24 300   0.788464      151.853      150.615     0.687331      100.884  59.19     0.674552        0.000     0.500000     9.533333     0.613333   0   0 
 25 300   0.272205      152.055      149.985     0.693609      102.844  60.34     0.676365        4.965     0.461034     9.560000     0.026667   0   0 
 26 300   0.480769      152.370      149.670     0.694336      103.974  61.00     0.676672        4.965     0.163758     9.586667     0.026667   1   0 
 27 300   0.285006      154.170      148.950     0.695655      105.845  62.10     0.677529        5.426     0.242362     9.613333     0.026667   0   0 
 28 300   0.480752      154.125      148.950     0.695667      105.845  62.10     0.677529        5.426     0.132438     9.626667     0.013333   1   0 
 29 300   0.734803      154.058      150.030     0.695823      105.845  62.10     0.677529        0.000     0.410760    10.146667     0.520000   0   0 
 30 300   0.306628      156.240      140.963     0.700656      109.015  63.96     0.681834        5.245     0.221284    10.173333     0.026667   0   0 
 31 300   0.545499      156.578      140.355     0.702490      109.757  64.39     0.684822        1.007     0.192780    10.240000     0.066667   0   0 
 32 300   0.616657      157.905      141.278     0.702743      109.757  64.39     0.684822        4.984     0.138428    10.266667     0.026667   1   0 
 33 300   0.802100      157.410      141.210     0.703264      109.757  64.39     0.684822        0.000     0.109925    10.800000     0.533333   0   0 
 34 300   0.252912      157.410      141.210     0.704537      109.778  64.41     0.687149        5.477     0.477453    10.840000     0.040000   0   0 
 35 300   0.480769      157.950      139.905     0.705823      110.692  64.94     0.688216        5.477     0.144120    10.920000     0.080000   1   0 
 36 300   0.300811      158.220      139.410     0.708056      111.621  65.49     0.689453        6.472     0.310820    10.933333     0.013333   0   0 
 37 300   0.480270      158.085      139.365     0.708298      111.621  65.49     0.689453        6.472     0.144154    10.946667     0.013333   1   0 
 38 300   0.772154      157.995      139.230     0.709180      111.621  65.49     0.689453        0.000     0.244093    11.520000     0.573333   0   0 
 39 300   0.766549      157.995      139.230     0.709475      111.621  65.49     0.689453        0.000     0.109925    12.053333     0.533333   0   0 
 40 300   0.687937      158.130      139.230     0.710582      111.621  65.49     0.689453        0.000     0.500000    12.706667     0.653333   0   0 
 41 300   0.648967      158.153      139.118     0.711095      111.621  65.49     0.689453        0.000     0.145982    13.253333     0.546667   0   0 
 42 300   0.649068      158.153      139.118     0.711835      111.621  65.49     0.689453        0.000     0.312649    13.826667     0.573333   0   0 
 43 300   0.665839      158.153      139.118     0.711949      111.634  65.49     0.689480        0.000     0.145982    14.453333     0.626667   0   0 
 44 300   0.604141      158.175      139.050     0.712198      111.634  65.49     0.689480        0.000     0.166667    15.013333     0.560000   0   0 
 45 300   0.585576      158.288      139.028     0.712270      111.634  65.49     0.689480        0.000     0.354018    15.613333     0.600000   0   0 
 46 300   0.287605      158.400      138.645     0.715179      112.042  65.73     0.692685        4.685     0.442159    15.613333     0.000000   0   0 
 47 300   0.480769      158.490      138.533     0.715452      113.118  66.36     0.690949        4.685     0.165567    15.653333     0.040000   1   0 
 48 300   0.736200      158.288      138.465     0.715679      113.118  66.36     0.690949        0.000     0.276591    16.160000     0.506667   0   0 
 49 300   0.690493      158.108      138.465     0.715963      113.118  66.36     0.690949        0.000     0.609924    16.746667     0.586667   0   0 
 50 300   0.766711      158.108      138.465     0.716131      113.118  66.36     0.690949        0.000     0.109925    17.400000     0.653333   0   0 
 51 300   0.677010      158.063      138.465     0.716358      113.118  66.36     0.690949        0.000     0.166667    18.013333     0.613333   0   0 
 52 300   0.665839      158.063      138.465     0.716463      113.118  66.36     0.690949        0.000     0.145982    18.666667     0.653333   0   0 
 53 300   0.396344      158.490      138.803     0.717357      113.563  66.63     0.691512        5.124     0.154774    18.733333     0.066667   0   0 
 54 300   0.623794      158.490      138.803     0.717385      113.563  66.63     0.691512        5.124     0.154774    18.760000     0.026667   1   0 
 55 300   0.756886      158.400      138.803     0.717587      113.563  66.63     0.691512        0.000     0.255907    19.360000     0.600000   0   0 
 56 300   0.495739      159.480      130.995     0.723192      114.826  67.37     0.699148        2.605     0.165008    19.400000     0.040000   0   0 
 57 300   0.701717      159.570      130.500     0.724973      114.985  67.46     0.703587        0.364     0.144778    19.480000     0.080000   0   0 
 58 300   0.740852      159.660      130.320     0.725103      114.985  67.46     0.703587        0.000     0.000000    19.533333     0.053333   0   1 
 59 300   0.309969      159.615      130.320     0.725308      115.255  67.62     0.705081        8.086     0.024619    19.573333     0.040000   1   1 
 60 300   0.239263      160.898      132.548     0.737494      115.749  67.91     0.708781        5.911     0.489695    19.600000     0.026667   0   1 
 61 300   0.467441      161.865      132.660     0.735391      116.569  68.39     0.707298        5.911     0.010379    19.626667     0.026667   1   1 
 62 300   0.151034      168.705      134.685     0.735702      118.004  69.23     0.708929        4.353     0.167812    19.653333     0.026667   0   1 
 63 300   0.330570      170.888      129.330     0.742848      120.728  70.83     0.711981        4.911     0.021837    19.760000     0.106667   0   1 
 64 300   0.401097      171.203      128.768     0.743251      120.728  70.83     0.711981        4.911     0.021837    19.813333     0.053333   1   1 
 65 300   0.189460      171.203      127.463     0.743424      121.745  71.43     0.711351        4.353     0.021830    19.853333     0.040000   1   1 
 66 300   0.053867      171.293      123.503     0.746249      127.221  74.64     0.716741        9.948     0.006977    19.906667     0.053333   0   1 
 67 300   0.112323      172.238      120.668     0.746768      127.221  74.64     0.716741        9.948     0.006977    19.973333     0.066667   1   1 
 68 300   0.367190      172.485      120.645     0.746596      127.906  75.04     0.715539        0.239     0.008198    20.080000     0.106667   0   1 
 69 300   0.373450      173.520      121.635     0.746724      127.906  75.04     0.715539        4.990     0.162972    20.120000     0.040000   1   1 
 70 300   0.307101      186.323      113.648     0.752402      140.573  82.47     0.716746        5.265     0.442581    20.213333     0.093333   0   1 
 71 300   0.153733      184.928      112.658     0.757070      140.977  82.71     0.722735        2.724     0.266844    20.333333     0.120000   0   1 
 72 300   0.288989      184.275      111.915     0.764251      141.155  82.81     0.732646        0.477     0.325203    20.533333     0.200000   0   1 
 73 300   0.324598      184.275      111.915     0.764263      141.155  82.81     0.732693        7.249     0.023069    20.693333     0.160000   1   1 
 74 300   0.422873      184.275      111.735     0.766856      141.200  82.84     0.736779        1.829     0.333042    20.786667     0.093333   0   1 
 75 300   0.531179      184.275      111.735     0.766863      141.200  82.84     0.736779        5.430     0.145175    20.840000     0.053333   1   1 
 76 300   0.607880      184.275      111.735     0.766868      141.200  82.84     0.736779        0.000     0.000000    21.480000     0.640000   0   1 
 77 300   0.068769      184.455      110.453     0.767422      141.545  83.04     0.737451        6.534     0.286405    21.533333     0.053333   0   1 
 78 300   0.133462      184.500      110.453     0.767472      141.545  83.04     0.737451        6.534     0.140423    21.586667     0.053333   1   1 
 79 300   0.000000      184.500      110.453     0.767475      141.590  83.07     0.737463        6.473     0.649818    21.600000     0.013333   0   1 
 80 300   0.032526      184.590      110.385     0.767901      141.774  83.18     0.739432        1.453     0.015507    21.640000     0.040000   0   1 
 81 300   0.035550      184.590      110.385     0.768114      141.774  83.18     0.739432        5.307     0.165326    21.666667     0.026667   1   1 
 82 300   0.161700      184.500      110.385     0.768331      142.016  83.32     0.739805        4.759     0.269443    21.706667     0.040000   0   1 
 83 300   0.254147      184.455      110.295     0.768346      142.016  83.32     0.739805        4.759     0.159519    21.733333     0.026667   1   1 
 84 300   0.053313      184.950      106.245     0.772008      145.707  85.48     0.736855        5.852     0.404172    21.773333     0.040000   0   1 
 85 300   0.060879      185.220      106.605     0.772044      145.707  85.48     0.736855        5.852     0.160079    21.840000     0.066667   1   1 
 86 300   0.045752      185.243      104.828     0.774198      146.712  86.07     0.737201        6.109     0.230861    21.933333     0.093333   0   1 
 87 300   0.274423      185.333      105.053     0.774692      146.820  86.14     0.738167        0.284     0.122693    22.053333     0.120000   0   1 
 88 300   0.284406      185.738      105.435     0.774810      146.820  86.14     0.738167        5.827     0.140665    22.213333     0.160000   1   1 
 89 300   0.323038      186.098      105.390     0.777123      147.296  86.42     0.738534        5.487     0.294264    22.253333     0.040000   0   1 
 90 300   0.557782      186.120      105.458     0.777162      147.296  86.42     0.738534        5.487     0.148282    22.440000     0.186667   1   1 
 91 300   0.083162      186.120      105.323     0.777920      147.484  86.53     0.741608        4.597     0.641397    22.533333     0.093333   0   1 
 92 300   0.151687      186.278      104.310     0.777917      147.484  86.53     0.741608        4.597     0.162082    22.666667     0.133333   1   1 
 93 300   0.132410      187.133      104.468     0.778509      147.616  86.60     0.742711        5.977     0.655995    22.786667     0.120000   0   1 
 94 300   0.295706      187.133      104.468     0.778526      147.616  86.60     0.742711        5.977     0.155995    22.866667     0.080000   1   1 
 95 300   0.000000      187.088      104.468     0.779568      147.674  86.64     0.744654        4.729     0.483650    22.906667     0.040000   0   1 
 96 300   0.100366      186.930      104.445     0.779935      148.297  87.00     0.744367        0.202     0.257700    22.960000     0.053333   0   1 
 97 300   0.119081      187.785      102.240     0.781084      151.308  88.77     0.741104        3.058     0.021446    23.106667     0.146667   0   1 
 98 300   0.123507      187.785      102.240     0.781317      151.308  88.77     0.741104        3.058     0.021446    23.160000     0.053333   1   1 
 99 300   0.108408      187.785      102.240     0.781481      151.308  88.77     0.741104        4.806     0.143239    23.213333     0.053333   1   1 
100 300   0.572913      187.785      102.240     0.781906      151.308  88.77     0.741104        0.000     0.166667    23.853333     0.640000   0   1 
