#scene........................: /home/eldamian/nbvEverardo/models/studying_room.wrl
#triangles....................: 107322
#Total triangles' area........: 170.448196 (m2)
#sensor aperture..............: 135.000000 x 70.000000 (deg)
#range image size.............: 350 x 80
#sensor blind distances.......: 0.500000 .. 30.000000 (m)
#sensor blind angle...........: 80.000000
#sensor Gaussian noise std dev: 0.012000 (m)
#views number.................: 100 
#optimization method..........: Simulated Annealing
#view iterations fitness vxl_occupied(m2) occplane(m2) vxl_quality tri_imaged(m2) tri_imaged(%) tri_quality travelled(m) energy total_time single_time backstep change
  0   0  -0.000000       16.628        4.838     0.635252       10.896   6.39     0.627871        0.000     0.000000     0.000000     0.000000   0   0 
  1 300   0.702458       26.033        5.220     0.621800       18.741  10.99     0.612062        0.000     0.077427     0.226667     0.226667   0   0 
  2 300   0.688176       71.325       43.335     0.631944       30.755  18.04     0.642072        0.000     0.166667     0.506667     0.280000   0   0 
  3 300   0.717521       86.603       63.293     0.631166       37.507  22.01     0.659690        0.000     0.077427     0.853333     0.346667   0   0 
  4 300   0.702749       97.763       69.593     0.644115       53.698  31.50     0.662976        0.000     0.109925     1.213333     0.360000   0   0 
  5 300   0.669109      128.903       76.163     0.640207       66.298  38.90     0.661178        0.000     0.109925     1.613333     0.400000   0   0 
  6 300   0.719427      130.388       91.215     0.642672       72.680  42.64     0.663373        0.000     0.077427     2.120000     0.506667   0   0 
  7 300   0.682328      129.870       94.635     0.654591       75.610  44.36     0.670892        0.000     0.109925     2.640000     0.520000   0   0 
  8 300   0.669469      129.488      100.193     0.656723       76.977  45.16     0.672632        0.000     0.166667     3.200000     0.560000   0   0 
  9 300   0.682385      139.703      109.238     0.663039       82.626  48.48     0.678860        0.000     0.166667     3.746667     0.546667   0   0 
 10 300   0.676975      140.760      116.888     0.666054       85.107  49.93     0.681498        0.000     0.166667     4.333333     0.586667   0   0 
 11 300   0.496273      146.453      127.148     0.675310       87.447  51.30     0.683649        4.536     0.666305     4.373333     0.040000   0   0 
 12 300   0.630419      146.318      126.900     0.676123       87.447  51.30     0.683649        4.536     0.166305     4.426667     0.053333   1   0 
 13 300   0.733342      145.170      128.588     0.677311       87.447  51.30     0.683649        0.000     0.109925     4.973333     0.546667   0   0 
 14 300   0.692143      145.170      128.543     0.678287       87.447  51.30     0.683649        0.000     0.109925     5.400000     0.426667   0   0 
 15 300   0.686775      145.080      128.903     0.679230       87.447  51.30     0.683649        0.000     0.166667     5.933333     0.533333   0   0 
 16 300   0.662152      145.508      135.878     0.679853       87.447  51.30     0.683649        0.000     0.333333     6.453333     0.520000   0   0 
 17 300   0.731491      145.373      137.318     0.682430       87.553  51.37     0.683746        0.000     0.145982     6.986667     0.533333   0   0 
 18 300   0.717046      145.598      137.250     0.682483       87.553  51.37     0.683746        0.000     0.145982     7.480000     0.493333   0   0 
 19 300   0.652001      147.510      140.445     0.678073       93.827  55.05     0.675372        0.000     0.187351     7.986667     0.506667   0   0 
 20 300   0.622987      147.465      141.233     0.678422       93.827  55.05     0.675372        0.000     0.410760     8.533333     0.546667   0   0 
 21 300   0.501050      150.885      143.910     0.685056       97.572  57.24     0.677463        5.014     0.515192     8.560000     0.026667   0   0 
 22 300   0.489234      151.493      143.258     0.692444      100.106  58.73     0.678550        0.645     0.171609     8.586667     0.026667   0   0 
 23 300   0.480550      153.248      142.313     0.695272      103.322  60.62     0.679982        5.495     0.135548     8.613333     0.026667   1   0 
 24 300   0.844566      152.910      144.540     0.695698      103.322  60.62     0.679982        0.000     0.276591     9.146667     0.533333   0   0 
 25 300   0.615512      155.790      136.665     0.701685      105.717  62.02     0.685743        5.266     0.162725     9.253333     0.106667   0   0 
 26 300   0.773969      155.655      136.440     0.701831      105.717  62.02     0.685743        5.266     0.162725     9.293333     0.040000   1   0 
 27 300   0.756837      155.723      136.418     0.701971      105.717  62.02     0.685743        0.000     0.000000     9.880000     0.586667   0   0 
 28 300   0.668435      155.475      136.508     0.702612      105.717  62.02     0.685743        0.000     0.609924    10.426667     0.546667   0   0 
 29 300   0.557180      155.993      135.473     0.706551      107.015  62.78     0.689855        4.925     0.161810    10.453333     0.026667   0   0 
 30 300   0.668469      155.970      135.405     0.706403      107.015  62.78     0.689855        4.925     0.161810    10.533333     0.080000   1   0 
 31 300   0.789563      155.948      135.293     0.706421      107.015  62.78     0.689855        0.000     0.000000    11.133333     0.600000   0   0 
 32 300   0.729336      155.813      135.248     0.707673      107.015  62.78     0.689855        0.000     0.109925    11.760000     0.626667   0   0 
 33 300   0.672351      155.813      135.248     0.708338      107.015  62.78     0.689855        0.000     0.166667    12.400000     0.640000   0   0 
 34 300   0.679104      155.970      135.180     0.708377      107.015  62.78     0.689855        0.000     0.333333    13.000000     0.600000   0   0 
 35 300   0.540670      156.578      136.058     0.716687      107.490  63.06     0.697303        3.404     0.643580    13.080000     0.080000   0   0 
 36 300   0.716831      156.578      136.058     0.716770      107.493  63.06     0.697326        3.404     0.164264    13.106667     0.026667   1   0 
 37 300   0.735686      156.420      136.035     0.717113      107.493  63.06     0.697326        0.000     0.255907    13.773333     0.666667   0   0 
 38 300   0.729399      156.488      136.013     0.717420      107.493  63.06     0.697326        0.000     0.109925    14.373333     0.600000   0   0 
 39 300   0.447253      156.488      135.968     0.717548      107.808  63.25     0.698023        5.121     0.162620    14.400000     0.026667   0   0 
 40 300   0.565512      156.465      135.945     0.717836      107.808  63.25     0.698023        5.121     0.162620    14.440000     0.040000   1   0 
 41 300   0.766836      156.510      135.945     0.717947      107.808  63.25     0.698023        0.000     0.109925    15.053333     0.613333   0   0 
 42 300   0.729399      156.510      135.945     0.718243      107.808  63.25     0.698023        0.000     0.109925    15.600000     0.546667   0   0 
 43 300   0.409953      156.938      135.225     0.721871      109.001  63.95     0.702390        3.262     0.292160    15.653333     0.053333   0   0 
 44 300   0.531307      158.445      132.840     0.726519      110.327  64.73     0.708407        0.697     0.208070    15.706667     0.053333   0   0 
 45 300   0.562206      158.490      132.818     0.727162      110.327  64.73     0.708407        0.000     0.000000    15.720000     0.013333   0   1 
 46 300   0.305047      162.518      137.430     0.733564      113.525  66.60     0.713551        3.639     0.125034    15.760000     0.040000   0   1 
 47 300   0.370353      167.423      140.760     0.737633      114.508  67.18     0.715152        2.136     0.152143    15.853333     0.093333   0   1 
 48 300   0.353960      166.748      140.625     0.742421      114.513  67.18     0.719607        3.279     0.021270    15.920000     0.066667   1   1 
 49 300   0.507563      168.345      139.523     0.745290      114.935  67.43     0.722263        7.843     0.021787    15.960000     0.040000   1   1 
 50 300   0.273279      168.413      139.410     0.745339      114.935  67.43     0.722263        5.121     0.162620    16.040000     0.080000   1   1 
 51 300   0.622333      168.413      139.410     0.745377      114.935  67.43     0.722263        0.000     0.000000    16.706667     0.666667   0   1 
 52 300   0.571085      168.300      139.388     0.745481      114.935  67.43     0.722263        0.000     0.145982    17.360000     0.653333   0   1 
 53 300   0.025775      170.573      137.723     0.748462      117.523  68.95     0.721333        4.903     0.619833    17.373333     0.013333   0   1 
 54 300   0.019930      172.283      135.293     0.753103      119.989  70.40     0.723881        1.411     0.129700    17.440000     0.066667   0   1 
 55 300   0.089079      172.350      134.573     0.756492      121.302  71.17     0.725576        3.683     0.256010    17.520000     0.080000   0   1 
 56 300   0.000000      172.350      134.573     0.757373      121.373  71.21     0.726572        3.683     0.000103    17.533333     0.013333   1   1 
 57 300   0.000000      172.215      134.528     0.757876      121.810  71.46     0.726310        4.944     0.136115    17.586667     0.053333   1   1 
 58 300   0.056555      172.778      134.033     0.762319      124.888  73.27     0.724474        5.967     0.487483    17.626667     0.040000   0   1 
 59 300   0.001322      172.778      134.033     0.762476      124.888  73.27     0.724474        5.967     0.154149    17.640000     0.013333   1   1 
 60 300   0.335999      172.890      133.605     0.762188      125.092  73.39     0.727458        2.209     0.772367    17.693333     0.053333   0   1 
 61 300   0.440807      173.115      133.830     0.762664      125.286  73.50     0.729179        7.133     0.000632    17.800000     0.106667   1   1 
 62 300   0.144171      173.115      133.785     0.762712      125.286  73.50     0.729179        4.925     0.161810    17.880000     0.080000   1   1 
 63 300   0.145073      173.070      133.650     0.763404      126.208  74.04     0.729091        2.552     0.273880    17.933333     0.053333   0   1 
 64 300   0.163885      173.970      132.053     0.763103      127.057  74.54     0.728011        7.713     0.001230    17.973333     0.040000   1   1 
 65 300   0.142357      174.015      132.053     0.763348      127.057  74.54     0.728011        5.266     0.162725    18.053333     0.080000   1   1 
 66 300   0.579333      174.015      132.053     0.764894      127.057  74.54     0.728011        0.000     0.255907    18.666667     0.613333   0   1 
 67 300   0.570580      174.015      132.053     0.765115      127.057  74.54     0.728011        0.000     0.145982    19.293333     0.626667   0   1 
 68 300   0.128375      174.015      132.233     0.765559      127.283  74.68     0.728501        4.915     0.134131    19.346667     0.053333   0   1 
 69 300   0.207084      174.330      131.558     0.765433      127.954  75.07     0.728143        0.265     0.114714    19.413333     0.066667   0   1 
 70 300   0.211844      174.330      131.558     0.765483      127.954  75.07     0.728143        5.125     0.129342    19.453333     0.040000   1   1 
 71 300   0.165491      175.005      128.003     0.767597      129.761  76.13     0.731404        5.564     0.587659    19.520000     0.066667   0   1 
 72 300   0.547014      175.050      126.878     0.769004      130.154  76.36     0.730967        1.036     0.148261    19.680000     0.160000   0   1 
 73 300   0.573867      176.400      127.733     0.769059      130.154  76.36     0.730967        4.817     0.142122    19.786667     0.106667   1   1 
 74 300   0.009873      176.445      127.643     0.769454      130.279  76.43     0.731652        6.105     0.412877    19.813333     0.026667   0   1 
 75 300   0.003982      175.973      125.280     0.773912      132.608  77.80     0.731410        0.246     0.493376    19.853333     0.040000   0   1 
 76 300   0.536453      185.108      122.558     0.777499      141.569  83.06     0.734155        0.317     0.308169    19.986667     0.133333   0   1 
 77 300   0.333010      185.310      123.143     0.777597      141.569  83.06     0.734155        6.070     0.132016    20.106667     0.120000   1   1 
 78 300   0.000000      183.803      123.143     0.787656      143.283  84.06     0.739805        3.083     0.331304    20.133333     0.026667   0   1 
 79 300   0.011226      184.725      122.423     0.788355      144.472  84.76     0.739755        3.020     0.283401    20.200000     0.066667   0   1 
 80 300   0.304558      184.793      122.130     0.788949      144.919  85.02     0.741674        0.384     0.132085    20.373333     0.173333   0   1 
 81 300   0.306632      185.153      122.355     0.788983      144.919  85.02     0.741674        5.642     0.138620    20.560000     0.186667   1   1 
 82 300   0.244008      186.345      118.530     0.789140      146.659  86.04     0.740295        6.069     0.325028    20.626667     0.066667   0   1 
 83 300   0.339776      186.345      118.530     0.789251      146.659  86.04     0.740295        6.069     0.158361    20.826667     0.200000   1   1 
 84 300   0.589867      186.345      118.530     0.789366      146.659  86.04     0.740295        0.000     0.145982    21.480000     0.653333   0   1 
 85 300   0.400102      186.210      118.485     0.789353      146.729  86.08     0.740902        2.607     0.304878    21.746667     0.266667   0   1 
 86 300   0.457326      186.413      118.418     0.789464      146.745  86.09     0.741142        8.023     0.023348    21.813333     0.066667   1   1 
 87 300   0.084274      186.413      118.418     0.789479      146.745  86.09     0.741142        5.495     0.135548    21.853333     0.040000   1   1 
 88 300   0.000000      186.435      118.395     0.789617      146.761  86.10     0.741445        3.553     0.652861    21.866667     0.013333   0   1 
 89 300   0.000000      186.525      118.395     0.790048      146.761  86.10     0.741445        3.553     0.132177    21.893333     0.026667   1   1 
 90 300   0.009491      187.425      117.495     0.791583      149.231  87.55     0.738995        4.884     0.739411    21.920000     0.026667   0   1 
 91 300   0.010228      187.313      117.473     0.791759      149.231  87.55     0.738995        4.884     0.161984    21.946667     0.026667   1   1 
 92 300   0.558805      187.313      117.473     0.791964      149.231  87.55     0.738995        0.000     0.333333    22.560000     0.613333   0   1 
 93 300   0.560013      187.313      117.473     0.792015      149.231  87.55     0.738995        0.000     0.145982    23.120000     0.560000   0   1 
 94 300   0.000000      187.313      117.473     0.792060      149.241  87.56     0.739025        6.391     0.128240    23.133333     0.013333   0   1 
 95 300   0.000000      187.313      117.473     0.792100      149.241  87.56     0.739025        6.391     0.128240    23.173333     0.040000   1   1 
 96 300   0.109387      189.135      113.288     0.790586      151.533  88.90     0.737575        5.907     0.350937    23.200000     0.026667   0   1 
 97 300   0.177120      190.058      112.388     0.789538      151.598  88.94     0.737943        1.868     0.187500    23.400000     0.200000   0   1 
 98 300   0.221562      189.923      112.455     0.789297      151.663  88.98     0.738111        0.156     0.023865    23.533333     0.133333   0   1 
 99 300   0.220288      189.923      112.455     0.789371      151.663  88.98     0.738111        6.191     0.139870    23.613333     0.080000   1   1 
100 300   0.223045      189.945      111.533     0.790671      152.225  89.31     0.738015        5.756     0.324235    23.653333     0.040000   0   1 
