#scene........................: /home/eldamian/nbvEverardo/models/studying_room.wrl
#triangles....................: 107322
#Total triangles' area........: 170.448196 (m2)
#sensor aperture..............: 135.000000 x 70.000000 (deg)
#range image size.............: 350 x 80
#sensor blind distances.......: 0.500000 .. 30.000000 (m)
#sensor blind angle...........: 80.000000
#sensor Gaussian noise std dev: 0.012000 (m)
#views number.................: 100 
#optimization method..........: Simulated Annealing
#view iterations fitness vxl_occupied(m2) occplane(m2) vxl_quality tri_imaged(m2) tri_imaged(%) tri_quality travelled(m) energy total_time single_time backstep change
  0   0  -0.000000       16.628        4.838     0.635252       10.896   6.39     0.627871        0.000     0.000000     0.000000     0.000000   0   0 
  1 300   0.716569       32.918       17.528     0.706556       15.769   9.25     0.701153        0.000     0.109925     0.240000     0.240000   0   0 
  2 300   0.720438       67.770       30.533     0.634133       27.642  16.22     0.677486        0.000     0.109925     0.586667     0.346667   0   0 
  3 300   0.724759       82.530       44.258     0.631295       34.224  20.08     0.688275        0.000     0.077427     0.986667     0.400000   0   0 
  4 300   0.668362      100.620       77.018     0.660221       43.858  25.73     0.693613        5.250     0.657087     1.013333     0.026667   0   0 
  5 300   0.479997      140.693       57.960     0.658388       64.141  37.63     0.687385        5.250     0.136402     1.080000     0.066667   1   0 
  6 300   0.788271      142.695       56.070     0.664531       70.431  41.32     0.683115        0.000     0.145982     1.760000     0.680000   0   0 
  7 300   0.657925      146.228       75.218     0.665237       73.540  43.14     0.683327        0.000     0.276591     2.426667     0.666667   0   0 
  8 300   0.686406      156.600      102.150     0.673018       79.289  46.52     0.694054        0.000     0.166667     3.093333     0.666667   0   0 
  9 300   0.668513      155.250      115.178     0.671605       85.501  50.16     0.691958        0.000     0.609924     3.733333     0.640000   0   0 
 10 300   0.671913      155.048      119.003     0.674305       85.501  50.16     0.691958        0.000     0.276591     4.386667     0.653333   0   0 
 11 300   0.710067      155.003      120.893     0.675931       85.729  50.30     0.692178        0.000     0.312649     5.053333     0.666667   0   0 
 12 300   0.631790      154.305      134.573     0.677183       88.366  51.84     0.697562        0.000     0.479316     5.680000     0.626667   0   0 
 13 300   0.694039      154.463      135.068     0.680895       88.426  51.88     0.697635        0.000     0.145982     6.213333     0.533333   0   0 
 14 300   0.653203      157.703      138.173     0.688398       91.820  53.87     0.698678        4.927     0.413926     6.253333     0.040000   0   0 
 15 300   0.704404      156.105      139.140     0.689076       91.820  53.87     0.698678        4.927     0.158019     6.280000     0.026667   1   0 
 16 300   0.951689      155.993      139.095     0.690963       91.820  53.87     0.698678        0.000     0.109925     6.986667     0.706667   0   0 
 17 300   0.907662      154.823      139.050     0.691391       91.820  53.87     0.698678        0.000     0.109925     7.560000     0.573333   0   0 
 18 300   0.381596      155.138      138.578     0.693793       92.829  54.46     0.699392        5.055     0.403927     7.573333     0.013333   0   0 
 19 300   0.694469      155.340      136.868     0.694229       94.380  55.37     0.701356        0.330     0.254321     7.640000     0.066667   0   0 
 20 300   0.704290      154.890      136.913     0.694443       94.380  55.37     0.701356        4.917     0.149607     7.773333     0.133333   1   0 
 21 300   0.970173      154.868      136.890     0.695186       94.380  55.37     0.701356        0.000     0.109925     8.533333     0.760000   0   0 
 22 300   0.867585      154.890      136.868     0.696560       94.380  55.37     0.701356        0.000     0.145982     9.253333     0.720000   0   0 
 23 300   0.849658      154.418      136.913     0.697223       94.380  55.37     0.701356        0.000     0.255907     9.933333     0.680000   0   0 
 24 300   0.749452      154.485      136.980     0.697417       94.380  55.37     0.701356        0.000     0.276591    10.626667     0.693333   0   0 
 25 300   0.746698      154.755      137.745     0.697617       94.380  55.37     0.701356        0.000     0.333333    11.320000     0.693333   0   0 
 26 300   0.637161      154.530      137.655     0.698269       94.380  55.37     0.701356        0.000     0.520684    11.920000     0.600000   0   0 
 27 300   0.617806      154.463      137.588     0.699426       94.380  55.37     0.701356        0.000     0.354018    12.666667     0.746667   0   0 
 28 300   0.501543      154.508      136.575     0.699893       95.782  56.19     0.700177        5.127     0.593211    12.720000     0.053333   0   0 
 29 300   0.674077      154.260      136.395     0.699584       95.782  56.19     0.700177        5.127     0.149953    12.773333     0.053333   1   0 
 30 300   0.768039      154.170      136.305     0.699550       95.782  56.19     0.700177        0.000     0.000000    13.520000     0.746667   0   0 
 31 300   0.739761      154.148      136.238     0.699726       95.782  56.19     0.700177        0.000     0.109925    14.226667     0.706667   0   0 
 32 300   0.693145      154.463      136.193     0.700361       95.782  56.19     0.700177        0.000     0.500000    14.693333     0.466667   0   0 
 33 300   0.287264      155.318      138.465     0.709233       99.431  58.33     0.697967        6.400     0.763131    14.720000     0.026667   0   0 
 34 300   0.566616      155.880      132.615     0.715820      102.836  60.33     0.701259        1.036     0.196703    14.813333     0.093333   0   0 
 35 300   0.640607      155.880      132.165     0.719673      105.903  62.13     0.700767        0.287     0.676377    14.893333     0.080000   0   0 
 36 300   0.480769      155.475      132.165     0.719904      105.903  62.13     0.700767        6.158     0.132163    14.906667     0.013333   1   0 
 37 300   0.728674      155.610      132.165     0.720138      105.903  62.13     0.700767        0.000     0.276591    15.546667     0.640000   0   0 
 38 300   0.535703      161.910      128.475     0.722310      110.337  64.73     0.697395        5.129     0.273428    15.600000     0.053333   0   0 
 39 300   0.591987      160.763      128.093     0.722250      113.589  66.64     0.692858        5.129     0.163503    15.653333     0.053333   1   0 
 40 300   0.456122      161.010      127.643     0.723603      115.258  67.62     0.690295        5.564     0.708025    15.680000     0.026667   0   0 
 41 300   0.592380      161.145      127.103     0.723125      117.733  69.07     0.687463        5.564     0.130598    15.693333     0.013333   1   0 
 42 300   0.785756      161.055      127.103     0.723586      117.733  69.07     0.687463        0.000     0.077427    16.213333     0.520000   0   0 
 43 300   0.749906      161.055      127.103     0.725250      117.733  69.07     0.687463        0.000     0.109925    16.746667     0.533333   0   0 
 44 300   0.713577      161.010      127.058     0.725981      117.733  69.07     0.687463        0.000     0.500000    17.506667     0.760000   0   0 
 45 300   0.686432      160.898      127.035     0.726287      117.733  69.07     0.687463        0.000     0.333333    18.293333     0.786667   0   0 
 46 300   0.497264      174.938      125.123     0.732113      124.425  73.00     0.694500        6.167     0.267755    18.346667     0.053333   0   0 
 47 300   0.522282      175.163      125.505     0.732169      124.425  73.00     0.694500        6.167     0.157831    18.440000     0.093333   1   0 
 48 300   0.341157      175.163      125.505     0.732444      124.695  73.16     0.696070        5.960     0.496737    18.466667     0.026667   0   0 
 49 300   0.480769      175.140      125.483     0.732099      124.695  73.16     0.696070        5.960     0.163404    18.493333     0.026667   1   0 
 50 300   0.486716      176.895      123.413     0.729235      125.604  73.69     0.697886        1.660     0.572287    18.533333     0.040000   0   0 
 51 300   0.536766      176.783      123.368     0.729074      125.604  73.69     0.697886        0.000     0.000000    18.573333     0.040000   0   1 
 52 300   0.090129      176.985      123.278     0.729989      126.072  73.96     0.699847        5.273     0.001877    18.626667     0.053333   1   1 
 53 300   0.230106      177.075      122.873     0.730581      126.320  74.11     0.701145        0.162     0.109965    18.786667     0.160000   0   1 
 54 300   0.534190      182.880      118.418     0.730905      132.687  77.85     0.700971        0.779     0.167426    18.960000     0.173333   0   1 
 55 300   0.513462      183.353      116.550     0.732095      133.516  78.33     0.699844        0.621     0.153682    19.053333     0.093333   0   1 
 56 300   0.511976      184.163      116.415     0.732155      133.516  78.33     0.699844        6.279     0.156505    19.120000     0.066667   1   1 
 57 300   0.190896      184.208      116.213     0.733082      134.020  78.63     0.699310        5.524     0.744827    19.173333     0.053333   0   1 
 58 300   0.288727      184.208      116.213     0.733152      134.020  78.63     0.699310        5.524     0.155587    19.240000     0.066667   1   1 
 59 300   0.571623      184.230      116.190     0.733146      134.020  78.63     0.699310        0.000     0.255907    19.906667     0.666667   0   1 
 60 300   0.004162      184.118      115.898     0.734427      135.350  79.41     0.697470        6.168     0.739572    19.933333     0.026667   0   1 
 61 300   0.003749      184.230      115.493     0.736366      136.145  79.87     0.700010        1.010     0.151213    20.000000     0.066667   0   1 
 62 300   0.025678      184.410      114.008     0.739014      138.549  81.29     0.699527        0.481     0.289338    20.053333     0.053333   0   1 
 63 300   0.000000      183.870      114.008     0.740218      140.092  82.19     0.698147        5.830     0.132354    20.066667     0.013333   1   1 
 64 300   0.124155      184.320      114.638     0.740461      140.284  82.30     0.698926        4.764     0.520441    20.186667     0.120000   0   1 
 65 300   0.192078      184.073      114.638     0.740997      141.192  82.84     0.698519        1.140     0.110251    20.333333     0.146667   0   1 
 66 300   0.194192      184.073      114.638     0.741140      141.192  82.84     0.698519        4.537     0.166097    20.386667     0.053333   1   1 
 67 300   0.410745      184.928      114.480     0.742141      141.616  83.08     0.697892        5.963     0.412338    20.480000     0.093333   0   1 
 68 300   0.562622      184.973      113.175     0.742186      141.616  83.08     0.697892        5.963     0.156431    20.600000     0.120000   1   1 
 69 300   0.000000      184.860      113.153     0.744602      142.120  83.38     0.699696        5.625     0.393951    20.613333     0.013333   0   1 
 70 300   0.280697      184.883      113.018     0.745491      142.212  83.43     0.702174        1.402     0.301667    20.706667     0.093333   0   1 
 71 300   0.291333      184.928      113.018     0.745652      142.212  83.43     0.702174        5.247     0.163120    20.826667     0.120000   1   1 
 72 300   0.383642      188.258      109.665     0.746085      145.242  85.21     0.701170        5.046     0.652456    20.880000     0.053333   0   1 
 73 300   0.458790      188.933      110.475     0.746111      145.242  85.21     0.701170        5.046     0.152456    20.986667     0.106667   1   1 
 74 300   0.089023      189.338      110.250     0.746170      145.275  85.23     0.701232        5.112     0.657016    21.013333     0.026667   0   1 
 75 300   0.123845      189.383      110.250     0.746304      145.275  85.23     0.701232        5.112     0.157016    21.106667     0.093333   1   1 
 76 300   0.181161      189.428      109.890     0.750377      146.237  85.80     0.703404        5.333     0.442569    21.213333     0.106667   0   1 
 77 300   0.135252      190.193      107.640     0.753180      148.672  87.22     0.703347        1.419     0.356032    21.293333     0.080000   0   1 
 78 300   0.130792      190.260      107.753     0.753106      148.672  87.22     0.703347        4.985     0.143279    21.413333     0.120000   1   1 
 79 300   0.382640      191.520      106.178     0.754709      148.998  87.42     0.703926        5.160     0.241759    21.533333     0.120000   0   1 
 80 300   0.467897      191.565      106.223     0.754816      148.998  87.42     0.703926        5.160     0.131834    21.693333     0.160000   1   1 
 81 300   0.000000      191.565      106.223     0.757382      149.045  87.44     0.707019        4.056     0.439769    21.746667     0.053333   0   1 
 82 300   0.000000      191.565      106.223     0.757411      149.045  87.44     0.707019        4.056     0.163178    21.760000     0.013333   1   1 
 83 300   0.001869      191.588      106.268     0.758331      149.246  87.56     0.708490        5.307     0.477270    21.786667     0.026667   0   1 
 84 300   0.042800      191.588      106.268     0.758535      149.405  87.65     0.708602        0.748     0.478660    21.880000     0.093333   0   1 
 85 300   0.092031      191.633      106.223     0.759279      149.763  87.86     0.711927        1.193     0.016476    22.000000     0.120000   0   1 
 86 300   0.092371      191.543      106.178     0.759358      149.763  87.86     0.711927        5.072     0.166379    22.173333     0.173333   1   1 
 87 300   0.592845      191.543      106.178     0.759854      149.763  87.86     0.711927        0.000     0.145982    22.800000     0.626667   0   1 
 88 300   0.059840      191.588      105.953     0.759984      149.765  87.87     0.712059        5.563     0.626517    22.826667     0.026667   0   1 
 89 300   0.085606      191.588      105.953     0.760013      149.765  87.87     0.712059        5.563     0.147201    22.866667     0.040000   1   1 
 90 300   0.608932      191.588      105.953     0.760030      149.765  87.87     0.712059        0.000     0.145982    23.586667     0.720000   0   1 
 91 300   0.559833      191.115      105.930     0.765227      149.784  87.88     0.716465        2.027     0.163173    23.626667     0.040000   0   1 
 92 300   0.578951      192.375      103.883     0.765658      149.873  87.93     0.716474        4.191     0.005342    23.706667     0.080000   1   1 
 93 300   0.509388      192.375      103.883     0.765668      149.873  87.93     0.716474        6.167     0.157831    23.880000     0.173333   1   1 
 94 300   0.443144      192.780      104.130     0.769077      150.452  88.27     0.720761        5.282     0.477000    24.013333     0.133333   0   1 
 95 300   0.580960      192.780      104.130     0.769111      150.452  88.27     0.720761        5.282     0.143667    24.066667     0.053333   1   1 
 96 300   0.591600      192.690      104.130     0.769121      150.452  88.27     0.720761        0.000     0.000000    24.773333     0.706667   0   1 
 97 300   0.060829      192.690      104.130     0.769792      150.498  88.30     0.721460        3.010     0.747098    24.800000     0.026667   0   1 
 98 300   0.076782      192.600      104.130     0.769853      150.498  88.30     0.721460        3.010     0.157858    24.893333     0.093333   1   1 
 99 300   0.025141      192.600      104.490     0.770557      150.875  88.52     0.720833        5.529     0.210756    24.960000     0.066667   0   1 
100 300   0.031608      192.600      104.490     0.770712      150.875  88.52     0.720833        5.529     0.133329    25.000000     0.040000   1   1 
