#scene........................: /home/eldamian/nbvEverardo/models/laboratory.wrl
#triangles....................: 361767
#Total triangles' area........: 443.205414 (m2)
#sensor aperture..............: 135.000000 x 70.000000 (deg)
#range image size.............: 350 x 80
#sensor blind distances.......: 0.500000 .. 30.000000 (m)
#sensor blind angle...........: 80.000000
#sensor Gaussian noise std dev: 0.012000 (m)
#views number.................: 100 
#optimization method..........: Simulated Annealing
#robust optimization..........: ON
#view iterations fitness vxl_occupied(m2) occplane(m2) vxl_quality tri_imaged(m2) tri_imaged(%) tri_quality travelled(m) energy total_time single_time backstep change delta_f_accum
  0   0  -0.000000       18.338        0.000     0.641809       15.030   3.39     0.643016        0.000     0.000000     0.000000     0.000000   0   0     0.000000 
  1 300   0.644313       27.473        0.000     0.628786       22.845   5.15     0.633184        0.000     0.077427     0.173333     0.173333   0   0     0.000000 
  2 300   0.618759       80.010       29.993     0.567034       32.130   7.25     0.621199        0.000     0.109925     0.466667     0.293333   0   0     0.000000 
  3 300   0.580539      122.288       23.378     0.662743       57.092  12.88     0.696599        6.293     0.244197     0.826667     0.360000   0   0     0.073260 
  4 300   0.650242      164.453       45.495     0.678858       78.113  17.62     0.709973        0.741     0.176555     5.080000     4.253333   0   0     0.367146 
  5 300   0.635444      179.505       45.945     0.675147       89.160  20.12     0.706798        1.665     0.256123    14.373333     9.293333   0   0     0.286668 
  6 300   0.593989      195.570       42.750     0.699352      102.827  23.20     0.726652        0.470     0.499113    23.906667     9.533333   0   0     0.446870 
  7 300   0.636623      230.040       53.123     0.688420      114.817  25.91     0.721266        2.023     0.295935    36.320000    12.413333   0   0     0.252984 
  8 300   0.594455      243.990      123.435     0.689718      122.651  27.67     0.719287        3.851     0.367377    46.426667    10.106667   0   0     0.418916 
  9 300   0.668715      253.868      142.245     0.694738      129.019  29.11     0.716333        2.156     0.221394    60.693333    14.266667   0   0     0.533493 
 10 300   0.513841      284.513      129.510     0.690392      143.240  32.32     0.714861        1.630     0.352476    72.586667    11.893333   0   0     0.488153 
 11 300   0.630438      301.208      153.810     0.686698      152.812  34.48     0.704969        4.370     0.204810    88.186667    15.600000   0   0     0.618439 
 12 300   0.498276      303.390      147.060     0.689450      157.960  35.64     0.703262        0.907     0.365264    98.280000    10.093333   0   0     0.663366 
 13 300   0.490843      306.383      145.823     0.690259      162.227  36.60     0.700141        2.989     0.163593   111.346667    13.066667   0   0     0.651361 
 14 300   0.429494      314.145      156.938     0.689643      172.067  38.82     0.695432        4.620     0.511242   126.080000    14.733333   0   0     0.652240 
 15 300   0.459625      318.645      150.120     0.700866      181.072  40.86     0.703708        2.726     0.180882   140.320000    14.240000   0   0     0.701299 
 16 300   0.418594      318.780      149.940     0.703686      186.281  42.03     0.708392        3.512     0.091486   154.146667    13.826667   1   0     0.727676 
 17 300   0.414831      318.893      149.783     0.706914      188.843  42.61     0.712962        3.783     0.089243   170.400000    16.253333   1   0     0.746266 
 18 300   0.420827      318.983      149.715     0.709550      190.600  43.01     0.717054        3.851     0.180026   183.093333    12.693333   1   0     0.817326 
 19 300   0.546043      321.705      141.750     0.714935      196.658  44.37     0.719211        4.230     0.316147   199.506667    16.413333   0   0     0.849103 
 20 300   0.439187      324.495      135.090     0.715369      198.811  44.86     0.720228        1.207     0.131774   215.066667    15.560000   0   0     0.940845 
 21 300   0.405077      324.540      135.045     0.716510      201.266  45.41     0.720132        0.409     0.204911   229.106667    14.040000   0   0     0.977791 
 22 300   0.415920      325.035      133.178     0.720172      204.485  46.14     0.722144        3.434     0.188889   246.413333    17.306667   1   0     0.997330 
 23 300   0.433035      325.958      132.368     0.721409      205.982  46.48     0.722709        2.490     0.776582   260.640000    14.226667   0   0     1.020552 
 24 300   0.483251      326.228      131.873     0.724703      207.595  46.84     0.724454        0.333     0.193142   273.280000    12.640000   0   0     1.006290 
 25 300   0.433397      326.273      131.850     0.732916      210.142  47.41     0.733207        3.723     0.281264   287.880000    14.600000   1   0     1.080462 
 26 300   0.417748      325.125      130.973     0.739446      213.501  48.17     0.735160        6.869     0.147134   305.160000    17.280000   1   0     1.078098 
 27 300   0.374286      325.170      130.973     0.741034      214.407  48.38     0.736566        6.059     0.014676   318.080000    12.920000   0   0     1.113962 
 28 300   0.414064      325.418      130.973     0.741107      214.407  48.38     0.736566        6.059     0.014676   328.813333    10.733333   1   0     1.157271 
 29 300   0.380652      325.418      130.973     0.742442      215.656  48.66     0.739199        6.612     0.370514   345.560000    16.746667   0   0     1.234758 
 30 300   0.444898      325.260      128.025     0.754583      221.752  50.03     0.742702        6.612     0.114607   362.293333    16.733333   1   0     1.307445 
 31 300   0.523407      337.703      145.800     0.749258      231.270  52.18     0.737638        1.405     0.764325   363.333333     1.040000   0   0     1.311086 
 32 300   0.628682      380.453      148.455     0.737090      248.593  56.09     0.735421        0.528     0.148560   363.986667     0.653333   0   0     1.323565 
 33 300   0.603294      383.018      145.485     0.738990      252.640  57.00     0.733321        3.212     0.624286   365.666667     1.680000   0   0     1.445161 
 34 300   0.689390      396.203      135.068     0.734995      261.309  58.96     0.728898        1.769     0.485813   366.573333     0.906667   0   0     1.454553 
 35 300   0.567333      399.870      131.018     0.734364      264.537  59.69     0.726911        3.158     0.156987   367.306667     0.733333   0   0     1.458588 
 36 300   0.577824      408.645      127.598     0.737873      275.960  62.26     0.725524        2.719     0.287329   368.760000     1.453333   0   0     1.489018 
 37 300   0.569933      430.178       82.665     0.734709      290.868  65.63     0.721383        2.407     0.297720   369.760000     1.000000   0   0     1.440497 
 38 300   0.384137      438.683       58.703     0.740962      301.292  67.98     0.719736        3.076     0.021396   383.746667    13.986667   1   0     1.450490 
 39 300   0.582697      443.025       54.923     0.740792      305.166  68.85     0.718864        1.435     0.368771   385.760000     2.013333   0   0     1.477867 
 40 300   0.407596      443.183       54.720     0.742963      306.560  69.17     0.720215        3.236     0.022617   389.306667     3.546667   1   0     1.481310 
 41 300   0.418637      443.183       54.720     0.743068      306.560  69.17     0.720215        0.000     0.000000   397.053333     7.746667   0   1     1.511874 
 42 300   0.089493      450.023       44.798     0.751196      315.217  71.12     0.723945        5.958     0.376855   398.986667     1.933333   0   1     1.496298 
 43 300   0.279015      451.800       41.108     0.752756      317.119  71.55     0.724721        1.607     0.250830   401.946667     2.960000   0   1     1.578122 
 44 300   0.131707      452.520       40.298     0.754786      319.129  72.00     0.725305        1.809     0.276814   403.253333     1.306667   0   1     1.511371 
 45 300   0.329609      461.205       33.773     0.755074      325.951  73.54     0.724215        2.994     0.258726   405.520000     2.266667   0   1     1.556261 
 46 300   0.016105      462.668       34.313     0.757950      328.106  74.03     0.726675        4.080     0.005342   406.533333     1.013333   0   1     1.567938 
 47 300   0.043460      463.770       31.185     0.761427      332.340  74.99     0.726038        4.108     0.112387   408.520000     1.986667   0   1     1.562371 
 48 300   0.007622      465.458       29.993     0.765358      335.432  75.68     0.726955        5.725     0.362769   410.013333     1.493333   0   1     1.563888 
 49 300   0.008669      465.908       28.958     0.774784      345.870  78.04     0.731370        5.953     0.515462   411.346667     1.333333   0   1     1.563736 
 50 300   0.022832      467.303       25.763     0.777011      348.483  78.63     0.733959        2.368     0.158741   414.066667     2.720000   0   1     1.567901 
 51 300   0.004662      467.280       25.740     0.777876      350.181  79.01     0.734284        3.892     0.028221   423.933333     9.866667   1   1     1.568035 
 52 300   0.002332      466.920       23.693     0.779374      352.100  79.44     0.734243        3.345     0.369126   425.453333     1.520000   0   1     1.569165 
 53 300   0.004683      468.248       23.018     0.780157      354.175  79.91     0.734828        4.322     0.371775   426.733333     1.280000   0   1     1.570410 
 54 300   0.001823      468.405       23.085     0.780710      355.266  80.16     0.734856        7.047     0.282972   428.333333     1.600000   0   1     1.571214 
 55 300   0.007517      470.835       22.590     0.784383      358.824  80.96     0.737279        5.943     0.176741   430.293333     1.960000   0   1     1.571895 
 56 300   0.008184      472.028       21.893     0.787788      362.696  81.83     0.740056        1.270     0.257695   432.186667     1.893333   0   1     1.572320 
 57 300   0.008837      474.188       18.833     0.788262      365.362  82.44     0.740840        1.118     0.147447   434.920000     2.733333   0   1     1.570401 
 58 300   0.004276      473.850       18.765     0.788645      365.842  82.54     0.741039        3.814     0.193084   436.906667     1.986667   0   1     1.568359 
 59 300   0.004451      473.850       18.855     0.788853      366.165  82.62     0.741953        3.814     0.005733   438.693333     1.786667   1   1     1.568042 
 60 300   0.004604      474.098       18.855     0.790132      367.905  83.01     0.741831        1.294     0.117754   440.306667     1.613333   0   1     1.569028 
 61 300   0.008062      475.988       17.753     0.791886      371.475  83.82     0.743042        0.610     0.286456   441.480000     1.173333   0   1     1.569780 
 62 300   0.006752      476.595       17.820     0.792503      371.571  83.84     0.744013        4.548     0.292286   443.906667     2.426667   0   1     1.572544 
 63 300   0.007178      477.180       17.798     0.794718      373.923  84.37     0.745132        4.548     0.015695   453.133333     9.226667   1   1     1.572733 
 64 300   0.002485      477.045       17.753     0.794984      374.271  84.45     0.745788        6.377     0.004786   455.200000     2.066667   1   1     1.570996 
 65 300   0.010384      476.708       17.685     0.795344      374.702  84.54     0.746365        4.554     0.113475   457.506667     2.306667   0   1     1.572984 
 66 300   0.015209      476.415       17.438     0.796368      375.027  84.62     0.747693        1.670     0.116626   458.786667     1.280000   0   1     1.576883 
 67 300   0.011686      476.483       17.280     0.796536      375.464  84.72     0.747877        6.086     0.003151   460.013333     1.226667   1   1     1.577857 
 68 300   0.006449      476.303       17.280     0.796634      375.579  84.74     0.748019        4.414     0.299110   462.360000     2.346667   0   1     1.581155 
 69 300   0.007513      476.235       17.280     0.796797      375.949  84.83     0.748134        4.414     0.022519   465.160000     2.800000   1   1     1.580147 
 70 300   0.003184      476.438       17.258     0.797262      376.649  84.98     0.748491       10.274     0.343124   476.706667    11.546667   0   1     1.580212 
 71 300   0.007706      476.618       16.763     0.799845      378.007  85.29     0.750307        2.350     0.419181   493.146667    16.440000   0   1     1.576434 
 72 300   0.005383      476.595       16.763     0.800214      378.832  85.48     0.750270        1.280     0.352589   507.106667    13.960000   0   1     1.574960 
 73 300   0.005026      476.708       16.830     0.800177      378.832  85.48     0.750270        3.626     0.066592   519.306667    12.200000   1   1     1.575637 
 74 300   0.004604      477.855       16.763     0.800953      380.283  85.80     0.750592        3.166     0.381851   533.533333    14.226667   0   1     1.577504 
 75 300   0.007545      478.193       16.830     0.803334      381.735  86.13     0.753435        4.417     0.470014   547.400000    13.866667   0   1     1.567293 
 76 300   0.006716      479.048       16.605     0.805640      384.413  86.73     0.753933        0.767     0.338739   564.733333    17.333333   0   1     1.566077 
 77 300   0.004888      479.048       16.605     0.806639      384.644  86.79     0.755191        4.450     0.575444   577.626667    12.893333   0   1     1.565086 
 78 300   0.005701      479.048       16.605     0.807990      385.078  86.88     0.756298        4.450     0.298853   579.853333     2.226667   1   1     1.567072 
 79 300   0.003661      479.048       16.605     0.808042      385.161  86.90     0.756516        4.044     0.172887   589.840000     9.986667   0   1     1.566097 
 80 300   0.014711      479.048       16.425     0.808495      385.504  86.98     0.757006        1.644     0.294896   607.400000    17.560000   0   1     1.570643 
 81 300   0.010286      478.935       16.358     0.809095      385.831  87.05     0.757746        4.677     0.008600   620.373333    12.973333   1   1     1.571068 
 82 300   0.003444      478.935       16.358     0.809314      386.107  87.12     0.758055        5.146     0.315907   639.506667    19.133333   0   1     1.572476 
 83 300   0.003985      478.890       16.358     0.809375      386.335  87.17     0.758486        5.146     0.205983   651.786667    12.280000   1   1     1.571345 
 84 300   0.013193      479.228       16.538     0.809963      387.177  87.36     0.758637        1.275     0.251960   662.973333    11.186667   0   1     1.559559 
 85 300   0.003450      479.340       16.515     0.810876      388.468  87.65     0.759400        5.340     0.305809   677.706667    14.733333   1   1     1.557705 
 86 300   0.004369      479.363       16.493     0.810955      388.670  87.70     0.759594        0.312     0.319299   693.173333    15.466667   0   1     1.558725 
 87 300   0.004649      479.318       16.493     0.811088      388.808  87.73     0.759605        9.825     0.219429   709.493333    16.320000   1   1     1.558091 
 88 300   0.001563      479.205       16.380     0.813696      389.647  87.92     0.762940        9.594     0.190824   719.533333    10.040000   0   1     1.559173 
 89 300   0.004520      478.778       16.110     0.813996      390.389  88.08     0.762728        0.442     0.168166   733.640000    14.106667   0   1     1.560055 
 90 300   0.005689      478.778       16.110     0.814029      390.417  88.09     0.763088        1.873     0.360553   745.533333    11.893333   0   1     1.556780 
 91 300   0.006252      478.080       16.110     0.814304      390.734  88.16     0.763170        9.686     0.276286   760.186667    14.653333   1   1     1.557661 
 92 300   0.002720      478.148       16.133     0.814824      390.794  88.17     0.763721        5.813     0.278381   762.200000     2.013333   0   1     1.558152 
 93 300   0.025409      478.485       16.650     0.815566      390.942  88.21     0.764778        2.999     0.354617   764.280000     2.080000   0   1     1.556477 
 94 300   0.023662      478.665       16.650     0.817092      391.990  88.44     0.766887        4.898     0.023073   775.493333    11.213333   1   1     1.559702 
 95 300   0.010828      478.620       16.650     0.817553      392.151  88.48     0.767416        5.199     0.314154   777.653333     2.160000   0   1     1.561567 
 96 300   0.011602      478.620       16.650     0.817564      392.151  88.48     0.767416        5.199     0.001505   778.906667     1.253333   1   1     1.561511 
 97 300   0.005687      480.983       19.913     0.817849      392.157  88.48     0.767782        5.224     0.192437   782.000000     3.093333   0   1     1.561632 
 98 300   0.007025      481.500       19.530     0.819406      395.511  89.24     0.768270        3.331     0.293466   784.813333     2.813333   0   1     1.560806 
 99 300   0.002529      481.410       19.350     0.820149      395.978  89.34     0.769392        3.331     0.016875   786.533333     1.720000   1   1     1.561460 
100 300   0.011459      481.523       19.418     0.821654      396.897  89.55     0.770085        3.905     0.190518   788.613333     2.080000   0   1     1.563152 
