#scene........................: /home/eldamian/nbvEverardo/models/laboratory.wrl
#triangles....................: 361767
#Total triangles' area........: 443.205414 (m2)
#sensor aperture..............: 135.000000 x 70.000000 (deg)
#range image size.............: 350 x 80
#sensor blind distances.......: 0.500000 .. 30.000000 (m)
#sensor blind angle...........: 80.000000
#sensor Gaussian noise std dev: 0.012000 (m)
#views number.................: 100 
#optimization method..........: Evolution Strategy
#robust optimization..........: ON
#view iterations fitness vxl_occupied(m2) occplane(m2) vxl_quality tri_imaged(m2) tri_imaged(%) tri_quality travelled(m) energy total_time single_time backstep change delta_f_accum
  0   0  -0.000000       18.338        0.000     0.641809       15.030   3.39     0.643016        0.000     0.000000     0.000000     0.000000   0   0     0.000000 
  1 308   0.644313       27.473        0.000     0.628786       22.845   5.15     0.633184        0.000     0.077427     0.293333     0.293333   0   0     0.000000 
  2 308   0.435776       47.970        9.743     0.653144       26.022   5.87     0.637934        1.218     0.242428     0.386667     0.093333   0   0    -0.002503 
  3 308   0.414601       48.375        9.743     0.652317       26.022   5.87     0.637934        0.000     0.000000     0.453333     0.066667   0   0    -0.002503 
  4 308   0.414940       48.420        9.698     0.652262       26.022   5.87     0.637934        0.000     0.000000     0.720000     0.266667   0   0    -0.000917 
  5 308   0.415513       48.488        9.585     0.651891       26.022   5.87     0.637934        0.000     0.000000     0.853333     0.133333   0   0    -0.000593 
  6 308   0.415708       48.488        9.563     0.652387       26.022   5.87     0.637934        0.000     0.000000     0.946667     0.093333   0   0    -0.000158 
  7 308   0.500278       50.918        9.563     0.648921       28.517   6.43     0.628378        0.024     0.150498     1.066667     0.120000   0   0     0.017084 
  8 308   0.429567       52.718        9.563     0.646955       30.686   6.92     0.623144        0.555     0.354141     1.280000     0.213333   0   0     0.026759 
  9 308   0.427160       52.763        9.563     0.647033       30.686   6.92     0.623144        0.000     0.000000     1.333333     0.053333   0   0     0.026759 
 10 308   0.429156       52.740        9.563     0.647183       30.686   6.92     0.623144        0.000     0.000000     1.493333     0.160000   0   0     0.026326 
 11 308   0.472272       69.030        7.875     0.690351       45.985  10.38     0.667578        9.806     0.583315     2.333333     0.840000   0   0     0.022917 
 12 308   0.507216       71.955        8.145     0.691131       49.111  11.08     0.666078        2.103     0.224096     2.600000     0.266667   0   0     0.027469 
 13 308   0.601068      130.725       21.780     0.685811       65.702  14.82     0.681693        1.140     0.273354     4.826667     2.226667   0   0     0.031929 
 14 308   0.606160      194.625       53.235     0.641647       77.727  17.54     0.677483        0.789     0.154465    13.880000     9.053333   0   0     0.045547 
 15 308   0.650047      208.170       50.603     0.649035       88.205  19.90     0.680382        1.220     0.284745    26.533333    12.653333   0   0     0.049532 
 16 308   0.578450      247.928      103.275     0.641234      103.343  23.32     0.671063        1.293     0.169169    36.200000     9.666667   0   0     0.056728 
 17 308   0.583965      281.520      129.015     0.647241      123.229  27.80     0.674129        1.635     0.246564    53.413333    17.213333   0   0     0.070449 
 18 308   0.746607      297.360      116.483     0.651638      136.184  30.73     0.678670        2.545     0.092934    66.186667    12.773333   0   0     0.084324 
 19 308   0.577578      301.500      116.460     0.652923      140.930  31.80     0.676907        2.477     0.279624    80.280000    14.093333   0   0     0.091889 
 20 308   0.595230      306.225      114.593     0.658388      149.117  33.65     0.675848        1.967     0.377748    94.680000    14.400000   0   0     0.089131 
 21 308   0.557928      306.765      114.300     0.660634      149.991  33.84     0.677415        1.457     0.263439   105.413333    10.733333   0   0     0.089131 
 22 308   0.477063      308.880      113.220     0.662511      151.764  34.24     0.678772        1.798     0.117711   112.866667     7.453333   0   0     0.113108 
 23 308   0.474727      309.218      112.883     0.664493      154.740  34.91     0.677140        3.422     0.286186   125.040000    12.173333   0   0     0.111071 
 24 308   0.570178      312.705      105.435     0.680647      167.566  37.81     0.678648        3.523     0.345022   135.680000    10.640000   0   0     0.121206 
 25 308   0.486682      319.613      111.960     0.679416      173.227  39.09     0.677748        0.322     0.200816   139.840000     4.160000   0   0     0.099039 
 26 308   0.572811      323.168      100.283     0.691516      182.546  41.19     0.684407        4.246     0.282731   143.453333     3.613333   0   0     0.109095 
 27 308   0.605145      330.840      113.355     0.696103      187.813  42.38     0.688899        0.697     0.156328   148.280000     4.826667   0   0     0.118839 
 28 308   0.610188      332.978      120.083     0.696848      192.240  43.37     0.687028        0.138     0.110399   151.333333     3.053333   0   0     0.103074 
 29 308   0.454069      333.180      122.220     0.698332      194.082  43.79     0.687668        0.731     0.082026   155.253333     3.920000   0   0     0.083775 
 30 308   0.408751      339.615      109.958     0.693143      199.468  45.01     0.683593        3.849     0.008330   160.506667     5.253333   1   0     0.086521 
 31 308   0.668956      342.810      108.450     0.693005      202.317  45.65     0.682149        5.033     0.182995   162.186667     1.680000   0   0     0.048546 
 32 308   0.776963      345.533      107.483     0.695667      205.400  46.34     0.683424        4.764     0.153509   164.146667     1.960000   0   0     0.098348 
 33 308   0.731329      349.313      106.200     0.697286      209.321  47.23     0.683839        1.090     0.019687   165.320000     1.173333   0   0     0.170728 
 34 308   0.753740      360.023      100.148     0.694569      217.485  49.07     0.682456        2.174     0.014491   168.226667     2.906667   0   0     0.210059 
 35 308   0.460586      361.688       97.403     0.697411      220.872  49.84     0.683660        1.930     0.117197   170.253333     2.026667   0   0     0.235578 
 36 308   0.722046      365.805      103.905     0.694944      225.012  50.77     0.680580        2.276     0.258781   172.640000     2.386667   0   0     0.287344 
 37 308   0.664296      406.170      141.660     0.694241      244.888  55.25     0.684439        1.669     0.279737   175.653333     3.013333   0   0     0.296462 
 38 308   0.806416      416.138      146.925     0.690812      250.600  56.54     0.681842        4.472     0.154150   177.973333     2.320000   0   0     0.320493 
 39 308   0.538631      427.095      125.483     0.693151      264.067  59.58     0.685187        4.448     0.278351   181.520000     3.546667   0   0     0.321214 
 40 308   0.580466      431.100      113.355     0.703736      272.601  61.51     0.687645        3.324     0.256032   185.146667     3.626667   0   0     0.325902 
 41 308   0.702814      434.610      103.793     0.706747      277.282  62.56     0.688949        1.519     0.359060   187.453333     2.306667   0   0     0.345261 
 42 308   0.572168      445.545       56.520     0.712797      289.740  65.37     0.690878        2.042     0.311398   190.640000     3.186667   0   0     0.322379 
 43 308   0.414628      446.490       55.350     0.718150      296.337  66.86     0.695665        0.689     0.167891   193.626667     2.986667   0   0     0.322005 
 44 308   0.541506      447.345       55.215     0.719569      296.784  66.96     0.697077        1.088     0.326168   197.106667     3.480000   0   0     0.330091 
 45 308   0.587940      448.515       54.968     0.719494      297.113  67.04     0.697465        0.275     0.014013   201.440000     4.333333   0   0     0.330091 
 46 308   0.498813      447.593       54.743     0.725092      302.221  68.19     0.696729        3.371     0.012460   203.733333     2.293333   1   0     0.329236 
 47 308   0.410694      447.728       54.023     0.727804      304.781  68.77     0.698266        0.739     0.154848   207.080000     3.346667   0   0     0.328099 
 48 308   0.510544      448.808       52.650     0.728078      305.990  69.04     0.698278        1.942     0.258151   208.866667     1.786667   0   0     0.352843 
 49 308   0.540376      449.955       51.458     0.729432      309.307  69.79     0.697442        2.688     0.011322   211.173333     2.306667   0   0     0.386748 
 50 308   0.452857      450.585       49.793     0.730933      311.184  70.21     0.697963        0.995     0.002823   213.506667     2.333333   0   0     0.386748 
 51 308   0.417991      450.653       49.725     0.732212      311.498  70.28     0.699130        3.447     0.016389   215.800000     2.293333   1   0     0.386033 
 52 308   0.413129      450.675       49.703     0.732667      311.736  70.34     0.699562        4.300     0.007106   218.906667     3.106667   1   0     0.391579 
 53 308   0.511053      454.388       45.000     0.735779      316.357  71.38     0.701889        0.417     0.171424   221.653333     2.746667   0   0     0.428664 
 54 308   0.440020      456.210       46.328     0.737924      318.543  71.87     0.702925        3.820     0.001697   223.733333     2.080000   0   0     0.433864 
 55 308   0.681599      458.258       44.865     0.740986      322.192  72.70     0.703987        0.247     0.367133   224.760000     1.026667   0   0     0.449407 
 56 308   0.431420      458.393       44.370     0.741890      323.068  72.89     0.704857        3.669     0.014812   226.813333     2.053333   1   0     0.451894 
 57 308   0.386788      458.078       44.325     0.742683      323.442  72.98     0.705412        4.057     0.018784   229.440000     2.626667   1   0     0.454047 
 58 308   0.421469      457.943       44.325     0.742909      323.448  72.98     0.705727        2.598     0.022969   230.973333     1.533333   0   0     0.459923 
 59 308   0.438831      457.943       44.325     0.742998      323.448  72.98     0.705837        0.175     0.006536   233.026667     2.053333   0   0     0.462875 
 60 308   0.443728      457.875       44.303     0.743248      323.835  73.07     0.705772        3.546     0.013287   234.586667     1.560000   1   0     0.464798 
 61 308   0.424367      457.898       44.280     0.744099      323.916  73.08     0.706672        3.549     0.192730   235.560000     0.973333   0   0     0.468220 
 62 308   0.455965      458.010       44.145     0.744354      324.299  73.17     0.707389        3.549     0.026063   237.333333     1.773333   1   0     0.469127 
 63 308   0.398942      458.010       44.100     0.744467      324.452  73.21     0.707551        0.168     0.015810   239.746667     2.413333   0   0     0.470718 
 64 308   0.401564      458.055       44.055     0.745461      324.617  73.24     0.708647        2.320     0.150924   243.293333     3.546667   0   0     0.472997 
 65 308   0.425470      458.055       44.055     0.745521      324.617  73.24     0.708647        4.495     0.002118   246.026667     2.733333   1   0     0.469987 
 66 308   0.435617      458.325       43.740     0.747827      325.925  73.54     0.709327        1.471     0.151905   248.266667     2.240000   0   0     0.491195 
 67 308   0.410449      458.505       43.740     0.748247      326.026  73.56     0.709552        0.592     0.122966   252.080000     3.813333   0   0     0.494125 
 68 308   0.417829      458.528       43.335     0.748519      328.127  74.04     0.708735        3.063     0.023448   255.266667     3.186667   1   0     0.500507 
 69 308   0.404358      458.393       43.335     0.750045      328.130  74.04     0.710708        1.025     0.263212   259.653333     4.386667   0   0     0.501766 
 70 308   0.423613      458.438       43.335     0.750178      328.130  74.04     0.710826        0.068     0.005547   263.320000     3.666667   0   0     0.505729 
 71 308   0.422996      458.438       43.335     0.750217      328.130  74.04     0.710826        4.613     0.023395   267.373333     4.053333   1   0     0.506413 
 72 308   0.472472      458.978       42.795     0.751785      329.432  74.33     0.711500        2.681     0.033113   273.973333     6.600000   0   0     0.524866 
 73 308   0.426923      458.820       42.773     0.753353      330.971  74.68     0.711601        4.445     0.002833   276.840000     2.866667   1   0     0.527027 
 74 308   0.421813      458.685       42.773     0.753409      330.971  74.68     0.711601        3.725     0.065255   285.173333     8.333333   1   0     0.527542 
 75 308   0.416084      458.528       42.773     0.754804      331.992  74.91     0.713230        0.036     0.081240   302.000000    16.826667   0   0     0.528145 
 76 308   0.418599      458.528       42.773     0.755657      332.408  75.00     0.714220        0.224     0.032356   319.386667    17.386667   0   0     0.528001 
 77 308   0.420159      458.528       42.773     0.755681      332.408  75.00     0.714220        9.054     0.188717   333.733333    14.346667   1   0     0.526716 
 78 308   0.429598      458.528       42.773     0.755687      332.408  75.00     0.714220        0.000     0.000000   336.200000     2.466667   0   1     0.526716 
 79 308   0.025083      460.193       36.225     0.766561      341.688  77.09     0.723641        8.678     0.566013   362.146667    25.946667   0   1     0.526577 
 80 308   0.093603      461.205       33.368     0.772655      344.743  77.78     0.726268        2.231     0.445960   370.466667     8.320000   0   1     0.559770 
 81 308   0.045686      461.003       33.345     0.773477      345.327  77.92     0.727181        8.671     0.010128   379.933333     9.466667   1   1     0.559673 
 82 308   0.012330      461.295       32.153     0.775430      348.131  78.55     0.728205        9.882     0.428558   395.666667    15.733333   0   1     0.561339 
 83 308   0.020476      462.060       28.688     0.779293      354.087  79.89     0.729941        4.426     0.426596   403.933333     8.266667   0   1     0.565814 
 84 308   0.010384      463.928       24.255     0.782702      355.688  80.25     0.732156        9.424     0.689315   406.573333     2.640000   0   1     0.567140 
 85 308   0.005432      464.040       23.738     0.783857      357.624  80.69     0.731860        3.771     0.542085   409.640000     3.066667   0   1     0.567770 
 86 308   0.054372      464.895       22.748     0.786091      358.732  80.94     0.733875        2.022     0.161068   412.373333     2.733333   0   1     0.569595 
 87 308   0.026292      465.008       22.455     0.786193      359.670  81.15     0.733829        0.307     0.316593   415.346667     2.973333   0   1     0.572767 
 88 308   0.035499      465.008       22.410     0.786547      359.678  81.15     0.733998        0.391     0.118076   418.413333     3.066667   0   1     0.578832 
 89 308   0.037803      465.098       22.320     0.787487      360.224  81.28     0.736216        4.938     0.018411   421.400000     2.986667   1   1     0.578771 
 90 308   0.019855      466.358       20.993     0.790022      364.036  82.14     0.735505        5.930     0.168696   426.346667     4.946667   0   1     0.575864 
 91 308   0.020938      466.425       20.880     0.790697      365.081  82.37     0.735649        3.721     0.260995   437.773333    11.426667   0   1     0.586314 
 92 308   0.183116      466.695       20.115     0.791700      366.576  82.71     0.736060        5.614     0.258990   448.200000    10.426667   0   1     0.632757 
 93 308   0.006523      466.673       19.530     0.791671      368.536  83.15     0.736719        2.020     0.110791   466.146667    17.946667   0   1     0.632636 
 94 308   0.005426      467.033       19.710     0.791919      369.180  83.30     0.737204        2.147     0.607769   481.200000    15.053333   0   1     0.634739 
 95 308   0.007463      466.583       19.710     0.792043      369.387  83.34     0.737418        3.957     0.003022   492.906667    11.706667   1   1     0.634739 
 96 308   0.005880      466.943       19.913     0.792294      369.756  83.43     0.738033        3.583     0.014271   504.720000    11.813333   0   1     0.635534 
 97 308   0.007769      467.123       19.913     0.792457      370.054  83.50     0.737959        0.448     0.021467   516.520000    11.800000   0   1     0.635537 
 98 308   0.007933      467.078       19.913     0.792523      370.054  83.50     0.737959        3.822     0.007196   527.026667    10.506667   1   1     0.635537 
 99 308   0.002719      467.303       20.318     0.793551      370.480  83.59     0.738838       15.730     0.121880   528.746667     1.720000   0   1     0.635486 
100 308   0.043901      469.058       17.258     0.795029      374.497  84.50     0.738007        4.440     0.524993   530.520000     1.773333   0   1     0.638162 
