#scene........................: /home/eldamian/nbvEverardo/models/laboratory.wrl
#triangles....................: 361767
#Total triangles' area........: 443.205414 (m2)
#sensor aperture..............: 135.000000 x 70.000000 (deg)
#range image size.............: 350 x 80
#sensor blind distances.......: 0.500000 .. 30.000000 (m)
#sensor blind angle...........: 80.000000
#sensor Gaussian noise std dev: 0.012000 (m)
#views number.................: 100 
#optimization method..........: Simulated Annealing
#robust optimization..........: ON
#view iterations fitness vxl_occupied(m2) occplane(m2) vxl_quality tri_imaged(m2) tri_imaged(%) tri_quality travelled(m) energy total_time single_time backstep change delta_f_accum
  0   0  -0.000000       18.338        0.000     0.641809       15.030   3.39     0.643016        0.000     0.000000     0.000000     0.000000   0   0     0.000000 
  1 300   0.644313       27.473        0.000     0.628786       22.845   5.15     0.633184        0.000     0.077427     0.213333     0.213333   0   0     0.000000 
  2 300   0.618759       80.010       29.993     0.567034       32.130   7.25     0.621199        0.000     0.109925     0.520000     0.306667   0   0     0.000000 
  3 300   0.608799      117.968       24.300     0.658974       56.200  12.68     0.693017        6.680     0.260011     1.306667     0.786667   0   0     0.011356 
  4 300   0.631241      181.508       58.995     0.620623       73.176  16.51     0.667071        1.526     0.340854     5.600000     4.293333   0   0     0.012301 
  5 300   0.617285      220.995       63.113     0.651000       91.524  20.65     0.686975        0.268     0.185065    10.106667     4.506667   0   0     0.015426 
  6 300   0.653229      258.188       99.158     0.655349      111.344  25.12     0.688601        0.916     0.264900    22.866667    12.760000   0   0     0.024058 
  7 300   0.768739      275.040      152.393     0.655468      122.343  27.60     0.685006        2.143     0.256216    37.013333    14.146667   0   0     0.063507 
  8 300   0.602782      279.563      150.075     0.656518      128.337  28.96     0.678819        1.328     0.196793    52.000000    14.986667   0   0     0.094483 
  9 300   0.557241      286.493      191.520     0.668632      135.696  30.62     0.680795        4.534     0.273019    62.520000    10.520000   0   0     0.111820 
 10 300   0.511499      291.870      190.058     0.671457      141.396  31.90     0.682107        5.059     0.174639    73.333333    10.813333   0   0     0.080894 
 11 300   0.452123      292.815      189.000     0.674494      144.035  32.50     0.683321        0.704     0.003889    87.120000    13.786667   0   0     0.091247 
 12 300   0.535582      296.595      181.418     0.695114      153.661  34.67     0.695925        3.866     0.213605   100.880000    13.760000   0   0     0.140307 
 13 300   0.415499      296.910      180.473     0.698765      159.161  35.91     0.704446        1.694     0.069987   116.213333    15.333333   0   0     0.140694 
 14 300   0.426964      297.473      180.405     0.703323      161.808  36.51     0.708432        3.079     0.016897   129.840000    13.626667   1   0     0.137110 
 15 300   0.490849      299.003      177.998     0.706475      164.876  37.20     0.709803        3.137     0.395871   146.640000    16.800000   0   0     0.191880 
 16 300   0.505220      300.150      176.648     0.707671      167.929  37.89     0.710296        4.297     0.216446   162.613333    15.973333   0   0     0.216886 
 17 300   0.426655      299.993      176.310     0.708991      170.273  38.42     0.709746        4.297     0.029095   174.213333    11.600000   1   0     0.218404 
 18 300   0.405804      299.588      175.613     0.708778      171.568  38.71     0.708958        2.711     0.081358   186.013333    11.800000   0   0     0.220524 
 19 300   0.484366      330.008      151.830     0.697605      183.551  41.41     0.700640        6.320     0.396486   192.253333     6.240000   0   0     0.247294 
 20 300   0.408467      329.580      150.795     0.700842      185.773  41.92     0.701482        4.836     0.186461   205.093333    12.840000   0   0     0.246326 
 21 300   0.428808      329.580      150.795     0.701910      185.865  41.94     0.702559        4.836     0.019794   218.093333    13.000000   1   0     0.248269 
 22 300   0.423155      329.535      150.795     0.705287      186.874  42.16     0.706252        6.320     0.063153   228.800000    10.706667   1   0     0.248068 
 23 300   0.412936      329.738      150.233     0.715168      189.359  42.72     0.715986        0.327     0.203878   244.226667    15.426667   0   0     0.248955 
 24 300   0.421768      329.760      150.075     0.715419      189.453  42.75     0.716350        4.822     0.251355   260.600000    16.373333   1   0     0.256187 
 25 300   0.430272      329.760      150.075     0.715422      189.453  42.75     0.716350        4.534     0.017112   275.426667    14.826667   1   0     0.256210 
 26 300   0.466065      329.985      149.670     0.716444      190.287  42.93     0.717037        1.327     0.293035   288.173333    12.746667   0   0     0.254735 
 27 300   0.514216      341.798      118.260     0.723184      199.301  44.97     0.714302        4.074     0.354910   301.506667    13.333333   0   0     0.274390 
 28 300   0.405588      345.713      112.298     0.725813      205.627  46.40     0.718772        4.074     0.000892   315.333333    13.826667   1   0     0.278378 
 29 300   0.403301      345.308      111.060     0.728082      211.531  47.73     0.720964        3.003     0.087146   331.840000    16.506667   1   0     0.278258 
 30 300   0.413121      345.173      111.060     0.729816      213.658  48.21     0.726407        0.758     0.330747   346.466667    14.626667   0   0     0.279928 
 31 300   0.435768      344.453      107.303     0.739726      219.016  49.42     0.730544        7.789     0.119625   363.733333    17.266667   1   0     0.279928 
 32 300   0.629926      359.033      101.205     0.737324      229.510  51.78     0.728060        4.103     0.466825   364.560000     0.826667   0   0     0.312195 
 33 300   0.777839      389.183      165.105     0.720510      238.312  53.77     0.723461        0.805     0.341394   365.346667     0.786667   0   0     0.330182 
 34 300   0.661398      414.450      125.573     0.715391      255.168  57.57     0.720180        0.455     0.189910   366.786667     1.440000   0   0     0.336544 
 35 300   0.578112      425.813       95.783     0.722683      270.633  61.06     0.720108        2.215     0.122828   367.453333     0.666667   0   0     0.334045 
 36 300   0.668885      430.898       88.358     0.721870      276.556  62.40     0.717194        3.303     0.212932   370.080000     2.626667   0   0     0.320622 
 37 300   0.490258      440.505       69.750     0.732611      288.383  65.07     0.722495        4.276     0.493413   371.533333     1.453333   0   0     0.326628 
 38 300   0.526811      441.203       67.950     0.735000      290.551  65.56     0.723008        5.356     0.299687   373.533333     2.000000   0   0     0.384870 
 39 300   0.427298      442.463       66.308     0.737031      293.488  66.22     0.721939        5.356     0.023096   374.666667     1.133333   1   0     0.414859 
 40 300   0.661739      442.778       66.083     0.738150      294.509  66.45     0.722397        3.386     0.316780   376.626667     1.960000   0   0     0.415354 
 41 300   0.579977      447.615       55.350     0.742898      301.107  67.94     0.723503        0.726     0.391005   377.600000     0.973333   0   0     0.413264 
 42 300   0.681175      452.250       49.298     0.744263      305.836  69.01     0.723024        1.125     0.358660   379.600000     2.000000   0   0     0.418993 
 43 300   0.608765      453.240       47.678     0.745344      308.349  69.57     0.722225        1.149     0.333474   381.280000     1.680000   0   0     0.442516 
 44 300   0.535470      462.578       29.880     0.747210      320.941  72.41     0.721009        0.175     0.453530   383.560000     2.280000   0   0     0.442516 
 45 300   0.490160      463.905       27.653     0.750454      323.101  72.90     0.722448        1.172     0.300633   385.093333     1.533333   0   0     0.449014 
 46 300   0.401913      464.378       25.425     0.751737      324.016  73.11     0.723230        6.012     0.008452   386.866667     1.773333   1   0     0.453972 
 47 300   0.407105      464.468       25.425     0.754266      326.035  73.56     0.724330        3.303     0.025581   387.586667     0.720000   1   0     0.458669 
 48 300   0.417073      464.468       25.425     0.755149      326.518  73.67     0.724754        2.662     0.182633   389.480000     1.893333   0   0     0.465155 
 49 300   0.441708      464.355       25.358     0.755910      327.275  73.84     0.725374        3.514     0.003063   390.493333     1.013333   1   0     0.471618 
 50 300   0.396310      464.558       25.245     0.757950      328.246  74.06     0.727246        3.895     0.144111   391.906667     1.413333   1   0     0.471618 
 51 300   0.397914      464.715       25.020     0.760745      332.256  74.97     0.727596        0.229     0.281789   393.626667     1.720000   0   0     0.473796 
 52 300   0.411676      464.715       25.020     0.760780      332.256  74.97     0.727596        0.000     0.000000   395.280000     1.653333   0   1     0.473796 
 53 300   0.004348      464.648       23.243     0.762660      333.791  75.31     0.728480        3.412     0.117520   398.426667     3.146667   0   1     0.473983 
 54 300   0.015666      465.435       22.905     0.763521      334.597  75.49     0.729303        6.533     0.277901   415.906667    17.480000   0   1     0.476037 
 55 300   0.034356      468.765       22.523     0.767870      340.723  76.88     0.731104        6.547     0.175529   428.160000    12.253333   0   1     0.468250 
 56 300   0.004304      468.968       22.005     0.768634      342.257  77.22     0.732208        5.975     0.560627   444.706667    16.546667   0   1     0.469145 
 57 300   0.004494      468.720       22.005     0.769403      344.658  77.76     0.732327        5.975     0.284036   461.200000    16.493333   1   1     0.469145 
 58 300   0.004282      468.720       22.005     0.769689      345.176  77.88     0.732527        6.016     0.517491   473.133333    11.933333   0   1     0.468428 
 59 300   0.010887      468.720       22.005     0.771179      346.065  78.08     0.735435        0.678     0.184629   484.160000    11.026667   0   1     0.469936 
 60 300   0.011248      468.990       21.600     0.774659      350.024  78.98     0.737863        6.467     0.000471   500.733333    16.573333   1   1     0.470432 
 61 300   0.295622      470.903       19.193     0.775528      353.364  79.73     0.737242        0.395     0.593777   510.120000     9.386667   0   1     0.414828 
 62 300   0.013144      471.780       18.405     0.777051      355.112  80.12     0.738369        1.297     0.258994   525.800000    15.680000   0   1     0.408183 
 63 300   0.005748      472.118       18.180     0.777918      355.983  80.32     0.738521        5.023     0.453921   540.266667    14.466667   0   1     0.408568 
 64 300   0.005611      471.983       18.135     0.778190      356.408  80.42     0.738934        1.262     0.298417   559.226667    18.960000   0   1     0.410478 
 65 300   0.005791      472.365       17.955     0.778972      357.508  80.66     0.739570        5.169     0.011163   577.586667    18.360000   1   1     0.410514 
 66 300   0.004358      472.793       17.933     0.779090      357.869  80.75     0.739699        5.112     0.364111   595.826667    18.240000   0   1     0.410569 
 67 300   0.004828      472.703       17.843     0.779062      357.933  80.76     0.739809        5.112     0.286684   611.986667    16.160000   1   1     0.410594 
 68 300   0.003140      472.725       17.820     0.779455      358.619  80.91     0.739970        4.101     0.003219   625.986667    14.000000   0   1     0.410491 
 69 300   0.003146      472.298       17.483     0.780487      358.966  80.99     0.741472        1.329     0.490627   640.546667    14.560000   0   1     0.410762 
 70 300   0.003413      472.208       17.483     0.780621      359.527  81.12     0.741237        4.458     0.306495   658.906667    18.360000   1   1     0.410774 
 71 300   0.002837      472.388       17.618     0.780661      359.563  81.13     0.741258        4.838     0.237693   678.320000    19.413333   0   1     0.410683 
 72 300   0.010104      472.388       17.618     0.780835      359.672  81.15     0.741686        1.506     0.172243   695.493333    17.173333   0   1     0.411629 
 73 300   0.010318      472.388       17.618     0.781377      360.497  81.34     0.742430        5.707     0.011976   710.880000    15.386667   1   1     0.411656 
 74 300   0.002622      472.455       17.685     0.781549      360.816  81.41     0.743394        4.357     0.145279   730.920000    20.040000   0   1     0.411762 
 75 300   0.003576      472.455       17.685     0.781629      360.840  81.42     0.743560        1.219     0.084823   747.960000    17.040000   0   1     0.411800 
 76 300   0.003962      472.568       17.258     0.782646      361.769  81.63     0.744328        1.779     0.315651   758.813333    10.853333   0   1     0.412326 
 77 300   0.002531      472.635       17.325     0.782648      361.873  81.65     0.744428        2.253     0.258629   777.186667    18.373333   0   1     0.412345 
 78 300   0.002666      472.635       17.325     0.782706      361.873  81.65     0.744428        4.402     0.117478   791.506667    14.320000   1   1     0.412366 
 79 300   0.003260      472.635       17.325     0.782744      361.889  81.65     0.744424        4.887     0.155098   805.000000    13.493333   0   1     0.412245 
 80 300   0.004648      472.635       17.325     0.782767      361.930  81.66     0.744374        0.521     0.063651   819.306667    14.306667   0   1     0.411738 
 81 300   0.004635      472.635       17.325     0.782830      361.930  81.66     0.744374        5.264     0.018478   837.693333    18.386667   1   1     0.411712 
 82 300   0.002734      472.365       17.325     0.782932      362.017  81.68     0.744467        5.013     0.253544   853.933333    16.240000   0   1     0.411820 
 83 300   0.009352      472.208       17.123     0.783544      362.486  81.79     0.745152        3.042     0.690862   868.480000    14.546667   0   1     0.414137 
 84 300   0.001849      472.208       17.123     0.783686      362.560  81.80     0.745283        3.250     0.883772   882.280000    13.800000   0   1     0.414228 
 85 300   0.002778      472.365       16.965     0.783710      362.666  81.83     0.745263        3.250     0.306345   897.480000    15.200000   1   1     0.413349 
 86 300   0.004104      472.703       17.393     0.783790      362.756  81.85     0.745392        3.064     0.293671   908.600000    11.120000   0   1     0.414402 
 87 300   0.004418      472.770       17.370     0.783815      362.756  81.85     0.745392        3.064     0.293671   920.706667    12.106667   1   1     0.414379 
 88 300   0.002180      472.770       17.370     0.784700      363.128  81.93     0.747099        3.101     0.781740   934.520000    13.813333   0   1     0.414713 
 89 300   0.003043      472.815       17.370     0.784770      363.128  81.93     0.747099        3.101     0.204314   944.773333    10.253333   1   1     0.414713 
 90 300   0.006330      473.265       17.573     0.784697      363.380  81.99     0.746934        3.152     0.106299   958.360000    13.586667   0   1     0.414797 
 91 300   0.006644      473.445       17.573     0.784951      363.996  82.13     0.747229        3.152     0.028873   969.840000    11.480000   1   1     0.414787 
 92 300   0.003979      473.445       17.573     0.785043      364.045  82.14     0.747302        4.742     0.505436   983.880000    14.040000   0   1     0.414467 
 93 300   0.004819      473.085       17.573     0.785138      364.047  82.14     0.747341        4.742     0.005436   999.773333    15.893333   1   1     0.414467 
 94 300   0.004936      473.085       17.573     0.785150      364.064  82.14     0.747408        4.670     0.094495  1011.093333    11.320000   0   1     0.417632 
 95 300   0.005397      473.108       17.550     0.785158      364.064  82.14     0.747408        4.670     0.017068  1017.133333     6.040000   1   1     0.417632 
 96 300   0.001957      473.108       17.550     0.785354      364.132  82.16     0.747780        2.131     0.315621  1025.373333     8.240000   0   1     0.417405 
 97 300   0.008274      473.175       17.528     0.785380      364.133  82.16     0.747819        2.032     0.429974  1040.666667    15.293333   0   1     0.416202 
 98 300   0.007336      473.130       17.528     0.785529      364.222  82.18     0.748216        3.727     0.004429  1052.706667    12.040000   1   1     0.416202 
 99 300   0.003149      473.040       17.528     0.785575      364.248  82.18     0.748248        3.321     0.342370  1062.866667    10.160000   0   1     0.416520 
100 300   0.003505      472.860       17.528     0.785605      364.248  82.18     0.748248        3.321     0.155019  1082.440000    19.573333   1   1     0.416520 
