#scene........................: /home/eldamian/nbvEverardo/models/laboratory.wrl
#triangles....................: 361767
#Total triangles' area........: 443.205414 (m2)
#sensor aperture..............: 135.000000 x 70.000000 (deg)
#range image size.............: 350 x 80
#sensor blind distances.......: 0.500000 .. 30.000000 (m)
#sensor blind angle...........: 80.000000
#sensor Gaussian noise std dev: 0.012000 (m)
#views number.................: 100 
#optimization method..........: Simulated Annealing
#robust optimization..........: ON
#view iterations fitness vxl_occupied(m2) occplane(m2) vxl_quality tri_imaged(m2) tri_imaged(%) tri_quality travelled(m) energy total_time single_time backstep change delta_f_accum
  0   0  -0.000000       18.338        0.000     0.641809       15.030   3.39     0.643016        0.000     0.000000     0.000000     0.000000   0   0     0.000000 
  1 300   0.644313       27.473        0.000     0.628786       22.845   5.15     0.633184        0.000     0.077427     0.306667     0.306667   0   0     0.000000 
  2 300   0.618759       80.010       29.993     0.567034       32.130   7.25     0.621199        0.000     0.109925     0.626667     0.320000   0   0     0.000000 
  3 300   0.606157      117.968       24.300     0.658974       56.200  12.68     0.693017        6.680     0.260011     1.346667     0.720000   0   0     0.011356 
  4 300   0.653412      179.213       42.165     0.643526       75.293  16.99     0.688407        0.878     0.199501     6.413333     5.066667   0   0     0.013512 
  5 300   0.645978      193.680       77.288     0.635908       80.934  18.26     0.682306        1.798     0.154719    11.106667     4.693333   0   0    -0.003371 
  6 300   0.593620      252.473      117.585     0.651664      102.454  23.12     0.690900        2.230     0.301993    17.680000     6.573333   0   0     0.001457 
  7 300   0.711842      268.403      140.310     0.663472      116.101  26.20     0.692430        3.714     0.014141    32.453333    14.773333   0   0    -0.003623 
  8 300   0.690369      283.163      132.728     0.669334      129.127  29.13     0.687153        0.674     0.458395    43.053333    10.600000   0   0    -0.036122 
  9 300   0.654149      286.673      129.938     0.671315      135.996  30.68     0.681596        2.669     0.120415    58.173333    15.120000   0   0     0.050716 
 10 300   0.552794      289.080      128.138     0.672081      140.355  31.67     0.681497        3.613     0.190369    72.866667    14.693333   0   0    -0.002319 
 11 300   0.571205      292.635      124.065     0.673183      145.873  32.91     0.683597        4.182     0.003743    86.373333    13.506667   0   0    -0.000611 
 12 300   0.516851      300.983      176.850     0.672347      155.741  35.14     0.677463        1.957     0.428510   100.266667    13.893333   0   0     0.001810 
 13 300   0.644140      303.503      179.213     0.674076      158.992  35.87     0.676126        0.581     0.122944   115.360000    15.093333   0   0     0.059493 
 14 300   0.411742      310.950      156.105     0.676053      163.767  36.95     0.675726        5.450     0.000987   127.693333    12.333333   1   0     0.071277 
 15 300   0.395501      311.130      155.790     0.684515      165.593  37.36     0.686316        1.070     0.261670   144.013333    16.320000   0   0     0.070081 
 16 300   0.546287      311.783      155.723     0.685975      166.749  37.62     0.687382        1.497     0.114348   158.853333    14.840000   0   0     0.078225 
 17 300   0.425645      311.648      155.723     0.689484      169.182  38.17     0.686283        4.033     0.004357   170.826667    11.973333   1   0     0.080562 
 18 300   0.413508      315.585      151.133     0.695390      175.002  39.49     0.688971        5.812     0.154329   181.960000    11.133333   1   0     0.080562 
 19 300   0.390839      315.585      151.133     0.695482      175.013  39.49     0.689082        1.004     0.399854   184.573333     2.613333   0   0     0.079938 
 20 300   0.425129      315.585      151.133     0.695496      175.013  39.49     0.689082        0.000     0.000000   193.080000     8.506667   0   0     0.080172 
 21 300   0.426096      315.585      151.133     0.695501      175.013  39.49     0.689082        0.000     0.000000   198.760000     5.680000   0   0     0.080529 
 22 300   0.427481      315.585      151.133     0.695506      175.013  39.49     0.689082        0.000     0.000000   213.586667    14.826667   0   0     0.080282 
 23 300   0.518821      321.548      149.603     0.715505      188.881  42.62     0.694659        0.923     0.365209   214.106667     0.520000   0   0     0.101823 
 24 300   0.471286      331.650      139.455     0.710408      194.829  43.96     0.694247        0.753     0.476538   219.466667     5.360000   0   0     0.101823 
 25 300   0.398763      332.100      139.365     0.710775      194.829  43.96     0.694247        0.000     0.000000   219.946667     0.480000   0   1     0.101834 
 26 300   0.009379      337.005      131.850     0.710644      197.792  44.63     0.695840        2.749     0.177938   220.920000     0.973333   0   1     0.102735 
 27 300   0.030570      342.495      117.023     0.718487      208.487  47.04     0.702643        4.622     0.788537   229.160000     8.240000   0   1     0.103398 
 28 300   0.012602      343.485      118.530     0.720895      211.432  47.71     0.702493        3.487     0.671585   245.173333    16.013333   0   1     0.106261 
 29 300   0.050047      346.433      116.280     0.731867      219.627  49.55     0.707004        4.119     0.188697   259.640000    14.466667   0   1     0.104615 
 30 300   0.010293      348.008      121.635     0.736168      222.858  50.28     0.711241        5.362     0.168667   275.533333    15.893333   0   1     0.104992 
 31 300   0.009356      347.985      121.433     0.736680      225.228  50.82     0.711870        0.686     0.113010   290.826667    15.293333   0   1     0.107003 
 32 300   0.012957      348.233      121.275     0.738815      226.913  51.20     0.712451        1.020     0.682566   306.400000    15.573333   0   1     0.106211 
 33 300   0.010759      348.840      120.488     0.740243      229.295  51.74     0.712495        1.406     0.379846   323.346667    16.946667   0   1     0.106140 
 34 300   0.007087      350.280      120.015     0.745103      231.551  52.24     0.717887        0.954     0.249564   338.320000    14.973333   0   1     0.107319 
 35 300   0.006899      350.123      119.970     0.748183      232.619  52.49     0.719772        0.560     0.185164   352.773333    14.453333   0   1     0.108093 
 36 300   0.006390      350.123      119.970     0.749781      232.866  52.54     0.721761        5.109     0.273880   369.200000    16.426667   1   1     0.108193 
 37 300   0.004188      350.168      119.723     0.752390      233.856  52.76     0.724055        2.531     0.021961   385.666667    16.466667   0   1     0.105935 
 38 300   0.009185      351.000      120.038     0.752613      233.976  52.79     0.724703        5.327     0.166775   400.693333    15.026667   0   1     0.099833 
 39 300   0.008681      351.473      119.565     0.754419      237.127  53.50     0.728958        5.327     0.036166   415.920000    15.226667   1   1     0.103445 
 40 300   0.009441      351.765      119.408     0.757665      238.563  53.83     0.733867        4.887     0.176724   430.933333    15.013333   0   1     0.104062 
 41 300   0.010125      351.765      119.363     0.763189      242.001  54.60     0.740175        4.887     0.030741   446.400000    15.466667   1   1     0.104062 
 42 300   0.004876      351.878      119.183     0.763849      242.399  54.69     0.741050        5.341     0.011856   462.213333    15.813333   0   1     0.104713 
 43 300   0.004107      352.193      119.183     0.764132      242.399  54.69     0.741050        5.341     0.011856   478.546667    16.333333   1   1     0.104713 
 44 300   0.002444      352.103      119.183     0.765032      243.047  54.84     0.741638        4.178     0.666220   495.733333    17.186667   0   1     0.104762 
 45 300   0.004075      352.193      119.228     0.765270      243.500  54.94     0.741484        0.363     0.098554   506.040000    10.306667   0   1     0.105235 
 46 300   0.003865      352.418      119.093     0.766344      244.180  55.09     0.742077        4.394     0.021574   521.200000    15.160000   1   1     0.105235 
 47 300   0.002117      352.395      119.115     0.767198      244.551  55.18     0.744271        3.205     0.765707   535.613333    14.413333   0   1     0.105415 
 48 300   0.003314      360.563      101.295     0.769212      251.150  56.67     0.753026        3.730     0.514212   549.053333    13.440000   0   1     0.105804 
 49 300   0.005096      360.630      100.913     0.772775      252.968  57.08     0.755606        4.979     0.283805   560.226667    11.173333   0   1     0.108338 
 50 300   0.005424      360.698      100.980     0.772879      253.290  57.15     0.755672        3.107     0.606491   576.186667    15.960000   0   1     0.108253 
 51 300   0.006647      360.788      100.980     0.775816      254.457  57.41     0.760302        3.107     0.017251   595.066667    18.880000   1   1     0.108408 
 52 300   0.002752      360.788      100.980     0.776232      254.832  57.50     0.761174        2.904     0.445583   613.586667    18.520000   0   1     0.108409 
 53 300   0.003434      360.788      100.980     0.776268      255.056  57.55     0.761039        0.579     0.266778   630.173333    16.586667   0   1     0.108449 
 54 300   0.003405      360.788      100.868     0.777330      255.646  57.68     0.762074        4.456     0.096778   647.826667    17.653333   1   1     0.108525 
 55 300   0.002635      360.698      100.913     0.777890      256.011  57.76     0.762760        4.392     0.121709   666.146667    18.320000   0   1     0.108392 
 56 300   0.003123      360.608      100.913     0.778210      256.065  57.78     0.763085        0.309     0.019820   678.280000    12.133333   0   1     0.108387 
 57 300   0.003113      360.383      100.913     0.780492      256.442  57.86     0.764961        1.014     0.215007   694.053333    15.773333   0   1     0.108757 
 58 300   0.003630      360.158      100.913     0.780642      256.522  57.88     0.765184        0.195     0.112781   712.013333    17.960000   0   1     0.108946 
 59 300   0.003573      360.518      100.913     0.781150      257.222  58.04     0.764862        4.191     0.126689   727.973333    15.960000   1   1     0.108960 
 60 300   0.003212      360.225      100.980     0.781443      257.379  58.07     0.764827        4.440     0.262744   745.253333    17.280000   0   1     0.109041 
 61 300   0.003575      360.000      100.980     0.781613      257.379  58.07     0.764827        4.440     0.262744   759.906667    14.653333   1   1     0.109045 
 62 300   0.064925      360.720      101.160     0.784288      260.530  58.78     0.764726        2.951     0.186432   770.706667    10.800000   0   1     0.119371 
 63 300   0.001930      360.810      100.755     0.784881      260.923  58.87     0.765726        6.578     0.435878   775.906667     5.200000   0   1     0.119490 
 64 300   0.232948      386.213      108.653     0.783799      281.802  63.58     0.762893       11.651     0.789412   779.426667     3.520000   0   1     0.133158 
 65 300   0.285791      409.748      130.455     0.769525      293.499  66.22     0.755349        0.909     0.284100   780.720000     1.293333   0   1     0.137081 
 66 300   0.307702      429.255       96.750     0.768293      307.450  69.37     0.752603        1.833     0.188412   782.413333     1.693333   0   1     0.157822 
 67 300   0.249000      433.305       88.830     0.768318      315.423  71.17     0.749258        1.646     0.257699   784.560000     2.146667   0   1     0.134401 
 68 300   0.029151      433.890       87.998     0.771226      317.398  71.61     0.750914       13.142     0.269358   785.453333     0.893333   1   1     0.134413 
 69 300   0.001920      434.453       87.323     0.772822      318.496  71.86     0.752547        2.462     0.476930   801.960000    16.506667   0   1     0.134388 
 70 300   0.003390      434.115       86.918     0.774574      319.315  72.05     0.754173        5.597     0.284183   818.800000    16.840000   0   1     0.134391 
 71 300   0.001815      433.665       86.918     0.774653      319.322  72.05     0.754241        5.597     0.007592   835.160000    16.360000   1   1     0.134391 
 72 300   0.001253      433.260       86.918     0.774787      319.356  72.06     0.754263        3.618     0.180698   850.440000    15.280000   0   1     0.134397 
 73 300   0.001801      433.373       86.805     0.774820      319.399  72.07     0.754377        2.502     0.010781   865.853333    15.413333   0   1     0.134756 
 74 300   0.001856      433.103       86.805     0.774894      319.406  72.07     0.754415        5.373     0.024813   884.186667    18.333333   1   1     0.134756 
 75 300   0.001728      432.765       86.760     0.774947      320.131  72.23     0.754828        7.210     0.277771   903.773333    19.586667   0   1     0.135291 
 76 300   0.001483      432.833       86.648     0.775301      320.565  72.33     0.755096        7.210     0.021864   913.706667     9.933333   1   1     0.135288 
 77 300   0.000906      432.495       86.648     0.775521      320.685  72.36     0.755136        3.126     0.457778   927.986667    14.280000   0   1     0.135271 
 78 300   0.001393      432.225       86.648     0.775606      320.723  72.36     0.755155        0.507     0.038719   940.480000    12.493333   0   1     0.134971 
 79 300   0.001420      432.090       86.648     0.775623      320.723  72.36     0.755155        3.216     0.240590   951.266667    10.786667   1   1     0.134971 
 80 300   0.000924      432.090       86.648     0.776507      321.017  72.43     0.756312        3.593     0.597309   967.346667    16.080000   0   1     0.135540 
 81 300   0.002693      432.090       86.648     0.777066      321.236  72.48     0.756987        2.488     0.484006   984.253333    16.906667   0   1     0.135729 
 82 300   0.003306      432.045       86.648     0.777083      321.236  72.48     0.756987        5.154     0.024063  1000.520000    16.266667   1   1     0.135729 
 83 300   0.001290      432.045       86.648     0.777089      321.346  72.50     0.756989        3.558     0.393291  1014.613333    14.093333   0   1     0.135763 
 84 300   0.002350      432.045       86.648     0.777103      321.359  72.51     0.757012        0.847     0.653834  1026.586667    11.973333   0   1     0.135326 
 85 300   0.003087      432.180       86.648     0.777214      321.462  72.53     0.757384        4.123     0.016048  1046.013333    19.426667   1   1     0.135326 
 86 300   0.001221      432.180       86.648     0.777219      321.544  72.55     0.757387        3.479     0.673639  1054.280000     8.266667   0   1     0.135371 
 87 300   0.001613      432.068       86.625     0.777486      321.905  72.63     0.758031        3.479     0.063714  1066.173333    11.893333   1   1     0.135371 
 88 300   0.001502      431.933       86.625     0.777538      321.985  72.65     0.758328        5.395     0.500909  1079.253333    13.080000   0   1     0.135531 
 89 300   0.001855      431.933       86.625     0.777551      321.985  72.65     0.758328        5.395     0.000909  1093.706667    14.453333   1   1     0.135531 
 90 300   0.002452      432.090       86.828     0.777553      321.995  72.65     0.758335        3.955     0.203558  1112.333333    18.626667   0   1     0.135651 
 91 300   0.002427      432.090       86.828     0.777617      321.995  72.65     0.758335        3.955     0.016207  1125.133333    12.800000   1   1     0.135651 
 92 300   0.001249      432.135       86.828     0.777658      322.061  72.67     0.758474        3.256     0.829792  1141.613333    16.480000   0   1     0.135718 
 93 300   0.002439      432.135       86.828     0.778026      322.095  72.67     0.759080        2.032     0.785667  1158.840000    17.226667   0   1     0.135642 
 94 300   0.003537      432.135       86.828     0.778435      322.109  72.68     0.759867        4.993     0.023441  1174.413333    15.573333   1   1     0.135642 
 95 300   0.001283      432.135       86.828     0.778439      322.111  72.68     0.759870        3.394     0.307701  1186.613333    12.200000   0   1     0.135687 
 96 300   0.003293      432.135       86.828     0.778459      322.124  72.68     0.759896        1.618     0.317338  1201.200000    14.586667   0   1     0.134858 
 97 300   0.003862      432.090       86.828     0.778458      322.124  72.68     0.759896        3.967     0.009637  1215.933333    14.733333   1   1     0.134858 
 98 300   0.001137      431.663       86.850     0.779157      322.946  72.87     0.759841        8.762     0.526809  1229.053333    13.120000   0   1     0.134141 
 99 300   0.001413      431.663       86.850     0.779469      323.117  72.90     0.760080        6.077     0.214684  1247.000000    17.946667   0   1     0.134132 
100 300   0.001756      431.663       86.850     0.779677      323.156  72.91     0.760369        6.077     0.048017  1262.146667    15.146667   1   1     0.134132 
