#scene........................: /home/eldamian/nbvEverardo/models/laboratory.wrl
#triangles....................: 361767
#Total triangles' area........: 443.205414 (m2)
#sensor aperture..............: 135.000000 x 70.000000 (deg)
#range image size.............: 350 x 80
#sensor blind distances.......: 0.500000 .. 30.000000 (m)
#sensor blind angle...........: 80.000000
#sensor Gaussian noise std dev: 0.012000 (m)
#views number.................: 100 
#optimization method..........: Evolution Strategy
#robust optimization..........: ON
#view iterations fitness vxl_occupied(m2) occplane(m2) vxl_quality tri_imaged(m2) tri_imaged(%) tri_quality travelled(m) energy total_time single_time backstep change delta_f_accum
  0   0  -0.000000       18.338        0.000     0.641809       15.030   3.39     0.643016        0.000     0.000000     0.000000     0.000000   0   0     0.000000 
  1 308   0.644313       27.473        0.000     0.628786       22.845   5.15     0.633184        0.000     0.077427     0.280000     0.280000   0   0     0.000000 
  2 308   0.435275       47.970        9.743     0.653144       26.022   5.87     0.637934        1.218     0.242428     0.386667     0.106667   0   0    -0.002503 
  3 308   0.414601       48.375        9.743     0.652317       26.022   5.87     0.637934        0.000     0.000000     0.413333     0.026667   0   0    -0.002503 
  4 308   0.415257       48.420        9.698     0.652262       26.022   5.87     0.637934        0.000     0.000000     0.666667     0.253333   0   0    -0.000917 
  5 308   0.415647       48.488        9.585     0.651891       26.022   5.87     0.637934        0.000     0.000000     0.800000     0.133333   0   0    -0.000593 
  6 308   0.415818       48.488        9.563     0.652387       26.022   5.87     0.637934        0.000     0.000000     0.933333     0.133333   0   0    -0.000158 
  7 308   0.506472       50.918        9.563     0.648921       28.517   6.43     0.628378        0.024     0.150498     1.066667     0.133333   0   0     0.017084 
  8 308   0.429567       52.718        9.563     0.646955       30.686   6.92     0.623144        0.555     0.354141     1.266667     0.200000   0   0     0.026759 
  9 308   0.427717       52.763        9.563     0.647033       30.686   6.92     0.623144        0.000     0.000000     1.320000     0.053333   0   0     0.026759 
 10 308   0.428838       52.740        9.563     0.647183       30.686   6.92     0.623144        0.000     0.000000     1.466667     0.146667   0   0     0.026326 
 11 308   0.470591       69.030        7.875     0.690351       45.985  10.38     0.667578        9.806     0.583315     2.253333     0.786667   0   0     0.022917 
 12 308   0.499056       71.955        8.145     0.691131       49.111  11.08     0.666078        2.103     0.224096     2.613333     0.360000   0   0     0.027469 
 13 308   0.603959      130.725       21.780     0.685811       65.702  14.82     0.681693        1.140     0.273354     4.813333     2.200000   0   0     0.031929 
 14 308   0.607227      194.625       53.235     0.641647       77.727  17.54     0.677483        0.789     0.154465    14.093333     9.280000   0   0     0.045547 
 15 308   0.650550      208.170       50.603     0.649035       88.205  19.90     0.680382        1.220     0.284745    24.786667    10.693333   0   0     0.049532 
 16 308   0.578450      247.928      103.275     0.641234      103.343  23.32     0.671063        1.293     0.169169    35.346667    10.560000   0   0     0.056728 
 17 308   0.584961      281.520      129.015     0.647241      123.229  27.80     0.674129        1.635     0.246564    52.026667    16.680000   0   0     0.070449 
 18 308   0.750722      297.360      116.483     0.651638      136.184  30.73     0.678670        2.545     0.092934    63.400000    11.373333   0   0     0.084324 
 19 308   0.582967      306.720      113.580     0.650306      146.946  33.16     0.672267        2.630     0.006916    79.186667    15.786667   0   0     0.102153 
 20 308   0.522113      312.863      153.338     0.655709      152.020  34.30     0.673942        5.968     0.404123    83.733333     4.546667   0   0     0.107013 
 21 308   0.531182      315.203      143.820     0.664200      158.498  35.76     0.675238        3.631     0.352089    87.226667     3.493333   0   0     0.141546 
 22 308   0.762018      352.935      158.378     0.667791      177.333  40.01     0.679882        4.123     0.204732    90.093333     2.866667   0   0     0.150586 
 23 308   0.696752      384.413      146.813     0.654319      191.890  43.30     0.672796        2.028     0.110536    91.960000     1.866667   0   0     0.146318 
 24 308   0.543499      389.678      146.295     0.658484      197.959  44.67     0.673691        7.156     0.016829    95.480000     3.520000   0   0     0.160669 
 25 308   0.589221      394.515      138.195     0.666072      205.460  46.36     0.677547        0.181     0.203170    99.493333     4.013333   0   0     0.175075 
 26 308   0.419298      395.933      139.860     0.677169      217.485  49.07     0.688141        7.026     0.001010   103.360000     3.866667   1   0     0.176730 
 27 308   0.586075      407.610      123.458     0.679845      229.859  51.86     0.689182        4.087     0.207551   105.786667     2.426667   0   0     0.175708 
 28 308   0.631348      409.118      122.265     0.681862      231.626  52.26     0.689365        2.246     0.092781   107.826667     2.040000   0   0     0.185961 
 29 308   0.655327      411.728      110.250     0.698732      244.958  55.27     0.698443        2.614     0.184328   110.600000     2.773333   0   0     0.182985 
 30 308   0.623456      420.030       89.798     0.698695      252.554  56.98     0.697669        1.077     0.182640   112.493333     1.893333   0   0     0.187723 
 31 308   0.636376      436.590       85.838     0.702324      267.144  60.28     0.702881        0.355     0.525314   116.520000     4.026667   0   0     0.201290 
 32 308   0.563988      440.910       76.500     0.705011      273.669  61.75     0.700916        3.116     0.197758   119.346667     2.826667   0   0     0.219830 
 33 308   0.765677      445.118       74.048     0.706547      279.053  62.96     0.700321        0.696     0.276820   121.826667     2.480000   0   0     0.245617 
 34 308   0.423353      446.333       69.750     0.708738      283.279  63.92     0.699441        1.016     0.307177   123.533333     1.706667   0   0     0.286325 
 35 308   0.425424      446.558       69.705     0.710334      283.882  64.05     0.700928        0.228     0.301293   125.213333     1.680000   0   0     0.287475 
 36 308   0.571662      451.958       63.203     0.710438      289.427  65.30     0.699515        4.543     0.280013   126.826667     1.613333   0   0     0.304031 
 37 308   0.426548      452.655       61.965     0.712810      290.917  65.64     0.701271        2.674     0.193827   130.293333     3.466667   0   0     0.285746 
 38 308   0.454698      453.128       61.268     0.713968      292.390  65.97     0.701537        2.160     0.017545   133.360000     3.066667   0   0     0.292832 
 39 308   0.484361      453.353       61.425     0.716733      294.849  66.53     0.701982        2.350     0.307218   134.880000     1.520000   0   0     0.285761 
 40 308   0.444737      455.873       54.698     0.721075      298.140  67.27     0.702896        2.912     0.280284   137.706667     2.826667   0   0     0.204793 
 41 308   0.534805      458.123       52.673     0.722142      300.017  67.69     0.703635        1.251     0.189637   140.480000     2.773333   0   0     0.254525 
 42 308   0.421559      458.843       52.380     0.723411      302.465  68.24     0.704654        3.845     0.001407   142.986667     2.506667   1   0     0.254239 
 43 308   0.411375      459.203       51.795     0.723923      304.440  68.69     0.705875        1.247     0.017390   145.080000     2.093333   0   0     0.255558 
 44 308   0.424647      459.495       51.750     0.724339      305.496  68.93     0.707144        0.966     0.004178   148.666667     3.586667   0   0     0.260277 
 45 308   0.431114      460.845       50.085     0.727276      308.485  69.60     0.708390        4.299     0.023155   151.693333     3.026667   1   0     0.262600 
 46 308   0.407453      460.913       50.063     0.728303      308.753  69.66     0.710053        4.828     0.024020   153.440000     1.746667   1   0     0.260949 
 47 308   0.440484      460.800       49.770     0.728821      310.379  70.03     0.709535        0.106     0.139772   155.506667     2.066667   0   0     0.267350 
 48 308   0.414405      460.845       49.320     0.729194      310.636  70.09     0.710375        1.596     0.135471   157.133333     1.626667   0   0     0.267890 
 49 308   0.428523      461.228       48.668     0.730751      312.331  70.47     0.710916        4.310     0.010603   160.573333     3.440000   1   0     0.267705 
 50 308   0.406126      461.228       48.668     0.730791      312.331  70.47     0.710916        3.580     0.004753   162.880000     2.306667   1   0     0.268750 
 51 308   0.427984      461.633       48.285     0.732874      313.420  70.72     0.714062        3.335     0.002940   166.893333     4.013333   1   0     0.269625 
 52 308   0.406240      462.173       47.813     0.735584      315.688  71.23     0.714935        6.310     0.004845   168.520000     1.626667   1   0     0.271678 
 53 308   0.411599      462.218       47.813     0.735660      315.727  71.24     0.715167        3.243     0.009390   171.800000     3.280000   0   0     0.272685 
 54 308   0.467713      462.285       47.340     0.735887      315.868  71.27     0.715162        3.861     0.002892   173.146667     1.346667   0   0     0.272685 
 55 308   0.512106      462.285       47.340     0.735897      315.868  71.27     0.715162        3.861     0.002892   174.320000     1.173333   1   0     0.270969 
 56 308   0.432670      462.285       47.340     0.736079      315.868  71.27     0.715162        3.243     0.009390   177.813333     3.493333   1   0     0.271330 
 57 308   0.437008      462.375       46.350     0.738060      317.614  71.66     0.716347        2.028     0.146654   182.000000     4.186667   0   0     0.277444 
 58 308   0.406805      462.510       45.945     0.738465      318.152  71.78     0.717108        0.246     0.004559   184.600000     2.600000   0   0     0.276601 
 59 308   0.411589      462.420       45.630     0.739111      320.191  72.24     0.716757        3.504     0.006507   186.586667     1.986667   1   0     0.285118 
 60 308   0.465924      465.345       38.948     0.747676      326.027  73.56     0.721271        0.525     0.141365   192.226667     5.640000   0   0     0.290199 
 61 308   0.419070      466.245       32.063     0.753531      333.345  75.21     0.722220        3.407     0.007999   196.933333     4.706667   1   0     0.292537 
 62 308   0.408176      466.650       31.523     0.754609      338.003  76.26     0.723198        5.968     0.070790   202.320000     5.386667   1   0     0.292751 
 63 308   0.487489      468.810       29.970     0.755305      340.043  76.72     0.723277        2.895     0.253814   214.786667    12.466667   0   0     0.313757 
 64 308   0.470927      468.788       29.205     0.755749      343.015  77.39     0.721876        2.460     0.182953   235.813333    21.026667   0   0     0.319662 
 65 308   0.431740      468.968       28.778     0.758415      344.844  77.81     0.721952        2.849     0.117259   247.840000    12.026667   0   0     0.319274 
 66 308   0.419392      468.315       28.778     0.759980      346.748  78.24     0.722588        0.777     0.337760   256.320000     8.480000   0   0     0.323188 
 67 308   0.440183      468.315       28.778     0.760065      346.972  78.29     0.723077        0.388     0.111319   265.200000     8.880000   0   0     0.326582 
 68 308   0.446488      467.978       28.733     0.760462      349.004  78.75     0.722378        3.673     0.004302   272.693333     7.493333   1   0     0.329008 
 69 308   0.407029      467.933       28.125     0.763046      350.895  79.17     0.724638        0.817     0.342052   290.733333    18.040000   0   0     0.330795 
 70 308   0.433041      467.933       27.878     0.764882      351.709  79.36     0.726702        0.106     0.111096   307.346667    16.613333   0   0     0.331814 
 71 308   0.434790      467.888       27.878     0.766462      352.438  79.52     0.727473        3.244     0.249511   321.213333    13.866667   1   0     0.343339 
 72 308   0.432847      468.113       27.788     0.768538      353.764  79.82     0.729086        3.556     0.073380   328.386667     7.173333   1   0     0.345225 
 73 308   0.418427      467.708       27.608     0.769197      354.022  79.88     0.730152        1.725     0.138713   347.066667    18.680000   0   0     0.346371 
 74 308   0.432794      467.438       27.608     0.769432      354.185  79.91     0.730343        0.204     0.028501   366.920000    19.853333   0   0     0.347702 
 75 308   0.434264      467.528       27.608     0.769454      354.233  79.93     0.730512        8.601     0.266053   383.866667    16.946667   1   0     0.346344 
 76 308   0.419992      467.528       27.608     0.769956      354.491  79.98     0.730960        0.240     0.127285   386.706667     2.840000   0   0     0.345052 
 77 308   0.427955      467.528       27.608     0.769970      354.491  79.98     0.730960        0.000     0.000000   389.720000     3.013333   0   1     0.345052 
 78 308   0.006841      468.315       24.210     0.773360      360.188  81.27     0.735587        7.654     0.516258   401.746667    12.026667   0   1     0.345753 
 79 308   0.026298      469.890       22.838     0.774478      362.663  81.83     0.735745        5.909     0.512983   405.560000     3.813333   0   1     0.344482 
 80 308   0.008922      470.295       21.173     0.780943      368.173  83.07     0.740263        5.085     0.635532   427.266667    21.706667   0   1     0.344687 
 81 308   0.006059      470.160       21.128     0.781772      368.876  83.23     0.741572        1.948     0.504862   442.880000    15.613333   0   1     0.344988 
 82 308   0.046443      470.160       21.128     0.782297      369.173  83.30     0.741849        1.186     0.407572   450.666667     7.786667   0   1     0.368077 
 83 308   0.049729      470.138       21.015     0.782260      369.173  83.30     0.741849        6.131     0.020995   459.440000     8.773333   1   1     0.367923 
 84 308   0.007496      470.880       21.578     0.782291      369.292  83.32     0.742130        6.468     0.252147   474.200000    14.760000   0   1     0.367900 
 85 308   0.014049      470.880       21.533     0.784259      370.643  83.63     0.743849        0.931     0.133537   484.853333    10.653333   0   1     0.370887 
 86 308   0.013609      470.858       21.330     0.786246      372.689  84.09     0.745280        7.220     0.015558   493.360000     8.506667   1   1     0.370515 
 87 308   0.021309      470.970       20.453     0.787044      373.814  84.34     0.745637        8.683     0.130359   502.400000     9.040000   0   1     0.368345 
 88 308   0.017420      471.060       20.363     0.787862      374.676  84.54     0.745670        5.108     0.379440   512.266667     9.866667   0   1     0.368497 
 89 308   0.021229      470.925       20.363     0.788303      374.701  84.54     0.746048        5.108     0.025423   519.493333     7.226667   1   1     0.368483 
 90 308   0.013092      470.925       20.363     0.788592      374.855  84.58     0.746504        4.797     0.484636   527.053333     7.560000   0   1     0.370855 
 91 308   0.015231      471.173       20.250     0.789365      375.441  84.71     0.747642        4.797     0.020693   536.293333     9.240000   1   1     0.370855 
 92 308   0.006249      471.488       20.655     0.790099      375.705  84.77     0.748689        3.511     0.160910   547.506667    11.213333   0   1     0.371976 
 93 308   0.009878      471.488       20.655     0.790362      375.861  84.81     0.749131        1.217     0.165862   559.160000    11.653333   0   1     0.371660 
 94 308   0.013804      471.488       20.655     0.790383      375.872  84.81     0.749162        0.427     0.031351   568.506667     9.346667   0   1     0.372843 
 95 308   0.013681      471.533       20.610     0.790374      375.872  84.81     0.749162        4.787     0.026400   576.106667     7.600000   1   1     0.372843 
 96 308   0.006315      474.300       29.340     0.793685      378.299  85.36     0.750354       14.192     0.446299   579.306667     3.200000   0   1     0.373420 
 97 308   0.036249      476.460       29.745     0.793754      378.881  85.49     0.749962        3.942     0.170609   581.826667     2.520000   0   1     0.382080 
 98 308   0.034741      477.045       29.723     0.795971      380.404  85.83     0.751810        3.942     0.003943   584.000000     2.173333   1   1     0.382147 
 99 308   0.071160      479.790       27.293     0.797360      383.061  86.43     0.753399        4.171     0.277412   585.920000     1.920000   0   1     0.392204 
100 308   0.042538      480.735       28.013     0.797796      384.238  86.70     0.753294        2.949     0.196262   590.120000     4.200000   0   1     0.385886 
