#scene........................: /home/eldamian/nbvEverardo/models/laboratory.wrl
#triangles....................: 361767
#Total triangles' area........: 443.205414 (m2)
#sensor aperture..............: 135.000000 x 70.000000 (deg)
#range image size.............: 350 x 80
#sensor blind distances.......: 0.500000 .. 30.000000 (m)
#sensor blind angle...........: 80.000000
#sensor Gaussian noise std dev: 0.012000 (m)
#views number.................: 100 
#optimization method..........: Evolution Strategy
#robust optimization..........: ON
#view iterations fitness vxl_occupied(m2) occplane(m2) vxl_quality tri_imaged(m2) tri_imaged(%) tri_quality travelled(m) energy total_time single_time backstep change delta_f_accum
  0   0  -0.000000       18.338        0.000     0.641809       15.030   3.39     0.643016        0.000     0.000000     0.000000     0.000000   0   0     0.000000 
  1 308   0.644313       27.473        0.000     0.628786       22.845   5.15     0.633184        0.000     0.077427     0.280000     0.280000   0   0     0.000000 
  2 308   0.436276       47.970        9.743     0.653144       26.022   5.87     0.637934        1.218     0.242428     0.386667     0.106667   0   0    -0.002503 
  3 308   0.414601       48.375        9.743     0.652317       26.022   5.87     0.637934        0.000     0.000000     0.426667     0.040000   0   0    -0.002503 
  4 308   0.414623       48.420        9.698     0.652262       26.022   5.87     0.637934        0.000     0.000000     0.693333     0.266667   0   0    -0.000917 
  5 308   0.415378       48.488        9.585     0.651891       26.022   5.87     0.637934        0.000     0.000000     0.786667     0.093333   0   0    -0.000593 
  6 308   0.415599       48.488        9.563     0.652387       26.022   5.87     0.637934        0.000     0.000000     0.893333     0.106667   0   0    -0.000158 
  7 308   0.494084       50.918        9.563     0.648921       28.517   6.43     0.628378        0.024     0.150498     1.000000     0.106667   0   0     0.017084 
  8 308   0.429567       52.718        9.563     0.646955       30.686   6.92     0.623144        0.555     0.354141     1.213333     0.213333   0   0     0.026759 
  9 308   0.426604       52.763        9.563     0.647033       30.686   6.92     0.623144        0.000     0.000000     1.253333     0.040000   0   0     0.026759 
 10 308   0.429474       52.740        9.563     0.647183       30.686   6.92     0.623144        0.000     0.000000     1.386667     0.133333   0   0     0.026326 
 11 308   0.473954       69.030        7.875     0.690351       45.985  10.38     0.667578        9.806     0.583315     2.213333     0.826667   0   0     0.022917 
 12 308   0.515375       71.955        8.145     0.691131       49.111  11.08     0.666078        2.103     0.224096     2.573333     0.360000   0   0     0.027469 
 13 308   0.598178      130.725       21.780     0.685811       65.702  14.82     0.681693        1.140     0.273354     4.826667     2.253333   0   0     0.031929 
 14 308   0.605094      194.625       53.235     0.641647       77.727  17.54     0.677483        0.789     0.154465    13.386667     8.560000   0   0     0.045547 
 15 308   0.649545      208.170       50.603     0.649035       88.205  19.90     0.680382        1.220     0.284745    23.453333    10.066667   0   0     0.049532 
 16 308   0.578450      247.928      103.275     0.641234      103.343  23.32     0.671063        1.293     0.169169    33.746667    10.293333   0   0     0.056728 
 17 308   0.582968      281.520      129.015     0.647241      123.229  27.80     0.674129        1.635     0.246564    50.373333    16.626667   0   0     0.070449 
 18 308   0.742492      297.360      116.483     0.651638      136.184  30.73     0.678670        2.545     0.092934    60.946667    10.573333   0   0     0.084324 
 19 308   0.575246      301.500      116.460     0.652923      140.930  31.80     0.676907        2.477     0.279624    74.760000    13.813333   0   0     0.091889 
 20 308   0.594127      306.225      114.593     0.658388      149.117  33.65     0.675848        1.967     0.377748    89.293333    14.533333   0   0     0.089131 
 21 308   0.553220      306.765      114.300     0.660634      149.991  33.84     0.677415        1.457     0.263439    97.706667     8.413333   0   0     0.089131 
 22 308   0.478674      308.880      113.220     0.662511      151.764  34.24     0.678772        1.798     0.117711   104.040000     6.333333   0   0     0.113108 
 23 308   0.470630      309.218      112.883     0.664493      154.740  34.91     0.677140        3.422     0.286186   114.853333    10.813333   0   0     0.111071 
 24 308   0.568715      313.268      103.275     0.679888      166.234  37.51     0.680128        3.088     0.376758   125.786667    10.933333   0   0     0.107882 
 25 308   0.460085      312.930      103.275     0.684237      168.158  37.94     0.682264        0.572     0.352876   128.960000     3.173333   0   0     0.131675 
 26 308   0.640398      320.220      166.298     0.688429      175.493  39.60     0.683148        3.852     0.177756   132.440000     3.480000   0   0     0.141725 
 27 308   0.563388      323.100      194.108     0.690061      179.150  40.42     0.683067        0.810     0.006927   135.720000     3.280000   0   0     0.164667 
 28 308   0.558201      324.675      183.510     0.700999      187.289  42.26     0.689510        0.311     0.168314   139.240000     3.520000   0   0     0.187894 
 29 308   0.420233      327.128      202.568     0.703713      189.689  42.80     0.692340        1.188     0.155954   143.320000     4.080000   0   0     0.179041 
 30 308   0.475173      327.240      202.748     0.704583      190.072  42.89     0.692720        1.736     0.121143   147.466667     4.146667   0   0     0.193739 
 31 308   0.418823      335.183      102.938     0.699175      197.056  44.46     0.688655        3.810     0.004563   153.373333     5.906667   1   0     0.196170 
 32 308   0.399003      337.298       98.933     0.717363      207.041  46.71     0.708340        5.434     0.454980   175.026667    21.653333   0   0     0.202454 
 33 308   0.448537      336.983       98.933     0.719512      208.924  47.14     0.713635        0.133     0.015230   201.226667    26.200000   0   0     0.205540 
 34 308   0.451055      335.993       98.303     0.731886      214.691  48.44     0.722576        5.303     0.303543   231.840000    30.613333   1   0     0.206408 
 35 308   0.422476      336.240       96.975     0.738635      219.349  49.49     0.728206        3.657     0.023882   236.560000     4.720000   1   0     0.205619 
 36 308   0.621567      353.880      110.025     0.736597      234.216  52.85     0.726875       11.503     0.195578   239.546667     2.986667   0   0     0.199375 
 37 308   0.645748      365.445       96.210     0.739518      244.428  55.15     0.724536        1.331     0.167821   243.013333     3.466667   0   0     0.195261 
 38 308   0.731341      369.495       92.813     0.737500      248.276  56.02     0.722093        3.631     0.339149   245.013333     2.000000   0   0     0.337042 
 39 308   0.673969      387.000      107.663     0.739676      264.836  59.75     0.724424        1.602     0.257868   248.653333     3.640000   0   0     0.345469 
 40 308   0.629857      387.698      106.718     0.740434      267.449  60.34     0.722953        1.443     0.265801   252.213333     3.560000   0   0     0.381742 
 41 308   0.630189      389.295      105.413     0.741982      270.073  60.94     0.722458        1.065     0.001715   254.853333     2.640000   0   0     0.380971 
 42 308   0.580103      414.000      133.695     0.734466      277.670  62.65     0.720091        1.853     0.268553   257.240000     2.386667   0   0     0.383722 
 43 308   0.636463      416.880      116.190     0.737542      282.138  63.66     0.721146        2.543     0.206494   258.546667     1.306667   0   0     0.419929 
 44 308   0.647942      424.823      111.623     0.742878      293.436  66.21     0.723275        3.937     0.150698   260.013333     1.466667   0   0     0.424413 
 45 308   0.643311      430.650      104.895     0.742290      299.786  67.64     0.722426        1.417     0.170429   260.893333     0.880000   0   0     0.504570 
 46 308   0.555928      432.810      102.825     0.744035      302.605  68.28     0.722606        1.443     0.256018   262.253333     1.360000   0   0     0.483314 
 47 308   0.588496      438.525       76.140     0.752040      311.947  70.38     0.727594        3.542     0.190097   263.666667     1.413333   0   0     0.487834 
 48 308   0.622294      444.240       65.880     0.749403      317.739  71.69     0.724044        0.946     0.133238   266.306667     2.640000   0   0     0.493600 
 49 308   0.572333      452.813       53.550     0.746694      324.403  73.19     0.722120        2.234     0.196738   268.813333     2.506667   0   0     0.502281 
 50 308   0.600735      453.488       52.313     0.747864      326.583  73.69     0.722833        3.627     0.170057   271.133333     2.320000   0   0     0.520215 
 51 308   0.445772      453.465       52.200     0.748134      326.686  73.71     0.723175        0.184     0.005839   272.893333     1.760000   0   0     0.522839 
 52 308   0.541480      453.443       49.860     0.749245      327.652  73.93     0.723262        3.644     0.206950   274.440000     1.546667   0   0     0.556350 
 53 308   0.550688      459.090       42.255     0.751415      332.786  75.09     0.725517        1.696     0.482964   277.360000     2.920000   0   0     0.564705 
 54 308   0.451347      458.663       42.480     0.752915      333.750  75.30     0.726138        1.394     0.132198   278.600000     1.240000   0   0     0.564705 
 55 308   0.486797      459.563       40.793     0.754541      335.816  75.77     0.727141        4.111     0.361986   281.946667     3.346667   0   0     0.631460 
 56 308   0.413973      459.563       40.793     0.754615      335.951  75.80     0.727024        1.280     0.170439   284.226667     2.280000   0   0     0.631213 
 57 308   0.428536      458.843       40.658     0.757024      338.512  76.38     0.726412        5.071     0.004196   285.826667     1.600000   1   0     0.599507 
 58 308   0.427925      458.978       40.658     0.757495      339.032  76.50     0.726450        3.083     0.020611   287.920000     2.093333   1   0     0.596446 
 59 308   0.405667      458.978       40.658     0.759374      339.887  76.69     0.727726        2.477     0.025920   289.960000     2.040000   0   0     0.595057 
 60 308   0.425106      458.910       40.658     0.760953      340.364  76.80     0.729160        6.086     0.006322   291.960000     2.000000   1   0     0.597272 
 61 308   0.443687      458.910       40.658     0.761118      340.364  76.80     0.729351        0.509     0.169959   293.213333     1.253333   0   0     0.594324 
 62 308   0.451070      458.843       40.410     0.763006      341.414  77.03     0.730362        3.855     0.021529   295.413333     2.200000   1   0     0.594225 
 63 308   0.429355      459.810       37.148     0.770270      345.206  77.89     0.733752        1.156     0.469246   298.680000     3.266667   0   0     0.559619 
 64 308   0.424955      463.095       33.660     0.773091      349.080  78.76     0.736594        1.045     0.032238   301.373333     2.693333   0   0     0.559159 
 65 308   0.422059      463.095       33.660     0.774478      350.840  79.16     0.738813        0.146     0.163662   306.000000     4.626667   0   0     0.560311 
 66 308   0.427221      464.333       32.468     0.775684      353.031  79.65     0.740329        3.325     0.005243   310.013333     4.013333   1   0     0.564277 
 67 308   0.419361      464.490       32.400     0.776374      354.335  79.95     0.741273        3.956     0.003447   312.133333     2.120000   1   0     0.564277 
 68 308   0.412012      464.828       32.378     0.777796      355.501  80.21     0.743272        1.077     0.013407   315.653333     3.520000   0   0     0.563502 
 69 308   0.417600      464.828       31.973     0.783204      359.916  81.21     0.746146        3.608     0.032550   318.520000     2.866667   1   0     0.560908 
 70 308   0.417196      465.773       31.973     0.786786      361.800  81.63     0.748929        0.745     0.025930   324.000000     5.480000   0   0     0.562787 
 71 308   0.422243      466.403       31.703     0.787880      362.175  81.72     0.750570        3.152     0.014999   327.613333     3.613333   1   0     0.564426 
 72 308   0.421616      467.370       27.675     0.792626      366.747  82.75     0.751586       11.986     0.036105   330.746667     3.133333   1   0     0.564592 
 73 308   0.421593      468.180       27.180     0.794503      369.238  83.31     0.755699        0.654     0.215274   354.266667    23.520000   0   0     0.565441 
 74 308   0.437618      468.180       27.180     0.796567      370.314  83.55     0.759135        0.366     0.190648   378.160000    23.893333   0   0     0.566993 
 75 308   0.444821      468.203       26.933     0.796761      370.646  83.63     0.759198        3.157     0.298006   408.293333    30.133333   1   0     0.560249 
 76 308   0.419878      468.068       26.843     0.797488      371.365  83.79     0.760293        3.871     0.096759   416.960000     8.666667   1   0     0.561297 
 77 308   0.430813      467.865       26.730     0.797729      371.749  83.88     0.760714        0.241     0.031077   439.400000    22.440000   0   0     0.561551 
 78 308   0.438056      467.415       26.730     0.798365      371.965  83.93     0.761814        0.265     0.172949   463.293333    23.893333   0   0     0.564792 
 79 308   0.443421      467.528       26.483     0.799354      373.131  84.19     0.763135        3.109     0.294427   488.680000    25.386667   1   0     0.568408 
 80 308   0.431331      467.415       26.145     0.799631      373.299  84.23     0.763581        0.753     0.137838   506.386667    17.706667   0   0     0.568431 
 81 308   0.439887      466.875       26.100     0.799776      373.323  84.23     0.763626        0.099     0.001211   523.453333    17.066667   0   0     0.570259 
 82 308   0.438930      467.595       25.313     0.800396      373.839  84.35     0.764110        9.591     0.147487   542.946667    19.493333   1   0     0.571562 
 83 308   0.413596      468.405       25.583     0.801643      374.173  84.42     0.765549        5.489     0.174217   545.093333     2.146667   0   0     0.590754 
 84 308   0.419977      468.473       25.425     0.802030      375.305  84.68     0.765853        0.312     0.331475   546.880000     1.786667   0   0     0.599551 
 85 308   0.436771      468.518       25.425     0.802104      375.368  84.69     0.765918        0.530     0.207864   548.600000     1.720000   0   0     0.597312 
 86 308   0.438132      471.218       24.728     0.804607      376.496  84.95     0.768259        5.728     0.029922   550.813333     2.213333   1   0     0.595479 
 87 308   0.417954      471.668       24.210     0.807428      377.879  85.26     0.769602        1.148     0.168790   554.400000     3.586667   0   0     0.594646 
 88 308   0.407655      471.690       24.098     0.807545      377.943  85.27     0.769807        0.801     0.258832   556.973333     2.573333   0   0     0.598989 
 89 308   0.424363      471.690       24.098     0.807546      377.943  85.27     0.769807        0.000     0.000000   559.533333     2.560000   0   1     0.598989 
 90 308   0.021965      471.758       24.030     0.808178      378.372  85.37     0.769785        6.067     0.522008   563.026667     3.493333   0   1     0.606310 
 91 308   0.006087      472.703       24.053     0.810782      379.237  85.57     0.771777        6.067     0.022008   565.613333     2.586667   1   1     0.606375 
 92 308   0.012706      475.133       22.725     0.814158      383.798  86.60     0.773301       10.531     0.526603   577.360000    11.746667   0   1     0.609488 
 93 308   0.005033      475.560       21.803     0.817181      386.639  87.24     0.773897        1.767     0.006766   587.533333    10.173333   0   1     0.611140 
 94 308   0.011023      475.695       20.588     0.818275      389.091  87.79     0.773521        4.743     0.638259   600.373333    12.840000   0   1     0.614797 
 95 308   0.024211      476.235       19.193     0.820882      392.400  88.54     0.773170        7.784     0.206972   603.133333     2.760000   0   1     0.614797 
 96 308   0.027338      483.030       28.058     0.821466      392.578  88.58     0.773446        9.984     0.284461   606.280000     3.146667   0   1     0.619478 
 97 308   0.031523      483.705       27.698     0.821424      392.874  88.64     0.773518        9.984     0.007870   607.960000     1.680000   1   1     0.620744 
 98 308   0.009440      484.110       27.000     0.822905      394.050  88.91     0.774430        2.458     0.127247   612.026667     4.066667   0   1     0.619779 
 99 308   0.001381      484.110       26.910     0.823390      394.570  89.03     0.774246        9.403     0.200316   613.960000     1.933333   0   1     0.619910 
100 308   0.019438      484.223       26.438     0.823761      395.144  89.16     0.774396        0.481     0.654939   615.080000     1.120000   0   1     0.617580 
