#scene........................: /home/eldamian/nbvEverardo/models/laboratory.wrl
#triangles....................: 361767
#Total triangles' area........: 443.205414 (m2)
#sensor aperture..............: 135.000000 x 70.000000 (deg)
#range image size.............: 350 x 80
#sensor blind distances.......: 0.500000 .. 30.000000 (m)
#sensor blind angle...........: 80.000000
#sensor Gaussian noise std dev: 0.012000 (m)
#views number.................: 100 
#optimization method..........: Simulated Annealing
#robust optimization..........: ON
#view iterations fitness vxl_occupied(m2) occplane(m2) vxl_quality tri_imaged(m2) tri_imaged(%) tri_quality travelled(m) energy total_time single_time backstep change delta_f_accum
  0   0  -0.000000       18.338        0.000     0.641809       15.030   3.39     0.643016        0.000     0.000000     0.000000     0.000000   0   0     0.000000 
  1 300   0.644313       27.473        0.000     0.628786       22.845   5.15     0.633184        0.000     0.077427     0.266667     0.266667   0   0     0.000000 
  2 300   0.618759       80.010       29.993     0.567034       32.130   7.25     0.621199        0.000     0.109925     0.600000     0.333333   0   0     0.000000 
  3 300   0.608139      117.968       24.300     0.658974       56.200  12.68     0.693017        6.680     0.260011     1.360000     0.760000   0   0     0.011356 
  4 300   0.631419      181.508       58.995     0.620623       73.176  16.51     0.667071        1.526     0.340854     5.706667     4.346667   0   0     0.012301 
  5 300   0.616931      220.995       63.113     0.651000       91.524  20.65     0.686975        0.268     0.185065    10.293333     4.586667   0   0     0.015426 
  6 300   0.653488      258.188       99.158     0.655349      111.344  25.12     0.688601        0.916     0.264900    23.480000    13.186667   0   0     0.024058 
  7 300   0.763628      275.040      152.393     0.655468      122.343  27.60     0.685006        2.143     0.256216    37.946667    14.466667   0   0     0.063507 
  8 300   0.568449      277.673      153.743     0.659123      126.121  28.46     0.686210        0.209     0.337324    51.706667    13.760000   0   0     0.033220 
  9 300   0.628847      283.028      151.223     0.661605      133.343  30.09     0.683345        2.488     0.173948    69.506667    17.800000   0   0     0.050677 
 10 300   0.574203      288.923      146.363     0.658136      140.009  31.59     0.678969        0.827     0.298276    84.493333    14.986667   0   0     0.054775 
 11 300   0.461771      290.340      143.550     0.663102      144.557  32.62     0.681902        2.977     0.144126   101.293333    16.800000   0   0     0.032328 
 12 300   0.487593      293.378      134.100     0.681186      154.914  34.95     0.697301        0.633     0.183310   108.933333     7.640000   0   0     0.032893 
 13 300   0.426657      313.065      144.225     0.686851      165.764  37.40     0.711553        1.922     0.319672   121.066667    12.133333   0   0     0.038986 
 14 300   0.417712      313.290      135.405     0.685455      169.777  38.31     0.710880        4.525     0.024581   134.666667    13.600000   1   0     0.038795 
 15 300   0.450163      313.313      135.405     0.688267      171.430  38.68     0.711517        0.843     0.463139   149.786667    15.120000   0   0     0.059764 
 16 300   0.412864      313.268      135.405     0.691601      173.373  39.12     0.711614        3.466     0.009085   162.573333    12.786667   1   0     0.061817 
 17 300   0.525462      317.025      124.785     0.697773      180.669  40.76     0.711156        4.766     0.176341   176.093333    13.520000   0   0     0.061817 
 18 300   0.397004      317.205      124.785     0.700445      184.431  41.61     0.714598        2.432     0.170116   192.173333    16.080000   0   0     0.063599 
 19 300   0.419251      319.028      123.998     0.711861      190.132  42.90     0.718077        6.742     0.079408   205.240000    13.066667   1   0     0.063599 
 20 300   0.395659      319.545      121.028     0.713094      192.821  43.51     0.719684        5.884     0.165005   219.240000    14.000000   0   0     0.052793 
 21 300   0.405287      319.928      121.320     0.713379      192.821  43.51     0.719684        5.884     0.165005   235.106667    15.866667   1   0     0.052793 
 22 300   0.520058      329.243      124.785     0.708847      199.342  44.98     0.718165        1.299     0.618996   245.133333    10.026667   0   0     0.053848 
 23 300   0.443461      335.003      127.013     0.705164      202.233  45.63     0.717243        2.319     0.005217   247.026667     1.893333   0   0     0.081403 
 24 300   0.403802      335.003      126.945     0.705232      202.233  45.63     0.717243        0.000     0.000000   260.080000    13.053333   0   1     0.081732 
 25 300   0.294997      353.903      154.485     0.704560      217.716  49.12     0.711931        4.815     0.490393   261.200000     1.120000   0   1     0.094243 
 26 300   0.155918      367.065      149.558     0.707705      229.329  51.74     0.709493        2.213     0.363303   262.333333     1.133333   0   1     0.126471 
 27 300   0.148918      383.895      125.370     0.706553      240.809  54.33     0.706588        0.519     0.255772   263.520000     1.186667   0   1     0.064577 
 28 300   0.099731      388.440      119.093     0.709334      247.299  55.80     0.704816        1.000     0.109749   264.733333     1.213333   0   1     0.065241 
 29 300   0.033702      398.588      134.708     0.707254      251.661  56.78     0.703629        1.156     0.188840   270.906667     6.173333   0   1     0.063765 
 30 300   0.008974      402.863      125.438     0.707420      257.350  58.07     0.700774       10.775     0.523197   276.973333     6.066667   0   1     0.063032 
 31 300   0.119376      415.823      105.795     0.717632      266.771  60.19     0.704768        2.852     0.200325   286.493333     9.520000   0   1     0.064884 
 32 300   0.021019      418.680      104.490     0.723910      270.189  60.96     0.709540        4.463     0.011225   304.920000    18.426667   0   1     0.068573 
 33 300   0.010257      419.175      104.355     0.725015      271.134  61.18     0.710858        0.888     0.174313   321.413333    16.493333   0   1     0.068968 
 34 300   0.139141      419.918      103.613     0.726267      272.184  61.41     0.711591        3.755     0.481412   333.746667    12.333333   0   1     0.051098 
 35 300   0.026097      420.120      103.343     0.727518      274.181  61.86     0.711455        3.755     0.017470   352.293333    18.546667   1   1     0.051153 
 36 300   0.006844      421.178      102.870     0.731230      276.360  62.35     0.712978        4.287     0.118706   365.706667    13.413333   0   1     0.052367 
 37 300   0.003777      421.155      102.353     0.733273      277.970  62.72     0.714270        2.431     0.556553   383.586667    17.880000   0   1     0.053925 
 38 300   0.002321      421.088      102.285     0.733787      279.753  63.12     0.715228        0.740     0.698768   400.173333    16.586667   0   1     0.054011 
 39 300   0.010639      421.448      101.498     0.735190      285.025  64.31     0.712747        4.342     0.664329   418.200000    18.026667   0   1     0.054119 
 40 300   0.034916      422.798      101.655     0.737563      287.481  64.86     0.713163        2.777     0.001244   427.986667     9.786667   0   1     0.057418 
 41 300   0.009414      426.555      103.658     0.741351      291.082  65.68     0.715908        6.898     0.187678   434.600000     6.613333   0   1     0.057864 
 42 300   0.098884      440.370       83.498     0.743351      302.630  68.28     0.715765        3.268     0.160715   436.053333     1.453333   0   1     0.047025 
 43 300   0.342630      441.383       82.845     0.743406      303.611  68.50     0.715671        1.378     0.222308   437.173333     1.120000   0   1     0.047025 
 44 300   0.361519      450.923       71.460     0.741694      313.586  70.75     0.711919        2.481     0.262036   438.186667     1.013333   0   1    -0.013435 
 45 300   0.122027      453.938       66.758     0.743576      318.809  71.93     0.712543        0.457     0.290239   439.826667     1.640000   0   1    -0.013435 
 46 300   0.018689      453.870       60.458     0.748594      328.399  74.10     0.713189        3.348     0.464889   441.173333     1.346667   0   1    -0.011861 
 47 300   0.020707      454.815       59.535     0.751812      331.566  74.81     0.713545        7.850     0.634987   442.306667     1.133333   0   1    -0.005967 
 48 300   0.069740      456.255       55.485     0.754512      336.937  76.02     0.714387        7.741     0.641805   444.186667     1.880000   0   1     0.005872 
 49 300   0.028141      462.398       35.078     0.754382      340.711  76.87     0.715987        3.824     0.424211   445.880000     1.693333   0   1     0.004977 
 50 300   0.092990      463.928       33.233     0.756963      343.343  77.47     0.717119        3.761     0.299746   447.706667     1.826667   0   1     0.017437 
 51 300   0.064951      468.720       24.480     0.760802      353.659  79.80     0.718230        3.010     0.336617   449.720000     2.013333   0   1     0.020435 
 52 300   0.036108      470.160       23.445     0.762425      356.725  80.49     0.718960        2.399     0.134721   451.400000     1.680000   0   1     0.026052 
 53 300   0.054931      470.295       23.243     0.763772      357.984  80.77     0.719129        2.681     0.365295   451.840000     0.440000   0   1     0.026052 
 54 300   0.068695      471.173       21.960     0.766453      359.910  81.21     0.720212        2.196     0.279443   453.013333     1.173333   0   1     0.017242 
 55 300   0.030401      472.298       17.820     0.769092      364.193  82.17     0.721921        3.837     0.420306   457.653333     4.640000   0   1     0.016188 
 56 300   0.090444      472.725       16.943     0.771097      365.476  82.46     0.722969        0.381     0.344083   460.600000     2.946667   0   1     0.012321 
 57 300   0.003881      474.053       14.963     0.771547      367.175  82.85     0.723273        2.311     0.288719   463.120000     2.520000   0   1     0.012462 
 58 300   0.048854      474.210       14.288     0.773469      368.624  83.17     0.724412        6.246     0.201081   465.200000     2.080000   0   1    -0.002234 
 59 300   0.001755      474.345       14.310     0.774744      370.728  83.65     0.725153        2.560     0.171636   467.373333     2.173333   0   1    -0.002069 
 60 300   0.002869      474.345       14.490     0.776030      371.457  83.81     0.725778        1.338     0.247695   469.013333     1.640000   0   1    -0.001266 
 61 300   0.002836      475.673       14.265     0.781106      373.638  84.30     0.727638        5.747     0.015097   471.386667     2.373333   1   1    -0.001237 
 62 300   0.014172      477.495       13.343     0.785946      376.122  84.86     0.729880        4.524     0.183212   473.186667     1.800000   0   1     0.005511 
 63 300   0.012591      477.585       13.343     0.786910      377.141  85.09     0.730572        4.524     0.016546   474.573333     1.386667   1   1     0.005511 
 64 300   0.001646      477.428       13.320     0.787186      377.333  85.14     0.730736        2.893     0.292761   475.613333     1.040000   0   1     0.005060 
 65 300   0.001763      477.203       13.320     0.788034      377.653  85.21     0.731281        3.260     0.000425   477.133333     1.520000   1   1     0.005060 
 66 300   0.002508      476.370       14.243     0.788762      377.919  85.27     0.731785        5.626     0.114140   478.320000     1.186667   0   1     0.003613 
 67 300   0.007450      476.573       13.793     0.790814      379.001  85.51     0.732799        5.890     0.293835   480.280000     1.960000   0   1     0.005877 
 68 300   0.008197      476.618       13.793     0.791382      379.436  85.61     0.733225        5.890     0.017244   481.906667     1.626667   1   1     0.005889 
 69 300   0.005165      476.820       13.185     0.791249      380.655  85.89     0.733020        1.500     0.688777   484.706667     2.800000   0   1     0.001892 
 70 300   0.007010      477.473       12.803     0.795667      384.991  86.87     0.736355       11.362     0.287917   494.160000     9.453333   0   1     0.002869 
 71 300   0.001290      477.450       12.758     0.796368      385.545  86.99     0.737288        4.510     0.653551   506.293333    12.133333   0   1     0.002748 
 72 300   0.004553      477.945       12.758     0.797134      386.953  87.31     0.737721        4.396     0.238942   518.813333    12.520000   0   1     0.003940 
 73 300   0.006286      478.125       12.893     0.799554      388.021  87.55     0.740840        5.732     0.168294   535.293333    16.480000   0   1     0.004068 
 74 300   0.008615      478.350       12.848     0.799599      388.390  87.63     0.741052        0.478     0.156439   553.066667    17.773333   0   1     0.005208 
 75 300   0.009053      478.575       12.758     0.800354      389.140  87.80     0.742159        5.973     0.008829   568.040000    14.973333   1   1     0.004786 
 76 300   0.002662      478.935       12.848     0.800528      389.240  87.82     0.742394        5.800     0.113005   584.893333    16.853333   0   1     0.005154 
 77 300   0.002882      478.980       12.848     0.800626      389.240  87.82     0.742394        5.800     0.003081   599.160000    14.266667   1   1     0.005146 
 78 300   0.002794      479.093       12.915     0.800741      389.520  87.89     0.742576        6.282     0.506392   613.093333    13.933333   0   1     0.005238 
 79 300   0.003585      479.093       12.915     0.801266      390.710  88.16     0.743227        6.282     0.006392   629.280000    16.186667   1   1     0.005238 
 80 300   0.002063      479.138       12.915     0.801794      390.877  88.19     0.743534        4.911     0.808053   639.346667    10.066667   0   1     0.005217 
 81 300   0.003419      479.138       12.915     0.801839      390.918  88.20     0.743593        1.047     0.315165   656.093333    16.746667   0   1     0.007135 
 82 300   0.006708      479.138       12.915     0.801967      391.145  88.25     0.743908        1.309     0.117212   670.453333    14.360000   0   1     0.008104 
 83 300   0.007234      479.138       12.915     0.802067      391.145  88.25     0.743908        5.949     0.000176   685.333333    14.880000   1   1     0.008056 
 84 300   0.005223      479.340       13.028     0.802214      391.349  88.30     0.744267        5.467     0.009719   701.693333    16.360000   0   1     0.009229 
 85 300   0.005562      479.723       13.140     0.802271      391.349  88.30     0.744267        5.467     0.009719   720.693333    19.000000   1   1     0.009107 
 86 300   0.006324      479.858       13.185     0.802537      391.369  88.30     0.744728        5.630     0.171631   739.200000    18.506667   0   1     0.008294 
 87 300   0.007249      479.858       13.185     0.802711      391.615  88.36     0.745137        5.630     0.004964   750.080000    10.880000   1   1     0.008294 
 88 300   0.002954      479.993       13.230     0.802789      391.733  88.39     0.745079        5.570     0.611235   764.000000    13.920000   0   1     0.008486 
 89 300   0.004100      479.993       13.230     0.802800      391.733  88.39     0.745079        5.570     0.001311   783.546667    19.546667   1   1     0.008486 
 90 300   0.001944      480.195       13.118     0.802933      392.334  88.52     0.745330        4.906     0.781315   800.240000    16.693333   0   1     0.008644 
 91 300   0.003493      480.083       12.915     0.803378      392.689  88.60     0.746015        2.630     0.455458   813.733333    13.493333   0   1     0.008357 
 92 300   0.002549      480.218       12.555     0.803603      393.685  88.83     0.746417        6.132     0.007476   822.106667     8.373333   1   1     0.007771 
 93 300   0.001416      479.970       12.533     0.803824      393.851  88.86     0.746572        4.922     0.364556   837.666667    15.560000   0   1     0.007747 
 94 300   0.001635      480.218       12.645     0.803799      393.851  88.86     0.746572        4.922     0.197890   852.000000    14.333333   1   1     0.007750 
 95 300   0.002294      479.768       12.330     0.805551      394.565  89.03     0.748570        6.288     0.307377   866.280000    14.280000   0   1     0.008615 
 96 300   0.002119      479.678       12.330     0.805741      394.682  89.05     0.748605        3.585     0.402811   883.586667    17.306667   0   1     0.009162 
 97 300   0.002422      478.598       12.330     0.806269      394.876  89.10     0.749362        3.585     0.215460   886.920000     3.333333   1   1     0.009162 
 98 300   0.001116      478.598       12.330     0.807467      395.508  89.24     0.749998        1.897     0.552557   902.093333    15.173333   0   1     0.009659 
 99 300   0.001323      478.598       12.330     0.808629      396.159  89.39     0.750614        5.175     0.055655   919.813333    17.720000   1   1     0.009659 
100 300   0.001107      478.598       12.330     0.808687      396.335  89.42     0.750565        5.019     0.104188   932.346667    12.533333   0   1     0.009586 
