#scene........................: /home/eldamian/nbvEverardo/models/laboratory.wrl
#triangles....................: 361767
#Total triangles' area........: 443.205414 (m2)
#sensor aperture..............: 135.000000 x 70.000000 (deg)
#range image size.............: 350 x 80
#sensor blind distances.......: 0.500000 .. 30.000000 (m)
#sensor blind angle...........: 80.000000
#sensor Gaussian noise std dev: 0.012000 (m)
#views number.................: 100 
#optimization method..........: Evolution Strategy
#view iterations fitness vxl_occupied(m2) occplane(m2) vxl_quality tri_imaged(m2) tri_imaged(%) tri_quality travelled(m) energy total_time single_time backstep change
  0   0  -0.000000       18.338        0.000     0.641809       15.030   3.39     0.643016        0.000     0.000000     0.000000     0.000000   0   0 
  1 308   0.644313       27.473        0.000     0.628786       22.845   5.15     0.633184        0.000     0.077427     0.293333     0.293333   0   0 
  2 308   0.435025       47.970        9.743     0.653144       26.022   5.87     0.637934        1.218     0.242428     0.320000     0.026667   0   0 
  3 308   0.414601       48.375        9.743     0.652317       26.022   5.87     0.637934        0.000     0.000000     0.360000     0.040000   0   0 
  4 308   0.415416       48.420        9.698     0.652262       26.022   5.87     0.637934        0.000     0.000000     0.426667     0.066667   0   0 
  5 308   0.415715       48.488        9.585     0.651891       26.022   5.87     0.637934        0.000     0.000000     0.440000     0.013333   0   0 
  6 308   0.415873       48.488        9.563     0.652387       26.022   5.87     0.637934        0.000     0.000000     0.466667     0.026667   0   0 
  7 308   0.509569       50.918        9.563     0.648921       28.517   6.43     0.628378        0.024     0.150498     0.506667     0.040000   0   0 
  8 308   0.429567       52.718        9.563     0.646955       30.686   6.92     0.623144        0.555     0.354141     0.586667     0.080000   0   0 
  9 308   0.427995       52.763        9.563     0.647033       30.686   6.92     0.623144        0.000     0.000000     0.613333     0.026667   0   0 
 10 308   0.428679       52.740        9.563     0.647183       30.686   6.92     0.623144        0.000     0.000000     0.640000     0.026667   0   0 
 11 308   0.470820       63.270       11.948     0.676081       41.222   9.30     0.650366       10.563     0.595631     0.746667     0.106667   0   0 
 12 308   0.442048       78.030       12.825     0.697049       52.031  11.74     0.679501       10.563     0.006391     0.906667     0.160000   1   0 
 13 308   0.527187      120.195       42.975     0.656286       62.970  14.21     0.674306        0.364     0.338734     1.066667     0.160000   0   0 
 14 308   0.793687      140.400       45.923     0.656590       78.546  17.72     0.681329        4.182     0.132431     1.640000     0.573333   0   0 
 15 308   0.701295      157.748       42.548     0.673538       94.399  21.30     0.690506        0.597     0.427177     2.066667     0.426667   0   0 
 16 308   0.473586      160.155       40.725     0.688403      101.663  22.94     0.697031        1.373     0.343042     2.400000     0.333333   0   0 
 17 308   0.564324      164.678       36.900     0.693127      105.925  23.90     0.697483        1.949     0.260960     2.800000     0.400000   0   0 
 18 308   0.568493      170.123      169.605     0.704938      110.897  25.02     0.704528        0.909     0.118268     3.080000     0.280000   0   0 
 19 308   0.517452      178.853      167.603     0.721747      120.416  27.17     0.714268        0.296     0.153330     3.520000     0.440000   0   0 
 20 308   0.417566      179.370      167.625     0.722671      122.157  27.56     0.714828        6.153     0.012250     3.866667     0.346667   1   0 
 21 308   0.475335      181.350      169.943     0.729532      124.669  28.13     0.724882        0.963     0.333982     4.226667     0.360000   0   0 
 22 308   0.625479      236.948      188.933     0.716944      143.361  32.35     0.721003       10.905     0.016041     4.413333     0.186667   0   0 
 23 308   0.770697      293.940      212.985     0.698218      166.445  37.55     0.715610        1.429     0.278852     6.906667     2.493333   0   0 
 24 308   0.774867      326.408      205.335     0.686604      184.292  41.58     0.705197        0.979     0.159588     9.640000     2.733333   0   0 
 25 308   0.824255      343.598      199.485     0.691498      196.623  44.36     0.707151        1.020     0.405084    12.280000     2.640000   0   0 
 26 308   0.718354      351.968      192.060     0.692672      203.517  45.92     0.705705        1.483     0.169702    14.680000     2.400000   0   0 
 27 308   0.488466      380.723      201.488     0.681936      215.140  48.54     0.703526       13.948     0.341269    14.933333     0.253333   0   0 
 28 308   0.718126      389.948      191.273     0.684260      222.603  50.23     0.701898        1.618     0.010589    15.213333     0.280000   0   0 
 29 308   0.564573      407.295      157.523     0.681631      230.062  51.91     0.697762        2.015     0.581510    15.586667     0.373333   0   0 
 30 308   0.571644      410.063      147.488     0.683919      234.897  53.00     0.695530        1.749     0.196434    16.120000     0.533333   0   0 
 31 308   0.506088      418.050      132.165     0.690060      243.786  55.01     0.697521       11.428     0.461183    18.280000     2.160000   0   0 
 32 308   0.586079      432.585       86.130     0.708838      255.726  57.70     0.702637        3.436     0.355763    20.013333     1.733333   0   0 
 33 308   0.508031      433.350       80.460     0.710429      264.076  59.58     0.701149        1.665     0.358735    21.560000     1.546667   0   0 
 34 308   0.586382      435.803       76.950     0.714982      268.565  60.60     0.703782        2.635     0.334460    22.400000     0.840000   0   0 
 35 308   0.705311      436.275       76.140     0.715891      269.742  60.86     0.704258        6.332     0.130336    23.880000     1.480000   0   0 
 36 308   0.774759      437.198       72.675     0.717078      274.821  62.01     0.702261        2.173     0.337224    25.533333     1.653333   0   0 
 37 308   0.445509      438.255       71.820     0.719931      277.893  62.70     0.702380        0.897     0.172733    27.146667     1.613333   0   0 
 38 308   0.441006      438.435       70.965     0.721750      278.792  62.90     0.703562       10.612     0.314995    28.146667     1.000000   0   0 
 39 308   0.578406      438.795       69.660     0.724011      280.615  63.31     0.704504        2.422     0.000542    28.480000     0.333333   0   0 
 40 308   0.582088      438.953       69.053     0.725155      280.979  63.40     0.705572        0.548     0.013251    29.320000     0.840000   0   0 
 41 308   0.421690      438.503       69.053     0.726962      282.647  63.77     0.705724        8.776     0.010362    30.146667     0.826667   1   0 
 42 308   0.420958      439.110       68.828     0.727597      283.399  63.94     0.706969        0.404     0.167368    31.400000     1.253333   0   0 
 43 308   0.429420      440.235       67.230     0.728476      286.081  64.55     0.706699        6.390     0.003149    32.973333     1.573333   1   0 
 44 308   0.410573      440.168       67.230     0.730677      287.409  64.85     0.707704        0.782     0.148743    33.813333     0.840000   0   0 
 45 308   0.721582      441.540       66.713     0.732924      290.243  65.49     0.708024        2.767     0.000047    34.586667     0.773333   0   0 
 46 308   0.556425      441.990       66.555     0.734293      292.460  65.99     0.708069        0.353     0.337230    35.106667     0.520000   0   0 
 47 308   0.433264      441.900       67.838     0.734919      293.000  66.11     0.708974        0.376     0.152071    35.560000     0.453333   0   0 
 48 308   0.437116      441.900       66.960     0.736935      294.643  66.48     0.709997        3.010     0.004905    36.280000     0.720000   1   0 
 49 308   0.410467      442.035       66.735     0.737243      294.903  66.54     0.710480        0.395     0.003988    37.320000     1.040000   0   0 
 50 308   0.423722      441.945       66.735     0.737695      294.978  66.56     0.711333        0.896     0.013407    38.200000     0.880000   0   0 
 51 308   0.431311      442.688       69.570     0.738856      296.766  66.96     0.710990        3.214     0.008292    38.813333     0.613333   1   0 
 52 308   0.407229      442.688       69.570     0.740507      296.985  67.01     0.712671        1.369     0.163254    39.960000     1.146667   0   0 
 53 308   0.426753      442.665       69.503     0.740932      297.168  67.05     0.713095        0.310     0.006691    41.146667     1.186667   0   0 
 54 308   0.430451      442.508       68.895     0.749875      299.381  67.55     0.723805        4.239     0.261137    42.133333     0.986667   1   0 
 55 308   0.422400      442.665       68.760     0.750478      300.248  67.74     0.723546       11.428     0.273832    44.693333     2.560000   1   0 
 56 308   0.419699      442.665       68.760     0.750755      300.430  67.79     0.723775       12.052     0.015820    45.413333     0.720000   1   0 
 57 308   0.412578      442.395       68.760     0.753013      301.515  68.03     0.726350        0.323     0.197765    48.866667     3.453333   0   0 
 58 308   0.421555      442.125       68.760     0.754864      302.031  68.15     0.728435        0.367     0.094995    52.693333     3.826667   0   0 
 59 308   0.425229      442.058       68.760     0.757514      302.667  68.29     0.731116        9.127     0.283874    56.813333     4.120000   1   0 
 60 308   0.424001      442.080       68.648     0.757821      302.688  68.30     0.731653        0.582     0.008496    57.840000     1.026667   0   0 
 61 308   0.526706      444.510       58.073     0.763077      310.743  70.11     0.732052       11.546     0.283770    59.480000     1.640000   0   0 
 62 308   0.418043      444.510       58.073     0.764544      313.519  70.74     0.732870        0.364     0.114125    61.733333     2.253333   0   0 
 63 308   0.423715      450.338       48.870     0.766173      317.484  71.63     0.734415       11.185     0.011379    63.733333     2.000000   1   0 
 64 308   0.448576      455.513       46.395     0.770551      324.851  73.30     0.736012        6.614     0.284151    64.413333     0.680000   0   0 
 65 308   0.418317      455.378       46.305     0.770964      325.395  73.42     0.736901        6.614     0.007559    65.253333     0.840000   1   0 
 66 308   0.411142      455.693       46.305     0.771075      325.411  73.42     0.737066        0.829     0.147829    65.933333     0.680000   0   0 
 67 308   0.420326      455.828       46.305     0.771366      325.414  73.42     0.737422        0.323     0.007112    66.720000     0.786667   0   0 
 68 308   0.422977      455.738       46.305     0.771382      325.414  73.42     0.737422        0.000     0.000000    67.480000     0.760000   0   1 
 69 308   0.009510      456.728       45.270     0.772871      327.008  73.78     0.738629        5.108     0.003351    68.080000     0.600000   0   1 
 70 308   0.062235      458.303       48.330     0.777137      331.505  74.80     0.738201        7.164     0.453343    68.680000     0.600000   0   1 
 71 308   0.297677      466.943       39.173     0.775854      342.545  77.29     0.735026        2.626     0.359853    69.413333     0.733333   0   1 
 72 308   0.104763      466.898       38.633     0.777706      343.945  77.60     0.735722        4.314     0.113206    69.786667     0.373333   0   1 
 73 308   0.198425      469.193       42.975     0.779198      346.007  78.07     0.735035        5.918     0.521167    70.080000     0.293333   0   1 
 74 308   0.095729      470.295       41.580     0.779705      348.232  78.57     0.734513        0.279     0.119694    70.453333     0.373333   0   1 
 75 308   0.109163      470.633       41.175     0.780216      349.338  78.82     0.734117        0.265     0.034114    70.853333     0.400000   0   1 
 76 308   0.110845      472.230       39.893     0.781935      350.607  79.11     0.736032        5.912     0.024826    71.040000     0.186667   1   1 
 77 308   0.017261      472.253       39.375     0.782637      351.449  79.30     0.736355        0.607     0.200245    71.466667     0.426667   0   1 
 78 308   0.015373      472.815       38.723     0.784821      354.835  80.06     0.737618        4.257     0.016176    71.786667     0.320000   1   1 
 79 308   0.038909      472.995       38.318     0.785840      356.206  80.37     0.737969        1.695     0.455129    72.266667     0.480000   0   1 
 80 308   0.035878      476.078       31.703     0.786745      360.191  81.27     0.737623        3.753     0.006035    72.666667     0.400000   1   1 
 81 308   0.020628      476.303       34.988     0.789982      363.353  81.98     0.740197       14.394     0.488515    74.800000     2.133333   0   1 
 82 308   0.013021      476.730       34.920     0.795048      365.653  82.50     0.745023       14.394     0.009199    76.893333     2.093333   1   1 
 83 308   0.033878      477.135       33.503     0.801761      369.963  83.47     0.747895        8.960     0.152011    77.733333     0.840000   0   1 
 84 308   0.028440      477.473       31.905     0.807220      373.568  84.29     0.752397        2.894     0.331385    79.320000     1.586667   0   1 
 85 308   0.014906      477.630       39.330     0.808475      374.565  84.51     0.752387       11.188     0.173807    79.666667     0.346667   0   1 
 86 308   0.032489      478.530       43.290     0.808733      374.749  84.55     0.752568        5.749     0.181232    80.226667     0.560000   0   1 
 87 308   0.032308      479.633       43.223     0.813948      379.186  85.56     0.756119        5.749     0.014565    80.706667     0.480000   1   1 
 88 308   0.026066      481.118       48.263     0.814030      379.313  85.58     0.756152        5.540     0.020998    81.613333     0.906667   0   1 
 89 308   0.028506      481.433       48.263     0.814084      379.313  85.58     0.756152        5.540     0.020998    82.200000     0.586667   1   1 
 90 308   0.018900      481.928       48.263     0.814804      379.696  85.67     0.757349        0.599     0.336082    82.773333     0.573333   0   1 
 91 308   0.036745      482.243       48.218     0.815031      379.786  85.69     0.757684        0.231     0.001805    83.280000     0.506667   0   1 
 92 308   0.028364      481.995       47.655     0.818356      382.980  86.41     0.759836       11.721     0.008085    83.666667     0.386667   1   1 
 93 308   0.021958      481.973       47.138     0.819947      385.063  86.88     0.760970        2.654     0.146004    85.413333     1.746667   0   1 
 94 308   0.009074      482.265       49.995     0.821882      385.840  87.06     0.762877        7.531     0.024743    86.106667     0.693333   1   1 
 95 308   0.010935      483.795       65.633     0.822631      387.573  87.45     0.763461       14.160     0.002069    89.226667     3.120000   0   1 
 96 308   0.011879      483.863       65.655     0.822772      387.989  87.54     0.763422        0.447     0.151552    90.626667     1.400000   0   1 
 97 308   0.013292      483.908       65.655     0.822781      387.989  87.54     0.763422       14.387     0.007639    92.093333     1.466667   1   1 
 98 308   0.004559      484.403       64.485     0.825175      393.842  88.86     0.766544       11.337     0.317240    95.093333     3.000000   0   1 
 99 308   0.014158      484.740       63.518     0.826691      395.107  89.15     0.768590        2.808     0.328439    98.560000     3.466667   0   1 
100 308   0.008709      485.235       62.843     0.826655      396.287  89.41     0.770594        0.902     0.122137   101.640000     3.080000   0   1 
