#scene........................: /home/eldamian/nbvEverardo/models/studying_room.wrl
#triangles....................: 107322
#Total triangles' area........: 170.448196 (m2)
#sensor aperture..............: 135.000000 x 70.000000 (deg)
#range image size.............: 350 x 80
#sensor blind distances.......: 0.500000 .. 30.000000 (m)
#sensor blind angle...........: 80.000000
#sensor Gaussian noise std dev: 0.012000 (m)
#views number.................: 100 
#optimization method..........: Simulated Annealing
#robust optimization..........: ON
#view iterations fitness vxl_occupied(m2) occplane(m2) vxl_quality tri_imaged(m2) tri_imaged(%) tri_quality travelled(m) energy total_time single_time backstep change delta_f_accum
  0   0  -0.000000       16.628        4.838     0.635252       10.896   6.39     0.627871        0.000     0.000000     0.000000     0.000000   0   0     0.000000 
  1 300   0.640074       26.033        5.220     0.621800       18.741  10.99     0.612062        0.000     0.077427     0.213333     0.213333   0   0     0.000000 
  2 300   0.630752       42.728       24.615     0.678270       23.472  13.77     0.665242        0.000     0.187351     0.493333     0.280000   0   0     0.000000 
  3 300   0.631051       54.293       34.358     0.690208       29.268  17.17     0.685591        0.000     0.166667     0.800000     0.306667   0   0     0.000000 
  4 300   0.598785       83.475       50.040     0.649959       39.521  23.19     0.676262        0.000     0.276591     1.133333     0.333333   0   0     0.000000 
  5 300   0.584294       98.730       62.933     0.645241       46.069  27.03     0.684623        0.000     0.077427     1.546667     0.413333   0   0     0.000000 
  6 300   0.591092      103.613       61.988     0.651737       52.750  30.95     0.679367        0.000     0.166667     1.960000     0.413333   0   0     0.000000 
  7 300   0.565540      144.383       90.338     0.648706       69.459  40.75     0.683092        0.000     0.255907     2.426667     0.466667   0   0     0.000000 
  8 300   0.619685      143.933      102.240     0.651852       76.352  44.79     0.684727        0.000     0.077427     2.866667     0.440000   0   0     0.000000 
  9 300   0.621253      143.078      109.373     0.663316       79.243  46.49     0.691031        0.000     0.109925     3.373333     0.506667   0   0     0.000000 
 10 300   0.584562      143.415      121.253     0.672550       81.770  47.97     0.693573        0.000     0.500000     3.866667     0.493333   0   0     0.000000 
 11 300   0.531424      143.190      125.190     0.676049       81.876  48.04     0.693664        0.000     0.145982     4.426667     0.560000   0   0     0.000000 
 12 300   0.516077      143.033      131.130     0.678444       81.910  48.06     0.693715        0.000     0.333333     4.933333     0.506667   0   0     0.000000 
 13 300   0.470399      145.463      132.638     0.675137       88.551  51.95     0.683255        0.000     0.500000     5.466667     0.533333   0   0     0.000000 
 14 300   0.452666      145.418      132.638     0.675291       88.551  51.95     0.683255        0.000     0.244093     6.040000     0.573333   0   0     0.000000 
 15 300   0.528085      157.005      119.610     0.683301       97.624  57.27     0.685574        5.405     0.376294     6.173333     0.133333   0   0     0.012380 
 16 300   0.615878      159.413      122.130     0.690722      100.882  59.19     0.689824        0.933     0.129376     6.440000     0.266667   0   0     0.017067 
 17 300   0.633216      163.193      125.460     0.691706      100.882  59.19     0.689824        5.079     0.151652     6.520000     0.080000   1   0     0.020216 
 18 300   0.484265      163.868      124.808     0.696225      102.544  60.16     0.691701        5.030     0.627195     6.680000     0.160000   0   0     0.039395 
 19 300   0.537066      164.903      124.403     0.697244      104.227  61.15     0.692013        0.330     0.474169     6.826667     0.146667   0   0     0.058741 
 20 300   0.600278      164.948      124.133     0.697325      104.227  61.15     0.692013        4.890     0.153026     7.066667     0.240000   1   0     0.075563 
 21 300   0.699668      164.790      124.065     0.697603      104.227  61.15     0.692013        0.000     0.000000     7.560000     0.493333   0   0     0.075563 
 22 300   0.328734      164.790      122.310     0.698872      104.663  61.40     0.691974        3.413     0.760416     7.680000     0.120000   0   0     0.089841 
 23 300   0.466046      166.343      118.868     0.703678      108.836  63.85     0.694996        3.430     0.012254     7.986667     0.306667   0   0     0.091190 
 24 300   0.438864      166.478      117.563     0.710876      111.491  65.41     0.696351        0.690     0.189142     8.280000     0.293333   0   0     0.107397 
 25 300   0.439717      167.018      118.238     0.710862      113.032  66.31     0.698187        3.983     0.010222     8.666667     0.386667   1   0     0.119107 
 26 300   0.397276      167.220      118.575     0.711807      113.032  66.31     0.698187        3.413     0.150491     8.826667     0.160000   1   0     0.123681 
 27 300   0.672913      167.085      118.508     0.713481      113.032  66.31     0.698187        0.000     0.109925     9.426667     0.600000   0   0     0.123681 
 28 300   0.438802      175.680      116.235     0.712937      120.735  70.83     0.693273        6.179     0.460311     9.586667     0.160000   0   0     0.098796 
 29 300   0.414324      175.410      116.235     0.715629      121.725  71.41     0.693766        0.168     0.334712     9.920000     0.333333   0   0     0.100653 
 30 300   0.440565      174.803      116.213     0.718705      124.204  72.87     0.693440        6.325     0.164415    10.066667     0.146667   1   0     0.099949 
 31 300   0.327953      174.803      115.830     0.720695      125.866  73.84     0.693293        5.965     0.653649    10.093333     0.026667   0   0     0.099949 
 32 300   0.430465      174.690      115.785     0.720675      125.866  73.84     0.693293        5.965     0.132964    10.240000     0.146667   1   0     0.112026 
 33 300   0.672467      174.668      115.673     0.720810      125.866  73.84     0.693293        0.000     0.109925    10.866667     0.626667   0   0     0.112026 
 34 300   0.667006      174.263      115.673     0.721471      125.866  73.84     0.693293        0.000     0.109925    11.440000     0.573333   0   0     0.112026 
 35 300   0.616047      174.218      115.673     0.722781      125.866  73.84     0.693293        0.000     0.609924    12.000000     0.560000   0   0     0.112026 
 36 300   0.591721      174.218      115.673     0.723182      125.866  73.84     0.693293        0.000     0.333333    12.680000     0.680000   0   0     0.112026 
 37 300   0.572257      174.240      115.605     0.723663      125.866  73.84     0.693293        0.000     0.145982    13.173333     0.493333   0   0     0.112026 
 38 300   0.564585      174.128      115.673     0.724356      125.866  73.84     0.693293        0.000     0.333333    13.840000     0.666667   0   0     0.112026 
 39 300   0.321851      174.465      114.728     0.724931      126.484  74.21     0.693761        6.375     0.644813    13.960000     0.120000   0   0     0.122225 
 40 300   0.437062      174.510      114.728     0.725191      126.484  74.21     0.693761        6.375     0.144813    14.080000     0.120000   1   0     0.134510 
 41 300   0.396284      174.398      114.255     0.726383      127.449  74.77     0.694002        4.946     0.239313    14.173333     0.093333   0   0     0.148094 
 42 300   0.498817      174.375      114.098     0.727443      128.192  75.21     0.694773        0.324     0.191917    14.493333     0.320000   0   0     0.139601 
 43 300   0.524334      174.375      113.918     0.728503      128.500  75.39     0.695494        1.542     0.480954    14.973333     0.480000   0   0     0.138194 
 44 300   0.608246      174.488      114.120     0.728612      128.500  75.39     0.695494        3.518     0.164815    15.186667     0.213333   1   0     0.186074 
 45 300   0.364776      173.903      114.120     0.736919      129.303  75.86     0.701396        3.314     0.485961    15.240000     0.053333   0   0     0.188517 
 46 300   0.422727      173.813      114.120     0.737055      129.303  75.86     0.701396        3.314     0.152627    15.320000     0.080000   1   0     0.196140 
 47 300   0.427603      181.643      111.398     0.756351      134.732  79.05     0.708139        6.040     0.300178    15.413333     0.093333   0   0     0.196205 
 48 300   0.540572      182.115      105.413     0.757949      135.741  79.64     0.709591        0.801     0.215019    15.680000     0.266667   0   0     0.208661 
 49 300   0.569492      182.903      105.885     0.757951      135.741  79.64     0.709591        5.486     0.161179    16.013333     0.333333   1   0     0.128119 
 50 300   0.400724      183.510      104.760     0.760629      138.832  81.45     0.706412        4.806     0.285111    16.160000     0.146667   0   0     0.122728 
 51 300   0.395543      183.510      104.715     0.760942      138.832  81.45     0.706412        4.806     0.154502    16.240000     0.080000   1   0     0.129043 
 52 300   0.331467      186.750      108.023     0.761520      139.110  81.61     0.706603        5.597     0.792031    16.333333     0.093333   0   0     0.097931 
 53 300   0.605664      188.775      106.560     0.765047      141.938  83.27     0.712032        2.608     0.011672    16.560000     0.226667   0   0     0.050637 
 54 300   0.596688      189.113      106.763     0.765231      141.938  83.27     0.712032        5.515     0.149750    17.226667     0.666667   1   0     0.056284 
 55 300   0.687328      189.090      106.740     0.765263      141.938  83.27     0.712032        0.000     0.000000    17.653333     0.426667   0   0     0.056284 
 56 300   0.295888      188.258      106.380     0.767268      144.940  85.03     0.712670        6.080     0.605413    17.733333     0.080000   0   0     0.043607 
 57 300   0.383475      188.123      106.380     0.767709      145.509  85.37     0.712409        6.080     0.141471    17.853333     0.120000   1   0     0.029337 
 58 300   0.366056      187.853      106.313     0.769179      146.084  85.71     0.713226        5.161     0.325668    17.920000     0.066667   0   0     0.033146 
 59 300   0.547077      187.920      106.065     0.770020      146.177  85.76     0.714670        2.069     0.469589    18.440000     0.520000   0   0     0.044679 
 60 300   0.638354      187.920      106.065     0.770042      146.177  85.76     0.714670        3.497     0.164648    18.533333     0.093333   1   0     0.047141 
 61 300   0.511961      192.465      103.163     0.774056      151.162  88.69     0.716413        5.795     0.494480    18.866667     0.333333   0   0     0.053221 
 62 300   0.602149      192.330      103.118     0.774054      151.162  88.69     0.716413        5.795     0.161146    19.186667     0.320000   1   0     0.055525 
 63 300   0.365205      192.218      103.050     0.775391      152.012  89.18     0.717167        4.741     0.271134    19.266667     0.080000   0   0     0.051852 
 64 300   0.503843      192.105      103.050     0.776110      152.597  89.53     0.717421        0.789     0.245429    19.640000     0.373333   0   0     0.044680 
 65 300   0.522015      191.813      103.028     0.776119      152.597  89.53     0.717421        4.784     0.162545    19.933333     0.293333   1   0     0.032004 
 66 300   0.541141      192.285      102.555     0.776371      152.681  89.58     0.718251        5.362     0.272376    20.333333     0.400000   0   0     0.050643 
 67 300   0.608093      192.285      102.555     0.776473      152.681  89.58     0.718251        5.362     0.162452    20.760000     0.426667   1   0     0.055703 
 68 300   0.566952      194.468      103.208     0.777220      152.792  89.64     0.718881        5.063     0.308181    20.826667     0.066667   0   0     0.053114 
 69 300   0.642967      194.468      103.208     0.777251      152.792  89.64     0.718881        5.063     0.162198    21.133333     0.306667   1   0     0.077446 
 70 300   0.374893      194.220      103.140     0.777701      153.006  89.77     0.721858        5.439     0.281098    21.226667     0.093333   0   0     0.055984 
 71 300   0.516330      194.220      103.140     0.777905      153.063  89.80     0.721877        2.323     0.147197    21.626667     0.400000   0   0     0.053694 
 72 300   0.537571      194.220      103.140     0.777923      153.063  89.80     0.721877        4.967     0.136331    22.066667     0.440000   1   0     0.093626 
 73 300   0.480076      194.355      102.758     0.778486      153.067  89.80     0.723047        5.457     0.499770    22.186667     0.120000   0   0     0.105121 
 74 300   0.599017      194.355      102.758     0.778535      153.067  89.80     0.723047        5.457     0.166437    22.320000     0.133333   1   0     0.086145 
 75 300   0.399330      194.648      102.870     0.778748      153.145  89.85     0.723548        4.476     0.755331    22.493333     0.173333   0   0     0.105321 
 76 300   0.567050      194.603      102.870     0.778749      153.145  89.85     0.723548        4.476     0.166091    22.666667     0.173333   1   0     0.118113 
 77 300   0.692147      194.468      102.780     0.778828      153.145  89.85     0.723548        0.000     0.000000    23.226667     0.560000   0   0     0.118113 
 78 300   0.345210      194.333      102.780     0.780189      153.714  90.18     0.724051        6.590     0.477223    23.360000     0.133333   0   0     0.117736 
 79 300   0.552853      194.243      102.645     0.780808      154.061  90.39     0.724563        2.587     0.281514    24.626667     1.266667   0   0     0.146979 
 80 300   0.598095      194.243      102.645     0.780956      154.061  90.39     0.724563        5.536     0.148813    25.093333     0.466667   1   0     0.145363 
 81 300   0.364771      194.108      102.645     0.781668      154.070  90.39     0.725495        3.452     0.484161    25.466667     0.373333   0   0     0.159333 
 82 300   0.425681      194.108      102.645     0.781697      154.070  90.39     0.725495        3.452     0.130143    25.520000     0.053333   1   0     0.159868 
 83 300   0.346438      193.883      102.645     0.787210      155.295  91.11     0.728151        5.575     0.402068    25.720000     0.200000   0   0     0.182492 
 84 300   0.611782      193.883      102.645     0.789610      155.345  91.14     0.732457        2.854     0.283255    26.253333     0.533333   0   0     0.208854 
 85 300   0.659680      193.973      102.645     0.789889      155.345  91.14     0.732457        0.000     0.000000    26.573333     0.320000   0   1     0.212653 
 86 300   0.337230      194.108      101.543     0.790020      155.408  91.18     0.732711        4.114     0.008936    27.253333     0.680000   1   1     0.270818 
 87 300   0.421615      193.950      101.160     0.790590      155.731  91.37     0.732739        2.253     0.152647    27.866667     0.613333   0   1     0.317277 
 88 300   0.424579      194.198      101.228     0.790621      155.731  91.37     0.732739        5.458     0.150554    28.426667     0.560000   1   1     0.408073 
 89 300   0.154009      194.085      101.205     0.791019      156.216  91.65     0.732172        5.727     0.311885    28.893333     0.466667   0   1     0.393893 
 90 300   0.389266      194.085      101.205     0.791281      156.216  91.65     0.732321        0.940     0.146510    29.333333     0.440000   0   1     0.380100 
 91 300   0.395095      194.333      101.183     0.791324      156.216  91.65     0.732321        4.794     0.165374    29.786667     0.453333   1   1     0.416013 
 92 300   0.504159      194.333      101.183     0.791640      156.216  91.65     0.732321        0.000     0.145982    30.440000     0.653333   0   1     0.416013 
 93 300   0.043594      194.355      101.048     0.792892      156.570  91.86     0.732520        5.804     0.253467    30.546667     0.106667   0   1     0.414700 
 94 300   0.254307      194.468      100.935     0.794378      156.792  91.99     0.734374        2.579     0.522456    30.920000     0.373333   0   1     0.434503 
 95 300   0.339862      194.558      100.733     0.795173      156.859  92.03     0.734871        1.767     0.343048    31.480000     0.560000   0   1     0.421217 
 96 300   0.360644      195.165      101.273     0.795189      156.859  92.03     0.734871        6.423     0.156285    32.653333     1.173333   1   1     0.478883 
 97 300   0.083065      195.165      100.868     0.795385      156.869  92.03     0.735015        4.579     0.310882    32.906667     0.253333   0   1     0.448926 
 98 300   0.081150      194.873      100.845     0.795288      156.914  92.06     0.735671        2.349     0.001115    32.986667     0.080000   0   1     0.450618 
 99 300   0.397201      194.873      100.845     0.795480      156.915  92.06     0.735699        2.901     0.146265    33.373333     0.386667   0   1     0.452136 
100 300   0.418143      194.873      100.845     0.795490      156.915  92.06     0.735699        5.111     0.164067    33.986667     0.613333   1   1     0.452466 
