#scene........................: /home/eldamian/nbvEverardo/models/studying_room.wrl
#triangles....................: 107322
#Total triangles' area........: 170.448196 (m2)
#sensor aperture..............: 135.000000 x 70.000000 (deg)
#range image size.............: 350 x 80
#sensor blind distances.......: 0.500000 .. 30.000000 (m)
#sensor blind angle...........: 80.000000
#sensor Gaussian noise std dev: 0.012000 (m)
#views number.................: 100 
#optimization method..........: Evolution Strategy
#robust optimization..........: ON
#view iterations fitness vxl_occupied(m2) occplane(m2) vxl_quality tri_imaged(m2) tri_imaged(%) tri_quality travelled(m) energy total_time single_time backstep change delta_f_accum
  0   0  -0.000000       16.628        4.838     0.635252       10.896   6.39     0.627871        0.000     0.000000     0.000000     0.000000   0   0     0.000000 
  1 308   0.640074       26.033        5.220     0.621800       18.741  10.99     0.612062        0.000     0.077427     0.186667     0.186667   0   0     0.000000 
  2 308   0.630752       42.728       24.615     0.678270       23.472  13.77     0.665242        0.000     0.187351     0.453333     0.266667   0   0     0.000000 
  3 308   0.631051       54.293       34.358     0.690208       29.268  17.17     0.685591        0.000     0.166667     0.773333     0.320000   0   0     0.000000 
  4 308   0.598785       83.475       50.040     0.649959       39.521  23.19     0.676262        0.000     0.276591     1.133333     0.360000   0   0     0.000000 
  5 308   0.584294       98.730       62.933     0.645241       46.069  27.03     0.684623        0.000     0.077427     1.493333     0.360000   0   0     0.000000 
  6 308   0.591092      103.613       61.988     0.651737       52.750  30.95     0.679367        0.000     0.166667     1.893333     0.400000   0   0     0.000000 
  7 308   0.565540      144.383       90.338     0.648706       69.459  40.75     0.683092        0.000     0.255907     2.306667     0.413333   0   0     0.000000 
  8 308   0.619685      143.933      102.240     0.651852       76.352  44.79     0.684727        0.000     0.077427     2.800000     0.493333   0   0     0.000000 
  9 308   0.621253      143.078      109.373     0.663316       79.243  46.49     0.691031        0.000     0.109925     3.373333     0.573333   0   0     0.000000 
 10 308   0.584562      143.415      121.253     0.672550       81.770  47.97     0.693573        0.000     0.500000     3.880000     0.506667   0   0     0.000000 
 11 308   0.531424      143.190      125.190     0.676049       81.876  48.04     0.693664        0.000     0.145982     4.360000     0.480000   0   0     0.000000 
 12 308   0.516077      143.033      131.130     0.678444       81.910  48.06     0.693715        0.000     0.333333     4.840000     0.480000   0   0     0.000000 
 13 308   0.470399      145.463      132.638     0.675137       88.551  51.95     0.683255        0.000     0.500000     5.400000     0.560000   0   0     0.000000 
 14 308   0.452666      145.418      132.638     0.675291       88.551  51.95     0.683255        0.000     0.244093     5.973333     0.573333   0   0     0.000000 
 15 308   0.441142      145.553      134.865     0.675809       89.035  52.24     0.682903        0.000     0.166667     6.560000     0.586667   0   0     0.000000 
 16 308   0.446885      146.115      134.843     0.677098       91.510  53.69     0.680823        0.000     0.166667     7.066667     0.506667   0   0     0.000000 
 17 308   0.419894      145.845      134.910     0.676627       93.372  54.78     0.676247        0.000     0.145982     7.560000     0.493333   0   0     0.000000 
 18 308   0.416684      145.058      135.068     0.675976       96.110  56.39     0.673335        0.000     0.166667     8.093333     0.533333   0   0     0.000000 
 19 308   0.395085      144.383      134.123     0.676750       99.336  58.28     0.668168        0.000     0.166667     8.653333     0.560000   0   0     0.000000 
 20 308   0.366835      143.730      134.550     0.676690      101.328  59.45     0.664718        0.000     0.500000     9.240000     0.586667   0   0     0.000000 
 21 308   0.764791      143.618      137.543     0.677846      101.328  59.45     0.664718        0.000     0.630609     9.786667     0.546667   0   0     0.000000 
 22 308   0.548964      144.675      129.893     0.679498      101.739  59.69     0.668880        3.345     0.161138    10.120000     0.333333   0   0    -0.023708 
 23 308   0.582841      144.563      129.938     0.679558      101.739  59.69     0.668880        3.345     0.161138    10.213333     0.093333   1   0    -0.023708 
 24 308   0.862596      144.495      129.915     0.679916      101.739  59.69     0.668880        0.000     0.000000    10.760000     0.546667   0   0    -0.023708 
 25 308   0.800520      143.888      129.825     0.680291      101.739  59.69     0.668880        0.000     0.109925    11.293333     0.533333   0   0    -0.023708 
 26 308   0.709411      143.775      132.030     0.681104      101.739  59.69     0.668880        0.000     0.276591    11.880000     0.586667   0   0    -0.023708 
 27 308   0.476809      148.658      132.188     0.684143      104.663  61.40     0.675273        5.359     0.406517    12.613333     0.733333   0   0    -0.015439 
 28 308   0.596150      149.333      131.018     0.690956      106.862  62.69     0.676804        0.664     0.355388    12.826667     0.213333   0   0    -0.015439 
 29 308   0.438634      149.288      131.018     0.691173      106.862  62.69     0.676804        5.309     0.151981    12.880000     0.053333   1   0    -0.015439 
 30 308   0.675831      149.220      132.188     0.691679      106.862  62.69     0.676804        0.000     0.609924    13.493333     0.613333   0   0    -0.015439 
 31 308   0.652315      149.423      133.493     0.691778      106.862  62.69     0.676804        0.000     0.166667    14.080000     0.586667   0   0    -0.015439 
 32 308   0.621623      149.265      133.470     0.692969      106.862  62.69     0.676804        0.000     0.443258    14.666667     0.586667   0   0    -0.015439 
 33 308   0.545147      150.345      130.208     0.696840      108.706  63.78     0.680594        5.086     0.152389    15.173333     0.506667   0   0    -0.044145 
 34 308   0.568023      150.323      130.140     0.696865      108.706  63.78     0.680594        5.086     0.152389    15.466667     0.293333   1   0    -0.044145 
 35 308   0.659584      150.143      130.140     0.697113      108.706  63.78     0.680594        0.000     0.000000    16.053333     0.586667   0   0    -0.044145 
 36 308   0.639736      150.233      130.140     0.697713      108.706  63.78     0.680594        0.000     0.609924    16.546667     0.493333   0   0    -0.044145 
 37 308   0.627452      150.233      130.140     0.698183      108.706  63.78     0.680594        0.000     0.166667    17.066667     0.520000   0   0    -0.044145 
 38 308   0.613272      150.143      130.185     0.698757      108.706  63.78     0.680594        0.000     0.333333    17.680000     0.613333   0   0    -0.044145 
 39 308   0.485752      156.465      145.485     0.696503      113.680  66.69     0.677593        5.873     0.610665    17.786667     0.106667   0   0    -0.025227 
 40 308   0.574443      157.140      144.653     0.696478      113.680  66.69     0.677593        5.873     0.131349    18.000000     0.213333   1   0    -0.025227 
 41 308   0.596356      163.013      130.680     0.742259      116.380  68.28     0.704976        3.095     0.311229    18.346667     0.346667   0   0    -0.027472 
 42 308   0.650327      163.103      130.680     0.742374      116.380  68.28     0.704976        3.095     0.165247    18.480000     0.133333   1   0    -0.027472 
 43 308   0.518039      164.048      128.970     0.743259      117.778  69.10     0.705748        5.551     0.311645    19.453333     0.973333   0   0    -0.033926 
 44 308   0.571542      164.385      128.588     0.743372      117.778  69.10     0.705748        5.551     0.165662    20.093333     0.640000   1   0    -0.033926 
 45 308   0.683109      164.498      128.565     0.744284      117.778  69.10     0.705748        0.000     0.145982    20.746667     0.653333   0   0    -0.033926 
 46 308   0.467092      168.795      122.580     0.742974      121.902  71.52     0.703351        4.948     0.273182    21.226667     0.480000   0   0    -0.032642 
 47 308   0.489104      177.525      115.290     0.754058      125.607  73.69     0.712288        1.301     0.105490    22.253333     1.026667   0   0    -0.029901 
 48 308   0.472090      177.413      115.223     0.754186      125.607  73.69     0.712288        6.248     0.135194    22.613333     0.360000   1   0    -0.029901 
 49 308   0.564755      178.178      112.275     0.755305      126.161  74.02     0.713990        5.472     0.342927    23.600000     0.986667   0   0    -0.023820 
 50 308   0.657658      178.065      112.253     0.755358      126.161  74.02     0.713990        5.472     0.155576    24.040000     0.440000   1   0    -0.023820 
 51 308   0.694973      178.065      112.208     0.755459      126.161  74.02     0.713990        0.000     0.000000    24.626667     0.586667   0   0    -0.023820 
 52 308   0.625585      177.998      112.185     0.755846      126.161  74.02     0.713990        0.000     0.500000    25.306667     0.680000   0   0    -0.023820 
 53 308   0.683364      177.818      112.185     0.756019      126.161  74.02     0.713990        0.000     0.109925    25.906667     0.600000   0   0    -0.023820 
 54 308   0.364346      177.593      112.185     0.759380      126.270  74.08     0.717429        2.813     0.495164    26.080000     0.173333   0   0    -0.023820 
 55 308   0.606931      178.583      111.060     0.764497      128.022  75.11     0.719579        5.600     0.316749    26.200000     0.120000   0   0    -0.028609 
 56 308   0.536580      183.083      107.978     0.773921      133.492  78.32     0.727742        8.962     0.329000    28.160000     1.960000   0   0    -0.040843 
 57 308   0.633136      183.375      107.010     0.775936      134.374  78.84     0.728605        0.619     0.154680    28.640000     0.480000   0   0    -0.020492 
 58 308   0.648700      183.375      106.988     0.776405      134.746  79.05     0.728734        0.096     0.016011    29.813333     1.173333   0   0    -0.021537 
 59 308   0.652294      183.443      107.055     0.777499      136.210  79.91     0.726752        8.628     0.007016    30.560000     0.746667   1   0    -0.021537 
 60 308   0.599131      183.623      108.225     0.777819      136.229  79.92     0.727339        5.600     0.004100    30.666667     0.106667   1   0    -0.021537 
 61 308   0.610277      183.533      108.225     0.778000      136.231  79.93     0.727704        0.256     0.003950    30.893333     0.226667   0   0    -0.021256 
 62 308   0.615829      183.533      108.225     0.778050      136.231  79.93     0.727704        0.000     0.000000    31.160000     0.266667   0   1    -0.021256 
 63 308   0.347823      182.903      108.135     0.778563      136.266  79.95     0.730318        0.740     0.003974    31.706667     0.546667   0   1     0.004514 
 64 308   0.351716      183.623      109.530     0.778701      136.266  79.95     0.730318        5.799     0.004124    32.000000     0.293333   1   1     0.006940 
 65 308   0.333709      185.895      111.038     0.778895      136.266  79.95     0.730318        8.628     0.007016    32.200000     0.200000   1   1     0.038667 
 66 308   0.435493      186.120      110.610     0.779997      136.463  80.06     0.730999        1.093     0.001145    33.653333     1.453333   0   1     0.073874 
 67 308   0.446880      186.143      110.610     0.780319      136.585  80.13     0.731211        0.498     0.004496    34.560000     0.906667   0   1     0.088488 
 68 308   0.474003      186.143      110.610     0.780398      136.638  80.16     0.731274        0.206     0.020955    35.653333     1.093333   0   1     0.107883 
 69 308   0.472573      186.188      110.610     0.780448      136.638  80.16     0.731274        8.756     0.022331    36.626667     0.973333   1   1     0.114764 
 70 308   0.347880      186.188      110.565     0.780516      136.638  80.16     0.731274        5.600     0.004100    36.773333     0.146667   1   1     0.097234 
 71 308   0.354280      186.165      110.385     0.781369      136.737  80.22     0.732245        4.635     0.001876    37.800000     1.026667   0   1     0.109155 
 72 308   0.426625      186.165      110.385     0.781680      136.756  80.23     0.732543        0.105     0.026857    39.080000     1.280000   0   1     0.109394 
 73 308   0.468224      186.165      110.340     0.781752      136.773  80.24     0.732587        0.518     0.024647    40.520000     1.440000   0   1     0.119830 
 74 308   0.462256      186.165      110.340     0.781791      136.773  80.24     0.732587        4.080     0.004086    42.426667     1.906667   1   1     0.119830 
 75 308   0.487638      185.198      110.093     0.783069      136.788  80.25     0.734897        1.724     0.011101    42.693333     0.266667   0   1     0.119830 
 76 308   0.503189      185.400      109.710     0.783351      137.020  80.39     0.735136        7.573     0.004846    43.520000     0.826667   1   1     0.124076 
 77 308   0.473677      184.703      109.418     0.784436      137.537  80.69     0.737775        0.390     0.346691    44.186667     0.666667   0   1     0.117830 
 78 308   0.500446      184.748      109.373     0.784466      137.537  80.69     0.737775        5.445     0.142218    44.573333     0.386667   1   1     0.117830 
 79 308   0.525083      184.748      109.373     0.784578      137.537  80.69     0.737775        0.000     0.000000    45.213333     0.640000   0   1     0.117830 
 80 308   0.494466      184.748      109.373     0.784709      137.537  80.69     0.737775        0.000     0.333333    45.746667     0.533333   0   1     0.117830 
 81 308   0.443936      187.718      106.808     0.785219      141.349  82.93     0.736818        5.054     0.494650    46.213333     0.466667   0   1     0.142196 
 82 308   0.051686      187.650      106.808     0.786170      141.889  83.24     0.739223        0.798     0.369133    46.586667     0.373333   0   1     0.149107 
 83 308   0.054743      187.650      106.808     0.786376      142.094  83.36     0.739798        0.456     0.015901    46.973333     0.386667   0   1     0.157322 
 84 308   0.316101      187.650      106.538     0.787832      142.540  83.63     0.741341       10.525     0.015210    48.466667     1.493333   0   1     0.163817 
 85 308   0.389022      187.650      106.538     0.787853      142.540  83.63     0.741341       10.525     0.015210    49.173333     0.706667   1   1     0.173727 
 86 308   0.079683      187.650      106.538     0.788634      142.697  83.72     0.743718        1.135     0.000865    50.080000     0.906667   0   1     0.171361 
 87 308   0.086108      187.650      106.583     0.788687      142.697  83.72     0.743718        5.053     0.161238    50.453333     0.373333   1   1     0.171361 
 88 308   0.073382      187.560      105.098     0.795957      145.253  85.22     0.745434        3.231     0.627255    50.533333     0.080000   0   1     0.171361 
 89 308   0.199903      188.685      105.098     0.797336      145.300  85.25     0.747868        4.817     0.297353    51.266667     0.733333   0   1     0.190512 
 90 308   0.219436      188.843      105.008     0.797795      145.512  85.37     0.749287        4.817     0.000078    51.760000     0.493333   1   1     0.190440 
 91 308   0.141672      189.045      104.850     0.797934      145.512  85.37     0.749287        3.231     0.163313    51.800000     0.040000   1   1     0.190440 
 92 308   0.404545      191.745      106.245     0.798222      145.527  85.38     0.749506        5.973     0.277895    52.920000     1.120000   0   1     0.219133 
 93 308   0.470237      191.745      106.245     0.798294      145.527  85.38     0.749506        5.973     0.131913    54.106667     1.186667   1   1     0.219133 
 94 308   0.516308      191.745      106.245     0.798786      145.527  85.38     0.749506        0.000     0.145982    54.746667     0.640000   0   1     0.219133 
 95 308   0.131378      191.835      106.155     0.799052      145.685  85.47     0.749693        5.069     0.260053    55.373333     0.626667   0   1     0.233447 
 96 308   0.155351      191.633      106.155     0.799335      146.055  85.69     0.748924        0.452     0.013254    56.466667     1.093333   0   1     0.223359 
 97 308   0.172555      191.655      106.088     0.799733      146.182  85.76     0.749091        0.600     0.014440    57.906667     1.440000   0   1     0.223718 
 98 308   0.177466      191.565      106.088     0.799938      146.182  85.76     0.749091        4.788     0.148943    58.546667     0.640000   1   1     0.223718 
 99 308   0.041706      191.655      105.998     0.800975      146.446  85.92     0.751204        3.459     0.330081    58.626667     0.080000   0   1     0.223718 
100 308   0.378175      191.678      105.795     0.801338      146.446  85.92     0.751286        4.024     0.193096    60.200000     1.573333   0   1     0.221810 
