#scene........................: /home/eldamian/nbvEverardo/models/studying_room.wrl
#triangles....................: 107322
#Total triangles' area........: 170.448196 (m2)
#sensor aperture..............: 135.000000 x 70.000000 (deg)
#range image size.............: 350 x 80
#sensor blind distances.......: 0.500000 .. 30.000000 (m)
#sensor blind angle...........: 80.000000
#sensor Gaussian noise std dev: 0.012000 (m)
#views number.................: 100 
#optimization method..........: Evolution Strategy
#robust optimization..........: ON
#view iterations fitness vxl_occupied(m2) occplane(m2) vxl_quality tri_imaged(m2) tri_imaged(%) tri_quality travelled(m) energy total_time single_time backstep change delta_f_accum
  0   0  -0.000000       16.628        4.838     0.635252       10.896   6.39     0.627871        0.000     0.000000     0.000000     0.000000   0   0     0.000000 
  1 308   0.640074       26.033        5.220     0.621800       18.741  10.99     0.612062        0.000     0.077427     0.240000     0.240000   0   0     0.000000 
  2 308   0.630752       42.728       24.615     0.678270       23.472  13.77     0.665242        0.000     0.187351     0.493333     0.253333   0   0     0.000000 
  3 308   0.631051       54.293       34.358     0.690208       29.268  17.17     0.685591        0.000     0.166667     0.840000     0.346667   0   0     0.000000 
  4 308   0.598785       83.475       50.040     0.649959       39.521  23.19     0.676262        0.000     0.276591     1.226667     0.386667   0   0     0.000000 
  5 308   0.584294       98.730       62.933     0.645241       46.069  27.03     0.684623        0.000     0.077427     1.613333     0.386667   0   0     0.000000 
  6 308   0.591092      103.613       61.988     0.651737       52.750  30.95     0.679367        0.000     0.166667     2.053333     0.440000   0   0     0.000000 
  7 308   0.565540      144.383       90.338     0.648706       69.459  40.75     0.683092        0.000     0.255907     2.453333     0.400000   0   0     0.000000 
  8 308   0.619685      143.933      102.240     0.651852       76.352  44.79     0.684727        0.000     0.077427     3.000000     0.546667   0   0     0.000000 
  9 308   0.621253      143.078      109.373     0.663316       79.243  46.49     0.691031        0.000     0.109925     3.586667     0.586667   0   0     0.000000 
 10 308   0.584562      143.415      121.253     0.672550       81.770  47.97     0.693573        0.000     0.500000     4.053333     0.466667   0   0     0.000000 
 11 308   0.531424      143.190      125.190     0.676049       81.876  48.04     0.693664        0.000     0.145982     4.586667     0.533333   0   0     0.000000 
 12 308   0.516077      143.033      131.130     0.678444       81.910  48.06     0.693715        0.000     0.333333     5.146667     0.560000   0   0     0.000000 
 13 308   0.470399      145.463      132.638     0.675137       88.551  51.95     0.683255        0.000     0.500000     5.706667     0.560000   0   0     0.000000 
 14 308   0.452666      145.418      132.638     0.675291       88.551  51.95     0.683255        0.000     0.244093     6.240000     0.533333   0   0     0.000000 
 15 308   0.441142      145.553      134.865     0.675809       89.035  52.24     0.682903        0.000     0.166667     6.813333     0.573333   0   0     0.000000 
 16 308   0.446885      146.115      134.843     0.677098       91.510  53.69     0.680823        0.000     0.166667     7.320000     0.506667   0   0     0.000000 
 17 308   0.419894      145.845      134.910     0.676627       93.372  54.78     0.676247        0.000     0.145982     7.920000     0.600000   0   0     0.000000 
 18 308   0.416684      145.058      135.068     0.675976       96.110  56.39     0.673335        0.000     0.166667     8.440000     0.520000   0   0     0.000000 
 19 308   0.395085      144.383      134.123     0.676750       99.336  58.28     0.668168        0.000     0.166667     8.960000     0.520000   0   0     0.000000 
 20 308   0.366835      143.730      134.550     0.676690      101.328  59.45     0.664718        0.000     0.500000     9.573333     0.613333   0   0     0.000000 
 21 308   0.764791      143.618      137.543     0.677846      101.328  59.45     0.664718        0.000     0.630609    10.120000     0.546667   0   0     0.000000 
 22 308   0.546593      144.675      129.893     0.679498      101.739  59.69     0.668880        3.345     0.161138    10.453333     0.333333   0   0    -0.023708 
 23 308   0.582841      144.563      129.938     0.679558      101.739  59.69     0.668880        3.345     0.161138    10.573333     0.120000   1   0    -0.023708 
 24 308   0.862596      144.495      129.915     0.679916      101.739  59.69     0.668880        0.000     0.000000    11.120000     0.546667   0   0    -0.023708 
 25 308   0.800520      143.888      129.825     0.680291      101.739  59.69     0.668880        0.000     0.109925    11.666667     0.546667   0   0    -0.023708 
 26 308   0.709411      143.775      132.030     0.681104      101.739  59.69     0.668880        0.000     0.276591    12.080000     0.413333   0   0    -0.023708 
 27 308   0.477617      148.658      132.188     0.684143      104.663  61.40     0.675273        5.359     0.406517    12.800000     0.720000   0   0    -0.015439 
 28 308   0.596150      149.333      131.018     0.690956      106.862  62.69     0.676804        0.664     0.355388    13.040000     0.240000   0   0    -0.015439 
 29 308   0.436127      149.288      131.018     0.691173      106.862  62.69     0.676804        5.309     0.151981    13.093333     0.053333   1   0    -0.015439 
 30 308   0.675831      149.220      132.188     0.691679      106.862  62.69     0.676804        0.000     0.609924    13.533333     0.440000   0   0    -0.015439 
 31 308   0.652315      149.423      133.493     0.691778      106.862  62.69     0.676804        0.000     0.166667    13.973333     0.440000   0   0    -0.015439 
 32 308   0.621623      149.265      133.470     0.692969      106.862  62.69     0.676804        0.000     0.443258    14.466667     0.493333   0   0    -0.015439 
 33 308   0.543967      150.345      130.208     0.696840      108.706  63.78     0.680594        5.086     0.152389    14.866667     0.400000   0   0    -0.044145 
 34 308   0.564267      150.323      130.140     0.696865      108.706  63.78     0.680594        5.086     0.152389    15.133333     0.266667   1   0    -0.044145 
 35 308   0.659584      150.143      130.140     0.697113      108.706  63.78     0.680594        0.000     0.000000    15.746667     0.613333   0   0    -0.044145 
 36 308   0.639736      150.233      130.140     0.697713      108.706  63.78     0.680594        0.000     0.609924    16.346667     0.600000   0   0    -0.044145 
 37 308   0.627452      150.233      130.140     0.698183      108.706  63.78     0.680594        0.000     0.166667    16.880000     0.533333   0   0    -0.044145 
 38 308   0.613272      150.143      130.185     0.698757      108.706  63.78     0.680594        0.000     0.333333    17.440000     0.560000   0   0    -0.044145 
 39 308   0.487390      156.465      145.485     0.696503      113.680  66.69     0.677593        5.873     0.610665    17.653333     0.213333   0   0    -0.025227 
 40 308   0.572627      157.140      144.653     0.696478      113.680  66.69     0.677593        5.873     0.131349    17.826667     0.173333   1   0    -0.025227 
 41 308   0.596281      163.013      130.680     0.742259      116.380  68.28     0.704976        3.095     0.311229    18.186667     0.360000   0   0    -0.027472 
 42 308   0.650327      163.103      130.680     0.742374      116.380  68.28     0.704976        3.095     0.165247    18.306667     0.120000   1   0    -0.027472 
 43 308   0.516956      164.048      128.970     0.743259      117.778  69.10     0.705748        5.551     0.311645    19.253333     0.946667   0   0    -0.033926 
 44 308   0.574464      164.385      128.588     0.743372      117.778  69.10     0.705748        5.551     0.165662    20.000000     0.746667   1   0    -0.033926 
 45 308   0.683109      164.498      128.565     0.744284      117.778  69.10     0.705748        0.000     0.145982    20.546667     0.546667   0   0    -0.033926 
 46 308   0.467554      168.795      122.580     0.742974      121.902  71.52     0.703351        4.948     0.273182    20.986667     0.440000   0   0    -0.032642 
 47 308   0.488762      177.525      115.290     0.754058      125.607  73.69     0.712288        1.301     0.105490    21.853333     0.866667   0   0    -0.029901 
 48 308   0.472811      177.413      115.223     0.754186      125.607  73.69     0.712288        6.248     0.135194    22.213333     0.360000   1   0    -0.029901 
 49 308   0.566695      178.178      112.275     0.755305      126.161  74.02     0.713990        5.472     0.342927    23.080000     0.866667   0   0    -0.023820 
 50 308   0.657981      178.065      112.253     0.755358      126.161  74.02     0.713990        5.472     0.155576    23.520000     0.440000   1   0    -0.023820 
 51 308   0.694973      178.065      112.208     0.755459      126.161  74.02     0.713990        0.000     0.000000    24.053333     0.533333   0   0    -0.023820 
 52 308   0.625585      177.998      112.185     0.755846      126.161  74.02     0.713990        0.000     0.500000    24.746667     0.693333   0   0    -0.023820 
 53 308   0.683364      177.818      112.185     0.756019      126.161  74.02     0.713990        0.000     0.109925    25.293333     0.546667   0   0    -0.023820 
 54 308   0.364346      177.593      112.185     0.759380      126.270  74.08     0.717429        2.813     0.495164    25.453333     0.160000   0   0    -0.023820 
 55 308   0.606931      178.583      111.060     0.764497      128.022  75.11     0.719579        5.600     0.316749    25.560000     0.106667   0   0    -0.028609 
 56 308   0.535650      183.083      107.978     0.773921      133.492  78.32     0.727742        8.962     0.329000    27.346667     1.786667   0   0    -0.040843 
 57 308   0.633217      183.375      107.010     0.775936      134.374  78.84     0.728605        0.619     0.154680    27.840000     0.493333   0   0    -0.020492 
 58 308   0.643431      183.465      107.010     0.777045      135.837  79.69     0.726618        8.609     0.023027    28.693333     0.853333   1   0    -0.020537 
 59 308   0.601151      183.645      108.180     0.777333      135.856  79.71     0.727207        5.600     0.004100    28.933333     0.240000   1   0    -0.015912 
 60 308   0.610054      183.465      108.090     0.777393      135.856  79.71     0.727207        0.000     0.000000    29.066667     0.133333   0   1    -0.015912 
 61 308   0.312040      183.465      108.090     0.777516      135.858  79.71     0.727573        0.256     0.003950    29.346667     0.280000   0   1    -0.015769 
 62 308   0.312452      184.163      109.463     0.777531      135.858  79.71     0.727573        5.400     0.000150    29.613333     0.266667   1   1    -0.007393 
 63 308   0.339449      186.368      111.038     0.777915      135.858  79.71     0.727573        8.609     0.023027    29.853333     0.240000   1   1     0.057717 
 64 308   0.472401      186.390      110.745     0.778736      136.296  79.96     0.727802        0.807     0.003146    30.866667     1.013333   0   1     0.095782 
 65 308   0.476939      186.435      110.790     0.778796      136.296  79.96     0.727802        8.729     0.019881    32.760000     1.893333   1   1     0.101339 
 66 308   0.444383      186.300      110.520     0.780164      136.682  80.19     0.731885        2.625     0.370484    33.360000     0.600000   0   1     0.093428 
 67 308   0.499775      186.210      110.520     0.780442      136.893  80.31     0.732603        0.205     0.011867    34.440000     1.080000   0   1     0.100754 
 68 308   0.505369      187.403      113.378     0.780902      137.061  80.41     0.733202        7.624     0.021184    34.920000     0.480000   1   1     0.100754 
 69 308   0.430097      187.155      112.860     0.781804      137.435  80.63     0.734370        8.252     0.008547    35.560000     0.640000   0   1     0.101359 
 70 308   0.498248      186.975      112.860     0.781779      137.435  80.63     0.734370        8.252     0.008547    35.786667     0.226667   1   1     0.089289 
 71 308   0.385847      188.370      112.748     0.783300      137.646  80.76     0.735705        4.755     0.344655    36.733333     0.946667   0   1     0.093231 
 72 308   0.435004      188.528      112.725     0.784056      137.714  80.80     0.736237        0.706     0.000771    38.413333     1.680000   0   1     0.117689 
 73 308   0.456691      188.618      112.680     0.784265      137.736  80.81     0.736344        0.410     0.022940    39.680000     1.266667   0   1     0.142570 
 74 308   0.471570      188.640      112.658     0.784434      137.767  80.83     0.736408        0.207     0.012520    41.066667     1.386667   0   1     0.155016 
 75 308   0.471564      188.640      112.613     0.784512      137.767  80.83     0.736408        3.925     0.020971    42.506667     1.440000   1   1     0.154698 
 76 308   0.284524      188.775      112.433     0.784552      137.908  80.91     0.736622        8.268     0.006255    42.986667     0.480000   1   1     0.158884 
 77 308   0.465953      188.708      112.410     0.784880      138.070  81.00     0.737309        0.390     0.346691    43.426667     0.440000   0   1     0.153802 
 78 308   0.490987      188.753      112.320     0.784996      138.070  81.00     0.737309        5.445     0.142218    43.760000     0.333333   1   1     0.153802 
 79 308   0.526457      188.753      112.320     0.785053      138.070  81.00     0.737309        0.000     0.000000    44.293333     0.533333   0   1     0.153802 
 80 308   0.491757      188.753      112.320     0.785112      138.070  81.00     0.737309        0.000     0.333333    44.866667     0.573333   0   1     0.153802 
 81 308   0.416961      188.753      112.275     0.785221      138.132  81.04     0.737824        4.805     0.471599    45.573333     0.706667   0   1     0.180763 
 82 308   0.494592      188.753      112.275     0.785238      138.132  81.04     0.737824        4.805     0.138266    46.306667     0.733333   1   1     0.180763 
 83 308   0.527318      188.753      112.275     0.785291      138.132  81.04     0.737824        0.000     0.000000    46.906667     0.600000   0   1     0.180763 
 84 308   0.362161      188.955      112.230     0.785762      138.286  81.13     0.738082        5.180     0.496610    47.746667     0.840000   0   1     0.166678 
 85 308   0.472155      188.978      112.118     0.785787      138.289  81.13     0.738135        0.520     0.022863    49.173333     1.426667   0   1     0.185714 
 86 308   0.474668      189.225      112.275     0.785753      138.289  81.13     0.738135        5.536     0.140413    49.813333     0.640000   1   1     0.185714 
 87 308   0.514746      189.225      112.275     0.786171      138.289  81.13     0.738135        0.000     0.145982    50.440000     0.626667   0   1     0.185714 
 88 308   0.217465      189.563      112.613     0.787757      139.081  81.60     0.742857        5.746     0.146907    51.546667     1.106667   0   1     0.188867 
 89 308   0.438458      189.563      112.613     0.787995      139.083  81.60     0.742880        0.067     0.160918    53.373333     1.826667   0   1     0.204615 
 90 308   0.461093      189.563      112.613     0.788037      139.087  81.60     0.742912        0.716     0.024602    54.293333     0.920000   0   1     0.213362 
 91 308   0.467285      189.788      112.748     0.788051      139.087  81.60     0.742912        5.790     0.137241    55.560000     1.266667   1   1     0.213362 
 92 308   0.515002      189.788      112.748     0.788325      139.087  81.60     0.742912        0.000     0.145982    56.173333     0.613333   0   1     0.213362 
 93 308   0.082745      189.810      112.253     0.791405      139.334  81.75     0.747827        2.679     0.276381    56.360000     0.186667   0   1     0.213362 
 94 308   0.240839      189.698      112.208     0.791885      139.414  81.79     0.749468        0.402     0.137935    56.773333     0.413333   0   1     0.187896 
 95 308   0.270887      189.720      112.163     0.792108      139.529  81.86     0.750576        0.162     0.027368    57.373333     0.600000   0   1     0.189978 
 96 308   0.272779      189.720      112.163     0.792308      139.610  81.91     0.750896        8.532     0.030620    57.586667     0.213333   1   1     0.189895 
 97 308   0.108369      189.878      112.095     0.792678      139.845  82.05     0.750728        3.208     0.135865    58.160000     0.573333   0   1     0.175700 
 98 308   0.175294      189.653      112.095     0.793959      140.499  82.43     0.749981        0.971     0.031357    58.706667     0.546667   0   1     0.201141 
 99 308   0.182707      189.653      112.095     0.793986      140.577  82.47     0.750165        3.724     0.005416    59.653333     0.946667   1   1     0.199516 
100 308   0.090599      189.495      112.028     0.794733      140.657  82.52     0.750968        1.720     0.138735    60.080000     0.426667   0   1     0.204523 
