#scene........................: /home/eldamian/nbvEverardo/models/laboratory.wrl
#triangles....................: 361767
#Total triangles' area........: 443.205414 (m2)
#sensor aperture..............: 135.000000 x 70.000000 (deg)
#range image size.............: 350 x 80
#sensor blind distances.......: 0.500000 .. 30.000000 (m)
#sensor blind angle...........: 80.000000
#sensor Gaussian noise std dev: 0.012000 (m)
#views number.................: 100 
#optimization method..........: Simulated Annealing
#robust optimization..........: ON
#view iterations fitness vxl_occupied(m2) occplane(m2) vxl_quality tri_imaged(m2) tri_imaged(%) tri_quality travelled(m) energy total_time single_time backstep change delta_f_accum
  0   0  -0.000000       18.338        0.000     0.641809       15.030   3.39     0.643016        0.000     0.000000     0.000000     0.000000   0   0     0.000000 
  1 300   0.644313       27.473        0.000     0.628786       22.845   5.15     0.633184        0.000     0.077427     0.240000     0.240000   0   0     0.000000 
  2 300   0.618759       80.010       29.993     0.567034       32.130   7.25     0.621199        0.000     0.109925     0.560000     0.320000   0   0     0.000000 
  3 300   0.582964      122.288       23.378     0.662743       57.092  12.88     0.696599        6.293     0.244197     1.053333     0.493333   0   0     0.068533 
  4 300   0.691550      126.788       21.128     0.666835       64.388  14.53     0.684644        1.781     0.209019     8.520000     7.466667   0   0     0.163372 
  5 300   0.772423      135.698       17.685     0.666029       72.292  16.31     0.679575        3.619     0.251018    13.800000     5.280000   0   0     0.262040 
  6 300   0.617659      142.515       14.198     0.679325       80.235  18.10     0.682655        1.727     0.280537    19.426667     5.626667   0   0     0.158246 
  7 300   0.614247      205.515       64.440     0.671536       98.588  22.24     0.691038        0.828     0.202220    27.293333     7.866667   0   0    -0.200008 
  8 300   0.656640      218.430       72.585     0.678996      110.221  24.87     0.697396        0.146     0.339706    38.853333    11.560000   0   0    -0.226675 
  9 300   0.642192      234.788       64.148     0.673802      121.348  27.38     0.696505        1.938     0.122928    49.893333    11.040000   0   0    -0.379801 
 10 300   0.599843      245.925       69.908     0.685542      131.225  29.61     0.709888        0.378     0.306024    65.253333    15.360000   0   0    -0.374703 
 11 300   0.541598      244.710       69.795     0.691592      135.249  30.52     0.705158        0.681     0.553804    81.760000    16.506667   0   0    -0.320794 
 12 300   0.558487      277.178      251.190     0.683668      149.393  33.71     0.695567        3.352     0.441592   104.453333    22.693333   0   0    -0.125021 
 13 300   0.541565      287.280      312.233     0.695160      158.980  35.87     0.697849        4.263     0.180965   124.400000    19.946667   0   0     0.027939 
 14 300   0.404037      290.453      305.888     0.698591      163.598  36.91     0.700599        4.263     0.014298   143.666667    19.266667   1   0     0.041109 
 15 300   0.544408      291.578      324.990     0.701592      168.183  37.95     0.697491        1.870     0.377993   160.226667    16.560000   0   0     0.078269 
 16 300   0.411601      321.120      148.433     0.703743      181.196  40.88     0.702425        5.661     0.150756   180.053333    19.826667   0   0     0.153888 
 17 300   0.553176      322.695      146.543     0.710743      183.896  41.49     0.703597        4.551     0.212075   202.773333    22.720000   0   0     0.227803 
 18 300   0.419023      321.998      147.150     0.714889      189.681  42.80     0.703644        4.551     0.024724   225.360000    22.586667   1   0     0.260096 
 19 300   0.394202      321.998      147.150     0.717971      191.424  43.19     0.704020        0.697     0.277564   244.253333    18.893333   0   0     0.303027 
 20 300   0.417178      321.998      147.150     0.719138      192.439  43.42     0.703494        6.101     0.001511   264.906667    20.653333   1   0     0.318439 
 21 300   0.420884      323.010      145.620     0.720360      197.436  44.55     0.701689        5.242     0.257407   281.946667    17.040000   0   0     0.352565 
 22 300   0.406232      323.010      145.620     0.721180      198.193  44.72     0.701921        5.242     0.001500   297.080000    15.133333   1   0     0.382560 
 23 300   0.420607      322.965      145.553     0.722838      200.213  45.17     0.703093        4.717     0.004957   317.546667    20.466667   1   0     0.429986 
 24 300   0.396541      323.010      144.743     0.724248      203.032  45.81     0.704660        0.371     0.173572   334.106667    16.560000   0   0     0.443722 
 25 300   0.409086      325.710      138.713     0.731089      208.461  47.03     0.715806        1.558     0.449233   356.946667    22.840000   0   0     0.455595 
 26 300   0.444287      326.003      136.170     0.742703      215.024  48.52     0.719054        7.143     0.136866   378.106667    21.160000   1   0     0.480049 
 27 300   0.387291      326.003      136.170     0.743539      216.942  48.95     0.721409        7.240     0.080644   397.746667    19.640000   0   0     0.524290 
 28 300   0.445066      325.913      136.170     0.744580      217.553  49.09     0.723649        0.256     0.085421   417.506667    19.760000   0   0     0.531486 
 29 300   0.447290      326.160      136.148     0.744747      217.553  49.09     0.723649        7.013     0.166064   437.226667    19.720000   1   0     0.572231 
 30 300   0.604844      338.063      136.935     0.742491      225.996  50.99     0.720151        0.669     0.437709   446.293333     9.066667   0   0     0.715630 
 31 300   0.416164      359.168      131.333     0.729802      233.446  52.67     0.717417        0.386     0.327165   455.880000     9.586667   0   0     0.722448 
 32 300   0.657906      363.465      130.860     0.729150      238.190  53.74     0.715106        3.161     0.280882   457.320000     1.440000   0   0     0.654861 
 33 300   0.632039      378.293      122.693     0.721295      246.579  55.64     0.713293        1.222     0.153615   458.200000     0.880000   0   0     0.911390 
 34 300   0.648601      393.143      123.120     0.733316      266.910  60.22     0.716552        1.176     0.303113   461.106667     2.906667   0   0     0.942788 
 35 300   0.525150      420.210      123.840     0.723933      275.394  62.14     0.714400        1.194     0.335396   469.560000     8.453333   0   0     1.041957 
 36 300   0.639652      423.428      101.948     0.732692      285.834  64.49     0.716769        2.566     0.195216   471.800000     2.240000   0   0     1.104458 
 37 300   0.603880      433.103       89.033     0.730314      295.216  66.61     0.712444        2.150     0.189342   473.560000     1.760000   0   0     1.106963 
 38 300   0.615641      440.573       75.578     0.730459      302.513  68.26     0.711105        1.238     0.005778   487.746667    14.186667   0   0     1.091113 
 39 300   0.469711      445.433       60.593     0.732109      310.341  70.02     0.709748        2.836     0.082596   489.893333     2.146667   0   0     1.120524 
 40 300   0.665022      447.345       58.185     0.733748      313.595  70.76     0.709968        2.639     0.100475   492.280000     2.386667   0   0     1.115961 
 41 300   0.513937      448.943       54.900     0.737978      318.772  71.92     0.709061        2.225     0.444241   496.386667     4.106667   0   0     1.161179 
 42 300   0.438686      452.970       45.968     0.742403      324.874  73.30     0.712697        4.082     0.298005   499.240000     2.853333   0   0     1.249474 
 43 300   0.418799      456.323       37.305     0.746042      329.739  74.40     0.713061        4.082     0.000730   502.080000     2.840000   1   0     1.263828 
 44 300   0.407662      456.683       36.923     0.746841      331.442  74.78     0.713221        3.813     0.022065   504.466667     2.386667   1   0     1.280381 
 45 300   0.392021      457.650       36.450     0.753197      336.706  75.97     0.716511        4.443     0.030365   519.813333    15.346667   1   0     1.309391 
 46 300   0.406975      457.425       36.405     0.753461      336.706  75.97     0.716511        0.000     0.000000   522.333333     2.520000   0   1     1.353726 
 47 300   0.000541      458.933       35.393     0.757170      339.520  76.61     0.719596        1.755     0.532730   531.013333     8.680000   0   1     1.353561 
 48 300   0.010615      459.180       34.650     0.759676      340.962  76.93     0.721608        7.127     0.814363   545.960000    14.946667   0   1     1.359323 
 49 300   0.082395      459.518       33.728     0.760656      341.931  77.15     0.722275        5.817     0.657557   563.800000    17.840000   0   1     1.346815 
 50 300   0.005248      460.508       33.570     0.761532      343.588  77.52     0.722869        5.613     0.282392   573.986667    10.186667   0   1     1.339796 
 51 300   0.007647      460.688       32.625     0.765446      346.630  78.21     0.725748        3.780     0.434446   595.360000    21.373333   0   1     1.340417 
 52 300   0.004253      461.093       32.490     0.768222      348.151  78.55     0.729302        4.638     0.292006   615.266667    19.906667   0   1     1.339625 
 53 300   0.005465      461.070       32.468     0.768671      348.710  78.68     0.729510        2.920     0.173501   637.026667    21.760000   0   1     1.340417 
 54 300   0.006688      460.755       32.423     0.770027      349.775  78.92     0.731296        3.014     0.168232   658.280000    21.253333   1   1     1.339006 
 55 300   0.006705      460.665       32.378     0.770814      350.352  79.05     0.731936        3.133     0.634952   682.160000    23.880000   0   1     1.340053 
 56 300   0.007346      460.778       31.635     0.771670      351.462  79.30     0.732674        3.133     0.191694   703.786667    21.626667   1   1     1.336423 
 57 300   0.004924      460.710       31.635     0.771853      351.651  79.34     0.732952        2.469     0.582497   723.120000    19.333333   0   1     1.337107 
 58 300   0.007092      461.183       31.185     0.773219      352.537  79.54     0.733788        2.504     0.402394   743.400000    20.280000   0   1     1.339130 
 59 300   0.012629      461.160       31.185     0.773543      352.624  79.56     0.734067        0.950     0.126622   764.253333    20.853333   0   1     1.341143 
 60 300   0.009407      460.845       31.185     0.773691      352.624  79.56     0.734067        4.065     0.180069   787.080000    22.826667   1   1     1.344799 
 61 300   0.010061      461.093       30.848     0.774883      352.772  79.60     0.735859        3.559     0.301470   806.133333    19.053333   0   1     1.346478 
 62 300   0.011246      461.003       30.848     0.774962      353.257  79.70     0.736008        3.559     0.155488   810.866667     4.733333   1   1     1.346609 
 63 300   0.002925      461.160       31.005     0.775179      353.268  79.71     0.736647        4.362     0.313372   831.533333    20.666667   0   1     1.345613 
 64 300   0.003530      461.160       31.005     0.775265      353.281  79.71     0.736833        0.373     0.114360   846.453333    14.920000   0   1     1.350365 
 65 300   0.005789      461.160       31.005     0.775452      353.367  79.73     0.737132        1.512     0.178751   861.573333    15.120000   0   1     1.347481 
 66 300   0.006333      461.025       31.005     0.775486      353.367  79.73     0.737132        3.323     0.175039   887.920000    26.346667   1   1     1.343907 
 67 300   0.001818      461.025       31.005     0.775486      353.542  79.77     0.737165        1.553     0.146842   910.973333    23.053333   0   1     1.343361 
 68 300   0.003856      461.025       31.005     0.775505      353.601  79.78     0.737216        0.977     0.012514   934.840000    23.866667   0   1     1.346387 
 69 300   0.004114      461.160       31.140     0.778261      355.681  80.25     0.739679        4.824     0.195994   953.453333    18.613333   1   1     1.348240 
 70 300   0.002675      461.273       31.208     0.779785      355.874  80.30     0.741400        5.331     0.394536   978.333333    24.880000   0   1     1.347887 
 71 300   0.004799      461.273       31.208     0.779862      355.875  80.30     0.741535        1.900     0.399392   999.120000    20.786667   0   1     1.349118 
 72 300   0.005167      461.408       31.208     0.779939      355.875  80.30     0.741535        4.992     0.004856  1017.426667    18.306667   1   1     1.349072 
 73 300   0.002666      461.408       31.208     0.780286      356.002  80.32     0.742085        4.742     0.020311  1029.693333    12.266667   0   1     1.348381 
 74 300   0.002835      461.610       31.275     0.780330      356.002  80.32     0.742085        4.742     0.020311  1051.400000    21.706667   1   1     1.348095 
 75 300   0.002601      461.318       31.208     0.780402      356.093  80.34     0.742150        5.217     0.183758  1067.120000    15.720000   0   1     1.348622 
 76 300   0.006630      464.648       31.253     0.785108      359.517  81.12     0.743964       12.874     0.319715  1071.426667     4.306667   0   1     1.346800 
 77 300   0.020758      464.580       30.870     0.785769      360.966  81.44     0.743842        4.040     0.189442  1074.360000     2.933333   0   1     1.346621 
 78 300   0.023682      464.468       30.825     0.787489      362.261  81.74     0.744290        3.682     0.184152  1077.400000     3.040000   0   1     1.353953 
 79 300   0.164203      471.533       23.288     0.791832      368.639  83.18     0.744843        3.849     0.175732  1078.960000     1.560000   0   1     1.375891 
 80 300   0.004933      471.713       22.973     0.793032      370.106  83.51     0.746453        3.849     0.009065  1083.560000     4.600000   1   1     1.376307 
 81 300   0.029647      472.568       22.230     0.794638      372.211  83.98     0.746860        2.497     0.288684  1085.840000     2.280000   0   1     1.391808 
 82 300   0.000645      472.995       21.308     0.796292      373.552  84.28     0.747830        0.879     0.370572  1087.546667     1.706667   0   1     1.391332 
 83 300   0.006453      473.490       21.398     0.796865      374.778  84.56     0.748125        4.789     0.119310  1090.386667     2.840000   0   1     1.380152 
 84 300   0.058083      473.355       20.948     0.797908      376.388  84.92     0.748271        0.456     0.643007  1092.693333     2.306667   0   1     1.367764 
 85 300   0.004879      474.120       20.903     0.797827      376.831  85.02     0.748016        6.572     0.466650  1094.973333     2.280000   0   1     1.363456 
 86 300   0.004656      474.233       20.880     0.797933      377.309  85.13     0.747877        6.572     0.023392  1097.146667     2.173333   1   1     1.357470 
 87 300   0.005059      474.750       20.858     0.799215      378.059  85.30     0.748936        5.041     0.021783  1099.666667     2.520000   1   1     1.355785 
 88 300   0.007989      475.515       20.993     0.800225      379.378  85.60     0.749334        1.490     0.187753  1100.986667     1.320000   0   1     1.359029 
 89 300   0.008670      475.515       20.993     0.800935      379.897  85.72     0.749658        3.291     0.004863  1102.760000     1.773333   1   1     1.360290 
 90 300   0.003424      475.988       21.150     0.802745      381.080  85.98     0.751068        1.226     0.284701  1104.626667     1.866667   0   1     1.361308 
 91 300   0.006038      476.348       21.600     0.802909      381.382  86.05     0.751412        4.058     0.290042  1108.133333     3.506667   0   1     1.363136 
 92 300   0.009183      478.553       19.080     0.804699      384.684  86.80     0.752831        3.115     0.471252  1111.600000     3.466667   0   1     1.371974 
 93 300   0.002121      478.643       19.125     0.805028      386.462  87.20     0.753707        3.619     0.114107  1115.080000     3.480000   0   1     1.371862 
 94 300   0.002317      479.228       18.225     0.807351      389.770  87.94     0.754788        3.619     0.004182  1117.053333     1.973333   1   1     1.371392 
 95 300   0.009762      479.295       18.338     0.808457      390.801  88.18     0.756373        3.206     0.021599  1119.626667     2.573333   0   1     1.372075 
 96 300   0.010408      479.340       18.293     0.808734      390.801  88.18     0.756373        3.206     0.021599  1121.920000     2.293333   1   1     1.368577 
 97 300   0.016936      480.555       16.988     0.811883      394.244  88.95     0.759337        2.563     0.328291  1125.480000     3.560000   0   1     1.369892 
 98 300   0.025056      480.758       16.425     0.812202      395.312  89.19     0.759674        0.481     0.160710  1128.280000     2.800000   0   1     1.365383 
 99 300   0.000535      480.690       16.358     0.813326      395.615  89.26     0.760527        3.760     0.526979  1130.253333     1.973333   0   1     1.365100 
100 300   0.001297      480.915       15.998     0.813862      396.144  89.38     0.760916        3.019     0.349316  1132.986667     2.733333   0   1     1.364726 
