#scene........................: /home/eldamian/nbvEverardo/models/laboratory.wrl
#triangles....................: 361767
#Total triangles' area........: 443.205414 (m2)
#sensor aperture..............: 135.000000 x 70.000000 (deg)
#range image size.............: 350 x 80
#sensor blind distances.......: 0.500000 .. 30.000000 (m)
#sensor blind angle...........: 80.000000
#sensor Gaussian noise std dev: 0.012000 (m)
#views number.................: 100 
#optimization method..........: Simulated Annealing
#robust optimization..........: ON
#view iterations fitness vxl_occupied(m2) occplane(m2) vxl_quality tri_imaged(m2) tri_imaged(%) tri_quality travelled(m) energy total_time single_time backstep change delta_f_accum
  0   0  -0.000000       18.338        0.000     0.641809       15.030   3.39     0.643016        0.000     0.000000     0.000000     0.000000   0   0     0.000000 
  1 300   0.644313       27.473        0.000     0.628786       22.845   5.15     0.633184        0.000     0.077427     0.253333     0.253333   0   0     0.000000 
  2 300   0.618759       80.010       29.993     0.567034       32.130   7.25     0.621199        0.000     0.109925     0.546667     0.293333   0   0     0.000000 
  3 300   0.580539      122.288       23.378     0.662743       57.092  12.88     0.696599        6.293     0.244197     0.946667     0.400000   0   0     0.025531 
  4 300   0.651822      131.828       21.105     0.674907       68.161  15.38     0.692770        1.652     0.202541     3.586667     2.640000   0   0    -0.001738 
  5 300   0.601924      184.590       66.083     0.660084       88.607  19.99     0.691672        0.941     0.536513     8.693333     5.106667   0   0    -0.206844 
  6 300   0.770117      210.870      120.263     0.653170       98.892  22.31     0.675969        3.133     0.288726    13.626667     4.933333   0   0    -0.130314 
  7 300   0.761357      239.985       75.555     0.670896      116.794  26.35     0.679343        5.349     0.177411    18.960000     5.333333   0   0    -0.034579 
  8 300   0.713391      242.865       73.193     0.675844      121.439  27.40     0.680167        0.620     0.413182    24.133333     5.173333   0   0    -0.130276 
  9 300   0.621518      268.200      200.025     0.664230      127.043  28.66     0.675207        1.016     0.139968    28.106667     3.973333   0   0    -0.160199 
 10 300   0.622317      291.488      182.880     0.678616      141.969  32.03     0.686751        2.031     0.319796    34.226667     6.120000   0   0    -0.195931 
 11 300   0.652012      291.983      181.418     0.681362      144.830  32.68     0.685735        2.665     0.518646    41.506667     7.280000   0   0    -0.138973 
 12 300   0.494563      292.838      180.315     0.684376      148.877  33.59     0.683890        2.783     0.352580    48.040000     6.533333   0   0     0.039717 
 13 300   0.423223      293.603      177.593     0.686055      154.611  34.88     0.687970        4.865     0.222809    55.773333     7.733333   1   0     0.109775 
 14 300   0.453446      292.838      177.458     0.688285      157.151  35.46     0.685565        2.141     0.576147    63.306667     7.533333   0   0     0.151452 
 15 300   0.454410      295.875      175.748     0.691933      161.631  36.47     0.685023        2.025     0.382908    73.440000    10.133333   0   0     0.212756 
 16 300   0.435209      298.868      174.083     0.696296      165.153  37.26     0.689752        0.547     0.322828    83.040000     9.600000   0   0     0.248259 
 17 300   0.435369      298.575      174.083     0.698678      166.549  37.58     0.690211        2.487     0.346077    92.320000     9.280000   0   0     0.305565 
 18 300   0.412765      298.373      173.948     0.706865      168.506  38.02     0.697986        0.310     0.196202   102.800000    10.480000   0   0     0.341942 
 19 300   0.421801      298.283      172.980     0.709244      170.098  38.38     0.702240        1.347     0.156166   112.320000     9.520000   0   0     0.378143 
 20 300   0.434498      298.643      172.418     0.713262      171.525  38.70     0.706608        4.473     0.201927   121.413333     9.093333   1   0     0.378122 
 21 300   0.418646      298.193      172.418     0.713876      171.636  38.73     0.707299        3.133     0.122059   129.800000     8.386667   1   0     0.430965 
 22 300   0.424949      297.878      172.418     0.714522      171.865  38.78     0.707932        0.648     0.086664   135.146667     5.346667   0   0     0.457640 
 23 300   0.429585      297.765      172.373     0.715030      171.865  38.78     0.707932        8.076     0.060837   143.306667     8.160000   1   0     0.529343 
 24 300   0.481052      301.635      188.843     0.716355      176.146  39.74     0.706416        5.291     0.329678   149.906667     6.600000   0   0     0.582365 
 25 300   0.406574      335.048      131.355     0.692693      184.809  41.70     0.701441        5.291     0.163012   158.213333     8.306667   1   0     0.645829 
 26 300   0.563345      339.728      116.078     0.704845      194.709  43.93     0.706675        0.964     0.416301   159.933333     1.720000   0   0     0.649250 
 27 300   0.417376      339.548      113.400     0.718699      201.991  45.58     0.717838        2.653     0.004842   168.640000     8.706667   0   0     0.689007 
 28 300   0.427423      339.548      113.400     0.718948      201.991  45.58     0.717838        0.000     0.000000   177.040000     8.400000   0   0     0.764259 
 29 300   0.455270      340.470      111.510     0.718877      203.689  45.96     0.716629        2.435     0.269121   179.773333     2.733333   0   0     0.800763 
 30 300   0.428374      340.560      111.308     0.718869      203.689  45.96     0.716629        0.000     0.000000   186.506667     6.733333   0   0     0.865390 
 31 300   0.428542      340.560      111.308     0.718891      203.689  45.96     0.716629        0.000     0.000000   193.120000     6.613333   0   0     0.914832 
 32 300   0.428866      340.560      111.218     0.718943      203.689  45.96     0.716629        0.000     0.000000   199.213333     6.093333   0   0     0.936110 
 33 300   0.429763      340.605      111.218     0.718944      203.689  45.96     0.716629        0.000     0.000000   206.986667     7.773333   0   0     0.961255 
 34 300   0.451939      344.430      115.178     0.722798      209.396  47.25     0.719801        5.266     0.296804   210.640000     3.653333   0   0     0.967993 
 35 300   0.420160      364.883      115.740     0.711821      214.494  48.40     0.716975        5.266     0.020212   220.653333    10.013333   1   0     1.002096 
 36 300   0.399095      364.793      109.620     0.711643      214.494  48.40     0.716975        0.000     0.000000   228.146667     7.493333   0   0     1.035336 
 37 300   0.406218      366.390      108.788     0.714431      217.071  48.98     0.719394        0.784     0.146172   229.026667     0.880000   0   0     1.042525 
 38 300   0.416460      367.020      108.788     0.714627      217.071  48.98     0.719394        0.000     0.000000   237.720000     8.693333   0   0     1.059145 
 39 300   0.618738      382.568      117.383     0.727289      236.625  53.39     0.722014        4.569     0.016007   239.120000     1.400000   0   0     0.974294 
 40 300   0.682698      383.760      116.438     0.728808      240.125  54.18     0.720137        1.865     0.284467   240.320000     1.200000   0   0     1.071719 
 41 300   0.618140      386.865      114.615     0.728818      244.263  55.11     0.719122        0.550     0.146747   240.906667     0.586667   0   0     1.102058 
 42 300   0.479960      389.678      111.443     0.732738      250.930  56.62     0.718942        1.668     0.032763   241.466667     0.560000   0   0     1.181508 
 43 300   0.449949      389.745      109.823     0.734493      253.706  57.24     0.718277        1.330     0.142576   242.346667     0.880000   0   0     1.212638 
 44 300   0.550861      416.048       87.120     0.740242      270.587  61.05     0.722151        2.310     0.359545   243.160000     0.813333   0   0     1.233992 
 45 300   0.595995      432.765       62.820     0.743988      284.396  64.17     0.721131        2.502     0.289845   244.373333     1.213333   0   0     1.188385 
 46 300   0.590800      443.430       51.975     0.739162      293.037  66.12     0.716961        0.311     0.245908   245.746667     1.373333   0   0     1.042945 
 47 300   0.642114      450.068       42.548     0.737398      300.863  67.88     0.714366        1.604     0.177175   246.920000     1.173333   0   0     1.102440 
 48 300   0.388335      453.420       35.730     0.743173      306.528  69.16     0.713604        3.308     0.006569   251.173333     4.253333   1   0     1.113352 
 49 300   0.394434      453.420       35.730     0.743958      306.933  69.25     0.714110        0.734     0.268605   252.640000     1.466667   0   0     1.091628 
 50 300   0.420749      453.420       35.730     0.744830      307.242  69.32     0.715203        2.856     0.157479   253.800000     1.160000   0   0     1.108299 
 51 300   0.573471      454.388       34.740     0.747577      309.848  69.91     0.715455        2.921     0.326619   254.493333     0.693333   0   0     1.136015 
 52 300   0.427681      454.388       34.740     0.748275      310.774  70.12     0.715261        5.609     0.002474   255.666667     1.173333   1   0     1.160047 
 53 300   0.418621      454.568       33.458     0.748655      311.412  70.26     0.715080        4.478     0.000620   261.293333     5.626667   1   0     1.180094 
 54 300   0.426367      454.568       33.458     0.748688      311.412  70.26     0.715080        0.000     0.000000   262.386667     1.093333   0   1     1.203480 
 55 300   0.009425      458.708       32.963     0.756065      316.950  71.51     0.718736        1.251     0.676835   263.093333     0.706667   0   1     1.207476 
 56 300   0.011597      459.473       35.753     0.758537      320.389  72.29     0.720747        4.700     0.429183   264.373333     1.280000   0   1     1.182341 
 57 300   0.017091      459.720       35.415     0.760003      321.741  72.59     0.721797        0.286     0.112425   265.440000     1.066667   0   1     1.187132 
 58 300   0.004654      460.508       38.678     0.766559      326.166  73.59     0.724459        2.436     0.125518   267.066667     1.626667   0   1     1.192689 
 59 300   0.007098      461.498       37.238     0.768803      330.336  74.53     0.725851        3.389     0.447343   267.800000     0.733333   0   1     1.197089 
 60 300   0.048220      461.858       36.518     0.770974      332.311  74.98     0.728307        0.792     0.151167   269.040000     1.240000   0   1     1.199092 
 61 300   0.035289      461.970       36.180     0.775948      336.836  76.00     0.733326        4.090     0.001100   270.320000     1.280000   1   1     1.199939 
 62 300   0.020163      462.195       35.865     0.776841      340.844  76.90     0.733171        1.514     0.174086   271.706667     1.386667   0   1     1.204505 
 63 300   0.016242      462.285       35.820     0.777660      342.994  77.39     0.733450        3.496     0.023013   272.440000     0.733333   1   1     1.204731 
 64 300   0.004803      462.420       35.775     0.778563      344.152  77.65     0.734690        1.476     0.190692   273.866667     1.426667   0   1     1.199501 
 65 300   0.042202      462.218       35.618     0.778799      344.456  77.72     0.734693        5.618     0.112070   275.000000     1.133333   0   1     1.211159 
 66 300   0.042866      462.825       35.550     0.778849      345.565  77.97     0.735527        5.618     0.002146   275.826667     0.826667   1   1     1.211029 
 67 300   0.016115      463.095       35.505     0.779466      345.820  78.03     0.736624        5.129     0.269465   276.906667     1.080000   0   1     1.213105 
 68 300   0.016209      463.095       35.505     0.780893      346.762  78.24     0.738617        5.129     0.013558   279.813333     2.906667   1   1     1.216506 
 69 300   0.010949      463.725       33.728     0.782884      349.154  78.78     0.739841       10.972     0.424156   281.626667     1.813333   0   1     1.222598 
 70 300   0.044028      470.363       23.760     0.786762      357.047  80.56     0.744861        3.000     0.406076   291.826667    10.200000   0   1     1.211923 
 71 300   0.049086      470.678       22.748     0.788460      359.007  81.00     0.745435        3.312     0.908184   303.106667    11.280000   0   1     1.244007 
 72 300   0.010951      470.858       21.510     0.793377      361.750  81.62     0.746886        6.886     0.348936   315.026667    11.920000   0   1     1.241886 
 73 300   0.008245      470.723       20.610     0.797958      367.109  82.83     0.749647        4.324     0.348670   324.586667     9.560000   0   1     1.248398 
 74 300   0.004198      471.015       20.093     0.799401      368.558  83.16     0.751014        3.743     0.811280   335.080000    10.493333   0   1     1.248667 
 75 300   0.007171      471.330       19.913     0.799441      370.842  83.67     0.751054        0.333     0.172004   345.506667    10.426667   0   1     1.249274 
 76 300   0.006483      471.285       19.823     0.799996      372.585  84.07     0.751796        3.718     0.263436   354.866667     9.360000   1   1     1.255398 
 77 300   0.003969      471.218       19.823     0.802262      374.650  84.53     0.752738        3.692     0.579076   360.346667     5.480000   0   1     1.256701 
 78 300   0.004807      471.105       19.688     0.803635      377.987  85.28     0.753802        3.692     0.001649   370.426667    10.080000   1   1     1.255978 
 79 300   0.003762      471.600       19.103     0.808691      380.611  85.88     0.759346        5.404     0.274661   376.093333     5.666667   0   1     1.256667 
 80 300   0.004781      472.095       18.563     0.809743      381.119  85.99     0.760789        1.466     0.435370   379.906667     3.813333   0   1     1.256253 
 81 300   0.004264      472.095       18.563     0.809958      381.275  86.03     0.761392        2.285     0.189135   388.600000     8.693333   0   1     1.255120 
 82 300   0.007957      472.095       18.518     0.810045      381.369  86.05     0.761685        1.337     0.003589   397.213333     8.613333   0   1     1.257290 
 83 300   0.007305      471.960       18.338     0.810377      383.329  86.49     0.763142        4.806     0.007763   407.280000    10.066667   1   1     1.263269 
 84 300   0.003205      472.028       18.270     0.810491      383.569  86.54     0.763604        2.705     0.113225   416.973333     9.693333   0   1     1.265226 
 85 300   0.012942      472.590       18.383     0.811793      386.037  87.10     0.763864        4.480     0.571720   425.160000     8.186667   0   1     1.256862 
 86 300   0.004572      472.703       18.450     0.812149      386.803  87.27     0.763995        5.715     0.378546   435.320000    10.160000   0   1     1.257614 
 87 300   0.005237      472.590       18.450     0.812750      387.500  87.43     0.764290        5.715     0.101955   446.146667    10.826667   1   1     1.258495 
 88 300   0.002568      472.703       18.563     0.813002      387.793  87.50     0.764462        5.481     0.027707   452.266667     6.120000   0   1     1.259110 
 89 300   0.005678      472.703       18.563     0.813011      387.805  87.50     0.764520        1.258     0.578491   460.386667     8.120000   0   1     1.260884 
 90 300   0.006632      472.298       18.248     0.815363      388.876  87.74     0.765244        5.782     0.028772   467.893333     7.506667   1   1     1.272679 
 91 300   0.003514      472.433       18.338     0.815529      388.980  87.77     0.765756        4.268     0.020636   475.786667     7.893333   0   1     1.274154 
 92 300   0.005272      472.433       18.338     0.815594      388.993  87.77     0.765863        2.297     0.209697   484.133333     8.346667   0   1     1.276915 
 93 300   0.009394      472.568       18.338     0.816208      389.431  87.87     0.766426        1.041     0.258125   494.573333    10.440000   0   1     1.271987 
 94 300   0.009997      472.635       18.135     0.821435      392.163  88.48     0.770526        5.819     0.033007   499.800000     5.226667   1   1     1.269304 
 95 300   0.004586      472.860       18.135     0.821622      392.457  88.55     0.770776        4.923     0.319275   508.533333     8.733333   0   1     1.269857 
 96 300   0.008540      472.748       18.090     0.822002      392.853  88.64     0.770987        4.182     0.353496   520.066667    11.533333   0   1     1.262880 
 97 300   0.003489      472.748       18.090     0.822056      393.015  88.68     0.770921        4.439     0.682484   530.040000     9.973333   0   1     1.262673 
 98 300   0.004713      472.793       18.090     0.822291      393.313  88.74     0.771477        4.439     0.015817   539.026667     8.986667   1   1     1.262688 
 99 300   0.003476      472.793       18.090     0.822280      393.324  88.75     0.771482        4.541     0.769655   547.666667     8.640000   0   1     1.262866 
100 300   0.004957      472.905       18.113     0.822945      393.757  88.84     0.772823        4.541     0.159730   553.200000     5.533333   1   1     1.263977 
