#scene........................: /home/eldamian/nbvEverardo/models/laboratory.wrl
#triangles....................: 361767
#Total triangles' area........: 443.205414 (m2)
#sensor aperture..............: 135.000000 x 70.000000 (deg)
#range image size.............: 350 x 80
#sensor blind distances.......: 0.500000 .. 30.000000 (m)
#sensor blind angle...........: 80.000000
#sensor Gaussian noise std dev: 0.012000 (m)
#views number.................: 100 
#optimization method..........: Evolution Strategy
#robust optimization..........: ON
#view iterations fitness vxl_occupied(m2) occplane(m2) vxl_quality tri_imaged(m2) tri_imaged(%) tri_quality travelled(m) energy total_time single_time backstep change delta_f_accum
  0   0  -0.000000       18.338        0.000     0.641809       15.030   3.39     0.643016        0.000     0.000000     0.000000     0.000000   0   0     0.000000 
  1 308   0.644313       27.473        0.000     0.628786       22.845   5.15     0.633184        0.000     0.077427     0.266667     0.266667   0   0     0.000000 
  2 308   0.434505       47.970        9.743     0.653144       26.022   5.87     0.637934        1.218     0.242428     0.306667     0.040000   0   0     0.001732 
  3 308   0.414192       48.375        9.743     0.652317       26.022   5.87     0.637934        0.000     0.000000     0.346667     0.040000   0   0     0.003095 
  4 308   0.414985       48.420        9.698     0.652262       26.022   5.87     0.637934        0.000     0.000000     0.440000     0.093333   0   0     0.004532 
  5 308   0.494197       50.873        9.698     0.649547       28.591   6.45     0.630346        0.351     0.152013     0.600000     0.160000   0   0    -0.007026 
  6 308   0.427934       50.918        9.698     0.649864       28.591   6.45     0.630346        0.000     0.000000     0.786667     0.186667   0   0    -0.004814 
  7 308   0.428289       50.918        9.698     0.650024       28.591   6.45     0.630346        0.000     0.000000     0.840000     0.053333   0   0    -0.004747 
  8 308   0.691906       53.393       15.390     0.657816       31.823   7.18     0.638414       10.565     0.191485     1.040000     0.200000   0   0    -0.003790 
  9 308   0.450515      103.298      110.880     0.613290       43.014   9.71     0.648128       10.565     0.024819     1.120000     0.080000   1   0    -0.023611 
 10 308   0.392779      110.183      111.308     0.602042       48.563  10.96     0.646125        0.328     0.007135     1.413333     0.293333   0   0     0.011311 
 11 308   0.672991      154.080      142.673     0.623648       68.160  15.38     0.674327        3.777     0.115977     2.613333     1.200000   0   0     0.010896 
 12 308   0.769299      175.523       99.473     0.632051       87.218  19.68     0.673838        4.279     0.173590    13.760000    11.146667   0   0     0.067426 
 13 308   0.756397      192.735       87.030     0.635874      102.117  23.04     0.671087        1.875     0.066521    18.800000     5.040000   0   0    -0.021499 
 14 308   0.763229      209.610       80.393     0.660805      118.940  26.84     0.681874        2.579     0.291258    33.653333    14.853333   0   0     0.008841 
 15 308   0.738365      212.625      102.780     0.659662      120.769  27.25     0.681677        1.402     0.241960    40.666667     7.013333   0   0     0.192363 
 16 308   0.596973      252.698      185.940     0.642262      127.644  28.80     0.675428        3.288     0.214720    46.573333     5.906667   0   0     0.199347 
 17 308   0.709403      271.778      214.898     0.640057      136.973  30.91     0.676344        2.690     0.026610    59.453333    12.880000   0   0     0.294858 
 18 308   0.670422      302.985      179.078     0.671187      156.208  35.24     0.691849        2.488     0.302895    80.093333    20.640000   0   0     0.330862 
 19 308   0.566311      305.798      178.718     0.672632      161.010  36.33     0.689357        1.067     0.433731    95.866667    15.773333   0   0     0.378397 
 20 308   0.615414      307.328      178.515     0.674670      163.842  36.97     0.688633        3.221     0.283792   101.573333     5.706667   0   0     0.410929 
 21 308   0.596132      316.913      169.020     0.670897      170.909  38.56     0.685838        7.945     0.322015   105.586667     4.013333   0   0     0.474879 
 22 308   0.698343      318.263      168.008     0.673541      172.968  39.03     0.686925        2.511     0.336318   108.306667     2.720000   0   0     0.453308 
 23 308   0.560767      337.590      196.403     0.665858      182.769  41.24     0.682558        2.843     0.496648   110.346667     2.040000   0   0     0.477152 
 24 308   0.720781      344.363      189.990     0.668557      188.835  42.61     0.682213        2.440     0.026599   113.053333     2.706667   0   0     0.596874 
 25 308   0.599370      379.193      166.365     0.669749      209.219  47.21     0.679321        2.508     0.202875   115.186667     2.133333   0   0     0.693409 
 26 308   0.661425      390.870      144.405     0.675612      223.466  50.42     0.683146        0.406     0.280207   117.200000     2.013333   0   0     0.830023 
 27 308   0.507521      396.135      135.405     0.684469      232.215  52.39     0.685421        2.827     0.337144   120.240000     3.040000   0   0     0.831983 
 28 308   0.547511      402.053      128.813     0.689421      240.892  54.35     0.688736        4.801     0.120848   123.560000     3.320000   0   0     0.708610 
 29 308   0.615503      403.133      128.880     0.689864      243.087  54.85     0.687371        0.121     0.111191   125.786667     2.226667   0   0     0.785609 
 30 308   0.421754      403.133      128.655     0.694155      247.789  55.91     0.690321        0.561     0.156623   127.520000     1.733333   0   0     0.782730 
 31 308   0.575549      414.293      118.373     0.701416      262.447  59.22     0.692837        3.978     0.150282   128.813333     1.293333   0   0     0.815822 
 32 308   0.596731      416.475      111.240     0.707640      267.633  60.39     0.698368        1.414     0.008517   129.573333     0.760000   0   0     0.729282 
 33 308   0.581597      422.595      101.610     0.711909      273.996  61.82     0.698988        0.417     0.268540   132.173333     2.600000   0   0     0.687260 
 34 308   0.561464      424.485       97.965     0.713302      278.384  62.81     0.698707        1.297     0.283247   134.680000     2.506667   0   0     0.752521 
 35 308   0.554262      430.268       88.898     0.713681      283.665  64.00     0.700283        1.868     0.117360   136.253333     1.573333   0   0     0.628965 
 36 308   0.550738      433.530       81.225     0.715689      288.064  65.00     0.700166        1.580     0.080165   139.200000     2.946667   0   0     0.644994 
 37 308   0.426867      433.935       81.225     0.716728      288.244  65.04     0.701170        3.108     0.003239   141.293333     2.093333   0   0     0.676163 
 38 308   0.444087      434.228       81.180     0.717137      288.244  65.04     0.701170        3.108     0.003239   142.800000     1.506667   1   0     0.679016 
 39 308   0.416026      433.913       81.180     0.718094      288.515  65.10     0.701830        2.914     0.019462   144.973333     2.173333   0   0     0.688344 
 40 308   0.437452      433.823       81.180     0.718295      288.600  65.12     0.701858        0.088     0.021725   147.106667     2.133333   0   0     0.735624 
 41 308   0.439145      435.623       78.278     0.721312      293.235  66.16     0.701762        3.764     0.016360   148.000000     0.893333   1   0     0.761129 
 42 308   0.407866      435.870       77.805     0.721750      293.523  66.23     0.702096        3.064     0.187698   149.613333     1.613333   0   0     0.770684 
 43 308   0.434130      435.870       77.805     0.721852      293.543  66.23     0.702239        0.148     0.010606   151.640000     2.026667   0   0     0.755580 
 44 308   0.435884      435.983       77.783     0.722587      294.345  66.41     0.703155        3.033     0.010260   154.240000     2.600000   1   0     0.782011 
 45 308   0.421317      436.028       77.468     0.723123      295.845  66.75     0.703343        5.134     0.013824   156.653333     2.413333   1   0     0.822458 
 46 308   0.424615      437.288       76.928     0.726876      298.630  67.38     0.707142        4.924     0.022950   158.306667     1.653333   1   0     0.828478 
 47 308   0.412234      440.280       67.658     0.731057      303.254  68.42     0.708811        6.169     0.023570   161.413333     3.106667   1   0     0.861341 
 48 308   0.559171      440.505       67.275     0.732402      305.291  68.88     0.708116        3.844     0.278225   178.226667    16.813333   0   0     0.797711 
 49 308   0.498000      443.430       51.705     0.737884      313.756  70.79     0.708509        2.399     0.436050   193.320000    15.093333   0   0     0.868354 
 50 308   0.555127      450.225       55.823     0.737906      319.309  72.05     0.707300        3.714     0.275431   197.933333     4.613333   0   0     1.122660 
 51 308   0.578047      465.368       28.598     0.743820      330.718  74.62     0.710333        0.760     0.299260   203.546667     5.613333   0   0     1.191001 
 52 308   0.534970      467.460       27.810     0.745416      334.779  75.54     0.709764        1.516     0.136150   207.493333     3.946667   0   0     1.206854 
 53 308   0.424504      468.495       27.630     0.745639      335.473  75.69     0.710118        0.823     0.009600   211.973333     4.480000   0   0     1.201910 
 54 308   0.433980      470.025       25.785     0.750214      339.130  76.52     0.711255        6.343     0.102721   215.746667     3.773333   1   0     1.182200 
 55 308   0.667448      472.163       22.208     0.753173      344.048  77.63     0.710773        2.175     0.376135   222.973333     7.226667   0   0     1.158130 
 56 308   0.412711      471.285       22.140     0.754086      346.199  78.11     0.709925        4.568     0.003172   229.506667     6.533333   1   0     1.178903 
 57 308   0.433089      471.555       22.140     0.754418      346.262  78.13     0.710333        2.186     0.110048   235.186667     5.680000   0   0     1.211358 
 58 308   0.442120      471.330       22.140     0.754573      346.262  78.13     0.710494        0.245     0.000184   241.360000     6.173333   0   0     1.212600 
 59 308   0.443850      471.600       21.150     0.754944      349.183  78.79     0.710527        5.988     0.001573   248.266667     6.906667   1   0     1.218248 
 60 308   0.395270      471.578       21.308     0.756007      351.454  79.30     0.710330        3.221     0.027885   253.666667     5.400000   1   0     1.230648 
 61 308   0.416472      470.835       20.858     0.759669      352.698  79.58     0.714195        0.590     0.247060   268.146667    14.480000   0   0     1.312944 
 62 308   0.429003      470.768       20.790     0.760896      354.023  79.88     0.714680        3.462     0.172966   284.386667    16.240000   1   0     1.359110 
 63 308   0.400680      470.768       20.790     0.761290      354.446  79.97     0.714691        2.950     0.138259   293.560000     9.173333   0   0     1.394378 
 64 308   0.426464      470.498       20.363     0.763984      355.639  80.24     0.717040        3.462     0.044872   298.373333     4.813333   1   0     1.392586 
 65 308   0.420659      472.073       18.473     0.766212      359.652  81.15     0.719620        0.525     0.197817   325.453333    27.080000   0   0     1.397323 
 66 308   0.436966      471.983       18.473     0.768314      362.395  81.77     0.723683        0.157     0.220145   348.066667    22.613333   0   0     1.455567 
 67 308   0.446051      471.983       18.473     0.769766      363.229  81.96     0.725641        4.692     0.294277   375.000000    26.933333   1   0     1.520238 
 68 308   0.413059      472.005       18.450     0.771029      364.234  82.18     0.726492        3.777     0.006053   378.800000     3.800000   1   0     1.537899 
 69 308   0.403139      472.163       18.248     0.776332      367.303  82.87     0.732365        1.482     0.172455   380.946667     2.146667   0   0     1.556610 
 70 308   0.416396      472.163       18.248     0.776400      367.303  82.87     0.732365        0.000     0.000000   384.360000     3.413333   0   1     1.578490 
 71 308   0.071294      473.850       16.133     0.778541      368.835  83.22     0.734498       10.599     0.169785   396.213333    11.853333   0   1     1.618003 
 72 308   0.030141      474.930       14.648     0.780087      371.013  83.71     0.735698        0.599     0.017762   408.960000    12.746667   0   1     1.615305 
 73 308   0.037812      484.043       45.675     0.780052      371.344  83.79     0.735641       17.321     0.455496   412.160000     3.200000   0   1     1.639585 
 74 308   0.105981      484.898       49.365     0.779971      371.393  83.80     0.735614        0.552     0.015534   413.333333     1.173333   0   1     1.654384 
 75 308   0.108130      484.808       49.365     0.780207      373.111  84.18     0.735519       16.948     0.027773   415.840000     2.506667   1   1     1.669178 
 76 308   0.010404      485.078       48.983     0.782592      374.838  84.57     0.736834        6.504     0.522786   420.800000     4.960000   0   1     1.658689 
 77 308   0.010617      484.380       48.713     0.784662      377.792  85.24     0.736305        4.485     0.026209   431.813333    11.013333   0   1     1.655639 
 78 308   0.008104      485.325       48.398     0.784888      378.735  85.45     0.736478        3.241     0.271301   444.946667    13.133333   0   1     1.660318 
 79 308   0.026535      485.685       48.195     0.786720      379.906  85.72     0.737751        5.406     0.695762   451.613333     6.666667   0   1     1.670622 
 80 308   0.025187      485.753       48.060     0.788446      380.953  85.95     0.738762        7.997     0.339945   454.373333     2.760000   0   1     1.662348 
 81 308   0.012892      485.753       47.970     0.789600      381.790  86.14     0.740859       13.200     0.292644   462.240000     7.866667   0   1     1.673149 
 82 308   0.014121      486.630       47.723     0.791470      383.702  86.57     0.742455       13.200     0.016053   469.920000     7.680000   1   1     1.673694 
 83 308   0.022659      486.810       47.543     0.792217      384.316  86.71     0.742816        4.568     0.307505   471.880000     1.960000   0   1     1.650740 
 84 308   0.002560      486.968       47.453     0.793147      385.317  86.94     0.743448        1.133     0.507512   474.413333     2.533333   0   1     1.649824 
 85 308   0.067310      486.788       47.138     0.793650      385.962  87.08     0.743827        3.947     0.190707   476.733333     2.320000   0   1     1.629303 
 86 308   0.014727      487.553       47.093     0.794818      388.110  87.57     0.743855        1.387     0.269497   478.506667     1.773333   0   1     1.636229 
 87 308   0.013708      487.913       47.093     0.795579      388.544  87.67     0.743927        3.349     0.001364   481.226667     2.720000   1   1     1.630938 
 88 308   0.015527      488.835       46.890     0.796061      389.264  87.83     0.743925        2.489     0.263389   482.680000     1.453333   0   1     1.650037 
 89 308   0.002764      488.723       46.958     0.799199      390.707  88.15     0.745707       12.519     0.737177   498.040000    15.360000   0   1     1.651017 
 90 308   0.005268      488.723       46.958     0.800050      391.529  88.34     0.746275        0.214     0.057956   517.333333    19.293333   0   1     1.651700 
 91 308   0.005347      488.723       46.958     0.800483      391.660  88.37     0.746654       12.723     0.179220   533.560000    16.226667   1   1     1.654451 
 92 308   0.001533      488.768       46.958     0.800988      392.421  88.54     0.747181        3.936     0.355540   535.146667     1.586667   0   1     1.654495 
 93 308   0.004201      487.958       46.958     0.802054      393.376  88.76     0.747464        2.165     0.023370   538.533333     3.386667   0   1     1.659872 
 94 308   0.004406      487.733       46.958     0.802622      393.680  88.83     0.747765        0.386     0.021388   541.173333     2.640000   0   1     1.663551 
 95 308   0.003828      488.070       46.935     0.803230      394.203  88.94     0.748127        5.152     0.020225   543.280000     2.106667   1   1     1.660748 
 96 308   0.004474      488.183       50.783     0.804684      395.460  89.23     0.749205       10.074     0.193588   552.173333     8.893333   0   1     1.659846 
 97 308   0.030202      488.273       50.648     0.805408      396.278  89.41     0.749410        2.991     0.455744   555.920000     3.746667   0   1     1.678715 
 98 308   0.005168      488.273       50.648     0.806131      396.873  89.55     0.749795        6.015     0.010419   572.053333    16.133333   0   1     1.675596 
 99 308   0.007476      488.970       49.838     0.807594      398.547  89.92     0.751134        1.067     0.130770   583.133333    11.080000   0   1     1.672348 
100 308   0.004879      489.330       49.568     0.808127      399.470  90.13     0.751399        5.995     0.206465   591.413333     8.280000   0   1     1.667197 
