#scene........................: /home/eldamian/nbvEverardo/models/laboratory.wrl
#triangles....................: 361767
#Total triangles' area........: 443.205414 (m2)
#sensor aperture..............: 135.000000 x 70.000000 (deg)
#range image size.............: 350 x 80
#sensor blind distances.......: 0.500000 .. 30.000000 (m)
#sensor blind angle...........: 80.000000
#sensor Gaussian noise std dev: 0.012000 (m)
#views number.................: 100 
#optimization method..........: Evolution Strategy
#robust optimization..........: ON
#view iterations fitness vxl_occupied(m2) occplane(m2) vxl_quality tri_imaged(m2) tri_imaged(%) tri_quality travelled(m) energy total_time single_time backstep change delta_f_accum
  0   0  -0.000000       18.338        0.000     0.641809       15.030   3.39     0.643016        0.000     0.000000     0.000000     0.000000   0   0     0.000000 
  1 308   0.644313       27.473        0.000     0.628786       22.845   5.15     0.633184        0.000     0.077427     0.266667     0.266667   0   0     0.000000 
  2 308   0.436446       47.970        9.743     0.653144       26.022   5.87     0.637934        1.218     0.242428     0.360000     0.093333   0   0    -0.004736 
  3 308   0.414497       48.375        9.743     0.652317       26.022   5.87     0.637934        0.000     0.000000     0.453333     0.093333   0   0    -0.004391 
  4 308   0.414985       48.420        9.698     0.652262       26.022   5.87     0.637934        0.000     0.000000     0.520000     0.066667   0   0    -0.002955 
  5 308   0.532108       50.243        9.698     0.648015       28.058   6.33     0.629324        0.128     0.178195     0.733333     0.213333   0   0     0.029423 
  6 308   0.428939       50.333        9.698     0.648188       28.058   6.33     0.629324        0.000     0.000000     0.813333     0.080000   0   0     0.030166 
  7 308   0.428830       50.333        9.698     0.648375       28.058   6.33     0.629324        0.000     0.000000     0.866667     0.053333   0   0     0.032879 
  8 308   0.429125       50.355        9.698     0.648216       28.058   6.33     0.629324        0.000     0.000000     0.960000     0.093333   0   0     0.035143 
  9 308   0.429318       50.355        9.698     0.648107       28.058   6.33     0.629324        0.000     0.000000     1.173333     0.213333   0   0     0.032459 
 10 308   0.468129       97.538       97.943     0.589001       40.772   9.20     0.634178        0.416     0.611209     1.280000     0.106667   0   0     0.027387 
 11 308   0.539448      121.253      152.213     0.595002       48.313  10.90     0.644993        2.460     0.008680     1.653333     0.373333   0   0     0.046270 
 12 308   0.605708      160.718      181.710     0.594646       63.074  14.23     0.645196        0.231     0.094796     2.066667     0.413333   0   0     0.054888 
 13 308   0.670721      174.488      193.658     0.632002       77.386  17.46     0.683153        3.750     0.275869     3.680000     1.613333   0   0     0.020811 
 14 308   0.673293      217.935      212.828     0.635327       91.859  20.73     0.692146        1.486     0.323495     5.893333     2.213333   0   0    -0.001680 
 15 308   0.724021      233.415      207.968     0.656646      106.195  23.96     0.699584        2.869     0.395982    19.466667    13.573333   0   0     0.388722 
 16 308   0.736747      261.450      175.635     0.677752      126.960  28.65     0.707245        1.534     0.425723    40.826667    21.360000   0   0     0.614322 
 17 308   0.750424      284.625      197.595     0.668184      137.134  30.94     0.700091        1.764     0.355097    59.480000    18.653333   0   0     0.768004 
 18 308   0.724498      299.475      209.993     0.665759      144.443  32.59     0.697984        1.225     0.022710    72.413333    12.933333   0   0     0.894148 
 19 308   0.778565      300.780      209.385     0.667666      146.070  32.96     0.699250        0.858     0.381374    79.600000     7.186667   0   0     1.041115 
 20 308   0.723308      313.335      211.770     0.673839      151.635  34.21     0.698923        1.619     0.187751    90.293333    10.693333   0   0     1.041907 
 21 308   0.743232      315.923      210.510     0.676221      154.931  34.96     0.700294        0.666     0.179733    98.440000     8.146667   0   0     0.880459 
 22 308   0.657347      318.983      207.518     0.676962      158.728  35.81     0.695817        6.058     0.155206   108.026667     9.586667   0   0     1.223802 
 23 308   0.666943      320.760      206.145     0.681355      163.064  36.79     0.695051        2.516     0.047328   121.280000    13.253333   0   0     1.486481 
 24 308   0.604122      320.940      205.178     0.684863      165.698  37.39     0.694596        4.627     0.031185   128.306667     7.026667   0   0     1.471224 
 25 308   0.809653      321.300      204.570     0.687826      169.023  38.14     0.694856        1.540     0.019265   131.960000     3.653333   0   0     1.347851 
 26 308   0.484344      330.885      202.388     0.692835      172.971  39.03     0.697718        3.507     0.317997   139.800000     7.840000   0   0     1.353646 
 27 308   0.612429      344.093      180.045     0.714273      187.200  42.24     0.717881        2.586     0.576405   168.920000    29.120000   0   0     1.377423 
 28 308   0.451725      345.983      176.355     0.721330      194.332  43.85     0.722698        5.635     0.294466   205.253333    36.333333   1   0     1.426795 
 29 308   0.573356      349.898      204.570     0.723719      199.842  45.09     0.722212        0.343     0.192455   210.346667     5.093333   0   0     1.445774 
 30 308   0.434804      349.493      210.195     0.724286      200.056  45.14     0.723249        0.320     0.078413   213.666667     3.320000   0   0     1.458866 
 31 308   0.445815      354.915      197.933     0.723400      203.000  45.80     0.722634        6.966     0.197073   234.386667    20.720000   0   0     1.597147 
 32 308   0.635987      355.770      195.615     0.725797      205.685  46.41     0.722489        4.346     0.202491   242.106667     7.720000   0   0     1.639760 
 33 308   0.420700      355.950      195.075     0.726223      206.380  46.57     0.723232        0.363     0.110466   248.600000     6.493333   0   0     1.698613 
 34 308   0.436096      355.950      195.075     0.726261      206.380  46.57     0.723429        0.431     0.012157   256.506667     7.906667   0   0     1.760284 
 35 308   0.439340      357.480      191.183     0.728840      210.584  47.51     0.722748        4.492     0.024209   263.253333     6.746667   1   0     1.797434 
 36 308   0.398333      358.088      186.413     0.731198      217.213  49.01     0.723003        0.401     0.263036   291.213333    27.960000   0   0     1.824089 
 37 308   0.418937      357.840      185.963     0.731872      220.112  49.66     0.724317        0.376     0.120058   318.880000    27.666667   0   0     1.848261 
 38 308   0.422976      357.705      185.963     0.732168      221.208  49.91     0.723301        6.494     0.295946   353.186667    34.306667   1   0     1.886746 
 39 308   0.426906      357.660      185.963     0.732372      221.374  49.95     0.723700        0.162     0.078217   357.040000     3.853333   0   0     1.891049 
 40 308   0.428404      357.705      184.973     0.736571      223.306  50.38     0.726769        5.206     0.037904   360.333333     3.293333   1   0     1.925222 
 41 308   0.399279      357.908      184.905     0.737448      223.767  50.49     0.728093        0.687     0.282713   380.920000    20.586667   0   0     1.952135 
 42 308   0.416558      357.953      184.860     0.739234      223.960  50.53     0.730677        0.428     0.078514   400.786667    19.866667   0   0     1.982598 
 43 308   0.420466      357.773      184.815     0.741453      224.278  50.60     0.733919        0.368     0.054140   418.506667    17.720000   0   0     2.033763 
 44 308   0.564572      358.988      183.735     0.742820      226.757  51.16     0.734000        2.974     0.427095   426.000000     7.493333   0   0     2.050029 
 45 308   0.413285      359.235      183.173     0.743452      227.724  51.38     0.735600        3.078     0.038535   435.613333     9.613333   1   0     2.105773 
 46 308   0.408062      359.663      182.205     0.745659      229.995  51.89     0.739577        0.676     0.331425   464.453333    28.840000   0   0     2.114228 
 47 308   0.429675      360.855      181.598     0.748233      232.132  52.38     0.741271        3.531     0.328133   492.520000    28.066667   1   0     2.112029 
 48 308   0.395459      367.920      166.950     0.744951      234.917  53.00     0.742008        1.374     0.140885   502.880000    10.360000   0   0     2.148597 
 49 308   0.560363      380.723      160.425     0.744099      244.089  55.07     0.740373        8.849     0.379089   505.213333     2.333333   0   0     2.412226 
 50 308   0.659267      389.565      153.788     0.741857      251.269  56.69     0.737457        1.093     0.116102   508.320000     3.106667   0   0     2.491117 
 51 308   0.570931      394.088      154.935     0.741200      255.558  57.66     0.735466        0.722     0.014381   509.213333     0.893333   0   0     2.565915 
 52 308   0.679798      398.588      148.343     0.740301      259.614  58.58     0.732723        1.762     0.153974   510.146667     0.933333   0   0     2.594180 
 53 308   0.603031      412.470      135.428     0.736751      268.704  60.63     0.730644        0.900     0.162521   511.680000     1.533333   0   0     2.457282 
 54 308   0.633655      430.560      109.620     0.741737      287.052  64.77     0.730530        1.417     0.195982   512.773333     1.093333   0   0     2.480055 
 55 308   0.741540      431.258      108.720     0.742683      288.083  65.00     0.730835        3.836     0.205701   514.533333     1.760000   0   0     2.421164 
 56 308   0.551048      431.708      108.630     0.743351      289.023  65.21     0.731102        0.172     0.167825   514.733333     0.200000   0   0     2.414178 
 57 308   0.441004      431.753      108.473     0.745236      290.428  65.53     0.731404        3.683     0.003493   515.306667     0.573333   1   0     2.428334 
 58 308   0.414119      432.113      107.820     0.745840      291.618  65.80     0.730806        3.112     0.020474   516.986667     1.680000   1   0     2.453392 
 59 308   0.634518      439.898       90.203     0.748648      301.198  67.96     0.729528        1.112     0.336327   520.693333     3.706667   0   0     2.551816 
 60 308   0.486611      450.068       58.613     0.756533      314.325  70.92     0.731534        2.321     0.126489   524.773333     4.080000   0   0     2.609449 
 61 308   0.413647      449.798       58.568     0.756657      314.325  70.92     0.731534        8.362     0.005513   530.760000     5.986667   1   0     2.655823 
 62 308   0.412220      450.023       58.478     0.757197      315.402  71.16     0.732874        0.888     0.162749   546.813333    16.053333   0   0     2.699773 
 63 308   0.421688      450.450       56.498     0.765454      320.735  72.37     0.738704        5.622     0.004971   558.893333    12.080000   1   0     2.718404 
 64 308   0.412689      450.450       55.733     0.768113      323.290  72.94     0.740792        0.669     0.012997   573.640000    14.746667   0   0     2.735851 
 65 308   0.417217      450.765       55.418     0.768950      326.137  73.59     0.741695        3.363     0.172061   583.453333     9.813333   1   0     2.753296 
 66 308   0.446932      450.720       55.418     0.769340      326.893  73.76     0.742951        0.329     0.128822   621.880000    38.426667   0   0     2.830383 
 67 308   0.451545      450.698       55.395     0.771288      327.597  73.92     0.745244        3.650     0.322490   657.533333    35.653333   1   0     2.879000 
 68 308   0.420726      450.698       55.395     0.771472      327.834  73.97     0.745632        0.627     0.010998   664.760000     7.226667   0   0     2.889019 
 69 308   0.425184      451.148       55.395     0.773959      330.376  74.54     0.748118        3.083     0.019809   677.653333    12.893333   1   0     2.934991 
 70 308   0.417363      451.103       55.395     0.775406      331.222  74.73     0.749717        0.985     0.006347   684.706667     7.053333   0   0     2.963907 
 71 308   0.423672      450.698       55.395     0.775452      331.222  74.73     0.749717        0.000     0.000000   689.720000     5.013333   0   1     2.981722 
 72 308   0.016336      452.003       54.045     0.777860      334.435  75.46     0.749965        7.955     0.426111   709.080000    19.360000   0   1     2.974043 
 73 308   0.013407      454.883       52.583     0.780391      338.789  76.44     0.751373        0.223     0.431309   728.600000    19.520000   0   1     2.975262 
 74 308   0.020940      455.220       51.728     0.782487      340.043  76.72     0.752369       14.719     0.538015   732.600000     4.000000   0   1     2.981102 
 75 308   0.193527      459.495       40.703     0.791321      352.148  79.45     0.755246        0.523     0.287777   736.226667     3.626667   0   1     3.182211 
 76 308   0.004219      459.990       51.683     0.794010      352.875  79.62     0.757450       14.752     0.579267   758.640000    22.413333   0   1     3.182411 
 77 308   0.006215      460.508       55.575     0.794979      353.972  79.87     0.758174       14.752     0.245934   779.360000    20.720000   1   1     3.182457 
 78 308   0.137228      462.983       49.770     0.797657      359.542  81.12     0.758110        1.973     0.536143   784.066667     4.706667   0   1     3.198355 
 79 308   0.033197      469.913       43.020     0.801969      367.975  83.03     0.758784        4.953     0.129419   789.680000     5.613333   0   1     3.193317 
 80 308   0.007489      470.273       50.108     0.802197      368.764  83.20     0.759239       14.415     0.168382   801.133333    11.453333   0   1     3.196047 
 81 308   0.007373      470.745       49.365     0.804275      372.297  84.00     0.760626       14.415     0.001715   810.293333     9.160000   1   1     3.216447 
 82 308   0.029792      471.960       48.960     0.804585      373.167  84.20     0.760440        1.661     0.113366   813.306667     3.013333   0   1     3.209815 
 83 308   0.250944      473.603       47.498     0.805476      376.417  84.93     0.759509        4.981     0.452900   814.893333     1.586667   0   1     3.266708 
 84 308   0.085983      474.120       46.350     0.806722      379.340  85.59     0.759542        4.989     0.292941   816.653333     1.760000   0   1     3.282052 
 85 308   0.009078      474.728       47.903     0.806831      379.476  85.62     0.759965       16.702     0.110532   836.200000    19.546667   0   1     3.290903 
 86 308   0.008941      475.088       47.498     0.807379      380.705  85.90     0.759913       16.702     0.000608   854.426667    18.226667   1   1     3.298852 
 87 308   0.002756      475.178       47.498     0.808672      382.476  86.30     0.761618       15.103     0.609056   885.253333    30.826667   0   1     3.299358 
 88 308   0.008583      475.515       47.700     0.808823      382.873  86.39     0.761805        1.878     0.333547   902.613333    17.360000   0   1     3.304134 
 89 308   0.012196      475.515       47.700     0.809520      383.354  86.50     0.762246        0.703     0.002786   915.346667    12.733333   0   1     3.306306 
 90 308   0.013945      475.808       47.520     0.809483      383.663  86.57     0.762196        0.605     0.169598   926.893333    11.546667   0   1     3.310661 
 91 308   0.009190      476.213       47.205     0.811239      384.830  86.83     0.763729       17.418     0.004636   937.920000    11.026667   1   1     3.312195 
 92 308   0.059739      477.968       47.520     0.813159      388.274  87.61     0.764511        5.019     0.359215   940.093333     2.173333   0   1     3.307856 
 93 308   0.053912      479.318       44.460     0.815544      391.902  88.42     0.765446        0.176     0.116655   941.733333     1.640000   0   1     3.334884 
 94 308   0.096509      480.443       43.785     0.815646      392.409  88.54     0.765200        1.236     0.120446   944.880000     3.146667   0   1     3.327068 
 95 308   0.119938      480.465       43.718     0.815642      392.456  88.55     0.765168        0.334     0.009109   945.946667     1.066667   0   1     3.391870 
 96 308   0.114466      480.465       43.718     0.815683      392.456  88.55     0.765168        6.324     0.021164   947.560000     1.613333   1   1     3.501084 
 97 308   0.033015      489.578       55.980     0.818577      392.469  88.55     0.765531        5.960     0.169093   951.586667     4.026667   0   1     3.514141 
 98 308   0.054536      489.578       55.980     0.818723      392.564  88.57     0.765663        0.194     0.117113   954.120000     2.533333   0   1     3.552549 
 99 308   0.057022      489.668       55.980     0.818764      392.566  88.57     0.765688        0.219     0.111495   956.413333     2.293333   0   1     3.590487 
100 308   0.059509      489.690       55.958     0.818755      392.566  88.57     0.765688        5.905     0.008044   958.586667     2.173333   1   1     3.614850 
