#scene........................: /home/eldamian/nbvEverardo/models/laboratory.wrl
#triangles....................: 361767
#Total triangles' area........: 443.205414 (m2)
#sensor aperture..............: 135.000000 x 70.000000 (deg)
#range image size.............: 350 x 80
#sensor blind distances.......: 0.500000 .. 30.000000 (m)
#sensor blind angle...........: 80.000000
#sensor Gaussian noise std dev: 0.012000 (m)
#views number.................: 100 
#optimization method..........: Simulated Annealing
#robust optimization..........: ON
#view iterations fitness vxl_occupied(m2) occplane(m2) vxl_quality tri_imaged(m2) tri_imaged(%) tri_quality travelled(m) energy total_time single_time backstep change delta_f_accum
  0   0  -0.000000       18.338        0.000     0.641809       15.030   3.39     0.643016        0.000     0.000000     0.000000     0.000000   0   0     0.000000 
  1 300   0.644313       27.473        0.000     0.628786       22.845   5.15     0.633184        0.000     0.077427     0.266667     0.266667   0   0     0.000000 
  2 300   0.618759       80.010       29.993     0.567034       32.130   7.25     0.621199        0.000     0.109925     0.573333     0.306667   0   0     0.000000 
  3 300   0.607466      117.968       24.300     0.658974       56.200  12.68     0.693017        6.680     0.260011     1.466667     0.893333   0   0    -0.005731 
  4 300   0.666920      163.058       38.768     0.655966       71.315  16.09     0.694344        2.471     0.317841    11.346667     9.880000   0   0     0.054970 
  5 300   0.627775      213.165       76.590     0.659372       91.634  20.68     0.691992        2.090     0.263055    28.626667    17.280000   0   0     0.053763 
  6 300   0.574480      223.650       76.680     0.671550      103.873  23.44     0.684250        1.279     0.092812    48.533333    19.906667   0   0     0.098720 
  7 300   0.770208      234.810       84.780     0.668131      112.126  25.30     0.674471        3.739     0.125014    70.106667    21.573333   0   0     0.171088 
  8 300   0.646019      284.535      213.570     0.642997      120.273  27.14     0.669255        4.541     0.304817    93.493333    23.386667   0   0     0.389212 
  9 300   0.556066      289.553      212.198     0.645177      128.351  28.96     0.665746        2.415     0.313286   113.613333    20.120000   0   0     0.547225 
 10 300   0.632812      295.448      162.225     0.643694      134.993  30.46     0.664286        1.244     0.181200   136.760000    23.146667   0   0     0.585865 
 11 300   0.586467      303.210      148.410     0.664120      147.181  33.21     0.676933        4.049     0.287349   158.693333    21.933333   0   0     0.716571 
 12 300   0.603807      304.763      147.758     0.666857      150.310  33.91     0.678398        2.431     0.643449   183.200000    24.506667   0   0     0.755048 
 13 300   0.430304      305.685      142.335     0.670283      154.025  34.75     0.679996        5.107     0.044282   214.373333    31.173333   1   0     0.788885 
 14 300   0.553911      314.438      131.243     0.668855      161.267  36.39     0.675265        4.930     0.519650   219.346667     4.973333   0   0     0.792962 
 15 300   0.754224      356.850      146.543     0.653992      175.775  39.66     0.669864        3.383     0.111409   222.293333     2.946667   0   0     0.807309 
 16 300   0.533632      360.675      140.783     0.671120      187.838  42.38     0.674324        3.389     0.166737   231.573333     9.280000   0   0     0.778135 
 17 300   0.406100      362.318      132.908     0.672258      192.123  43.35     0.674495        3.389     0.000070   260.626667    29.053333   1   0     0.814076 
 18 300   0.721811      375.525      136.350     0.671274      201.723  45.51     0.671796        3.193     0.198041   263.373333     2.746667   0   0     0.845824 
 19 300   0.617914      401.040      112.005     0.671206      216.891  48.94     0.669459        1.318     0.190827   265.106667     1.733333   0   0     0.986914 
 20 300   0.530174      410.468       97.605     0.675340      224.130  50.57     0.670833        2.755     0.081842   267.666667     2.560000   0   0     1.067042 
 21 300   0.508037      415.395       80.010     0.682899      234.333  52.87     0.673476        1.099     0.079993   269.706667     2.040000   0   0     1.111384 
 22 300   0.602301      419.333       75.465     0.684705      240.744  54.32     0.671832        3.422     0.189716   273.640000     3.933333   0   0     1.230348 
 23 300   0.480569      420.390       74.340     0.687363      241.938  54.59     0.674369        1.116     0.169721   276.200000     2.560000   0   0     1.253564 
 24 300   0.505514      421.808       72.990     0.689591      244.857  55.25     0.675592        5.541     0.200891   279.466667     3.266667   0   0     1.298097 
 25 300   0.570914      429.323       66.803     0.698184      258.763  58.38     0.680549        2.746     0.215689   281.893333     2.426667   0   0     1.339052 
 26 300   0.425086      427.793       65.385     0.706540      266.155  60.05     0.686321        1.856     0.024764   285.200000     3.306667   0   0     1.354298 
 27 300   0.421278      428.220       65.385     0.706637      266.628  60.16     0.685974        4.554     0.003574   289.506667     4.306667   1   0     1.360410 
 28 300   0.695539      430.605       63.945     0.706598      270.986  61.14     0.684036        2.007     0.156184   293.506667     4.000000   0   0     1.424530 
 29 300   0.468108      433.125       64.688     0.708508      274.571  61.95     0.684784       14.630     0.277515   309.560000    16.053333   0   0     1.438191 
 30 300   0.540227      435.443       62.370     0.710705      277.706  62.66     0.684622        1.412     0.172288   341.893333    32.333333   0   0     1.490494 
 31 300   0.481971      448.448       48.038     0.711999      287.272  64.82     0.682428        3.628     0.274222   359.493333    17.600000   0   0     1.509680 
 32 300   0.517107      448.718       47.475     0.713772      288.371  65.06     0.683423        6.521     0.525834   379.826667    20.333333   0   0     1.603307 
 33 300   0.451668      448.988       46.575     0.716034      289.881  65.41     0.685623        6.521     0.005150   405.040000    25.213333   1   0     1.625861 
 34 300   0.417864      448.988       46.575     0.716175      289.948  65.42     0.685808        3.628     0.030129   409.093333     4.053333   1   0     1.654295 
 35 300   0.429658      449.505       44.573     0.718165      293.542  66.23     0.684743       15.228     0.004698   438.266667    29.173333   1   0     1.638320 
 36 300   0.390126      449.393       44.573     0.721665      295.477  66.67     0.686600        2.687     0.176210   441.800000     3.533333   0   0     1.667944 
 37 300   0.437695      449.663       43.470     0.724334      297.384  67.10     0.687504        2.196     0.022056   444.453333     2.653333   0   0     1.716461 
 38 300   0.422002      449.978       43.470     0.726370      298.158  67.27     0.689146        4.687     0.017404   448.293333     3.840000   1   0     1.711976 
 39 300   0.519388      450.788       43.268     0.728170      299.872  67.66     0.689695        6.002     0.028227   450.866667     2.573333   0   0     1.757985 
 40 300   0.443010      450.968       43.178     0.729254      300.961  67.91     0.690293        0.460     0.030076   452.760000     1.893333   0   0     1.755591 
 41 300   0.426881      450.968       43.178     0.729293      300.961  67.91     0.690293        6.212     0.001849   455.480000     2.720000   1   0     1.809162 
 42 300   0.437090      450.720       43.133     0.730157      301.327  67.99     0.691227        2.112     0.165995   458.320000     2.840000   0   0     1.827600 
 43 300   0.443791      453.645       38.903     0.733411      304.207  68.64     0.691830        6.482     0.006473   462.240000     3.920000   1   0     1.889285 
 44 300   0.399374      454.140       41.288     0.734872      304.796  68.77     0.693339        4.330     0.000689   472.466667    10.226667   1   0     1.926388 
 45 300   0.400308      453.938       40.815     0.738466      305.649  68.96     0.696174        0.844     0.117974   475.826667     3.360000   0   0     1.956532 
 46 300   0.420884      457.875       35.438     0.746067      312.894  70.60     0.700775        2.160     0.198296   479.546667     3.720000   0   0     1.993976 
 47 300   0.413737      457.628       35.190     0.749276      315.106  71.10     0.704242        4.521     0.011810   497.040000    17.493333   1   0     2.034587 
 48 300   0.419072      457.380       35.168     0.754088      318.871  71.95     0.707153        3.383     0.001485   502.546667     5.506667   1   0     2.054933 
 49 300   0.408301      457.515       34.763     0.755193      321.559  72.55     0.708108        4.930     0.019650   531.413333    28.866667   1   0     2.067094 
 50 300   0.415248      458.325       32.918     0.756851      326.079  73.57     0.709578        0.610     0.198812   550.466667    19.053333   0   0     2.088589 
 51 300   0.425576      459.720       32.445     0.761063      329.934  74.44     0.712426        3.245     0.009143   583.640000    33.173333   1   0     2.115246 
 52 300   0.429766      459.923       27.653     0.763887      336.145  75.84     0.714781        1.709     0.170871   613.466667    29.826667   0   0     2.165195 
 53 300   0.426519      459.990       27.045     0.766748      341.856  77.13     0.717609        3.689     0.019293   639.786667    26.320000   1   0     2.182867 
 54 300   0.419771      460.035       26.910     0.767042      344.636  77.76     0.719189        0.646     0.065628   673.066667    33.280000   0   0     2.231730 
 55 300   0.424589      461.453       26.415     0.769922      346.971  78.29     0.721589        6.829     0.091500   701.426667    28.360000   1   0     2.254919 
 56 300   0.370299      462.128       26.190     0.772752      350.076  78.99     0.724155        5.277     0.300040   704.053333     2.626667   0   0     2.286555 
 57 300   0.418295      462.083       26.190     0.773136      350.252  79.03     0.724631        5.277     0.154057   707.573333     3.520000   1   0     2.313710 
 58 300   0.405703      462.443       26.190     0.776342      351.333  79.27     0.728601        2.173     0.136654   711.560000     3.986667   0   0     2.343532 
 59 300   0.422520      462.533       26.190     0.776441      351.333  79.27     0.728601        0.000     0.000000   715.586667     4.026667   0   1     2.380504 
 60 300   0.002245      462.443       26.190     0.776630      351.646  79.34     0.729201        2.047     0.276832   718.306667     2.720000   0   1     2.380190 
 61 300   0.184746      464.018       26.865     0.776219      352.665  79.57     0.728375        6.737     0.362480   720.613333     2.306667   0   1     2.423508 
 62 300   0.135914      464.693       26.528     0.777118      354.771  80.05     0.729190        6.737     0.029147   723.573333     2.960000   1   1     2.423991 
 63 300   0.005137      467.640       32.940     0.778306      355.994  80.32     0.730489       12.369     0.541177   744.626667    21.053333   0   1     2.424196 
 64 300   0.007784      469.665       30.825     0.784782      360.335  81.30     0.731667        3.422     0.292635   773.253333    28.626667   0   1     2.430226 
 65 300   0.005176      469.890       30.735     0.785439      360.771  81.40     0.732590        2.980     0.295734   804.186667    30.933333   0   1     2.430458 
 66 300   0.014002      470.588       29.295     0.789644      364.082  82.15     0.735772        2.000     0.295175   835.533333    31.346667   0   1     2.431299 
 67 300   0.003879      471.060       29.183     0.791708      367.139  82.84     0.738441        3.421     0.021244   856.280000    20.746667   1   1     2.430951 
 68 300   0.006862      470.858       28.665     0.795037      368.877  83.23     0.741718        3.898     0.605549   885.413333    29.133333   0   1     2.435737 
 69 300   0.002567      470.858       28.665     0.795938      369.812  83.44     0.742905        0.394     0.587649   915.386667    29.973333   0   1     2.437550 
 70 300   0.003120      470.903       28.845     0.796250      370.283  83.55     0.743593        0.965     0.149459   928.413333    13.026667   0   1     2.437154 
 71 300   0.013641      473.265       27.518     0.799106      374.282  84.45     0.745319        4.207     0.115664   962.093333    33.680000   0   1     2.438442 
 72 300   0.001993      473.490       27.158     0.800463      376.851  85.03     0.745819        3.142     0.249641   983.026667    20.933333   0   1     2.438404 
 73 300   0.002469      473.490       27.158     0.800664      377.169  85.10     0.746701        4.909     0.427323  1012.026667    29.000000   0   1     2.437365 
 74 300   0.002827      473.490       27.158     0.801971      378.620  85.43     0.748006        4.909     0.016563  1037.786667    25.760000   1   1     2.437396 
 75 300   0.002637      473.580       27.068     0.802604      378.870  85.48     0.748704        7.185     0.245942  1040.746667     2.960000   0   1     2.437529 
 76 300   0.003100      474.368       28.440     0.803164      379.096  85.53     0.749628       11.902     0.380655  1052.813333    12.066667   0   1     2.437750 
 77 300   0.006804      474.368       28.440     0.803672      379.142  85.55     0.750397        1.227     0.175516  1084.213333    31.400000   0   1     2.437776 
 78 300   0.006879      474.278       28.440     0.804357      379.426  85.61     0.751524       13.003     0.002897  1118.026667    33.813333   1   1     2.438174 
 79 300   0.029848      474.548       28.125     0.806765      380.542  85.86     0.754037        3.938     0.336791  1121.560000     3.533333   0   1     2.442703 
 80 300   0.026955      474.638       28.125     0.806817      381.319  86.04     0.753883        3.938     0.003458  1124.693333     3.133333   1   1     2.457679 
 81 300   0.000883      474.098       28.125     0.807504      382.106  86.21     0.755548        9.092     0.425868  1129.813333     5.120000   0   1     2.457852 
 82 300   0.002479      474.053       28.125     0.807802      382.468  86.30     0.756023        2.705     0.529225  1159.853333    30.040000   0   1     2.458223 
 83 300   0.003260      474.143       28.125     0.808009      382.749  86.36     0.756529        0.007     0.156451  1190.960000    31.106667   0   1     2.458138 
 84 300   0.003192      474.143       28.035     0.808251      383.672  86.57     0.756385       11.750     0.183702  1210.666667    19.706667   1   1     2.457791 
 85 300   0.000926      474.165       28.013     0.808610      383.890  86.62     0.756636        2.221     0.511028  1214.333333     3.666667   0   1     2.457953 
 86 300   0.002996      474.683       28.260     0.810698      384.982  86.86     0.758834        5.437     0.202864  1218.053333     3.720000   0   1     2.460885 
 87 300   0.021618      476.820       26.348     0.813192      389.035  87.78     0.760217        6.580     0.501060  1221.120000     3.066667   0   1     2.457069 
 88 300   0.056955      478.080       24.863     0.813072      391.350  88.30     0.760167        2.055     0.164645  1224.120000     3.000000   0   1     2.457615 
 89 300   0.020015      479.250       24.638     0.816281      392.905  88.65     0.764130        1.252     0.315120  1227.426667     3.306667   0   1     2.453789 
 90 300   0.008395      482.130       30.128     0.816407      393.140  88.70     0.764314        5.741     0.005552  1230.866667     3.440000   1   1     2.450246 
 91 300   0.026808      483.030       30.128     0.817656      393.145  88.71     0.766024        5.437     0.015513  1234.133333     3.266667   1   1     2.457595 
 92 300   0.007341      483.098       30.105     0.818286      393.263  88.73     0.767147        4.528     0.320797  1237.786667     3.653333   0   1     2.456937 
 93 300   0.009749      482.873       30.060     0.818747      393.280  88.74     0.767803        2.095     0.169961  1242.133333     4.346667   0   1     2.455387 
 94 300   0.008541      482.873       30.060     0.818800      393.326  88.75     0.767941        6.262     0.004854  1246.946667     4.813333   1   1     2.457879 
 95 300   0.002570      482.873       30.060     0.819115      393.549  88.80     0.768009        9.597     0.207258  1265.093333    18.146667   0   1     2.457073 
 96 300   0.003234      482.873       30.060     0.819188      393.570  88.80     0.768080        1.681     0.001080  1285.506667    20.413333   0   1     2.459190 
 97 300   0.007375      483.188       30.060     0.819298      393.630  88.81     0.768242        1.768     0.589907  1315.880000    30.373333   0   1     2.460977 
 98 300   0.008647      483.435       29.880     0.820990      393.769  88.85     0.770053       10.833     0.008507  1344.960000    29.080000   1   1     2.462042 
 99 300   0.038128      487.260       44.685     0.821314      393.955  88.89     0.770299        8.738     0.124111  1349.160000     4.200000   0   1     2.468176 
100 300   0.045899      487.125       44.685     0.821568      394.016  88.90     0.770556        8.738     0.014186  1353.480000     4.320000   1   1     2.470667 
