#scene........................: /home/eldamian/nbvEverardo/models/laboratory.wrl
#triangles....................: 361767
#Total triangles' area........: 443.205414 (m2)
#sensor aperture..............: 135.000000 x 70.000000 (deg)
#range image size.............: 350 x 80
#sensor blind distances.......: 0.500000 .. 30.000000 (m)
#sensor blind angle...........: 80.000000
#sensor Gaussian noise std dev: 0.012000 (m)
#views number.................: 100 
#optimization method..........: Evolution Strategy
#robust optimization..........: ON
#view iterations fitness vxl_occupied(m2) occplane(m2) vxl_quality tri_imaged(m2) tri_imaged(%) tri_quality travelled(m) energy total_time single_time backstep change delta_f_accum
  0   0  -0.000000       18.338        0.000     0.641809       15.030   3.39     0.643016        0.000     0.000000     0.000000     0.000000   0   0     0.000000 
  1 308   0.644313       27.473        0.000     0.628786       22.845   5.15     0.633184        0.000     0.077427     0.280000     0.280000   0   0     0.000000 
  2 308   0.435288       47.970        9.743     0.653144       26.022   5.87     0.637934        1.218     0.242428     0.346667     0.066667   0   0    -0.000877 
  3 308   0.414601       48.375        9.743     0.652317       26.022   5.87     0.637934        0.000     0.000000     0.373333     0.026667   0   0    -0.000877 
  4 308   0.415416       48.420        9.698     0.652262       26.022   5.87     0.637934        0.000     0.000000     0.400000     0.026667   0   0    -0.000877 
  5 308   0.494197       50.873        9.698     0.649547       28.591   6.45     0.630346        0.351     0.152013     0.573333     0.173333   0   0    -0.003808 
  6 308   0.427944       50.918        9.698     0.649864       28.591   6.45     0.630346        0.000     0.000000     0.693333     0.120000   0   0    -0.002082 
  7 308   0.427871       50.918        9.698     0.650024       28.591   6.45     0.630346        0.000     0.000000     0.786667     0.093333   0   0     0.001296 
  8 308   0.428396       50.918        9.698     0.650103       28.591   6.45     0.630346        0.000     0.000000     0.906667     0.120000   0   0     0.002407 
  9 308   0.428269       50.985        9.698     0.649995       28.591   6.45     0.630346        0.000     0.000000     1.013333     0.106667   0   0     0.004805 
 10 308   0.428984       50.985        9.698     0.649979       28.591   6.45     0.630346        0.000     0.000000     1.040000     0.026667   0   0     0.004805 
 11 308   0.428910       51.008        9.698     0.650093       28.820   6.50     0.628829        0.037     0.000351     1.213333     0.173333   0   0     0.006894 
 12 308   0.459853       66.510        9.270     0.669297       42.418   9.57     0.654086        9.402     0.194492     1.693333     0.480000   0   0    -0.003726 
 13 308   0.416772      110.318       95.693     0.610686       49.324  11.13     0.644347        9.402     0.027826     1.933333     0.240000   1   0    -0.054656 
 14 308   0.654540      147.645       83.160     0.667165       70.594  15.93     0.677624        8.707     0.230052     4.960000     3.026667   0   0    -0.044203 
 15 308   0.761515      180.855       76.860     0.694588       92.347  20.84     0.692606        0.627     0.547310    11.133333     6.173333   0   0     0.461325 
 16 308   0.703903      212.063       65.543     0.696642      111.477  25.15     0.694925        1.800     0.354026    21.186667    10.053333   0   0     0.864706 
 17 308   0.721370      245.498       96.233     0.681209      117.519  26.52     0.690744        3.631     0.197791    24.560000     3.373333   0   0     0.886927 
 18 308   0.693449      252.180      131.288     0.678374      125.053  28.22     0.685286        4.617     0.142748    30.840000     6.280000   0   0     0.933555 
 19 308   0.608266      263.048      130.995     0.686178      136.466  30.79     0.688260        1.514     0.290151    39.480000     8.640000   0   0     1.443628 
 20 308   0.714326      264.893      130.455     0.687857      138.640  31.28     0.689358        3.656     0.487570    45.173333     5.693333   0   0     1.756484 
 21 308   0.623555      274.140      130.208     0.691581      146.704  33.10     0.691498        1.456     0.092947    54.106667     8.933333   0   0     1.614900 
 22 308   0.521237      300.060      132.548     0.704579      157.725  35.59     0.698093        2.448     0.379774    58.240000     4.133333   0   0     1.636587 
 23 308   0.613965      301.365      132.323     0.708741      160.282  36.16     0.700308        7.891     0.310546    62.480000     4.240000   0   0     1.526880 
 24 308   0.547610      303.548      131.805     0.708317      162.959  36.77     0.697922        4.823     0.151410    70.533333     8.053333   0   0     1.666977 
 25 308   0.660852      305.348      130.838     0.710949      166.495  37.57     0.697681        3.528     0.147176    74.613333     4.080000   0   0     1.590967 
 26 308   0.495748      317.273      127.193     0.704727      168.988  38.13     0.698738        3.846     0.172451    75.893333     1.280000   0   0     1.659803 
 27 308   0.773332      327.555      119.453     0.698128      176.484  39.82     0.696275        6.051     0.018868    77.200000     1.306667   0   0     1.691303 
 28 308   0.668172      366.750      184.095     0.695240      193.447  43.65     0.698202        0.912     0.317985    79.893333     2.693333   0   0     1.601332 
 29 308   0.703317      369.675      181.260     0.695783      197.571  44.58     0.697374        0.282     0.301518    80.853333     0.960000   0   0     1.451021 
 30 308   0.605146      374.378      176.265     0.695762      201.288  45.42     0.697224        1.727     0.006201    82.400000     1.546667   0   0     1.548242 
 31 308   0.564944      381.623      161.190     0.700364      212.752  48.00     0.697138        0.805     0.472243    84.600000     2.200000   0   0     1.590892 
 32 308   0.596235      383.985      159.975     0.701403      215.943  48.72     0.696454        5.664     0.620472    87.733333     3.133333   0   0     1.800754 
 33 308   0.667832      386.348      155.880     0.703728      219.868  49.61     0.696411        3.493     0.155419    90.800000     3.066667   0   0     1.872270 
 34 308   0.415094      386.213      156.150     0.704611      220.206  49.68     0.697464        0.937     0.009576    93.466667     2.666667   0   0     1.895904 
 35 308   0.424639      387.765      153.473     0.707426      222.473  50.20     0.698517        4.191     0.029560    96.053333     2.586667   1   0     1.936277 
 36 308   0.414970      387.810      153.473     0.708194      222.585  50.22     0.699716        0.814     0.168911    97.786667     1.733333   0   0     1.945397 
 37 308   0.426989      387.900      153.473     0.708634      222.606  50.23     0.700634        3.779     0.023230   100.173333     2.386667   1   0     1.973857 
 38 308   0.528463      392.963      151.740     0.709581      226.659  51.14     0.700589        3.781     0.284029   102.253333     2.080000   0   0     2.069786 
 39 308   0.604914      404.460      149.693     0.713947      236.460  53.35     0.701762        9.993     0.084563   103.720000     1.466667   0   0     2.025409 
 40 308   0.505315      405.833      148.545     0.718447      240.924  54.36     0.705001        1.556     0.260388   105.960000     2.240000   0   0     2.047866 
 41 308   0.418541      405.518      148.095     0.719958      241.979  54.60     0.706034        2.754     0.297627   107.866667     1.906667   0   0     2.143450 
 42 308   0.557079      415.665      103.230     0.733609      260.029  58.67     0.713340        3.425     0.478516   109.933333     2.066667   0   0     2.248677 
 43 308   0.681722      425.025       93.263     0.728230      266.275  60.08     0.709121        1.352     0.154851   111.186667     1.253333   0   0     2.694382 
 44 308   0.590582      444.375       66.938     0.726509      278.298  62.79     0.707294        1.070     0.200121   113.120000     1.933333   0   0     2.725220 
 45 308   0.726804      449.708       61.515     0.727433      284.663  64.23     0.706494        3.692     0.247193   114.933333     1.813333   0   0     2.740330 
 46 308   0.710256      451.913       58.860     0.728326      287.913  64.96     0.705433        1.060     0.425004   116.066667     1.133333   0   0     2.844168 
 47 308   0.555653      454.433       55.823     0.730473      292.217  65.93     0.704668        2.020     0.016084   117.240000     1.173333   0   0     2.870388 
 48 308   0.477368      454.770       55.238     0.731397      293.186  66.15     0.705567        0.432     0.358346   119.080000     1.840000   0   0     2.862009 
 49 308   0.419133      454.815       55.238     0.733723      295.052  66.57     0.706008        3.270     0.003399   120.173333     1.093333   1   0     2.869324 
 50 308   0.435356      454.793       54.923     0.735999      296.316  66.86     0.707476        1.183     0.004547   122.066667     1.893333   0   0     2.941993 
 51 308   0.429753      454.320       54.923     0.736561      296.783  66.96     0.707740       10.333     0.025137   123.666667     1.600000   1   0     2.952386 
 52 308   0.431739      454.365       54.923     0.736587      296.783  66.96     0.707740        3.781     0.028122   126.186667     2.520000   1   0     2.948361 
 53 308   0.418186      454.770       54.518     0.737577      297.707  67.17     0.708250        3.846     0.005784   129.333333     3.146667   1   0     2.992841 
 54 308   0.457618      456.255       53.168     0.737778      300.166  67.73     0.707319        3.700     0.338310   136.813333     7.480000   0   0     2.960992 
 55 308   0.677503      456.975       51.638     0.739542      301.946  68.13     0.707904        2.887     0.335227   142.200000     5.386667   0   0     2.968252 
 56 308   0.568587      457.583       50.625     0.741020      303.848  68.56     0.708434        0.325     0.344773   146.400000     4.200000   0   0     3.141730 
 57 308   0.588990      457.718       49.635     0.741640      304.164  68.63     0.709052        0.402     0.023037   151.386667     4.986667   0   0     3.256107 
 58 308   0.431181      457.988       49.275     0.741433      304.560  68.72     0.708659        6.283     0.004726   155.720000     4.333333   1   0     3.321919 
 59 308   0.420823      457.988       49.275     0.741448      304.560  68.72     0.708659        3.528     0.001193   160.346667     4.626667   1   0     3.385969 
 60 308   0.413007      457.988       49.275     0.741507      304.561  68.72     0.708739        4.823     0.005427   169.693333     9.346667   1   0     3.434463 
 61 308   0.418519      458.010       49.208     0.742182      304.722  68.75     0.709648        7.891     0.013271   172.266667     2.573333   1   0     3.477351 
 62 308   0.434252      458.010       48.983     0.742606      304.743  68.76     0.710268        0.732     0.020802   176.853333     4.586667   0   0     3.545761 
 63 308   0.425616      458.055       48.848     0.742717      304.846  68.78     0.710521        0.973     0.030274   183.280000     6.426667   0   0     3.594164 
 64 308   0.430579      458.235       48.803     0.743889      305.645  68.96     0.712265        4.293     0.155000   185.946667     2.666667   1   0     3.631694 
 65 308   0.412727      458.235       48.803     0.744211      305.704  68.98     0.712731        3.232     0.176992   193.546667     7.600000   1   0     3.706685 
 66 308   0.422277      458.190       48.803     0.744527      305.793  69.00     0.713077        3.631     0.031124   196.000000     2.453333   1   0     3.733499 
 67 308   0.410463      458.325       48.803     0.745990      306.086  69.06     0.715344        0.119     0.147706   206.866667    10.866667   0   0     3.785400 
 68 308   0.424651      458.055       48.398     0.751254      310.664  70.09     0.724503        0.828     0.378204   226.440000    19.573333   0   0     3.843129 
 69 308   0.452416      459.158       48.240     0.755826      313.450  70.72     0.729066        8.216     0.282580   245.746667    19.306667   1   0     3.938565 
 70 308   0.416224      460.080       48.128     0.757833      314.793  71.03     0.731215        1.153     0.016245   248.320000     2.573333   0   0     3.960372 
 71 308   0.422405      460.080       48.128     0.757993      314.793  71.03     0.731215        0.000     0.000000   250.440000     2.120000   0   1     3.980891 
 72 308   0.034934      462.285       48.263     0.761069      319.543  72.10     0.732415        6.594     0.022451   252.586667     2.146667   0   1     4.000800 
 73 308   0.031372      462.375       48.263     0.761119      319.543  72.10     0.732415        6.594     0.022451   254.413333     1.826667   1   1     3.984457 
 74 308   0.017086      462.263       48.240     0.761662      320.406  72.29     0.732433        0.785     0.610784   257.266667     2.853333   0   1     3.984821 
 75 308   0.085733      464.085       51.840     0.762570      322.720  72.82     0.732700        9.360     0.021893   258.920000     1.653333   0   1     4.061787 
 76 308   0.066993      466.290       48.960     0.764455      327.811  73.96     0.732704        1.026     0.278207   261.213333     2.293333   0   1     4.127002 
 77 308   0.037128      470.115       42.885     0.777046      336.611  75.95     0.738765        1.872     0.178195   264.160000     2.946667   0   1     4.120533 
 78 308   0.026097      470.318       42.773     0.777892      337.566  76.16     0.739211        4.974     0.316127   265.213333     1.053333   0   1     4.128651 
 79 308   0.036172      470.183       42.773     0.778004      337.717  76.20     0.739365        0.198     0.156997   267.786667     2.573333   0   1     4.135246 
 80 308   0.037659      470.475       42.570     0.779866      340.727  76.88     0.741756        5.102     0.014493   268.906667     1.120000   1   1     4.155349 
 81 308   0.054718      471.015       41.265     0.781341      341.871  77.14     0.742636       12.513     0.142891   275.933333     7.026667   0   1     4.185202 
 82 308   0.148209      471.443       40.545     0.782480      343.259  77.45     0.743035       13.001     0.282766   277.026667     1.093333   0   1     4.142841 
 83 308   0.048972      474.840       34.155     0.788392      353.317  79.72     0.744053       12.183     0.369052   280.533333     3.506667   0   1     4.174459 
 84 308   0.023089      475.470       34.110     0.788865      353.799  79.83     0.744658        5.756     0.318167   287.000000     6.466667   0   1     4.182951 
 85 308   0.012278      475.155       33.705     0.791290      358.944  80.99     0.744964        0.742     0.195021   293.786667     6.786667   0   1     4.185923 
 86 308   0.009766      474.818       33.705     0.791771      361.057  81.46     0.743957        6.184     0.028562   299.733333     5.946667   1   1     4.186438 
 87 308   0.010941      474.863       33.705     0.794079      363.731  82.07     0.746498        6.016     0.611751   305.266667     5.533333   0   1     4.181081 
 88 308   0.014464      474.638       33.435     0.798739      368.499  83.14     0.748445        6.016     0.022511   313.066667     7.800000   1   1     4.175378 
 89 308   0.008418      474.570       33.143     0.799119      369.553  83.38     0.749676        5.787     0.344773   324.786667    11.720000   0   1     4.171411 
 90 308   0.007158      474.345       32.648     0.802226      370.995  83.71     0.750365        6.160     0.366092   327.333333     2.546667   0   1     4.165009 
 91 308   0.006062      474.480       32.738     0.802254      371.087  83.73     0.750754        6.081     0.194423   337.133333     9.800000   0   1     4.166761 
 92 308   0.007951      474.480       32.738     0.802262      371.116  83.73     0.750838        0.129     0.005380   344.853333     7.720000   0   1     4.174743 
 93 308   0.007982      474.390       32.648     0.803341      372.532  84.05     0.751533        6.102     0.001692   351.226667     6.373333   1   1     4.180972 
 94 308   0.005675      474.570       32.648     0.803687      372.732  84.10     0.752780        5.747     0.080817   358.853333     7.626667   0   1     4.187853 
 95 308   0.014000      474.570       32.648     0.804008      372.874  84.13     0.753256        0.830     0.191103   363.973333     5.120000   0   1     4.187428 
 96 308   0.014565      474.615       32.603     0.804770      374.041  84.39     0.754344        6.387     0.000362   367.786667     3.813333   1   1     4.191839 
 97 308   0.007039      476.865       31.343     0.807603      380.176  85.78     0.752833        4.276     0.629391   380.906667    13.120000   0   1     4.192871 
 98 308   0.004434      476.865       31.343     0.808127      380.481  85.85     0.754175        2.830     0.580454   393.773333    12.866667   0   1     4.195511 
 99 308   0.006029      476.865       31.388     0.808275      380.665  85.89     0.754495        0.474     0.163562   406.786667    13.013333   0   1     4.200049 
100 308   0.007662      476.820       31.388     0.808268      380.795  85.92     0.754586        0.805     0.010743   414.560000     7.773333   0   1     4.202085 
