#scene........................: /home/eldamian/nbvEverardo/models/laboratory.wrl
#triangles....................: 361767
#Total triangles' area........: 443.205414 (m2)
#sensor aperture..............: 135.000000 x 70.000000 (deg)
#range image size.............: 350 x 80
#sensor blind distances.......: 0.500000 .. 30.000000 (m)
#sensor blind angle...........: 80.000000
#sensor Gaussian noise std dev: 0.012000 (m)
#views number.................: 100 
#optimization method..........: Evolution Strategy
#robust optimization..........: ON
#view iterations fitness vxl_occupied(m2) occplane(m2) vxl_quality tri_imaged(m2) tri_imaged(%) tri_quality travelled(m) energy total_time single_time backstep change delta_f_accum
  0   0  -0.000000       18.338        0.000     0.641809       15.030   3.39     0.643016        0.000     0.000000     0.000000     0.000000   0   0     0.000000 
  1 308   0.644313       27.473        0.000     0.628786       22.845   5.15     0.633184        0.000     0.077427     0.280000     0.280000   0   0     0.000000 
  2 308   0.436531       47.970        9.743     0.653144       26.022   5.87     0.637934        1.218     0.242428     0.373333     0.093333   0   0    -0.005021 
  3 308   0.414249       48.375        9.743     0.652317       26.022   5.87     0.637934        0.000     0.000000     0.493333     0.120000   0   0    -0.003848 
  4 308   0.414944       48.420        9.698     0.652262       26.022   5.87     0.637934        0.000     0.000000     0.760000     0.266667   0   0    -0.013793 
  5 308   0.415578       48.488        9.585     0.651891       26.022   5.87     0.637934        0.000     0.000000     0.813333     0.053333   0   0    -0.013339 
  6 308   0.415318       48.488        9.563     0.652387       26.022   5.87     0.637934        0.000     0.000000     0.920000     0.106667   0   0    -0.011489 
  7 308   0.504317       50.918        9.563     0.648687       28.504   6.43     0.628110        0.029     0.151510     1.080000     0.160000   0   0     0.005581 
  8 308   0.428669       50.940        9.563     0.649003       28.504   6.43     0.628110        0.000     0.000000     1.213333     0.133333   0   0     0.004600 
  9 308   0.429014       51.008        9.563     0.649001       28.504   6.43     0.628110        0.000     0.000000     1.453333     0.240000   0   0     0.001021 
 10 308   0.428917       51.008        9.563     0.649078       28.504   6.43     0.628110        0.000     0.000000     1.653333     0.200000   0   0     0.001127 
 11 308   0.429432       51.008        9.563     0.649127       28.504   6.43     0.628110        0.000     0.000000     1.706667     0.053333   0   0     0.001169 
 12 308   0.429066       51.008        9.563     0.649257       28.504   6.43     0.628110        0.000     0.000000     1.746667     0.040000   0   0     0.002692 
 13 308   0.429436       51.008        9.563     0.649286       28.504   6.43     0.628110        0.000     0.000000     1.893333     0.146667   0   0     0.004638 
 14 308   0.429339       51.030        9.563     0.649319       28.504   6.43     0.628110        0.000     0.000000     1.973333     0.080000   0   0     0.007129 
 15 308   0.435174       53.213        9.563     0.650011       31.183   7.04     0.626463        0.392     0.338310     2.253333     0.280000   0   0     0.024518 
 16 308   0.428866       53.348        9.563     0.650095       31.183   7.04     0.626463        0.000     0.000000     2.320000     0.066667   0   0     0.027577 
 17 308   0.539439       77.805       36.338     0.631608       39.609   8.94     0.631302        0.213     0.146520     2.586667     0.266667   0   0     0.052531 
 18 308   0.392926       77.603       36.180     0.634040       39.609   8.94     0.631302        0.000     0.000000     2.680000     0.093333   0   0     0.054574 
 19 308   0.393399       77.378       36.113     0.635354       39.609   8.94     0.631302        0.000     0.000000     2.746667     0.066667   0   0     0.055043 
 20 308   0.393265       77.198       36.045     0.636536       39.609   8.94     0.631302        0.000     0.000000     2.893333     0.146667   0   0     0.055991 
 21 308   0.393579       77.085       35.843     0.636710       39.609   8.94     0.631302        0.000     0.000000     2.960000     0.066667   0   0     0.056800 
 22 308   0.391887       77.018       35.685     0.636631       39.609   8.94     0.631302        0.000     0.000000     3.013333     0.053333   0   0     0.063499 
 23 308   0.393680       76.995       35.640     0.637087       39.609   8.94     0.631302        0.000     0.000000     3.066667     0.053333   0   0     0.064411 
 24 308   0.393534       77.018       35.753     0.637228       39.609   8.94     0.631302        0.000     0.000000     3.293333     0.226667   0   0     0.064250 
 25 308   0.391451       76.950       35.753     0.637648       39.609   8.94     0.631302        0.000     0.000000     3.426667     0.133333   0   0     0.073694 
 26 308   0.392722       76.973       35.753     0.637607       39.609   8.94     0.631302        0.000     0.000000     3.586667     0.160000   0   0     0.066015 
 27 308   0.392836       76.950       35.753     0.637580       39.609   8.94     0.631302        0.000     0.000000     3.960000     0.373333   0   0     0.073360 
 28 308   0.391836       76.770       35.798     0.637755       39.609   8.94     0.631302        0.000     0.000000     4.013333     0.053333   0   0     0.079731 
 29 308   0.393387       76.770       35.753     0.637504       39.609   8.94     0.631302        0.000     0.000000     4.133333     0.120000   0   0     0.080696 
 30 308   0.392216       76.793       35.753     0.637646       39.609   8.94     0.631302        0.000     0.000000     4.240000     0.106667   0   0     0.085569 
 31 308   0.393453       76.680       35.730     0.638037       39.609   8.94     0.631302        0.000     0.000000     4.293333     0.053333   0   0     0.086342 
 32 308   0.392691       76.590       35.730     0.638239       39.609   8.94     0.631302        0.000     0.000000     4.360000     0.066667   0   0     0.089912 
 33 308   0.494442      145.980      143.843     0.600394       57.873  13.06     0.643779        0.217     0.218097     4.746667     0.386667   0   0     0.085297 
 34 308   0.401254      148.253      144.630     0.600571       57.873  13.06     0.643779        0.000     0.000000     5.133333     0.386667   0   0     0.096524 
 35 308   0.613763      168.683      158.400     0.602431       69.798  15.75     0.636355        3.131     0.002470     5.920000     0.786667   0   0     0.131423 
 36 308   0.741983      181.013      153.540     0.603785       79.699  17.98     0.629690        2.163     0.187564     8.493333     2.573333   0   0     0.206419 
 37 308   0.580593      205.943      151.110     0.601997       94.409  21.30     0.624479        2.469     0.132566     9.480000     0.986667   0   0     0.203337 
 38 308   0.701016      227.993      244.575     0.635550      107.506  24.26     0.651359        2.316     0.365448    14.186667     4.706667   0   0     0.257242 
 39 308   0.663544      231.120      236.745     0.650828      115.779  26.12     0.657163        2.275     0.358789    17.680000     3.493333   0   0     0.220555 
 40 308   0.616550      233.955      238.838     0.653087      118.603  26.76     0.656725        4.214     0.184201    20.120000     2.440000   0   0     0.146104 
 41 308   0.555588      235.508      237.870     0.655693      121.072  27.32     0.657406        0.636     0.031243    22.000000     1.880000   0   0     0.035119 
 42 308   0.496631      236.070      236.903     0.655969      122.285  27.59     0.655680        0.962     0.101550    23.946667     1.946667   0   0     0.036076 
 43 308   0.454690      237.825      227.970     0.663620      126.931  28.64     0.662967        4.683     0.010414    25.960000     2.013333   1   0     0.030790 
 44 308   0.637131      242.663      216.675     0.667251      133.277  30.07     0.661763        2.473     0.082153    28.680000     2.720000   0   0     0.028293 
 45 308   0.561148      243.225      216.315     0.669671      134.338  30.31     0.663314        0.284     0.257236    30.146667     1.466667   0   0    -0.000502 
 46 308   0.549247      243.720      216.068     0.672004      135.744  30.63     0.664538        1.283     0.001644    31.506667     1.360000   0   0     0.042803 
 47 308   0.447971      243.900      215.978     0.672770      136.237  30.74     0.664799        0.230     0.002158    33.133333     1.626667   0   0    -0.015374 
 48 308   0.462790      243.968      215.618     0.675954      137.757  31.08     0.666323        0.717     0.014215    35.160000     2.026667   0   0     0.001331 
 49 308   0.420489      243.923      215.618     0.676667      138.085  31.16     0.666900        0.350     0.011924    37.226667     2.066667   0   0     0.019168 
 50 308   0.422343      244.103      215.438     0.679852      139.162  31.40     0.668907        4.054     0.021054    39.706667     2.480000   1   0     0.046207 
 51 308   0.416929      244.103      215.438     0.679885      139.202  31.41     0.668845        5.135     0.013895    41.786667     2.080000   1   0     0.064372 
 52 308   0.429216      244.103      215.438     0.679889      139.202  31.41     0.668845        0.000     0.000000    42.466667     0.680000   0   0     0.068808 
 53 308   0.429671      244.103      215.438     0.679891      139.202  31.41     0.668845        0.000     0.000000    43.773333     1.306667   0   0     0.080528 
 54 308   0.429931      244.103      215.438     0.679892      139.202  31.41     0.668845        0.000     0.000000    44.600000     0.826667   0   0     0.100172 
 55 308   0.429996      244.103      215.438     0.679894      139.202  31.41     0.668845        0.000     0.000000    45.626667     1.026667   0   0     0.110663 
 56 308   0.429332      244.103      215.438     0.679895      139.202  31.41     0.668845        0.000     0.000000    46.520000     0.893333   0   0     0.100434 
 57 308   0.430226      244.103      215.438     0.679896      139.202  31.41     0.668845        0.000     0.000000    47.840000     1.320000   0   0     0.121351 
 58 308   0.430270      244.103      215.438     0.679897      139.202  31.41     0.668845        0.000     0.000000    49.533333     1.693333   0   0     0.126891 
 59 308   0.430281      244.103      215.438     0.679898      139.202  31.41     0.668845        0.000     0.000000    50.173333     0.640000   0   0     0.134474 
 60 308   0.545563      282.645      225.068     0.678055      153.248  34.58     0.675080        3.579     0.638555    51.160000     0.986667   0   0     0.152947 
 61 308   0.773877      317.340      207.450     0.673305      175.507  39.60     0.675139        3.913     0.222645    65.920000    14.760000   0   0     0.289301 
 62 308   0.760784      358.673      209.633     0.678325      195.070  44.01     0.678089        1.535     0.428941    80.226667    14.306667   0   0     0.452533 
 63 308   0.722727      382.388      179.303     0.675825      207.871  46.90     0.671271        0.056     0.192074   109.653333    29.426667   0   0     0.529684 
 64 308   0.742169      386.505      175.275     0.675369      212.255  47.89     0.668594        0.301     0.227201   130.333333    20.680000   0   0     0.705301 
 65 308   0.722748      395.550      177.165     0.683023      221.657  50.01     0.675648        2.136     0.213374   153.320000    22.986667   0   0     0.801969 
 66 308   0.631442      411.053      154.620     0.688764      234.080  52.82     0.682287        0.634     0.273173   175.106667    21.786667   0   0     0.942841 
 67 308   0.577426      425.273      132.750     0.702944      246.388  55.59     0.687971        1.958     0.428452   187.920000    12.813333   0   0     1.094312 
 68 308   0.571910      429.705      110.880     0.708911      254.290  57.38     0.692145        4.535     0.116648   205.813333    17.893333   0   0     1.179686 
 69 308   0.569371      441.990       85.523     0.715221      262.773  59.29     0.693668        1.495     0.112406   219.946667    14.133333   0   0     1.184320 
 70 308   0.424790      443.025       84.983     0.716709      265.792  59.97     0.695151        0.398     0.021167   231.733333    11.786667   0   0     1.206083 
 71 308   0.466202      446.355       80.843     0.715606      269.528  60.81     0.693594        0.387     0.113437   245.893333    14.160000   0   0     1.227684 
 72 308   0.613480      449.190       79.785     0.718352      272.380  61.46     0.693505        1.972     0.378906   250.240000     4.346667   0   0     1.324058 
 73 308   0.553260      450.855       78.233     0.718607      275.108  62.07     0.692406        0.546     0.112600   257.213333     6.973333   0   0     1.382981 
 74 308   0.508590      450.923       76.410     0.719269      278.398  62.81     0.691872        6.407     0.333865   267.773333    10.560000   0   0     1.474772 
 75 308   0.438500      456.773       57.443     0.727827      289.018  65.21     0.697323        1.305     0.559206   300.253333    32.480000   0   0     1.492704 
 76 308   0.438875      456.458       57.263     0.732272      292.955  66.10     0.707696        1.549     0.074607   349.480000    49.226667   0   0     1.558788 
 77 308   0.450808      457.403       56.948     0.735767      295.068  66.58     0.711922        5.741     0.299948   405.333333    55.853333   1   0     1.627644 
 78 308   0.414521      458.190       56.790     0.739725      300.768  67.86     0.714918        7.122     0.006738   411.506667     6.173333   1   0     1.643680 
 79 308   0.416157      458.325       56.790     0.740760      303.194  68.41     0.715120        0.320     0.004158   437.613333    26.106667   0   0     1.668778 
 80 308   0.471419      458.235       56.093     0.742645      305.585  68.95     0.714294        0.266     0.270493   451.840000    14.226667   0   0     1.707466 
 81 308   0.427538      458.280       55.913     0.743260      306.203  69.09     0.714508        0.553     0.006737   464.906667    13.066667   0   0     1.705174 
 82 308   0.473460      458.078       55.688     0.744269      307.080  69.29     0.714817        1.141     0.010188   484.440000    19.533333   0   0     1.752978 
 83 308   0.575038      458.460       55.035     0.746026      309.042  69.73     0.715305        3.571     0.363522   502.213333    17.773333   0   0     1.744696 
 84 308   0.488077      457.650       54.923     0.747931      311.230  70.22     0.715298        1.167     0.002199   513.120000    10.906667   0   0     1.793480 
 85 308   0.431644      457.875       54.923     0.748532      311.705  70.33     0.716336        0.945     0.152342   528.226667    15.106667   0   0     1.887687 
 86 308   0.441539      458.078       54.585     0.748994      312.406  70.49     0.716667        3.295     0.034350   542.933333    14.706667   1   0     1.932462 
 87 308   0.454540      458.213       53.393     0.749209      315.499  71.19     0.715501        3.812     0.024339   558.360000    15.426667   1   0     1.955373 
 88 308   0.417688      459.135       51.728     0.754256      319.093  72.00     0.721759        0.047     0.215539   592.160000    33.800000   0   0     2.028045 
 89 308   0.426375      458.753       50.130     0.758889      323.609  73.02     0.723138        4.571     0.209339   624.680000    32.520000   1   0     2.069668 
 90 308   0.407180      458.483       49.950     0.760792      324.657  73.25     0.724335        1.313     0.156989   631.400000     6.720000   0   0     2.133203 
 91 308   0.422560      458.438       49.950     0.760859      324.657  73.25     0.724335        0.000     0.000000   638.880000     7.480000   0   1     2.222432 
 92 308   0.022260      459.653       48.758     0.765034      327.901  73.98     0.726750        4.452     0.179382   645.653333     6.773333   0   1     2.237288 
 93 308   0.194245      462.555       35.460     0.770063      335.891  75.79     0.729157        9.742     0.189998   651.093333     5.440000   0   1     2.228565 
 94 308   0.036737      463.568       34.875     0.771675      337.566  76.16     0.729731       16.316     0.633276   671.693333    20.600000   0   1     2.238161 
 95 308   0.194497      465.795       33.368     0.772141      339.497  76.60     0.729849       18.774     0.342553   676.533333     4.840000   0   1     2.272845 
 96 308   0.016507      466.133       39.510     0.772276      340.460  76.82     0.730118       17.719     0.342366   706.320000    29.786667   0   1     2.263671 
 97 308   0.008410      466.763       47.115     0.774563      343.651  77.54     0.731516       17.719     0.009033   727.853333    21.533333   1   1     2.265114 
 98 308   0.049093      471.645       40.950     0.775064      349.284  78.81     0.732107        1.592     0.125953   731.506667     3.653333   0   1     2.264557 
 99 308   0.042426      472.095       40.815     0.775006      349.336  78.82     0.732056        2.677     0.114041   735.266667     3.760000   0   1     2.256367 
100 308   0.044590      472.208       40.793     0.775280      349.336  78.82     0.732056       19.801     0.002693   738.773333     3.506667   1   1     2.250001 
