#scene........................: /home/eldamian/nbvEverardo/models/studying_room.wrl
#triangles....................: 107322
#Total triangles' area........: 170.448196 (m2)
#sensor aperture..............: 135.000000 x 70.000000 (deg)
#range image size.............: 350 x 80
#sensor blind distances.......: 0.500000 .. 30.000000 (m)
#sensor blind angle...........: 80.000000
#sensor Gaussian noise std dev: 0.012000 (m)
#views number.................: 100 
#optimization method..........: Simulated Annealing
#robust optimization..........: ON
#view iterations fitness vxl_occupied(m2) occplane(m2) vxl_quality tri_imaged(m2) tri_imaged(%) tri_quality travelled(m) energy total_time single_time backstep change delta_f_accum
  0   0  -0.000000       16.628        4.838     0.635252       10.896   6.39     0.627871        0.000     0.000000     0.000000     0.000000   0   0     0.000000 
  1 300   0.640074       26.033        5.220     0.621800       18.741  10.99     0.612062        0.000     0.077427     0.226667     0.226667   0   0     0.000000 
  2 300   0.630752       42.728       24.615     0.678270       23.472  13.77     0.665242        0.000     0.187351     0.546667     0.320000   0   0     0.000000 
  3 300   0.631051       54.293       34.358     0.690208       29.268  17.17     0.685591        0.000     0.166667     0.840000     0.293333   0   0     0.000000 
  4 300   0.598785       83.475       50.040     0.649959       39.521  23.19     0.676262        0.000     0.276591     1.173333     0.333333   0   0     0.000000 
  5 300   0.584294       98.730       62.933     0.645241       46.069  27.03     0.684623        0.000     0.077427     1.560000     0.386667   0   0     0.000000 
  6 300   0.591092      103.613       61.988     0.651737       52.750  30.95     0.679367        0.000     0.166667     1.920000     0.360000   0   0     0.000000 
  7 300   0.565540      144.383       90.338     0.648706       69.459  40.75     0.683092        0.000     0.255907     2.360000     0.440000   0   0     0.000000 
  8 300   0.619685      143.933      102.240     0.651852       76.352  44.79     0.684727        0.000     0.077427     2.786667     0.426667   0   0     0.000000 
  9 300   0.621253      143.078      109.373     0.663316       79.243  46.49     0.691031        0.000     0.109925     3.226667     0.440000   0   0     0.000000 
 10 300   0.584562      143.415      121.253     0.672550       81.770  47.97     0.693573        0.000     0.500000     3.773333     0.546667   0   0     0.000000 
 11 300   0.531424      143.190      125.190     0.676049       81.876  48.04     0.693664        0.000     0.145982     4.386667     0.613333   0   0     0.000000 
 12 300   0.516077      143.033      131.130     0.678444       81.910  48.06     0.693715        0.000     0.333333     4.866667     0.480000   0   0     0.000000 
 13 300   0.470399      145.463      132.638     0.675137       88.551  51.95     0.683255        0.000     0.500000     5.306667     0.440000   0   0     0.000000 
 14 300   0.452666      145.418      132.638     0.675291       88.551  51.95     0.683255        0.000     0.244093     5.813333     0.506667   0   0     0.000000 
 15 300   0.525121      157.005      119.610     0.683301       97.624  57.27     0.685574        5.405     0.376294     5.893333     0.080000   0   0     0.022259 
 16 300   0.615878      159.413      122.130     0.690722      100.882  59.19     0.689824        0.933     0.129376     6.146667     0.253333   0   0     0.032199 
 17 300   0.634161      163.193      125.460     0.691706      100.882  59.19     0.689824        5.079     0.151652     6.213333     0.066667   1   0     0.032199 
 18 300   0.400533      171.203      126.360     0.696442      110.072  64.58     0.684434        5.539     0.459724     6.333333     0.120000   0   0     0.033518 
 19 300   0.431729      171.203      126.360     0.696659      110.452  64.80     0.685408        1.067     0.202416     6.586667     0.253333   0   0     0.041177 
 20 300   0.453199      170.978      126.405     0.696930      110.452  64.80     0.685408        6.525     0.147383     6.746667     0.160000   1   0     0.046928 
 21 300   0.703799      170.753      126.090     0.698233      110.452  64.80     0.685408        0.000     0.109925     7.333333     0.586667   0   0     0.046928 
 22 300   0.655338      170.528      126.023     0.699732      110.452  64.80     0.685408        0.000     0.500000     7.746667     0.413333   0   0     0.046928 
 23 300   0.708811      169.898      125.888     0.701391      110.452  64.80     0.685408        0.000     0.109925     8.240000     0.493333   0   0     0.046928 
 24 300   0.618646      169.875      125.910     0.701711      110.452  64.80     0.685408        0.000     0.276591     8.706667     0.466667   0   0     0.046928 
 25 300   0.576527      169.875      125.910     0.703209      110.452  64.80     0.685408        0.000     0.145982     9.293333     0.586667   0   0     0.046928 
 26 300   0.377259      171.293      124.538     0.703701      111.783  65.58     0.687156        3.617     0.312496     9.360000     0.066667   0   0     0.050988 
 27 300   0.420381      171.180      124.515     0.704109      111.783  65.58     0.687156        3.617     0.145829     9.386667     0.026667   1   0     0.050988 
 28 300   0.390559      171.113      124.515     0.706353      112.273  65.87     0.688173        3.635     0.437731     9.400000     0.013333   0   0     0.050988 
 29 300   0.436904      171.225      124.470     0.709113      114.218  67.01     0.687930        3.635     0.161140     9.413333     0.013333   1   0     0.050988 
 30 300   0.398576      171.630      123.345     0.713060      117.825  69.13     0.686387        4.948     0.485214     9.493333     0.080000   0   0     0.048857 
 31 300   0.409990      171.338      123.278     0.713718      117.825  69.13     0.686387        4.948     0.131196     9.520000     0.026667   1   0     0.048857 
 32 300   0.522930      172.733      121.140     0.720233      118.126  69.30     0.690887        3.276     0.329013     9.653333     0.133333   0   0     0.061930 
 33 300   0.585668      172.733      121.140     0.720298      118.126  69.30     0.690887        3.276     0.162347     9.733333     0.080000   1   0     0.078351 
 34 300   0.698194      172.823      121.095     0.721019      118.126  69.30     0.690887        0.000     0.145982    10.280000     0.546667   0   0     0.078351 
 35 300   0.700515      172.418      121.118     0.720942      118.126  69.30     0.690887        0.000     0.109925    10.840000     0.560000   0   0     0.078351 
 36 300   0.608492      172.373      121.163     0.721241      118.126  69.30     0.690887        0.000     0.609924    11.466667     0.626667   0   0     0.078351 
 37 300   0.331809      172.283      121.118     0.721800      118.320  69.42     0.691828        5.466     0.650531    11.520000     0.053333   0   0     0.081452 
 38 300   0.483447      172.193      121.118     0.722457      118.915  69.77     0.693139        1.123     0.144070    11.813333     0.293333   0   0     0.073745 
 39 300   0.496951      172.193      121.118     0.722664      118.915  69.77     0.693139        4.914     0.163992    11.973333     0.160000   1   0     0.087245 
 40 300   0.533942      172.913      123.233     0.725417      119.241  69.96     0.694769        5.238     0.312112    12.000000     0.026667   0   0     0.087245 
 41 300   0.618070      172.913      123.233     0.725456      119.241  69.96     0.694769        5.238     0.166129    12.080000     0.080000   1   0     0.093015 
 42 300   0.695471      172.890      123.120     0.725463      119.241  69.96     0.694769        0.000     0.145982    12.746667     0.666667   0   0     0.093015 
 43 300   0.693751      172.845      123.098     0.725419      119.241  69.96     0.694769        0.000     0.109925    13.306667     0.560000   0   0     0.093015 
 44 300   0.292901      173.700      119.858     0.729127      123.463  72.43     0.693570        5.454     0.652012    13.360000     0.053333   0   0     0.100186 
 45 300   0.453689      173.633      119.858     0.729406      123.693  72.57     0.693841        1.170     0.471162    13.533333     0.173333   0   0     0.110887 
 46 300   0.516216      173.790      118.890     0.732774      125.053  73.37     0.697075        0.403     0.352316    13.893333     0.360000   0   0     0.148068 
 47 300   0.552455      173.790      118.890     0.732929      125.053  73.37     0.697075        5.143     0.157530    13.986667     0.093333   1   0     0.147126 
 48 300   0.684600      173.948      118.868     0.733263      125.053  73.37     0.697075        0.000     0.166667    14.600000     0.613333   0   0     0.147126 
 49 300   0.635260      173.768      118.868     0.733447      125.053  73.37     0.697075        0.000     0.500000    15.226667     0.626667   0   0     0.147126 
 50 300   0.690660      173.475      118.733     0.733364      125.053  73.37     0.697075        0.000     0.109925    15.813333     0.586667   0   0     0.147126 
 51 300   0.602411      173.475      118.733     0.733648      125.053  73.37     0.697075        0.000     0.276591    16.373333     0.560000   0   0     0.147126 
 52 300   0.572187      173.475      118.733     0.733707      125.053  73.37     0.697075        0.000     0.145982    16.906667     0.533333   0   0     0.147126 
 53 300   0.548105      173.408      118.710     0.733762      125.053  73.37     0.697075        0.000     0.312649    17.586667     0.680000   0   0     0.147126 
 54 300   0.563017      173.408      118.710     0.734639      125.053  73.37     0.697075        0.000     0.145982    18.160000     0.573333   0   0     0.147126 
 55 300   0.455081      173.408      118.710     0.734782      125.053  73.37     0.697075        0.000     0.500000    18.786667     0.626667   0   0     0.147126 
 56 300   0.424129      174.780      111.443     0.741927      129.116  75.75     0.697469        5.816     0.162372    18.960000     0.173333   0   0     0.142117 
 57 300   0.413828      175.028      111.375     0.741905      129.116  75.75     0.697469        5.816     0.162372    19.120000     0.160000   1   0     0.140002 
 58 300   0.346911      174.150      111.308     0.748415      129.847  76.18     0.702716        2.619     0.519696    19.200000     0.080000   0   0     0.135572 
 59 300   0.409183      174.150      111.308     0.748711      129.847  76.18     0.702716        0.000     0.000000    19.253333     0.053333   0   1     0.140269 
 60 300   0.055605      176.130      107.775     0.755709      134.959  79.18     0.704771        3.515     0.141171    19.666667     0.413333   0   1     0.149606 
 61 300   0.000054      175.635      107.775     0.759005      135.132  79.28     0.708100        3.515     0.031247    19.733333     0.066667   1   1     0.149426 
 62 300   0.013982      176.535      108.990     0.759260      135.972  79.77     0.708143        4.018     0.354558    19.920000     0.186667   0   1     0.143626 
 63 300   0.041560      177.660      109.395     0.763683      138.428  81.21     0.713351        1.594     0.187736    20.213333     0.293333   0   1     0.134117 
 64 300   0.035301      180.315      108.180     0.765793      140.677  82.53     0.716906        3.294     0.082183    20.360000     0.146667   0   1     0.131952 
 65 300   0.022116      180.315      108.180     0.766209      140.861  82.64     0.719220        3.294     0.004757    20.386667     0.026667   1   1     0.131952 
 66 300   0.005656      180.315      108.135     0.768286      141.624  83.09     0.719836        1.682     0.093106    20.640000     0.253333   0   1     0.138585 
 67 300   0.005023      179.910      108.135     0.769628      141.689  83.13     0.721000        3.831     0.014754    20.773333     0.133333   1   1     0.141490 
 68 300   0.000016      179.640      108.045     0.770810      142.263  83.46     0.721645        3.612     0.190590    20.960000     0.186667   0   1     0.141437 
 69 300   0.000000      179.640      108.045     0.770881      142.263  83.46     0.721645        3.612     0.023923    20.986667     0.026667   1   1     0.141437 
 70 300   0.063956      180.023      108.248     0.771551      142.590  83.66     0.723163        2.890     0.355014    21.080000     0.093333   0   1     0.141437 
 71 300   0.069358      179.933      108.158     0.771632      142.590  83.66     0.723163        3.295     0.164682    21.106667     0.026667   1   1     0.141437 
 72 300   0.074073      180.923      107.438     0.774591      143.909  84.43     0.725764        3.387     0.294238    21.213333     0.106667   0   1     0.141163 
 73 300   0.000855      180.608      107.438     0.775259      144.916  85.02     0.724737        3.387     0.163629    21.240000     0.026667   1   1     0.141163 
 74 300   0.160098      185.985      109.913     0.789655      147.117  86.31     0.732282        6.067     0.491531    21.280000     0.040000   0   1     0.141163 
 75 300   0.337197      187.133      110.025     0.790799      147.176  86.35     0.733515        0.695     0.262633    21.360000     0.080000   0   1     0.141163 
 76 300   0.352448      186.998      109.980     0.790735      147.176  86.35     0.733515        6.513     0.144240    21.400000     0.040000   1   1     0.141163 
 77 300   0.001512      187.088      109.485     0.791239      147.421  86.49     0.733749        6.319     0.479155    21.453333     0.053333   0   1     0.140001 
 78 300   0.044863      187.088      109.305     0.791509      147.622  86.61     0.735186        1.296     0.361249    21.693333     0.240000   0   1     0.132165 
 79 300   0.046199      186.998      109.305     0.791562      147.622  86.61     0.735186        5.847     0.153053    21.813333     0.120000   1   1     0.132165 
 80 300   0.505469      186.930      109.283     0.791671      147.622  86.61     0.735186        0.000     0.145982    22.466667     0.653333   0   1     0.132165 
 81 300   0.000403      186.818      109.080     0.792637      147.868  86.75     0.737475        3.152     0.776043    22.533333     0.066667   0   1     0.132058 
 82 300   0.000591      186.638      109.080     0.792703      149.487  87.70     0.735826        3.152     0.166119    22.573333     0.040000   1   1     0.131653 
 83 300   0.212286      186.863      108.990     0.793104      149.936  87.97     0.735628        5.529     0.296242    22.600000     0.026667   0   1     0.132195 
 84 300   0.219098      186.863      108.990     0.793090      150.277  88.17     0.735912        5.529     0.129575    22.640000     0.040000   1   1     0.132386 
 85 300   0.333842      189.765      105.390     0.794762      152.827  89.66     0.737197        6.289     0.412988    22.893333     0.253333   0   1     0.147119 
 86 300   0.372624      189.968      105.458     0.794793      152.827  89.66     0.737197        6.289     0.136397    23.186667     0.293333   1   1     0.149159 
 87 300   0.013817      189.923      105.188     0.796245      152.901  89.70     0.739461        0.798     0.498308    23.266667     0.080000   0   1     0.149159 
 88 300   0.015550      189.855      105.188     0.797011      153.086  89.81     0.740113        5.872     0.002602    23.346667     0.080000   1   1     0.149176 
 89 300   0.123690      190.980      105.053     0.797068      153.363  89.98     0.741016        0.733     0.208314    23.506667     0.160000   0   1     0.148203 
 90 300   0.262410      191.003      102.870     0.797677      153.737  90.20     0.742006        0.513     0.178312    23.840000     0.333333   0   1     0.139064 
 91 300   0.346162      190.958      102.870     0.798249      153.827  90.25     0.741941        0.047     0.151710    24.066667     0.226667   0   1     0.153324 
 92 300   0.346790      191.138      102.960     0.798322      153.827  90.25     0.741941        6.430     0.158782    24.186667     0.120000   1   1     0.161129 
 93 300   0.018182      192.015      101.858     0.799511      157.442  92.37     0.740641        6.392     0.591848    24.253333     0.066667   0   1     0.161737 
 94 300   0.001914      192.015      101.858     0.799587      157.442  92.37     0.740641        6.392     0.148590    24.346667     0.093333   1   1     0.161694 
 95 300   0.000000      192.015      101.858     0.801246      157.445  92.37     0.742995        3.606     0.282172    24.440000     0.093333   0   1     0.161694 
 96 300   0.216669      192.083      101.880     0.802278      157.811  92.59     0.743959        3.788     0.468780    24.760000     0.320000   0   1     0.164654 
 97 300   0.255227      192.105      101.813     0.802544      157.812  92.59     0.744392        3.788     0.025522    25.040000     0.280000   1   1     0.164955 
 98 300   0.090363      192.105      101.813     0.802573      157.812  92.59     0.744392        3.606     0.136190    25.066667     0.026667   1   1     0.164955 
 99 300   0.054873      192.015      101.768     0.802478      157.866  92.62     0.744556        3.303     0.454816    25.200000     0.133333   0   1     0.164996 
100 300   0.057530      192.015      101.768     0.802488      157.866  92.62     0.744556        3.303     0.142167    25.253333     0.053333   1   1     0.182380 
