#scene........................: /home/eldamian/nbvEverardo/models/studying_room.wrl
#triangles....................: 107322
#Total triangles' area........: 170.448196 (m2)
#sensor aperture..............: 135.000000 x 70.000000 (deg)
#range image size.............: 350 x 80
#sensor blind distances.......: 0.500000 .. 30.000000 (m)
#sensor blind angle...........: 80.000000
#sensor Gaussian noise std dev: 0.012000 (m)
#views number.................: 100 
#optimization method..........: Evolution Strategy
#robust optimization..........: ON
#view iterations fitness vxl_occupied(m2) occplane(m2) vxl_quality tri_imaged(m2) tri_imaged(%) tri_quality travelled(m) energy total_time single_time backstep change delta_f_accum
  0   0  -0.000000       16.628        4.838     0.635252       10.896   6.39     0.627871        0.000     0.000000     0.000000     0.000000   0   0     0.000000 
  1 308   0.640074       26.033        5.220     0.621800       18.741  10.99     0.612062        0.000     0.077427     0.240000     0.240000   0   0     0.000000 
  2 308   0.630752       42.728       24.615     0.678270       23.472  13.77     0.665242        0.000     0.187351     0.533333     0.293333   0   0     0.000000 
  3 308   0.631051       54.293       34.358     0.690208       29.268  17.17     0.685591        0.000     0.166667     0.853333     0.320000   0   0     0.000000 
  4 308   0.598785       83.475       50.040     0.649959       39.521  23.19     0.676262        0.000     0.276591     1.226667     0.373333   0   0     0.000000 
  5 308   0.584294       98.730       62.933     0.645241       46.069  27.03     0.684623        0.000     0.077427     1.600000     0.373333   0   0     0.000000 
  6 308   0.591092      103.613       61.988     0.651737       52.750  30.95     0.679367        0.000     0.166667     2.053333     0.453333   0   0     0.000000 
  7 308   0.565540      144.383       90.338     0.648706       69.459  40.75     0.683092        0.000     0.255907     2.480000     0.426667   0   0     0.000000 
  8 308   0.619685      143.933      102.240     0.651852       76.352  44.79     0.684727        0.000     0.077427     3.013333     0.533333   0   0     0.000000 
  9 308   0.621253      143.078      109.373     0.663316       79.243  46.49     0.691031        0.000     0.109925     3.573333     0.560000   0   0     0.000000 
 10 308   0.584562      143.415      121.253     0.672550       81.770  47.97     0.693573        0.000     0.500000     4.066667     0.493333   0   0     0.000000 
 11 308   0.531424      143.190      125.190     0.676049       81.876  48.04     0.693664        0.000     0.145982     4.560000     0.493333   0   0     0.000000 
 12 308   0.516077      143.033      131.130     0.678444       81.910  48.06     0.693715        0.000     0.333333     5.106667     0.546667   0   0     0.000000 
 13 308   0.470399      145.463      132.638     0.675137       88.551  51.95     0.683255        0.000     0.500000     5.706667     0.600000   0   0     0.000000 
 14 308   0.452666      145.418      132.638     0.675291       88.551  51.95     0.683255        0.000     0.244093     6.293333     0.586667   0   0     0.000000 
 15 308   0.441142      145.553      134.865     0.675809       89.035  52.24     0.682903        0.000     0.166667     6.706667     0.413333   0   0     0.000000 
 16 308   0.446885      146.115      134.843     0.677098       91.510  53.69     0.680823        0.000     0.166667     7.200000     0.493333   0   0     0.000000 
 17 308   0.419894      145.845      134.910     0.676627       93.372  54.78     0.676247        0.000     0.145982     7.746667     0.546667   0   0     0.000000 
 18 308   0.416684      145.058      135.068     0.675976       96.110  56.39     0.673335        0.000     0.166667     8.280000     0.533333   0   0     0.000000 
 19 308   0.395085      144.383      134.123     0.676750       99.336  58.28     0.668168        0.000     0.166667     8.720000     0.440000   0   0     0.000000 
 20 308   0.366835      143.730      134.550     0.676690      101.328  59.45     0.664718        0.000     0.500000     9.253333     0.533333   0   0     0.000000 
 21 308   0.764791      143.618      137.543     0.677846      101.328  59.45     0.664718        0.000     0.630609     9.693333     0.440000   0   0     0.000000 
 22 308   0.547515      144.675      129.893     0.679498      101.739  59.69     0.668880        3.345     0.161138     9.773333     0.080000   0   0    -0.026779 
 23 308   0.582696      144.563      129.938     0.679558      101.739  59.69     0.668880        3.345     0.161138     9.933333     0.160000   1   0    -0.029528 
 24 308   0.450187      146.160      128.070     0.680315      102.289  60.01     0.670815        3.768     0.163051    10.013333     0.080000   0   0    -0.026153 
 25 308   0.475151      146.183      128.003     0.680535      102.289  60.01     0.670815        3.768     0.163051    10.066667     0.053333   1   0    -0.026153 
 26 308   0.822693      145.755      128.003     0.681135      102.289  60.01     0.670815        0.000     0.109925    10.706667     0.640000   0   0    -0.026153 
 27 308   0.814753      145.800      128.003     0.681594      102.289  60.01     0.670815        0.000     0.109925    11.280000     0.573333   0   0    -0.026153 
 28 308   0.448931      146.138      128.115     0.687426      103.399  60.66     0.672943        5.352     0.304995    11.786667     0.506667   0   0     0.004787 
 29 308   0.532616      146.138      128.183     0.687598      103.399  60.66     0.672943        5.352     0.159013    12.160000     0.373333   1   0    -0.001239 
 30 308   0.828918      145.823      128.385     0.687913      103.399  60.66     0.672943        0.000     0.479316    12.800000     0.640000   0   0    -0.001239 
 31 308   0.735147      145.868      128.363     0.688435      103.399  60.66     0.672943        0.000     0.145982    13.480000     0.680000   0   0    -0.001239 
 32 308   0.732908      145.800      128.498     0.689993      103.399  60.66     0.672943        0.000     0.479316    14.000000     0.520000   0   0    -0.001239 
 33 308   0.814662      145.800      128.498     0.690130      103.399  60.66     0.672943        0.000     0.109925    14.613333     0.613333   0   0    -0.001239 
 34 308   0.643204      145.800      128.498     0.691313      103.399  60.66     0.672943        0.000     0.255907    15.213333     0.600000   0   0    -0.001239 
 35 308   0.621793      145.778      128.498     0.691647      103.399  60.66     0.672943        0.000     0.145982    15.826667     0.613333   0   0    -0.001239 
 36 308   0.382571      154.215      143.393     0.694849      109.130  64.03     0.675669        6.315     0.285952    15.906667     0.080000   0   0    -0.001668 
 37 308   0.626702      154.980      143.348     0.695129      109.130  64.03     0.675669        6.315     0.139970    16.346667     0.440000   1   0    -0.028673 
 38 308   0.779500      155.025      143.843     0.695535      109.130  64.03     0.675669        0.000     0.479316    16.973333     0.626667   0   0    -0.028673 
 39 308   0.678109      154.980      143.843     0.696061      109.130  64.03     0.675669        0.000     0.500000    17.600000     0.626667   0   0    -0.028673 
 40 308   0.739422      154.845      143.798     0.696105      109.130  64.03     0.675669        0.000     0.109925    18.133333     0.533333   0   0    -0.028673 
 41 308   0.622991      154.845      143.798     0.696857      109.130  64.03     0.675669        0.000     0.255907    18.760000     0.626667   0   0    -0.028673 
 42 308   0.643977      154.755      143.798     0.697553      109.130  64.03     0.675669        0.000     0.333333    19.400000     0.640000   0   0    -0.028673 
 43 308   0.523463      157.635      141.345     0.705094      113.038  66.32     0.677428        5.036     0.435878    19.933333     0.533333   0   0     0.183363 
 44 308   0.692480      158.783      139.230     0.709398      115.354  67.68     0.679215        0.480     0.115540    20.346667     0.413333   0   0     0.117588 
 45 308   0.553706      166.410      121.725     0.717375      120.978  70.98     0.684500        0.973     0.266867    21.533333     1.186667   0   0     0.127338 
 46 308   0.464294      166.298      121.793     0.717549      120.978  70.98     0.684500        5.579     0.142128    22.093333     0.560000   1   0     0.160610 
 47 308   0.416263      166.478      121.793     0.719646      121.119  71.06     0.686189        3.624     0.210212    22.200000     0.106667   0   0     0.167804 
 48 308   0.428136      166.410      121.725     0.719518      121.119  71.06     0.686189        3.624     0.132785    22.333333     0.133333   1   0     0.173418 
 49 308   0.674911      166.230      121.725     0.720451      121.119  71.06     0.686189        0.000     0.187351    22.920000     0.586667   0   0     0.173418 
 50 308   0.498272      171.338      121.658     0.722933      122.715  72.00     0.688375        6.278     0.149481    23.346667     0.426667   0   0     0.234466 
 51 308   0.541249      171.248      121.658     0.723046      122.715  72.00     0.688375        6.278     0.149481    23.533333     0.186667   1   0     0.252715 
 52 308   0.693561      171.158      121.658     0.723049      122.715  72.00     0.688375        0.000     0.000000    24.066667     0.533333   0   0     0.252715 
 53 308   0.621708      171.068      121.658     0.723341      122.715  72.00     0.688375        0.000     0.500000    24.680000     0.613333   0   0     0.252715 
 54 308   0.614970      171.135      121.275     0.723480      123.159  72.26     0.690710        0.670     0.162363    24.906667     0.226667   0   0     0.253928 
 55 308   0.628680      171.045      121.275     0.723427      123.159  72.26     0.690710        0.000     0.000000    24.960000     0.053333   0   1     0.253928 
 56 308   0.336255      171.045      121.275     0.723636      123.520  72.47     0.690829        6.734     0.012882    25.066667     0.106667   1   1     0.253119 
 57 308   0.126289      171.810      119.205     0.724600      125.464  73.61     0.692258        2.215     0.116745    25.400000     0.333333   0   1     0.271514 
 58 308   0.108739      171.585      119.205     0.724740      125.464  73.61     0.692258        5.284     0.156302    25.613333     0.213333   1   1     0.271026 
 59 308   0.049836      171.113      118.350     0.726861      125.730  73.76     0.695079        3.582     0.305549    25.666667     0.053333   0   1     0.271026 
 60 308   0.056398      170.393      118.238     0.734506      125.830  73.82     0.703079        0.969     0.081716    25.826667     0.160000   0   1     0.274039 
 61 308   0.061423      170.393      118.238     0.735170      126.017  73.93     0.704336        0.111     0.077612    26.120000     0.293333   0   1     0.284069 
 62 308   0.062465      170.348      118.238     0.735589      126.017  73.93     0.704336        3.123     0.142986    26.186667     0.066667   1   1     0.286624 
 63 308   0.130561      171.113      117.383     0.735885      127.305  74.69     0.703482        4.594     0.328847    26.280000     0.093333   0   1     0.296874 
 64 308   0.142246      171.068      117.383     0.736178      127.305  74.69     0.703482        4.594     0.162180    26.493333     0.213333   1   1     0.318262 
 65 308   0.509210      171.068      117.383     0.736500      127.305  74.69     0.703482        0.000     0.109925    27.173333     0.680000   0   1     0.318262 
 66 308   0.503201      171.068      117.383     0.737051      127.305  74.69     0.703482        0.000     0.145982    27.720000     0.546667   0   1     0.318262 
 67 308   0.499268      171.068      117.383     0.737269      127.305  74.69     0.703482        0.000     0.333333    28.333333     0.613333   0   1     0.318262 
 68 308   0.455386      171.113      117.383     0.737339      127.305  74.69     0.703482        0.000     0.145982    29.013333     0.680000   0   1     0.318262 
 69 308   0.329318      171.113      117.383     0.737594      127.305  74.69     0.703482        0.000     0.609924    29.693333     0.680000   0   1     0.318262 
 70 308   0.207442      171.068      117.383     0.737685      127.305  74.69     0.703482        0.000     0.276591    30.373333     0.680000   0   1     0.318262 
 71 308   0.007755      171.405      117.158     0.741670      127.641  74.89     0.707956        2.871     0.519395    30.480000     0.106667   0   1     0.318388 
 72 308   0.008974      171.135      117.090     0.743352      128.380  75.32     0.707974        8.431     0.023250    30.666667     0.186667   1   1     0.319268 
 73 308   0.016444      171.113      116.978     0.747452      129.374  75.90     0.710909        0.600     0.258472    30.946667     0.280000   0   1     0.315969 
 74 308   0.001027      171.000      116.910     0.749474      130.165  76.37     0.713640        0.504     0.258736    31.346667     0.400000   0   1     0.317220 
 75 308   0.362205      170.955      116.100     0.750770      130.972  76.84     0.715056        0.974     0.360178    31.720000     0.373333   0   1     0.322698 
 76 308   0.388063      172.373      116.888     0.750941      130.972  76.84     0.715056        4.781     0.136231    32.800000     1.080000   1   1     0.368400 
 77 308   0.027126      172.710      116.775     0.750922      131.348  77.06     0.717182        0.698     0.272657    32.826667     0.026667   0   1     0.368400 
 78 308   0.028344      172.710      116.775     0.751498      131.790  77.32     0.717930        6.567     0.022763    32.946667     0.120000   1   1     0.368435 
 79 308   0.257829      172.890      116.100     0.753101      132.528  77.75     0.718329       11.190     0.116317    33.346667     0.400000   0   1     0.355937 
 80 308   0.306277      172.890      115.425     0.753324      132.721  77.87     0.718863       11.190     0.006392    33.613333     0.266667   1   1     0.400517 
 81 308   0.389318      180.788      105.480     0.757775      142.172  83.41     0.718124        0.977     0.361809    34.080000     0.466667   0   1     0.466188 
 82 308   0.046482      180.810      105.210     0.761920      144.421  84.73     0.716218        0.193     0.284894    34.560000     0.480000   0   1     0.461976 
 83 308   0.057594      180.135      104.400     0.765867      146.245  85.80     0.718867        0.317     0.362167    35.120000     0.560000   0   1     0.476381 
 84 308   0.258452      180.203      103.883     0.766977      146.634  86.03     0.719943        0.394     0.135534    35.800000     0.680000   0   1     0.537887 
 85 308   0.257389      180.518      104.198     0.767073      146.634  86.03     0.719943        5.598     0.157942    36.600000     0.800000   1   1     0.600672 
 86 308   0.510896      180.518      104.198     0.767120      146.634  86.03     0.719943        0.000     0.000000    37.266667     0.666667   0   1     0.600672 
 87 308   0.503053      180.518      104.198     0.767340      146.634  86.03     0.719943        0.000     0.145982    37.880000     0.613333   0   1     0.600672 
 88 308   0.494495      180.518      104.198     0.767352      146.634  86.03     0.719943        0.000     0.333333    38.440000     0.560000   0   1     0.600672 
 89 308   0.372354      181.170      101.003     0.768757      149.146  87.50     0.721983        4.542     0.165155    39.133333     0.693333   0   1     0.638191 
 90 308   0.329720      181.553       98.550     0.768815      149.146  87.50     0.721983        4.542     0.165155    39.293333     0.160000   1   1     0.632486 
 91 308   0.143146      181.373       98.505     0.769585      149.717  87.84     0.721541        6.063     0.129936    39.453333     0.160000   0   1     0.670754 
 92 308   0.444370      181.373       98.280     0.776368      149.799  87.89     0.727623        3.384     0.368487    39.800000     0.346667   0   1     0.678936 
 93 308   0.495028      182.228       99.405     0.776787      149.910  87.95     0.727733        3.384     0.035153    40.013333     0.213333   1   1     0.665811 
 94 308   0.480177      182.228       99.315     0.776954      149.994  88.00     0.727829        0.561     0.030222    40.573333     0.560000   0   1     0.724846 
 95 308   0.483189      182.228       99.315     0.776990      149.994  88.00     0.727829        5.626     0.160158    42.093333     1.520000   1   1     0.826430 
 96 308   0.507218      182.228       99.315     0.777154      149.994  88.00     0.727829        0.000     0.145982    42.626667     0.533333   0   1     0.826430 
 97 308   0.499787      182.228       99.315     0.777165      149.994  88.00     0.727829        0.000     0.145982    43.333333     0.706667   0   1     0.826430 
 98 308   0.491051      182.228       99.315     0.777174      149.994  88.00     0.727829        0.000     0.333333    43.840000     0.506667   0   1     0.826430 
 99 308   0.447684      182.205       99.248     0.777162      149.994  88.00     0.727829        0.000     0.145982    44.533333     0.693333   0   1     0.826430 
100 308   0.324554      182.205       99.248     0.777128      149.994  88.00     0.727829        0.000     0.609924    45.200000     0.666667   0   1     0.826430 
