#scene........................: /home/eldamian/nbvEverardo/models/studying_room.wrl
#triangles....................: 107322
#Total triangles' area........: 170.448196 (m2)
#sensor aperture..............: 135.000000 x 70.000000 (deg)
#range image size.............: 350 x 80
#sensor blind distances.......: 0.500000 .. 30.000000 (m)
#sensor blind angle...........: 80.000000
#sensor Gaussian noise std dev: 0.012000 (m)
#views number.................: 100 
#optimization method..........: Simulated Annealing
#robust optimization..........: ON
#view iterations fitness vxl_occupied(m2) occplane(m2) vxl_quality tri_imaged(m2) tri_imaged(%) tri_quality travelled(m) energy total_time single_time backstep change delta_f_accum
  0   0  -0.000000       16.628        4.838     0.635252       10.896   6.39     0.627871        0.000     0.000000     0.000000     0.000000   0   0     0.000000 
  1 300   0.640074       26.033        5.220     0.621800       18.741  10.99     0.612062        0.000     0.077427     0.226667     0.226667   0   0     0.000000 
  2 300   0.630752       42.728       24.615     0.678270       23.472  13.77     0.665242        0.000     0.187351     0.506667     0.280000   0   0     0.000000 
  3 300   0.631051       54.293       34.358     0.690208       29.268  17.17     0.685591        0.000     0.166667     0.813333     0.306667   0   0     0.000000 
  4 300   0.598785       83.475       50.040     0.649959       39.521  23.19     0.676262        0.000     0.276591     1.160000     0.346667   0   0     0.000000 
  5 300   0.584294       98.730       62.933     0.645241       46.069  27.03     0.684623        0.000     0.077427     1.546667     0.386667   0   0     0.000000 
  6 300   0.591092      103.613       61.988     0.651737       52.750  30.95     0.679367        0.000     0.166667     2.013333     0.466667   0   0     0.000000 
  7 300   0.565540      144.383       90.338     0.648706       69.459  40.75     0.683092        0.000     0.255907     2.440000     0.426667   0   0     0.000000 
  8 300   0.619685      143.933      102.240     0.651852       76.352  44.79     0.684727        0.000     0.077427     2.933333     0.493333   0   0     0.000000 
  9 300   0.621253      143.078      109.373     0.663316       79.243  46.49     0.691031        0.000     0.109925     3.386667     0.453333   0   0     0.000000 
 10 300   0.584562      143.415      121.253     0.672550       81.770  47.97     0.693573        0.000     0.500000     3.933333     0.546667   0   0     0.000000 
 11 300   0.531424      143.190      125.190     0.676049       81.876  48.04     0.693664        0.000     0.145982     4.506667     0.573333   0   0     0.000000 
 12 300   0.516077      143.033      131.130     0.678444       81.910  48.06     0.693715        0.000     0.333333     4.973333     0.466667   0   0     0.000000 
 13 300   0.470399      145.463      132.638     0.675137       88.551  51.95     0.683255        0.000     0.500000     5.480000     0.506667   0   0     0.000000 
 14 300   0.452666      145.418      132.638     0.675291       88.551  51.95     0.683255        0.000     0.244093     6.066667     0.586667   0   0     0.000000 
 15 300   0.529248      157.005      119.610     0.683301       97.624  57.27     0.685574        5.405     0.376294     6.226667     0.160000   0   0     0.008502 
 16 300   0.615878      159.413      122.130     0.690722      100.882  59.19     0.689824        0.933     0.129376     6.506667     0.280000   0   0     0.019020 
 17 300   0.634972      163.193      125.460     0.691706      100.882  59.19     0.689824        5.079     0.151652     6.640000     0.133333   1   0     0.016314 
 18 300   0.420507      163.463      124.065     0.698252      104.561  61.34     0.689174        5.196     0.777295     6.760000     0.120000   0   0     0.068442 
 19 300   0.412123      162.180      123.773     0.699481      107.617  63.14     0.686489        5.196     0.146687     6.840000     0.080000   1   0     0.075096 
 20 300   0.369736      162.405      125.888     0.699668      107.946  63.33     0.686568        5.950     0.353582     6.960000     0.120000   0   0     0.068965 
 21 300   0.429857      162.000      125.865     0.699964      107.946  63.33     0.686568        5.950     0.166231     6.986667     0.026667   1   0     0.078773 
 22 300   0.714238      161.978      125.843     0.700484      107.946  63.33     0.686568        0.000     0.109925     7.346667     0.360000   0   0     0.078773 
 23 300   0.709397      161.663      125.708     0.700376      107.946  63.33     0.686568        0.000     0.109925     8.000000     0.653333   0   0     0.078773 
 24 300   0.617962      161.618      125.708     0.700987      107.946  63.33     0.686568        0.000     0.276591     8.600000     0.600000   0   0     0.078773 
 25 300   0.335151      161.618      125.708     0.704005      108.195  63.48     0.689840        3.120     0.609537     8.653333     0.053333   0   0     0.078757 
 26 300   0.424870      162.225      125.550     0.704931      110.327  64.73     0.688833        3.120     0.166280     8.680000     0.026667   1   0     0.079333 
 27 300   0.375854      162.495      124.965     0.707130      111.289  65.29     0.689140        5.125     0.162274     8.760000     0.080000   0   0     0.072864 
 28 300   0.413517      162.405      124.965     0.707266      111.289  65.29     0.689140        5.125     0.162274     8.866667     0.106667   1   0     0.075279 
 29 300   0.514734      169.830      127.508     0.705858      119.329  70.01     0.683182        5.873     0.331611     8.986667     0.120000   0   0     0.045607 
 30 300   0.415574      170.010      127.485     0.706078      119.695  70.22     0.682824        5.873     0.164944     9.280000     0.293333   1   0     0.029796 
 31 300   0.339241      169.763      127.013     0.708107      120.981  70.98     0.683443        4.682     0.496891     9.360000     0.080000   0   0     0.034396 
 32 300   0.399899      169.740      126.855     0.708254      120.981  70.98     0.683443        4.682     0.163558     9.506667     0.146667   1   0     0.033486 
 33 300   0.716084      169.650      126.923     0.710133      120.981  70.98     0.683443        0.000     0.109925    10.080000     0.573333   0   0     0.033486 
 34 300   0.351413      169.673      127.013     0.711237      121.142  71.07     0.684549        4.713     0.293219    10.160000     0.080000   0   0     0.028123 
 35 300   0.534399      170.033      126.158     0.712038      121.931  71.54     0.685407        0.483     0.217670    10.320000     0.160000   0   0     0.042452 
 36 300   0.554087      169.830      126.023     0.712101      121.931  71.54     0.685407        5.161     0.132291    10.413333     0.093333   1   0     0.043603 
 37 300   0.320100      172.868      133.133     0.744319      124.305  72.93     0.701684        3.112     0.575148    10.506667     0.093333   0   0     0.044446 
 38 300   0.381568      172.778      133.133     0.744322      124.305  72.93     0.701684        3.112     0.164389    10.573333     0.066667   1   0     0.045365 
 39 300   0.685362      172.778      133.200     0.744367      124.305  72.93     0.701684        0.000     0.354018    11.146667     0.573333   0   0     0.045365 
 40 300   0.358117      172.035      133.200     0.746493      124.832  73.24     0.703465        3.126     0.517276    11.200000     0.053333   0   0     0.045951 
 41 300   0.425397      172.035      133.200     0.746514      124.832  73.24     0.703465        3.126     0.163258    11.280000     0.080000   1   0     0.051526 
 42 300   0.685342      172.035      133.200     0.746703      124.832  73.24     0.703465        0.000     0.354018    11.840000     0.560000   0   0     0.051526 
 43 300   0.460411      173.273      131.310     0.750093      126.996  74.51     0.710033        5.499     0.495597    12.133333     0.293333   0   0     0.047993 
 44 300   0.557023      173.273      131.310     0.750138      126.996  74.51     0.710033        5.499     0.162263    12.333333     0.200000   1   0     0.045355 
 45 300   0.526425      177.593      133.155     0.755706      130.211  76.39     0.713996        6.309     0.490628    12.613333     0.280000   0   0     0.061841 
 46 300   0.601842      178.110      133.718     0.755835      130.211  76.39     0.713996        6.309     0.157295    12.933333     0.320000   1   0     0.082748 
 47 300   0.365175      177.705      132.975     0.757628      130.592  76.62     0.718651        3.056     0.349706    13.120000     0.186667   0   0     0.082690 
 48 300   0.407578      177.705      132.975     0.757882      130.592  76.62     0.718651        3.056     0.162355    13.226667     0.106667   1   0     0.083983 
 49 300   0.654883      177.638      132.953     0.758269      130.592  76.62     0.718651        0.000     0.187351    13.666667     0.440000   0   0     0.083983 
 50 300   0.346326      177.503      132.953     0.760664      131.126  76.93     0.720437        3.523     0.620926    13.720000     0.053333   0   0     0.088917 
 51 300   0.434837      177.300      132.930     0.760535      132.078  77.49     0.718461        3.523     0.156984    13.853333     0.133333   1   0     0.089440 
 52 300   0.360652      177.413      132.908     0.761877      132.790  77.91     0.719808        5.574     0.247128    13.880000     0.026667   0   0     0.089440 
 53 300   0.409940      177.413      132.908     0.761898      132.790  77.91     0.719808        5.574     0.137203    13.920000     0.040000   1   0     0.090835 
 54 300   0.653826      177.210      132.885     0.762008      132.790  77.91     0.719808        0.000     0.354018    14.413333     0.493333   0   0     0.090835 
 55 300   0.325636      177.300      132.255     0.762962      132.940  77.99     0.721336        3.603     0.627226    14.520000     0.106667   0   0     0.085559 
 56 300   0.409164      177.300      132.255     0.763055      133.286  78.20     0.721831        3.603     0.163284    14.640000     0.120000   1   0     0.085071 
 57 300   0.642027      177.255      132.165     0.763140      133.286  78.20     0.721831        0.000     0.297276    15.240000     0.600000   0   0     0.085071 
 58 300   0.657712      176.940      132.030     0.763157      133.286  78.20     0.721831        0.000     0.109925    15.866667     0.626667   0   0     0.085071 
 59 300   0.594547      176.670      131.940     0.763296      133.286  78.20     0.721831        0.000     0.609924    16.293333     0.426667   0   0     0.085071 
 60 300   0.366005      176.648      131.918     0.764337      133.614  78.39     0.722443        4.810     0.352641    16.586667     0.293333   0   0     0.091720 
 61 300   0.511626      177.458      132.683     0.765332      134.018  78.63     0.723546        2.004     0.443819    17.000000     0.413333   0   0     0.086421 
 62 300   0.626336      177.908      132.750     0.765388      134.018  78.63     0.723546        3.324     0.165851    17.133333     0.133333   1   0     0.090364 
 63 300   0.476347      178.043      131.333     0.766160      134.221  78.75     0.724524        5.223     0.461366    17.346667     0.213333   0   0     0.099568 
 64 300   0.572980      177.975      131.310     0.766144      134.221  78.75     0.724524        5.223     0.128033    17.453333     0.106667   1   0     0.102362 
 65 300   0.679491      177.885      131.310     0.766175      134.221  78.75     0.724524        0.000     0.166667    18.026667     0.573333   0   0     0.102362 
 66 300   0.610011      177.818      131.288     0.766913      134.221  78.75     0.724524        0.000     0.500000    18.640000     0.613333   0   0     0.102362 
 67 300   0.663619      177.593      131.288     0.767062      134.221  78.75     0.724524        0.000     0.109925    19.106667     0.466667   0   0     0.102362 
 68 300   0.320849      177.930      131.108     0.767805      135.265  79.36     0.722754        6.178     0.642590    19.266667     0.160000   0   0     0.105184 
 69 300   0.425274      177.750      130.995     0.767629      135.265  79.36     0.722754        6.178     0.142590    19.360000     0.093333   1   0     0.107516 
 70 300   0.365803      178.043      130.365     0.768530      136.110  79.85     0.723181        5.265     0.164613    19.733333     0.373333   0   0     0.094660 
 71 300   0.406020      177.773      130.365     0.768495      136.110  79.85     0.723181        5.265     0.164613    19.906667     0.173333   1   0     0.093264 
 72 300   0.353115      179.978      126.675     0.771807      138.096  81.02     0.722441        6.145     0.471271    20.040000     0.133333   0   0     0.091757 
 73 300   0.424323      179.843      126.675     0.771737      138.096  81.02     0.722441        6.145     0.137938    20.173333     0.133333   1   0     0.103705 
 74 300   0.563099      180.608      125.888     0.776133      138.175  81.07     0.727450        2.528     0.326777    20.760000     0.586667   0   0     0.113678 
 75 300   0.616067      180.405      125.820     0.776508      138.175  81.07     0.727450        0.000     0.000000    21.586667     0.826667   0   1     0.091037 
 76 300   0.497016      184.838      116.010     0.778905      141.045  82.75     0.728769        3.769     0.022173    22.026667     0.440000   1   1     0.153898 
 77 300   0.422251      184.838      116.010     0.778965      141.045  82.75     0.728769        6.145     0.137938    22.133333     0.106667   1   1     0.192335 
 78 300   0.149509      184.950      116.123     0.779366      141.102  82.78     0.729703        3.483     0.277457    22.293333     0.160000   0   1     0.194047 
 79 300   0.165573      184.950      116.123     0.779458      141.102  82.78     0.729703        3.483     0.131474    22.560000     0.266667   1   1     0.192597 
 80 300   0.518109      184.950      116.123     0.779499      141.102  82.78     0.729703        0.000     0.000000    23.146667     0.586667   0   1     0.192597 
 81 300   0.209593      183.938      116.100     0.780828      141.293  82.89     0.733299        2.691     0.296102    23.293333     0.146667   0   1     0.235773 
 82 300   0.239397      183.758      116.100     0.780986      141.304  82.90     0.733584        7.908     0.035178    23.480000     0.186667   1   1     0.257509 
 83 300   0.020624      183.758      116.100     0.780998      141.304  82.90     0.733584        5.265     0.164613    23.706667     0.226667   1   1     0.262026 
 84 300   0.513088      183.758      116.100     0.781122      141.304  82.90     0.733584        0.000     0.145982    24.386667     0.680000   0   1     0.262026 
 85 300   0.134256      183.735      115.965     0.781299      141.692  83.13     0.733246        5.143     0.403755    24.800000     0.413333   0   1     0.270150 
 86 300   0.164819      183.600      115.965     0.781384      141.692  83.13     0.733246        5.143     0.147848    25.120000     0.320000   1   1     0.265997 
 87 300   0.049334      183.713      115.988     0.781642      141.886  83.24     0.733717        3.579     0.321139    25.240000     0.120000   0   1     0.268482 
 88 300   0.190995      183.308      115.988     0.782051      141.922  83.26     0.734054        0.168     0.176458    25.480000     0.240000   0   1     0.237669 
 89 300   0.193170      183.308      115.988     0.782066      141.922  83.26     0.734054        3.447     0.164263    25.680000     0.200000   1   1     0.213585 
 90 300   0.024887      184.095      115.380     0.782118      142.124  83.38     0.733921        6.114     0.628645    25.813333     0.133333   0   1     0.214517 
 91 300   0.032669      184.118      115.358     0.782223      142.124  83.38     0.733921        6.114     0.149329    26.053333     0.240000   1   1     0.214657 
 92 300   0.018821      184.028      114.795     0.787371      143.812  84.37     0.735500        5.936     0.746232    26.146667     0.093333   0   1     0.227408 
 93 300   0.098121      185.513      111.240     0.792210      146.638  86.03     0.735912        1.322     0.317784    26.480000     0.333333   0   1     0.223320 
 94 300   0.036893      185.513      111.240     0.792262      146.638  86.03     0.735912        5.658     0.131172    26.520000     0.040000   1   1     0.223398 
 95 300   0.001909      185.468      111.150     0.794898      147.824  86.73     0.736594        6.141     0.468521    26.826667     0.306667   0   1     0.223672 
 96 300   0.308416      186.660      105.930     0.799468      151.544  88.91     0.739417        0.480     0.304542    27.293333     0.466667   0   1     0.234595 
 97 300   0.264606      186.818      105.953     0.799487      151.544  88.91     0.739417        6.075     0.142454    27.933333     0.640000   1   1     0.252127 
 98 300   0.055266      186.885      106.020     0.801005      151.645  88.97     0.744612        5.619     0.437368    28.293333     0.360000   0   1     0.257666 
 99 300   0.071074      187.335      105.165     0.801938      152.652  89.56     0.744092        0.954     0.183061    28.773333     0.480000   0   1     0.274291 
100 300   0.392481      187.358      104.018     0.802716      152.915  89.71     0.744170        0.457     0.182701    29.546667     0.773333   0   1     0.289436 
