#scene........................: /home/eldamian/nbvEverardo/models/studying_room.wrl
#triangles....................: 107322
#Total triangles' area........: 170.448196 (m2)
#sensor aperture..............: 135.000000 x 70.000000 (deg)
#range image size.............: 350 x 80
#sensor blind distances.......: 0.500000 .. 30.000000 (m)
#sensor blind angle...........: 80.000000
#sensor Gaussian noise std dev: 0.012000 (m)
#views number.................: 100 
#optimization method..........: Simulated Annealing
#robust optimization..........: ON
#view iterations fitness vxl_occupied(m2) occplane(m2) vxl_quality tri_imaged(m2) tri_imaged(%) tri_quality travelled(m) energy total_time single_time backstep change delta_f_accum
  0   0  -0.000000       16.628        4.838     0.635252       10.896   6.39     0.627871        0.000     0.000000     0.000000     0.000000   0   0     0.000000 
  1 300   0.640074       26.033        5.220     0.621800       18.741  10.99     0.612062        0.000     0.077427     0.240000     0.240000   0   0     0.000000 
  2 300   0.630752       42.728       24.615     0.678270       23.472  13.77     0.665242        0.000     0.187351     0.466667     0.226667   0   0     0.000000 
  3 300   0.631051       54.293       34.358     0.690208       29.268  17.17     0.685591        0.000     0.166667     0.733333     0.266667   0   0     0.000000 
  4 300   0.598785       83.475       50.040     0.649959       39.521  23.19     0.676262        0.000     0.276591     1.080000     0.346667   0   0     0.000000 
  5 300   0.584294       98.730       62.933     0.645241       46.069  27.03     0.684623        0.000     0.077427     1.480000     0.400000   0   0     0.000000 
  6 300   0.591092      103.613       61.988     0.651737       52.750  30.95     0.679367        0.000     0.166667     1.906667     0.426667   0   0     0.000000 
  7 300   0.565540      144.383       90.338     0.648706       69.459  40.75     0.683092        0.000     0.255907     2.360000     0.453333   0   0     0.000000 
  8 300   0.619685      143.933      102.240     0.651852       76.352  44.79     0.684727        0.000     0.077427     2.813333     0.453333   0   0     0.000000 
  9 300   0.621253      143.078      109.373     0.663316       79.243  46.49     0.691031        0.000     0.109925     3.333333     0.520000   0   0     0.000000 
 10 300   0.584562      143.415      121.253     0.672550       81.770  47.97     0.693573        0.000     0.500000     3.786667     0.453333   0   0     0.000000 
 11 300   0.531424      143.190      125.190     0.676049       81.876  48.04     0.693664        0.000     0.145982     4.266667     0.480000   0   0     0.000000 
 12 300   0.516077      143.033      131.130     0.678444       81.910  48.06     0.693715        0.000     0.333333     4.746667     0.480000   0   0     0.000000 
 13 300   0.470399      145.463      132.638     0.675137       88.551  51.95     0.683255        0.000     0.500000     5.266667     0.520000   0   0     0.000000 
 14 300   0.452666      145.418      132.638     0.675291       88.551  51.95     0.683255        0.000     0.244093     5.853333     0.586667   0   0     0.000000 
 15 300   0.529248      157.005      119.610     0.683301       97.624  57.27     0.685574        5.405     0.376294     5.973333     0.120000   0   0     0.008502 
 16 300   0.619497      159.413      122.130     0.690722      100.882  59.19     0.689824        0.933     0.129376     6.373333     0.400000   0   0     0.003493 
 17 300   0.630979      163.193      125.460     0.691706      100.882  59.19     0.689824        5.079     0.151652     6.546667     0.173333   1   0     0.014097 
 18 300   0.382679      167.603      121.118     0.704470      107.577  63.11     0.691408        6.370     0.676265     6.693333     0.146667   0   0     0.011387 
 19 300   0.611879      168.008      115.380     0.708151      109.505  64.25     0.695379        0.381     0.111009     7.720000     1.026667   0   0     0.014621 
 20 300   0.605947      168.593      116.145     0.708533      109.505  64.25     0.695379        6.240     0.154496     8.066667     0.346667   1   0     0.021399 
 21 300   0.401178      168.390      115.875     0.711699      110.871  65.05     0.697802        6.253     0.269995     8.146667     0.080000   0   0     0.032721 
 22 300   0.449842      167.513      115.628     0.712474      114.036  66.90     0.693894        6.253     0.139386     8.240000     0.093333   1   0     0.033564 
 23 300   0.439669      168.143      114.570     0.719109      116.395  68.29     0.695839        5.150     0.611016     8.360000     0.120000   0   0     0.057874 
 24 300   0.423632      168.660      114.255     0.719983      118.460  69.50     0.695068        5.150     0.131700     8.720000     0.360000   1   0     0.064149 
 25 300   0.296610      168.863      114.165     0.720206      118.555  69.55     0.695503        6.445     0.797711     8.800000     0.080000   0   0     0.073668 
 26 300   0.444114      168.053      114.165     0.720809      118.555  69.55     0.695503        6.445     0.131045     9.013333     0.213333   1   0     0.077637 
 27 300   0.380465      168.053      114.165     0.721245      118.967  69.80     0.695917        6.183     0.161256     9.466667     0.453333   0   0     0.069137 
 28 300   0.574967      181.193      115.380     0.722928      128.275  75.26     0.698903        0.970     0.280316    10.000000     0.533333   0   0     0.067364 
 29 300   0.620416      181.193      115.335     0.723253      128.275  75.26     0.698903        6.277     0.164981    10.293333     0.293333   1   0     0.052604 
 30 300   0.546747      181.463      115.110     0.727117      128.549  75.42     0.701452        4.978     0.307182    10.360000     0.066667   0   0     0.068510 
 31 300   0.628830      181.418      115.065     0.727221      128.549  75.42     0.701452        4.978     0.161199    11.000000     0.640000   1   0     0.061572 
 32 300   0.404660      181.328      114.930     0.727866      128.942  75.65     0.701904        3.551     0.415272    11.133333     0.133333   0   0     0.058743 
 33 300   0.462494      180.968      114.930     0.728038      128.942  75.65     0.701904        3.551     0.159365    11.426667     0.293333   1   0     0.055742 
 34 300   0.658800      180.810      114.818     0.727857      128.942  75.65     0.701904        0.000     0.000000    12.106667     0.680000   0   0     0.055742 
 35 300   0.312576      180.630      114.413     0.744058      130.114  76.34     0.712362        3.619     0.515816    12.160000     0.053333   0   0     0.055215 
 36 300   0.380282      180.518      114.413     0.744467      131.032  76.88     0.712098        3.619     0.161798    12.240000     0.080000   1   0     0.056112 
 37 300   0.379078      180.900      114.075     0.746636      132.236  77.58     0.712811        5.063     0.311400    12.386667     0.146667   0   0     0.053745 
 38 300   0.427757      180.900      114.075     0.746733      132.236  77.58     0.712811        5.063     0.165417    12.786667     0.400000   1   0     0.061598 
 39 300   0.398844      180.878      113.738     0.747820      133.044  78.06     0.712894        6.147     0.304345    13.240000     0.453333   0   0     0.038438 
 40 300   0.437461      180.788      113.715     0.748066      133.044  78.06     0.712894        6.147     0.137679    13.346667     0.106667   1   0     0.038700 
 41 300   0.649520      180.743      113.715     0.749602      133.044  78.06     0.712894        0.000     0.187351    13.973333     0.626667   0   0     0.038700 
 42 300   0.365834      180.405      113.063     0.751475      134.175  78.72     0.714123        4.886     0.273540    14.293333     0.320000   0   0     0.050203 
 43 300   0.414787      181.170      113.513     0.753366      135.200  79.32     0.714084        2.923     0.187714    14.600000     0.306667   0   0     0.075219 
 44 300   0.460965      180.743      113.513     0.753520      135.200  79.32     0.714084        5.573     0.143294    14.920000     0.320000   1   0     0.067695 
 45 300   0.471102      182.295      112.568     0.770728      137.139  80.46     0.727083        5.322     0.441622    15.333333     0.413333   0   0     0.070170 
 46 300   0.573987      182.880      109.710     0.777832      138.645  81.34     0.735015        2.174     0.201241    15.800000     0.466667   0   0     0.060654 
 47 300   0.622754      182.970      109.710     0.777842      138.645  81.34     0.735015        5.468     0.130456    16.440000     0.640000   1   0     0.090443 
 48 300   0.673726      183.240      109.665     0.778104      138.645  81.34     0.735015        0.000     0.166667    17.040000     0.600000   0   0     0.090443 
 49 300   0.287098      183.240      109.665     0.780101      139.204  81.67     0.736423        6.373     0.758748    17.106667     0.066667   0   0     0.094443 
 50 300   0.604159      185.850      104.760     0.776579      144.387  84.71     0.728267        1.097     0.303046    17.613333     0.506667   0   0     0.082586 
 51 300   0.442825      185.850      104.760     0.776912      144.832  84.97     0.729443        0.361     0.355086    18.386667     0.773333   0   0     0.105729 
 52 300   0.468808      185.873      104.738     0.776935      144.832  84.97     0.729443        5.799     0.153526    19.146667     0.760000   1   0     0.120596 
 53 300   0.328208      185.760      104.423     0.777743      145.476  85.35     0.729971        4.921     0.462091    19.266667     0.120000   0   0     0.123761 
 54 300   0.407077      186.188      104.220     0.777351      145.856  85.57     0.728826        1.875     0.334120    19.773333     0.506667   0   0    -0.032350 
 55 300   0.538385      186.188      104.220     0.777374      145.856  85.57     0.728826        5.459     0.143344    20.146667     0.373333   1   0    -0.037457 
 56 300   0.367956      185.850      104.108     0.778281      146.357  85.87     0.729099        4.794     0.331940    20.333333     0.186667   0   0    -0.067981 
 57 300   0.540361      186.233      104.400     0.778587      146.396  85.89     0.729101        4.328     0.167208    20.960000     0.626667   0   0    -0.068917 
 58 300   0.598931      186.233      104.400     0.778957      146.523  85.96     0.729445        4.328     0.000541    21.400000     0.440000   1   0    -0.075689 
 59 300   0.558141      186.233      104.400     0.779060      146.523  85.96     0.729445        4.794     0.165273    21.680000     0.280000   1   0    -0.070752 
 60 300   0.551195      186.548      103.185     0.781379      148.211  86.95     0.728589        5.720     0.304285    22.506667     0.826667   0   0    -0.046466 
 61 300   0.622148      186.683      103.275     0.781483      148.211  86.95     0.728589        5.720     0.158302    23.173333     0.666667   1   0    -0.029591 
 62 300   0.535222      188.865       99.923     0.786637      149.005  87.42     0.733895        5.279     0.328914    23.493333     0.320000   0   0    -0.030702 
 63 300   0.610950      188.685       99.923     0.786617      149.005  87.42     0.733895        5.279     0.162248    23.760000     0.266667   1   0    -0.030019 
 64 300   0.672571      188.640       99.923     0.786643      149.005  87.42     0.733895        0.000     0.166667    24.426667     0.666667   0   0    -0.030019 
 65 300   0.416616      188.640       99.923     0.786711      149.011  87.42     0.734058        4.987     0.631160    24.813333     0.386667   0   0    -0.010705 
 66 300   0.549196      188.640       99.923     0.786784      149.011  87.42     0.734058        4.987     0.151844    25.786667     0.973333   1   0     0.019062 
 67 300   0.448359      188.438       99.923     0.787575      149.478  87.70     0.733999        5.273     0.412398    26.613333     0.826667   0   0     0.047386 
 68 300   0.536502      188.438       99.923     0.787703      149.478  87.70     0.733999        5.273     0.156492    27.440000     0.826667   1   0     0.050488 
 69 300   0.393304      189.833      101.318     0.788360      149.507  87.71     0.734301        5.199     0.734736    27.773333     0.333333   0   0     0.043304 
 70 300   0.566229      189.833      101.318     0.788533      149.507  87.71     0.734301        5.199     0.145496    28.253333     0.480000   1   0     0.043435 
 71 300   0.294525      189.833      101.318     0.788779      149.580  87.76     0.734408        6.513     0.799755    28.653333     0.400000   0   0     0.068880 
 72 300   0.436677      189.833      101.318     0.788793      149.582  87.76     0.734503        0.172     0.006511    29.480000     0.826667   0   0     0.078980 
 73 300   0.438391      189.833      101.318     0.789105      149.582  87.76     0.734503        6.636     0.139599    30.186667     0.706667   1   0     0.092537 
 74 300   0.327825      189.968      101.228     0.789313      149.864  87.92     0.734325        5.176     0.568123    30.333333     0.146667   0   0     0.086934 
 75 300   0.409611      189.968      101.228     0.789415      149.864  87.92     0.734325        5.176     0.157363    30.586667     0.253333   1   0     0.087116 
 76 300   0.464109      190.193      101.768     0.789659      149.871  87.93     0.735058        3.321     0.422727    31.560000     0.973333   0   0     0.116566 
 77 300   0.542181      190.148      101.768     0.789682      149.871  87.93     0.735058        3.321     0.146136    32.160000     0.600000   1   0     0.132488 
 78 300   0.661558      190.080      101.745     0.789738      149.871  87.93     0.735058        0.000     0.000000    32.773333     0.613333   0   0     0.132488 
 79 300   0.657131      189.990      101.745     0.789825      149.871  87.93     0.735058        0.000     0.109925    33.306667     0.533333   0   0     0.132488 
 80 300   0.384810      189.945      101.745     0.790080      149.873  87.93     0.735550        5.292     0.411055    33.360000     0.053333   0   0     0.135571 
 81 300   0.534130      190.080      101.205     0.790332      149.957  87.98     0.736379        1.560     0.188983    33.733333     0.373333   0   0     0.147651 
 82 300   0.570044      190.080      101.205     0.790467      149.957  87.98     0.736570        0.970     0.318012    34.546667     0.813333   0   0     0.134337 
 83 300   0.605034      190.080      101.205     0.790471      149.957  87.98     0.736570        4.780     0.162144    35.053333     0.506667   1   0     0.135137 
 84 300   0.365033      190.080      101.205     0.790588      149.962  87.98     0.736716        4.799     0.406144    35.120000     0.066667   0   0     0.134516 
 85 300   0.422196      190.080      101.205     0.790638      149.962  87.98     0.736716        4.799     0.150237    35.213333     0.093333   1   0     0.135940 
 86 300   0.336841      189.068      101.205     0.796956      151.727  89.02     0.740359        2.801     0.562697    35.240000     0.026667   0   0     0.137080 
 87 300   0.410062      189.023      101.205     0.797337      151.789  89.05     0.740561        0.134     0.001235    35.586667     0.346667   0   0     0.148320 
 88 300   0.466228      189.023      101.205     0.798451      151.945  89.14     0.744136        2.685     0.195597    36.133333     0.546667   0   0     0.159987 
 89 300   0.489851      189.068      101.115     0.798563      151.945  89.14     0.744136        5.461     0.130643    36.453333     0.320000   1   0     0.151327 
 90 300   0.394642      192.735      105.233     0.799279      151.966  89.16     0.745176        4.668     0.636287    36.600000     0.146667   0   0     0.175486 
 91 300   0.528008      192.690      105.233     0.799511      151.966  89.16     0.745176        4.668     0.136287    36.866667     0.266667   1   0     0.178546 
 92 300   0.671780      192.690      105.233     0.799545      151.966  89.16     0.745176        0.000     0.000000    37.480000     0.613333   0   0     0.178546 
 93 300   0.668829      192.690      105.233     0.799462      151.966  89.16     0.745176        0.000     0.109925    38.146667     0.666667   0   0     0.178546 
 94 300   0.595840      192.645      105.233     0.799501      151.966  89.16     0.745176        0.000     0.609924    38.773333     0.626667   0   0     0.178546 
 95 300   0.359589      192.398      105.233     0.803709      153.339  89.96     0.746681        6.057     0.404715    39.360000     0.586667   0   0     0.201024 
 96 300   0.431769      192.398      105.233     0.803745      153.339  89.96     0.746681        6.057     0.128123    39.640000     0.280000   1   0     0.208297 
 97 300   0.378170      192.308      105.233     0.804251      153.460  90.03     0.747016        5.424     0.141949    40.013333     0.373333   0   0     0.220077 
 98 300   0.417393      192.308      105.233     0.804273      153.460  90.03     0.747016        5.424     0.141949    40.186667     0.173333   1   0     0.222140 
 99 300   0.501918      192.173      105.188     0.806971      153.565  90.09     0.750935        2.397     0.771310    40.920000     0.733333   0   0     0.248161 
100 300   0.671764      192.083      105.188     0.807269      153.565  90.09     0.750935        0.000     0.000000    41.160000     0.240000   0   1     0.253542 
