#scene........................: /home/eldamian/nbvEverardo/models/studying_room.wrl
#triangles....................: 107322
#Total triangles' area........: 170.448196 (m2)
#sensor aperture..............: 135.000000 x 70.000000 (deg)
#range image size.............: 350 x 80
#sensor blind distances.......: 0.500000 .. 30.000000 (m)
#sensor blind angle...........: 80.000000
#sensor Gaussian noise std dev: 0.012000 (m)
#views number.................: 100 
#optimization method..........: Evolution Strategy
#robust optimization..........: ON
#view iterations fitness vxl_occupied(m2) occplane(m2) vxl_quality tri_imaged(m2) tri_imaged(%) tri_quality travelled(m) energy total_time single_time backstep change delta_f_accum
  0   0  -0.000000       16.628        4.838     0.635252       10.896   6.39     0.627871        0.000     0.000000     0.000000     0.000000   0   0     0.000000 
  1 308   0.640074       26.033        5.220     0.621800       18.741  10.99     0.612062        0.000     0.077427     0.253333     0.253333   0   0     0.000000 
  2 308   0.630752       42.728       24.615     0.678270       23.472  13.77     0.665242        0.000     0.187351     0.546667     0.293333   0   0     0.000000 
  3 308   0.631051       54.293       34.358     0.690208       29.268  17.17     0.685591        0.000     0.166667     0.880000     0.333333   0   0     0.000000 
  4 308   0.598785       83.475       50.040     0.649959       39.521  23.19     0.676262        0.000     0.276591     1.226667     0.346667   0   0     0.000000 
  5 308   0.584294       98.730       62.933     0.645241       46.069  27.03     0.684623        0.000     0.077427     1.600000     0.373333   0   0     0.000000 
  6 308   0.591092      103.613       61.988     0.651737       52.750  30.95     0.679367        0.000     0.166667     2.040000     0.440000   0   0     0.000000 
  7 308   0.565540      144.383       90.338     0.648706       69.459  40.75     0.683092        0.000     0.255907     2.440000     0.400000   0   0     0.000000 
  8 308   0.619685      143.933      102.240     0.651852       76.352  44.79     0.684727        0.000     0.077427     3.013333     0.573333   0   0     0.000000 
  9 308   0.621253      143.078      109.373     0.663316       79.243  46.49     0.691031        0.000     0.109925     3.546667     0.533333   0   0     0.000000 
 10 308   0.584562      143.415      121.253     0.672550       81.770  47.97     0.693573        0.000     0.500000     3.893333     0.346667   0   0     0.000000 
 11 308   0.531424      143.190      125.190     0.676049       81.876  48.04     0.693664        0.000     0.145982     4.386667     0.493333   0   0     0.000000 
 12 308   0.516077      143.033      131.130     0.678444       81.910  48.06     0.693715        0.000     0.333333     4.880000     0.493333   0   0     0.000000 
 13 308   0.470399      145.463      132.638     0.675137       88.551  51.95     0.683255        0.000     0.500000     5.346667     0.466667   0   0     0.000000 
 14 308   0.452666      145.418      132.638     0.675291       88.551  51.95     0.683255        0.000     0.244093     5.800000     0.453333   0   0     0.000000 
 15 308   0.441142      145.553      134.865     0.675809       89.035  52.24     0.682903        0.000     0.166667     6.373333     0.573333   0   0     0.000000 
 16 308   0.446885      146.115      134.843     0.677098       91.510  53.69     0.680823        0.000     0.166667     6.906667     0.533333   0   0     0.000000 
 17 308   0.419894      145.845      134.910     0.676627       93.372  54.78     0.676247        0.000     0.145982     7.480000     0.573333   0   0     0.000000 
 18 308   0.416684      145.058      135.068     0.675976       96.110  56.39     0.673335        0.000     0.166667     7.893333     0.413333   0   0     0.000000 
 19 308   0.395085      144.383      134.123     0.676750       99.336  58.28     0.668168        0.000     0.166667     8.386667     0.493333   0   0     0.000000 
 20 308   0.366835      143.730      134.550     0.676690      101.328  59.45     0.664718        0.000     0.500000     9.026667     0.640000   0   0     0.000000 
 21 308   0.764791      143.618      137.543     0.677846      101.328  59.45     0.664718        0.000     0.630609     9.453333     0.426667   0   0     0.000000 
 22 308   0.547515      144.675      129.893     0.679498      101.739  59.69     0.668880        3.345     0.161138     9.506667     0.053333   0   0    -0.026779 
 23 308   0.582696      144.563      129.938     0.679558      101.739  59.69     0.668880        3.345     0.161138     9.640000     0.133333   1   0    -0.029528 
 24 308   0.451200      146.160      128.070     0.680315      102.289  60.01     0.670815        3.768     0.163051     9.680000     0.040000   0   0    -0.029528 
 25 308   0.475151      146.183      128.003     0.680535      102.289  60.01     0.670815        3.768     0.163051     9.733333     0.053333   1   0    -0.029528 
 26 308   0.822693      145.755      128.003     0.681135      102.289  60.01     0.670815        0.000     0.109925    10.400000     0.666667   0   0    -0.029528 
 27 308   0.814753      145.800      128.003     0.681594      102.289  60.01     0.670815        0.000     0.109925    11.040000     0.640000   0   0    -0.029528 
 28 308   0.498210      146.633      127.193     0.684028      104.484  61.30     0.668419        3.512     0.332316    11.306667     0.266667   0   0     0.105152 
 29 308   0.466315      146.768      127.733     0.684396      104.484  61.30     0.668419        3.512     0.165649    11.360000     0.053333   1   0     0.106276 
 30 308   0.558249      149.625      124.965     0.697217      108.131  63.44     0.682102        4.798     0.275219    11.506667     0.146667   0   0     0.087739 
 31 308   0.573954      150.075      123.570     0.697655      108.433  63.62     0.681693        1.108     0.272620    11.720000     0.213333   0   0     0.103150 
 32 308   0.614406      151.785      126.833     0.697891      108.433  63.62     0.681693        4.831     0.148581    11.920000     0.200000   1   0     0.112666 
 33 308   0.793655      151.965      127.620     0.698504      108.433  63.62     0.681693        0.000     0.145982    12.466667     0.546667   0   0     0.112666 
 34 308   0.646040      151.965      127.665     0.699710      108.433  63.62     0.681693        0.000     0.500000    13.133333     0.666667   0   0     0.112666 
 35 308   0.707545      151.538      128.115     0.699643      108.433  63.62     0.681693        0.000     0.109925    13.693333     0.560000   0   0     0.112666 
 36 308   0.449279      152.393      124.943     0.705339      109.977  64.52     0.687388        5.027     0.271072    13.893333     0.200000   0   0     0.040435 
 37 308   0.504024      152.303      124.943     0.705774      109.977  64.52     0.687388        5.027     0.161147    14.066667     0.173333   1   0     0.036215 
 38 308   0.690350      152.303      124.943     0.705901      109.977  64.52     0.687388        0.000     0.000000    14.706667     0.640000   0   0     0.036215 
 39 308   0.685067      152.235      124.920     0.706108      109.977  64.52     0.687388        0.000     0.109925    15.333333     0.626667   0   0     0.036215 
 40 308   0.630073      152.190      124.920     0.707183      109.977  64.52     0.687388        0.000     0.609924    15.920000     0.586667   0   0     0.036215 
 41 308   0.592341      152.168      125.145     0.707582      109.977  64.52     0.687388        0.000     0.333333    16.546667     0.626667   0   0     0.036215 
 42 308   0.585280      152.168      125.460     0.708071      109.977  64.52     0.687388        0.000     0.145982    17.160000     0.613333   0   0     0.036215 
 43 308   0.571758      152.123      125.550     0.708842      109.977  64.52     0.687388        0.000     0.333333    17.813333     0.653333   0   0     0.036215 
 44 308   0.328118      152.123      125.550     0.709322      110.507  64.83     0.688306        6.234     0.612124    17.986667     0.173333   0   0     0.049990 
 45 308   0.430464      152.145      125.573     0.709412      110.507  64.83     0.688306        6.234     0.132808    18.146667     0.160000   1   0     0.011948 
 46 308   0.691168      152.145      125.573     0.709473      110.507  64.83     0.688306        0.000     0.000000    18.573333     0.426667   0   0     0.011948 
 47 308   0.685266      151.988      125.550     0.709390      110.507  64.83     0.688306        0.000     0.109925    19.186667     0.613333   0   0     0.011948 
 48 308   0.625052      151.965      125.393     0.709295      110.507  64.83     0.688306        0.000     0.609924    19.773333     0.586667   0   0     0.011948 
 49 308   0.592196      151.920      125.393     0.709394      110.507  64.83     0.688306        0.000     0.333333    20.413333     0.640000   0   0     0.011948 
 50 308   0.585886      151.920      125.393     0.709615      110.507  64.83     0.688306        0.000     0.145982    21.000000     0.586667   0   0     0.011948 
 51 308   0.569570      151.920      125.393     0.709725      110.507  64.83     0.688306        0.000     0.333333    21.560000     0.560000   0   0     0.011948 
 52 308   0.568215      151.965      125.393     0.710087      110.507  64.83     0.688306        0.000     0.145982    22.133333     0.573333   0   0     0.011948 
 53 308   0.475101      151.965      125.370     0.710206      110.507  64.83     0.688306        0.000     0.354018    22.746667     0.613333   0   0     0.011948 
 54 308   0.478028      166.073      128.813     0.712248      115.714  67.89     0.689013        6.371     0.312283    22.986667     0.240000   0   0    -0.051172 
 55 308   0.650657      166.590      129.645     0.712335      115.714  67.89     0.689013        6.371     0.145616    23.266667     0.280000   1   0    -0.004376 
 56 308   0.676732      166.590      129.645     0.714504      115.714  67.89     0.689013        0.000     0.145982    23.880000     0.613333   0   0    -0.004376 
 57 308   0.674648      166.590      129.645     0.714758      115.714  67.89     0.689013        0.000     0.109925    24.493333     0.613333   0   0    -0.004376 
 58 308   0.456836      170.303      125.505     0.720219      118.918  69.77     0.692760        3.146     0.405632    24.546667     0.053333   0   0    -0.004376 
 59 308   0.426930      170.258      125.505     0.720319      118.918  69.77     0.692760        3.146     0.161539    24.693333     0.146667   1   0    -0.001876 
 60 308   0.687601      170.258      125.505     0.721124      118.918  69.77     0.692760        0.000     0.187351    25.200000     0.506667   0   0    -0.001876 
 61 308   0.573609      170.213      125.325     0.722381      119.516  70.12     0.692185        5.580     0.274534    25.453333     0.253333   0   0    -0.108985 
 62 308   0.618136      170.168      125.280     0.722875      119.516  70.12     0.692185        5.580     0.143925    25.746667     0.293333   1   0     0.004425 
 63 308   0.536858      172.778      123.233     0.727668      123.701  72.57     0.692043        4.710     0.243114    25.920000     0.173333   0   0     0.018676 
 64 308   0.525136      173.745      123.075     0.727868      125.389  73.56     0.692208        1.582     0.087589    26.173333     0.253333   0   0     0.031290 
 65 308   0.535071      173.835      123.368     0.728017      125.389  73.56     0.692208        5.045     0.143352    26.613333     0.440000   1   0     0.083008 
 66 308   0.690643      173.790      123.368     0.728004      125.389  73.56     0.692208        0.000     0.000000    27.120000     0.506667   0   0     0.083008 
 67 308   0.689473      173.790      123.368     0.728379      125.389  73.56     0.692208        0.000     0.109925    27.760000     0.640000   0   0     0.083008 
 68 308   0.656417      173.925      123.368     0.728746      125.389  73.56     0.692208        0.000     0.500000    28.400000     0.640000   0   0     0.083008 
 69 308   0.374527      173.880      123.368     0.731109      125.705  73.75     0.694904        4.418     0.438333    28.520000     0.120000   0   0     0.074878 
 70 308   0.589104      180.180      128.633     0.734008      132.957  78.00     0.691754        9.811     0.146714    28.666667     0.146667   0   0     0.146483 
 71 308   0.412981      182.003      126.675     0.735725      135.173  79.30     0.690174        9.811     0.000732    28.773333     0.106667   1   0     0.144706 
 72 308   0.438205      182.093      126.675     0.735829      135.190  79.31     0.690601        0.195     0.148717    28.880000     0.106667   0   0     0.146592 
 73 308   0.443940      182.093      126.675     0.735892      135.190  79.31     0.690601        4.382     0.164476    29.173333     0.293333   1   0     0.154211 
 74 308   0.700111      182.003      126.968     0.735993      135.190  79.31     0.690601        0.000     0.276591    29.813333     0.640000   0   0     0.154211 
 75 308   0.383602      186.818      117.945     0.756840      138.600  81.32     0.697200        6.386     0.347494    29.920000     0.106667   0   0     0.196997 
 76 308   0.459385      187.065      115.403     0.758457      139.705  81.96     0.699693        0.177     0.000857    30.280000     0.360000   0   0     0.207054 
 77 308   0.461122      187.043      115.380     0.758291      139.705  81.96     0.699693        6.426     0.161000    30.426667     0.146667   1   0     0.203983 
 78 308   0.697882      187.200      115.358     0.758559      139.705  81.96     0.699693        0.000     0.187351    31.026667     0.600000   0   0     0.203983 
 79 308   0.620430      187.200      115.358     0.758690      139.705  81.96     0.699693        0.000     0.500000    31.653333     0.626667   0   0     0.203983 
 80 308   0.350570      187.718      114.863     0.763791      142.106  83.37     0.701248        6.567     0.404430    31.773333     0.120000   0   0     0.213106 
 81 308   0.426373      187.718      114.863     0.763831      142.106  83.37     0.701248        6.567     0.127839    32.040000     0.266667   1   0     0.223221 
 82 308   0.553367      188.055      114.683     0.764211      142.970  83.88     0.703240        1.316     0.497193    32.146667     0.106667   0   0     0.223341 
 83 308   0.623329      188.190      114.683     0.764255      142.970  83.88     0.703240        0.000     0.000000    32.200000     0.053333   0   1     0.223341 
 84 308   0.279927      188.415      114.548     0.764462      143.501  84.19     0.703735        7.883     0.036021    32.280000     0.080000   1   1     0.245087 
 85 308   0.022636      188.460      114.593     0.764446      143.501  84.19     0.703735        6.567     0.127839    32.306667     0.026667   1   1     0.245087 
 86 308   0.511935      188.460      114.593     0.764554      143.501  84.19     0.703735        0.000     0.109925    32.906667     0.600000   0   1     0.245087 
 87 308   0.007997      188.595      114.323     0.767431      144.985  85.06     0.706595        2.444     0.351859    33.026667     0.120000   0   1     0.245099 
 88 308   0.008469      188.528      114.323     0.768688      145.377  85.29     0.707500        7.909     0.003508    33.093333     0.066667   1   1     0.245203 
 89 308   0.000335      188.640      114.210     0.770229      145.915  85.61     0.708297        0.307     0.120345    33.146667     0.053333   0   1     0.245681 
 90 308   0.174409      189.495      114.345     0.770113      146.283  85.82     0.708419        4.553     0.197143    33.786667     0.640000   0   1     0.414659 
 91 308   0.184333      189.563      114.255     0.770194      146.288  85.83     0.708405        4.553     0.009792    34.053333     0.266667   1   1     0.464239 
 92 308   0.016149      189.495      114.255     0.770181      146.288  85.83     0.708405        6.320     0.150579    34.160000     0.106667   1   1     0.467436 
 93 308   0.511113      189.495      114.255     0.770237      146.288  85.83     0.708405        0.000     0.109925    34.786667     0.626667   0   1     0.467436 
 94 308   0.007190      190.215      112.500     0.771563      147.096  86.30     0.708843        6.244     0.613832    35.120000     0.333333   0   1     0.470291 
 95 308   0.039332      191.903      105.795     0.775060      150.614  88.36     0.710670        0.421     0.111348    35.293333     0.173333   0   1     0.494372 
 96 308   0.001353      191.948      105.435     0.778211      151.395  88.82     0.713081        0.570     0.125514    35.506667     0.213333   0   1     0.493591 
 97 308   0.003370      192.060      105.098     0.780259      152.324  89.37     0.713854        0.593     0.007613    35.773333     0.266667   0   1     0.493780 
 98 308   0.017444      192.533      102.870     0.780440      154.239  90.49     0.712210        0.192     0.282790    36.093333     0.320000   0   1     0.493366 
 99 308   0.002360      191.790      101.453     0.788267      157.098  92.17     0.715281        9.586     0.113729    36.200000     0.106667   0   1     0.493671 
100 308   0.052348      191.430       99.990     0.789815      158.298  92.87     0.716192        2.040     0.126027    36.480000     0.280000   0   1     0.516131 
