#scene........................: /home/eldamian/nbvEverardo/models/studying_room.wrl
#triangles....................: 107322
#Total triangles' area........: 170.448196 (m2)
#sensor aperture..............: 135.000000 x 70.000000 (deg)
#range image size.............: 350 x 80
#sensor blind distances.......: 0.500000 .. 30.000000 (m)
#sensor blind angle...........: 80.000000
#sensor Gaussian noise std dev: 0.012000 (m)
#views number.................: 100 
#optimization method..........: Evolution Strategy
#robust optimization..........: ON
#view iterations fitness vxl_occupied(m2) occplane(m2) vxl_quality tri_imaged(m2) tri_imaged(%) tri_quality travelled(m) energy total_time single_time backstep change delta_f_accum
  0   0  -0.000000       16.628        4.838     0.635252       10.896   6.39     0.627871        0.000     0.000000     0.000000     0.000000   0   0     0.000000 
  1 308   0.640074       26.033        5.220     0.621800       18.741  10.99     0.612062        0.000     0.077427     0.253333     0.253333   0   0     0.000000 
  2 308   0.630752       42.728       24.615     0.678270       23.472  13.77     0.665242        0.000     0.187351     0.520000     0.266667   0   0     0.000000 
  3 308   0.631051       54.293       34.358     0.690208       29.268  17.17     0.685591        0.000     0.166667     0.826667     0.306667   0   0     0.000000 
  4 308   0.598785       83.475       50.040     0.649959       39.521  23.19     0.676262        0.000     0.276591     1.146667     0.320000   0   0     0.000000 
  5 308   0.584294       98.730       62.933     0.645241       46.069  27.03     0.684623        0.000     0.077427     1.533333     0.386667   0   0     0.000000 
  6 308   0.591092      103.613       61.988     0.651737       52.750  30.95     0.679367        0.000     0.166667     1.986667     0.453333   0   0     0.000000 
  7 308   0.565540      144.383       90.338     0.648706       69.459  40.75     0.683092        0.000     0.255907     2.493333     0.506667   0   0     0.000000 
  8 308   0.619685      143.933      102.240     0.651852       76.352  44.79     0.684727        0.000     0.077427     3.000000     0.506667   0   0     0.000000 
  9 308   0.621253      143.078      109.373     0.663316       79.243  46.49     0.691031        0.000     0.109925     3.546667     0.546667   0   0     0.000000 
 10 308   0.584562      143.415      121.253     0.672550       81.770  47.97     0.693573        0.000     0.500000     4.000000     0.453333   0   0     0.000000 
 11 308   0.531424      143.190      125.190     0.676049       81.876  48.04     0.693664        0.000     0.145982     4.506667     0.506667   0   0     0.000000 
 12 308   0.516077      143.033      131.130     0.678444       81.910  48.06     0.693715        0.000     0.333333     5.013333     0.506667   0   0     0.000000 
 13 308   0.470399      145.463      132.638     0.675137       88.551  51.95     0.683255        0.000     0.500000     5.520000     0.506667   0   0     0.000000 
 14 308   0.452666      145.418      132.638     0.675291       88.551  51.95     0.683255        0.000     0.244093     6.053333     0.533333   0   0     0.000000 
 15 308   0.441142      145.553      134.865     0.675809       89.035  52.24     0.682903        0.000     0.166667     6.586667     0.533333   0   0     0.000000 
 16 308   0.446885      146.115      134.843     0.677098       91.510  53.69     0.680823        0.000     0.166667     6.920000     0.333333   0   0     0.000000 
 17 308   0.419894      145.845      134.910     0.676627       93.372  54.78     0.676247        0.000     0.145982     7.346667     0.426667   0   0     0.000000 
 18 308   0.416684      145.058      135.068     0.675976       96.110  56.39     0.673335        0.000     0.166667     7.653333     0.306667   0   0     0.000000 
 19 308   0.395085      144.383      134.123     0.676750       99.336  58.28     0.668168        0.000     0.166667     8.240000     0.586667   0   0     0.000000 
 20 308   0.366835      143.730      134.550     0.676690      101.328  59.45     0.664718        0.000     0.500000     8.866667     0.626667   0   0     0.000000 
 21 308   0.764791      143.618      137.543     0.677846      101.328  59.45     0.664718        0.000     0.630609     9.346667     0.480000   0   0     0.000000 
 22 308   0.547515      144.675      129.893     0.679498      101.739  59.69     0.668880        3.345     0.161138     9.440000     0.093333   0   0    -0.026779 
 23 308   0.582155      144.563      129.938     0.679558      101.739  59.69     0.668880        3.345     0.161138     9.666667     0.226667   1   0    -0.027722 
 24 308   0.450657      146.160      128.070     0.680315      102.289  60.01     0.670815        3.768     0.163051     9.760000     0.093333   0   0    -0.025913 
 25 308   0.475151      146.183      128.003     0.680535      102.289  60.01     0.670815        3.768     0.163051     9.840000     0.080000   1   0    -0.025928 
 26 308   0.822693      145.755      128.003     0.681135      102.289  60.01     0.670815        0.000     0.109925    10.333333     0.493333   0   0    -0.025928 
 27 308   0.445201      145.755      128.003     0.681135      102.289  60.01     0.670815        5.589     0.313344    10.480000     0.146667   0   0    -0.024506 
 28 308   0.509723      145.868      128.003     0.680993      102.289  60.01     0.670815        5.589     0.146677    10.746667     0.266667   1   0    -0.033722 
 29 308   0.818129      145.755      127.755     0.683704      102.289  60.01     0.670815        0.000     0.166667    11.293333     0.546667   0   0    -0.033722 
 30 308   0.815436      145.800      127.755     0.684729      102.289  60.01     0.670815        0.000     0.109925    11.840000     0.546667   0   0    -0.033722 
 31 308   0.815556      145.755      127.755     0.686509      102.289  60.01     0.670815        0.000     0.500000    12.306667     0.466667   0   0    -0.033722 
 32 308   0.745386      145.755      127.755     0.687748      102.289  60.01     0.670815        0.000     0.145982    12.786667     0.480000   0   0    -0.033722 
 33 308   0.517325      147.600      123.300     0.691347      103.900  60.96     0.674780        5.168     0.133227    13.106667     0.320000   0   0    -0.031780 
 34 308   0.605549      152.078      123.570     0.702770      108.224  63.49     0.680942        0.369     0.151277    13.680000     0.573333   0   0    -0.042244 
 35 308   0.566987      152.280      123.975     0.703191      108.224  63.49     0.680942        5.284     0.127933    13.866667     0.186667   1   0    -0.041247 
 36 308   0.387215      152.190      124.110     0.705915      108.637  63.74     0.684055        4.893     0.328869    14.346667     0.480000   0   0    -0.050507 
 37 308   0.463479      152.460      123.908     0.707780      109.386  64.18     0.684670        3.422     0.113931    14.480000     0.133333   0   0    -0.021401 
 38 308   0.440252      153.225      122.288     0.710227      111.298  65.30     0.683431        3.422     0.004007    14.693333     0.213333   1   0    -0.043092 
 39 308   0.554979      153.203      121.680     0.710766      111.560  65.45     0.683204        1.261     0.426456    15.053333     0.360000   0   0    -0.052913 
 40 308   0.616516      154.575      122.490     0.710780      111.560  65.45     0.683204        4.914     0.166085    15.386667     0.333333   1   0    -0.054518 
 41 308   0.591006      163.418      134.618     0.714077      119.509  70.11     0.679712        6.030     0.277840    15.973333     0.586667   0   0     0.003342 
 42 308   0.532793      163.395      133.965     0.715364      120.994  70.99     0.678925        0.476     0.161491    16.293333     0.320000   0   0    -0.036503 
 43 308   0.546295      163.508      132.885     0.715722      121.332  71.18     0.678944        0.325     0.013486    16.986667     0.693333   0   0     0.060567 
 44 308   0.609857      165.893      129.893     0.718087      123.407  72.40     0.681407        0.146     0.365270    18.053333     1.066667   0   0     0.059427 
 45 308   0.655658      166.410      128.520     0.718334      123.407  72.40     0.681407        6.482     0.128916    19.200000     1.146667   1   0     0.065092 
 46 308   0.590471      166.770      127.890     0.718935      123.908  72.70     0.681696        6.451     0.140462    20.146667     0.946667   0   0     0.071503 
 47 308   0.658856      166.815      127.935     0.718995      123.908  72.70     0.681696        6.451     0.140462    21.026667     0.880000   1   0     0.108964 
 48 308   0.733370      166.815      127.935     0.720369      123.908  72.70     0.681696        0.000     0.145982    21.573333     0.546667   0   0     0.108964 
 49 308   0.473921      167.918      127.080     0.724046      125.887  73.86     0.683075        4.939     0.754984    21.920000     0.346667   0   0    -0.025954 
 50 308   0.433419      167.918      127.080     0.724139      125.887  73.86     0.683075        4.939     0.145060    22.186667     0.266667   1   0    -0.013283 
 51 308   0.723441      167.783      127.215     0.724380      125.887  73.86     0.683075        0.000     0.276591    22.773333     0.586667   0   0    -0.013283 
 52 308   0.673677      167.738      127.665     0.724818      125.887  73.86     0.683075        0.000     0.500000    23.200000     0.426667   0   0    -0.013283 
 53 308   0.681806      167.625      127.643     0.725039      125.887  73.86     0.683075        0.000     0.109925    23.746667     0.546667   0   0    -0.013283 
 54 308   0.537918      170.258      122.558     0.731312      128.374  75.32     0.689171        5.645     0.411382    24.826667     1.080000   0   0     0.065890 
 55 308   0.638233      170.910      120.308     0.731889      128.498  75.39     0.689151        0.863     0.171091    25.506667     0.680000   0   0     0.088414 
 56 308   0.650197      170.933      120.240     0.731947      128.498  75.39     0.689151        6.409     0.159899    26.600000     1.093333   1   0     0.099696 
 57 308   0.591676      175.118      116.033     0.733526      133.760  78.48     0.687179        5.847     0.305698    27.453333     0.853333   0   0     0.075942 
 58 308   0.638967      176.490      116.258     0.733809      133.813  78.51     0.687129        1.461     0.185983    28.840000     1.386667   0   0     0.053081 
 59 308   0.663905      176.625      116.303     0.733838      133.813  78.51     0.687129        6.336     0.158348    31.026667     2.186667   1   0     0.058736 
 60 308   0.682267      176.625      116.303     0.734525      133.813  78.51     0.687129        0.000     0.145982    31.586667     0.560000   0   0     0.058736 
 61 308   0.359205      176.333      115.965     0.739219      134.043  78.64     0.691213        3.503     0.425802    31.760000     0.173333   0   0     0.073097 
 62 308   0.412685      176.310      115.920     0.739288      134.043  78.64     0.691213        3.503     0.128526    31.813333     0.053333   1   0     0.067635 
 63 308   0.666360      176.310      115.920     0.739629      134.043  78.64     0.691213        0.000     0.297276    32.413333     0.600000   0   0     0.067635 
 64 308   0.672522      176.130      115.920     0.739782      134.043  78.64     0.691213        0.000     0.109925    33.080000     0.666667   0   0     0.067635 
 65 308   0.381315      176.063      115.920     0.741986      135.051  79.23     0.692529        6.368     0.236030    33.666667     0.586667   0   0     0.086535 
 66 308   0.554341      175.973      114.953     0.743022      135.594  79.55     0.694046        0.876     0.194405    33.960000     0.293333   0   0     0.080949 
 67 308   0.559071      175.973      114.773     0.743076      135.733  79.63     0.694761        0.059     0.003785    34.493333     0.533333   0   0     0.151138 
 68 308   0.567678      176.333      115.133     0.743145      135.733  79.63     0.694761        5.613     0.161872    34.813333     0.320000   1   0     0.133098 
 69 308   0.687591      176.288      115.043     0.743112      135.733  79.63     0.694761        0.000     0.000000    35.520000     0.706667   0   0     0.133098 
 70 308   0.490790      178.133      112.658     0.744422      138.152  81.05     0.699474        5.287     0.256000    36.440000     0.920000   0   0     0.096358 
 71 308   0.538235      178.088      112.658     0.744727      138.152  81.05     0.699474        5.287     0.146075    37.013333     0.573333   1   0     0.018262 
 72 308   0.684708      178.088      112.658     0.744774      138.152  81.05     0.699474        0.000     0.109925    37.506667     0.493333   0   0     0.018262 
 73 308   0.672791      177.998      112.658     0.744855      138.152  81.05     0.699474        0.000     0.109925    38.080000     0.573333   0   0     0.018262 
 74 308   0.363638      178.200      112.613     0.747461      139.361  81.76     0.698765        4.564     0.243542    38.173333     0.093333   0   0     0.018293 
 75 308   0.418461      178.088      112.590     0.748163      139.918  82.09     0.699269        1.870     0.167859    38.613333     0.440000   0   0     0.034141 
 76 308   0.516055      178.943      113.445     0.749555      140.809  82.61     0.703183        4.120     0.532260    39.213333     0.600000   0   0     0.028207 
 77 308   0.637057      179.505      112.703     0.750283      141.264  82.88     0.705342        0.220     0.014242    40.626667     1.413333   0   0     0.066270 
 78 308   0.641118      181.193      110.453     0.757887      141.907  83.26     0.708047        4.088     0.025818    41.893333     1.266667   1   0     0.025555 
 79 308   0.541791      181.148      110.453     0.757958      141.907  83.26     0.708047        6.152     0.164923    42.133333     0.240000   1   0     0.036346 
 80 308   0.614650      182.318      108.180     0.758181      142.924  83.85     0.710612        4.570     0.162439    42.666667     0.533333   0   0     0.038968 
 81 308   0.675440      182.318      108.180     0.758250      142.924  83.85     0.710612        4.570     0.162439    43.213333     0.546667   1   0     0.009007 
 82 308   0.363843      182.520      107.933     0.759183      143.466  84.17     0.710596        4.455     0.486536    43.640000     0.426667   0   0     0.019688 
 83 308   0.433190      183.645      106.628     0.760936      145.321  85.26     0.709910        0.063     0.137255    43.906667     0.266667   0   0     0.038664 
 84 308   0.511892      183.983      106.560     0.762544      146.122  85.73     0.710770        0.219     0.543751    44.346667     0.440000   0   0     0.040826 
 85 308   0.612489      184.815      107.978     0.762621      146.122  85.73     0.710770        4.274     0.136783    44.706667     0.360000   1   0     0.090578 
 86 308   0.681678      184.815      107.978     0.762753      146.122  85.73     0.710770        0.000     0.109925    45.400000     0.693333   0   0     0.090578 
 87 308   0.348551      185.715      106.740     0.762140      148.457  87.10     0.707387        6.022     0.597757    46.000000     0.600000   0   0     0.119991 
 88 308   0.444548      185.715      106.740     0.762171      148.464  87.10     0.707668        0.534     0.094997    47.280000     1.280000   0   0     0.108976 
 89 308   0.501426      185.715      106.740     0.763634      148.558  87.16     0.718458        2.000     0.136066    48.186667     0.906667   0   0     0.126885 
 90 308   0.516913      185.850      105.975     0.763605      148.558  87.16     0.718458        4.974     0.163070    48.960000     0.773333   1   0     0.135689 
 91 308   0.310677      185.805      105.975     0.767024      148.986  87.41     0.721594        3.502     0.744472    49.106667     0.146667   0   0     0.143900 
 92 308   0.422841      185.805      105.975     0.767121      148.986  87.41     0.721594        3.502     0.134547    49.200000     0.093333   1   0     0.154976 
 93 308   0.666487      185.805      105.975     0.767478      148.986  87.41     0.721594        0.000     0.276591    49.813333     0.613333   0   0     0.154976 
 94 308   0.569919      187.245      106.763     0.768718      149.012  87.42     0.721654        5.822     0.287029    50.826667     1.013333   0   0     0.153238 
 95 308   0.657263      187.268      106.740     0.768860      149.023  87.43     0.721672        0.149     0.020265    52.533333     1.706667   0   0     0.176263 
 96 308   0.657340      187.268      106.740     0.768938      149.023  87.43     0.721672        5.794     0.161312    54.386667     1.853333   1   0     0.189256 
 97 308   0.438495      187.763      106.605     0.771814      149.138  87.50     0.726066        4.363     0.309855    54.693333     0.306667   0   0     0.219455 
 98 308   0.498144      187.718      106.605     0.771926      149.138  87.50     0.726066        4.363     0.163873    54.893333     0.200000   1   0     0.223424 
 99 308   0.676686      187.628      106.605     0.771953      149.138  87.50     0.726066        0.000     0.166667    55.426667     0.533333   0   0     0.223424 
100 308   0.566519      187.853      106.155     0.772230      149.252  87.56     0.727687        4.878     0.162949    56.066667     0.640000   0   0     0.287106 
