#scene........................: /home/eldamian/nbvEverardo/models/laboratory.wrl
#triangles....................: 361767
#Total triangles' area........: 443.205414 (m2)
#sensor aperture..............: 135.000000 x 70.000000 (deg)
#range image size.............: 350 x 80
#sensor blind distances.......: 0.500000 .. 30.000000 (m)
#sensor blind angle...........: 80.000000
#sensor Gaussian noise std dev: 0.012000 (m)
#views number.................: 100 
#optimization method..........: Simulated Annealing
#view iterations fitness vxl_occupied(m2) occplane(m2) vxl_quality tri_imaged(m2) tri_imaged(%) tri_quality travelled(m) energy total_time single_time backstep change
  0   0  -0.000000       18.338        0.000     0.641809       15.030   3.39     0.643016        0.000     0.000000     0.000000     0.000000   0   0 
  1 300   0.706012       27.473        0.000     0.628786       22.845   5.15     0.633184        0.000     0.077427     0.213333     0.213333   0   0 
  2 300   0.685198       90.900       66.263     0.553296       36.798   8.30     0.589276        0.000     0.166667     0.386667     0.173333   0   0 
  3 300   0.433853      110.993       72.293     0.608082       56.335  12.71     0.638977        5.246     0.297338     0.506667     0.120000   0   0 
  4 300   0.582010      122.310       65.160     0.632414       68.204  15.39     0.653515        0.756     0.270791     0.706667     0.200000   0   0 
  5 300   0.736268      160.290       76.185     0.628002       86.336  19.48     0.660090        0.231     0.348372     0.960000     0.253333   0   0 
  6 300   0.562261      176.018       45.023     0.648984      102.461  23.12     0.666100        1.803     0.029028     1.293333     0.333333   0   0 
  7 300   0.600828      179.348       42.548     0.653313      107.055  24.15     0.664172        1.966     0.357514     1.733333     0.440000   0   0 
  8 300   0.670406      180.023       36.540     0.656720      111.748  25.21     0.657771        1.633     0.163365     2.200000     0.466667   0   0 
  9 300   0.509040      179.910       33.638     0.660367      118.057  26.64     0.652590        2.572     0.010227     2.586667     0.386667   0   0 
 10 300   0.481466      179.955       33.503     0.662712      118.807  26.81     0.653639        0.220     0.146342     2.840000     0.253333   0   0 
 11 300   0.479003      179.955       33.503     0.666415      119.491  26.96     0.655789        3.111     0.003789     3.106667     0.266667   1   0 
 12 300   0.480728      185.625       33.503     0.672856      124.781  28.15     0.661661        5.385     0.159545     3.466667     0.360000   1   0 
 13 300   0.316238      186.368       33.165     0.672608      125.444  28.30     0.660815        7.620     0.409279     3.706667     0.240000   0   0 
 14 300   0.430479      186.120       32.198     0.674963      126.797  28.61     0.660774        2.959     0.203754     4.200000     0.493333   0   0 
 15 300   0.478915      186.120       32.198     0.675102      126.797  28.61     0.660774        5.021     0.149090     4.373333     0.173333   1   0 
 16 300   0.366544      225.698       94.365     0.653413      132.519  29.90     0.661703        3.259     0.321587     4.706667     0.333333   0   0 
 17 300   0.481078      281.295      135.878     0.624593      145.617  32.86     0.650294        3.259     0.154920     5.066667     0.360000   1   0 
 18 300   0.303743      282.420      136.193     0.629142      149.553  33.74     0.650839        4.826     0.326476     5.333333     0.266667   0   0 
 19 300   0.478610      287.280      136.125     0.625157      157.212  35.47     0.651800        4.826     0.139125     5.800000     0.466667   1   0 
 20 300   0.473083      336.578      121.050     0.666572      181.403  40.93     0.669844        5.329     0.440622     6.573333     0.773333   0   0 
 21 300   0.691755      367.988      130.365     0.675121      202.945  45.79     0.679080        0.974     0.189927     8.720000     2.146667   0   0 
 22 300   0.724629      388.440      102.353     0.680776      217.849  49.15     0.683814        1.998     0.405864    11.026667     2.306667   0   0 
 23 300   0.603543      389.070      102.240     0.682820      219.591  49.55     0.684842        2.710     0.579229    13.613333     2.586667   0   0 
 24 300   0.688605      392.760       99.878     0.685393      225.283  50.83     0.683384        2.329     0.004315    16.200000     2.586667   0   0 
 25 300   0.637571      392.490       99.765     0.686451      227.931  51.43     0.681711        0.189     0.150741    19.293333     3.093333   0   0 
 26 300   0.539452      417.105       82.305     0.703299      244.329  55.13     0.687839        0.233     0.302511    22.533333     3.240000   0   0 
 27 300   0.480653      418.005       75.848     0.708106      252.779  57.03     0.690017        3.476     0.003883    25.013333     2.480000   1   0 
 28 300   0.482997      418.770       75.780     0.710537      257.148  58.02     0.688416        1.476     0.311228    28.186667     3.173333   0   0 
 29 300   0.661256      420.165       73.823     0.711842      259.838  58.63     0.688450        1.745     0.335624    30.506667     2.320000   0   0 
 30 300   0.640285      421.718       71.483     0.713208      264.139  59.60     0.686871        2.961     0.008253    33.600000     3.093333   0   0 
 31 300   0.488223      435.735       56.768     0.714960      274.241  61.88     0.687029        3.625     0.507470    36.573333     2.973333   0   0 
 32 300   0.485717      437.108       52.785     0.719542      280.301  63.24     0.690951        0.367     0.192660    38.813333     2.240000   0   0 
 33 300   0.480329      440.775       48.308     0.726686      287.615  64.89     0.692716        3.911     0.002161    41.680000     2.866667   1   0 
 34 300   0.480583      443.093       48.150     0.730295      292.310  65.95     0.697698        3.605     0.010544    44.213333     2.533333   1   0 
 35 300   0.480673      443.115       46.823     0.732471      296.219  66.84     0.698807        5.430     0.131970    47.813333     3.600000   1   0 
 36 300   0.333614      443.520       40.725     0.732760      300.244  67.74     0.699665        3.786     0.242812    48.106667     0.293333   0   0 
 37 300   0.479720      443.520       40.725     0.732912      300.244  67.74     0.699665        3.786     0.132888    48.613333     0.506667   1   0 
 38 300   0.443858      443.813       40.568     0.733847      301.351  67.99     0.700085        0.533     0.159349    50.480000     1.866667   0   0 
 39 300   0.480743      443.993       40.433     0.733861      301.351  67.99     0.700085        0.000     0.000000    52.933333     2.453333   0   1 
 40 300   0.013705      445.365       39.308     0.735777      304.252  68.65     0.700321        8.637     0.218585    54.720000     1.786667   0   1 
 41 300   0.022247      447.008       38.610     0.736763      306.723  69.21     0.700886        4.833     0.294237    57.240000     2.520000   0   1 
 42 300   0.048850      446.940       38.318     0.737986      307.631  69.41     0.701340        4.932     0.284277    59.506667     2.266667   0   1 
 43 300   0.015011      447.570       36.923     0.744624      316.356  71.38     0.705783        4.093     0.287960    61.373333     1.866667   0   1 
 44 300   0.016536      451.800       35.640     0.746684      320.723  72.36     0.706703        4.526     0.344986    64.280000     2.906667   0   1 
 45 300   0.004154      451.845       35.100     0.748905      322.646  72.80     0.707428        3.194     0.279260    66.600000     2.320000   0   1 
 46 300   0.004101      452.768       34.335     0.748904      325.072  73.35     0.707944        3.824     0.004158    69.520000     2.920000   0   1 
 47 300   0.002748      452.678       34.335     0.749577      327.264  73.84     0.709333        2.710     0.181802    72.440000     2.920000   0   1 
 48 300   0.006383      452.633       34.335     0.749774      328.139  74.04     0.709623        0.739     0.213726    75.613333     3.173333   0   1 
 49 300   0.007125      452.858       34.335     0.751106      330.654  74.61     0.711910        4.295     0.171521    79.200000     3.586667   1   1 
 50 300   0.003611      453.938       33.930     0.752527      333.594  75.27     0.712439        4.145     0.470003    82.320000     3.120000   0   1 
 51 300   0.007068      454.050       33.818     0.752950      334.519  75.48     0.712485        7.764     0.420190    83.773333     1.453333   0   1 
 52 300   0.000189      455.040       33.773     0.755783      336.678  75.96     0.716673        7.764     0.310265    84.040000     0.266667   1   1 
 53 300   0.003951      454.928       33.773     0.756305      338.433  76.36     0.717386        0.565     0.677420    86.520000     2.480000   0   1 
 54 300   0.005056      454.928       33.773     0.756774      338.854  76.46     0.717627        4.596     0.048490    88.626667     2.106667   1   1 
 55 300   0.002455      455.130       33.435     0.756896      339.384  76.57     0.717774        5.754     0.597957    90.960000     2.333333   0   1 
 56 300   0.003840      455.085       33.435     0.757168      340.313  76.78     0.717997        3.080     0.714153    93.933333     2.973333   0   1 
 57 300   0.006263      455.108       32.963     0.759466      342.269  77.23     0.720355        3.080     0.136727    97.133333     3.200000   1   1 
 58 300   0.005636      455.985       32.940     0.761143      345.406  77.93     0.720161        7.657     0.266077   100.466667     3.333333   0   1 
 59 300   0.006483      456.210       33.030     0.761419      345.672  77.99     0.720587        6.206     0.454168   103.933333     3.466667   0   1 
 60 300   0.012032      456.390       32.985     0.764148      346.769  78.24     0.723057        6.206     0.010910   106.706667     2.773333   1   1 
 61 300   0.003281      456.570       32.940     0.764528      347.429  78.39     0.723317        4.921     0.268138   109.546667     2.840000   0   1 
 62 300   0.005312      456.300       32.625     0.765097      348.439  78.62     0.724593        4.921     0.080787   111.813333     2.266667   1   1 
 63 300   0.001805      455.940       32.625     0.765722      349.111  78.77     0.725053        4.034     0.184263   114.386667     2.573333   0   1 
 64 300   0.005562      455.940       32.625     0.767348      349.659  78.89     0.726299        1.227     0.290784   117.320000     2.933333   0   1 
 65 300   0.006589      455.940       32.625     0.768210      349.870  78.94     0.727432        5.056     0.287696   120.720000     3.400000   1   1 
 66 300   0.002547      455.940       32.625     0.768227      350.361  79.05     0.727735        5.008     0.276446   123.693333     2.973333   0   1 
 67 300   0.004176      456.030       32.670     0.768280      350.361  79.05     0.727735        5.008     0.145838   126.360000     2.666667   1   1 
 68 300   0.003539      456.030       32.670     0.768342      350.441  79.07     0.728079        4.631     0.218288   129.520000     3.160000   0   1 
 69 300   0.005473      456.278       32.445     0.772627      351.578  79.33     0.730303        1.599     0.166896   131.920000     2.400000   0   1 
 70 300   0.006617      456.323       32.423     0.773166      351.653  79.34     0.731151        0.109     0.262328   135.320000     3.400000   0   1 
 71 300   0.006415      456.503       32.288     0.774715      352.990  79.64     0.733206        6.283     0.024745   137.973333     2.653333   1   1 
 72 300   0.004470      456.953       32.468     0.774723      353.027  79.65     0.733229        5.236     0.184915   140.240000     2.266667   0   1 
 73 300   0.007208      457.043       32.468     0.774746      353.063  79.66     0.733302        5.236     0.018248   143.653333     3.413333   1   1 
 74 300   0.001873      457.065       32.490     0.774778      353.100  79.67     0.733394        5.459     0.200017   146.266667     2.613333   0   1 
 75 300   0.003111      457.110       32.490     0.774807      353.100  79.67     0.733394        5.459     0.090093   149.813333     3.546667   1   1 
 76 300   0.035436      457.875       31.050     0.775405      354.676  80.03     0.733487        0.549     0.475811   152.440000     2.626667   0   1 
 77 300   0.002190      458.573       31.658     0.775370      354.701  80.03     0.733539        5.463     0.535505   153.706667     1.266667   0   1 
 78 300   0.004284      458.708       31.658     0.775574      354.832  80.06     0.733934        5.463     0.181487   156.733333     3.026667   1   1 
 79 300   0.002054      458.775       31.635     0.775885      355.054  80.11     0.734214        6.073     0.107560   160.160000     3.426667   0   1 
 80 300   0.003490      458.753       31.613     0.775953      355.137  80.13     0.734171        6.073     0.030133   162.906667     2.746667   1   1 
 81 300   0.002259      458.775       31.590     0.776339      355.776  80.27     0.734338        4.601     0.195072   164.600000     1.693333   0   1 
 82 300   0.005475      458.775       31.590     0.776397      355.796  80.28     0.734487        2.004     0.149063   167.080000     2.480000   0   1 
 83 300   0.006568      458.820       31.590     0.776708      355.954  80.31     0.735075        6.455     0.010732   169.506667     2.426667   1   1 
 84 300   0.003562      458.685       31.590     0.776762      356.043  80.33     0.735177        6.072     0.189420   172.773333     3.266667   0   1 
 85 300   0.006289      458.775       31.590     0.776793      356.043  80.33     0.735177        6.072     0.002069   175.453333     2.680000   1   1 
 86 300   0.001089      459.023       31.613     0.777187      356.807  80.51     0.736365        6.281     0.798298   177.733333     2.280000   0   1 
 87 300   0.002801      458.798       31.613     0.777565      356.875  80.52     0.736945        6.281     0.298298   180.000000     2.266667   1   1 
 88 300   0.002493      459.248       31.680     0.777964      357.566  80.68     0.737429        5.535     0.348113   182.760000     2.760000   0   1 
 89 300   0.007138      461.633       29.498     0.781114      361.393  81.54     0.738344       15.796     0.304942   183.986667     1.226667   0   1 
 90 300   0.265264      465.210       27.383     0.781558      365.649  82.50     0.737395        4.548     0.301299   184.346667     0.360000   0   1 
 91 300   0.039570      468.878       21.780     0.787449      369.522  83.37     0.738912        1.024     0.305414   184.680000     0.333333   0   1 
 92 300   0.002553      469.305       21.353     0.790210      370.964  83.70     0.740446        1.920     0.180885   186.040000     1.360000   0   1 
 93 300   0.008546      469.463       20.835     0.795118      373.683  84.31     0.743548        4.405     0.361178   186.480000     0.440000   0   1 
 94 300   0.002318      469.665       20.453     0.798107      377.609  85.20     0.747844        4.405     0.007161   186.746667     0.266667   1   1 
 95 300   0.353574      470.205       19.238     0.798768      379.096  85.54     0.747068        2.317     0.126659   187.160000     0.413333   0   1 
 96 300   0.095397      470.205       19.148     0.799175      380.369  85.82     0.746822        6.186     0.001893   187.506667     0.346667   1   1 
 97 300   0.000052      470.745       21.623     0.799206      380.397  85.83     0.746857       15.796     0.028351   187.746667     0.240000   1   1 
 98 300   0.004680      470.880       21.623     0.799232      380.397  85.83     0.746857        5.535     0.014780   190.146667     2.400000   1   1 
 99 300   0.001957      470.678       21.645     0.799757      381.119  85.99     0.747443        6.833     0.250980   192.400000     2.253333   0   1 
100 300   0.003900      470.768       21.645     0.800200      381.453  86.07     0.747675        6.833     0.006887   194.240000     1.840000   1   1 
