#scene........................: /home/eldamian/nbvEverardo/models/laboratory.wrl
#triangles....................: 361767
#Total triangles' area........: 443.205414 (m2)
#sensor aperture..............: 135.000000 x 70.000000 (deg)
#range image size.............: 350 x 80
#sensor blind distances.......: 0.500000 .. 30.000000 (m)
#sensor blind angle...........: 80.000000
#sensor Gaussian noise std dev: 0.012000 (m)
#views number.................: 100 
#optimization method..........: Simulated Annealing
#view iterations fitness vxl_occupied(m2) occplane(m2) vxl_quality tri_imaged(m2) tri_imaged(%) tri_quality travelled(m) energy total_time single_time backstep change
  0   0  -0.000000       18.338        0.000     0.641809       15.030   3.39     0.643016        0.000     0.000000     0.000000     0.000000   0   0 
  1 300   0.719919       27.473        0.000     0.628786       22.845   5.15     0.633184        0.000     0.077427     0.226667     0.226667   0   0 
  2 300   0.712104       90.900       66.263     0.553296       36.798   8.30     0.589276        0.000     0.166667     0.573333     0.346667   0   0 
  3 300   0.591076      110.993       72.293     0.608082       56.335  12.71     0.638977        5.246     0.297338     0.680000     0.106667   0   0 
  4 300   0.646436      122.310       65.160     0.632414       68.204  15.39     0.653515        0.756     0.270791     0.893333     0.213333   0   0 
  5 300   0.798611      160.290       76.185     0.628002       86.336  19.48     0.660090        0.231     0.348372     1.160000     0.266667   0   0 
  6 300   0.802455      158.828       75.263     0.633464       90.003  20.31     0.657079        1.417     0.677889     1.480000     0.320000   0   0 
  7 300   0.696273      160.448       73.283     0.636687       94.256  21.27     0.651030        4.512     0.017272     1.786667     0.306667   0   0 
  8 300   0.584824      162.045       71.235     0.642195       98.474  22.22     0.649656        3.054     0.029803     1.880000     0.093333   0   0 
  9 300   0.637869      184.995       78.188     0.642757      106.637  24.06     0.653427        0.428     0.193385     2.373333     0.493333   0   0 
 10 300   0.483172      187.583      319.725     0.655573      113.936  25.71     0.663046        3.359     0.003084     2.680000     0.306667   1   0 
 11 300   0.681134      236.183      205.380     0.640859      125.427  28.30     0.657688        5.327     0.028706     3.066667     0.386667   0   0 
 12 300   0.482771      236.183      205.875     0.641548      125.427  28.30     0.657688        5.327     0.028706     3.546667     0.480000   1   0 
 13 300   0.509267      237.780      240.458     0.650044      128.463  28.98     0.662152        0.937     0.210977     3.893333     0.346667   0   0 
 14 300   0.520552      245.813      235.125     0.646047      133.936  30.22     0.657929        1.024     0.451410     4.133333     0.240000   0   0 
 15 300   0.731494      246.533      234.360     0.651154      135.981  30.68     0.660481        3.998     0.257946     4.480000     0.346667   0   0 
 16 300   0.701976      254.385      213.660     0.669664      148.337  33.47     0.671638        3.800     0.283795     4.880000     0.400000   0   0 
 17 300   0.612977      257.940      207.720     0.670157      154.031  34.75     0.667744        0.068     0.113964     5.386667     0.506667   0   0 
 18 300   0.529996      259.650      207.135     0.675180      157.214  35.47     0.671890        3.950     0.202666     5.653333     0.266667   0   0 
 19 300   0.480065      260.640      205.875     0.680512      162.352  36.63     0.677913        3.950     0.035999     6.200000     0.546667   1   0 
 20 300   0.481229      262.058      203.063     0.681987      165.328  37.30     0.676813        0.684     0.179162     6.613333     0.413333   0   0 
 21 300   0.480191      261.945      203.040     0.682438      165.936  37.44     0.677607        4.408     0.001251     7.013333     0.400000   1   0 
 22 300   0.479363      262.035      202.860     0.683756      167.708  37.84     0.678552        3.998     0.002039     7.373333     0.360000   1   0 
 23 300   0.489503      262.913      200.318     0.690991      171.447  38.68     0.683128        0.539     0.203885     7.920000     0.546667   0   0 
 24 300   0.480696      262.733      199.913     0.691956      171.832  38.77     0.686241        4.047     0.018333     8.173333     0.253333   1   0 
 25 300   0.480918      262.125      198.630     0.695874      175.202  39.53     0.688640        5.683     0.141740     8.733333     0.560000   1   0 
 26 300   0.733202      301.680      222.323     0.693608      192.966  43.54     0.688931        2.824     0.429227     8.946667     0.213333   0   0 
 27 300   0.747867      304.268      219.668     0.694517      196.505  44.34     0.686940        1.212     0.334930     9.266667     0.320000   0   0 
 28 300   0.690109      324.765      175.298     0.708191      217.060  48.98     0.692690        2.028     0.610253     9.693333     0.426667   0   0 
 29 300   0.891778      333.045      165.105     0.704808      223.662  50.46     0.689558        2.440     0.132088    10.786667     1.093333   0   0 
 30 300   0.915507      350.145      156.758     0.708521      235.598  53.16     0.692535        1.158     0.343784    11.813333     1.026667   0   0 
 31 300   0.832157      362.340      144.315     0.705850      245.668  55.43     0.690781        1.106     0.338830    12.933333     1.120000   0   0 
 32 300   0.821220      399.353      103.208     0.721793      268.011  60.47     0.695140        0.432     0.336217    14.306667     1.373333   0   0 
 33 300   0.768273      422.798       88.583     0.724520      281.948  63.62     0.693504        1.921     0.302526    16.280000     1.973333   0   0 
 34 300   0.724464      426.240       88.470     0.724491      286.441  64.63     0.691269        3.609     0.363945    18.333333     2.053333   0   0 
 35 300   0.683488      444.150       66.915     0.725562      293.430  66.21     0.689697        3.363     0.174703    21.546667     3.213333   0   0 
 36 300   0.704388      451.733       63.180     0.724427      302.908  68.34     0.688316        4.229     0.004574    24.093333     2.546667   0   0 
 37 300   0.505683      453.128       61.673     0.726231      305.804  69.00     0.689858        0.976     0.176515    24.800000     0.706667   0   0 
 38 300   0.527445      455.445       44.663     0.730392      314.106  70.87     0.691559        4.303     0.080785    28.000000     3.200000   0   0 
 39 300   0.482186      459.923       39.173     0.734619      321.435  72.53     0.692037        1.658     0.258566    31.546667     3.546667   0   0 
 40 300   0.494622      464.085       33.233     0.736456      329.081  74.25     0.692606        1.554     0.370111    34.386667     2.840000   0   0 
 41 300   0.480600      465.638       30.150     0.746062      333.585  75.27     0.697786        4.755     0.192330    36.653333     2.266667   1   0 
 42 300   0.480546      467.595       27.810     0.749720      339.226  76.54     0.699721        3.638     0.014422    39.533333     2.880000   1   0 
 43 300   0.495188      467.685       25.673     0.749829      342.047  77.18     0.698742        0.638     0.248543    42.306667     2.773333   0   0 
 44 300   0.480694      468.158       25.223     0.751029      345.610  77.98     0.698795        3.639     0.003587    45.453333     3.146667   1   0 
 45 300   0.480718      468.608       24.863     0.755290      347.000  78.29     0.701662        3.609     0.197279    48.173333     2.720000   1   0 
 46 300   0.480718      468.563       24.773     0.755901      348.922  78.73     0.702359        3.010     0.207964    50.746667     2.573333   1   0 
 47 300   0.480692      467.550       24.728     0.756730      351.690  79.35     0.700783        3.212     0.001925    53.826667     3.080000   1   0 
 48 300   0.480675      467.550       24.728     0.756776      351.690  79.35     0.700783        0.000     0.000000    56.706667     2.880000   0   1 
 49 300   0.047353      469.328       23.310     0.759557      355.215  80.15     0.703126        3.568     0.195324    59.053333     2.346667   0   1 
 50 300   0.001755      469.530       23.243     0.761900      356.661  80.47     0.704448        7.210     0.474281    59.493333     0.440000   0   1 
 51 300   0.001295      470.250       23.310     0.764934      357.888  80.75     0.706809        3.546     0.290140    59.800000     0.306667   0   1 
 52 300   0.016385      470.003       23.108     0.768279      359.681  81.15     0.709548        4.492     0.188547    60.266667     0.466667   0   1 
 53 300   0.015889      470.160       23.040     0.769038      360.804  81.41     0.710434        4.492     0.021880    60.773333     0.506667   1   1 
 54 300   0.005364      471.285       20.745     0.771092      362.590  81.81     0.711359        3.950     0.099864    61.106667     0.333333   0   1 
 55 300   0.001618      471.555       22.005     0.774114      364.655  82.28     0.712971        7.084     0.101540    62.080000     0.973333   0   1 
 56 300   0.005892      471.713       21.848     0.776567      366.152  82.61     0.715898        0.161     0.423476    63.933333     1.853333   0   1 
 57 300   0.010859      471.915       20.970     0.777353      368.692  83.19     0.716899        7.284     0.459078    66.813333     2.880000   0   1 
 58 300   0.004624      471.803       20.903     0.779477      370.207  83.53     0.718940        2.828     0.378871    70.306667     3.493333   0   1 
 59 300   0.006500      471.938       20.858     0.782252      373.193  84.20     0.722032        1.338     0.502701    73.653333     3.346667   0   1 
 60 300   0.008572      471.938       20.858     0.782635      374.129  84.41     0.722552        0.482     0.149857    76.800000     3.146667   0   1 
 61 300   0.008934      471.848       20.858     0.783635      375.652  84.76     0.723882        0.273     0.153831    79.240000     2.440000   0   1 
 62 300   0.008995      472.140       20.430     0.787209      377.353  85.14     0.728053        4.264     0.038563    82.200000     2.960000   1   1 
 63 300   0.005467      472.140       20.430     0.787244      377.620  85.20     0.728501        3.852     0.179615    84.480000     2.280000   0   1 
 64 300   0.006640      471.848       20.430     0.787551      378.105  85.31     0.729451        0.148     0.168429    86.933333     2.453333   0   1 
 65 300   0.006691      471.713       20.430     0.787622      378.105  85.31     0.729451        3.875     0.078054    90.186667     3.253333   1   1 
 66 300   0.005110      471.780       20.498     0.788375      378.908  85.49     0.730484        3.199     0.671367    92.880000     2.693333   0   1 
 67 300   0.006693      471.780       20.498     0.788352      379.079  85.53     0.730745        0.291     0.505340    96.080000     3.200000   0   1 
 68 300   0.007193      471.735       20.498     0.788336      379.079  85.53     0.730745        3.471     0.166027    99.400000     3.320000   1   1 
 69 300   0.004862      471.533       20.745     0.788723      379.357  85.59     0.731305        3.662     0.182305   102.186667     2.786667   0   1 
 70 300   0.005700      471.533       20.745     0.788991      379.555  85.64     0.731710        0.099     0.128165   105.013333     2.826667   0   1 
 71 300   0.005726      471.443       20.498     0.789756      379.922  85.72     0.732086        3.673     0.233043   108.000000     2.986667   1   1 
 72 300   0.004191      471.555       20.610     0.790146      380.664  85.89     0.733119        3.696     0.233813   110.320000     2.320000   0   1 
 73 300   0.006787      472.005       20.903     0.790285      380.730  85.90     0.733215        0.955     0.314395   113.253333     2.933333   0   1 
 74 300   0.007014      472.005       20.903     0.790314      380.730  85.90     0.733215        4.085     0.003156   115.946667     2.693333   1   1 
 75 300   0.005764      471.735       20.498     0.790537      381.022  85.97     0.733476        4.068     0.144113   119.493333     3.546667   0   1 
 76 300   0.006476      471.735       20.498     0.790551      381.033  85.97     0.733601        4.068     0.034188   122.573333     3.080000   1   1 
 77 300   0.003203      471.870       20.363     0.791862      382.409  86.28     0.735095        5.237     0.190417   125.013333     2.440000   0   1 
 78 300   0.005083      471.983       20.273     0.792334      382.891  86.39     0.735301        1.376     0.285340   127.866667     2.853333   0   1 
 79 300   0.004073      472.343       20.093     0.793089      384.530  86.76     0.736731        3.956     0.015002   129.226667     1.360000   1   1 
 80 300   0.003025      472.748       19.868     0.793019      385.099  86.89     0.737068        1.619     0.840170   131.813333     2.586667   0   1 
 81 300   0.006222      472.748       19.868     0.793350      385.145  86.90     0.737569        3.398     0.376144   133.973333     2.160000   0   1 
 82 300   0.006999      472.613       19.868     0.793563      385.823  87.05     0.738435        3.398     0.266219   136.773333     2.800000   1   1 
 83 300   0.002591      472.613       19.868     0.793599      385.855  87.06     0.738454        1.706     0.189323   139.813333     3.040000   0   1 
 84 300   0.006702      472.613       19.868     0.793867      385.894  87.07     0.738847        2.238     0.235242   143.160000     3.346667   0   1 
 85 300   0.007028      472.478       19.868     0.793869      386.274  87.15     0.738902        3.636     0.278583   145.693333     2.533333   1   1 
 86 300   0.001598      472.433       19.868     0.794053      386.645  87.24     0.739629        1.356     0.616472   148.026667     2.333333   0   1 
 87 300   0.002130      472.433       19.868     0.794060      386.739  87.26     0.739678        0.281     0.031432   150.600000     2.573333   0   1 
 88 300   0.002131      472.545       19.845     0.794156      386.739  87.26     0.739678        3.199     0.258544   153.480000     2.880000   1   1 
 89 300   0.002073      472.545       19.845     0.794159      386.835  87.28     0.739620        3.176     0.639871   156.026667     2.546667   0   1 
 90 300   0.002510      472.613       19.823     0.794146      386.835  87.28     0.739620        3.176     0.062445   158.653333     2.626667   1   1 
 91 300   0.008104      472.928       20.588     0.794150      386.857  87.29     0.739663        4.794     0.189117   161.760000     3.106667   0   1 
 92 300   0.009584      472.883       20.588     0.794242      386.857  87.29     0.739663        4.794     0.022451   164.333333     2.573333   1   1 
 93 300   0.002271      472.883       20.588     0.794447      386.882  87.29     0.740110        3.894     0.211548   167.053333     2.720000   0   1 
 94 300   0.002545      472.928       20.588     0.794534      387.207  87.37     0.740611        3.894     0.065565   169.346667     2.293333   1   1 
 95 300   0.006210      473.423       20.678     0.795455      388.787  87.72     0.740550        7.427     0.497706   171.746667     2.400000   0   1 
 96 300   0.002036      473.130       20.700     0.795493      388.873  87.74     0.740596        4.787     0.379550   174.520000     2.773333   0   1 
 97 300   0.002493      473.265       20.700     0.795783      389.047  87.78     0.741386        4.787     0.102959   175.773333     1.253333   1   1 
 98 300   0.001657      473.333       20.768     0.795799      389.051  87.78     0.741406        5.663     0.314526   178.333333     2.560000   0   1 
 99 300   0.002159      472.703       20.768     0.795893      389.164  87.81     0.741479        0.814     0.286261   181.146667     2.813333   0   1 
100 300   0.002217      472.973       20.678     0.797070      389.801  87.95     0.743439        5.671     0.007581   184.146667     3.000000   1   1 
