#scene........................: /home/eldamian/nbvEverardo/models/laboratory.wrl
#triangles....................: 361767
#Total triangles' area........: 443.205414 (m2)
#sensor aperture..............: 135.000000 x 70.000000 (deg)
#range image size.............: 350 x 80
#sensor blind distances.......: 0.500000 .. 30.000000 (m)
#sensor blind angle...........: 80.000000
#sensor Gaussian noise std dev: 0.012000 (m)
#views number.................: 100 
#optimization method..........: Evolution Strategy
#view iterations fitness vxl_occupied(m2) occplane(m2) vxl_quality tri_imaged(m2) tri_imaged(%) tri_quality travelled(m) energy total_time single_time backstep change
  0   0  -0.000000       18.338        0.000     0.641809       15.030   3.39     0.643016        0.000     0.000000     0.000000     0.000000   0   0 
  1 308   0.719919       27.473        0.000     0.628786       22.845   5.15     0.633184        0.000     0.077427     0.266667     0.266667   0   0 
  2 308   0.511285       47.970        9.743     0.653144       26.022   5.87     0.637934        1.218     0.242428     0.293333     0.026667   0   0 
  3 308   0.477844       48.375        9.743     0.652317       26.022   5.87     0.637934        0.000     0.000000     0.320000     0.026667   0   0 
  4 308   0.477902       48.420        9.698     0.652262       26.022   5.87     0.637934        0.000     0.000000     0.386667     0.066667   0   0 
  5 308   0.477908       48.488        9.585     0.651891       26.022   5.87     0.637934        0.000     0.000000     0.400000     0.013333   0   0 
  6 308   0.477908       48.488        9.563     0.652387       26.022   5.87     0.637934        0.000     0.000000     0.426667     0.026667   0   0 
  7 308   0.560301       50.918        9.563     0.648921       28.517   6.43     0.628378        0.024     0.150498     0.480000     0.053333   0   0 
  8 308   0.485989       52.718        9.563     0.646955       30.686   6.92     0.623144        0.555     0.354141     0.546667     0.066667   0   0 
  9 308   0.479710       52.763        9.563     0.647033       30.686   6.92     0.623144        0.000     0.000000     0.560000     0.013333   0   0 
 10 308   0.479710       52.740        9.563     0.647183       30.686   6.92     0.623144        0.000     0.000000     0.586667     0.026667   0   0 
 11 308   0.479710       52.785        9.563     0.647195       30.686   6.92     0.623144        0.000     0.000000     0.680000     0.093333   0   0 
 12 308   0.479825       52.785        9.563     0.647238       30.686   6.92     0.623144        0.000     0.000000     0.693333     0.013333   0   0 
 13 308   0.479825       52.785        9.563     0.647363       30.686   6.92     0.623144        0.000     0.000000     0.733333     0.040000   0   0 
 14 308   0.617562       73.418       36.000     0.651354       37.151   8.38     0.639702        0.831     0.163259     0.786667     0.053333   0   0 
 15 308   0.603381      108.653      107.505     0.606244       44.973  10.15     0.639451        0.392     0.114901     0.853333     0.066667   0   0 
 16 308   0.478804      112.928      108.563     0.600048       48.041  10.84     0.632216        0.072     0.019363     0.920000     0.066667   0   0 
 17 308   0.479010      111.713      106.853     0.596946       50.133  11.31     0.627034        0.167     0.007187     1.066667     0.146667   0   0 
 18 308   0.626501      137.565      142.470     0.598991       56.826  12.82     0.642090        2.167     0.028080     1.120000     0.053333   0   0 
 19 308   0.647217      163.440      193.860     0.621770       66.218  14.94     0.656410        5.765     0.334084     1.413333     0.293333   0   0 
 20 308   0.779045      176.220      245.655     0.622133       72.039  16.25     0.656241        0.682     0.134684     1.546667     0.133333   0   0 
 21 308   0.860915      182.925      232.605     0.620694       77.494  17.48     0.651612        0.883     0.351886     1.693333     0.146667   0   0 
 22 308   0.891199      217.575      218.610     0.655530       99.043  22.35     0.684178        2.803     0.130851     1.933333     0.240000   0   0 
 23 308   0.911917      227.543      204.773     0.661620      109.323  24.67     0.682811        2.432     0.405758     4.186667     2.253333   0   0 
 24 308   0.907032      278.348      186.683     0.658432      126.279  28.49     0.677849        1.526     0.503790     6.626667     2.440000   0   0 
 25 308   0.828936      316.035      202.635     0.666827      142.095  32.06     0.679961        1.858     0.306138     8.013333     1.386667   0   0 
 26 308   0.704157      319.860      185.040     0.679019      151.070  34.09     0.685821        1.141     0.290305    10.560000     2.546667   0   0 
 27 308   0.785225      326.610      178.718     0.683404      160.093  36.12     0.684859        3.018     0.430465    12.666667     2.106667   0   0 
 28 308   0.620801      332.820      168.278     0.688286      169.026  38.14     0.693123        0.475     0.315050    14.400000     1.733333   0   0 
 29 308   0.721290      333.248      167.850     0.689269      170.733  38.52     0.694319        2.760     0.263472    15.573333     1.173333   0   0 
 30 308   0.506302      333.428      167.400     0.690581      171.435  38.68     0.694991        2.140     0.166013    16.946667     1.373333   0   0 
 31 308   0.555960      334.800      165.308     0.692971      174.001  39.26     0.696477        1.145     0.259801    18.440000     1.493333   0   0 
 32 308   0.480581      335.160      165.443     0.693604      174.557  39.39     0.696879        0.238     0.000695    19.720000     1.280000   0   0 
 33 308   0.480610      334.890      165.038     0.697459      177.303  40.00     0.699549        4.041     0.168989    20.933333     1.213333   1   0 
 34 308   0.480743      334.778      164.273     0.700041      181.276  40.90     0.700862        3.852     0.160964    23.440000     2.506667   1   0 
 35 308   0.682577      367.200      154.958     0.690193      192.462  43.43     0.698552        3.628     0.358636    24.293333     0.853333   0   0 
 36 308   0.480093      367.403      148.050     0.687971      198.603  44.81     0.696328        0.134     0.012368    25.253333     0.960000   0   0 
 37 308   0.480272      370.035      154.035     0.693739      204.496  46.14     0.699546        3.588     0.007749    26.533333     1.280000   1   0 
 38 308   0.483633      371.993      148.073     0.695803      207.664  46.86     0.699340        1.011     0.120749    28.013333     1.480000   0   0 
 39 308   0.479403      371.925      144.450     0.697343      210.269  47.44     0.700766        0.286     0.083852    29.453333     1.440000   0   0 
 40 308   0.774456      376.875      142.493     0.696961      216.320  48.81     0.698844        2.203     0.004694    30.186667     0.733333   0   0 
 41 308   0.646766      381.060      135.585     0.701678      221.754  50.03     0.701504        0.366     0.113945    31.066667     0.880000   0   0 
 42 308   0.481642      382.815      134.190     0.706227      226.177  51.03     0.704125        0.423     0.030586    31.893333     0.826667   0   0 
 43 308   0.523727      385.290      121.613     0.714969      233.715  52.73     0.709642        2.745     0.173284    33.706667     1.813333   0   0 
 44 308   0.480306      384.953      120.983     0.717494      236.216  53.30     0.711003        3.105     0.023968    35.386667     1.680000   1   0 
 45 308   0.480768      385.178      119.970     0.723837      239.057  53.94     0.713076        5.302     0.025124    36.720000     1.333333   1   0 
 46 308   0.588365      396.878      125.820     0.738668      256.137  57.79     0.719519        6.654     0.146361    37.280000     0.560000   0   0 
 47 308   0.794116      411.750       98.010     0.738723      269.092  60.72     0.713360        3.291     0.517465    38.186667     0.906667   0   0 
 48 308   0.754596      425.070       84.803     0.746492      282.298  63.69     0.716283        1.316     0.255522    39.120000     0.933333   0   0 
 49 308   0.671596      428.265       78.030     0.750660      290.975  65.65     0.714080        2.941     0.008373    39.640000     0.520000   0   0 
 50 308   0.707716      428.603       77.153     0.751231      293.502  66.22     0.713274        4.200     0.191367    40.040000     0.400000   0   0 
 51 308   0.871158      447.975       65.700     0.745322      303.992  68.59     0.711474        1.589     0.288344    40.493333     0.453333   0   0 
 52 308   0.631842      457.470       54.833     0.744448      312.927  70.61     0.710342        1.852     0.013009    40.933333     0.440000   0   0 
 53 308   0.744630      458.955       52.830     0.745322      315.557  71.20     0.709733        3.043     0.271821    41.600000     0.666667   0   0 
 54 308   0.480769      458.888       52.763     0.747778      317.563  71.65     0.709900        3.043     0.015914    42.120000     0.520000   1   0 
 55 308   0.588264      460.215       49.613     0.751030      323.003  72.88     0.709094        2.347     0.161354    42.533333     0.413333   0   0 
 56 308   0.593069      461.610       48.150     0.751738      325.052  73.34     0.708805        0.734     0.009013    42.813333     0.280000   0   0 
 57 308   0.573535      467.505       28.125     0.756461      334.210  75.41     0.710097        1.529     0.147438    43.346667     0.533333   0   0 
 58 308   0.480350      468.720       22.635     0.759969      339.639  76.63     0.713229        4.361     0.021932    43.853333     0.506667   1   0 
 59 308   0.480543      468.990       21.510     0.761232      343.838  77.58     0.714395        4.200     0.004016    44.853333     1.000000   1   0 
 60 308   0.480771      468.765       21.195     0.761783      345.148  77.88     0.714047        0.365     0.119334    45.546667     0.693333   0   0 
 61 308   0.480019      468.630       21.150     0.762334      346.229  78.12     0.715826        3.164     0.001036    46.186667     0.640000   1   0 
 62 308   0.480575      468.990       20.925     0.764316      347.519  78.41     0.716720        7.248     0.005658    47.066667     0.880000   1   0 
 63 308   0.480769      468.855       20.925     0.764485      347.519  78.41     0.716720        0.000     0.000000    48.013333     0.946667   0   1 
 64 308   0.004925      469.170       20.385     0.765923      350.002  78.97     0.716959        7.360     0.681965    51.160000     3.146667   0   1 
 65 308   0.009762      469.170       20.385     0.766625      350.754  79.14     0.718467        2.792     0.391602    53.360000     2.200000   0   1 
 66 308   0.016871      469.170       20.385     0.766970      350.971  79.19     0.718905        0.512     0.012896    55.106667     1.746667   0   1 
 67 308   0.046524      471.285       17.550     0.769900      354.039  79.88     0.718875       13.301     0.186151    56.053333     0.946667   0   1 
 68 308   0.010561      472.410       17.325     0.773531      357.272  80.61     0.719101        1.411     0.294885    56.853333     0.800000   0   1 
 69 308   0.179843      474.030       16.470     0.773503      357.801  80.73     0.718774        3.461     0.268385    57.333333     0.480000   0   1 
 70 308   0.219840      474.233       15.998     0.773403      357.977  80.77     0.718581        0.243     0.014197    57.866667     0.533333   0   1 
 71 308   0.196185      474.233       15.998     0.773415      358.160  80.81     0.718438        3.530     0.010094    58.480000     0.613333   1   1 
 72 308   0.001923      474.255       21.150     0.773720      358.785  80.95     0.718499       13.981     0.506831    60.986667     2.506667   0   1 
 73 308   0.017403      473.940       20.835     0.774510      360.351  81.31     0.718648        4.321     0.112149    63.773333     2.786667   0   1 
 74 308   0.007711      473.918       20.633     0.774942      361.193  81.50     0.719508        2.779     0.426514    67.080000     3.306667   0   1 
 75 308   0.006864      473.828       20.633     0.775041      361.463  81.56     0.719644        0.150     0.022866    69.986667     2.906667   0   1 
 76 308   0.057414      475.133       19.238     0.776315      364.566  82.26     0.718956        6.100     0.289891    70.973333     0.986667   0   1 
 77 308   0.012843      475.200       19.215     0.776903      364.997  82.35     0.719416        6.100     0.212465    71.933333     0.960000   1   1 
 78 308   0.008478      475.065       19.215     0.777164      365.197  82.40     0.719649        1.091     0.214939    74.746667     2.813333   0   1 
 79 308   0.008843      475.065       19.215     0.777240      365.294  82.42     0.719663        0.502     0.018477    76.280000     1.533333   0   1 
 80 308   0.008858      474.503       19.058     0.777731      365.805  82.54     0.719959        4.282     0.017119    77.240000     0.960000   1   1 
 81 308   0.008088      474.615       19.080     0.777749      365.909  82.56     0.720000        3.157     0.085616    80.053333     2.813333   0   1 
 82 308   0.041458      474.840       18.450     0.778442      366.882  82.78     0.720143        3.335     0.003323    81.680000     1.626667   0   1 
 83 308   0.013426      475.110       18.855     0.778800      367.047  82.82     0.720722        3.808     0.126894    84.066667     2.386667   0   1 
 84 308   0.015304      475.223       18.743     0.778872      367.080  82.82     0.720903        0.141     0.004982    85.826667     1.760000   0   1 
 85 308   0.018969      475.223       18.743     0.778887      367.089  82.83     0.720935        0.273     0.004483    87.586667     1.760000   0   1 
 86 308   0.018978      474.975       18.450     0.783584      369.277  83.32     0.723345        3.853     0.017468    88.880000     1.293333   1   1 
 87 308   0.007103      475.200       18.450     0.783891      369.855  83.45     0.724225        3.497     0.612236    91.573333     2.693333   0   1 
 88 308   0.009131      475.290       18.450     0.784052      370.021  83.49     0.724703        0.459     0.007315    93.693333     2.120000   0   1 
 89 308   0.009143      475.583       18.293     0.785480      372.779  84.11     0.726307        3.490     0.005003    95.480000     1.786667   1   1 
 90 308   0.008788      475.695       18.270     0.786723      372.976  84.15     0.728020        4.190     0.610737    97.360000     1.880000   0   1 
 91 308   0.009639      475.695       18.270     0.787053      373.255  84.22     0.728508        0.274     0.006802    99.426667     2.066667   0   1 
 92 308   0.010240      475.695       18.270     0.787264      374.125  84.41     0.728610        0.113     0.153926   101.480000     2.053333   0   1 
 93 308   0.010306      475.425       18.270     0.787675      374.164  84.42     0.729081        4.068     0.006752   103.546667     2.066667   1   1 
 94 308   0.005633      475.515       18.270     0.787672      374.229  84.44     0.729163        3.540     0.447397   106.826667     3.280000   0   1 
 95 308   0.006670      475.605       18.270     0.787678      374.305  84.45     0.729194        0.146     0.006588   108.586667     1.760000   0   1 
 96 308   0.006671      475.740       18.180     0.787883      374.305  84.45     0.729194        3.685     0.002448   110.880000     2.293333   1   1 
 97 308   0.007158      475.740       18.180     0.787898      374.305  84.45     0.729203        4.297     0.613363   112.706667     1.826667   0   1 
 98 308   0.009152      475.740       18.180     0.787961      374.305  84.45     0.729203        4.297     0.003439   114.653333     1.946667   1   1 
 99 308   0.004170      475.740       18.180     0.787987      374.333  84.46     0.729230        4.618     0.189673   116.133333     1.480000   0   1 
100 308   0.008865      475.965       17.685     0.789620      375.785  84.79     0.729895        6.640     0.120622   116.933333     0.800000   0   1 
