#scene........................: /home/eldamian/nbvEverardo/models/studying_room.wrl
#triangles....................: 107322
#Total triangles' area........: 170.448196 (m2)
#sensor aperture..............: 135.000000 x 70.000000 (deg)
#range image size.............: 350 x 80
#sensor blind distances.......: 0.500000 .. 30.000000 (m)
#sensor blind angle...........: 80.000000
#sensor Gaussian noise std dev: 0.012000 (m)
#views number.................: 100 
#optimization method..........: Evolution Strategy
#view iterations fitness vxl_occupied(m2) occplane(m2) vxl_quality tri_imaged(m2) tri_imaged(%) tri_quality travelled(m) energy total_time single_time backstep change
  0   0  -0.000000       16.628        4.838     0.635252       10.896   6.39     0.627871        0.000     0.000000     0.000000     0.000000   0   0 
  1 308   0.702458       26.033        5.220     0.621800       18.741  10.99     0.612062        0.000     0.077427     0.213333     0.213333   0   0 
  2 308   0.688176       71.325       43.335     0.631944       30.755  18.04     0.642072        0.000     0.166667     0.453333     0.240000   0   0 
  3 308   0.717521       86.603       63.293     0.631166       37.507  22.01     0.659690        0.000     0.077427     0.693333     0.240000   0   0 
  4 308   0.702749       97.763       69.593     0.644115       53.698  31.50     0.662976        0.000     0.109925     1.120000     0.426667   0   0 
  5 308   0.669109      128.903       76.163     0.640207       66.298  38.90     0.661178        0.000     0.109925     1.546667     0.426667   0   0 
  6 308   0.719427      130.388       91.215     0.642672       72.680  42.64     0.663373        0.000     0.077427     2.013333     0.466667   0   0 
  7 308   0.547260      134.258       90.113     0.646953       74.271  43.57     0.666935        3.713     0.271437     2.053333     0.040000   0   0 
  8 308   0.619930      133.808       90.518     0.648690       76.770  45.04     0.673929        3.713     0.161512     2.080000     0.026667   1   0 
  9 308   0.721694      132.638       93.803     0.649903       76.770  45.04     0.673929        0.000     0.109925     2.586667     0.506667   0   0 
 10 308   0.688974      132.210       93.735     0.652211       76.770  45.04     0.673929        0.000     0.109925     3.040000     0.453333   0   0 
 11 308   0.671177      132.053       96.683     0.654665       78.048  45.79     0.675282        0.000     0.166667     3.506667     0.466667   0   0 
 12 308   0.682367      142.155      104.873     0.661060       83.697  49.10     0.681249        0.000     0.166667     4.053333     0.546667   0   0 
 13 308   0.444556      142.515      103.163     0.665631       84.960  49.85     0.682104        5.395     0.464168     4.200000     0.146667   0   0 
 14 308   0.662519      144.315      102.375     0.673465       86.577  50.79     0.688553        0.435     0.336828     4.306667     0.106667   0   0 
 15 308   0.779439      153.518      120.285     0.681846       91.883  53.91     0.697351        0.169     0.152122     4.426667     0.120000   0   0 
 16 308   0.752194      154.058      120.353     0.682613       91.883  53.91     0.697351        5.525     0.148873     4.493333     0.066667   1   0 
 17 308   0.896373      153.923      123.795     0.684122       93.974  55.13     0.699410        0.000     0.166667     5.080000     0.586667   0   0 
 18 308   0.830187      153.833      126.158     0.686980       93.974  55.13     0.699410        0.000     0.500000     5.706667     0.626667   0   0 
 19 308   0.362804      152.843      127.350     0.700072       99.854  58.58     0.695575        5.714     0.295395     5.760000     0.053333   0   0 
 20 308   0.480280      152.663      127.305     0.700553       99.854  58.58     0.695575        5.714     0.164786     5.893333     0.133333   1   0 
 21 308   0.927245      152.460      127.868     0.701021       99.854  58.58     0.695575        0.000     0.130609     6.506667     0.613333   0   0 
 22 308   0.923155      152.370      127.440     0.702804       99.854  58.58     0.695575        0.000     0.109925     7.173333     0.666667   0   0 
 23 308   0.554808      161.123      122.175     0.713675      108.375  63.58     0.702944        5.536     0.406908     7.400000     0.226667   0   0 
 24 308   0.786705      168.233      124.313     0.713056      114.949  67.44     0.702287        0.282     0.113004     7.573333     0.173333   0   0 
 25 308   0.800484      171.158      120.848     0.714177      117.522  68.95     0.699597        0.580     0.019095     7.760000     0.186667   0   0 
 26 308   0.775731      171.855      120.038     0.714466      117.522  68.95     0.699597        6.224     0.146800     8.053333     0.293333   1   0 
 27 308   0.738364      171.495      122.175     0.715860      117.522  68.95     0.699597        0.000     0.333333     8.733333     0.680000   0   0 
 28 308   0.616711      174.398      119.903     0.722868      122.238  71.72     0.699085        4.935     0.268490     8.946667     0.213333   0   0 
 29 308   0.738220      178.178      119.610     0.728868      123.881  72.68     0.702952        0.764     0.118550     9.080000     0.133333   0   0 
 30 308   0.764173      179.393      121.185     0.729226      123.881  72.68     0.702952        4.726     0.149940     9.213333     0.133333   1   0 
 31 308   0.770714      179.168      121.140     0.729462      123.881  72.68     0.702952        0.000     0.000000     9.880000     0.666667   0   0 
 32 308   0.526930      181.103      121.253     0.736426      125.151  73.42     0.710440        2.893     0.499333    10.000000     0.120000   0   0 
 33 308   0.631806      180.765      121.230     0.736672      125.151  73.42     0.710440        0.000     0.000000    10.040000     0.040000   0   1 
 34 308   0.171214      180.765      121.230     0.736796      125.278  73.50     0.710839        7.494     0.016059    10.120000     0.080000   1   1 
 35 308   0.248864      180.765      121.230     0.736952      125.321  73.52     0.710824        0.402     0.165642    10.173333     0.053333   0   1 
 36 308   0.542987      180.765      121.230     0.737100      125.445  73.60     0.711043        0.728     0.346743    10.400000     0.226667   0   1 
 37 308   0.607130      180.765      121.230     0.737218      125.506  73.63     0.711343        0.555     0.015694    10.640000     0.240000   0   1 
 38 308   0.610906      180.765      121.140     0.737280      125.536  73.65     0.711536        5.056     0.127996    10.826667     0.186667   1   1 
 39 308   0.599347      180.675      121.140     0.737409      125.536  73.65     0.711536        0.000     0.000000    11.413333     0.586667   0   1 
 40 308   0.552549      180.675      121.140     0.737533      125.537  73.65     0.711558        0.000     0.333333    11.973333     0.560000   0   1 
 41 308   0.277322      182.025      119.835     0.735735      126.838  74.41     0.713891        2.844     0.422102    12.026667     0.053333   0   1 
 42 308   0.287125      182.115      119.295     0.736603      127.888  75.03     0.714493        9.062     0.019396    12.080000     0.053333   1   1 
 43 308   0.081611      182.138      118.958     0.738509      129.262  75.84     0.717607        1.207     0.010230    12.226667     0.146667   0   1 
 44 308   0.197081      182.543      117.900     0.738149      130.730  76.70     0.714273        0.442     0.507302    12.426667     0.200000   0   1 
 45 308   0.110223      183.375      116.213     0.739760      133.372  78.25     0.711531        0.276     0.280538    12.626667     0.200000   0   1 
 46 308   0.013224      183.285      115.538     0.741552      134.635  78.99     0.711483        0.748     0.000254    12.720000     0.093333   0   1 
 47 308   0.059391      184.478      115.155     0.743809      136.390  80.02     0.711912       11.100     0.192941    12.893333     0.173333   0   1 
 48 308   0.081514      185.378      114.008     0.747039      138.038  80.99     0.712617        0.420     0.167238    13.040000     0.146667   0   1 
 49 308   0.023392      186.030      110.745     0.748352      139.991  82.13     0.710746        0.557     0.158965    13.213333     0.173333   0   1 
 50 308   0.521134      187.178      111.578     0.752250      140.080  82.18     0.713787        1.985     0.289938    13.293333     0.080000   0   1 
 51 308   0.582303      190.710      112.770     0.752972      140.418  82.38     0.713147        9.735     0.031349    13.400000     0.106667   1   1 
 52 308   0.498477      190.688      111.983     0.754378      140.640  82.51     0.713015        0.960     0.357022    13.893333     0.493333   0   1 
 53 308   0.548209      191.520      109.935     0.754439      140.640  82.51     0.713015        5.880     0.157157    14.120000     0.226667   1   1 
 54 308   0.607487      191.475      109.890     0.754460      140.640  82.51     0.713015        0.000     0.000000    14.653333     0.533333   0   1 
 55 308   0.554078      191.475      109.890     0.754878      140.640  82.51     0.713015        0.000     0.145982    15.106667     0.453333   0   1 
 56 308   0.528127      191.498      109.868     0.755391      140.640  82.51     0.713015        0.000     0.479316    15.773333     0.666667   0   1 
 57 308   0.389248      191.520      109.800     0.755937      140.697  82.55     0.713197        5.568     0.466610    16.240000     0.466667   0   1 
 58 308   0.572942      191.565      109.845     0.755985      140.697  82.55     0.713197        5.568     0.133277    16.600000     0.360000   1   1 
 59 308   0.235716      191.610      109.553     0.756799      140.847  82.63     0.714285        5.416     0.297222    16.986667     0.386667   0   1 
 60 308   0.320620      191.700      109.733     0.756970      140.847  82.63     0.714285        5.416     0.151239    17.266667     0.280000   1   1 
 61 308   0.576510      191.700      109.733     0.757402      140.847  82.63     0.714285        0.000     0.145982    17.880000     0.613333   0   1 
 62 308   0.392822      192.915      110.115     0.757692      140.904  82.67     0.714324        6.108     0.134165    18.186667     0.306667   0   1 
 63 308   0.549665      193.028      109.688     0.757959      140.920  82.68     0.714385        0.542     0.027523    18.533333     0.346667   0   1 
 64 308   0.554671      193.028      109.598     0.757983      140.920  82.68     0.714385        5.569     0.161687    18.733333     0.200000   1   1 
 65 308   0.154751      194.423      108.518     0.759927      142.494  83.60     0.716067        5.319     0.385999    18.893333     0.160000   0   1 
 66 308   0.272503      194.490      108.315     0.761434      143.559  84.22     0.717038        1.542     0.000341    19.106667     0.213333   0   1 
 67 308   0.264839      194.288      108.315     0.761722      143.559  84.22     0.717038        4.584     0.130433    19.400000     0.293333   1   1 
 68 308   0.376776      194.378      108.315     0.762303      143.580  84.24     0.717080        5.596     0.422112    19.720000     0.320000   0   1 
 69 308   0.562593      194.378      108.135     0.762412      143.588  84.24     0.717130        0.630     0.026424    20.026667     0.306667   0   1 
 70 308   0.566508      194.378      108.135     0.762431      143.588  84.24     0.717130        5.598     0.139782    20.400000     0.373333   1   1 
 71 308   0.141058      195.278      105.885     0.764570      146.800  86.13     0.716951        2.679     0.405653    20.480000     0.080000   0   1 
 72 308   0.011127      194.693      105.570     0.767671      148.289  87.00     0.717703        0.791     0.136085    20.560000     0.080000   0   1 
 73 308   0.001105      194.760      105.570     0.768015      148.621  87.19     0.717644        0.163     0.110660    20.653333     0.093333   0   1 
 74 308   0.001134      194.760      105.570     0.769504      149.211  87.54     0.718608        3.151     0.154487    20.693333     0.040000   1   1 
 75 308   0.552295      194.760      105.570     0.769552      149.211  87.54     0.718608        0.000     0.276591    21.333333     0.640000   0   1 
 76 308   0.250681      195.120      105.413     0.775723      149.410  87.66     0.724015        2.612     0.285062    21.520000     0.186667   0   1 
 77 308   0.481706      195.075      105.458     0.776199      149.425  87.67     0.724487        0.319     0.149240    21.733333     0.213333   0   1 
 78 308   0.573939      194.985      105.413     0.777616      149.425  87.67     0.725638        0.504     0.005189    21.840000     0.106667   0   1 
 79 308   0.574562      195.705      105.098     0.777704      149.436  87.67     0.725671        3.094     0.027639    21.893333     0.053333   1   1 
 80 308   0.546802      195.795      105.143     0.777711      149.436  87.67     0.725671        5.714     0.164786    22.360000     0.466667   1   1 
 81 308   0.442053      195.953      105.390     0.777728      149.469  87.69     0.725688        4.805     0.471599    22.573333     0.213333   0   1 
 82 308   0.607883      195.953      105.390     0.777767      149.469  87.69     0.725688        4.805     0.138266    22.786667     0.213333   1   1 
 83 308   0.601406      195.908      105.345     0.777783      149.469  87.69     0.725688        0.000     0.000000    23.400000     0.613333   0   1 
 84 308   0.543249      195.908      105.345     0.777801      149.469  87.69     0.725688        0.000     0.333333    24.026667     0.626667   0   1 
 85 308   0.394928      195.908      105.255     0.777828      149.498  87.71     0.725690        4.616     0.474463    24.133333     0.106667   0   1 
 86 308   0.535290      195.908      105.255     0.777838      149.498  87.71     0.725690        4.616     0.141130    24.266667     0.133333   1   1 
 87 308   0.601384      195.908      105.255     0.777852      149.498  87.71     0.725690        0.000     0.000000    24.786667     0.520000   0   1 
 88 308   0.243781      195.525      105.300     0.780019      149.661  87.80     0.728848        2.836     0.609921    24.866667     0.080000   0   1 
 89 308   0.310469      195.525      105.300     0.780042      149.679  87.81     0.729022        8.321     0.018268    24.973333     0.106667   1   1 
 90 308   0.082653      195.840      105.165     0.784487      151.193  88.70     0.730364        2.683     0.281675    25.093333     0.120000   0   1 
 91 308   0.006484      195.705      105.165     0.786264      151.385  88.82     0.732277        3.264     0.007730    25.120000     0.026667   1   1 
 92 308   0.066891      195.615      105.165     0.786350      151.474  88.87     0.732408       10.964     0.290756    25.426667     0.306667   0   1 
 93 308   0.301949      195.615      105.165     0.786407      151.496  88.88     0.732653       10.964     0.014165    25.626667     0.200000   1   1 
 94 308   0.189415      195.570      105.165     0.786482      151.557  88.92     0.732883        1.734     0.005181    25.840000     0.213333   0   1 
 95 308   0.242508      195.570      104.985     0.786695      151.761  89.04     0.733261        0.312     0.123444    25.920000     0.080000   0   1 
 96 308   0.250986      195.570      104.985     0.786825      151.761  89.04     0.733261        4.787     0.132819    26.080000     0.160000   1   1 
 97 308   0.384270      196.088      105.255     0.787198      151.767  89.04     0.733309        4.889     0.752356    26.266667     0.186667   0   1 
 98 308   0.594609      196.088      105.255     0.787215      151.767  89.04     0.733309        4.889     0.163116    26.346667     0.080000   1   1 
 99 308   0.601384      195.998      105.210     0.787183      151.767  89.04     0.733309        0.000     0.000000    26.973333     0.626667   0   1 
100 308   0.010599      195.885      105.210     0.787511      152.433  89.43     0.732806        5.112     0.813624    27.106667     0.133333   0   1 
