#scene........................: /home/eldamian/nbvEverardo/models/laboratory.wrl
#triangles....................: 361767
#Total triangles' area........: 443.205414 (m2)
#sensor aperture..............: 135.000000 x 70.000000 (deg)
#range image size.............: 350 x 80
#sensor blind distances.......: 0.500000 .. 30.000000 (m)
#sensor blind angle...........: 80.000000
#sensor Gaussian noise std dev: 0.012000 (m)
#views number.................: 100 
#optimization method..........: Evolution Strategy
#view iterations fitness vxl_occupied(m2) occplane(m2) vxl_quality tri_imaged(m2) tri_imaged(%) tri_quality travelled(m) energy total_time single_time backstep change
  0   0  -0.000000       18.338        0.000     0.641809       15.030   3.39     0.643016        0.000     0.000000     0.000000     0.000000   0   0 
  1 308   0.717196       27.473        0.000     0.628786       22.845   5.15     0.633184        0.000     0.077427     0.240000     0.240000   0   0 
  2 308   0.496766       47.970        9.743     0.653144       26.022   5.87     0.637934        1.218     0.242428     0.266667     0.026667   0   0 
  3 308   0.477844       48.375        9.743     0.652317       26.022   5.87     0.637934        0.000     0.000000     0.293333     0.026667   0   0 
  4 308   0.478118       51.480       10.283     0.648861       27.687   6.25     0.649913        0.384     0.008540     0.373333     0.080000   0   0 
  5 308   0.478345       51.525       10.193     0.648753       27.687   6.25     0.649913        0.000     0.000000     0.413333     0.040000   0   0 
  6 308   0.478366       51.570       10.193     0.649341       27.687   6.25     0.649913        0.000     0.000000     0.440000     0.026667   0   0 
  7 308   0.505469       53.685       10.193     0.645037       29.882   6.74     0.639129        0.024     0.150498     0.493333     0.053333   0   0 
  8 308   0.480459       53.708       10.193     0.645130       29.882   6.74     0.639129        0.000     0.000000     0.520000     0.026667   0   0 
  9 308   0.480475       53.708       10.193     0.645196       29.882   6.74     0.639129        0.000     0.000000     0.573333     0.053333   0   0 
 10 308   0.480475       53.708       10.193     0.645242       29.882   6.74     0.639129        0.000     0.000000     0.613333     0.040000   0   0 
 11 308   0.710932       71.213       13.748     0.676984       42.642   9.62     0.661162       10.302     0.257252     0.906667     0.293333   0   0 
 12 308   0.712511       85.140       13.680     0.703129       54.032  12.19     0.703451        1.981     0.147837     1.626667     0.720000   0   0 
 13 308   0.709752      157.658       28.350     0.662141       69.606  15.71     0.700780        1.256     0.177753     2.466667     0.840000   0   0 
 14 308   0.808971      177.998       85.680     0.642721       77.032  17.38     0.688849        3.384     0.127557     5.293333     2.826667   0   0 
 15 308   0.726938      212.040      119.070     0.636543       92.147  20.79     0.677072        2.561     0.010395     7.306667     2.013333   0   0 
 16 308   0.746323      258.953      160.830     0.632070      110.017  24.82     0.676389        2.183     0.256921     9.586667     2.280000   0   0 
 17 308   0.887946      273.983      149.603     0.635120      121.096  27.32     0.676255        3.381     0.104251    11.586667     2.000000   0   0 
 18 308   0.917073      275.243      147.690     0.637654      126.185  28.47     0.672768        4.118     0.044893    12.653333     1.066667   0   0 
 19 308   0.687971      288.383      151.673     0.637116      133.416  30.10     0.668391        6.604     0.110401    13.600000     0.946667   0   0 
 20 308   0.666108      297.405      150.188     0.635299      139.141  31.39     0.668094        4.652     0.169767    14.040000     0.440000   0   0 
 21 308   0.909200      306.360      148.410     0.638086      146.293  33.01     0.666755        3.255     0.115484    14.386667     0.346667   0   0 
 22 308   0.767871      316.913      132.570     0.649368      161.174  36.37     0.673812        0.863     0.192495    14.866667     0.480000   0   0 
 23 308   0.778813      323.843      133.110     0.648039      167.829  37.87     0.670471       14.546     0.195267    15.813333     0.946667   0   0 
 24 308   0.972281      326.295      130.658     0.649955      170.857  38.55     0.670736        4.059     0.117088    17.640000     1.826667   0   0 
 25 308   0.723153      327.668      130.253     0.650893      174.522  39.38     0.668354        1.532     0.003203    19.333333     1.693333   0   0 
 26 308   0.693408      328.950      129.803     0.655679      178.208  40.21     0.669535        0.757     0.205880    21.800000     2.466667   0   0 
 27 308   0.662423      341.505      111.780     0.682088      192.976  43.54     0.684795        3.073     0.307170    23.346667     1.546667   0   0 
 28 308   0.635056      344.138      108.068     0.686722      197.256  44.51     0.685470        1.963     0.202934    25.280000     1.933333   0   0 
 29 308   0.703760      348.683      109.620     0.686474      201.385  45.44     0.683411       12.601     0.168139    25.906667     0.626667   0   0 
 30 308   0.807827      349.920      110.700     0.688095      203.027  45.81     0.684103        0.816     0.003917    26.253333     0.346667   0   0 
 31 308   0.688739      350.663      110.655     0.690841      204.803  46.21     0.684266        3.106     0.020227    26.466667     0.213333   0   0 
 32 308   0.779258      351.383      108.540     0.693911      206.619  46.62     0.686280        3.017     0.269950    26.853333     0.386667   0   0 
 33 308   0.803634      391.658      140.310     0.687218      223.575  50.44     0.689013        2.805     0.369975    27.386667     0.533333   0   0 
 34 308   0.699890      405.473      128.880     0.689282      232.707  52.51     0.687450       10.097     0.124743    29.013333     1.626667   0   0 
 35 308   0.612778      405.450      128.790     0.689658      233.587  52.70     0.687292        4.001     0.092756    30.626667     1.613333   0   0 
 36 308   0.675511      405.968      128.363     0.690483      234.972  53.02     0.687330        0.178     0.122771    32.786667     2.160000   0   0 
 37 308   0.484091      407.115      108.338     0.698704      245.810  55.46     0.685649        8.782     0.173765    33.493333     0.706667   0   0 
 38 308   0.757128      426.195      107.145     0.691235      256.637  57.90     0.681850        5.019     0.193626    34.386667     0.893333   0   0 
 39 308   0.812330      430.650      103.253     0.691298      261.233  58.94     0.679690        1.449     0.271800    34.746667     0.360000   0   0 
 40 308   0.891809      432.248      100.800     0.692418      263.577  59.47     0.680366        1.320     0.008184    35.306667     0.560000   0   0 
 41 308   0.625206      432.248      100.373     0.693087      264.090  59.59     0.680852        0.495     0.358538    35.626667     0.320000   0   0 
 42 308   0.613161      432.428      104.108     0.694815      268.158  60.50     0.678839        2.687     0.166947    36.573333     0.946667   0   0 
 43 308   0.497761      433.553      102.488     0.696797      270.916  61.13     0.679038        1.976     0.118152    37.213333     0.640000   0   0 
 44 308   0.480748      435.668       97.740     0.699112      273.216  61.65     0.679855        3.102     0.017257    38.226667     1.013333   1   0 
 45 308   0.493060      436.860      110.205     0.699636      277.026  62.51     0.680016       15.740     0.144110    40.413333     2.186667   0   0 
 46 308   0.481799      436.860      109.958     0.700453      279.165  62.99     0.682149        0.910     0.003776    44.453333     4.040000   0   0 
 47 308   0.481211      437.468      108.248     0.702304      281.672  63.55     0.684382        2.707     0.015015    47.680000     3.226667   0   0 
 48 308   0.480530      437.198      108.068     0.702830      283.159  63.89     0.685228        0.207     0.002000    51.320000     3.640000   0   0 
 49 308   0.494694      438.143      106.133     0.706507      286.368  64.61     0.687187        3.825     0.099000    52.706667     1.386667   0   0 
 50 308   0.480756      437.985      106.110     0.706744      286.632  64.67     0.687356        5.075     0.003152    55.266667     2.560000   0   0 
 51 308   0.484942      437.760      105.840     0.707211      286.951  64.74     0.687701        2.218     0.004456    57.226667     1.960000   0   0 
 52 308   0.480769      437.693      105.930     0.707488      286.951  64.74     0.687701        6.432     0.001304    58.760000     1.533333   1   0 
 53 308   0.480671      436.793      105.863     0.708672      288.420  65.08     0.687516        3.714     0.001353    62.560000     3.800000   0   0 
 54 308   0.480601      437.198      105.345     0.709817      288.927  65.19     0.688281        5.262     0.005581    63.880000     1.320000   0   0 
 55 308   0.480704      437.085      105.323     0.710364      289.062  65.22     0.689002        4.059     0.012321    66.600000     2.720000   0   0 
 56 308   0.480769      437.378      105.345     0.710487      289.062  65.22     0.689002        4.059     0.012321    69.680000     3.080000   1   0 
 57 308   0.549400      440.933      102.195     0.719597      295.282  66.62     0.692345       14.158     0.019201    70.613333     0.933333   0   0 
 58 308   0.480595      441.203      102.533     0.720151      296.079  66.80     0.692760        0.678     0.020054    71.000000     0.386667   0   0 
 59 308   0.480769      441.248      102.533     0.720230      296.079  66.80     0.692760       13.480     0.000852    71.320000     0.320000   1   0 
 60 308   0.480511      441.090      102.600     0.720469      296.079  66.80     0.692760        5.262     0.005581    72.613333     1.293333   1   0 
 61 308   0.480527      440.775      102.600     0.720733      296.255  66.84     0.692743        0.980     0.004401    75.200000     2.586667   0   0 
 62 308   0.480578      440.438      102.578     0.720851      296.342  66.86     0.692860        0.733     0.005606    77.720000     2.520000   0   0 
 63 308   0.480634      440.258      102.488     0.721086      296.541  66.91     0.693010        0.444     0.002657    79.986667     2.266667   0   0 
 64 308   0.480637      440.348      102.533     0.721302      296.541  66.91     0.693010        4.801     0.005214    81.880000     1.893333   1   0 
 65 308   0.480632      440.348      102.533     0.722198      296.909  66.99     0.694496        2.233     0.007742    84.413333     2.533333   0   0 
 66 308   0.510523      444.308      117.540     0.728551      300.502  67.80     0.696427       14.909     0.109593    85.026667     0.613333   0   0 
 67 308   0.508736      445.320      120.533     0.732113      303.941  68.58     0.697148       12.284     0.082712    85.853333     0.826667   0   0 
 68 308   0.480697      448.920      132.255     0.732694      304.277  68.65     0.697386       12.284     0.005285    86.840000     0.986667   1   0 
 69 308   0.635704      452.048      119.678     0.737303      313.343  70.70     0.698271        2.827     0.208695    87.786667     0.946667   0   0 
 70 308   0.480491      453.150      118.238     0.746436      320.997  72.43     0.704689        9.655     0.005533    89.200000     1.413333   0   0 
 71 308   0.480780      453.083      118.215     0.746721      320.997  72.43     0.704689        9.655     0.005533    90.760000     1.560000   1   0 
 72 308   0.480443      453.780      121.253     0.748546      322.350  72.73     0.708104       13.601     0.010822    91.240000     0.480000   1   0 
 73 308   0.480730      453.780      120.848     0.749517      325.011  73.33     0.709303        1.610     0.010130    94.213333     2.973333   0   0 
 74 308   0.483089      454.905      122.108     0.750548      325.170  73.37     0.711001        3.853     0.002680    95.413333     1.200000   0   0 
 75 308   0.483092      454.905      122.108     0.750634      325.170  73.37     0.711001        3.853     0.002680    97.266667     1.853333   1   0 
 76 308   0.480698      454.995      121.973     0.752304      327.329  73.85     0.713053        3.625     0.002472    98.760000     1.493333   0   0 
 77 308   0.480683      454.928      121.905     0.752357      327.329  73.85     0.713053        3.625     0.002472    99.520000     0.760000   1   0 
 78 308   0.480631      454.995      121.883     0.752997      329.064  74.25     0.714375        0.449     0.001578   102.600000     3.080000   0   0 
 79 308   0.552780      466.268       90.203     0.758092      341.787  77.12     0.716351       11.871     0.350084   103.386667     0.786667   0   0 
 80 308   0.480438      466.943       89.595     0.761261      346.700  78.23     0.718085        0.714     0.003272   104.066667     0.680000   0   0 
 81 308   0.480709      466.853       89.595     0.764049      350.018  78.97     0.720410       11.222     0.013478   104.813333     0.746667   1   0 
 82 308   0.515181      471.173       82.755     0.766344      354.987  80.10     0.722092        4.088     0.007957   106.400000     1.586667   0   0 
 83 308   0.494304      471.893       82.485     0.769257      356.983  80.55     0.722693        5.539     0.123818   108.666667     2.266667   0   0 
 84 308   0.480769      471.870       81.383     0.770366      359.463  81.11     0.721955        5.539     0.013893   110.186667     1.520000   1   0 
 85 308   0.480700      471.150       81.383     0.770675      359.709  81.16     0.722163        0.704     0.006865   110.813333     0.626667   0   0 
 86 308   0.480721      470.723       81.158     0.772383      362.711  81.84     0.721969        3.950     0.001093   111.573333     0.760000   1   0 
 87 308   0.480700      470.655       81.158     0.773029      364.448  82.23     0.721329        1.181     0.001576   116.533333     4.960000   0   0 
 88 308   0.480701      471.488       80.595     0.776706      365.817  82.54     0.723121        3.559     0.000766   121.906667     5.373333   1   0 
 89 308   0.480769      470.903       80.595     0.777536      367.149  82.84     0.722678        3.825     0.021573   123.440000     1.533333   1   0 
 90 308   0.480692      470.925       80.573     0.777688      367.311  82.88     0.722912       13.328     0.020946   127.373333     3.933333   1   0 
 91 308   0.624479      472.275       80.303     0.779322      370.700  83.64     0.722667        3.154     0.194659   127.786667     0.413333   0   0 
 92 308   0.727416      472.883       79.898     0.779775      371.375  83.79     0.722257        0.419     0.111640   128.080000     0.293333   0   0 
 93 308   0.642234      473.715       78.008     0.782275      375.042  84.62     0.722841        3.572     0.005592   128.533333     0.453333   1   0 
 94 308   0.558487      475.943       76.545     0.784775      379.024  85.52     0.723458        2.205     0.244267   129.320000     0.786667   0   0 
 95 308   0.480068      476.348       76.545     0.786389      380.017  85.74     0.725331        3.633     0.023903   129.866667     0.546667   1   0 
 96 308   0.479652      476.618       76.545     0.786707      380.730  85.90     0.726075        0.500     0.005782   130.400000     0.533333   0   0 
 97 308   0.479820      476.730       76.568     0.787129      381.328  86.04     0.726591        0.491     0.013402   130.880000     0.480000   0   0 
 98 308   0.480769      476.865       76.568     0.787406      381.335  86.04     0.726874        5.777     0.000313   131.186667     0.306667   0   0 
 99 308   0.480769      476.888       77.085     0.787469      381.335  86.04     0.726874        5.777     0.000313   131.400000     0.213333   1   0 
100 308   0.479955      476.820       77.085     0.788092      382.890  86.39     0.726410        4.094     0.012908   131.960000     0.560000   1   0 
