#scene........................: /home/eldamian/nbvEverardo/models/laboratory.wrl
#triangles....................: 361767
#Total triangles' area........: 443.205414 (m2)
#sensor aperture..............: 135.000000 x 70.000000 (deg)
#range image size.............: 350 x 80
#sensor blind distances.......: 0.500000 .. 30.000000 (m)
#sensor blind angle...........: 80.000000
#sensor Gaussian noise std dev: 0.012000 (m)
#views number.................: 100 
#optimization method..........: Simulated Annealing
#view iterations fitness vxl_occupied(m2) occplane(m2) vxl_quality tri_imaged(m2) tri_imaged(%) tri_quality travelled(m) energy total_time single_time backstep change
  0   0  -0.000000       18.338        0.000     0.641809       15.030   3.39     0.643016        0.000     0.000000     0.000000     0.000000   0   0 
  1 300   0.719141       27.473        0.000     0.628786       22.845   5.15     0.633184        0.000     0.077427     0.226667     0.226667   0   0 
  2 300   0.708517       90.900       66.263     0.553296       36.798   8.30     0.589276        0.000     0.166667     0.453333     0.226667   0   0 
  3 300   0.533197      110.993       72.293     0.608082       56.335  12.71     0.638977        5.246     0.297338     0.573333     0.120000   0   0 
  4 300   0.617569      122.310       65.160     0.632414       68.204  15.39     0.653515        0.756     0.270791     0.773333     0.200000   0   0 
  5 300   0.772276      160.290       76.185     0.628002       86.336  19.48     0.660090        0.231     0.348372     1.026667     0.253333   0   0 
  6 300   0.678050      158.828       75.263     0.633464       90.003  20.31     0.657079        1.417     0.677889     1.400000     0.373333   0   0 
  7 300   0.620158      160.718       74.138     0.643892       93.902  21.19     0.661843        1.961     0.260284     1.773333     0.373333   0   0 
  8 300   0.740910      171.720       64.598     0.642700      102.102  23.04     0.656891        1.499     0.289374     2.013333     0.240000   0   0 
  9 300   0.791242      174.533       58.140     0.650580      107.230  24.19     0.659964        1.422     0.175354     2.373333     0.360000   0   0 
 10 300   0.615207      187.133       51.165     0.681956      120.346  27.15     0.674386        2.374     0.483596     2.880000     0.506667   0   0 
 11 300   0.685978      193.838       41.895     0.689047      128.769  29.05     0.676113        0.126     0.363968     3.360000     0.480000   0   0 
 12 300   0.592571      194.468       41.153     0.691879      130.793  29.51     0.676668        1.290     0.320505     3.586667     0.226667   0   0 
 13 300   0.770852      195.278       40.140     0.696729      132.673  29.93     0.678525        0.622     0.171883     4.013333     0.426667   0   0 
 14 300   0.480769      195.188       40.140     0.697431      132.673  29.93     0.678525        3.242     0.017464     4.346667     0.333333   1   0 
 15 300   0.480650      195.278       39.398     0.699693      134.785  30.41     0.680033        3.985     0.000282     4.693333     0.346667   1   0 
 16 300   0.586863      195.165       39.263     0.703054      136.267  30.75     0.681109        1.923     0.154507     5.386667     0.693333   0   0 
 17 300   0.524118      195.975       37.845     0.705945      140.476  31.70     0.677501        2.405     0.340502     5.800000     0.413333   0   0 
 18 300   0.480761      195.975       37.845     0.706017      140.476  31.70     0.677501        4.035     0.001356     6.226667     0.426667   1   0 
 19 300   0.480769      202.905       43.380     0.709663      146.617  33.08     0.680991        5.683     0.141740     6.733333     0.506667   1   0 
 20 300   0.338167      242.123      339.818     0.685401      151.712  34.23     0.679673        5.352     0.435162     7.000000     0.266667   0   0 
 21 300   0.483853      268.988      158.220     0.671711      160.754  36.27     0.677080        5.352     0.158571     7.520000     0.520000   1   0 
 22 300   0.694008      277.493      134.708     0.670032      167.361  37.76     0.673649        1.593     0.343127     7.946667     0.426667   0   0 
 23 300   0.480412      277.785      133.470     0.670128      167.361  37.76     0.673649        0.000     0.000000     8.333333     0.386667   0   1 
 24 300   0.423151      324.405      153.855     0.661009      186.261  42.03     0.670729        4.640     0.001311     8.960000     0.626667   0   1 
 25 300   0.337696      336.285      138.848     0.662644      197.718  44.61     0.672668        4.238     0.195898    10.533333     1.573333   0   1 
 26 300   0.331917      372.848      133.515     0.682950      220.330  49.71     0.677206        1.101     0.656038    11.773333     1.240000   0   1 
 27 300   0.302064      383.558      142.200     0.684306      228.713  51.60     0.676026        1.045     0.375104    14.053333     2.280000   0   1 
 28 300   0.339780      389.813      119.003     0.686300      237.923  53.68     0.675455        1.321     0.297997    16.533333     2.480000   0   1 
 29 300   0.436640      408.443      112.298     0.687525      249.606  56.32     0.675909        3.928     0.357896    19.173333     2.640000   0   1 
 30 300   0.300128      417.353       93.263     0.691245      257.623  58.13     0.676213        4.112     0.167213    21.266667     2.093333   0   1 
 31 300   0.272752      419.175       91.013     0.693667      261.870  59.09     0.674958        2.310     0.602989    23.866667     2.600000   0   1 
 32 300   0.131370      422.618       88.133     0.693845      266.766  60.19     0.672930        2.599     0.162620    26.666667     2.800000   0   1 
 33 300   0.146436      428.175       84.825     0.695390      272.308  61.44     0.673574        0.987     0.230733    28.906667     2.240000   0   1 
 34 300   0.073440      440.528       71.348     0.698241      281.912  63.61     0.674502        0.469     0.504640    31.506667     2.600000   0   1 
 35 300   0.102203      441.473       70.560     0.703160      284.035  64.09     0.676947        3.219     0.283226    34.226667     2.720000   0   1 
 36 300   0.189052      442.350       69.008     0.703914      287.273  64.82     0.676730        0.966     0.461686    37.200000     2.973333   0   1 
 37 300   0.072159      447.300       59.265     0.713690      295.162  66.60     0.679007        4.676     0.428614    40.293333     3.093333   0   1 
 38 300   0.060321      452.115       48.375     0.722861      305.819  69.00     0.686878        2.910     0.514163    42.720000     2.426667   0   1 
 39 300   0.019340      453.173       41.828     0.725367      309.887  69.92     0.689144        1.305     0.348384    45.280000     2.560000   0   1 
 40 300   0.121710      454.568       40.905     0.726934      312.332  70.47     0.689400        3.572     0.845899    47.946667     2.666667   0   1 
 41 300   0.035730      455.108       39.758     0.729315      315.383  71.16     0.690912        5.761     0.278870    49.586667     1.640000   0   1 
 42 300   0.021397      455.198       39.668     0.730227      315.978  71.29     0.691458        3.162     0.279855    52.400000     2.813333   0   1 
 43 300   0.049215      456.278       40.725     0.731810      317.557  71.65     0.692135        0.683     0.481968    55.226667     2.826667   0   1 
 44 300   0.007927      457.538       39.735     0.738570      322.076  72.67     0.698898        4.236     0.733101    58.880000     3.653333   0   1 
 45 300   0.013940      459.923       36.405     0.739071      324.429  73.20     0.698587        5.142     0.764601    62.186667     3.306667   0   1 
 46 300   0.011465      461.858       36.180     0.742475      326.562  73.68     0.701108        2.086     0.248472    64.266667     2.080000   0   1 
 47 300   0.006235      462.173       36.360     0.743119      328.168  74.04     0.702069        1.839     0.256729    66.560000     2.293333   0   1 
 48 300   0.007025      462.083       35.370     0.744892      329.827  74.42     0.702868        3.888     0.017015    69.413333     2.853333   1   1 
 49 300   0.020262      462.420       35.213     0.746707      331.261  74.74     0.703589        7.156     0.506739    69.826667     0.413333   0   1 
 50 300   0.016020      462.623       34.740     0.747262      331.962  74.90     0.704259        1.580     0.009352    70.160000     0.333333   0   1 
 51 300   0.008041      462.780       33.503     0.748869      333.985  75.36     0.706266        0.366     0.191788    71.906667     1.746667   0   1 
 52 300   0.015897      463.973       29.318     0.753392      338.713  76.42     0.708715        6.336     0.198236    72.413333     0.506667   0   1 
 53 300   0.016573      465.998       26.663     0.757717      343.077  77.41     0.711366        0.963     0.169018    73.040000     0.626667   0   1 
 54 300   0.015899      465.908       26.393     0.757887      343.251  77.45     0.711418        5.473     0.116146    73.520000     0.480000   0   1 
 55 300   0.017590      466.110       26.370     0.760096      345.713  78.00     0.713216        5.473     0.006222    73.893333     0.373333   1   1 
 56 300   0.016453      466.605       25.425     0.760676      348.437  78.62     0.714277        3.119     0.284179    74.453333     0.560000   0   1 
 57 300   0.012411      466.785       25.425     0.763389      351.904  79.40     0.717165        3.119     0.007588    75.586667     1.133333   1   1 
 58 300   0.035030      467.010       25.313     0.764000      352.536  79.54     0.717391        2.562     0.190809    76.000000     0.413333   0   1 
 59 300   0.003156      467.798       22.005     0.768967      356.408  80.42     0.719339       10.525     0.444552    77.586667     1.586667   0   1 
 60 300   0.006547      468.563       21.870     0.770379      359.576  81.13     0.719512        5.107     0.281401    80.053333     2.466667   0   1 
 61 300   0.008913      468.833       21.825     0.775145      362.784  81.85     0.724032        5.107     0.004810    82.560000     2.506667   1   1 
 62 300   0.015200      470.588       19.665     0.779072      367.636  82.95     0.725440        2.905     0.015393    85.533333     2.973333   0   1 
 63 300   0.003637      470.475       19.328     0.779927      369.655  83.40     0.727072        3.580     0.504080    88.813333     3.280000   0   1 
 64 300   0.004416      470.453       19.305     0.779955      370.212  83.53     0.727215        3.580     0.259987    91.560000     2.746667   1   1 
 65 300   0.020474      471.038       18.495     0.781642      370.862  83.68     0.728375        7.696     0.521037    94.240000     2.680000   0   1 
 66 300   0.009598      470.205       18.338     0.783197      371.454  83.81     0.729442        8.932     0.123593    94.786667     0.546667   0   1 
 67 300   0.001514      470.205       18.113     0.785918      373.115  84.19     0.732155        5.263     0.392502    97.093333     2.306667   0   1 
 68 300   0.003335      471.780       17.843     0.787875      374.674  84.54     0.735339        1.336     0.603026   100.560000     3.466667   0   1 
 69 300   0.005215      471.780       17.843     0.789147      376.090  84.86     0.736051        0.908     0.299303   102.720000     2.160000   0   1 
 70 300   0.005676      471.870       17.573     0.790221      376.660  84.99     0.737013        6.489     0.196225   105.413333     2.693333   1   1 
 71 300   0.001341      472.095       17.438     0.790781      378.145  85.32     0.737663        4.245     0.165260   107.400000     1.986667   0   1 
 72 300   0.003012      472.230       17.438     0.791065      378.791  85.47     0.737797        1.197     0.227833   109.826667     2.426667   0   1 
 73 300   0.013890      472.230       17.438     0.793015      379.258  85.57     0.740005        2.293     0.337260   112.666667     2.840000   0   1 
 74 300   0.016426      472.185       17.438     0.794200      380.519  85.86     0.741407        3.487     0.076929   115.880000     3.213333   1   1 
 75 300   0.004993      472.095       17.258     0.794484      381.156  86.00     0.741525        4.042     0.342889   119.253333     3.373333   0   1 
 76 300   0.007831      471.195       17.213     0.794899      383.182  86.46     0.741755        4.042     0.066298   122.226667     2.973333   1   1 
 77 300   0.005356      471.105       17.190     0.795636      383.772  86.59     0.742701        2.238     0.526629   124.533333     2.306667   0   1 
 78 300   0.006915      471.060       17.190     0.796214      383.922  86.62     0.743163        6.186     0.203703   127.200000     2.666667   1   1 
 79 300   0.003447      470.993       17.078     0.796567      384.128  86.67     0.743531        6.031     0.126272   129.386667     2.186667   0   1 
 80 300   0.014846      471.263       17.168     0.797168      384.655  86.79     0.744141        1.995     0.637860   132.120000     2.733333   0   1 
 81 300   0.020416      472.793       17.798     0.799212      386.755  87.26     0.745635        6.908     0.009096   133.800000     1.680000   1   1 
 82 300   0.004366      472.658       17.798     0.799365      386.949  87.31     0.745661        8.932     0.013668   136.613333     2.813333   1   1 
 83 300   0.022012      473.783       26.483     0.801469      387.983  87.54     0.747599       16.624     0.152885   138.466667     1.853333   0   1 
 84 300   0.021596      473.805       26.280     0.803767      388.767  87.72     0.750200       16.624     0.006903   139.933333     1.466667   1   1 
 85 300   0.005533      473.625       26.280     0.804141      388.836  87.73     0.750602        3.268     0.183372   142.720000     2.786667   0   1 
 86 300   0.006604      473.535       26.280     0.804236      388.868  87.74     0.750647        3.268     0.016706   145.373333     2.653333   1   1 
 87 300   0.004984      473.265       26.235     0.804540      389.000  87.77     0.750872        3.437     0.019999   148.000000     2.626667   0   1 
 88 300   0.006081      473.085       26.235     0.806153      389.639  87.91     0.753041        0.418     0.212058   150.813333     2.813333   0   1 
 89 300   0.006328      472.973       26.213     0.806144      389.639  87.91     0.753041        3.188     0.025392   153.333333     2.520000   1   1 
 90 300   0.012076      472.973       26.213     0.806752      389.672  87.92     0.753939        4.754     0.002218   156.346667     3.013333   0   1 
 91 300   0.015363      472.973       26.213     0.806765      389.672  87.92     0.753939        4.754     0.002218   159.853333     3.506667   1   1 
 92 300   0.004390      473.175       26.280     0.806771      389.784  87.95     0.753959        5.200     0.168145   162.706667     2.853333   0   1 
 93 300   0.005864      473.175       26.280     0.806764      389.850  87.96     0.754011        1.926     0.277395   165.813333     3.106667   0   1 
 94 300   0.006673      473.175       26.280     0.806847      390.033  88.00     0.753934        3.283     0.201446   168.213333     2.400000   1   1 
 95 300   0.005018      472.995       26.280     0.806920      390.063  88.01     0.753987        5.318     0.079574   171.546667     3.333333   0   1 
 96 300   0.006622      472.905       26.280     0.806924      390.063  88.01     0.753987        5.318     0.002148   174.200000     2.653333   1   1 
 97 300   0.005733      472.995       26.415     0.807011      390.088  88.02     0.754084        3.226     0.326571   176.573333     2.373333   0   1 
 98 300   0.007105      472.928       26.348     0.807554      390.349  88.07     0.754357        3.226     0.139220   178.840000     2.266667   1   1 
 99 300   0.004259      472.928       26.348     0.807571      390.416  88.09     0.754376        3.576     0.744829   181.960000     3.120000   0   1 
100 300   0.007226      472.995       26.100     0.809311      391.120  88.25     0.755263        3.576     0.134905   184.160000     2.200000   1   1 
