#scene........................: /home/eldamian/nbvEverardo/models/laboratory.wrl
#triangles....................: 361767
#Total triangles' area........: 443.205414 (m2)
#sensor aperture..............: 135.000000 x 70.000000 (deg)
#range image size.............: 350 x 80
#sensor blind distances.......: 0.500000 .. 30.000000 (m)
#sensor blind angle...........: 80.000000
#sensor Gaussian noise std dev: 0.012000 (m)
#views number.................: 100 
#optimization method..........: Simulated Annealing
#view iterations fitness vxl_occupied(m2) occplane(m2) vxl_quality tri_imaged(m2) tri_imaged(%) tri_quality travelled(m) energy total_time single_time backstep change
  0   0  -0.000000       18.338        0.000     0.641809       15.030   3.39     0.643016        0.000     0.000000     0.000000     0.000000   0   0 
  1 300   0.721087       27.473        0.000     0.628786       22.845   5.15     0.633184        0.000     0.077427     0.240000     0.240000   0   0 
  2 300   0.717485       90.900       66.263     0.553296       36.798   8.30     0.589276        0.000     0.166667     0.546667     0.306667   0   0 
  3 300   0.733744      101.183       60.390     0.600169       49.966  11.27     0.633599        5.854     0.247381     0.600000     0.053333   0   0 
  4 300   0.800362      114.165       75.308     0.639791       64.681  14.59     0.668287        1.233     0.149596     0.840000     0.240000   0   0 
  5 300   0.837900      152.325      105.615     0.625627       81.012  18.28     0.665380        0.739     0.261946     1.346667     0.506667   0   0 
  6 300   0.889780      158.783      100.035     0.634901       90.165  20.34     0.661225        1.392     0.438864     1.773333     0.426667   0   0 
  7 300   0.818891      190.485       94.995     0.641774      103.034  23.25     0.670338        1.292     0.357142     2.146667     0.373333   0   0 
  8 300   0.856832      197.438      101.903     0.641984      108.200  24.41     0.665954        0.181     0.308300     2.746667     0.600000   0   0 
  9 300   0.676369      207.720       89.190     0.655173      115.785  26.12     0.670374        7.358     0.362663     3.146667     0.400000   0   0 
 10 300   0.687196      209.565       89.235     0.656705      117.888  26.60     0.670411        1.315     0.522147     3.360000     0.213333   0   0 
 11 300   0.615561      225.900      155.993     0.646188      124.026  27.98     0.668450        1.182     0.596190     3.480000     0.120000   0   0 
 12 300   0.774001      233.550      144.473     0.653669      135.123  30.49     0.670434        8.552     0.360878     3.840000     0.360000   0   0 
 13 300   0.908216      234.675      142.448     0.655417      137.894  31.11     0.668092        1.951     0.454488     4.400000     0.560000   0   0 
 14 300   0.564764      236.273      140.558     0.657657      140.048  31.60     0.670175        2.329     0.625139     4.746667     0.346667   0   0 
 15 300   0.562858      245.183      122.513     0.658637      149.191  33.66     0.667253        3.527     0.207346     5.333333     0.586667   0   0 
 16 300   0.624310      247.275      115.425     0.660124      154.056  34.76     0.663580        2.451     0.000755     5.760000     0.426667   0   0 
 17 300   0.735942      247.635      114.570     0.662099      155.890  35.17     0.663250        2.969     0.261937     6.226667     0.466667   0   0 
 18 300   0.487446      250.920      264.690     0.680346      161.348  36.40     0.675198        1.413     0.433421     6.600000     0.373333   0   0 
 19 300   0.537287      265.455      390.825     0.678545      163.327  36.85     0.678966        4.568     0.123697     6.986667     0.386667   0   0 
 20 300   0.509603      265.950      431.978     0.683507      166.411  37.55     0.685229        4.568     0.013773     7.320000     0.333333   1   0 
 21 300   0.547921      268.133      430.740     0.695348      170.764  38.53     0.695282        3.415     0.171502     7.786667     0.466667   0   0 
 22 300   0.518224      268.178      430.740     0.701150      173.160  39.07     0.704247        3.415     0.025520     8.386667     0.600000   1   0 
 23 300   0.529598      268.493      433.125     0.703015      174.068  39.27     0.705258        3.443     0.637950     8.773333     0.386667   0   0 
 24 300   0.480769      268.560      433.103     0.706148      174.587  39.39     0.709346        3.655     0.616223     8.973333     0.200000   0   0 
 25 300   0.482557      281.610      261.428     0.708045      180.243  40.67     0.711493        4.967     0.148232     9.626667     0.653333   0   0 
 26 300   0.481575      282.218      261.293     0.711359      183.203  41.34     0.717354        2.248     0.300382    10.066667     0.440000   0   0 
 27 300   0.481763      283.073      260.033     0.711652      186.348  42.05     0.717561        2.698     0.104917    10.680000     0.613333   0   0 
 28 300   0.508890      287.055      262.553     0.713808      191.142  43.13     0.716737       10.028     0.002176    11.146667     0.466667   0   0 
 29 300   0.793358      292.838      272.363     0.711721      195.997  44.22     0.714635        0.705     0.127184    11.640000     0.493333   0   0 
 30 300   0.773215      306.158      267.705     0.711132      204.959  46.24     0.713016        2.341     0.019881    11.986667     0.346667   0   0 
 31 300   0.723077      337.343      223.065     0.704752      225.292  50.83     0.710671        1.473     0.458656    12.333333     0.346667   0   0 
 32 300   0.790544      344.250      221.310     0.706472      232.213  52.39     0.708633        0.674     0.181295    12.573333     0.240000   0   0 
 33 300   0.800838      354.218      210.735     0.702559      237.601  53.61     0.707347        2.522     0.300238    12.946667     0.373333   0   0 
 34 300   0.824021      393.660      146.048     0.716761      260.424  58.76     0.710308        2.082     0.133324    13.573333     0.626667   0   0 
 35 300   0.896624      396.450      142.920     0.717745      264.245  59.62     0.708731        1.903     0.280134    15.613333     2.040000   0   0 
 36 300   0.838326      421.245      119.385     0.731384      282.155  63.66     0.716173        0.471     0.715023    17.186667     1.573333   0   0 
 37 300   0.772307      434.925      109.485     0.734079      294.498  66.45     0.714364        1.084     0.407729    19.933333     2.746667   0   0 
 38 300   0.727403      444.263       82.170     0.737969      305.542  68.94     0.715244        1.068     0.178853    23.053333     3.120000   0   0 
 39 300   0.681859      448.673       80.325     0.741260      311.712  70.33     0.715040        1.454     0.462864    25.480000     2.426667   0   0 
 40 300   0.529434      449.753       78.705     0.741372      313.947  70.84     0.714624        1.162     0.188049    27.893333     2.413333   0   0 
 41 300   0.567137      456.683       71.550     0.743370      320.574  72.33     0.713256        3.838     0.629241    30.600000     2.706667   0   0 
 42 300   0.564671      457.358       70.358     0.746181      323.932  73.09     0.713740        2.105     0.640695    33.600000     3.000000   0   0 
 43 300   0.638118      470.430       51.728     0.752718      334.171  75.40     0.715242        6.076     0.453815    36.280000     2.680000   0   0 
 44 300   0.490354      474.323       42.750     0.753897      339.981  76.71     0.715041        0.233     0.190798    38.813333     2.533333   0   0 
 45 300   0.521292      476.010       41.288     0.756669      343.334  77.47     0.716852        2.374     0.449207    41.773333     2.960000   0   0 
 46 300   0.489164      478.283       33.165     0.759182      351.580  79.33     0.717609        2.793     0.603814    44.560000     2.786667   0   0 
 47 300   0.480997      478.980       31.928     0.766735      355.538  80.22     0.722883        1.529     0.374472    47.506667     2.946667   0   0 
 48 300   0.481443      479.205       30.848     0.770469      358.082  80.79     0.725801        1.933     0.568534    50.720000     3.213333   0   0 
 49 300   0.480833      479.115       30.533     0.773660      360.958  81.44     0.729738        0.750     0.630778    53.720000     3.000000   0   0 
 50 300   0.480936      479.070       30.353     0.775345      364.871  82.33     0.731709        1.136     0.608627    55.813333     2.093333   0   0 
 51 300   0.480769      479.070       30.353     0.775701      365.375  82.44     0.732238        2.287     0.231186    58.333333     2.520000   0   0 
 52 300   0.488525      480.105       29.948     0.778927      367.609  82.94     0.734164        3.863     0.356841    61.160000     2.826667   0   0 
 53 300   0.480770      480.420       30.038     0.779398      368.858  83.23     0.734209        4.577     0.356784    64.520000     3.360000   0   0 
 54 300   0.484921      480.443       29.970     0.782392      371.135  83.74     0.737746        1.425     0.571613    68.173333     3.653333   0   0 
 55 300   0.483969      480.758       29.835     0.784630      373.043  84.17     0.741100        5.652     0.012105    71.146667     2.973333   1   0 
 56 300   0.480769      480.443       29.835     0.787018      375.155  84.65     0.742685        4.993     0.436876    73.986667     2.840000   0   0 
 57 300   0.484430      481.388       29.250     0.790550      377.777  85.24     0.745389        4.308     0.308351    77.306667     3.320000   0   0 
 58 300   0.493470      481.703       29.475     0.792164      380.681  85.89     0.745283        2.363     0.307792    80.426667     3.120000   0   0 
 59 300   0.480874      482.603       29.475     0.792750      381.154  86.00     0.745824        5.855     0.319054    83.133333     2.706667   0   0 
 60 300   0.480874      483.165       29.318     0.793746      382.210  86.24     0.747383        5.855     0.021778    85.946667     2.813333   1   0 
 61 300   0.480856      482.715       29.273     0.794277      383.508  86.53     0.746702        3.328     0.476018    88.306667     2.360000   0   0 
 62 300   0.480769      482.175       29.273     0.795142      384.177  86.68     0.747239        3.328     0.012076    90.280000     1.973333   1   0 
 63 300   0.480789      482.153       29.160     0.799417      385.165  86.90     0.753088        2.634     0.634124    93.013333     2.733333   0   0 
 64 300   0.481536      482.670       29.093     0.800496      385.933  87.08     0.753760        5.687     0.427656    96.240000     3.226667   0   0 
 65 300   0.480769      482.738       29.093     0.802219      386.456  87.20     0.755478        3.096     0.481985    98.760000     2.520000   0   0 
 66 300   0.480769      482.738       29.093     0.803220      386.672  87.24     0.756574        3.096     0.059412   101.493333     2.733333   1   0 
 67 300   0.480769      482.738       29.093     0.804141      386.844  87.28     0.757580        5.687     0.005083   104.173333     2.680000   1   0 
 68 300   0.480769      482.783       29.093     0.805070      386.998  87.32     0.758410        3.377     0.013684   104.973333     0.800000   1   0 
 69 300   0.480769      482.558       29.093     0.808491      388.195  87.59     0.761372        4.308     0.141684   107.573333     2.600000   1   0 
 70 300   0.480769      482.648       29.093     0.809390      388.597  87.68     0.762331        4.993     0.124227   110.626667     3.053333   1   0 
 71 300   0.480769      482.648       29.093     0.809456      388.617  87.68     0.762424        3.863     0.002823   114.333333     3.706667   1   0 
 72 300   0.480769      482.648       29.093     0.809950      388.715  87.71     0.762965        3.650     0.021507   116.786667     2.453333   1   0 
 73 300   0.480770      482.648       29.093     0.811465      389.654  87.92     0.763869        2.755     0.573211   119.720000     2.933333   0   0 
 74 300   0.480770      482.738       29.093     0.811685      389.793  87.95     0.764332        3.897     0.082441   122.546667     2.826667   1   0 
 75 300   0.480769      482.783       29.093     0.811847      389.877  87.97     0.764507        4.250     0.006306   125.600000     3.053333   1   0 
 76 300   0.480769      482.828       29.093     0.812562      390.049  88.01     0.765386        3.117     0.006474   128.546667     2.946667   1   0 
 77 300   0.488818      483.210       28.778     0.813543      390.898  88.20     0.765889        4.183     0.508426   131.000000     2.453333   0   0 
 78 300   0.489081      483.480       28.373     0.814210      391.320  88.29     0.766585        0.245     0.334523   134.080000     3.080000   0   0 
 79 300   0.480770      483.953       28.395     0.814635      391.850  88.41     0.766688        3.916     0.185442   136.506667     2.426667   0   0 
 80 300   0.480770      484.245       27.923     0.814786      392.283  88.51     0.766928        3.916     0.018775   139.400000     2.893333   1   0 
 81 300   0.481178      484.245       27.788     0.814934      392.429  88.54     0.767050        6.902     0.115914   140.893333     1.493333   0   0 
 82 300   0.480769      484.223       27.743     0.815516      393.212  88.72     0.767892        2.669     0.273802   143.466667     2.573333   0   0 
 83 300   0.480769      484.133       27.743     0.815560      393.223  88.72     0.767892        4.952     0.101146   147.173333     3.706667   1   0 
 84 300   0.508420      484.133       27.743     0.816116      393.554  88.80     0.768900        3.957     0.007236   148.253333     1.080000   1   0 
 85 300   0.480777      484.133       27.743     0.816250      394.126  88.93     0.769802        4.983     0.635250   151.533333     3.280000   0   0 
 86 300   0.483685      484.133       27.743     0.816342      394.228  88.95     0.769961        2.751     0.439770   153.693333     2.160000   0   0 
 87 300   0.483685      484.133       27.743     0.820175      395.734  89.29     0.774311        7.728     0.012555   156.773333     3.080000   1   0 
 88 300   0.480769      484.133       27.743     0.820502      396.186  89.39     0.774482        1.163     0.424224   158.933333     2.160000   0   0 
 89 300   0.480784      484.088       27.698     0.821112      396.465  89.45     0.776314        4.800     0.714660   161.466667     2.533333   0   0 
 90 300   0.480769      484.088       27.698     0.821632      396.493  89.46     0.776982        0.597     0.517129   164.853333     3.386667   0   0 
 91 300   0.480769      484.088       27.698     0.822536      396.504  89.46     0.777957        5.108     0.030864   166.146667     1.293333   1   0 
 92 300   0.480769      484.088       27.698     0.823831      397.294  89.64     0.778550        8.901     0.003826   169.120000     2.973333   1   0 
 93 300   0.492876      484.268       27.473     0.825859      398.210  89.85     0.779753        3.935     0.003677   169.440000     0.320000   0   0 
 94 300   0.480769      484.268       27.473     0.825902      398.210  89.85     0.779753        3.935     0.003677   169.733333     0.293333   1   0 
 95 300   0.483998      484.853       27.293     0.826621      398.883  90.00     0.779824        2.254     0.616776   169.946667     0.213333   0   0 
 96 300   0.480770      487.170       27.113     0.829878      400.910  90.46     0.781564        8.105     0.203908   170.333333     0.386667   0   0 
 97 300   0.480769      487.350       27.113     0.830583      401.542  90.60     0.781789        1.809     0.186146   173.266667     2.933333   0   0 
 98 300   0.480770      487.418       26.910     0.830750      402.139  90.73     0.781895        8.177     0.171683   173.960000     0.693333   0   0 
 99 300   0.480769      487.148       26.910     0.831009      402.678  90.86     0.782143        8.177     0.005016   176.893333     2.933333   1   0 
100 300   0.483363      487.125       26.933     0.832000      403.080  90.95     0.782717        4.658     0.355863   177.946667     1.053333   0   0 
