#scene........................: /home/eldamian/nbvEverardo/models/laboratory.wrl
#triangles....................: 361767
#Total triangles' area........: 443.205414 (m2)
#sensor aperture..............: 135.000000 x 70.000000 (deg)
#range image size.............: 350 x 80
#sensor blind distances.......: 0.500000 .. 30.000000 (m)
#sensor blind angle...........: 80.000000
#sensor Gaussian noise std dev: 0.012000 (m)
#views number.................: 100 
#optimization method..........: Evolution Strategy
#view iterations fitness vxl_occupied(m2) occplane(m2) vxl_quality tri_imaged(m2) tri_imaged(%) tri_quality travelled(m) energy total_time single_time backstep change
  0   0  -0.000000       18.338        0.000     0.641809       15.030   3.39     0.643016        0.000     0.000000     0.000000     0.000000   0   0 
  1 308   0.719141       27.473        0.000     0.628786       22.845   5.15     0.633184        0.000     0.077427     0.266667     0.266667   0   0 
  2 308   0.481891       47.970        9.743     0.653144       26.022   5.87     0.637934        1.218     0.242428     0.280000     0.013333   0   0 
  3 308   0.477844       48.375        9.743     0.652317       26.022   5.87     0.637934        0.000     0.000000     0.306667     0.026667   0   0 
  4 308   0.477902       48.420        9.698     0.652262       26.022   5.87     0.637934        0.000     0.000000     0.360000     0.053333   0   0 
  5 308   0.477908       48.488        9.585     0.651891       26.022   5.87     0.637934        0.000     0.000000     0.386667     0.026667   0   0 
  6 308   0.477908       48.488        9.563     0.652387       26.022   5.87     0.637934        0.000     0.000000     0.426667     0.040000   0   0 
  7 308   0.557400       50.918        9.563     0.648921       28.517   6.43     0.628378        0.024     0.150498     0.466667     0.040000   0   0 
  8 308   0.480675       50.940        9.563     0.649083       28.517   6.43     0.628378        0.000     0.000000     0.546667     0.080000   0   0 
  9 308   0.480675       51.053        9.563     0.649047       28.517   6.43     0.628378        0.000     0.000000     0.600000     0.053333   0   0 
 10 308   0.626682       77.490       34.493     0.629672       39.260   8.86     0.626733        0.598     0.479712     0.693333     0.093333   0   0 
 11 308   0.477525       77.220       34.515     0.632809       39.260   8.86     0.626733        0.000     0.000000     0.733333     0.040000   0   0 
 12 308   0.620779      111.353      114.345     0.601770       47.278  10.67     0.630041        0.260     0.112874     0.773333     0.040000   0   0 
 13 308   0.701613      150.165      130.118     0.606986       62.203  14.03     0.645323        0.179     0.217239     0.840000     0.066667   0   0 
 14 308   0.492275      168.840      151.448     0.591942       71.282  16.08     0.638731        0.175     0.111785     1.053333     0.213333   0   0 
 15 308   0.818041      200.070      170.280     0.582695       87.948  19.84     0.629981        3.001     0.192379     1.626667     0.573333   0   0 
 16 308   0.697367      210.690      181.755     0.593338       96.912  21.87     0.634483        3.379     0.270203     2.160000     0.533333   0   0 
 17 308   0.639034      214.358      175.568     0.604504      102.444  23.11     0.641927        1.642     0.002009     2.973333     0.813333   0   0 
 18 308   0.671712      234.833      141.750     0.623444      117.312  26.47     0.652776        0.962     0.350999     3.426667     0.453333   0   0 
 19 308   0.791695      239.355      133.403     0.626544      122.489  27.64     0.651919        1.895     0.195988     3.840000     0.413333   0   0 
 20 308   0.697364      241.808      132.390     0.629882      125.926  28.41     0.649057        3.653     0.007155     4.160000     0.320000   0   0 
 21 308   0.732871      241.808      132.008     0.634014      128.008  28.88     0.649231        0.288     0.479594     4.506667     0.346667   0   0 
 22 308   0.495214      246.533      128.498     0.652812      133.557  30.13     0.657613        1.190     0.285302     5.040000     0.533333   0   0 
 23 308   0.838903      248.918      126.225     0.657715      136.306  30.75     0.660733        2.008     0.134365     5.546667     0.506667   0   0 
 24 308   0.515556      249.480      125.955     0.659491      137.226  30.96     0.662182        0.366     0.003634     5.760000     0.213333   0   0 
 25 308   0.486526      251.550      120.915     0.662607      138.804  31.32     0.664954        0.228     0.121508     6.026667     0.266667   0   0 
 26 308   0.480743      253.508      137.610     0.669366      141.268  31.87     0.670956        3.088     0.002995     6.333333     0.306667   1   0 
 27 308   0.602430      256.613      190.440     0.679273      147.411  33.26     0.673291        3.406     0.363132     6.680000     0.346667   0   0 
 28 308   0.620638      257.670      214.088     0.679736      148.466  33.50     0.673651        0.420     0.004130     6.986667     0.306667   0   0 
 29 308   0.577828      257.918      236.138     0.684232      150.623  33.98     0.675633        0.513     0.135995     7.360000     0.373333   0   0 
 30 308   0.506923      259.065      262.440     0.685996      152.819  34.48     0.674974        0.205     0.115916     7.880000     0.520000   0   0 
 31 308   0.508272      259.763      280.260     0.689496      157.283  35.49     0.676002        3.659     0.024621     8.226667     0.346667   1   0 
 32 308   0.480769      268.043      298.148     0.687980      162.634  36.70     0.676963        3.448     0.007433     8.706667     0.480000   1   0 
 33 308   0.478923      278.730      274.073     0.681392      165.277  37.29     0.676562        3.496     0.019090     9.333333     0.626667   1   0 
 34 308   0.478764      291.105      231.773     0.676865      169.966  38.35     0.675324        3.001     0.025713     9.853333     0.520000   1   0 
 35 308   0.478138      291.128      228.105     0.676971      169.966  38.35     0.675324        0.000     0.000000    10.560000     0.706667   0   1 
 36 308   0.120617      296.145      222.278     0.679797      175.723  39.65     0.676154        8.824     0.359428    10.906667     0.346667   0   1 
 37 308   0.012433      297.698      219.443     0.691474      182.594  41.20     0.682478        6.399     0.189845    11.613333     0.706667   0   1 
 38 308   0.030566      300.060      216.765     0.693235      184.961  41.73     0.684918        1.505     0.346690    12.026667     0.413333   0   1 
 39 308   0.283507      330.143      186.345     0.715044      208.093  46.95     0.687836       14.249     0.223537    13.626667     1.600000   0   1 
 40 308   0.487470      381.105      185.738     0.705653      228.936  51.65     0.683352        0.145     0.509940    16.560000     2.933333   0   1 
 41 308   0.488033      398.655      165.443     0.713502      245.617  55.42     0.688011        2.123     0.265896    18.706667     2.146667   0   1 
 42 308   0.513938      401.490      162.428     0.714231      250.664  56.56     0.685577        1.005     0.406952    21.280000     2.573333   0   1 
 43 308   0.513144      402.660      160.268     0.717944      253.402  57.17     0.685781        3.806     0.025280    22.053333     0.773333   0   1 
 44 308   0.453428      405.968      156.330     0.718071      256.890  57.96     0.685246        4.537     0.043562    24.506667     2.453333   0   1 
 45 308   0.490480      409.163      152.978     0.717451      261.090  58.91     0.684063        3.124     0.337939    26.106667     1.600000   0   1 
 46 308   0.524133      413.258      149.513     0.716280      264.050  59.58     0.682725        0.752     0.161660    27.440000     1.333333   0   1 
 47 308   0.373475      414.630      148.883     0.716425      264.910  59.77     0.682299        4.133     0.265600    28.800000     1.360000   0   1 
 48 308   0.361147      425.318      134.528     0.717821      272.372  61.46     0.681796        3.228     0.133618    30.106667     1.306667   0   1 
 49 308   0.231339      431.190      108.675     0.723567      283.207  63.90     0.685579        2.486     0.338612    32.200000     2.093333   0   1 
 50 308   0.262893      445.905       97.695     0.733136      296.432  66.88     0.696817        1.594     0.628388    36.013333     3.813333   0   1 
 51 308   0.349517      451.193       77.310     0.738680      306.773  69.22     0.700904        2.979     0.761404    37.693333     1.680000   0   1 
 52 308   0.490224      460.125       70.740     0.738412      313.524  70.74     0.698555        1.038     0.644271    39.146667     1.453333   0   1 
 53 308   0.632754      462.375       65.543     0.742579      317.509  71.64     0.699805        0.325     0.184579    40.106667     0.960000   0   1 
 54 308   0.195559      465.863       55.395     0.746110      322.360  72.73     0.702119        3.450     0.320599    41.720000     1.613333   0   1 
 55 308   0.038841      466.110       55.035     0.748383      324.498  73.22     0.702792        0.636     0.306850    43.893333     2.173333   0   1 
 56 308   0.088146      472.883       45.293     0.751133      329.446  74.33     0.704311        3.715     0.278493    45.973333     2.080000   0   1 
 57 308   0.274849      475.043       37.148     0.755401      335.841  75.78     0.706258        8.180     0.167859    47.320000     1.346667   0   1 
 58 308   0.109576      477.450       36.720     0.756578      340.703  76.87     0.705576        0.377     0.110238    48.360000     1.040000   0   1 
 59 308   0.194020      477.720       36.068     0.757652      341.750  77.11     0.706234        4.773     0.167316    49.813333     1.453333   0   1 
 60 308   0.083040      478.778       35.145     0.758845      343.660  77.54     0.706429        4.538     0.364421    51.733333     1.920000   0   1 
 61 308   0.031382      478.485       34.988     0.759519      344.529  77.74     0.706857        4.549     0.031926    53.000000     1.266667   0   1 
 62 308   0.022834      479.048       30.443     0.762372      347.653  78.44     0.707660        4.844     0.677201    54.560000     1.560000   0   1 
 63 308   0.011159      480.150       29.385     0.764560      349.093  78.77     0.709841        4.143     0.354383    57.680000     3.120000   0   1 
 64 308   0.011762      480.240       28.710     0.765373      349.847  78.94     0.711094        0.944     0.345814    60.586667     2.906667   0   1 
 65 308   0.024992      480.848       27.878     0.766146      351.999  79.42     0.711452        2.223     0.691324    64.333333     3.746667   0   1 
 66 308   0.015881      481.388       26.483     0.766396      353.271  79.71     0.711915        1.873     0.400452    67.306667     2.973333   0   1 
 67 308   0.018493      481.950       26.235     0.767141      354.430  79.97     0.713018        2.886     0.386964    69.293333     1.986667   0   1 
 68 308   0.028277      483.908       24.390     0.770480      359.524  81.12     0.714821        6.932     0.281086    70.440000     1.146667   0   1 
 69 308   0.031079      483.998       23.940     0.772411      360.641  81.37     0.717292        3.855     0.177008    72.440000     2.000000   0   1 
 70 308   0.017233      484.695       23.085     0.773701      361.455  81.55     0.718863        1.772     0.019901    74.320000     1.880000   0   1 
 71 308   0.013620      485.100       23.063     0.774028      362.045  81.69     0.719323        0.527     0.022893    76.560000     2.240000   0   1 
 72 308   0.013934      485.145       22.883     0.776527      363.642  82.05     0.721476        5.335     0.013333    78.653333     2.093333   1   1 
 73 308   0.006000      485.595       22.523     0.777702      365.171  82.39     0.722269        5.047     0.130569    81.893333     3.240000   0   1 
 74 308   0.007138      485.145       21.960     0.779897      366.540  82.70     0.725296        1.496     0.380478    85.026667     3.133333   0   1 
 75 308   0.001815      484.740       21.870     0.783048      367.174  82.85     0.729004        2.317     0.016111    87.973333     2.946667   0   1 
 76 308   0.003931      484.898       21.848     0.783589      367.533  82.93     0.729599        1.988     0.289874    89.560000     1.586667   0   1 
 77 308   0.006784      485.010       21.960     0.783929      367.638  82.95     0.730295        2.891     0.321781    91.400000     1.840000   0   1 
 78 308   0.011783      485.033       21.960     0.783955      367.652  82.95     0.730378        0.986     0.005024    92.973333     1.573333   0   1 
 79 308   0.011757      485.033       21.960     0.783963      367.653  82.95     0.730400        0.206     0.000250    94.960000     1.986667   0   1 
 80 308   0.011867      485.033       21.960     0.784548      368.093  83.05     0.731805        3.757     0.019231    96.960000     2.000000   1   1 
 81 308   0.007192      485.325       22.163     0.784561      368.093  83.05     0.731826        3.131     0.036821    98.480000     1.520000   0   1 
 82 308   0.011497      485.325       22.163     0.784566      368.093  83.05     0.731836        0.688     0.020490   100.106667     1.626667   0   1 
 83 308   0.011867      485.325       22.163     0.784580      368.093  83.05     0.731836        3.805     0.016331   101.720000     1.613333   1   1 
 84 308   0.003412      485.528       22.275     0.784609      368.184  83.07     0.731960        2.936     0.146197   104.600000     2.880000   0   1 
 85 308   0.006177      485.528       22.275     0.784749      368.199  83.08     0.732309        0.707     0.138836   106.746667     2.146667   0   1 
 86 308   0.011003      485.528       22.275     0.784752      368.200  83.08     0.732314        0.618     0.004154   108.933333     2.186667   0   1 
 87 308   0.011318      485.528       22.275     0.784745      368.200  83.08     0.732314        3.694     0.011515   110.560000     1.626667   1   1 
 88 308   0.005161      485.528       22.275     0.784759      368.257  83.09     0.732354        3.132     0.123577   112.186667     1.626667   0   1 
 89 308   0.010507      485.528       22.275     0.784826      368.257  83.09     0.732455        0.755     0.115512   114.040000     1.853333   0   1 
 90 308   0.010945      485.528       22.275     0.784835      368.257  83.09     0.732455        3.364     0.008065   115.773333     1.733333   1   1 
 91 308   0.005148      485.618       22.320     0.784843      368.277  83.09     0.732481        3.201     0.118624   118.226667     2.453333   0   1 
 92 308   0.006358      485.618       22.320     0.784846      368.292  83.10     0.732535        1.035     0.001973   120.013333     1.786667   0   1 
 93 308   0.007889      486.023       22.185     0.785185      368.750  83.20     0.732697       13.142     0.108211   120.533333     0.520000   0   1 
 94 308   0.005644      486.540       22.118     0.785212      368.944  83.24     0.732771        0.508     0.037550   120.946667     0.413333   0   1 
 95 308   0.002941      486.765       21.713     0.785514      369.197  83.30     0.732955        0.347     0.024163   121.546667     0.600000   0   1 
 96 308   0.012603      486.765       21.713     0.786053      369.794  83.44     0.733429        4.511     0.506854   121.853333     0.306667   0   1 
 97 308   0.018497      486.765       21.713     0.786346      369.885  83.46     0.733725        4.511     0.006854   122.160000     0.306667   1   1 
 98 308   0.002325      486.743       24.930     0.786458      370.021  83.49     0.733852       13.190     0.515103   123.706667     1.546667   0   1 
 99 308   0.006109      486.810       24.863     0.786452      370.021  83.49     0.733852       13.190     0.015103   125.013333     1.306667   1   1 
100 308   0.001601      487.733       24.300     0.787629      370.790  83.66     0.734773        0.214     0.295174   125.426667     0.413333   0   1 
