#scene........................: /home/eldamian/nbvEverardo/models/studying_room.wrl
#triangles....................: 107322
#Total triangles' area........: 170.448196 (m2)
#sensor aperture..............: 135.000000 x 70.000000 (deg)
#range image size.............: 350 x 80
#sensor blind distances.......: 0.500000 .. 30.000000 (m)
#sensor blind angle...........: 80.000000
#sensor Gaussian noise std dev: 0.012000 (m)
#views number.................: 100 
#optimization method..........: Evolution Strategy
#view iterations fitness vxl_occupied(m2) occplane(m2) vxl_quality tri_imaged(m2) tri_imaged(%) tri_quality travelled(m) energy total_time single_time backstep change
  0   0  -0.000000       16.628        4.838     0.635252       10.896   6.39     0.627871        0.000     0.000000     0.000000     0.000000   0   0 
  1 308   0.713586       26.033        5.220     0.621800       18.741  10.99     0.612062        0.000     0.077427     0.200000     0.200000   0   0 
  2 308   0.702588       71.325       43.335     0.631944       30.755  18.04     0.642072        0.000     0.166667     0.480000     0.280000   0   0 
  3 308   0.728887       86.603       63.293     0.631166       37.507  22.01     0.659690        0.000     0.077427     0.786667     0.306667   0   0 
  4 308   0.716368       97.763       69.593     0.644115       53.698  31.50     0.662976        0.000     0.109925     1.186667     0.400000   0   0 
  5 308   0.682076      128.903       76.163     0.640207       66.298  38.90     0.661178        0.000     0.109925     1.666667     0.480000   0   0 
  6 308   0.730824      130.388       91.215     0.642672       72.680  42.64     0.663373        0.000     0.077427     2.200000     0.533333   0   0 
  7 308   0.608393      134.258       90.113     0.646953       74.271  43.57     0.666935        3.713     0.271437     2.240000     0.040000   0   0 
  8 308   0.619930      133.808       90.518     0.648690       76.770  45.04     0.673929        3.713     0.161512     2.266667     0.026667   1   0 
  9 308   0.735680      132.638       93.803     0.649903       76.770  45.04     0.673929        0.000     0.109925     2.786667     0.520000   0   0 
 10 308   0.702326      132.210       93.735     0.652211       76.770  45.04     0.673929        0.000     0.109925     3.346667     0.560000   0   0 
 11 308   0.685233      132.053       96.683     0.654665       78.048  45.79     0.675282        0.000     0.166667     3.840000     0.493333   0   0 
 12 308   0.696658      142.155      104.873     0.661060       83.697  49.10     0.681249        0.000     0.166667     4.360000     0.520000   0   0 
 13 308   0.518373      142.515      103.163     0.665631       84.960  49.85     0.682104        5.395     0.464168     4.520000     0.160000   0   0 
 14 308   0.655240      144.315      102.375     0.673465       86.577  50.79     0.688553        0.435     0.336828     4.613333     0.093333   0   0 
 15 308   0.796045      153.518      120.285     0.681846       91.883  53.91     0.697351        0.169     0.152122     4.733333     0.120000   0   0 
 16 308   0.752194      154.058      120.353     0.682613       91.883  53.91     0.697351        5.525     0.148873     4.813333     0.080000   1   0 
 17 308   0.915145      153.923      123.795     0.684122       93.974  55.13     0.699410        0.000     0.166667     5.413333     0.600000   0   0 
 18 308   0.797045      153.923      124.515     0.685758       94.066  55.19     0.699535        0.000     0.145982     6.000000     0.586667   0   0 
 19 308   0.556731      163.733      127.103     0.702356      105.381  61.83     0.702819        5.714     0.587360     6.053333     0.053333   0   0 
 20 308   0.773723      169.763      122.850     0.705398      110.999  65.12     0.702428        0.889     0.127303     6.266667     0.213333   0   0 
 21 308   0.779830      171.585      118.958     0.702907      113.890  66.82     0.698839        0.874     0.018848     6.400000     0.133333   0   0 
 22 308   0.801208      174.150      119.700     0.703476      114.951  67.44     0.698064        1.168     0.026314     6.626667     0.226667   0   0 
 23 308   0.789069      174.915      119.678     0.703939      114.951  67.44     0.698064        6.617     0.139942     6.666667     0.040000   1   0 
 24 308   0.661657      175.973      119.970     0.704901      115.139  67.55     0.698686        4.995     0.276446     6.973333     0.306667   0   0 
 25 308   0.791777      176.153      120.375     0.707703      116.382  68.28     0.697622       10.875     0.033690     7.186667     0.213333   0   0 
 26 308   0.789074      176.513      117.135     0.707780      116.382  68.28     0.697622       10.875     0.033690     7.280000     0.093333   1   0 
 27 308   0.710209      176.423      117.135     0.708026      116.389  68.28     0.697664        4.995     0.130464     7.360000     0.080000   1   0 
 28 308   0.737120      175.365      117.563     0.709662      116.389  68.28     0.697664        0.000     0.255907     7.986667     0.626667   0   0 
 29 308   0.665683      176.490      117.833     0.712506      116.870  68.57     0.698926        6.134     0.400317     8.226667     0.240000   0   0 
 30 308   0.778232      176.490      117.585     0.712565      116.870  68.57     0.698926        6.134     0.144410     8.453333     0.226667   1   0 
 31 308   0.765822      176.513      117.428     0.712962      117.084  68.69     0.698662        6.075     0.131419     8.733333     0.280000   0   0 
 32 308   0.779585      176.445      117.000     0.713912      117.128  68.72     0.700968        1.349     0.030550     9.000000     0.266667   0   0 
 33 308   0.777421      176.445      117.000     0.714176      117.360  68.85     0.700412        1.165     0.023591     9.160000     0.160000   0   0 
 34 308   0.777811      176.603      115.763     0.714241      117.360  68.85     0.700412        5.927     0.138377     9.466667     0.306667   1   0 
 35 308   0.767534      176.693      115.695     0.714465      117.459  68.91     0.700426        6.243     0.138640     9.573333     0.106667   0   0 
 36 308   0.781046      176.693      115.695     0.714600      117.459  68.91     0.700426        6.243     0.138640    10.000000     0.426667   1   0 
 37 308   0.729925      176.603      115.898     0.715075      117.459  68.91     0.700426        0.000     0.255907    10.573333     0.573333   0   0 
 38 308   0.698822      176.625      115.875     0.716065      118.364  69.44     0.702784        6.109     0.254891    10.746667     0.173333   0   0 
 39 308   0.754418      177.030      115.763     0.716655      118.661  69.62     0.705083        0.429     0.011707    11.133333     0.386667   0   0 
 40 308   0.754391      176.940      115.650     0.716863      118.661  69.62     0.705083        5.681     0.156674    11.453333     0.320000   1   0 
 41 308   0.716242      178.830      113.760     0.725655      122.455  71.84     0.706618        4.824     0.346103    11.560000     0.106667   0   0 
 42 308   0.764419      179.685      112.950     0.727856      123.668  72.55     0.709660        0.578     0.106557    11.733333     0.173333   0   0 
 43 308   0.720402      179.910      112.410     0.728642      124.343  72.95     0.711032        0.277     0.020193    11.906667     0.173333   0   0 
 44 308   0.712377      179.888      112.478     0.728881      124.343  72.95     0.711032        4.427     0.149813    12.013333     0.106667   1   0 
 45 308   0.629103      181.778      110.610     0.727342      125.771  73.79     0.710326        5.291     0.134541    12.160000     0.146667   0   0 
 46 308   0.630576      182.093      109.913     0.727774      127.203  74.63     0.708341        1.063     0.022296    12.293333     0.133333   0   0 
 47 308   0.641870      182.318      109.148     0.727692      128.591  75.44     0.706727        0.821     0.008518    12.400000     0.106667   0   0 
 48 308   0.641343      182.610      108.630     0.727612      129.279  75.85     0.705600        1.154     0.002469    12.613333     0.213333   0   0 
 49 308   0.638572      182.228      108.495     0.727940      129.279  75.85     0.705600        4.852     0.162885    12.800000     0.186667   1   0 
 50 308   0.770650      182.115      108.450     0.727962      129.279  75.85     0.705600        0.000     0.000000    13.440000     0.640000   0   0 
 51 308   0.707039      182.070      108.450     0.728824      129.279  75.85     0.705600        0.000     0.109925    13.973333     0.533333   0   0 
 52 308   0.662541      182.070      108.450     0.729628      129.279  75.85     0.705600        0.000     0.166667    14.560000     0.586667   0   0 
 53 308   0.535317      183.060      108.225     0.730418      129.338  75.88     0.706880        1.046     0.166220    14.573333     0.013333   0   0 
 54 308   0.548106      182.993      108.135     0.730211      129.338  75.88     0.706880        0.000     0.000000    14.613333     0.040000   0   1 
 55 308   0.284782      182.970      109.395     0.731072      129.753  76.12     0.708705        4.876     0.177943    14.893333     0.280000   0   1 
 56 308   0.296423      182.880      109.193     0.732267      129.818  76.16     0.711097        4.876     0.011276    15.320000     0.426667   1   1 
 57 308   0.414268      182.880      109.193     0.732345      129.957  76.24     0.710726        5.742     0.003335    15.373333     0.053333   1   1 
 58 308   0.216882      183.015      108.653     0.732379      130.967  76.84     0.709248        0.588     0.111729    15.546667     0.173333   0   1 
 59 308   0.214514      183.015      108.653     0.732456      130.967  76.84     0.709248        4.267     0.164689    15.706667     0.160000   1   1 
 60 308   0.588878      183.060      108.653     0.732615      130.967  76.84     0.709248        0.000     0.109925    16.306667     0.600000   0   1 
 61 308   0.294192      183.083      108.788     0.733034      131.279  77.02     0.710491        4.947     0.166405    16.653333     0.346667   0   1 
 62 308   0.301399      183.263      109.013     0.733096      131.279  77.02     0.710491        4.947     0.166405    16.933333     0.280000   1   1 
 63 308   0.598782      183.263      109.013     0.733551      131.279  77.02     0.710491        0.000     0.145982    17.493333     0.560000   0   1 
 64 308   0.583638      183.263      109.013     0.733597      131.279  77.02     0.710491        0.000     0.145982    18.080000     0.586667   0   1 
 65 308   0.180926      185.445      108.698     0.741351      131.862  77.36     0.713825        5.272     0.661639    18.226667     0.146667   0   1 
 66 308   0.292411      185.423      108.630     0.741266      131.862  77.36     0.713825        5.272     0.161639    18.360000     0.133333   1   1 
 67 308   0.589798      185.423      108.720     0.741914      131.862  77.36     0.713825        0.000     0.145982    18.946667     0.586667   0   1 
 68 308   0.547125      185.423      108.833     0.742171      131.862  77.36     0.713825        0.000     0.333333    19.560000     0.613333   0   1 
 69 308   0.575963      185.310      108.810     0.742292      131.862  77.36     0.713825        0.000     0.145982    20.093333     0.533333   0   1 
 70 308   0.025531      185.490      108.788     0.743809      135.110  79.27     0.708135        5.956     0.458021    20.306667     0.213333   0   1 
 71 308   0.016365      185.130      108.630     0.745957      136.693  80.20     0.708202        0.307     0.169806    20.546667     0.240000   0   1 
 72 308   0.001992      185.130      108.293     0.746160      137.337  80.57     0.707789        0.237     0.136811    20.720000     0.173333   0   1 
 73 308   0.246298      185.310      108.338     0.746286      137.494  80.67     0.708100        1.328     0.380685    21.026667     0.306667   0   1 
 74 308   0.523458      185.310      108.338     0.746430      137.574  80.71     0.707992        0.983     0.170837    21.520000     0.493333   0   1 
 75 308   0.537578      186.008      106.740     0.746442      137.574  80.71     0.707992        5.691     0.138810    21.800000     0.280000   1   1 
 76 308   0.071332      186.143      106.605     0.747953      137.630  80.75     0.709642        5.428     0.285864    21.880000     0.080000   0   1 
 77 308   0.354074      186.278      106.560     0.749600      137.712  80.79     0.713179        9.006     0.338169    21.973333     0.093333   0   1 
 78 308   0.389977      186.390      106.043     0.750994      138.067  81.00     0.714056        9.006     0.025520    22.026667     0.053333   1   1 
 79 308   0.611879      186.390      106.043     0.751069      138.291  81.13     0.714112        1.346     0.023901    22.226667     0.200000   0   1 
 80 308   0.612193      186.435      106.133     0.751108      138.291  81.13     0.714112        4.921     0.163782    22.520000     0.293333   1   1 
 81 308   0.604043      186.390      106.088     0.751059      138.291  81.13     0.714112        0.000     0.000000    23.173333     0.653333   0   1 
 82 308   0.548207      186.390      106.088     0.751278      138.291  81.13     0.714112        0.000     0.333333    23.560000     0.386667   0   1 
 83 308   0.356675      186.885      106.943     0.751338      138.369  81.18     0.714096        4.593     0.495647    23.693333     0.133333   0   1 
 84 308   0.610889      186.885      106.943     0.751366      138.396  81.20     0.714149        1.437     0.011139    24.013333     0.320000   0   1 
 85 308   0.617964      186.885      106.943     0.751382      138.408  81.20     0.714197        0.117     0.007730    24.373333     0.360000   0   1 
 86 308   0.617997      187.853      108.270     0.751414      138.408  81.20     0.714197        4.904     0.143445    24.666667     0.293333   1   1 
 87 308   0.604013      187.853      108.270     0.751486      138.408  81.20     0.714197        0.000     0.000000    25.293333     0.626667   0   1 
 88 308   0.548207      187.853      108.270     0.751608      138.408  81.20     0.714197        0.000     0.333333    25.866667     0.573333   0   1 
 89 308   0.467156      188.910      107.775     0.754102      138.415  81.21     0.715427        5.254     0.498422    25.973333     0.106667   0   1 
 90 308   0.600118      188.820      107.775     0.754180      138.415  81.21     0.715427        5.254     0.165089    26.080000     0.106667   1   1 
 91 308   0.600138      188.820      107.775     0.754222      138.415  81.21     0.715427        0.000     0.000000    26.786667     0.706667   0   1 
 92 308   0.083717      188.370      107.685     0.759785      139.394  81.78     0.719153        3.178     0.145616    26.813333     0.026667   0   1 
 93 308   0.448016      189.788      109.283     0.759896      139.416  81.79     0.719130        3.570     0.338952    27.133333     0.320000   0   1 
 94 308   0.517938      189.945      109.485     0.759936      139.463  81.82     0.719155        1.427     0.003338    27.360000     0.226667   0   1 
 95 308   0.530910      189.945      109.485     0.759966      139.476  81.83     0.719189        0.497     0.005774    27.773333     0.413333   0   1 
 96 308   0.530926      189.945      109.485     0.759973      139.476  81.83     0.719189        5.554     0.149109    27.986667     0.213333   1   1 
 97 308   0.515748      189.945      109.485     0.759891      139.481  81.83     0.719200        5.738     0.139165    28.306667     0.320000   0   1 
 98 308   0.524673      189.945      109.485     0.759895      139.481  81.83     0.719200        5.738     0.139165    28.733333     0.426667   1   1 
 99 308   0.592027      189.945      109.485     0.759899      139.481  81.83     0.719200        0.000     0.000000    29.306667     0.573333   0   1 
100 308   0.558544      189.945      109.485     0.760402      139.481  81.83     0.719200        0.000     0.145982    29.880000     0.573333   0   1 
