#scene........................: /home/eldamian/nbvEverardo/models/studying_room.wrl
#triangles....................: 107322
#Total triangles' area........: 170.448196 (m2)
#sensor aperture..............: 135.000000 x 70.000000 (deg)
#range image size.............: 350 x 80
#sensor blind distances.......: 0.500000 .. 30.000000 (m)
#sensor blind angle...........: 80.000000
#sensor Gaussian noise std dev: 0.012000 (m)
#views number.................: 100 
#optimization method..........: Simulated Annealing
#view iterations fitness vxl_occupied(m2) occplane(m2) vxl_quality tri_imaged(m2) tri_imaged(%) tri_quality travelled(m) energy total_time single_time backstep change
  0   0  -0.000000       16.628        4.838     0.635252       10.896   6.39     0.627871        0.000     0.000000     0.000000     0.000000   0   0 
  1 300   0.715521       26.033        5.220     0.621800       18.741  10.99     0.612062        0.000     0.077427     0.280000     0.280000   0   0 
  2 300   0.711596       71.325       43.335     0.631944       30.755  18.04     0.642072        0.000     0.166667     0.586667     0.306667   0   0 
  3 300   0.730864       86.603       63.293     0.631166       37.507  22.01     0.659690        0.000     0.077427     0.933333     0.346667   0   0 
  4 300   0.720306       97.763       69.593     0.644115       53.698  31.50     0.662976        0.000     0.109925     1.306667     0.373333   0   0 
  5 300   0.685825      128.903       76.163     0.640207       66.298  38.90     0.661178        0.000     0.109925     1.760000     0.453333   0   0 
  6 300   0.732806      130.388       91.215     0.642672       72.680  42.64     0.663373        0.000     0.077427     2.320000     0.560000   0   0 
  7 300   0.699375      129.870       94.635     0.654591       75.610  44.36     0.670892        0.000     0.109925     2.800000     0.480000   0   0 
  8 300   0.692252      129.488      100.193     0.656723       76.977  45.16     0.672632        0.000     0.166667     3.173333     0.373333   0   0 
  9 300   0.705607      139.703      109.238     0.663039       82.626  48.48     0.678860        0.000     0.166667     3.706667     0.533333   0   0 
 10 300   0.700014      140.760      116.888     0.666054       85.107  49.93     0.681498        0.000     0.166667     4.226667     0.520000   0   0 
 11 300   0.428439      146.453      127.148     0.675310       87.447  51.30     0.683649        4.536     0.666305     4.280000     0.053333   0   0 
 12 300   0.630419      146.318      126.900     0.676123       87.447  51.30     0.683649        4.536     0.166305     4.333333     0.053333   1   0 
 13 300   0.751664      145.170      128.588     0.677311       87.447  51.30     0.683649        0.000     0.109925     4.840000     0.506667   0   0 
 14 300   0.709435      145.170      128.543     0.678287       87.447  51.30     0.683649        0.000     0.109925     5.146667     0.306667   0   0 
 15 300   0.710147      145.080      128.903     0.679230       87.447  51.30     0.683649        0.000     0.166667     5.640000     0.493333   0   0 
 16 300   0.691258      145.508      135.878     0.679853       87.447  51.30     0.683649        0.000     0.333333     6.080000     0.440000   0   0 
 17 300   0.754203      145.373      137.318     0.682430       87.553  51.37     0.683746        0.000     0.145982     6.680000     0.600000   0   0 
 18 300   0.739310      145.598      137.250     0.682483       87.553  51.37     0.683746        0.000     0.145982     7.226667     0.546667   0   0 
 19 300   0.675892      147.510      140.445     0.678073       93.827  55.05     0.675372        0.000     0.187351     7.813333     0.586667   0   0 
 20 300   0.647497      147.465      141.233     0.678422       93.827  55.05     0.675372        0.000     0.410760     8.400000     0.586667   0   0 
 21 300   0.467113      150.885      143.910     0.685056       97.572  57.24     0.677463        5.014     0.515192     8.413333     0.013333   0   0 
 22 300   0.492674      151.493      143.258     0.692444      100.106  58.73     0.678550        0.645     0.171609     8.453333     0.040000   0   0 
 23 300   0.480550      153.248      142.313     0.695272      103.322  60.62     0.679982        5.495     0.135548     8.466667     0.013333   1   0 
 24 300   0.881306      152.910      144.540     0.695698      103.322  60.62     0.679982        0.000     0.276591     9.013333     0.546667   0   0 
 25 300   0.591686      155.790      136.665     0.701685      105.717  62.02     0.685743        5.266     0.162725     9.106667     0.093333   0   0 
 26 300   0.773969      155.655      136.440     0.701831      105.717  62.02     0.685743        5.266     0.162725     9.160000     0.053333   1   0 
 27 300   0.756837      155.723      136.418     0.701971      105.717  62.02     0.685743        0.000     0.000000     9.826667     0.666667   0   0 
 28 300   0.677270      155.655      136.440     0.703848      105.717  62.02     0.685743        0.000     0.500000    10.426667     0.600000   0   0 
 29 300   0.785512      155.363      136.440     0.704371      105.717  62.02     0.685743        0.000     0.109925    11.040000     0.613333   0   0 
 30 300   0.449694      155.723      135.090     0.708018      106.252  62.34     0.693238        2.600     0.329592    11.093333     0.053333   0   0 
 31 300   0.536143      155.610      134.798     0.708377      106.252  62.34     0.693238        0.000     0.000000    11.133333     0.040000   0   1 
 32 300   0.082537      155.408      134.775     0.709020      106.615  62.55     0.693623        7.859     0.000200    11.173333     0.040000   1   1 
 33 300   0.001580      155.340      134.753     0.709434      106.615  62.55     0.693623        5.266     0.162725    11.186667     0.013333   1   1 
 34 300   0.591815      155.340      134.753     0.711479      106.620  62.55     0.693652        0.000     0.166667    11.800000     0.613333   0   1 
 35 300   0.387717      170.685      133.358     0.721511      117.840  69.14     0.700271        5.855     0.310529    11.866667     0.066667   0   1 
 36 300   0.305230      171.270      135.338     0.721479      117.840  69.14     0.700271        5.855     0.164547    11.973333     0.106667   1   1 
 37 300   0.117439      171.383      135.765     0.725682      118.496  69.52     0.703789        4.831     0.295325    12.013333     0.040000   0   1 
 38 300   0.157950      171.293      135.765     0.725779      118.496  69.52     0.703789        4.831     0.128658    12.066667     0.053333   1   1 
 39 300   0.605169      171.293      135.765     0.726583      118.496  69.52     0.703789        0.000     0.145982    12.506667     0.440000   0   1 
 40 300   0.123281      172.688      134.663     0.725809      119.654  70.20     0.703892        5.260     0.420489    12.573333     0.066667   0   1 
 41 300   0.178255      173.993      133.538     0.723717      120.657  70.79     0.703471        0.171     0.033740    12.640000     0.066667   0   1 
 42 300   0.176005      173.925      133.515     0.724055      120.657  70.79     0.703471        5.328     0.130842    12.693333     0.053333   1   1 
 43 300   0.094395      174.060      131.445     0.725269      120.949  70.96     0.703642        5.057     0.240723    12.746667     0.053333   0   1 
 44 300   0.210296      174.060      131.445     0.726827      121.209  71.11     0.705384        0.436     0.172729    12.853333     0.106667   0   1 
 45 300   0.535716      175.208      130.073     0.730631      122.332  71.77     0.708868        0.143     0.336936    12.973333     0.120000   0   1 
 46 300   0.554242      175.208      130.073     0.730730      122.332  71.77     0.708868        5.375     0.161147    13.160000     0.186667   1   1 
 47 300   0.212428      174.510      129.735     0.745503      122.705  71.99     0.724548        2.279     0.476435    13.200000     0.040000   0   1 
 48 300   0.261729      174.465      129.600     0.746364      123.070  72.20     0.725661        7.729     0.028238    13.253333     0.053333   1   1 
 49 300   0.547071      174.578      129.443     0.746573      123.628  72.53     0.725583        0.535     0.337207    13.400000     0.146667   0   1 
 50 300   0.591579      175.050      130.185     0.746589      123.628  72.53     0.725583        5.008     0.160106    13.506667     0.106667   1   1 
 51 300   0.623011      175.073      130.163     0.746581      123.628  72.53     0.725583        0.000     0.000000    14.213333     0.706667   0   1 
 52 300   0.579213      175.073      130.163     0.746874      123.628  72.53     0.725583        0.000     0.333333    14.853333     0.640000   0   1 
 53 300   0.065143      177.615      126.068     0.747679      127.233  74.65     0.725125        5.172     0.581882    14.960000     0.106667   0   1 
 54 300   0.411158      178.155      125.303     0.749771      127.994  75.09     0.726708        0.856     0.202779    15.120000     0.160000   0   1 
 55 300   0.435385      179.640      125.573     0.749824      127.994  75.09     0.726708        5.301     0.143880    15.173333     0.053333   1   1 
 56 300   0.053235      183.038      119.115     0.746229      133.415  78.27     0.717592        5.922     0.462930    15.293333     0.120000   0   1 
 57 300   0.003657      183.150      118.823     0.749757      136.236  79.93     0.717564        0.338     0.443484    15.373333     0.080000   0   1 
 58 300   0.350962      183.600      115.448     0.754598      138.138  81.04     0.717758        1.327     0.668488    15.520000     0.146667   0   1 
 59 300   0.415636      183.600      115.313     0.754677      138.138  81.04     0.717758        5.350     0.164059    15.546667     0.026667   1   1 
 60 300   0.619434      183.600      115.313     0.754715      138.138  81.04     0.717758        0.000     0.000000    16.240000     0.693333   0   1 
 61 300   0.582563      183.600      115.313     0.754946      138.138  81.04     0.717758        0.000     0.333333    16.853333     0.613333   0   1 
 62 300   0.230634      183.983      115.605     0.754988      138.149  81.05     0.717858        4.780     0.158760    16.960000     0.106667   0   1 
 63 300   0.298146      183.983      115.605     0.755000      138.149  81.05     0.717858        4.780     0.158760    17.040000     0.080000   1   1 
 64 300   0.613224      183.983      115.605     0.755006      138.149  81.05     0.717858        0.000     0.000000    17.666667     0.626667   0   1 
 65 300   0.588462      183.983      115.605     0.755055      138.149  81.05     0.717858        0.000     0.333333    18.373333     0.706667   0   1 
 66 300   0.518459      183.983      115.560     0.755109      138.149  81.05     0.717858        0.000     0.479316    18.920000     0.546667   0   1 
 67 300   0.461513      184.028      115.560     0.755346      138.149  81.05     0.717858        0.000     0.500000    19.560000     0.640000   0   1 
 68 300   0.020514      184.028      115.470     0.756623      138.395  81.19     0.719433        5.918     0.288741    19.600000     0.040000   0   1 
 69 300   0.022301      183.893      115.448     0.756944      140.303  82.31     0.716146        5.918     0.158132    19.640000     0.040000   1   1 
 70 300   0.002067      182.903      115.718     0.763853      142.081  83.36     0.719904        2.425     0.350056    19.693333     0.053333   0   1 
 71 300   0.002473      184.613      113.603     0.765553      144.793  84.95     0.717136        6.960     0.003601    19.733333     0.040000   1   1 
 72 300   0.104355      184.770      112.973     0.768339      145.433  85.32     0.718114        0.843     0.112073    19.813333     0.080000   0   1 
 73 300   0.108646      184.748      112.950     0.768471      145.433  85.32     0.718114        4.976     0.131659    19.880000     0.066667   1   1 
 74 300   0.101213      185.400      113.783     0.769254      145.466  85.34     0.719256        3.585     0.495788    19.893333     0.013333   0   1 
 75 300   0.138850      185.400      113.783     0.769317      145.466  85.34     0.719256        3.585     0.141771    19.933333     0.040000   1   1 
 76 300   0.000675      185.333      113.670     0.770094      145.829  85.56     0.719696        5.081     0.259081    19.960000     0.026667   0   1 
 77 300   0.100176      185.355      113.648     0.770483      146.210  85.78     0.719754        0.869     0.355128    20.066667     0.106667   0   1 
 78 300   0.110794      185.243      113.670     0.770644      146.210  85.78     0.719754        4.923     0.129583    20.120000     0.053333   1   1 
 79 300   0.612863      185.243      113.670     0.771115      146.210  85.78     0.719754        0.000     0.166667    20.800000     0.680000   0   1 
 80 300   0.000814      185.198      113.468     0.774598      147.264  86.40     0.721209        5.703     0.752625    20.853333     0.053333   0   1 
 81 300   0.010545      186.030      113.670     0.777164      148.305  87.01     0.723810        3.169     0.257840    20.906667     0.053333   0   1 
 82 300   0.012428      185.648      113.558     0.778460      149.139  87.50     0.724124        3.169     0.001933    21.040000     0.133333   1   1 
 83 300   0.006361      185.558      113.535     0.778737      149.245  87.56     0.724511        2.847     0.029681    21.080000     0.040000   0   1 
 84 300   0.018738      185.873      111.285     0.781203      151.477  88.87     0.724537        2.929     0.334422    21.146667     0.066667   0   1 
 85 300   0.002701      186.030      111.263     0.781572      151.959  89.15     0.724758        0.322     0.138347    21.226667     0.080000   0   1 
 86 300   0.021116      187.110      112.928     0.782142      151.964  89.16     0.725384        3.700     0.466163    21.280000     0.053333   0   1 
 87 300   0.028702      187.110      112.928     0.782293      152.248  89.32     0.726539        3.700     0.002221    21.306667     0.026667   1   1 
 88 300   0.071208      187.110      112.793     0.782692      152.316  89.36     0.727756        1.995     0.001295    21.413333     0.106667   0   1 
 89 300   0.073905      187.110      112.793     0.782707      152.321  89.37     0.727817        3.161     0.030806    21.480000     0.066667   1   1 
 90 300   0.033127      187.110      112.793     0.782709      152.321  89.37     0.727817        0.000     0.000000    21.546667     0.066667   0   1 
 91 300   0.033127      187.110      112.793     0.782722      152.321  89.37     0.727817        0.000     0.000000    21.600000     0.053333   0   1 
 92 300   0.033127      187.110      112.793     0.782724      152.321  89.37     0.727817        0.000     0.000000    21.626667     0.026667   0   1 
 93 300   0.033127      187.110      112.793     0.782726      152.321  89.37     0.727817        0.000     0.000000    21.653333     0.026667   0   1 
 94 300   0.033127      187.110      112.793     0.782726      152.321  89.37     0.727817        0.000     0.000000    21.666667     0.013333   0   1 
 95 300   0.034087      187.110      112.793     0.782884      152.401  89.41     0.728627        3.088     0.004400    21.826667     0.160000   0   1 
 96 300   0.039589      187.110      112.793     0.782885      152.401  89.41     0.728627        3.088     0.004400    21.893333     0.066667   1   1 
 97 300   0.033127      187.110      112.793     0.782887      152.401  89.41     0.728627        0.000     0.000000    21.933333     0.040000   0   1 
 98 300   0.033127      187.110      112.793     0.782888      152.401  89.41     0.728627        0.000     0.000000    22.053333     0.120000   0   1 
 99 300   0.033127      187.110      112.793     0.782888      152.401  89.41     0.728627        0.000     0.000000    22.120000     0.066667   0   1 
100 300   0.033127      187.110      112.793     0.782888      152.401  89.41     0.728627        0.000     0.000000    22.186667     0.066667   0   1 
