#scene........................: /home/eldamian/nbvEverardo/models/studying_room.wrl
#triangles....................: 107322
#Total triangles' area........: 170.448196 (m2)
#sensor aperture..............: 135.000000 x 70.000000 (deg)
#range image size.............: 350 x 80
#sensor blind distances.......: 0.500000 .. 30.000000 (m)
#sensor blind angle...........: 80.000000
#sensor Gaussian noise std dev: 0.012000 (m)
#views number.................: 100 
#optimization method..........: Evolution Strategy
#view iterations fitness vxl_occupied(m2) occplane(m2) vxl_quality tri_imaged(m2) tri_imaged(%) tri_quality travelled(m) energy total_time single_time backstep change
  0   0  -0.000000       16.628        4.838     0.635252       10.896   6.39     0.627871        0.000     0.000000     0.000000     0.000000   0   0 
  1 308   0.718914       32.918       17.528     0.706556       15.769   9.25     0.701153        0.000     0.109925     0.240000     0.240000   0   0 
  2 308   0.722796       67.770       30.533     0.634133       27.642  16.22     0.677486        0.000     0.109925     0.480000     0.240000   0   0 
  3 308   0.207644       67.838       30.465     0.637712       28.314  16.61     0.680325        6.561     0.243250     0.493333     0.013333   0   0 
  4 308   0.568913       67.950       30.375     0.646825       29.694  17.42     0.687555        0.376     0.113819     0.546667     0.053333   0   0 
  5 308   0.480769       91.710       35.190     0.652156       49.113  28.81     0.679129        6.220     0.161930     0.560000     0.013333   1   0 
  6 308   0.716265      102.240       78.930     0.664042       54.952  32.24     0.688186        0.000     0.463942     1.013333     0.453333   0   0 
  7 308   0.992384      117.608       83.048     0.653428       66.394  38.95     0.674101        0.000     0.130609     1.466667     0.453333   0   0 
  8 308   0.837698      145.598      103.838     0.656376       76.908  45.12     0.674949        0.000     0.187351     2.026667     0.560000   0   0 
  9 308   0.790908      148.275      115.470     0.661514       84.826  49.77     0.677919        0.000     0.577426     2.546667     0.520000   0   0 
 10 308   0.309629      153.968      109.373     0.677410       93.024  54.58     0.681199        5.473     0.539752     2.586667     0.040000   0   0 
 11 308   0.681346      155.070      117.653     0.692805       97.596  57.26     0.685252        2.126     0.437407     2.746667     0.160000   0   0 
 12 308   0.711656      155.205      117.405     0.693581       99.801  58.55     0.687285        0.128     0.009387     2.946667     0.200000   0   0 
 13 308   0.709438      154.328      118.463     0.694457       99.801  58.55     0.687285        4.943     0.146252     3.160000     0.213333   1   0 
 14 308   0.366192      154.823      118.935     0.695100      100.459  58.94     0.687041        3.534     0.161992     3.186667     0.026667   0   0 
 15 308   0.532577      153.113      119.385     0.695589      100.459  58.94     0.687041        3.534     0.161992     3.213333     0.026667   1   0 
 16 308   0.764698      153.090      119.858     0.697316      100.459  58.94     0.687041        0.000     0.276591     3.813333     0.600000   0   0 
 17 308   0.378532      153.675      124.425     0.700552      101.786  59.72     0.687781        5.500     0.310668     3.880000     0.066667   0   0 
 18 308   0.743590      153.608      124.313     0.701774      101.873  59.77     0.688019        5.500     0.164686     3.933333     0.053333   1   0 
 19 308   0.749723      152.280      125.190     0.702625      101.873  59.77     0.688019        0.000     0.255907     4.440000     0.506667   0   0 
 20 308   0.258284      154.305      126.788     0.707731      104.968  61.58     0.689888        5.166     0.648629     4.466667     0.026667   0   0 
 21 308   0.480403      154.260      126.788     0.708226      104.968  61.58     0.689888        5.166     0.127944     4.546667     0.080000   1   0 
 22 308   0.843716      153.788      127.373     0.708668      104.968  61.58     0.689888        0.000     0.520684     5.066667     0.520000   0   0 
 23 308   0.819828      153.608      128.520     0.710788      105.661  61.99     0.695859        0.000     0.109925     5.653333     0.586667   0   0 
 24 308   0.739944      153.248      128.385     0.712188      106.913  62.72     0.696800        0.000     0.500000     6.266667     0.613333   0   0 
 25 308   0.240736      153.833      128.993     0.717148      111.026  65.14     0.692976        6.394     0.755134     6.346667     0.080000   0   0 
 26 308   0.489147      154.710      129.285     0.718260      112.978  66.28     0.692591        0.567     0.346749     6.386667     0.040000   0   0 
 27 308   0.480769      155.498      127.980     0.719816      115.324  67.66     0.691859        6.014     0.131793     6.426667     0.040000   1   0 
 28 308   0.753743      155.250      127.958     0.720075      115.324  67.66     0.691859        0.000     0.666667     7.026667     0.600000   0   0 
 29 308   0.345763      158.738      127.328     0.728162      118.725  69.65     0.694444        6.249     0.251660     7.120000     0.093333   0   0 
 30 308   0.714332      159.098      127.935     0.728543      118.725  69.65     0.694444        6.249     0.141736     7.306667     0.186667   1   0 
 31 308   0.206410      159.098      127.935     0.728896      118.918  69.77     0.695449        6.341     0.788864     7.360000     0.053333   0   0 
 32 308   0.480769      158.648      127.913     0.729120      121.031  71.01     0.692649        6.341     0.158255     7.466667     0.106667   1   0 
 33 308   0.741949      158.423      127.913     0.729873      121.031  71.01     0.692649        0.000     0.687351     8.106667     0.640000   0   0 
 34 308   0.731279      158.423      127.778     0.730055      121.031  71.01     0.692649        0.000     0.609924     8.760000     0.653333   0   0 
 35 308   0.711556      158.378      127.733     0.730695      121.031  71.01     0.692649        0.000     0.500000     9.293333     0.533333   0   0 
 36 308   0.681114      158.378      127.733     0.731093      121.031  71.01     0.692649        0.000     0.166667     9.866667     0.573333   0   0 
 37 308   0.646280      158.378      127.800     0.732244      121.031  71.01     0.692649        0.000     0.145982    10.493333     0.626667   0   0 
 38 308   0.644308      158.243      127.755     0.732103      121.031  71.01     0.692649        0.000     0.312649    10.880000     0.386667   0   0 
 39 308   0.281926      173.385      123.615     0.733154      131.543  77.17     0.695933        6.250     0.311524    11.080000     0.200000   0   0 
 40 308   0.743656      173.363      125.303     0.733259      131.543  77.17     0.695933        6.250     0.144857    11.466667     0.386667   1   0 
 41 308   0.341173      175.073      126.698     0.734554      132.018  77.45     0.697456        4.881     0.302571    11.546667     0.080000   0   0 
 42 308   0.608503      175.073      126.698     0.734690      132.018  77.45     0.697456        4.881     0.135904    11.600000     0.053333   1   0 
 43 308   0.752982      175.028      126.698     0.734746      132.018  77.45     0.697456        0.000     0.109925    12.293333     0.693333   0   0 
 44 308   0.246914      174.870      126.428     0.736853      132.441  77.70     0.699452        5.392     0.829242    12.466667     0.173333   0   0 
 45 308   0.480769      174.780      126.428     0.736994      132.441  77.70     0.699452        5.392     0.162576    12.493333     0.026667   1   0 
 46 308   0.246556      174.713      126.428     0.738584      132.711  77.86     0.700552        5.413     0.164591    12.560000     0.066667   0   0 
 47 308   0.480769      174.713      126.428     0.738630      132.711  77.86     0.700552        5.413     0.164591    12.680000     0.120000   1   0 
 48 308   0.381899      174.848      125.978     0.741414      133.712  78.45     0.701571        5.248     0.452646    12.840000     0.160000   0   0 
 49 308   0.587213      174.893      125.865     0.741844      134.634  78.99     0.701836        5.248     0.139997    12.880000     0.040000   1   0 
 50 308   0.752982      174.893      125.865     0.742880      134.634  78.99     0.701836        0.000     0.354018    13.426667     0.546667   0   0 
 51 308   0.743743      175.028      125.865     0.743058      134.634  78.99     0.701836        0.000     0.609924    14.080000     0.653333   0   0 
 52 308   0.312918      175.028      125.865     0.743233      134.668  79.01     0.702138        5.399     0.617921    14.173333     0.093333   0   0 
 53 308   0.673423      181.035      111.623     0.748877      139.907  82.08     0.701303        0.094     0.363234    14.293333     0.120000   0   0 
 54 308   0.603896      181.260      111.578     0.748942      139.907  82.08     0.701303        5.332     0.144762    14.346667     0.053333   1   0 
 55 308   0.218989      183.015      106.313     0.748967      143.133  83.97     0.698679        6.057     0.406449    14.506667     0.160000   0   0 
 56 308   0.480769      182.880      106.313     0.749017      143.299  84.07     0.698378        6.057     0.162356    14.693333     0.186667   1   0 
 57 308   0.758687      182.880      106.313     0.749367      143.299  84.07     0.698378        0.000     0.410760    15.200000     0.506667   0   0 
 58 308   0.351334      183.285      105.548     0.757313      144.558  84.81     0.705946        4.921     0.438400    15.306667     0.106667   0   0 
 59 308   0.623537      183.285      105.548     0.757410      144.558  84.81     0.705946        4.921     0.161809    15.386667     0.080000   1   0 
 60 308   0.446953      182.745      105.278     0.764668      145.000  85.07     0.713206        2.919     0.463332    15.413333     0.026667   0   0 
 61 308   0.602871      182.048      105.210     0.764938      145.000  85.07     0.713206        0.000     0.000000    15.493333     0.080000   0   1 
 62 308   0.141163      182.813      104.850     0.766399      145.419  85.32     0.714680        7.527     0.011125    15.546667     0.053333   1   1 
 63 308   0.566166      182.813      104.850     0.766513      145.442  85.33     0.714834        4.921     0.161809    15.693333     0.146667   1   1 
 64 308   0.296492      182.925      104.220     0.769785      145.502  85.36     0.716777        3.610     0.497772    15.773333     0.080000   0   1 
 65 308   0.435944      182.925      104.220     0.769812      145.502  85.36     0.716777        3.610     0.164439    15.880000     0.106667   1   1 
 66 308   0.136306      183.038      101.363     0.771155      146.180  85.76     0.719660        6.039     0.281009    16.080000     0.200000   0   1 
 67 308   0.294155      183.060      101.340     0.771253      146.180  85.76     0.719660        6.039     0.135027    16.240000     0.160000   1   1 
 68 308   0.015044      183.533      100.575     0.772572      147.490  86.53     0.721281        5.036     0.292196    16.293333     0.053333   0   1 
 69 308   0.001322      183.398      100.665     0.772733      147.490  86.53     0.721281        5.036     0.161587    16.346667     0.053333   1   1 
 70 308   0.057130      183.398      100.755     0.778323      147.586  86.59     0.727927        2.463     0.349027    16.480000     0.133333   0   1 
 71 308   0.072358      184.185       99.383     0.778828      149.079  87.46     0.726149        3.697     0.000680    16.533333     0.053333   1   1 
 72 308   0.533743      184.185       99.113     0.780422      149.937  87.97     0.725087        0.219     0.199401    16.680000     0.146667   0   1 
 73 308   0.543746      184.703      100.013     0.780502      149.937  87.97     0.725087        6.018     0.129622    16.840000     0.160000   1   1 
 74 308   0.207539      187.583      102.870     0.781927      149.961  87.98     0.726381        3.214     0.161792    16.973333     0.133333   0   1 
 75 308   0.292001      187.583      102.870     0.781953      149.961  87.98     0.726381        3.214     0.161792    17.093333     0.120000   1   1 
 76 308   0.038349      187.628      102.780     0.782075      150.100  88.06     0.727403        5.428     0.285864    17.186667     0.093333   0   1 
 77 308   0.079571      188.213      101.520     0.786231      150.774  88.46     0.730367        9.006     0.338169    17.253333     0.066667   0   1 
 78 308   0.400877      188.640       99.180     0.786376      151.025  88.60     0.731015        9.006     0.025520    17.333333     0.080000   1   1 
 79 308   0.597327      188.550       99.135     0.786392      151.025  88.60     0.731015        5.428     0.139882    17.453333     0.120000   1   1 
 80 308   0.599751      188.550       99.135     0.786434      151.025  88.60     0.731015        0.000     0.000000    18.066667     0.613333   0   1 
 81 308   0.048056      188.550       99.135     0.786532      151.044  88.62     0.731426        5.349     0.625837    18.160000     0.093333   0   1 
 82 308   0.209696      188.505       99.000     0.787295      151.402  88.83     0.731714        1.013     0.111831    18.493333     0.333333   0   1 
 83 308   0.230740      188.460       99.000     0.787438      151.402  88.83     0.731714        4.767     0.148428    18.586667     0.093333   1   1 
 84 308   0.599751      188.460       99.000     0.788495      151.402  88.83     0.731714        0.000     0.589240    19.186667     0.600000   0   1 
 85 308   0.596534      188.460       99.000     0.788820      151.402  88.83     0.731714        0.000     0.333333    19.813333     0.626667   0   1 
 86 308   0.284317      189.045       99.135     0.789860      151.409  88.83     0.732891        3.721     0.165273    19.933333     0.120000   0   1 
 87 308   0.423771      189.045       99.135     0.789869      151.409  88.83     0.732891        3.721     0.165273    19.973333     0.040000   1   1 
 88 308   0.596083      189.045       99.135     0.789927      151.409  88.83     0.732891        0.000     0.333333    20.613333     0.640000   0   1 
 89 308   0.593393      189.045       99.135     0.789933      151.409  88.83     0.732891        0.000     0.333333    21.160000     0.546667   0   1 
 90 308   0.029144      189.225       98.730     0.791936      152.244  89.32     0.734020        2.916     0.331679    21.173333     0.013333   0   1 
 91 308   0.007164      189.225       98.685     0.791922      152.297  89.35     0.733847        3.936     0.020249    21.213333     0.040000   1   1 
 92 308   0.032937      189.405       98.640     0.792041      152.671  89.57     0.733385        1.529     0.014147    21.293333     0.080000   0   1 
 93 308   0.145038      189.630       98.820     0.792262      152.815  89.65     0.733736        4.530     0.255272    21.400000     0.106667   0   1 
 94 308   0.244865      189.630       98.820     0.792267      152.831  89.66     0.733804        4.530     0.011179    21.573333     0.173333   1   1 
 95 308   0.100121      189.293       98.663     0.792227      153.837  90.25     0.731700        1.630     0.006107    21.626667     0.053333   0   1 
 96 308   0.117323      189.090       98.663     0.792187      153.837  90.25     0.731700        5.269     0.136722    21.800000     0.173333   1   1 
 97 308   0.596083      189.090       98.663     0.792370      153.837  90.25     0.731700        0.000     0.589240    22.426667     0.626667   0   1 
 98 308   0.066815      189.045       98.618     0.793487      154.672  90.74     0.736928        4.683     0.755741    22.533333     0.106667   0   1 
 99 308   0.266643      189.090       98.618     0.794183      154.719  90.77     0.738349        0.806     0.130549    22.906667     0.373333   0   1 
100 308   0.294607      189.158       98.528     0.794328      154.733  90.78     0.738916        0.280     0.017789    23.200000     0.293333   0   1 
