#scene........................: /home/eldamian/nbvEverardo/models/studying_room.wrl
#triangles....................: 107322
#Total triangles' area........: 170.448196 (m2)
#sensor aperture..............: 135.000000 x 70.000000 (deg)
#range image size.............: 350 x 80
#sensor blind distances.......: 0.500000 .. 30.000000 (m)
#sensor blind angle...........: 80.000000
#sensor Gaussian noise std dev: 0.012000 (m)
#views number.................: 100 
#optimization method..........: Simulated Annealing
#view iterations fitness vxl_occupied(m2) occplane(m2) vxl_quality tri_imaged(m2) tri_imaged(%) tri_quality travelled(m) energy total_time single_time backstep change
  0   0  -0.000000       16.628        4.838     0.635252       10.896   6.39     0.627871        0.000     0.000000     0.000000     0.000000   0   0 
  1 300   0.714747       26.033        5.220     0.621800       18.741  10.99     0.612062        0.000     0.077427     0.226667     0.226667   0   0 
  2 300   0.707993       71.325       43.335     0.631944       30.755  18.04     0.642072        0.000     0.166667     0.493333     0.266667   0   0 
  3 300   0.730074       86.603       63.293     0.631166       37.507  22.01     0.659690        0.000     0.077427     0.826667     0.333333   0   0 
  4 300   0.718731       97.763       69.593     0.644115       53.698  31.50     0.662976        0.000     0.109925     1.306667     0.480000   0   0 
  5 300   0.684325      128.903       76.163     0.640207       66.298  38.90     0.661178        0.000     0.109925     1.760000     0.453333   0   0 
  6 300   0.732013      130.388       91.215     0.642672       72.680  42.64     0.663373        0.000     0.077427     2.280000     0.520000   0   0 
  7 300   0.697845      129.870       94.635     0.654591       75.610  44.36     0.670892        0.000     0.109925     2.786667     0.506667   0   0 
  8 300   0.688747      129.488      100.193     0.656723       76.977  45.16     0.672632        0.000     0.166667     3.320000     0.533333   0   0 
  9 300   0.702034      139.703      109.238     0.663039       82.626  48.48     0.678860        0.000     0.166667     3.840000     0.520000   0   0 
 10 300   0.696469      140.760      116.888     0.666054       85.107  49.93     0.681498        0.000     0.166667     4.320000     0.480000   0   0 
 11 300   0.429680      146.453      127.148     0.675310       87.447  51.30     0.683649        4.536     0.666305     4.360000     0.040000   0   0 
 12 300   0.630419      146.318      126.900     0.676123       87.447  51.30     0.683649        4.536     0.166305     4.426667     0.066667   1   0 
 13 300   0.750020      145.170      128.588     0.677311       87.447  51.30     0.683649        0.000     0.109925     4.906667     0.480000   0   0 
 14 300   0.707884      145.170      128.543     0.678287       87.447  51.30     0.683649        0.000     0.109925     5.320000     0.413333   0   0 
 15 300   0.706552      145.080      128.903     0.679230       87.447  51.30     0.683649        0.000     0.166667     5.840000     0.520000   0   0 
 16 300   0.676705      145.508      135.878     0.679853       87.447  51.30     0.683649        0.000     0.333333     6.293333     0.453333   0   0 
 17 300   0.751282      145.373      137.318     0.682430       87.553  51.37     0.683746        0.000     0.145982     6.840000     0.546667   0   0 
 18 300   0.736447      145.598      137.250     0.682483       87.553  51.37     0.683746        0.000     0.145982     7.200000     0.360000   0   0 
 19 300   0.671553      147.510      140.445     0.678073       93.827  55.05     0.675372        0.000     0.187351     7.586667     0.386667   0   0 
 20 300   0.636202      149.288      140.445     0.681261       97.043  56.93     0.677002        0.000     0.166667     8.146667     0.560000   0   0 
 21 300   0.534312      153.383      141.548     0.691036      101.699  59.67     0.681429        5.014     0.307157     8.173333     0.026667   0   0 
 22 300   0.705914      159.548      127.688     0.701529      108.247  63.51     0.686657        0.409     0.188389     8.266667     0.093333   0   0 
 23 300   0.534703      160.380      128.318     0.701746      108.691  63.77     0.686322        5.325     0.162212     8.293333     0.026667   1   0 
 24 300   0.747219      160.335      128.453     0.704300      108.691  63.77     0.686322        0.000     0.187351     8.840000     0.546667   0   0 
 25 300   0.659708      160.335      128.678     0.705648      108.691  63.77     0.686322        0.000     0.333333     9.426667     0.586667   0   0 
 26 300   0.376745      160.065      128.723     0.706759      109.427  64.20     0.687995        5.311     0.340845     9.453333     0.026667   0   0 
 27 300   0.654967      160.335      126.608     0.708721      110.557  64.86     0.690437        0.784     0.190667     9.533333     0.080000   0   0 
 28 300   0.684079      159.885      126.608     0.708932      110.557  64.86     0.690437        4.951     0.129494     9.600000     0.066667   1   0 
 29 300   0.301868      161.078      124.718     0.710391      112.114  65.78     0.690302        5.183     0.679786     9.626667     0.026667   0   0 
 30 300   0.479133      160.898      124.808     0.709927      113.940  66.85     0.686378        5.183     0.159102     9.640000     0.013333   1   0 
 31 300   0.720613      160.718      124.920     0.710057      113.940  66.85     0.686378        0.000     0.297276    10.293333     0.653333   0   0 
 32 300   0.665679      160.605      124.898     0.711606      113.940  66.85     0.686378        0.000     0.333333    10.906667     0.613333   0   0 
 33 300   0.768440      160.673      124.875     0.711711      113.940  66.85     0.686378        0.000     0.166667    11.373333     0.466667   0   0 
 34 300   0.793324      160.223      124.853     0.712021      113.940  66.85     0.686378        0.000     0.109925    11.920000     0.546667   0   0 
 35 300   0.443447      169.560      141.818     0.712308      121.070  71.03     0.682511        6.201     0.584987    11.986667     0.066667   0   0 
 36 300   0.709834      172.508      136.688     0.716450      124.150  72.84     0.684966        0.774     0.317456    12.040000     0.053333   0   0 
 37 300   0.764075      173.160      134.010     0.716576      124.165  72.85     0.684991        6.612     0.146537    12.120000     0.080000   1   0 
 38 300   0.767252      173.003      133.988     0.717039      124.165  72.85     0.684991        0.000     0.255907    12.720000     0.600000   0   0 
 39 300   0.767768      172.958      133.988     0.717395      124.165  72.85     0.684991        0.000     0.109925    13.280000     0.560000   0   0 
 40 300   0.696091      172.958      133.988     0.717902      124.165  72.85     0.684991        0.000     0.166667    13.893333     0.613333   0   0 
 41 300   0.713209      173.138      133.988     0.718412      124.165  72.85     0.684991        0.000     0.333333    14.413333     0.520000   0   0 
 42 300   0.418267      173.408      134.213     0.719123      124.890  73.27     0.689132        6.008     0.129074    14.506667     0.093333   0   0 
 43 300   0.632236      179.168      122.805     0.723138      132.374  77.66     0.685181        0.015     0.478596    14.613333     0.106667   0   0 
 44 300   0.479088      179.280      122.738     0.723543      132.991  78.02     0.686370        6.020     0.143728    14.640000     0.026667   1   0 
 45 300   0.393546      179.573      122.220     0.728131      135.712  79.62     0.685870        6.211     0.149681    14.733333     0.093333   0   0 
 46 300   0.482864      179.663      121.995     0.729687      136.605  80.14     0.686716        0.793     0.168887    14.800000     0.066667   0   0 
 47 300   0.480567      179.820      121.973     0.729706      136.605  80.14     0.686716        5.929     0.147460    14.840000     0.040000   1   0 
 48 300   0.724512      180.000      121.928     0.729680      136.605  80.14     0.686716        0.000     0.297276    15.400000     0.560000   0   0 
 49 300   0.658895      180.000      121.928     0.729802      136.605  80.14     0.686716        0.000     0.333333    15.826667     0.426667   0   0 
 50 300   0.448826      184.613      116.730     0.750079      140.113  82.20     0.693038        6.394     0.440853    15.866667     0.040000   0   0 
 51 300   0.629449      184.995      115.245     0.753189      140.902  82.67     0.694802        0.367     0.190887    15.933333     0.066667   0   0 
 52 300   0.641112      186.390      116.730     0.753222      140.902  82.67     0.694802        6.450     0.160726    15.973333     0.040000   1   0 
 53 300   0.622723      189.540      113.175     0.754405      142.742  83.75     0.695397        4.739     0.309757    16.133333     0.160000   0   0 
 54 300   0.762573      189.765      113.265     0.754453      142.742  83.75     0.695397        4.739     0.163775    16.240000     0.106667   1   0 
 55 300   0.528609      189.945      111.668     0.756665      143.734  84.33     0.696235        6.014     0.485643    16.360000     0.120000   0   0 
 56 300   0.775922      190.148      111.465     0.756710      143.734  84.33     0.696235        6.014     0.152310    16.493333     0.133333   1   0 
 57 300   0.555968      190.958      111.128     0.757203      144.110  84.55     0.697201        5.471     0.464849    16.520000     0.026667   0   0 
 58 300   0.776321      190.958      111.128     0.757225      144.110  84.55     0.697201        5.471     0.131516    16.573333     0.053333   1   0 
 59 300   0.361152      190.890      111.128     0.760074      144.309  84.66     0.700924        5.741     0.385839    16.693333     0.120000   0   0 
 60 300   0.480769      190.890      111.128     0.760140      144.309  84.66     0.700924        5.741     0.129932    16.760000     0.066667   1   0 
 61 300   0.747428      190.800      111.128     0.760298      144.309  84.66     0.700924        0.000     0.276591    17.373333     0.613333   0   0 
 62 300   0.396795      192.083      109.215     0.763673      146.908  86.19     0.701306        5.099     0.262179    17.426667     0.053333   0   0 
 63 300   0.760729      192.060      108.698     0.765225      147.516  86.55     0.702661        0.442     0.134790    17.506667     0.080000   0   0 
 64 300   0.778713      192.690      108.383     0.765284      147.516  86.55     0.702661        4.899     0.135751    17.546667     0.040000   1   0 
 65 300   0.785524      192.600      108.248     0.765201      147.516  86.55     0.702661        0.000     0.000000    17.973333     0.426667   0   0 
 66 300   0.675994      192.600      108.248     0.765440      147.516  86.55     0.702661        0.000     0.145982    18.546667     0.573333   0   0 
 67 300   0.410381      192.510      108.248     0.767138      147.922  86.78     0.704866        3.555     0.282881    18.626667     0.080000   0   0 
 68 300   0.480769      192.555      108.248     0.767212      147.922  86.78     0.704866        3.555     0.136898    18.640000     0.013333   1   0 
 69 300   0.419628      192.060      108.248     0.770439      148.332  87.02     0.706891        3.223     0.252472    18.666667     0.026667   0   0 
 70 300   0.480769      191.970      108.203     0.770333      148.332  87.02     0.706891        3.223     0.142547    18.786667     0.120000   1   0 
 71 300   0.767532      192.015      108.203     0.770443      148.332  87.02     0.706891        0.000     0.187351    19.346667     0.560000   0   0 
 72 300   0.379396      191.430      108.203     0.775468      148.858  87.33     0.710813        2.835     0.461711    19.440000     0.093333   0   0 
 73 300   0.480769      191.430      108.203     0.775521      148.858  87.33     0.710813        0.000     0.000000    19.520000     0.080000   0   1 
 74 300   0.008002      191.385      108.113     0.776435      149.134  87.50     0.712266        0.766     0.479794    19.546667     0.026667   0   1 
 75 300   0.044963      191.160      107.865     0.779445      150.555  88.33     0.715572        3.232     0.115206    19.680000     0.133333   0   1 
 76 300   0.133429      191.160      107.775     0.779783      151.007  88.59     0.716807        1.289     0.607562    19.920000     0.240000   0   1 
 77 300   0.177419      190.013      107.753     0.782419      151.132  88.67     0.720398        3.116     0.017078    19.973333     0.053333   1   1 
 78 300   0.276710      191.115      109.575     0.784315      152.130  89.25     0.722975        4.033     0.329291    20.200000     0.226667   0   1 
 79 300   0.328782      190.418      109.553     0.786505      152.178  89.28     0.726120        4.033     0.016642    20.293333     0.093333   1   1 
 80 300   0.426844      190.328      109.508     0.788812      152.329  89.37     0.731252        0.939     0.180405    20.666667     0.373333   0   1 
 81 300   0.447314      191.003      110.138     0.788907      152.405  89.41     0.731532        7.453     0.014946    20.746667     0.080000   1   1 
 82 300   0.160559      191.003      110.093     0.788967      152.405  89.41     0.731532        4.899     0.135751    20.786667     0.040000   1   1 
 83 300   0.377786      193.523      107.190     0.789785      152.423  89.42     0.731607        6.320     0.285699    20.960000     0.173333   0   1 
 84 300   0.515444      193.523      107.100     0.789897      152.449  89.44     0.731822        1.235     0.026061    21.053333     0.093333   0   1 
 85 300   0.533455      193.568      107.145     0.789908      152.449  89.44     0.731822        5.086     0.165777    21.240000     0.186667   1   1 
 86 300   0.002763      193.815      106.943     0.791901      152.822  89.66     0.734101        5.213     0.393004    21.293333     0.053333   0   1 
 87 300   0.145755      194.310      106.808     0.791524      153.206  89.88     0.733660        0.305     0.337718    21.320000     0.026667   0   1 
 88 300   0.157780      194.310      106.808     0.791677      153.206  89.88     0.733660        5.506     0.132712    21.413333     0.093333   1   1 
 89 300   0.217730      194.243      106.740     0.792084      153.382  89.99     0.733558        4.979     0.396628    21.453333     0.040000   0   1 
 90 300   0.283037      194.243      106.740     0.792095      153.382  89.99     0.733558        4.979     0.140721    21.520000     0.066667   1   1 
 91 300   0.593880      194.243      106.740     0.792105      153.382  89.99     0.733558        0.000     0.000000    22.226667     0.706667   0   1 
 92 300   0.558411      194.243      106.740     0.792361      153.382  89.99     0.733558        0.000     0.333333    22.800000     0.573333   0   1 
 93 300   0.000000      194.243      106.740     0.793661      153.546  90.08     0.734866        5.088     0.738562    22.826667     0.026667   0   1 
 94 300   0.061950      194.468      106.650     0.796064      154.462  90.62     0.737797        1.004     0.282622    22.866667     0.040000   0   1 
 95 300   0.045772      194.468      106.650     0.796140      154.462  90.62     0.737797        5.431     0.134667    22.920000     0.053333   1   1 
 96 300   0.148515      194.625      106.313     0.795697      155.441  91.20     0.736424        4.293     0.575843    23.000000     0.080000   0   1 
 97 300   0.217404      194.625      106.313     0.795792      155.441  91.20     0.736424        4.293     0.165083    23.093333     0.093333   1   1 
 98 300   0.029929      194.648      106.380     0.795904      155.461  91.21     0.737581        5.647     0.774453    23.186667     0.093333   0   1 
 99 300   0.078739      194.648      106.380     0.795996      155.469  91.21     0.739019        1.321     0.026274    23.266667     0.080000   0   1 
100 300   0.081689      194.558      106.380     0.796069      155.469  91.21     0.739019        5.500     0.138254    23.360000     0.093333   1   1 
