#scene........................: /home/eldamian/nbvEverardo/models/laboratory.wrl
#triangles....................: 361767
#Total triangles' area........: 443.205414 (m2)
#sensor aperture..............: 135.000000 x 70.000000 (deg)
#range image size.............: 350 x 80
#sensor blind distances.......: 0.500000 .. 30.000000 (m)
#sensor blind angle...........: 80.000000
#sensor Gaussian noise std dev: 0.012000 (m)
#views number.................: 100 
#optimization method..........: Simulated Annealing
#view iterations fitness vxl_occupied(m2) occplane(m2) vxl_quality tri_imaged(m2) tri_imaged(%) tri_quality travelled(m) energy total_time single_time backstep change
  0   0  -0.000000       18.338        0.000     0.641809       15.030   3.39     0.643016        0.000     0.000000     0.000000     0.000000   0   0 
  1 300   0.917936       18.360        0.000     0.644962       15.030   3.39     0.643016        0.000     0.000000     0.293333     0.293333   0   0 
  2 300   0.801384       72.923       47.520     0.554533       25.615   5.78     0.627807        0.000     0.109925     0.600000     0.306667   0   0 
  3 300   0.943883       79.448       37.305     0.651650       44.093   9.95     0.690201        4.546     0.128901     0.733333     0.133333   0   0 
  4 300   0.952292       90.743       36.135     0.696353       57.234  12.91     0.712923        0.475     0.323103     0.920000     0.186667   0   0 
  5 300   0.996901       94.973       34.245     0.699080       62.858  14.18     0.705564        1.346     0.272072     1.213333     0.293333   0   0 
  6 300   0.926143       95.805       32.783     0.708713       66.614  15.03     0.706998        0.715     0.282291     1.573333     0.360000   0   0 
  7 300   0.968863      106.268       44.145     0.698250       75.844  17.11     0.702700        0.548     0.428337     1.920000     0.346667   0   0 
  8 300   0.919960      127.193       65.565     0.667568       85.185  19.22     0.684044        5.408     0.134899     2.133333     0.213333   1   0 
  9 300   0.939852      167.850      117.518     0.637703       93.717  21.15     0.685729        6.962     0.498374     2.320000     0.186667   0   0 
 10 300   0.944483      171.495      117.225     0.640554       98.917  22.32     0.679568        3.159     0.535260     2.693333     0.373333   0   0 
 11 300   0.933258      179.258      117.968     0.639274      104.183  23.51     0.675087        0.496     0.165253     3.026667     0.333333   0   0 
 12 300   0.925926      179.078      117.968     0.644130      104.744  23.63     0.679172        2.174     0.163418     3.560000     0.533333   0   0 
 13 300   0.925926      185.198      117.968     0.656709      112.043  25.28     0.685785        5.350     0.166487     4.146667     0.586667   1   0 
 14 300   0.922574      190.620      105.008     0.665420      116.548  26.30     0.687728        1.161     0.307881     4.320000     0.173333   0   0 
 15 300   0.925926      190.620      105.008     0.670639      117.639  26.54     0.690834        2.479     0.518290     4.826667     0.506667   0   0 
 16 300   0.925926      194.940      105.188     0.674194      123.040  27.76     0.690677        3.605     0.159505     5.120000     0.293333   1   0 
 17 300   0.926080      217.215      110.160     0.670273      129.931  29.32     0.691725        5.345     0.434069     5.333333     0.213333   0   0 
 18 300   0.925926      217.035      110.160     0.672715      130.893  29.53     0.692489        0.899     0.472059     5.746667     0.413333   0   0 
 19 300   0.979520      225.945      105.008     0.674643      136.983  30.91     0.690064        3.815     0.029742     6.173333     0.426667   0   0 
 20 300   0.939762      228.240      257.580     0.682459      142.165  32.08     0.693009        0.165     0.355194     6.333333     0.160000   0   0 
 21 300   0.938060      231.413      308.993     0.690137      145.730  32.88     0.695065        3.137     0.193702     6.733333     0.400000   0   0 
 22 300   0.925926      231.413      308.993     0.692865      146.240  33.00     0.697092        0.863     0.168935     7.146667     0.413333   0   0 
 23 300   0.975480      232.448      307.508     0.696324      147.860  33.36     0.698270        1.995     0.315998     7.613333     0.466667   0   0 
 24 300   0.990290      233.348      306.630     0.698196      149.987  33.84     0.697711        0.557     0.166525     7.946667     0.333333   0   0 
 25 300   0.925926      233.370      306.630     0.698988      150.317  33.92     0.698819        3.738     0.005412     8.413333     0.466667   1   0 
 26 300   0.925926      233.370      306.630     0.699700      150.603  33.98     0.699048        3.830     0.030918     8.640000     0.226667   1   0 
 27 300   0.925926      233.460      306.630     0.699810      150.603  33.98     0.699048        5.708     0.165594     9.040000     0.400000   1   0 
 28 300   0.925926      233.753      305.370     0.701299      151.827  34.26     0.697659        1.633     0.323897     9.533333     0.493333   0   0 
 29 300   0.925926      233.753      305.370     0.701472      151.827  34.26     0.697659        0.000     0.000000     9.706667     0.173333   0   0 
 30 300   0.925926      233.573      305.370     0.701514      151.827  34.26     0.697659        0.000     0.000000     9.920000     0.213333   0   0 
 31 300   0.925926      233.573      305.370     0.701616      151.827  34.26     0.697659        0.000     0.000000    10.013333     0.093333   0   0 
 32 300   0.925926      233.573      305.370     0.701678      151.827  34.26     0.697659        0.000     0.000000    10.400000     0.386667   0   0 
 33 300   0.925926      233.573      305.370     0.701802      151.827  34.26     0.697659        0.000     0.000000    10.826667     0.426667   0   0 
 34 300   0.925926      233.573      305.370     0.701823      151.827  34.26     0.697659        0.000     0.000000    11.066667     0.240000   0   0 
 35 300   0.925926      233.483      305.370     0.701885      151.827  34.26     0.697659        0.000     0.000000    11.173333     0.106667   0   0 
 36 300   0.925926      233.483      305.370     0.701901      151.827  34.26     0.697659        0.000     0.000000    11.386667     0.213333   0   0 
 37 300   0.925926      233.483      305.370     0.701898      151.827  34.26     0.697659        0.000     0.000000    11.773333     0.386667   0   0 
 38 300   0.925926      233.483      305.370     0.701907      151.827  34.26     0.697659        0.000     0.000000    11.880000     0.106667   0   0 
 39 300   0.925926      233.483      305.370     0.701917      151.827  34.26     0.697659        0.000     0.000000    12.173333     0.293333   0   0 
 40 300   0.925926      233.483      305.370     0.701941      151.827  34.26     0.697659        0.000     0.000000    12.760000     0.586667   0   0 
 41 300   0.925926      233.483      305.370     0.701977      151.827  34.26     0.697659        0.000     0.000000    12.906667     0.146667   0   0 
 42 300   0.925926      233.483      305.370     0.702052      151.827  34.26     0.697659        0.000     0.000000    13.200000     0.293333   0   0 
 43 300   0.928220      233.753      305.505     0.702205      152.321  34.37     0.697725        0.425     0.008753    13.506667     0.306667   0   0 
 44 300   0.925747      233.820      305.348     0.704308      152.847  34.49     0.700058        9.218     0.085419    14.013333     0.506667   0   0 
 45 300   0.925481      233.820      305.348     0.705912      152.974  34.52     0.702931        9.218     0.007993    14.200000     0.186667   1   0 
 46 300   0.925926      233.820      305.348     0.705879      152.974  34.52     0.702931        0.000     0.000000    14.453333     0.253333   0   0 
 47 300   0.925926      233.820      305.348     0.705894      152.974  34.52     0.702931        0.000     0.000000    14.720000     0.266667   0   0 
 48 300   0.925926      233.820      305.348     0.705839      152.974  34.52     0.702931        0.000     0.000000    14.893333     0.173333   0   0 
 49 300   0.925926      233.820      305.348     0.705901      152.974  34.52     0.702931        0.000     0.000000    15.026667     0.133333   0   0 
 50 300   0.925926      233.820      305.348     0.705932      152.974  34.52     0.702931        0.000     0.000000    15.320000     0.293333   0   0 
 51 300   0.925926      233.820      305.348     0.705971      152.974  34.52     0.702931        0.000     0.000000    15.600000     0.280000   0   0 
 52 300   0.925926      233.820      305.348     0.705993      152.974  34.52     0.702931        0.000     0.000000    15.813333     0.213333   0   0 
 53 300   0.925926      233.820      305.348     0.706006      152.974  34.52     0.702931        0.000     0.000000    16.040000     0.226667   0   0 
 54 300   0.925926      233.820      305.348     0.706009      152.974  34.52     0.702931        0.000     0.000000    16.320000     0.280000   0   0 
 55 300   0.925926      233.820      305.348     0.706033      152.974  34.52     0.702931        0.000     0.000000    16.533333     0.213333   0   0 
 56 300   0.925926      233.775      305.348     0.706016      152.974  34.52     0.702931        0.000     0.000000    16.853333     0.320000   0   0 
 57 300   0.925926      233.775      305.348     0.706023      152.974  34.52     0.702931        0.000     0.000000    17.253333     0.400000   0   0 
 58 300   0.925926      233.730      305.348     0.705980      152.974  34.52     0.702931        0.000     0.000000    17.946667     0.693333   0   0 
 59 300   0.925926      233.730      305.348     0.705982      152.974  34.52     0.702931        0.000     0.000000    18.386667     0.440000   0   0 
 60 300   0.925926      233.730      305.348     0.705984      152.974  34.52     0.702931        0.000     0.000000    18.880000     0.493333   0   0 
 61 300   0.925926      233.730      305.348     0.705987      152.974  34.52     0.702931        0.000     0.000000    19.040000     0.160000   0   0 
 62 300   0.925926      233.730      305.348     0.705990      152.974  34.52     0.702931        0.000     0.000000    19.280000     0.240000   0   0 
 63 300   0.925926      233.730      305.348     0.705920      152.974  34.52     0.702931        0.000     0.000000    19.533333     0.253333   0   0 
 64 300   0.925926      233.730      305.348     0.705922      152.974  34.52     0.702931        0.000     0.000000    19.746667     0.213333   0   0 
 65 300   0.925926      233.730      305.348     0.705948      152.974  34.52     0.702931        0.000     0.000000    19.933333     0.186667   0   0 
 66 300   0.925926      233.730      305.348     0.705950      152.974  34.52     0.702931        0.000     0.000000    20.253333     0.320000   0   0 
 67 300   0.925926      233.730      305.348     0.705952      152.974  34.52     0.702931        0.000     0.000000    20.786667     0.533333   0   0 
 68 300   0.925926      233.730      305.348     0.705953      152.974  34.52     0.702931        0.000     0.000000    20.933333     0.146667   0   0 
 69 300   0.925926      233.730      305.348     0.705954      152.974  34.52     0.702931        0.000     0.000000    20.986667     0.053333   0   0 
 70 300   0.925926      233.730      305.348     0.705955      152.974  34.52     0.702931        0.000     0.000000    21.440000     0.453333   0   0 
 71 300   0.925926      233.730      305.348     0.705957      152.974  34.52     0.702931        0.000     0.000000    21.720000     0.280000   0   0 
 72 300   0.925926      233.730      305.348     0.705980      152.974  34.52     0.702931        0.000     0.000000    21.920000     0.200000   0   0 
 73 300   0.925926      233.730      305.348     0.705981      152.974  34.52     0.702931        0.000     0.000000    22.133333     0.213333   0   0 
 74 300   0.925926      233.730      305.348     0.705982      152.974  34.52     0.702931        0.000     0.000000    22.600000     0.466667   0   0 
 75 300   0.925926      233.730      305.348     0.705983      152.974  34.52     0.702931        0.000     0.000000    22.920000     0.320000   0   0 
 76 300   0.925926      233.730      305.348     0.705984      152.974  34.52     0.702931        0.000     0.000000    23.013333     0.093333   0   0 
 77 300   0.925926      233.730      305.348     0.705985      152.974  34.52     0.702931        0.000     0.000000    23.200000     0.186667   0   0 
 78 300   0.925926      233.730      305.348     0.705987      152.974  34.52     0.702931        0.000     0.000000    23.706667     0.506667   0   0 
 79 300   0.928602      235.710      305.078     0.706437      156.052  35.21     0.700475        1.497     0.173722    23.786667     0.080000   0   0 
 80 300   0.926194      236.790      306.788     0.723282      163.297  36.84     0.709445        2.181     0.269557    24.186667     0.400000   0   0 
 81 300   0.925926      237.465      306.788     0.731013      163.471  36.88     0.720827        2.815     0.003984    24.720000     0.533333   0   0 
 82 300   0.925926      248.513      330.728     0.732880      173.673  39.19     0.724926        4.980     0.017634    25.066667     0.346667   1   0 
 83 300   0.925926      248.648      330.728     0.735242      173.907  39.24     0.728958        3.081     0.008318    25.506667     0.440000   0   0 
 84 300   0.925926      249.345      330.345     0.735005      173.907  39.24     0.728958        3.081     0.008318    25.920000     0.413333   1   0 
 85 300   0.925926      249.345      330.345     0.735174      173.913  39.24     0.729253        1.958     0.594317    26.226667     0.306667   0   0 
 86 300   0.925926      249.345      330.345     0.735184      173.913  39.24     0.729253        0.000     0.000000    26.480000     0.253333   0   1 
 87 300   0.055794      259.380      254.678     0.735637      178.815  40.35     0.732030        5.884     0.631580    26.880000     0.400000   0   1 
 88 300   0.263149      260.550      254.228     0.738018      180.167  40.65     0.734337        1.600     0.483585    27.173333     0.293333   0   1 
 89 300   0.095820      266.513      244.305     0.746754      189.620  42.78     0.737290        4.974     0.149828    27.693333     0.520000   0   1 
 90 300   0.126616      267.413      243.900     0.750546      192.381  43.41     0.738405        3.628     0.363171    28.186667     0.493333   0   1 
 91 300   0.059116      270.068      236.993     0.757290      200.063  45.14     0.740203        2.212     0.208908    28.693333     0.506667   0   1 
 92 300   0.013764      273.510      194.400     0.759814      202.043  45.59     0.742464        4.338     0.481986    29.133333     0.440000   0   1 
 93 300   0.023701      273.510      194.400     0.760463      202.117  45.60     0.743003        5.676     0.349637    29.720000     0.586667   0   1 
 94 300   0.023701      273.488      194.220     0.761605      203.213  45.85     0.743785        5.676     0.016303    30.146667     0.426667   1   1 
 95 300   0.509686      296.258      220.028     0.747871      211.960  47.82     0.740529        6.776     0.120248    30.546667     0.400000   0   1 
 96 300   0.177860      307.643      207.338     0.738386      217.875  49.16     0.737175        1.109     0.460090    30.893333     0.346667   0   1 
 97 300   0.473368      343.530      158.828     0.732026      236.051  53.26     0.731238        2.973     0.190003    31.293333     0.400000   0   1 
 98 300   0.522849      392.153      140.063     0.735598      254.623  57.45     0.731520        2.512     0.358447    32.200000     0.906667   0   1 
 99 300   0.466370      413.888      106.785     0.743986      273.032  61.60     0.732419        2.067     0.373812    34.266667     2.066667   0   1 
100 300   0.473070      425.003       97.853     0.746222      282.282  63.69     0.731307        1.742     0.439406    37.040000     2.773333   0   1 
