#scene........................: /home/eldamian/nbvEverardo/models/laboratory.wrl
#triangles....................: 361767
#Total triangles' area........: 443.205414 (m2)
#sensor aperture..............: 135.000000 x 70.000000 (deg)
#range image size.............: 350 x 80
#sensor blind distances.......: 0.500000 .. 30.000000 (m)
#sensor blind angle...........: 80.000000
#sensor Gaussian noise std dev: 0.012000 (m)
#views number.................: 100 
#optimization method..........: Simulated Annealing
#view iterations fitness vxl_occupied(m2) occplane(m2) vxl_quality tri_imaged(m2) tri_imaged(%) tri_quality travelled(m) energy total_time single_time backstep change
  0   0  -0.000000       18.338        0.000     0.641809       15.030   3.39     0.643016        0.000     0.000000     0.000000     0.000000   0   0 
  1 300   0.985394       18.360        0.000     0.644962       15.030   3.39     0.643016        0.000     0.000000     0.280000     0.280000   0   0 
  2 300   0.779379       72.923       47.520     0.554533       25.615   5.78     0.627807        0.000     0.109925     0.573333     0.293333   0   0 
  3 300   0.894929       79.448       37.305     0.651650       44.093   9.95     0.690201        4.546     0.128901     0.720000     0.146667   0   0 
  4 300   0.992176       79.290       37.035     0.651559       44.093   9.95     0.690201        4.546     0.128901     0.826667     0.106667   1   0 
  5 300   0.991704       79.200       36.968     0.651298       44.093   9.95     0.690201        0.000     0.000000     1.080000     0.253333   0   0 
  6 300   0.896878      137.520       78.233     0.616402       61.835  13.95     0.684711        5.976     0.468827     1.186667     0.106667   0   0 
  7 300   0.969686      187.200      148.455     0.609730       76.471  17.25     0.681647        5.976     0.135493     1.453333     0.266667   1   0 
  8 300   0.990165      198.068      140.378     0.627066       85.243  19.23     0.695058        5.117     0.490415     1.760000     0.306667   0   0 
  9 300   0.995575      213.480      151.155     0.630324       91.116  20.56     0.699169        2.153     0.172017     2.120000     0.360000   0   0 
 10 300   0.994170      213.930      150.795     0.631192       91.116  20.56     0.699169        0.000     0.000000     2.426667     0.306667   0   0 
 11 300   0.993788      213.953      150.570     0.631746       91.116  20.56     0.699169        0.000     0.000000     2.840000     0.413333   0   0 
 12 300   0.993858      213.885      150.548     0.632148       91.116  20.56     0.699169        0.000     0.000000     3.160000     0.320000   0   0 
 13 300   0.993858      213.885      150.548     0.632559       91.116  20.56     0.699169        0.000     0.000000     3.360000     0.200000   0   0 
 14 300   0.993858      213.998      150.345     0.632719       91.116  20.56     0.699169        0.000     0.000000     3.720000     0.360000   0   0 
 15 300   0.997860      220.208      158.198     0.631214       96.897  21.86     0.694224        2.791     0.336198     4.213333     0.493333   0   0 
 16 300   0.987576      219.623      158.175     0.631892       96.897  21.86     0.694224        0.000     0.000000     4.373333     0.160000   0   0 
 17 300   0.987610      219.420      157.973     0.632239       96.897  21.86     0.694224        0.000     0.000000     4.693333     0.320000   0   0 
 18 300   0.994318      219.825      157.973     0.647187       99.226  22.39     0.717797        2.929     0.171981     5.053333     0.360000   0   0 
 19 300   0.994318      220.095      157.973     0.647685       99.226  22.39     0.717797        0.000     0.000000     5.466667     0.413333   0   0 
 20 300   0.994318      220.050      157.973     0.647907       99.226  22.39     0.717797        0.000     0.000000     5.906667     0.440000   0   0 
 21 300   0.994318      220.095      157.973     0.648069       99.226  22.39     0.717797        0.000     0.000000     6.426667     0.520000   0   0 
 22 300   0.994318      220.140      157.973     0.648233       99.226  22.39     0.717797        0.000     0.000000     6.986667     0.560000   0   0 
 23 300   0.994318      220.140      157.973     0.648313       99.226  22.39     0.717797        0.000     0.000000     7.266667     0.280000   0   0 
 24 300   0.994318      220.185      157.973     0.648398       99.226  22.39     0.717797        0.000     0.000000     7.693333     0.426667   0   0 
 25 300   0.994318      220.230      157.973     0.648459       99.226  22.39     0.717797        0.000     0.000000     8.026667     0.333333   0   0 
 26 300   0.994318      220.275      157.973     0.648500       99.226  22.39     0.717797        0.000     0.000000     8.306667     0.280000   0   0 
 27 300   0.994318      220.365      157.973     0.648528       99.226  22.39     0.717797        0.000     0.000000     8.693333     0.386667   0   0 
 28 300   0.994318      220.275      157.973     0.648580       99.226  22.39     0.717797        0.000     0.000000     9.080000     0.386667   0   0 
 29 300   0.994318      220.185      157.973     0.648640       99.226  22.39     0.717797        0.000     0.000000     9.480000     0.400000   0   0 
 30 300   0.994318      220.185      157.973     0.648690       99.226  22.39     0.717797        0.000     0.000000    10.093333     0.613333   0   0 
 31 300   0.994318      220.275      157.973     0.648737       99.226  22.39     0.717797        0.000     0.000000    10.360000     0.266667   0   0 
 32 300   0.994318      220.365      157.973     0.648766       99.226  22.39     0.717797        0.000     0.000000    10.640000     0.280000   0   0 
 33 300   0.994318      220.230      157.973     0.648829       99.226  22.39     0.717797        0.000     0.000000    10.840000     0.200000   0   0 
 34 300   0.994820      228.038      166.658     0.659281      104.923  23.67     0.726394        3.915     0.480433    11.040000     0.200000   0   0 
 35 300   0.987377      229.455      160.448     0.658822      108.527  24.49     0.726043        3.915     0.001117    11.573333     0.533333   1   0 
 36 300   0.994141      229.613      160.200     0.659107      108.527  24.49     0.726043        0.000     0.000000    11.840000     0.266667   0   0 
 37 300   0.994141      229.568      160.155     0.659449      108.527  24.49     0.726043        0.000     0.000000    12.160000     0.320000   0   0 
 38 300   0.994318      229.635      160.133     0.661999      110.189  24.86     0.728190        1.934     0.494576    12.533333     0.373333   0   0 
 39 300   0.994318      229.568      160.110     0.662102      110.189  24.86     0.728190        0.000     0.000000    12.973333     0.440000   0   0 
 40 300   0.994318      229.568      160.110     0.662154      110.189  24.86     0.728190        0.000     0.000000    13.173333     0.200000   0   0 
 41 300   0.994318      229.613      160.110     0.662225      110.189  24.86     0.728190        0.000     0.000000    13.440000     0.266667   0   0 
 42 300   0.994318      229.793      160.110     0.662257      110.189  24.86     0.728190        0.000     0.000000    13.813333     0.373333   0   0 
 43 300   0.994355      232.380      162.135     0.663635      112.200  25.32     0.732926        1.874     0.157623    14.346667     0.533333   0   0 
 44 300   0.990082      232.988      162.135     0.664960      114.093  25.74     0.734618        2.419     0.172093    14.733333     0.386667   0   0 
 45 300   0.992767      232.763      162.113     0.665129      114.093  25.74     0.734618        0.000     0.000000    15.106667     0.373333   0   0 
 46 300   0.992767      232.763      162.113     0.665193      114.093  25.74     0.734618        0.000     0.000000    15.733333     0.626667   0   0 
 47 300   0.992767      232.605      162.113     0.665309      114.093  25.74     0.734618        0.000     0.000000    16.653333     0.920000   0   0 
 48 300   0.992767      232.403      162.113     0.665395      114.093  25.74     0.734618        0.000     0.000000    16.906667     0.253333   0   0 
 49 300   0.994017      232.740      161.370     0.666231      115.222  26.00     0.734903        1.892     0.327693    17.306667     0.400000   0   0 
 50 300   0.994914      238.343      157.635     0.665446      121.126  27.33     0.729912        1.504     0.444402    17.853333     0.546667   0   0 
 51 300   0.993089      238.815      157.073     0.668687      122.736  27.69     0.734334        2.270     0.136339    18.333333     0.480000   0   0 
 52 300   0.994318      238.815      157.073     0.670081      122.782  27.70     0.736176        3.736     0.112219    18.626667     0.293333   0   0 
 53 300   0.994318      245.318      153.270     0.661269      128.724  29.04     0.724997        3.736     0.002294    19.013333     0.386667   1   0 
 54 300   0.994318      245.453      153.270     0.663495      128.966  29.10     0.730065        3.408     0.171516    19.520000     0.506667   0   0 
 55 300   0.994318      247.118      150.300     0.667556      131.152  29.59     0.734095        3.408     0.004849    19.880000     0.360000   1   0 
 56 300   0.994498      255.330      139.793     0.671836      137.563  31.04     0.733564        2.797     0.333619    20.360000     0.480000   0   0 
 57 300   0.994318      255.375      139.793     0.673782      137.620  31.05     0.737032        2.825     0.681907    20.826667     0.466667   0   0 
 58 300   0.994318      255.465      139.748     0.676237      138.228  31.19     0.740479        3.002     0.010888    21.120000     0.293333   1   0 
 59 300   0.994318      255.465      139.433     0.677720      138.752  31.31     0.741930        3.505     0.320790    21.746667     0.626667   0   0 
 60 300   0.994318      255.600      139.433     0.680665      139.279  31.43     0.746744        3.505     0.008141    22.120000     0.373333   1   0 
 61 300   0.994300      255.600      139.433     0.681238      139.609  31.50     0.747628        3.769     0.011456    22.586667     0.466667   0   0 
 62 300   0.994318      255.600      139.433     0.681508      139.623  31.50     0.748138        1.130     0.163589    23.000000     0.413333   0   0 
 63 300   0.994318      255.600      139.388     0.682851      140.676  31.74     0.749526        3.638     0.029063    23.720000     0.720000   1   0 
 64 300   0.994318      255.375      139.388     0.683128      140.676  31.74     0.749526        0.000     0.000000    23.906667     0.186667   0   0 
 65 300   0.994318      255.285      139.388     0.683287      140.676  31.74     0.749526        0.000     0.000000    24.480000     0.573333   0   0 
 66 300   0.994318      255.150      139.388     0.683412      140.676  31.74     0.749526        0.000     0.000000    24.960000     0.480000   0   0 
 67 300   0.994318      255.060      139.388     0.683524      140.676  31.74     0.749526        0.000     0.000000    25.560000     0.600000   0   0 
 68 300   0.994318      254.925      139.388     0.683639      140.676  31.74     0.749526        0.000     0.000000    26.040000     0.480000   0   0 
 69 300   0.994318      254.970      139.343     0.683630      140.676  31.74     0.749526        0.000     0.000000    26.440000     0.400000   0   0 
 70 300   0.994318      254.925      139.343     0.683665      140.676  31.74     0.749526        0.000     0.000000    27.333333     0.893333   0   0 
 71 300   0.994318      254.700      139.343     0.683752      140.676  31.74     0.749526        0.000     0.000000    27.773333     0.440000   0   0 
 72 300   0.994372      255.083      140.828     0.683426      142.102  32.06     0.747177        1.215     0.188999    28.160000     0.386667   0   0 
 73 300   0.994318      255.263      140.963     0.683504      142.312  32.11     0.746799        1.234     0.431470    29.013333     0.853333   0   0 
 74 300   0.994318      255.218      140.963     0.683549      142.312  32.11     0.746799        0.000     0.000000    29.373333     0.360000   0   0 
 75 300   0.994755      259.718      136.980     0.683867      147.076  33.18     0.742106        0.959     0.616666    29.826667     0.453333   0   0 
 76 300   0.990953      259.763      136.688     0.683854      147.486  33.28     0.741541        1.132     0.196955    30.173333     0.346667   0   0 
 77 300   0.992423      259.808      136.823     0.685143      148.429  33.49     0.740803        1.838     0.007683    30.626667     0.453333   0   0 
 78 300   0.994318      259.808      136.823     0.685213      148.443  33.49     0.740949        1.145     0.445401    31.120000     0.493333   0   0 
 79 300   0.994318      259.763      136.823     0.685249      148.443  33.49     0.740949        0.000     0.000000    31.600000     0.480000   0   0 
 80 300   0.994318      259.853      136.823     0.685276      148.443  33.49     0.740949        0.000     0.000000    31.906667     0.306667   0   0 
 81 300   0.994402      259.695      136.710     0.686274      148.609  33.53     0.741704        4.866     0.346217    32.440000     0.533333   0   0 
 82 300   0.992543      260.303      135.405     0.688279      150.060  33.86     0.742407        1.995     0.303780    32.706667     0.266667   0   0 
 83 300   0.994318      260.303      135.405     0.688488      150.270  33.91     0.742337        1.741     0.631095    33.066667     0.360000   0   0 
 84 300   0.994318      260.955      134.798     0.690092      150.975  34.06     0.744816        3.687     0.027675    33.360000     0.293333   1   0 
 85 300   0.994087      260.865      134.663     0.690773      151.864  34.26     0.744866        2.368     0.029176    33.546667     0.186667   0   0 
 86 300   0.994158      260.933      134.550     0.690854      151.864  34.26     0.744866        0.000     0.000000    33.840000     0.293333   0   0 
 87 300   0.994318      261.450      134.348     0.691571      151.993  34.29     0.746016        2.441     0.443985    34.413333     0.573333   0   0 
 88 300   0.994318      261.473      134.325     0.691638      151.993  34.29     0.746016        0.000     0.000000    34.946667     0.533333   0   0 
 89 300   0.994318      261.383      134.280     0.691768      151.993  34.29     0.746016        0.000     0.000000    35.266667     0.320000   0   0 
 90 300   0.994318      261.360      134.213     0.691733      151.993  34.29     0.746016        0.000     0.000000    35.573333     0.306667   0   0 
 91 300   0.994318      261.360      134.213     0.691837      151.993  34.29     0.746016        0.000     0.000000    35.933333     0.360000   0   0 
 92 300   0.994318      261.360      134.213     0.691892      151.993  34.29     0.746016        0.000     0.000000    36.413333     0.480000   0   0 
 93 300   0.994318      261.360      134.213     0.691992      151.993  34.29     0.746016        0.000     0.000000    37.080000     0.666667   0   0 
 94 300   0.994318      261.360      134.213     0.692052      151.993  34.29     0.746016        0.000     0.000000    37.560000     0.480000   0   0 
 95 300   0.994318      261.360      134.213     0.692067      151.993  34.29     0.746016        0.000     0.000000    37.840000     0.280000   0   0 
 96 300   0.994318      261.360      134.213     0.692110      151.993  34.29     0.746016        0.000     0.000000    38.613333     0.773333   0   0 
 97 300   0.994318      261.360      134.213     0.692150      151.993  34.29     0.746016        0.000     0.000000    38.960000     0.346667   0   0 
 98 300   0.995577      263.498      132.885     0.693180      154.203  34.79     0.744457        0.297     0.170646    39.466667     0.506667   0   0 
 99 300   0.994318      263.408      132.885     0.696961      155.229  35.02     0.746824        3.047     0.019706    39.653333     0.186667   0   0 
100 300   0.994318      263.520      132.863     0.696948      155.229  35.02     0.746824        3.047     0.019706    40.240000     0.586667   1   0 
