#scene........................: /home/eldamian/nbvEverardo/models/laboratory.wrl
#triangles....................: 361767
#Total triangles' area........: 443.205414 (m2)
#sensor aperture..............: 135.000000 x 70.000000 (deg)
#range image size.............: 350 x 80
#sensor blind distances.......: 0.500000 .. 30.000000 (m)
#sensor blind angle...........: 80.000000
#sensor Gaussian noise std dev: 0.012000 (m)
#views number.................: 100 
#optimization method..........: Evolution Strategy
#view iterations fitness vxl_occupied(m2) occplane(m2) vxl_quality tri_imaged(m2) tri_imaged(%) tri_quality travelled(m) energy total_time single_time backstep change
  0   0  -0.000000       18.338        0.000     0.641809       15.030   3.39     0.643016        0.000     0.000000     0.000000     0.000000   0   0 
  1 308   0.917936       18.360        0.000     0.644962       15.030   3.39     0.643016        0.000     0.000000     0.186667     0.186667   0   0 
  2 308   0.801384       72.923       47.520     0.554533       25.615   5.78     0.627807        0.000     0.109925     0.493333     0.306667   0   0 
  3 308   0.809712      130.590      102.915     0.544004       35.023   7.90     0.625341        0.000     0.166667     0.853333     0.360000   0   0 
  4 308   0.894944      165.938      137.385     0.550671       50.295  11.35     0.625540        6.360     0.661061     1.013333     0.160000   0   0 
  5 308   0.989715      194.940      128.453     0.562061       60.831  13.73     0.621853        3.154     0.094664     1.293333     0.280000   0   0 
  6 308   0.951828      203.085      110.925     0.586221       77.420  17.47     0.642763        2.389     0.001527     1.626667     0.333333   0   0 
  7 308   0.925448      203.175      110.835     0.587127       78.562  17.73     0.641518        2.029     0.021504     2.120000     0.493333   0   0 
  8 308   0.987583      203.850      109.868     0.596670       81.841  18.47     0.642095        1.338     0.333693     2.413333     0.293333   0   0 
  9 308   0.940201      219.713      193.208     0.621184       91.469  20.64     0.652427        1.810     0.429929     2.893333     0.480000   0   0 
 10 308   0.993912      233.910      185.400     0.622622      103.482  23.35     0.650575        3.837     0.173086     3.720000     0.826667   0   0 
 11 308   0.978808      240.210      178.268     0.625554      109.960  24.81     0.651157        2.963     0.128244     4.333333     0.613333   0   0 
 12 308   0.961553      260.820      174.713     0.610252      119.589  26.98     0.642786        4.299     0.281840     5.026667     0.693333   0   0 
 13 308   0.927138      262.103      173.520     0.615950      123.103  27.78     0.643003        2.562     0.189184     5.493333     0.466667   0   0 
 14 308   0.925926      262.148      172.935     0.616734      123.724  27.92     0.642692        5.890     0.027766     5.760000     0.266667   1   0 
 15 308   0.926171      263.745      184.275     0.625187      126.607  28.57     0.650600        2.509     0.164780     6.093333     0.333333   0   0 
 16 308   0.925400      265.793      169.853     0.627046      130.727  29.50     0.646265        5.047     0.000478     6.373333     0.280000   1   0 
 17 308   0.932732      265.500      165.668     0.641212      142.414  32.13     0.659780        0.681     0.308874     7.253333     0.880000   0   0 
 18 308   0.927108      265.793      165.015     0.644316      145.292  32.78     0.661435        4.033     0.370072     7.680000     0.426667   0   0 
 19 308   0.926087      266.333      163.485     0.647804      149.862  33.81     0.663893        5.751     0.181238     8.400000     0.720000   0   0 
 20 308   0.925876      266.873      162.675     0.661655      156.046  35.21     0.674040        0.428     0.111597     9.133333     0.733333   0   0 
 21 308   0.925926      266.873      162.675     0.664023      156.306  35.27     0.677028        4.755     0.289129     9.600000     0.466667   0   0 
 22 308   0.925926      266.873      162.675     0.667054      156.811  35.38     0.680123        4.755     0.012538    10.080000     0.480000   1   0 
 23 308   0.986908      293.828      153.000     0.662870      174.457  39.36     0.678865       11.078     0.554175    10.973333     0.893333   0   0 
 24 308   0.974680      303.998      142.493     0.673626      186.317  42.04     0.681977        1.258     0.139042    12.280000     1.306667   0   0 
 25 308   0.925474      306.158      141.930     0.676732      191.204  43.14     0.683098        0.595     0.071716    13.600000     1.320000   0   0 
 26 308   0.984510      311.243      138.713     0.675509      197.224  44.50     0.678415        1.934     0.476027    14.733333     1.133333   0   0 
 27 308   0.925926      311.265      138.600     0.680094      198.304  44.74     0.682972        7.736     0.147058    15.360000     0.626667   0   0 
 28 308   0.925926      326.340      127.148     0.672711      206.974  46.70     0.678043        7.736     0.001076    15.986667     0.626667   1   0 
 29 308   0.983011      343.058      171.923     0.669360      212.635  47.98     0.674275        5.286     0.176215    16.426667     0.440000   0   0 
 30 308   0.925926      343.103      171.923     0.679028      216.791  48.91     0.684923       13.427     0.640121    17.186667     0.760000   0   0 
 31 308   0.925926      347.783      177.660     0.683194      222.311  50.16     0.686492       13.427     0.030197    18.200000     1.013333   1   0 
 32 308   0.925926      348.548      177.908     0.684383      223.650  50.46     0.685944       11.986     0.608114    19.026667     0.826667   0   0 
 33 308   0.925926      349.245      179.280     0.683577      224.798  50.72     0.684559       11.986     0.018874    19.426667     0.400000   1   0 
 34 308   0.925926      349.065      179.258     0.685856      225.425  50.86     0.686677       15.675     0.667951    19.840000     0.413333   0   0 
 35 308   0.925926      348.368      179.258     0.688237      227.287  51.28     0.687113       15.675     0.001284    20.293333     0.453333   1   0 
 36 308   0.927145      348.660      178.808     0.688738      228.504  51.56     0.686785        0.209     0.347369    20.866667     0.573333   0   0 
 37 308   0.925926      348.638      178.740     0.688706      228.504  51.56     0.686785        5.081     0.004487    21.253333     0.386667   1   0 
 38 308   0.950922      352.418      174.128     0.687740      231.450  52.22     0.686026        0.741     0.029652    22.000000     0.746667   0   0 
 39 308   0.947402      353.610      172.170     0.690233      235.803  53.20     0.683549        1.450     0.365197    22.853333     0.853333   0   0 
 40 308   0.956790      355.208      169.920     0.693464      238.462  53.80     0.685404        1.189     0.058972    23.960000     1.106667   0   0 
 41 308   0.925944      355.343      169.763     0.696008      239.250  53.98     0.687610        2.037     0.062888    24.640000     0.680000   0   0 
 42 308   0.944803      363.533      160.268     0.697912      246.541  55.63     0.686872        3.643     0.485616    25.373333     0.733333   0   0 
 43 308   0.925926      363.533      160.268     0.699839      246.847  55.70     0.689275        2.594     0.524729    26.906667     1.533333   0   0 
 44 308   0.925926      363.623      160.268     0.700590      246.966  55.72     0.690151       11.090     0.056409    27.826667     0.920000   1   0 
 45 308   0.925926      363.803      160.268     0.701417      247.113  55.76     0.691022        5.781     0.016244    28.226667     0.400000   1   0 
 46 308   0.925926      363.803      160.268     0.701909      247.259  55.79     0.691397        4.033     0.016055    28.666667     0.440000   1   0 
 47 308   0.925926      363.803      160.268     0.702175      247.281  55.79     0.691798        3.958     0.005179    29.106667     0.440000   1   0 
 48 308   0.925926      363.735      160.268     0.706158      249.125  56.21     0.693131        3.055     0.006996    29.600000     0.493333   1   0 
 49 308   0.925926      363.735      160.268     0.706926      249.246  56.24     0.693968        3.526     0.019977    30.066667     0.466667   1   0 
 50 308   0.925926      363.735      160.268     0.707402      249.276  56.24     0.694578       11.617     0.007537    30.720000     0.653333   0   0 
 51 308   0.925926      363.735      160.268     0.707424      249.276  56.24     0.694578       11.617     0.007537    31.640000     0.920000   1   0 
 52 308   0.925926      363.510      163.688     0.710039      249.487  56.29     0.697605        3.321     0.167175    32.013333     0.373333   0   0 
 53 308   0.927728      363.735      163.395     0.713367      251.102  56.66     0.699013        1.703     0.150061    32.426667     0.413333   0   0 
 54 308   0.931152      363.645      163.260     0.713902      251.478  56.74     0.699466        0.602     0.007165    32.733333     0.306667   0   0 
 55 308   0.936141      363.645      163.260     0.713914      251.478  56.74     0.699466        4.496     0.009949    32.933333     0.200000   1   0 
 56 308   0.926044      364.320      163.238     0.715287      252.700  57.02     0.700367       11.629     0.211772    34.720000     1.786667   0   0 
 57 308   0.925926      364.320      163.238     0.715682      252.744  57.03     0.700949        0.688     0.181247    35.813333     1.093333   0   0 
 58 308   0.925926      364.320      163.238     0.715674      252.744  57.03     0.700949       11.839     0.059685    37.093333     1.280000   1   0 
 59 308   0.925926      365.580      161.708     0.720819      255.182  57.58     0.704365        3.447     0.628428    37.880000     0.786667   0   0 
 60 308   0.925926      365.693      161.820     0.721360      257.892  58.19     0.705431        3.447     0.018504    38.680000     0.800000   1   0 
 61 308   0.925926      365.805      161.753     0.722789      258.901  58.42     0.706636        1.880     0.028479    39.106667     0.426667   0   0 
 62 308   0.925926      366.368      159.165     0.725976      261.517  59.01     0.709345        4.658     0.011242    39.653333     0.546667   1   0 
 63 308   0.976350      367.223      158.018     0.728439      264.513  59.68     0.710127        7.163     0.367523    40.266667     0.613333   0   0 
 64 308   0.925926      367.223      158.018     0.728734      264.537  59.69     0.710438        0.482     0.009493    40.746667     0.480000   0   0 
 65 308   0.925926      366.638      157.995     0.730086      265.045  59.80     0.711766        7.334     0.022998    41.173333     0.426667   1   0 
 66 308   0.925926      366.413      157.995     0.730377      265.076  59.81     0.712065        0.904     0.021166    41.506667     0.333333   0   0 
 67 308   0.925926      366.615      157.748     0.732490      265.814  59.98     0.714014        6.802     0.161543    41.760000     0.253333   1   0 
 68 308   0.925926      367.020      157.838     0.732984      266.410  60.11     0.714656        0.578     0.298980    42.666667     0.906667   0   0 
 69 308   0.925926      366.908      157.770     0.733025      266.410  60.11     0.714656        0.000     0.000000    43.306667     0.640000   0   1 
 70 308   0.400368      380.925      128.070     0.740621      275.309  62.12     0.713471        1.572     0.364607    43.986667     0.680000   0   1 
 71 308   0.536710      413.168       89.820     0.752248      295.423  66.66     0.717214        5.927     0.167328    46.306667     2.320000   0   1 
 72 308   0.379577      437.603       63.135     0.744930      304.416  68.69     0.715123        2.791     0.431485    47.893333     1.586667   0   1 
 73 308   0.236557      455.625       40.208     0.747374      315.256  71.13     0.715241        3.609     0.174585    51.626667     3.733333   0   1 
 74 308   0.192859      460.553       31.050     0.757615      324.867  73.30     0.718263        0.868     0.311585    55.840000     4.213333   0   1 
 75 308   0.043770      460.440       28.440     0.765802      330.540  74.58     0.722019        2.585     0.275091    57.440000     1.600000   0   1 
 76 308   0.088629      461.520       27.360     0.768738      334.307  75.43     0.722624        4.028     0.135448    60.520000     3.080000   0   1 
 77 308   0.280996      463.388       27.878     0.769495      338.402  76.35     0.722026        3.518     0.172626    61.066667     0.546667   0   1 
 78 308   0.027153      464.535       27.045     0.769932      340.805  76.90     0.722070        5.387     0.404920    63.813333     2.746667   0   1 
 79 308   0.207853      465.323       26.370     0.774250      342.757  77.34     0.723361        3.522     0.597207    64.906667     1.093333   0   1 
 80 308   0.053175      466.335       25.515     0.778028      345.041  77.85     0.724784        0.256     0.198814    66.613333     1.706667   0   1 
 81 308   0.149071      468.630       24.075     0.778287      347.257  78.35     0.724659        8.683     0.446011    67.640000     1.026667   0   1 
 82 308   0.016974      468.090       24.075     0.779055      347.661  78.44     0.725113        8.683     0.035251    68.146667     0.506667   1   1 
 83 308   0.018103      468.225       23.355     0.782045      349.437  78.84     0.729189        5.458     0.360174    69.560000     1.413333   0   1 
 84 308   0.011678      468.225       23.355     0.782158      349.555  78.87     0.730317        1.869     0.117692    71.160000     1.600000   0   1 
 85 308   0.017771      468.225       23.220     0.783073      349.934  78.96     0.731979        1.936     0.000759    72.733333     1.573333   0   1 
 86 308   0.086986      468.293       22.388     0.784276      351.255  79.25     0.732657       15.202     0.596406    72.986667     0.253333   0   1 
 87 308   0.049948      472.478       17.303     0.782844      354.364  79.95     0.732006        5.360     0.193883    73.706667     0.720000   0   1 
 88 308   0.103921      478.395       32.355     0.784174      354.982  80.09     0.732316        5.014     0.210540    74.106667     0.400000   0   1 
 89 308   0.073713      478.620       31.950     0.788889      359.250  81.06     0.735927        5.014     0.023189    74.680000     0.573333   1   1 
 90 308   0.027158      477.855       31.725     0.790696      361.126  81.48     0.735739        7.081     0.456531    75.240000     0.560000   0   1 
 91 308   0.066668      477.923       31.613     0.790740      361.430  81.55     0.735680        6.507     0.448852    75.946667     0.706667   0   1 
 92 308   0.064554      477.923       31.613     0.791064      361.511  81.57     0.736245        6.507     0.005595    76.533333     0.586667   1   1 
 93 308   0.010452      477.698       31.613     0.791219      361.525  81.57     0.736388        5.741     0.200142    77.226667     0.693333   0   1 
 94 308   0.010452      477.698       31.613     0.791300      361.530  81.57     0.736516        5.741     0.012791    77.760000     0.533333   1   1 
 95 308   0.015287      478.778       30.938     0.794140      363.983  82.13     0.738650        9.836     0.369944    80.160000     2.400000   0   1 
 96 308   0.029235      479.363       30.488     0.795275      365.819  82.54     0.739857        0.463     0.348837    82.186667     2.026667   0   1 
 97 308   0.025511      479.363       30.443     0.796755      367.006  82.81     0.740958        9.901     0.000423    84.253333     2.066667   1   1 
 98 308   0.021496      479.363       30.443     0.796800      367.063  82.82     0.741155        9.798     0.185165    85.693333     1.440000   0   1 
 99 308   0.021496      480.690       30.420     0.801186      370.408  83.57     0.744233        9.798     0.018498    87.026667     1.333333   1   1 
100 308   0.023517      480.690       30.420     0.801206      370.413  83.58     0.744324        9.856     0.003258    89.333333     2.306667   0   1 
