#scene........................: /home/eldamian/nbvEverardo/models/laboratory.wrl
#triangles....................: 361767
#Total triangles' area........: 443.205414 (m2)
#sensor aperture..............: 135.000000 x 70.000000 (deg)
#range image size.............: 350 x 80
#sensor blind distances.......: 0.500000 .. 30.000000 (m)
#sensor blind angle...........: 80.000000
#sensor Gaussian noise std dev: 0.012000 (m)
#views number.................: 100 
#optimization method..........: Simulated Annealing
#view iterations fitness vxl_occupied(m2) occplane(m2) vxl_quality tri_imaged(m2) tri_imaged(%) tri_quality travelled(m) energy total_time single_time backstep change
  0   0  -0.000000       18.338        0.000     0.641809       15.030   3.39     0.643016        0.000     0.000000     0.000000     0.000000   0   0 
  1 300   0.990361       18.360        0.000     0.644962       15.030   3.39     0.643016        0.000     0.000000     0.240000     0.240000   0   0 
  2 300   0.764169       72.923       47.520     0.554533       25.615   5.78     0.627807        0.000     0.109925     0.520000     0.280000   0   0 
  3 300   0.871448       79.448       37.305     0.651650       44.093   9.95     0.690201        4.546     0.128901     0.640000     0.120000   0   0 
  4 300   0.997121       79.290       37.035     0.651559       44.093   9.95     0.690201        4.546     0.128901     0.813333     0.173333   1   0 
  5 300   0.996776       79.200       36.968     0.651298       44.093   9.95     0.690201        0.000     0.000000     1.120000     0.306667   0   0 
  6 300   0.871722      137.520       78.233     0.616402       61.835  13.95     0.684711        5.976     0.468827     1.213333     0.093333   0   0 
  7 300   0.973926      187.200      148.455     0.609730       76.471  17.25     0.681647        5.976     0.135493     1.453333     0.240000   1   0 
  8 300   0.991909      198.068      140.378     0.627066       85.243  19.23     0.695058        5.117     0.490415     1.746667     0.293333   0   0 
  9 300   0.995323      197.955      140.423     0.627221       85.243  19.23     0.695058        5.117     0.157081     2.013333     0.266667   1   0 
 10 300   0.958853      206.055      166.860     0.632143       89.333  20.16     0.691629        2.687     0.430282     2.146667     0.133333   0   0 
 11 300   0.999091      206.235      166.478     0.632633       89.333  20.16     0.691629        0.000     0.000000     2.413333     0.266667   0   0 
 12 300   0.999091      206.438      165.870     0.632693       89.333  20.16     0.691629        0.000     0.000000     2.613333     0.200000   0   0 
 13 300   0.999127      206.393      165.848     0.633154       89.333  20.16     0.691629        0.000     0.000000     2.906667     0.293333   0   0 
 14 300   0.999127      206.550      165.690     0.633236       89.333  20.16     0.691629        0.000     0.000000     3.146667     0.240000   0   0 
 15 300   0.999127      206.595      165.578     0.633288       89.333  20.16     0.691629        0.000     0.000000     3.200000     0.053333   0   0 
 16 300   0.999127      206.595      165.578     0.633378       89.333  20.16     0.691629        0.000     0.000000     3.493333     0.293333   0   0 
 17 300   0.999234      206.865      165.578     0.648547       92.072  20.77     0.715341        0.605     0.612245     3.866667     0.373333   0   0 
 18 300   0.999234      206.955      165.578     0.648885       92.072  20.77     0.715341        0.000     0.000000     4.226667     0.360000   0   0 
 19 300   0.999234      206.865      165.578     0.649139       92.072  20.77     0.715341        0.000     0.000000     4.613333     0.386667   0   0 
 20 300   0.999234      206.865      165.578     0.649241       92.072  20.77     0.715341        0.000     0.000000     4.840000     0.226667   0   0 
 21 300   0.999234      206.865      165.578     0.649389       92.072  20.77     0.715341        0.000     0.000000     5.013333     0.173333   0   0 
 22 300   0.999234      206.955      165.578     0.649522       92.072  20.77     0.715341        0.000     0.000000     5.293333     0.280000   0   0 
 23 300   0.999234      206.910      165.578     0.649634       92.072  20.77     0.715341        0.000     0.000000     5.560000     0.266667   0   0 
 24 300   0.999234      206.865      165.578     0.649644       92.072  20.77     0.715341        0.000     0.000000     5.706667     0.146667   0   0 
 25 300   0.999234      206.865      165.578     0.649671       92.072  20.77     0.715341        0.000     0.000000     5.973333     0.266667   0   0 
 26 300   0.999234      206.865      165.578     0.649690       92.072  20.77     0.715341        0.000     0.000000     6.226667     0.253333   0   0 
 27 300   0.999234      206.865      165.578     0.649704       92.072  20.77     0.715341        0.000     0.000000     6.493333     0.266667   0   0 
 28 300   0.999234      206.865      165.578     0.649723       92.072  20.77     0.715341        0.000     0.000000     6.786667     0.293333   0   0 
 29 300   0.999234      206.865      165.578     0.649743       92.072  20.77     0.715341        0.000     0.000000     7.066667     0.280000   0   0 
 30 300   0.999234      206.865      165.578     0.649755       92.072  20.77     0.715341        0.000     0.000000     7.480000     0.413333   0   0 
 31 300   0.999341      208.170      166.815     0.656534       92.676  20.91     0.730470        1.648     0.349395     8.053333     0.573333   0   0 
 32 300   0.999394      208.755      166.815     0.656808       92.676  20.91     0.730470        0.000     0.000000     8.440000     0.386667   0   0 
 33 300   0.999412      208.935      168.345     0.659397       93.606  21.12     0.732248        5.713     0.148779     8.626667     0.186667   0   0 
 34 300   0.999412      212.355      165.375     0.657588       96.144  21.69     0.733907        5.713     0.002797     8.880000     0.253333   1   0 
 35 300   0.996989      212.310      165.308     0.657809       96.144  21.69     0.733907        0.000     0.000000     9.266667     0.386667   0   0 
 36 300   0.997114      212.400      165.330     0.657886       96.144  21.69     0.733907        0.000     0.000000     9.440000     0.173333   0   0 
 37 300   0.997202      212.423      165.263     0.657977       96.144  21.69     0.733907        0.000     0.000000     9.773333     0.333333   0   0 
 38 300   0.997202      212.423      165.263     0.658030       96.144  21.69     0.733907        0.000     0.000000    10.066667     0.293333   0   0 
 39 300   0.997202      212.288      165.218     0.658100       96.144  21.69     0.733907        0.000     0.000000    10.333333     0.266667   0   0 
 40 300   0.997202      212.288      165.218     0.658251       96.144  21.69     0.733907        0.000     0.000000    10.693333     0.360000   0   0 
 41 300   0.999394      212.378      165.263     0.661632       97.197  21.93     0.738810        2.176     0.330719    11.053333     0.360000   0   0 
 42 300   0.999341      212.378      165.263     0.661717       97.197  21.93     0.738810        0.000     0.000000    11.186667     0.133333   0   0 
 43 300   0.999341      212.423      165.263     0.661793       97.197  21.93     0.738810        0.000     0.000000    11.666667     0.480000   0   0 
 44 300   0.999341      212.423      165.263     0.661820       97.197  21.93     0.738810        0.000     0.000000    11.866667     0.200000   0   0 
 45 300   0.999341      212.423      165.263     0.661875       97.197  21.93     0.738810        0.000     0.000000    12.186667     0.320000   0   0 
 46 300   0.999412      212.423      165.263     0.662766       97.236  21.94     0.740608        2.029     0.343243    12.400000     0.213333   0   0 
 47 300   0.999412      212.513      165.263     0.662873       97.236  21.94     0.740608        0.000     0.000000    12.613333     0.213333   0   0 
 48 300   0.999412      212.378      165.263     0.662897       97.236  21.94     0.740608        0.000     0.000000    12.853333     0.240000   0   0 
 49 300   0.999412      212.468      165.263     0.663012       97.236  21.94     0.740608        0.000     0.000000    13.213333     0.360000   0   0 
 50 300   0.999412      212.468      165.263     0.662956       97.236  21.94     0.740608        0.000     0.000000    13.493333     0.280000   0   0 
 51 300   0.999412      212.423      165.263     0.662953       97.236  21.94     0.740608        0.000     0.000000    13.826667     0.333333   0   0 
 52 300   0.999412      212.423      165.263     0.662979       97.236  21.94     0.740608        0.000     0.000000    14.120000     0.293333   0   0 
 53 300   0.999412      212.423      165.263     0.662983       97.236  21.94     0.740608        0.000     0.000000    14.400000     0.280000   0   0 
 54 300   0.999412      212.423      165.263     0.663004       97.236  21.94     0.740608        0.000     0.000000    14.693333     0.293333   0   0 
 55 300   0.999412      212.423      165.263     0.663015       97.236  21.94     0.740608        0.000     0.000000    15.093333     0.400000   0   0 
 56 300   0.999412      212.333      165.263     0.663017       97.236  21.94     0.740608        0.000     0.000000    15.466667     0.373333   0   0 
 57 300   0.999412      212.333      165.263     0.663025       97.236  21.94     0.740608        0.000     0.000000    15.946667     0.480000   0   0 
 58 300   0.999412      212.333      165.263     0.663085       97.236  21.94     0.740608        0.000     0.000000    16.360000     0.413333   0   0 
 59 300   0.999412      212.333      165.263     0.663102       97.236  21.94     0.740608        0.000     0.000000    16.853333     0.493333   0   0 
 60 300   0.999412      212.423      165.263     0.663095       97.236  21.94     0.740608        0.000     0.000000    17.066667     0.213333   0   0 
 61 300   0.999412      212.378      165.263     0.663140       97.236  21.94     0.740608        0.000     0.000000    17.413333     0.346667   0   0 
 62 300   0.999412      212.378      165.263     0.663129       97.236  21.94     0.740608        0.000     0.000000    17.600000     0.186667   0   0 
 63 300   0.999412      212.378      165.263     0.663133       97.236  21.94     0.740608        0.000     0.000000    17.893333     0.293333   0   0 
 64 300   0.999412      212.288      165.263     0.663119       97.236  21.94     0.740608        0.000     0.000000    18.133333     0.240000   0   0 
 65 300   0.999412      212.288      165.263     0.663147       97.236  21.94     0.740608        0.000     0.000000    18.293333     0.160000   0   0 
 66 300   0.999412      212.288      165.263     0.663162       97.236  21.94     0.740608        0.000     0.000000    18.906667     0.613333   0   0 
 67 300   0.999412      212.288      165.263     0.663164       97.236  21.94     0.740608        0.000     0.000000    19.306667     0.400000   0   0 
 68 300   0.999412      212.288      165.263     0.663148       97.236  21.94     0.740608        0.000     0.000000    19.586667     0.280000   0   0 
 69 300   0.999412      212.288      165.263     0.663161       97.236  21.94     0.740608        0.000     0.000000    20.106667     0.520000   0   0 
 70 300   0.999412      212.333      165.263     0.663162       97.236  21.94     0.740608        0.000     0.000000    20.493333     0.386667   0   0 
 71 300   0.999412      212.288      165.263     0.663187       97.236  21.94     0.740608        0.000     0.000000    21.066667     0.573333   0   0 
 72 300   0.999412      212.288      165.263     0.663188       97.236  21.94     0.740608        0.000     0.000000    21.400000     0.333333   0   0 
 73 300   0.999412      212.333      165.263     0.663170       97.236  21.94     0.740608        0.000     0.000000    21.666667     0.266667   0   0 
 74 300   0.999412      212.333      165.263     0.663195       97.236  21.94     0.740608        0.000     0.000000    21.986667     0.320000   0   0 
 75 300   0.999412      212.378      165.263     0.663185       97.236  21.94     0.740608        0.000     0.000000    22.333333     0.346667   0   0 
 76 300   0.999412      212.378      165.263     0.663197       97.236  21.94     0.740608        0.000     0.000000    22.720000     0.386667   0   0 
 77 300   0.999412      212.378      165.263     0.663200       97.236  21.94     0.740608        0.000     0.000000    23.066667     0.346667   0   0 
 78 300   0.999412      212.378      165.263     0.663201       97.236  21.94     0.740608        0.000     0.000000    23.373333     0.306667   0   0 
 79 300   0.999412      212.378      165.263     0.663205       97.236  21.94     0.740608        0.000     0.000000    23.733333     0.360000   0   0 
 80 300   0.999412      212.378      165.263     0.663206       97.236  21.94     0.740608        0.000     0.000000    23.973333     0.240000   0   0 
 81 300   0.999412      212.378      165.263     0.663180       97.236  21.94     0.740608        0.000     0.000000    24.226667     0.253333   0   0 
 82 300   0.999412      212.378      165.263     0.663168       97.236  21.94     0.740608        0.000     0.000000    24.373333     0.146667   0   0 
 83 300   0.999412      212.288      165.263     0.663214       97.236  21.94     0.740608        0.000     0.000000    24.560000     0.186667   0   0 
 84 300   0.999412      212.288      165.263     0.663224       97.236  21.94     0.740608        0.000     0.000000    24.946667     0.386667   0   0 
 85 300   0.999412      212.288      165.263     0.663226       97.236  21.94     0.740608        0.000     0.000000    25.413333     0.466667   0   0 
 86 300   0.999412      212.288      165.263     0.663233       97.236  21.94     0.740608        0.000     0.000000    25.933333     0.520000   0   0 
 87 300   0.999412      212.288      165.263     0.663240       97.236  21.94     0.740608        0.000     0.000000    26.146667     0.213333   0   0 
 88 300   0.999412      212.243      165.263     0.663225       97.236  21.94     0.740608        0.000     0.000000    26.480000     0.333333   0   0 
 89 300   0.999412      212.243      165.263     0.663227       97.236  21.94     0.740608        0.000     0.000000    26.746667     0.266667   0   0 
 90 300   0.999412      212.243      165.263     0.663279       97.236  21.94     0.740608        0.000     0.000000    27.000000     0.253333   0   0 
 91 300   0.999412      212.243      165.263     0.663280       97.236  21.94     0.740608        0.000     0.000000    27.306667     0.306667   0   0 
 92 300   0.999412      212.243      165.263     0.663282       97.236  21.94     0.740608        0.000     0.000000    27.786667     0.480000   0   0 
 93 300   0.999412      212.243      165.263     0.663298       97.236  21.94     0.740608        0.000     0.000000    28.106667     0.320000   0   0 
 94 300   0.999412      212.243      165.263     0.663286       97.236  21.94     0.740608        0.000     0.000000    28.266667     0.160000   0   0 
 95 300   0.999412      212.153      165.263     0.663283       97.236  21.94     0.740608        0.000     0.000000    28.586667     0.320000   0   0 
 96 300   0.999412      212.153      165.263     0.663306       97.236  21.94     0.740608        0.000     0.000000    28.960000     0.373333   0   0 
 97 300   0.999412      212.153      165.263     0.663307       97.236  21.94     0.740608        0.000     0.000000    29.146667     0.186667   0   0 
 98 300   0.999412      212.153      165.263     0.663319       97.236  21.94     0.740608        0.000     0.000000    29.586667     0.440000   0   0 
 99 300   0.999412      212.108      165.263     0.663330       97.236  21.94     0.740608        0.000     0.000000    29.746667     0.160000   0   0 
100 300   0.999412      212.108      165.263     0.663331       97.236  21.94     0.740608        0.000     0.000000    30.066667     0.320000   0   0 
