#scene........................: /home/eldamian/nbvEverardo/models/laboratory.wrl
#triangles....................: 361767
#Total triangles' area........: 443.205414 (m2)
#sensor aperture..............: 135.000000 x 70.000000 (deg)
#range image size.............: 350 x 80
#sensor blind distances.......: 0.500000 .. 30.000000 (m)
#sensor blind angle...........: 80.000000
#sensor Gaussian noise std dev: 0.012000 (m)
#views number.................: 100 
#optimization method..........: Evolution Strategy
#view iterations fitness vxl_occupied(m2) occplane(m2) vxl_quality tri_imaged(m2) tri_imaged(%) tri_quality travelled(m) energy total_time single_time backstep change
  0   0  -0.000000       18.338        0.000     0.641809       15.030   3.39     0.643016        0.000     0.000000     0.000000     0.000000   0   0 
  1 308   0.967406       18.360        0.000     0.644962       15.030   3.39     0.643016        0.000     0.000000     0.320000     0.320000   0   0 
  2 308   0.794038       72.923       47.520     0.554533       25.615   5.78     0.627807        0.000     0.109925     0.626667     0.306667   0   0 
  3 308   0.805326      130.590      102.915     0.544004       35.023   7.90     0.625341        0.000     0.166667     0.960000     0.333333   0   0 
  4 308   0.863628      165.938      137.385     0.550671       50.295  11.35     0.625540        6.360     0.661061     1.106667     0.146667   0   0 
  5 308   0.996524      195.345      138.780     0.556249       61.053  13.78     0.618155        2.932     0.087434     1.520000     0.413333   0   0 
  6 308   0.996922      199.890      128.948     0.599500       79.243  17.88     0.661651        0.432     0.279068     2.080000     0.560000   0   0 
  7 308   0.982587      209.205      107.303     0.607783       90.156  20.34     0.667657        1.199     0.204151     2.706667     0.626667   0   0 
  8 308   0.977328      211.725       99.608     0.611519       98.238  22.17     0.661336        1.537     0.008205     3.160000     0.453333   0   0 
  9 308   0.976602      218.273       89.078     0.616312      108.844  24.56     0.659308        1.192     0.168658     3.706667     0.546667   0   0 
 10 308   0.988530      220.073       84.645     0.627261      115.508  26.06     0.666625        1.861     0.111855     4.133333     0.426667   0   0 
 11 308   0.990093      237.555      109.665     0.627294      122.281  27.59     0.672117        1.191     0.355479     4.840000     0.706667   0   0 
 12 308   0.976043      237.780      109.665     0.631404      122.952  27.74     0.679072        1.125     0.314235     5.133333     0.293333   0   0 
 13 308   0.980347      245.813      114.210     0.636576      127.265  28.71     0.685900        4.216     0.256907     5.946667     0.813333   0   0 
 14 308   0.977095      251.325      123.368     0.635193      132.081  29.80     0.685695        3.518     0.134303     6.533333     0.586667   0   0 
 15 308   0.976043      252.810      123.368     0.645051      133.635  30.15     0.700686        1.201     0.332675     7.253333     0.720000   0   0 
 16 308   0.976043      253.148      122.850     0.658791      138.214  31.19     0.715740        4.344     0.004353     7.946667     0.693333   1   0 
 17 308   0.976043      253.260      122.828     0.659023      138.214  31.19     0.715740        4.216     0.001000     8.720000     0.773333   1   0 
 18 308   0.976043      253.575      122.828     0.661343      139.314  31.43     0.720761        3.333     0.025662     8.946667     0.226667   1   0 
 19 308   0.981468      262.508      116.010     0.662494      145.179  32.76     0.718004        4.493     0.187912     9.240000     0.293333   0   0 
 20 308   0.976043      262.485      115.943     0.667191      147.062  33.18     0.725226        1.565     0.169923     9.986667     0.746667   0   0 
 21 308   0.976043      262.530      115.943     0.667401      147.062  33.18     0.725226        3.075     0.017988    11.173333     1.186667   1   0 
 22 308   0.976025      262.620      115.830     0.669318      148.861  33.59     0.727021        0.882     0.171109    11.720000     0.546667   0   0 
 23 308   0.977289      265.770      119.835     0.666161      151.001  34.07     0.725814        0.409     0.351749    12.680000     0.960000   0   0 
 24 308   0.976812      268.695      123.818     0.662292      152.850  34.49     0.724817        0.748     0.003009    13.840000     1.160000   0   0 
 25 308   0.976043      268.965      123.818     0.664237      152.901  34.50     0.728496        3.236     0.333142    14.773333     0.933333   0   0 
 26 308   0.976043      269.055      123.818     0.665267      153.039  34.53     0.731002        3.236     0.020493    15.693333     0.920000   1   0 
 27 308   0.976043      269.010      123.818     0.666061      153.508  34.64     0.732390        0.876     0.012293    16.346667     0.653333   0   0 
 28 308   0.976043      269.910      123.818     0.671237      154.970  34.97     0.737971        5.091     0.156509    16.920000     0.573333   1   0 
 29 308   0.993972      276.638      120.330     0.680886      164.357  37.08     0.737316        8.521     0.502131    18.146667     1.226667   0   0 
 30 308   0.997835      284.693      113.535     0.688484      176.385  39.80     0.740041        1.584     0.058771    19.666667     1.520000   0   0 
 31 308   0.989622      305.303      105.570     0.684431      186.506  42.08     0.734320        0.399     0.148509    21.746667     2.080000   0   0 
 32 308   0.997848      314.933      100.958     0.686782      195.295  44.06     0.731661        1.195     0.109776    23.346667     1.600000   0   0 
 33 308   0.975939      315.765      100.800     0.687389      195.916  44.20     0.732311        2.185     0.005150    24.986667     1.640000   0   0 
 34 308   0.982955      318.015       99.023     0.689055      200.682  45.28     0.728843       14.807     0.530366    25.600000     0.613333   0   0 
 35 308   0.976025      317.948       99.023     0.691460      201.635  45.49     0.729952        0.443     0.158670    25.946667     0.346667   0   0 
 36 308   0.976043      325.193      104.400     0.689938      207.996  46.93     0.727793       14.812     0.074421    26.346667     0.400000   1   0 
 37 308   0.991777      339.458       96.098     0.695022      216.572  48.86     0.726387        0.993     0.349555    28.040000     1.693333   0   0 
 38 308   0.976043      339.233       95.513     0.696302      217.799  49.14     0.726470        1.311     0.261631    30.386667     2.346667   0   0 
 39 308   0.979789      355.433      115.538     0.700633      226.224  51.04     0.722799        4.523     0.132609    31.160000     0.773333   0   0 
 40 308   0.995564      368.370      119.183     0.698761      236.231  53.30     0.718386        4.944     0.443930    34.520000     3.360000   0   0 
 41 308   0.976043      368.370      119.183     0.699219      237.010  53.48     0.718698        3.975     0.522158    35.480000     0.960000   0   0 
 42 308   0.976043      370.643      109.328     0.699952      240.850  54.34     0.719332        3.975     0.001473    36.586667     1.106667   1   0 
 43 308   0.976043      369.833      109.260     0.702596      241.843  54.57     0.722284        0.790     0.319613    39.573333     2.986667   0   0 
 44 308   0.976451      372.015      109.575     0.703659      244.808  55.24     0.720814        0.884     0.631456    42.840000     3.266667   0   0 
 45 308   0.976043      372.600      109.485     0.703798      245.074  55.30     0.720834        1.167     0.550067    45.426667     2.586667   0   0 
 46 308   0.976652      379.710      111.690     0.700803      248.431  56.05     0.720257        1.108     0.282891    49.026667     3.600000   0   0 
 47 308   0.976043      379.710      111.690     0.701460      248.957  56.17     0.720817        1.072     0.339630    51.813333     2.786667   0   0 
 48 308   0.976043      379.035      111.780     0.704866      251.952  56.85     0.719861        6.308     0.086262    54.146667     2.333333   1   0 
 49 308   0.976043      378.293      111.690     0.705770      252.280  56.92     0.720161        5.119     0.158084    55.826667     1.680000   0   0 
 50 308   0.976043      378.225      111.690     0.706161      252.980  57.08     0.719672        5.119     0.012102    57.893333     2.066667   1   0 
 51 308   0.976043      378.045      111.690     0.706425      252.980  57.08     0.719672        4.523     0.022685    58.453333     0.560000   1   0 
 52 308   0.976043      379.148      110.790     0.712622      258.937  58.42     0.721272        6.674     0.112428    61.240000     2.786667   1   0 
 53 308   0.976043      379.193      110.408     0.712845      259.041  58.45     0.721723        6.349     0.273849    63.400000     2.160000   0   0 
 54 308   0.976043      380.790      110.093     0.717740      262.365  59.20     0.723546        6.349     0.127867    66.080000     2.680000   1   0 
 55 308   0.976043      381.420      110.093     0.718386      263.758  59.51     0.723542        7.375     0.368392    68.600000     2.520000   0   0 
 56 308   0.976056      382.073      108.630     0.717456      264.599  59.70     0.723000        0.429     0.146352    71.480000     2.880000   0   0 
 57 308   0.976043      382.073      108.630     0.720311      265.061  59.81     0.725942        2.796     0.225572    72.653333     1.173333   0   0 
 58 308   0.976043      385.088      107.573     0.722150      269.393  60.78     0.725669        4.743     0.155647    73.880000     1.226667   1   0 
 59 308   0.988186      386.528      107.100     0.725587      272.670  61.52     0.725369        1.865     0.288927    74.533333     0.653333   0   0 
 60 308   0.976043      386.798      106.898     0.727303      273.457  61.70     0.726415        9.753     0.332796    77.066667     2.533333   0   0 
 61 308   0.976044      386.775      106.605     0.733568      275.074  62.06     0.731563        1.866     0.389677    79.306667     2.240000   0   0 
 62 308   0.976043      387.000      106.605     0.734521      275.444  62.15     0.732326        9.737     0.243157    81.520000     2.213333   1   0 
 63 308   0.976043      387.000      106.605     0.734557      275.444  62.15     0.732326        0.000     0.000000    81.906667     0.386667   0   1 
 64 308   0.025275      386.888      106.223     0.736143      277.409  62.59     0.732069        5.867     0.177826    82.186667     0.280000   0   1 
 65 308   0.022249      386.708      106.223     0.737260      278.548  62.85     0.731187        0.735     0.024004    82.533333     0.346667   0   1 
 66 308   0.113224      396.360      111.353     0.751080      282.475  63.73     0.735053        5.759     0.082331    82.853333     0.320000   0   1 
 67 308   0.096547      397.125      111.015     0.753437      283.799  64.03     0.737739        0.843     0.188759    83.226667     0.373333   0   1 
 68 308   0.356810      430.560      111.420     0.756677      301.093  67.94     0.739442       15.741     0.714466    86.586667     3.360000   0   1 
 69 308   0.294535      444.848       89.663     0.767353      314.655  71.00     0.746313        1.011     0.531677    90.280000     3.693333   0   1 
 70 308   0.332302      454.298       79.853     0.769644      323.686  73.03     0.745512        1.768     0.768276    92.840000     2.560000   0   1 
 71 308   0.439765      456.458       64.013     0.777190      331.088  74.70     0.749215        1.620     0.019539    95.773333     2.933333   0   1 
 72 308   0.458973      467.483       55.170     0.777043      340.143  76.75     0.747297        2.918     0.200630    97.160000     1.386667   0   1 
 73 308   0.158841      470.250       48.398     0.778765      343.508  77.51     0.746923        5.692     0.191256    99.146667     1.986667   0   1 
 74 308   0.040266      470.948       42.323     0.783042      349.419  78.84     0.748810        5.106     0.284354   101.693333     2.546667   0   1 
 75 308   0.139995      472.095       40.433     0.783740      350.547  79.09     0.748857        4.519     0.173972   103.013333     1.320000   0   1 
 76 308   0.187058      473.670       39.038     0.787167      354.385  79.96     0.750265        4.863     0.113543   104.546667     1.533333   0   1 
 77 308   0.125698      476.370       34.290     0.792989      359.534  81.12     0.751341        3.311     0.200390   106.160000     1.613333   0   1 
 78 308   0.014783      476.190       34.155     0.793681      361.209  81.50     0.751527        2.625     0.399074   109.186667     3.026667   0   1 
 79 308   0.181139      476.123       33.390     0.796045      363.174  81.94     0.751743        3.106     0.323738   110.293333     1.106667   0   1 
 80 308   0.183335      477.270       32.693     0.798160      364.795  82.31     0.752603        6.593     0.675446   112.160000     1.866667   0   1 
 81 308   0.024628      478.013       31.500     0.799337      365.425  82.45     0.754319        5.190     0.514052   113.666667     1.506667   0   1 
 82 308   0.016527      477.900       31.388     0.799707      365.793  82.53     0.754846        0.447     0.027268   115.186667     1.520000   0   1 
 83 308   0.030769      477.900       31.388     0.800417      366.585  82.71     0.755699        1.071     0.201490   116.493333     1.306667   0   1 
 84 308   0.033389      477.900       31.388     0.800573      366.646  82.73     0.755925        0.372     0.008531   118.506667     2.013333   0   1 
 85 308   0.033389      477.923       31.365     0.801034      366.938  82.79     0.756509        4.433     0.007609   120.280000     1.773333   1   1 
 86 308   0.029108      478.418       31.365     0.801708      367.241  82.86     0.758593        5.852     0.365113   121.706667     1.426667   0   1 
 87 308   0.029108      477.743       31.365     0.802234      367.266  82.87     0.759127        5.852     0.011095   123.760000     2.053333   1   1 
 88 308   0.036592      477.923       30.825     0.804547      368.975  83.25     0.760575        5.364     0.201940   125.786667     2.026667   0   1 
 89 308   0.050656      479.633       29.250     0.807382      372.277  84.00     0.762682        3.987     0.002245   127.893333     2.106667   0   1 
 90 308   0.005368      479.768       31.950     0.808719      374.721  84.55     0.762040       10.373     0.525007   128.413333     0.520000   0   1 
 91 308   0.141103      479.543       31.545     0.810160      375.911  84.82     0.762323        4.146     0.123014   128.920000     0.506667   0   1 
 92 308   0.040523      479.610       31.590     0.811348      376.550  84.96     0.764272       16.946     0.622504   131.040000     2.120000   0   1 
 93 308   0.040523      479.723       31.568     0.812142      376.803  85.02     0.765100       16.946     0.012580   133.386667     2.346667   1   1 
 94 308   0.057176      479.588       31.568     0.812367      376.956  85.05     0.765524        0.608     0.007952   133.920000     0.533333   0   1 
 95 308   0.090124      479.498       31.545     0.812522      377.041  85.07     0.765564        0.362     0.161068   134.640000     0.720000   0   1 
 96 308   0.090124      479.385       31.275     0.813048      378.048  85.30     0.767629        4.395     0.020224   135.226667     0.586667   1   1 
 97 308   0.010389      479.115       31.275     0.813885      379.167  85.55     0.767540        2.642     0.219726   135.733333     0.506667   0   1 
 98 308   0.010389      479.835       31.005     0.814712      380.431  85.84     0.767814       11.718     0.028053   136.373333     0.640000   1   1 
 99 308   0.039543      480.758       31.388     0.814745      380.435  85.84     0.767901        5.246     0.362982   138.666667     2.293333   0   1 
100 308   0.039543      480.758       31.388     0.814897      381.025  85.97     0.768432        5.246     0.008965   140.306667     1.640000   1   1 
