#scene........................: /home/eldamian/nbvEverardo/models/laboratory.wrl
#triangles....................: 361767
#Total triangles' area........: 443.205414 (m2)
#sensor aperture..............: 135.000000 x 70.000000 (deg)
#range image size.............: 350 x 80
#sensor blind distances.......: 0.500000 .. 30.000000 (m)
#sensor blind angle...........: 80.000000
#sensor Gaussian noise std dev: 0.012000 (m)
#views number.................: 100 
#optimization method..........: Evolution Strategy
#view iterations fitness vxl_occupied(m2) occplane(m2) vxl_quality tri_imaged(m2) tri_imaged(%) tri_quality travelled(m) energy total_time single_time backstep change
  0   0  -0.000000       18.338        0.000     0.641809       15.030   3.39     0.643016        0.000     0.000000     0.000000     0.000000   0   0 
  1 308   0.793484       18.360        0.000     0.644962       15.030   3.39     0.643016        0.000     0.000000     0.280000     0.280000   0   0 
  2 308   0.783858       72.923       47.520     0.554533       25.615   5.78     0.627807        0.000     0.109925     0.560000     0.280000   0   0 
  3 308   0.786527      130.590      102.915     0.544004       35.023   7.90     0.625341        0.000     0.166667     0.960000     0.400000   0   0 
  4 308   0.928740      180.653      127.800     0.561135       57.712  13.02     0.634650        6.273     0.581819     1.160000     0.200000   0   0 
  5 308   0.933692      196.830      119.745     0.576685       69.611  15.71     0.632185        2.605     0.021278     1.573333     0.413333   0   0 
  6 308   0.885215      205.763      113.153     0.580913       77.335  17.45     0.628871        3.922     0.211419     1.906667     0.333333   0   0 
  7 308   0.981289      219.128      120.735     0.593515       86.590  19.54     0.635213        0.560     0.281940     2.373333     0.466667   0   0 
  8 308   0.870582      231.683      203.310     0.609715       97.764  22.06     0.646507        0.619     0.176590     2.933333     0.560000   0   0 
  9 308   0.955586      246.038      179.303     0.592882      105.824  23.88     0.631231        3.586     0.092056     3.586667     0.653333   0   0 
 10 308   0.834505      255.600      160.403     0.598627      113.972  25.72     0.627676        3.605     0.417690     4.186667     0.600000   0   0 
 11 308   0.978801      257.580      158.490     0.602749      117.403  26.49     0.628003        5.975     0.250652     4.586667     0.400000   0   0 
 12 308   0.987277      281.250      161.753     0.594502      129.580  29.24     0.620819        5.971     0.174077     5.000000     0.413333   0   0 
 13 308   0.855351      322.268      170.640     0.605392      146.941  33.15     0.624997        7.768     0.272732     7.213333     2.213333   0   0 
 14 308   0.998145      343.575      147.893     0.619770      168.546  38.03     0.635839        1.236     0.374855     9.480000     2.266667   0   0 
 15 308   0.954272      342.833      144.698     0.623129      172.371  38.89     0.638319        4.001     0.369933    10.426667     0.946667   0   0 
 16 308   0.945891      351.450      151.088     0.628233      181.882  41.04     0.642533        5.859     0.552722    11.973333     1.546667   0   0 
 17 308   0.973273      356.400      150.008     0.627090      187.154  42.23     0.638639        0.887     0.699967    13.986667     2.013333   0   0 
 18 308   0.980191      368.955      142.358     0.634272      197.014  44.45     0.645016        1.317     0.262676    15.773333     1.786667   0   0 
 19 308   0.887430      397.868      133.898     0.659362      216.202  48.78     0.657802        1.248     0.493072    18.400000     2.626667   0   0 
 20 308   0.876024      416.565      112.928     0.657674      228.568  51.57     0.657550        0.463     0.324989    20.866667     2.466667   0   0 
 21 308   0.891169      420.683      104.333     0.657884      235.694  53.18     0.654830        3.971     0.449663    23.253333     2.386667   0   0 
 22 308   0.876683      421.943      102.915     0.659418      240.383  54.24     0.653075        0.722     0.288670    23.973333     0.720000   0   0 
 23 308   0.852944      427.950       90.675     0.668185      249.723  56.34     0.658788        1.682     0.533773    26.466667     2.493333   0   0 
 24 308   0.898827      428.558       88.718     0.671027      254.192  57.35     0.658125        8.330     0.194236    27.080000     0.613333   0   0 
 25 308   0.934172      428.873       87.435     0.673002      257.484  58.10     0.657256        0.906     0.350952    27.573333     0.493333   0   0 
 26 308   0.848097      441.158       70.290     0.685891      269.351  60.77     0.671178       10.206     0.547209    31.920000     4.346667   0   0 
 27 308   0.845197      445.590       75.150     0.693195      278.203  62.77     0.673637       13.224     0.609658    32.760000     0.840000   0   0 
 28 308   0.801968      448.178       73.688     0.695168      282.589  63.76     0.676725        3.091     0.171584    33.800000     1.040000   0   0 
 29 308   0.874154      448.740       73.575     0.698761      285.808  64.49     0.677132        8.445     0.454471    34.560000     0.760000   0   0 
 30 308   0.800000      449.100       73.575     0.701935      287.234  64.81     0.678806        6.120     0.158123    35.306667     0.746667   0   0 
 31 308   0.800000      450.338       72.990     0.702418      288.217  65.03     0.679061        6.120     0.012141    35.760000     0.453333   1   0 
 32 308   0.864405      458.820       67.838     0.703543      295.357  66.64     0.679126        0.279     0.501326    36.840000     1.080000   0   0 
 33 308   0.802606      459.045       67.635     0.705336      295.881  66.76     0.680591        5.462     0.187772    37.600000     0.760000   0   0 
 34 308   0.849037      461.880       53.438     0.708318      299.505  67.58     0.680058        9.858     0.169907    39.453333     1.853333   0   0 
 35 308   0.867538      463.545       51.953     0.711031      301.712  68.07     0.680354        4.663     0.217687    40.920000     1.466667   0   0 
 36 308   0.804342      463.545       51.750     0.712175      303.035  68.37     0.680538        4.663     0.146086    42.346667     1.426667   0   0 
 37 308   0.801130      464.670       48.825     0.721888      308.907  69.70     0.687047        3.779     0.441997    45.253333     2.906667   0   0 
 38 308   0.800000      464.783       48.510     0.721999      309.905  69.92     0.687079        3.779     0.296015    48.106667     2.853333   1   0 
 39 308   0.800000      465.345       48.488     0.722223      309.905  69.92     0.687079        4.663     0.000104    49.573333     1.466667   1   0 
 40 308   0.800000      465.930       48.398     0.729081      313.226  70.67     0.693284        7.735     0.290184    50.960000     1.386667   0   0 
 41 308   0.800000      467.573       46.823     0.734560      317.071  71.54     0.699436        7.735     0.013593    52.040000     1.080000   1   0 
 42 308   0.800000      467.528       46.823     0.734601      317.580  71.66     0.699161        8.070     0.260080    53.000000     0.960000   0   0 
 43 308   0.800000      467.753       46.620     0.735371      319.264  72.04     0.699576        8.070     0.004173    53.493333     0.493333   1   0 
 44 308   0.800000      467.753       46.620     0.737007      319.823  72.16     0.701050       10.567     0.694288    54.320000     0.826667   0   0 
 45 308   0.800000      467.528       46.620     0.738153      320.792  72.38     0.701452       10.567     0.027622    54.813333     0.493333   1   0 
 46 308   0.800000      467.528       46.620     0.738680      322.063  72.67     0.701703        4.663     0.030336    56.240000     1.426667   1   0 
 47 308   0.800000      467.573       46.620     0.739437      322.313  72.72     0.702347        9.858     0.003240    57.613333     1.373333   1   0 
 48 308   0.800000      467.528       46.620     0.739819      322.418  72.75     0.702783        5.462     0.021105    58.000000     0.386667   1   0 
 49 308   0.841787      470.048       43.875     0.740581      325.289  73.39     0.703315        1.072     0.169051    58.946667     0.946667   0   0 
 50 308   0.800000      470.048       43.875     0.740857      325.554  73.45     0.703353        2.905     0.175079    60.400000     1.453333   0   0 
 51 308   0.800357      471.060       43.268     0.743275      329.394  74.32     0.707678        1.728     0.576462    64.320000     3.920000   0   0 
 52 308   0.800012      474.165       36.788     0.747204      333.949  75.35     0.709809        4.373     0.270774    67.920000     3.600000   1   0 
 53 308   0.800000      474.300       36.788     0.748207      336.071  75.83     0.711471        6.344     0.245264    70.920000     3.000000   0   0 
 54 308   0.800000      474.165       36.923     0.748807      337.018  76.04     0.711891        6.344     0.135340    74.120000     3.200000   1   0 
 55 308   0.800012      474.278       36.495     0.750595      339.973  76.71     0.713046        4.308     0.353341    77.080000     2.960000   0   0 
 56 308   0.800029      474.165       36.068     0.751335      341.995  77.16     0.714309        1.402     0.452962    81.640000     4.560000   0   0 
 57 308   0.800000      474.165       36.068     0.751412      342.157  77.20     0.714173        3.963     0.720737    82.973333     1.333333   0   0 
 58 308   0.800000      474.570       35.370     0.752777      344.099  77.64     0.715683        3.963     0.131497    83.986667     1.013333   1   0 
 59 308   0.819363      474.705       34.920     0.754513      345.762  78.01     0.716189       13.272     0.437668    84.546667     0.560000   0   0 
 60 308   0.801522      474.593       34.223     0.759872      350.427  79.07     0.717359        0.179     0.344294    85.213333     0.666667   0   0 
 61 308   0.800000      474.278       34.043     0.761339      351.178  79.24     0.718811        9.319     0.263036    86.106667     0.893333   0   0 
 62 308   0.800000      474.030       34.043     0.761364      351.638  79.34     0.718956        9.319     0.018942    87.066667     0.960000   1   0 
 63 308   0.800000      473.378       34.043     0.763215      353.843  79.84     0.719081       13.390     0.115296    87.466667     0.400000   1   0 
 64 308   0.800000      472.343       33.908     0.763507      353.976  79.87     0.719247        5.133     0.103104    92.333333     4.866667   1   0 
 65 308   0.800000      472.343       33.908     0.763666      354.095  79.89     0.719359        5.734     0.273118    95.520000     3.186667   0   0 
 66 308   0.800000      472.343       33.908     0.764694      354.221  79.92     0.720752        5.734     0.029025    98.346667     2.826667   1   0 
 67 308   0.800000      472.523       36.563     0.766180      355.931  80.31     0.721922        7.713     0.013182    98.906667     0.560000   1   0 
 68 308   0.800000      471.893       36.563     0.766608      356.365  80.41     0.722711       12.118     0.752492   102.400000     3.493333   0   0 
 69 308   0.800000      471.983       36.428     0.767563      357.154  80.58     0.723308        0.864     0.243585   105.920000     3.520000   0   0 
 70 308   0.800000      472.253       35.843     0.772851      360.916  81.43     0.727112       12.761     0.011777   109.933333     4.013333   1   0 
 71 308   0.800000      472.523       35.843     0.776243      362.197  81.72     0.731977        2.040     0.326319   110.586667     0.653333   0   0 
 72 308   0.800000      474.323       38.228     0.776273      362.197  81.72     0.731977        4.970     0.018588   111.226667     0.640000   1   0 
 73 308   0.800000      474.098       38.228     0.777706      363.361  81.98     0.732906       11.186     0.154017   111.640000     0.413333   0   0 
 74 308   0.800000      474.143       38.228     0.777716      364.361  82.21     0.733024       11.186     0.008034   112.533333     0.893333   1   0 
 75 308   0.800000      474.323       38.138     0.778130      365.356  82.43     0.733811       13.224     0.276325   112.786667     0.253333   1   0 
 76 308   0.800000      474.368       38.138     0.778821      366.116  82.61     0.734829        0.625     0.129243   117.160000     4.373333   0   0 
 77 308   0.800000      475.380       37.440     0.780569      368.368  83.11     0.737709       10.241     0.141375   121.226667     4.066667   1   0 
 78 308   0.800000      475.740       37.440     0.782648      369.035  83.27     0.740676        6.120     0.159564   122.626667     1.400000   0   0 
 79 308   0.800000      476.033       37.193     0.783067      370.320  83.55     0.741315        6.120     0.013582   123.773333     1.146667   1   0 
 80 308   0.800000      476.033       37.193     0.787707      370.936  83.69     0.747721        8.954     0.010734   125.040000     1.266667   1   0 
 81 308   0.800000      475.943       37.148     0.788181      371.573  83.84     0.748493        3.399     0.204560   127.173333     2.133333   1   0 
 82 308   0.800000      475.358       36.968     0.790306      372.309  84.00     0.750089        4.160     0.367253   128.986667     1.813333   0   0 
 83 308   0.800000      475.425       36.720     0.791230      372.661  84.08     0.750969        4.160     0.200586   130.666667     1.680000   1   0 
 84 308   0.800000      475.650       36.720     0.792070      373.788  84.34     0.752152        5.792     0.192959   133.986667     3.320000   1   0 
 85 308   0.800000      475.830       36.720     0.792189      374.133  84.42     0.752255        4.001     0.093342   134.893333     0.906667   1   0 
 86 308   0.800000      476.505       36.158     0.793809      374.842  84.58     0.753730        7.567     0.102123   139.680000     4.786667   1   0 
 87 308   0.800000      476.685       36.225     0.793961      375.118  84.64     0.753852        5.971     0.007410   140.760000     1.080000   1   0 
 88 308   0.800000      476.640       36.045     0.794400      375.487  84.72     0.753959        0.360     0.001280   141.346667     0.586667   0   0 
 89 308   0.800000      476.550       36.000     0.794651      375.487  84.72     0.753959        6.158     0.005279   141.853333     0.506667   1   0 
 90 308   0.800000      476.910       36.000     0.795260      375.941  84.82     0.754302        6.065     0.124744   142.560000     0.706667   0   0 
 91 308   0.800000      476.640       35.550     0.797255      379.451  85.62     0.754381        6.065     0.014820   143.280000     0.720000   1   0 
 92 308   0.800000      476.528       35.528     0.797383      379.741  85.68     0.754497       10.977     0.202332   147.413333     4.133333   0   0 
 93 308   0.800000      476.415       35.505     0.797352      379.741  85.68     0.754497       10.977     0.092408   151.373333     3.960000   1   0 
 94 308   0.800000      476.280       35.505     0.797796      379.979  85.73     0.755154       10.613     0.124107   155.253333     3.880000   0   0 
 95 308   0.800000      476.280       35.505     0.797848      379.979  85.73     0.755154       10.613     0.014182   158.720000     3.466667   1   0 
 96 308   0.800075      476.145       35.010     0.800767      382.160  86.23     0.757522       12.711     0.679046   161.133333     2.413333   0   0 
 97 308   0.800000      476.213       34.988     0.800922      382.449  86.29     0.757901        1.970     0.418087   165.093333     3.960000   0   0 
 98 308   0.800000      476.213       34.988     0.800968      382.449  86.29     0.757901       10.862     0.279173   168.626667     3.533333   1   0 
 99 308   0.800000      476.258       34.988     0.801675      382.806  86.37     0.758419        4.188     0.528302   169.453333     0.826667   0   0 
100 308   0.800000      476.235       34.875     0.803640      384.568  86.77     0.758810        4.188     0.028302   170.120000     0.666667   1   0 
