#scene........................: /home/eldamian/nbvEverardo/models/laboratory.wrl
#triangles....................: 361767
#Total triangles' area........: 443.205414 (m2)
#sensor aperture..............: 135.000000 x 70.000000 (deg)
#range image size.............: 350 x 80
#sensor blind distances.......: 0.500000 .. 30.000000 (m)
#sensor blind angle...........: 80.000000
#sensor Gaussian noise std dev: 0.012000 (m)
#views number.................: 100 
#optimization method..........: Evolution Strategy
#view iterations fitness vxl_occupied(m2) occplane(m2) vxl_quality tri_imaged(m2) tri_imaged(%) tri_quality travelled(m) energy total_time single_time backstep change
  0   0  -0.000000       18.338        0.000     0.641809       15.030   3.39     0.643016        0.000     0.000000     0.000000     0.000000   0   0 
  1 308   0.990361       18.360        0.000     0.644962       15.030   3.39     0.643016        0.000     0.000000     0.266667     0.266667   0   0 
  2 308   0.764169       72.923       47.520     0.554533       25.615   5.78     0.627807        0.000     0.109925     0.560000     0.293333   0   0 
  3 308   0.778145      130.590      102.915     0.544004       35.023   7.90     0.625341        0.000     0.166667     0.866667     0.306667   0   0 
  4 308   0.950286      143.775      116.348     0.551228       43.044   9.71     0.625604        6.464     0.605157     1.066667     0.200000   0   0 
  5 308   0.999376      143.865      116.505     0.558100       43.897   9.90     0.632850        1.788     0.167201     1.293333     0.226667   0   0 
  6 308   0.999412      153.945      116.505     0.579313       53.300  12.03     0.652949        7.604     0.162434     1.440000     0.146667   1   0 
  7 308   0.501292      211.883      170.820     0.614067       75.608  17.06     0.666234        6.535     0.404261     1.986667     0.546667   0   0 
  8 308   0.990721      219.668      187.785     0.620799       86.859  19.60     0.670696        1.177     0.145726     3.413333     1.426667   0   0 
  9 308   0.997159      223.470      210.105     0.623762       92.548  20.88     0.676784        0.662     0.084193     4.520000     1.106667   0   0 
 10 308   0.999183      226.575      208.778     0.623535       96.722  21.82     0.673666        0.884     0.057276     5.493333     0.973333   0   0 
 11 308   0.999299      232.335      195.413     0.623243      106.085  23.94     0.673350        5.629     0.008860     7.173333     1.680000   1   0 
 12 308   0.998707      248.243      197.528     0.627025      114.669  25.87     0.669718        0.779     0.259231     7.813333     0.640000   0   0 
 13 308   0.998402      260.618      177.503     0.630132      123.998  27.98     0.666533        1.634     0.000077     8.320000     0.506667   0   0 
 14 308   0.999234      261.495      177.840     0.629775      125.777  28.38     0.666031        0.711     0.169934     8.973333     0.653333   0   0 
 15 308   0.999394      261.653      177.480     0.630114      125.777  28.38     0.666031        0.000     0.000000     9.373333     0.400000   0   0 
 16 308   0.999412      261.585      177.458     0.630356      125.777  28.38     0.666031        0.000     0.000000    10.120000     0.746667   0   0 
 17 308   0.999412      261.585      177.458     0.630776      125.777  28.38     0.666031        0.000     0.000000    10.866667     0.746667   0   0 
 18 308   0.999412      261.585      177.773     0.630831      125.777  28.38     0.666031        0.000     0.000000    11.213333     0.346667   0   0 
 19 308   0.999412      261.540      177.818     0.631001      125.777  28.38     0.666031        0.000     0.000000    11.653333     0.440000   0   0 
 20 308   0.999412      261.428      177.930     0.631178      125.777  28.38     0.666031        0.000     0.000000    12.146667     0.493333   0   0 
 21 308   0.999412      261.428      177.930     0.631309      125.777  28.38     0.666031        0.000     0.000000    12.826667     0.680000   0   0 
 22 308   0.999614      267.908      193.973     0.645622      130.412  29.42     0.687877        1.256     0.446358    13.413333     0.586667   0   0 
 23 308   0.999412      267.818      193.973     0.650210      131.084  29.58     0.698602        1.387     0.151383    13.960000     0.546667   0   0 
 24 308   0.999412      267.773      193.973     0.650331      131.084  29.58     0.698602        0.000     0.000000    14.466667     0.506667   0   0 
 25 308   0.999412      267.683      193.973     0.650397      131.084  29.58     0.698602        0.000     0.000000    15.173333     0.706667   0   0 
 26 308   0.999412      267.683      193.973     0.650481      131.084  29.58     0.698602        0.000     0.000000    15.733333     0.560000   0   0 
 27 308   0.999412      267.683      193.973     0.650531      131.084  29.58     0.698602        0.000     0.000000    16.333333     0.600000   0   0 
 28 308   0.999412      267.683      193.973     0.650555      131.084  29.58     0.698602        0.000     0.000000    16.866667     0.533333   0   0 
 29 308   0.999412      267.773      193.973     0.650583      131.084  29.58     0.698602        0.000     0.000000    17.600000     0.733333   0   0 
 30 308   0.999412      267.773      193.973     0.650602      131.084  29.58     0.698602        0.000     0.000000    18.306667     0.706667   0   0 
 31 308   0.999412      267.683      193.973     0.650615      131.084  29.58     0.698602        0.000     0.000000    19.026667     0.720000   0   0 
 32 308   0.999412      267.683      193.973     0.650630      131.084  29.58     0.698602        0.000     0.000000    19.760000     0.733333   0   0 
 33 308   0.999412      267.683      193.973     0.650646      131.084  29.58     0.698602        0.000     0.000000    20.533333     0.773333   0   0 
 34 308   0.999412      267.683      193.973     0.650658      131.084  29.58     0.698602        0.000     0.000000    21.026667     0.493333   0   0 
 35 308   0.999412      267.773      193.973     0.650649      131.084  29.58     0.698602        0.000     0.000000    21.586667     0.560000   0   0 
 36 308   0.999412      267.773      193.973     0.650685      131.084  29.58     0.698602        0.000     0.000000    22.160000     0.573333   0   0 
 37 308   0.999412      267.773      193.973     0.650693      131.084  29.58     0.698602        0.000     0.000000    22.653333     0.493333   0   0 
 38 308   0.999412      267.863      193.973     0.650678      131.084  29.58     0.698602        0.000     0.000000    23.320000     0.666667   0   0 
 39 308   0.999412      267.863      193.973     0.650685      131.084  29.58     0.698602        0.000     0.000000    23.946667     0.626667   0   0 
 40 308   0.999412      267.863      193.973     0.650690      131.084  29.58     0.698602        0.000     0.000000    24.400000     0.453333   0   0 
 41 308   0.999412      267.863      193.973     0.650695      131.084  29.58     0.698602        0.000     0.000000    25.200000     0.800000   0   0 
 42 308   0.999412      267.863      193.973     0.650723      131.084  29.58     0.698602        0.000     0.000000    25.813333     0.613333   0   0 
 43 308   0.999412      267.863      193.973     0.650718      131.084  29.58     0.698602        0.000     0.000000    26.693333     0.880000   0   0 
 44 308   0.999412      267.863      193.973     0.650721      131.084  29.58     0.698602        0.000     0.000000    27.160000     0.466667   0   0 
 45 308   0.999412      267.863      193.973     0.650725      131.084  29.58     0.698602        0.000     0.000000    27.826667     0.666667   0   0 
 46 308   0.999412      267.863      193.973     0.650729      131.084  29.58     0.698602        0.000     0.000000    28.493333     0.666667   0   0 
 47 308   0.999412      267.863      193.973     0.650733      131.084  29.58     0.698602        0.000     0.000000    29.253333     0.760000   0   0 
 48 308   0.999412      267.863      193.973     0.650720      131.084  29.58     0.698602        0.000     0.000000    29.906667     0.653333   0   0 
 49 308   0.999412      267.863      193.973     0.650712      131.084  29.58     0.698602        0.000     0.000000    30.666667     0.760000   0   0 
 50 308   0.999412      267.863      193.973     0.650715      131.084  29.58     0.698602        0.000     0.000000    31.186667     0.520000   0   0 
 51 308   0.999412      267.863      193.973     0.650717      131.084  29.58     0.698602        0.000     0.000000    31.693333     0.506667   0   0 
 52 308   0.999412      267.863      193.973     0.650719      131.084  29.58     0.698602        0.000     0.000000    32.413333     0.720000   0   0 
 53 308   0.999412      267.863      193.973     0.650730      131.084  29.58     0.698602        0.000     0.000000    33.013333     0.600000   0   0 
 54 308   0.999412      267.908      193.973     0.650727      131.084  29.58     0.698602        0.000     0.000000    33.946667     0.933333   0   0 
 55 308   0.999412      267.908      193.973     0.650728      131.084  29.58     0.698602        0.000     0.000000    34.680000     0.733333   0   0 
 56 308   0.999412      267.908      193.973     0.650738      131.084  29.58     0.698602        0.000     0.000000    35.373333     0.693333   0   0 
 57 308   0.999412      267.908      193.973     0.650741      131.084  29.58     0.698602        0.000     0.000000    36.146667     0.773333   0   0 
 58 308   0.999412      267.908      193.973     0.650743      131.084  29.58     0.698602        0.000     0.000000    36.746667     0.600000   0   0 
 59 308   0.999412      267.908      193.973     0.650745      131.084  29.58     0.698602        0.000     0.000000    37.053333     0.306667   0   0 
 60 308   0.999412      267.908      193.973     0.650747      131.084  29.58     0.698602        0.000     0.000000    37.800000     0.746667   0   0 
 61 308   0.999412      267.908      193.973     0.650748      131.084  29.58     0.698602        0.000     0.000000    38.546667     0.746667   0   0 
 62 308   0.999412      267.908      193.973     0.650749      131.084  29.58     0.698602        0.000     0.000000    39.213333     0.666667   0   0 
 63 308   0.999412      267.908      193.973     0.650751      131.084  29.58     0.698602        0.000     0.000000    39.920000     0.706667   0   0 
 64 308   0.999412      267.818      193.973     0.650752      131.084  29.58     0.698602        0.000     0.000000    40.533333     0.613333   0   0 
 65 308   0.999412      267.818      193.973     0.650753      131.084  29.58     0.698602        0.000     0.000000    41.293333     0.760000   0   0 
 66 308   0.999412      267.818      193.973     0.650755      131.084  29.58     0.698602        0.000     0.000000    42.160000     0.866667   0   0 
 67 308   0.999412      267.818      193.973     0.650766      131.084  29.58     0.698602        0.000     0.000000    42.706667     0.546667   0   0 
 68 308   0.999412      267.773      193.973     0.650780      131.084  29.58     0.698602        0.000     0.000000    43.360000     0.653333   0   0 
 69 308   0.999412      267.773      193.973     0.650781      131.084  29.58     0.698602        0.000     0.000000    44.040000     0.680000   0   0 
 70 308   0.999412      267.773      193.973     0.650781      131.084  29.58     0.698602        0.000     0.000000    44.760000     0.720000   0   0 
 71 308   0.999412      267.773      193.973     0.650782      131.084  29.58     0.698602        0.000     0.000000    45.613333     0.853333   0   0 
 72 308   0.999412      267.773      193.973     0.650788      131.084  29.58     0.698602        0.000     0.000000    46.413333     0.800000   0   0 
 73 308   0.999412      267.773      193.973     0.650800      131.084  29.58     0.698602        0.000     0.000000    47.213333     0.800000   0   0 
 74 308   0.999412      267.773      193.973     0.650801      131.084  29.58     0.698602        0.000     0.000000    47.853333     0.640000   0   0 
 75 308   0.999412      267.773      193.973     0.650802      131.084  29.58     0.698602        0.000     0.000000    48.373333     0.520000   0   0 
 76 308   0.999412      267.773      193.973     0.650802      131.084  29.58     0.698602        0.000     0.000000    48.933333     0.560000   0   0 
 77 308   0.999412      267.683      193.973     0.650806      131.084  29.58     0.698602        0.000     0.000000    49.573333     0.640000   0   0 
 78 308   0.999412      267.683      193.973     0.650806      131.084  29.58     0.698602        0.000     0.000000    50.160000     0.586667   0   0 
 79 308   0.999412      267.683      193.973     0.650807      131.084  29.58     0.698602        0.000     0.000000    50.986667     0.826667   0   0 
 80 308   0.999412      267.683      193.973     0.650808      131.084  29.58     0.698602        0.000     0.000000    51.653333     0.666667   0   0 
 81 308   0.999412      267.683      193.973     0.650786      131.084  29.58     0.698602        0.000     0.000000    52.520000     0.866667   0   0 
 82 308   0.999412      267.773      193.973     0.650802      131.084  29.58     0.698602        0.000     0.000000    53.186667     0.666667   0   0 
 83 308   0.999412      267.773      193.973     0.650808      131.084  29.58     0.698602        0.000     0.000000    54.040000     0.853333   0   0 
 84 308   0.999412      267.773      193.973     0.650809      131.084  29.58     0.698602        0.000     0.000000    54.906667     0.866667   0   0 
 85 308   0.999412      267.773      193.973     0.650810      131.084  29.58     0.698602        0.000     0.000000    56.026667     1.120000   0   0 
 86 308   0.999412      267.773      193.973     0.650812      131.084  29.58     0.698602        0.000     0.000000    56.546667     0.520000   0   0 
 87 308   0.999412      267.773      193.973     0.650813      131.084  29.58     0.698602        0.000     0.000000    57.333333     0.786667   0   0 
 88 308   0.999412      267.773      193.973     0.650813      131.084  29.58     0.698602        0.000     0.000000    57.866667     0.533333   0   0 
 89 308   0.999412      267.773      193.973     0.650814      131.084  29.58     0.698602        0.000     0.000000    58.466667     0.600000   0   0 
 90 308   0.999412      267.773      193.973     0.650815      131.084  29.58     0.698602        0.000     0.000000    59.186667     0.720000   0   0 
 91 308   0.999412      267.773      193.973     0.650823      131.084  29.58     0.698602        0.000     0.000000    59.586667     0.400000   0   0 
 92 308   0.999412      267.773      193.973     0.650823      131.084  29.58     0.698602        0.000     0.000000    60.333333     0.746667   0   0 
 93 308   0.999412      267.773      193.973     0.650824      131.084  29.58     0.698602        0.000     0.000000    60.960000     0.626667   0   0 
 94 308   0.999412      267.773      193.973     0.650830      131.084  29.58     0.698602        0.000     0.000000    61.666667     0.706667   0   0 
 95 308   0.999412      267.773      193.973     0.650833      131.084  29.58     0.698602        0.000     0.000000    62.586667     0.920000   0   0 
 96 308   0.999412      267.773      193.973     0.650834      131.084  29.58     0.698602        0.000     0.000000    63.480000     0.893333   0   0 
 97 308   0.999412      267.773      193.973     0.650836      131.084  29.58     0.698602        0.000     0.000000    64.080000     0.600000   0   0 
 98 308   0.999412      267.773      193.973     0.650837      131.084  29.58     0.698602        0.000     0.000000    64.733333     0.653333   0   0 
 99 308   0.999412      267.773      193.973     0.650838      131.084  29.58     0.698602        0.000     0.000000    65.440000     0.706667   0   0 
100 308   0.999412      267.773      193.973     0.650840      131.084  29.58     0.698602        0.000     0.000000    66.080000     0.640000   0   0 
