#scene........................: /home/eldamian/nbvEverardo/models/laboratory.wrl
#triangles....................: 361767
#Total triangles' area........: 443.205414 (m2)
#sensor aperture..............: 135.000000 x 70.000000 (deg)
#range image size.............: 350 x 80
#sensor blind distances.......: 0.500000 .. 30.000000 (m)
#sensor blind angle...........: 80.000000
#sensor Gaussian noise std dev: 0.012000 (m)
#views number.................: 100 
#optimization method..........: Simulated Annealing
#view iterations fitness vxl_occupied(m2) occplane(m2) vxl_quality tri_imaged(m2) tri_imaged(%) tri_quality travelled(m) energy total_time single_time backstep change
  0   0  -0.000000       18.338        0.000     0.641809       15.030   3.39     0.643016        0.000     0.000000     0.000000     0.000000   0   0 
  1 300   0.683213       84.938       65.633     0.544808       30.718   6.93     0.585095        0.000     0.166667     0.253333     0.253333   0   0 
  2 300   0.960737       97.988       80.910     0.553558       38.164   8.61     0.596812        7.175     0.345042     0.480000     0.226667   0   0 
  3 300   0.939421      117.338       95.490     0.556322       44.765  10.10     0.584278        0.382     0.343592     0.720000     0.240000   0   0 
  4 300   0.818656      156.578      149.940     0.558108       57.138  12.89     0.595934        2.219     0.143877     1.013333     0.293333   0   0 
  5 300   0.782802      173.138      149.288     0.593664       74.135  16.73     0.633769        0.943     0.316621     1.373333     0.360000   0   0 
  6 300   0.886547      187.155      186.255     0.600022       79.857  18.02     0.638425        1.314     0.335728     1.626667     0.253333   0   0 
  7 300   0.207902      200.430      160.020     0.612292       88.737  20.02     0.650527        3.867     0.250223     2.000000     0.373333   0   0 
  8 300   0.832413      209.813      157.748     0.610098      100.055  22.58     0.636722        6.417     0.077898     2.240000     0.240000   0   0 
  9 300   0.927328      228.938      199.710     0.636928      115.060  25.96     0.657279        1.314     0.514301     2.440000     0.200000   0   0 
 10 300   0.364413      245.385      155.610     0.648580      126.890  28.63     0.666430        7.640     0.479842     2.746667     0.306667   0   0 
 11 300   0.653168      250.335      149.265     0.662977      138.831  31.32     0.676660        4.926     0.171069     3.120000     0.373333   0   0 
 12 300   0.759775      256.680      246.758     0.672864      147.068  33.18     0.677171        2.557     0.471865     3.480000     0.360000   0   0 
 13 300   0.860985      280.260      258.750     0.664388      160.686  36.26     0.668564       11.292     0.384355     3.880000     0.400000   0   0 
 14 300   0.997599      299.610      255.420     0.664219      174.021  39.26     0.668215        0.977     0.246758     4.146667     0.266667   0   0 
 15 300   0.552300      309.443      250.740     0.665648      183.891  41.49     0.664771        0.219     0.242423     4.360000     0.213333   0   0 
 16 300   0.794299      343.350      175.028     0.681047      201.614  45.49     0.674785        0.772     0.340001     4.813333     0.453333   0   0 
 17 300   0.952600      374.243      158.355     0.694180      218.123  49.21     0.686384        3.196     0.634161     5.746667     0.933333   0   0 
 18 300   0.961132      401.625      110.498     0.689360      230.773  52.07     0.682343        2.474     0.474919     7.906667     2.160000   0   0 
 19 300   0.736271      407.520      106.808     0.685646      236.034  53.26     0.678838        1.639     0.458883    10.160000     2.253333   0   0 
 20 300   0.683502      414.900       96.660     0.695576      245.256  55.34     0.678338        5.864     0.289205    13.520000     3.360000   0   0 
 21 300   0.762301      424.013       86.513     0.700674      251.433  56.73     0.679874        3.086     0.117146    16.520000     3.000000   0   0 
 22 300   0.352028      424.958       85.793     0.701687      252.873  57.06     0.679757        5.833     0.145628    19.586667     3.066667   0   0 
 23 300   0.883146      428.693       82.643     0.701433      258.001  58.21     0.678074        3.814     0.294456    21.933333     2.346667   0   0 
 24 300   0.250207      432.698       66.938     0.706818      266.314  60.09     0.681279        3.088     0.821216    24.573333     2.640000   0   0 
 25 300   0.302700      438.750       48.825     0.717126      277.198  62.54     0.685953        1.126     0.394291    27.400000     2.826667   0   0 
 26 300   0.100811      441.248       45.360     0.726216      283.463  63.96     0.693572        1.866     0.680368    29.080000     1.680000   0   0 
 27 300   0.158018      447.705       43.875     0.729821      292.018  65.89     0.696341        4.456     0.686603    32.626667     3.546667   0   0 
 28 300   0.148744      451.058       39.915     0.733947      299.421  67.56     0.697648        4.946     0.170206    35.053333     2.426667   0   0 
 29 300   0.071395      451.508       37.485     0.736203      305.128  68.85     0.703444        3.537     0.431490    38.026667     2.973333   0   0 
 30 300   0.108998      452.475       37.283     0.738886      307.527  69.39     0.706080        2.621     0.546820    40.693333     2.666667   0   0 
 31 300   0.070383      452.295       36.788     0.740018      308.910  69.70     0.706116        1.245     0.351183    43.720000     3.026667   0   0 
 32 300   0.138901      452.745       35.685     0.741846      312.165  70.43     0.705443        3.835     0.154151    46.866667     3.146667   0   0 
 33 300   0.068201      453.218       34.628     0.743826      318.514  71.87     0.707599        5.680     0.515607    49.560000     2.693333   0   0 
 34 300   0.069273      452.948       34.448     0.745279      319.745  72.14     0.708549        2.889     0.330128    52.026667     2.466667   0   0 
 35 300   0.094218      453.060       34.245     0.746653      321.900  72.63     0.708393        5.001     0.352411    54.613333     2.586667   0   0 
 36 300   0.067619      453.555       34.155     0.748363      323.501  72.99     0.710859        0.898     0.468858    57.600000     2.986667   0   0 
 37 300   0.067619      453.150       33.975     0.748921      324.712  73.26     0.712403        5.090     0.014161    60.733333     3.133333   1   0 
 38 300   0.065391      453.713       33.480     0.749620      327.291  73.85     0.713376        1.817     0.534930    63.720000     2.986667   0   0 
 39 300   0.066840      453.533       33.300     0.751114      328.024  74.01     0.715319        2.427     0.689263    66.946667     3.226667   0   0 
 40 300   0.067382      453.533       33.300     0.751409      328.468  74.11     0.716274        1.250     0.393950    69.960000     3.013333   0   0 
 41 300   0.067382      453.713       33.120     0.752482      329.899  74.43     0.717494        3.230     0.225371    71.720000     1.760000   1   0 
 42 300   0.065406      453.758       33.120     0.753443      330.824  74.64     0.718585        1.872     0.120072    74.280000     2.560000   0   0 
 43 300   0.065811      453.690       33.098     0.753847      331.414  74.78     0.719043        0.965     0.056599    77.186667     2.906667   0   0 
 44 300   0.066520      453.848       32.940     0.757279      333.068  75.15     0.723160        0.498     0.388563    80.346667     3.160000   0   0 
 45 300   0.066289      453.758       32.940     0.757508      334.570  75.49     0.723725        3.019     0.207943    83.200000     2.853333   1   0 
 46 300   0.072207      454.590       33.188     0.757780      334.744  75.53     0.723952        3.929     0.354707    85.666667     2.466667   0   0 
 47 300   0.072122      454.545       33.188     0.758528      335.351  75.67     0.725024        3.929     0.208725    88.586667     2.920000   1   0 
 48 300   0.074048      454.545       33.188     0.759407      335.726  75.75     0.726527        3.918     0.375746    92.200000     3.613333   0   0 
 49 300   0.074048      454.500       33.188     0.759503      335.726  75.75     0.726527        3.918     0.229764    95.346667     3.146667   1   0 
 50 300   0.067342      454.343       31.050     0.761274      339.089  76.51     0.725216        5.481     0.646302    97.413333     2.066667   0   0 
 51 300   0.065167      454.298       31.050     0.762658      339.997  76.71     0.726494        7.383     0.477312   100.626667     3.213333   0   0 
 52 300   0.065408      454.680       31.298     0.763789      340.974  76.93     0.727621        3.690     0.570499   104.120000     3.493333   0   0 
 53 300   0.065341      454.635       31.298     0.764155      341.133  76.97     0.728093        2.685     0.117912   106.960000     2.840000   0   0 
 54 300   0.066677      454.680       31.343     0.765639      343.271  77.45     0.727883       12.550     0.142305   108.666667     1.706667   0   0 
 55 300   0.761253      458.595       27.383     0.766338      347.360  78.37     0.727190        5.428     0.342719   109.093333     0.426667   0   0 
 56 300   0.092622      463.185       21.960     0.768196      352.764  79.59     0.728508        2.775     0.193818   109.400000     0.306667   0   0 
 57 300   0.065746      463.118       21.443     0.774336      359.396  81.09     0.732457        3.223     0.181396   110.533333     1.133333   0   0 
 58 300   0.224109      465.030       20.093     0.775773      362.798  81.86     0.732122        5.960     0.345822   110.786667     0.253333   0   0 
 59 300   0.078369      465.165       19.823     0.776718      365.053  82.37     0.732588        0.961     0.249172   111.213333     0.426667   0   0 
 60 300   0.159597      466.898       20.453     0.777150      367.619  82.95     0.732503        4.315     0.001192   111.840000     0.626667   0   0 
 61 300   0.077012      466.763       20.453     0.777252      367.619  82.95     0.732503        4.315     0.001192   112.253333     0.413333   1   0 
 62 300   0.067505      468.585       16.448     0.783600      375.265  84.67     0.737434        2.223     0.460466   112.733333     0.480000   0   0 
 63 300   0.114577      468.563       15.615     0.785927      377.642  85.21     0.738260        3.629     0.111658   113.253333     0.520000   0   0 
 64 300   0.066056      468.743       15.390     0.786335      380.210  85.79     0.738617        3.629     0.001733   113.453333     0.200000   1   0 
 65 300   0.115118      468.900       14.918     0.786565      380.647  85.88     0.738688        3.233     0.523490   113.946667     0.493333   0   0 
 66 300   0.102360      468.945       14.873     0.787691      381.965  86.18     0.740105        3.233     0.002806   114.426667     0.480000   1   0 
 67 300   0.065041      468.945       14.873     0.789925      382.780  86.37     0.741600        1.123     0.289338   114.613333     0.186667   0   0 
 68 300   0.070635      468.990       14.828     0.790343      382.893  86.39     0.742027        3.002     0.277325   115.053333     0.440000   0   0 
 69 300   0.069898      468.945       14.805     0.790832      383.791  86.59     0.741864        3.002     0.021418   115.960000     0.906667   1   0 
 70 300   0.071119      468.900       14.805     0.791226      384.156  86.68     0.742375        3.644     0.365067   116.346667     0.386667   0   0 
 71 300   0.070962      469.395       14.535     0.792669      385.679  87.02     0.744310        3.644     0.011049   117.226667     0.880000   1   0 
 72 300   0.072645      469.890       14.580     0.792632      385.966  87.09     0.744266        3.940     0.011166   117.760000     0.533333   0   0 
 73 300   0.072645      470.273       14.513     0.792935      385.966  87.09     0.744266        3.940     0.011166   118.066667     0.306667   1   0 
 74 300   0.065041      470.138       14.513     0.794182      386.667  87.24     0.744829        1.503     0.460360   118.520000     0.453333   0   0 
 75 300   0.066007      470.678       14.243     0.794045      387.451  87.42     0.744366        2.823     0.674309   118.880000     0.360000   0   0 
 76 300   0.065041      470.723       14.243     0.795146      387.580  87.45     0.745555        2.795     0.362595   119.120000     0.240000   0   0 
 77 300   0.066903      470.543       14.333     0.795131      387.627  87.46     0.745615        3.783     0.348457   119.453333     0.333333   0   0 
 78 300   0.067611      470.655       14.220     0.795772      388.295  87.61     0.745871        0.303     0.245654   119.946667     0.493333   0   0 
 79 300   0.068452      472.095       17.325     0.796175      388.602  87.68     0.746572        5.235     0.185237   120.586667     0.640000   0   0 
 80 300   0.068452      472.388       16.943     0.798338      390.378  88.08     0.746847        5.235     0.018571   121.093333     0.506667   1   0 
 81 300   0.067021      473.513       16.448     0.800327      391.919  88.43     0.747451        5.951     0.508805   121.413333     0.320000   0   0 
 82 300   0.065041      473.378       16.448     0.801259      393.134  88.70     0.747321        5.951     0.008805   121.786667     0.373333   1   0 
 83 300   0.065047      473.378       16.268     0.801558      393.273  88.73     0.747738        4.724     0.269762   122.106667     0.320000   0   0 
 84 300   0.065431      473.625       23.850     0.801569      393.317  88.74     0.747799       16.199     0.365529   123.066667     0.960000   0   0 
 85 300   0.065583      473.760       23.760     0.801538      393.467  88.78     0.747945        1.073     0.281382   125.693333     2.626667   0   0 
 86 300   0.071297      473.918       23.805     0.801632      393.500  88.78     0.748114        1.961     0.457313   128.680000     2.986667   0   0 
 87 300   0.068957      473.963       23.805     0.803538      394.018  88.90     0.750454       16.841     0.022931   130.106667     1.426667   1   0 
 88 300   0.065284      473.783       23.805     0.804306      395.231  89.18     0.750877        3.064     0.155187   130.613333     0.506667   0   0 
 89 300   0.071027      473.783       23.805     0.804355      395.234  89.18     0.750888        2.151     0.134679   131.066667     0.453333   0   0 
 90 300   0.077081      473.670       23.783     0.805149      395.399  89.21     0.751876        1.332     0.275921   131.573333     0.506667   0   0 
 91 300   0.077081      473.715       23.783     0.805205      395.399  89.21     0.751876        4.597     0.013945   132.040000     0.466667   1   0 
 92 300   0.065572      473.535       23.783     0.806194      395.934  89.33     0.752374        3.905     0.355738   132.480000     0.440000   0   0 
 93 300   0.065572      473.333       23.625     0.806929      396.083  89.37     0.752876        3.905     0.022404   133.093333     0.613333   1   0 
 94 300   0.065041      473.333       23.625     0.808455      396.425  89.44     0.754045        0.744     0.259395   133.520000     0.426667   0   0 
 95 300   0.092677      474.413       23.085     0.808571      396.864  89.54     0.754403        1.492     0.007464   133.840000     0.320000   0   0 
 96 300   0.089747      474.593       23.085     0.808889      397.269  89.64     0.754792        6.430     0.008911   134.240000     0.400000   1   0 
 97 300   0.065041      474.593       23.085     0.809774      397.882  89.77     0.755312        3.868     0.013563   134.693333     0.453333   1   0 
 98 300   0.065163      474.660       23.108     0.810355      397.970  89.79     0.755933        1.676     0.363297   135.160000     0.466667   0   0 
 99 300   0.065163      474.548       23.085     0.811339      398.174  89.84     0.756908        3.228     0.001814   135.960000     0.800000   1   0 
100 300   0.065064      474.548       23.085     0.811540      398.298  89.87     0.757389        0.168     0.113412   136.213333     0.253333   0   0 
