#scene........................: /home/eldamian/nbvEverardo/models/laboratory.wrl
#triangles....................: 361767
#Total triangles' area........: 443.205414 (m2)
#sensor aperture..............: 135.000000 x 70.000000 (deg)
#range image size.............: 350 x 80
#sensor blind distances.......: 0.500000 .. 30.000000 (m)
#sensor blind angle...........: 80.000000
#sensor Gaussian noise std dev: 0.012000 (m)
#views number.................: 100 
#optimization method..........: Simulated Annealing
#view iterations fitness vxl_occupied(m2) occplane(m2) vxl_quality tri_imaged(m2) tri_imaged(%) tri_quality travelled(m) energy total_time single_time backstep change
  0   0  -0.000000       18.338        0.000     0.641809       15.030   3.39     0.643016        0.000     0.000000     0.000000     0.000000   0   0 
  1 300   0.967406       18.360        0.000     0.644962       15.030   3.39     0.643016        0.000     0.000000     0.253333     0.253333   0   0 
  2 300   0.794038       72.923       47.520     0.554533       25.615   5.78     0.627807        0.000     0.109925     0.520000     0.266667   0   0 
  3 300   0.920841       79.448       37.305     0.651650       44.093   9.95     0.690201        4.546     0.128901     0.680000     0.160000   0   0 
  4 300   0.974148       79.290       37.035     0.651559       44.093   9.95     0.690201        4.546     0.128901     0.826667     0.146667   1   0 
  5 300   0.973489       79.200       36.968     0.651298       44.093   9.95     0.690201        0.000     0.000000     1.186667     0.360000   0   0 
  6 300   0.925297      137.520       78.233     0.616402       61.835  13.95     0.684711        5.976     0.468827     1.320000     0.133333   0   0 
  7 300   0.952961      187.200      148.455     0.609730       76.471  17.25     0.681647        5.976     0.135493     1.573333     0.253333   1   0 
  8 300   0.976990      198.068      140.378     0.627066       85.243  19.23     0.695058        5.117     0.490415     1.960000     0.386667   0   0 
  9 300   0.980223      213.480      151.155     0.630324       91.116  20.56     0.699169        2.153     0.172017     2.293333     0.333333   0   0 
 10 300   0.975924      213.930      150.795     0.631192       91.116  20.56     0.699169        0.000     0.000000     2.573333     0.280000   0   0 
 11 300   0.975540      213.953      150.570     0.631746       91.116  20.56     0.699169        0.000     0.000000     2.880000     0.306667   0   0 
 12 300   0.975607      213.885      150.548     0.632148       91.116  20.56     0.699169        0.000     0.000000     3.426667     0.546667   0   0 
 13 300   0.975607      213.885      150.548     0.632559       91.116  20.56     0.699169        0.000     0.000000     3.666667     0.240000   0   0 
 14 300   0.975607      213.998      150.345     0.632719       91.116  20.56     0.699169        0.000     0.000000     3.973333     0.306667   0   0 
 15 300   0.975607      214.088      150.278     0.632830       91.116  20.56     0.699169        0.000     0.000000     4.093333     0.120000   0   0 
 16 300   0.975949      214.065      150.210     0.632979       91.116  20.56     0.699169        0.000     0.000000     4.280000     0.186667   0   0 
 17 300   0.997284      224.280      163.373     0.634275       97.524  22.00     0.702927        2.910     0.290286     4.693333     0.413333   0   0 
 18 300   0.974382      225.225      163.125     0.635407       97.524  22.00     0.702927        0.000     0.000000     5.093333     0.400000   0   0 
 19 300   0.975886      225.743      163.013     0.643961      100.919  22.77     0.714167        2.470     0.262558     5.573333     0.480000   0   0 
 20 300   0.977288      226.868      161.955     0.659226      103.741  23.41     0.731374        2.235     0.010759     5.906667     0.333333   0   0 
 21 300   0.980005      230.783      157.478     0.653755      109.353  24.67     0.722157        3.442     0.292507     6.346667     0.440000   0   0 
 22 300   0.986707      242.145      150.345     0.650488      119.402  26.94     0.714143        1.582     0.186314     6.813333     0.466667   0   0 
 23 300   0.981635      254.295      132.300     0.656528      128.285  28.94     0.712729        1.865     0.252756     7.240000     0.426667   0   0 
 24 300   0.978941      258.345      134.393     0.658535      133.378  30.09     0.712446        3.188     0.353022     7.773333     0.533333   0   0 
 25 300   0.976043      258.323      134.370     0.669271      138.695  31.29     0.725230        1.090     0.276654     8.520000     0.746667   0   0 
 26 300   0.976043      259.065      134.370     0.669541      138.695  31.29     0.725230        4.961     0.007231     8.986667     0.466667   1   0 
 27 300   0.976043      259.133      134.168     0.677519      141.133  31.84     0.735134        5.816     0.017031     9.520000     0.533333   0   0 
 28 300   0.976043      259.718      134.100     0.677774      141.133  31.84     0.735134        5.816     0.017031    10.146667     0.626667   1   0 
 29 300   0.976043      259.583      134.100     0.679773      141.744  31.98     0.738036        2.949     0.027495    10.426667     0.280000   0   0 
 30 300   0.976043      260.100      133.448     0.682966      142.991  32.26     0.745368        3.600     0.010084    10.893333     0.466667   1   0 
 31 300   0.976043      260.100      133.448     0.683076      142.991  32.26     0.745368        0.000     0.000000    11.373333     0.480000   0   0 
 32 300   0.982136      266.063      129.555     0.682960      149.107  33.64     0.738068        1.802     0.437103    11.813333     0.440000   0   0 
 33 300   0.976043      266.108      129.555     0.686599      150.645  33.99     0.740915        1.471     0.174645    12.253333     0.440000   0   0 
 34 300   0.976043      266.130      129.533     0.686687      150.645  33.99     0.740915        0.000     0.000000    12.626667     0.373333   0   0 
 35 300   0.976043      266.175      129.488     0.686792      150.645  33.99     0.740915        0.000     0.000000    13.093333     0.466667   0   0 
 36 300   0.982578      266.355      128.408     0.690132      154.574  34.88     0.736828        3.638     0.291345    13.426667     0.333333   0   0 
 37 300   0.976043      267.098      127.778     0.692725      158.749  35.82     0.734240        3.638     0.014753    13.760000     0.333333   1   0 
 38 300   0.976043      267.098      127.778     0.695654      159.247  35.93     0.736961        2.763     0.166401    14.133333     0.373333   0   0 
 39 300   0.976043      267.098      127.778     0.695760      159.247  35.93     0.736961        0.000     0.000000    14.493333     0.360000   0   0 
 40 300   0.976043      267.098      127.778     0.695864      159.247  35.93     0.736961        0.000     0.000000    14.653333     0.160000   0   0 
 41 300   0.976216      268.470      126.945     0.697824      161.598  36.46     0.737219        2.498     0.358567    15.133333     0.480000   0   0 
 42 300   0.976043      268.425      126.945     0.698274      161.711  36.49     0.738613        1.302     0.602580    15.640000     0.506667   0   0 
 43 300   0.976043      268.448      126.923     0.698241      161.711  36.49     0.738613        0.000     0.000000    16.146667     0.506667   0   0 
 44 300   0.976043      268.425      126.900     0.698191      161.711  36.49     0.738613        0.000     0.000000    16.840000     0.693333   0   0 
 45 300   0.976162      271.710      125.123     0.696989      165.161  37.27     0.738200        0.353     0.595530    17.360000     0.520000   0   0 
 46 300   0.977613      271.418      125.100     0.701635      167.070  37.70     0.739145        4.491     0.187914    17.986667     0.626667   0   0 
 47 300   0.976093      271.463      124.538     0.708122      169.776  38.31     0.740662        6.304     0.508967    18.493333     0.506667   0   0 
 48 300   0.976043      271.463      124.538     0.711950      171.054  38.59     0.742072        6.304     0.029651    19.133333     0.640000   1   0 
 49 300   0.976043      271.350      124.538     0.716310      173.279  39.10     0.741770        4.491     0.000563    19.560000     0.426667   1   0 
 50 300   0.976043      271.350      124.538     0.716435      173.279  39.10     0.741770        0.000     0.000000    19.760000     0.200000   0   0 
 51 300   0.976043      271.350      124.538     0.716488      173.279  39.10     0.741770        0.000     0.000000    20.213333     0.453333   0   0 
 52 300   0.976043      271.350      124.538     0.716528      173.279  39.10     0.741770        0.000     0.000000    20.666667     0.453333   0   0 
 53 300   0.976043      271.350      124.538     0.716548      173.279  39.10     0.741770        0.000     0.000000    21.146667     0.480000   0   0 
 54 300   0.976043      271.350      124.538     0.716564      173.279  39.10     0.741770        0.000     0.000000    21.680000     0.533333   0   0 
 55 300   0.976043      271.350      124.538     0.716574      173.279  39.10     0.741770        0.000     0.000000    22.053333     0.373333   0   0 
 56 300   0.976043      271.350      124.538     0.716585      173.279  39.10     0.741770        0.000     0.000000    22.400000     0.346667   0   0 
 57 300   0.977023      276.030      131.333     0.715290      175.486  39.59     0.741913        2.016     0.150988    22.866667     0.466667   0   0 
 58 300   0.976043      276.030      131.333     0.715966      175.544  39.61     0.742944        4.102     0.281754    23.213333     0.346667   0   0 
 59 300   0.985358      278.303      128.745     0.716693      178.399  40.25     0.740893        6.041     0.264489    23.546667     0.333333   0   0 
 60 300   0.976043      278.348      128.745     0.719431      179.470  40.49     0.742230        3.041     0.336973    24.066667     0.520000   0   0 
 61 300   0.976043      278.370      128.678     0.720040      179.576  40.52     0.743040        3.041     0.003640    24.480000     0.413333   1   0 
 62 300   0.976043      278.370      128.678     0.721570      180.039  40.62     0.744093        6.041     0.008582    24.666667     0.186667   1   0 
 63 300   0.976043      278.348      128.655     0.721848      180.206  40.66     0.744302        4.102     0.005163    24.946667     0.280000   1   0 
 64 300   0.976043      278.348      128.655     0.721874      180.206  40.66     0.744302        0.000     0.000000    25.480000     0.533333   0   0 
 65 300   0.976043      278.348      128.655     0.721898      180.206  40.66     0.744302        0.000     0.000000    25.813333     0.333333   0   0 
 66 300   0.976043      278.348      128.655     0.721914      180.206  40.66     0.744302        0.000     0.000000    26.186667     0.373333   0   0 
 67 300   0.976043      278.348      128.655     0.721924      180.206  40.66     0.744302        0.000     0.000000    26.466667     0.280000   0   0 
 68 300   0.976043      278.348      128.655     0.721932      180.206  40.66     0.744302        0.000     0.000000    27.040000     0.573333   0   0 
 69 300   0.976043      278.348      128.655     0.721939      180.206  40.66     0.744302        0.000     0.000000    27.440000     0.400000   0   0 
 70 300   0.976043      278.348      128.655     0.721945      180.206  40.66     0.744302        0.000     0.000000    27.853333     0.413333   0   0 
 71 300   0.976043      278.348      128.655     0.721949      180.206  40.66     0.744302        0.000     0.000000    28.240000     0.386667   0   0 
 72 300   0.976043      278.348      128.655     0.721951      180.206  40.66     0.744302        0.000     0.000000    28.720000     0.480000   0   0 
 73 300   0.976043      278.348      128.655     0.721955      180.206  40.66     0.744302        0.000     0.000000    29.120000     0.400000   0   0 
 74 300   0.976043      278.348      128.655     0.721958      180.206  40.66     0.744302        0.000     0.000000    29.573333     0.453333   0   0 
 75 300   0.976043      278.348      128.655     0.721961      180.206  40.66     0.744302        0.000     0.000000    30.106667     0.533333   0   0 
 76 300   0.989389      292.073      131.963     0.713108      185.855  41.93     0.741781        4.140     0.632176    30.533333     0.426667   0   0 
 77 300   0.976056      291.893      131.828     0.714456      185.973  41.96     0.743308        4.146     0.375553    30.973333     0.440000   0   0 
 78 300   0.976043      291.893      131.828     0.715100      186.041  41.98     0.744609        1.956     0.113362    31.653333     0.680000   0   0 
 79 300   0.976043      291.893      131.828     0.715118      186.041  41.98     0.744609        0.000     0.000000    32.613333     0.960000   0   1 
 80 300   0.433537      299.340      125.573     0.705806      194.146  43.80     0.737612        2.263     0.186656    33.053333     0.440000   0   1 
 81 300   0.161592      299.093      123.975     0.709415      195.708  44.16     0.739256        0.878     0.541626    33.346667     0.293333   0   1 
 82 300   0.032936      300.015      122.738     0.715360      199.069  44.92     0.744587        6.503     0.288358    33.733333     0.386667   0   1 
 83 300   0.012098      299.520      122.783     0.716317      199.634  45.04     0.745326        3.464     0.260180    34.013333     0.280000   0   1 
 84 300   0.016738      299.363      122.760     0.717055      199.966  45.12     0.746546        1.029     0.028838    34.400000     0.386667   0   1 
 85 300   0.062456      299.700      124.223     0.719608      200.484  45.24     0.750566        1.470     0.128692    34.880000     0.480000   0   1 
 86 300   0.154438      303.210      128.655     0.724636      201.070  45.37     0.755548        5.480     0.156246    35.533333     0.653333   0   1 
 87 300   0.077538      305.280      131.220     0.727841      201.330  45.43     0.759351        5.480     0.010264    36.053333     0.520000   1   1 
 88 300   0.044671      305.280      131.175     0.727989      201.347  45.43     0.759601        4.258     0.014343    36.400000     0.346667   1   1 
 89 300   0.009273      305.483      130.658     0.729305      202.678  45.73     0.759815        0.189     0.616310    36.746667     0.346667   0   1 
 90 300   0.016947      306.788      129.870     0.731331      203.838  45.99     0.760180        5.052     0.099301    37.066667     0.320000   0   1 
 91 300   0.011470      307.485      143.258     0.735364      205.269  46.31     0.763901        3.858     0.504549    37.586667     0.520000   0   1 
 92 300   0.287220      312.728      163.440     0.734138      209.237  47.21     0.762514        8.402     0.512080    38.026667     0.440000   0   1 
 93 300   0.380957      382.230      146.723     0.728254      234.824  52.98     0.754424        5.170     0.094817    39.013333     0.986667   0   1 
 94 300   0.479726      395.955      133.020     0.725528      245.050  55.29     0.748334        3.714     0.217387    40.973333     1.960000   0   1 
 95 300   0.400526      415.508      122.040     0.734791      262.396  59.20     0.745336        3.552     0.333855    42.866667     1.893333   0   1 
 96 300   0.466584      419.400      115.403     0.735282      269.195  60.74     0.742962        3.762     0.473949    45.120000     2.253333   0   1 
 97 300   0.448979      427.433      108.563     0.737979      276.911  62.48     0.741752        4.494     0.437698    47.413333     2.293333   0   1 
 98 300   0.369924      429.255      105.570     0.738931      280.697  63.33     0.739745        2.592     0.352885    48.800000     1.386667   0   1 
 99 300   0.229469      449.393       67.140     0.757403      293.342  66.19     0.743220        4.423     0.292962    50.720000     1.920000   0   1 
100 300   0.324836      449.910       66.195     0.759888      296.310  66.86     0.742863        1.674     0.466437    53.440000     2.720000   0   1 
