#scene........................: /home/eldamian/nbvEverardo/models/laboratory.wrl
#triangles....................: 361767
#Total triangles' area........: 443.205414 (m2)
#sensor aperture..............: 135.000000 x 70.000000 (deg)
#range image size.............: 350 x 80
#sensor blind distances.......: 0.500000 .. 30.000000 (m)
#sensor blind angle...........: 80.000000
#sensor Gaussian noise std dev: 0.012000 (m)
#views number.................: 100 
#optimization method..........: Simulated Annealing
#view iterations fitness vxl_occupied(m2) occplane(m2) vxl_quality tri_imaged(m2) tri_imaged(%) tri_quality travelled(m) energy total_time single_time backstep change
  0   0  -0.000000       18.338        0.000     0.641809       15.030   3.39     0.643016        0.000     0.000000     0.000000     0.000000   0   0 
  1 300   0.793484       18.360        0.000     0.644962       15.030   3.39     0.643016        0.000     0.000000     0.186667     0.186667   0   0 
  2 300   0.783858       72.923       47.520     0.554533       25.615   5.78     0.627807        0.000     0.109925     0.426667     0.240000   0   0 
  3 300   0.949189       79.448       37.305     0.651650       44.093   9.95     0.690201        4.546     0.128901     0.560000     0.133333   0   0 
  4 300   0.876893       90.743       36.135     0.696353       57.234  12.91     0.712923        0.475     0.323103     0.720000     0.160000   0   0 
  5 300   0.980135       94.973       34.245     0.699080       62.858  14.18     0.705564        1.346     0.272072     0.973333     0.253333   0   0 
  6 300   0.822021       95.850       32.130     0.722111       66.154  14.93     0.716242        1.445     0.275573     1.146667     0.173333   0   0 
  7 300   0.920147      118.260       56.340     0.695964       76.750  17.32     0.706702        2.276     0.692312     1.560000     0.413333   0   0 
  8 300   0.900911      139.320       65.115     0.679359       85.144  19.21     0.699637        1.519     0.021665     1.653333     0.093333   0   0 
  9 300   0.841294      172.238      135.113     0.641534       93.037  20.99     0.693103        3.654     0.578943     1.853333     0.200000   0   0 
 10 300   0.854153      213.593      290.745     0.617140      102.881  23.21     0.671853        4.456     0.000857     2.253333     0.400000   0   0 
 11 300   0.974485      226.890      335.160     0.624513      110.899  25.02     0.676035        3.216     0.604459     2.546667     0.293333   0   0 
 12 300   0.946457      242.595      279.990     0.623966      118.166  26.66     0.673227        3.451     0.577802     3.093333     0.546667   0   0 
 13 300   0.832699      276.818      252.450     0.644727      134.241  30.29     0.684469        4.481     0.136589     3.666667     0.573333   0   0 
 14 300   0.981310      307.418      207.000     0.636407      150.515  33.96     0.678867        2.553     0.130509     4.733333     1.066667   0   0 
 15 300   0.846616      314.280      201.848     0.645604      161.916  36.53     0.684420        0.839     0.083957     5.093333     0.360000   0   0 
 16 300   0.868804      320.265      188.573     0.647111      168.848  38.10     0.683907        5.582     0.263593     5.320000     0.226667   0   0 
 17 300   0.980995      336.353      184.748     0.648724      179.651  40.53     0.682711        9.207     0.244451     6.560000     1.240000   0   0 
 18 300   0.982087      352.935      137.678     0.652507      195.700  44.16     0.677966        1.385     0.556904     9.493333     2.933333   0   0 
 19 300   0.955621      358.043      135.405     0.657485      201.209  45.40     0.678288        0.590     0.357728    11.546667     2.053333   0   0 
 20 300   0.909468      389.723      143.370     0.672277      218.422  49.28     0.686621        1.745     0.437137    13.946667     2.400000   0   0 
 21 300   0.952900      397.440      133.628     0.676074      227.559  51.34     0.687160        1.374     0.658842    17.213333     3.266667   0   0 
 22 300   0.830481      398.228      132.503     0.677851      229.534  51.79     0.687074        2.893     0.339708    20.680000     3.466667   0   0 
 23 300   0.834639      414.135      101.970     0.683664      237.844  53.66     0.686240        2.883     0.423870    23.400000     2.720000   0   0 
 24 300   0.819150      424.643       90.000     0.695626      251.874  56.83     0.692708        4.606     0.171188    25.733333     2.333333   0   0 
 25 300   0.822755      427.320       86.670     0.702395      259.330  58.51     0.696680        1.823     0.930526    28.586667     2.853333   0   0 
 26 300   0.879420      431.708       84.195     0.703201      265.648  59.94     0.695335        5.291     0.810453    31.173333     2.586667   0   0 
 27 300   0.802367      435.938       82.800     0.708627      273.348  61.68     0.698955        1.085     0.300360    34.000000     2.826667   0   0 
 28 300   0.837382      435.690       82.328     0.711456      275.234  62.10     0.700437        5.582     0.457187    36.053333     2.053333   0   0 
 29 300   0.800000      435.758       82.103     0.713057      275.975  62.27     0.701626        5.582     0.013929    36.626667     0.573333   1   0 
 30 300   0.800776      435.420       81.585     0.714680      279.574  63.08     0.701139        6.016     0.223321    39.613333     2.986667   0   0 
 31 300   0.800261      438.660       80.888     0.728536      286.450  64.63     0.706459        1.725     0.479662    42.466667     2.853333   0   0 
 32 300   0.800000      438.548       80.865     0.730621      289.308  65.28     0.708313        1.914     0.421043    45.413333     2.946667   0   0 
 33 300   0.800103      440.910       79.583     0.737587      295.376  66.65     0.714937        1.323     0.428942    47.920000     2.506667   0   0 
 34 300   0.800000      441.585       79.583     0.738606      297.039  67.02     0.716007        2.648     0.225485    49.626667     1.706667   0   0 
 35 300   0.800000      441.293       79.448     0.740485      298.440  67.34     0.717343        1.506     0.321886    52.440000     2.813333   0   0 
 36 300   0.800000      440.888       79.403     0.741099      298.987  67.46     0.717088        0.935     0.277080    54.840000     2.400000   0   0 
 37 300   0.800000      441.563       78.750     0.743182      301.235  67.97     0.716994        4.683     0.021331    57.693333     2.853333   1   0 
 38 300   0.800000      441.473       78.750     0.745851      302.621  68.28     0.718987        3.952     0.401706    60.600000     2.906667   0   0 
 39 300   0.800007      441.630       78.030     0.746624      305.431  68.91     0.719954        2.660     0.538129    62.546667     1.946667   0   0 
 40 300   0.800000      442.103       76.860     0.747356      306.666  69.19     0.721199        4.282     0.364529    64.893333     2.346667   0   0 
 41 300   0.800000      442.395       76.905     0.749920      307.103  69.29     0.724455        0.677     0.445653    67.693333     2.800000   0   0 
 42 300   0.800000      442.395       76.905     0.751098      307.198  69.31     0.726098        4.784     0.179573    69.946667     2.253333   1   0 
 43 300   0.800055      442.935       75.915     0.753449      310.178  69.99     0.729899        3.272     0.501327    72.813333     2.866667   0   0 
 44 300   0.800000      442.935       75.915     0.754321      310.218  69.99     0.731156        1.477     0.460291    76.453333     3.640000   0   0 
 45 300   0.800000      443.228       75.353     0.755218      310.867  70.14     0.731780        4.390     0.038782    79.573333     3.120000   1   0 
 46 300   0.800000      443.070       75.285     0.757652      311.277  70.23     0.734671        6.309     0.307369    82.266667     2.693333   1   0 
 47 300   0.800020      442.508       74.813     0.758413      312.969  70.61     0.735785        1.521     0.628221    85.546667     3.280000   0   0 
 48 300   0.800030      443.700       75.015     0.759251      314.208  70.89     0.737598        1.653     0.289369    87.360000     1.813333   0   0 
 49 300   0.800000      443.385       74.903     0.759672      314.720  71.01     0.738185        1.370     0.217595    90.333333     2.973333   0   0 
 50 300   0.800000      444.330       73.665     0.763935      319.658  72.12     0.740295        3.763     0.045267    92.000000     1.666667   1   0 
 51 300   0.800000      444.060       73.643     0.764656      319.983  72.20     0.741266        0.819     0.299376    94.626667     2.626667   0   0 
 52 300   0.800000      444.105       73.598     0.764946      320.108  72.23     0.741706        3.001     0.003398    97.853333     3.226667   1   0 
 53 300   0.800000      444.105       73.598     0.765398      320.146  72.23     0.742362        1.556     0.337437    99.853333     2.000000   0   0 
 54 300   0.800000      444.083       73.575     0.765504      320.286  72.27     0.742388        3.255     0.000843   102.853333     3.000000   1   0 
 55 300   0.800000      444.285       73.373     0.766583      321.311  72.50     0.742705        9.054     0.024591   105.560000     2.706667   1   0 
 56 300   0.922894      444.915       72.788     0.767142      322.131  72.68     0.742834        4.514     0.157240   106.120000     0.560000   0   0 
 57 300   0.824222      446.063       72.338     0.770168      325.347  73.41     0.743695        2.380     0.183737   106.920000     0.800000   0   0 
 58 300   0.817115      448.065       56.835     0.779710      335.396  75.68     0.748737        1.905     0.464748   107.386667     0.466667   0   0 
 59 300   0.806214      449.235       56.363     0.780968      339.703  76.65     0.748926        0.395     0.111219   107.800000     0.413333   0   0 
 60 300   0.800000      449.145       56.363     0.781686      340.878  76.91     0.749724        2.584     0.005858   108.320000     0.520000   0   0 
 61 300   0.800000      449.325       56.003     0.782551      342.012  77.17     0.749338        3.566     0.011702   109.546667     1.226667   1   0 
 62 300   0.800000      449.280       56.003     0.783382      342.234  77.22     0.750100        1.734     0.359637   110.173333     0.626667   0   0 
 63 300   0.800000      449.280       56.003     0.783839      342.877  77.36     0.750336        3.952     0.005638   112.240000     2.066667   1   0 
 64 300   0.800000      449.055       56.003     0.786243      344.457  77.72     0.751567        5.582     0.007687   113.666667     1.426667   1   0 
 65 300   0.800000      449.055       55.913     0.787229      344.863  77.81     0.752275        6.268     0.000450   115.253333     1.586667   1   0 
 66 300   0.815655      449.393       54.653     0.789326      347.011  78.30     0.752963        4.444     0.285687   115.600000     0.346667   0   0 
 67 300   0.800137      455.918       45.068     0.786626      351.266  79.26     0.751094        2.419     0.283979   116.026667     0.426667   0   0 
 68 300   0.800124      455.625       45.068     0.787083      351.907  79.40     0.751405        4.538     0.006553   116.413333     0.386667   0   0 
 69 300   0.908332      457.920       51.053     0.788829      354.557  80.00     0.751323        5.098     0.290774   116.666667     0.253333   0   0 
 70 300   0.806159      458.528       48.150     0.791295      355.933  80.31     0.752122        5.098     0.014183   117.213333     0.546667   1   0 
 71 300   0.800000      458.528       48.150     0.793011      356.355  80.40     0.753468        4.618     0.262020   117.773333     0.560000   0   0 
 72 300   0.800000      458.528       48.150     0.793212      356.773  80.50     0.753254        4.618     0.006113   120.293333     2.520000   1   0 
 73 300   0.800000      458.528       48.150     0.793847      357.431  80.65     0.753202        4.538     0.006553   120.626667     0.333333   1   0 
 74 300   0.800000      458.528       48.150     0.794073      357.441  80.65     0.753504        5.068     0.001708   121.000000     0.373333   1   0 
 75 300   0.818076      466.943       31.748     0.798116      369.606  83.39     0.753583        4.851     0.284262   121.453333     0.453333   0   0 
 76 300   0.800000      466.965       31.725     0.798535      370.099  83.51     0.753946        2.172     0.110858   122.293333     0.840000   0   0 
 77 300   0.800000      467.033       31.613     0.798536      370.200  83.53     0.753871        4.269     0.006737   122.706667     0.413333   1   0 
 78 300   0.800000      467.033       31.613     0.798949      370.385  83.57     0.754483        3.451     0.000375   123.400000     0.693333   1   0 
 79 300   0.800000      467.213       31.613     0.800703      370.833  83.67     0.757253        3.216     0.027032   123.706667     0.306667   1   0 
 80 300   0.800000      466.853       31.613     0.800967      371.198  83.75     0.757563        1.519     0.135724   125.106667     1.400000   0   0 
 81 300   0.801695      467.145       31.365     0.801238      371.631  83.85     0.757828        2.849     0.309213   125.573333     0.466667   0   0 
 82 300   0.800000      467.100       31.005     0.801181      372.729  84.10     0.757837        4.292     0.006822   125.893333     0.320000   1   0 
 83 300   0.825416      468.698       30.105     0.802368      375.340  84.69     0.757120        6.464     0.359075   126.426667     0.533333   0   0 
 84 300   0.800000      468.833       30.173     0.804890      375.973  84.83     0.759153        2.287     0.203131   126.586667     0.160000   0   0 
 85 300   0.800000      468.788       30.173     0.805501      375.997  84.84     0.760065        4.416     0.010722   126.946667     0.360000   1   0 
 86 300   0.800000      468.563       30.150     0.806480      376.067  84.85     0.761200        4.456     0.000857   127.160000     0.213333   1   0 
 87 300   0.800000      468.135       30.150     0.806946      376.705  85.00     0.761288       14.103     0.377407   129.560000     2.400000   0   0 
 88 300   0.800000      468.135       30.150     0.807039      376.841  85.03     0.761232       14.103     0.231425   132.466667     2.906667   1   0 
 89 300   0.800000      468.225       30.150     0.807219      376.938  85.05     0.761587        4.006     0.120377   132.986667     0.520000   0   0 
 90 300   0.874080      468.968       29.543     0.808741      379.360  85.59     0.761419        4.716     0.182803   133.266667     0.280000   0   0 
 91 300   0.811238      469.328       29.138     0.808747      380.340  85.82     0.761116        1.307     0.672631   133.586667     0.320000   0   0 
 92 300   0.807763      469.373       29.070     0.810164      382.317  86.26     0.762100        4.782     0.010172   133.933333     0.346667   1   0 
 93 300   0.800000      469.575       29.273     0.810702      383.093  86.44     0.763009        1.219     0.013743   134.613333     0.680000   0   0 
 94 300   0.800000      470.003       29.250     0.810945      383.488  86.53     0.763092        2.058     0.078916   135.200000     0.586667   0   0 
 95 300   0.800000      469.958       29.205     0.811569      383.753  86.59     0.763765        4.352     0.004781   136.360000     1.160000   1   0 
 96 300   0.800000      469.958       29.205     0.812067      383.789  86.59     0.764444       13.915     0.306728   139.026667     2.666667   0   0 
 97 300   0.800000      469.958       29.205     0.812383      383.804  86.60     0.764887       13.915     0.050821   142.200000     3.173333   1   0 
 98 300   0.800000      469.958       29.205     0.814096      383.884  86.62     0.766846        2.961     0.006889   142.480000     0.280000   0   0 
 99 300   0.800000      469.733       29.205     0.816559      384.227  86.69     0.769840        4.440     0.131428   144.840000     2.360000   1   0 
100 300   0.800000      469.845       29.228     0.818366      384.753  86.81     0.772372        1.472     0.412532   147.080000     2.240000   0   0 
