#scene........................: /home/eldamian/nbvEverardo/models/laboratory.wrl
#triangles....................: 361767
#Total triangles' area........: 443.205414 (m2)
#sensor aperture..............: 135.000000 x 70.000000 (deg)
#range image size.............: 350 x 80
#sensor blind distances.......: 0.500000 .. 30.000000 (m)
#sensor blind angle...........: 80.000000
#sensor Gaussian noise std dev: 0.012000 (m)
#views number.................: 100 
#optimization method..........: Evolution Strategy
#view iterations fitness vxl_occupied(m2) occplane(m2) vxl_quality tri_imaged(m2) tri_imaged(%) tri_quality travelled(m) energy total_time single_time backstep change
  0   0  -0.000000       18.338        0.000     0.641809       15.030   3.39     0.643016        0.000     0.000000     0.000000     0.000000   0   0 
  1 308   0.683213       84.938       65.633     0.544808       30.718   6.93     0.585095        0.000     0.166667     0.200000     0.200000   0   0 
  2 308   0.922584      138.150      102.803     0.570681       49.406  11.15     0.600011        7.380     0.487629     0.653333     0.453333   0   0 
  3 308   0.831325      152.775       92.093     0.592490       64.427  14.54     0.617881        3.204     0.506618     1.106667     0.453333   0   0 
  4 308   0.761985      178.448      264.533     0.598997       79.602  17.96     0.647860        3.231     0.499527     1.800000     0.693333   0   0 
  5 308   0.904581      184.883      260.370     0.604214       87.744  19.80     0.647684        2.999     0.448886     2.360000     0.560000   0   0 
  6 308   0.299877      186.188      258.413     0.613628       91.046  20.54     0.656172        0.232     0.113298     2.866667     0.506667   0   0 
  7 308   0.829263      188.573      258.930     0.617286       94.681  21.36     0.655174        2.577     0.279463     3.373333     0.506667   0   0 
  8 308   0.775353      189.608      256.815     0.623684       97.843  22.08     0.656938        3.197     0.163909     3.893333     0.520000   0   0 
  9 308   0.887927      244.755      194.535     0.615800      113.866  25.69     0.648223        5.942     0.285281     4.413333     0.520000   0   0 
 10 308   0.988770      265.545      180.090     0.613565      127.123  28.68     0.640374        5.237     0.276775     6.386667     1.973333   0   0 
 11 308   0.968069      307.755      219.735     0.614280      142.349  32.12     0.638793        1.553     0.103533     8.720000     2.333333   0   0 
 12 308   0.991183      333.000      208.710     0.613641      157.241  35.48     0.636674        1.579     0.184540    10.306667     1.586667   0   0 
 13 308   0.849351      360.945      191.228     0.641783      178.477  40.27     0.654057        0.243     0.452343    13.186667     2.880000   0   0 
 14 308   0.469157      370.125      176.108     0.645659      189.805  42.83     0.656817        1.939     0.173812    16.573333     3.386667   0   0 
 15 308   0.810094      382.140      170.978     0.654546      200.297  45.19     0.660855        2.338     0.599465    19.906667     3.333333   0   0 
 16 308   0.703416      390.555      169.853     0.657412      206.870  46.68     0.662060        9.450     0.307479    20.986667     1.080000   0   0 
 17 308   0.930534      393.480      167.625     0.666955      213.608  48.20     0.669084        8.668     0.366919    23.813333     2.826667   0   0 
 18 308   0.535898      402.638      137.543     0.668981      224.704  50.70     0.668420        0.894     0.738131    26.866667     3.053333   0   0 
 19 308   0.959265      405.945      138.285     0.669842      228.163  51.48     0.667864        5.134     0.625967    28.000000     1.133333   0   0 
 20 308   0.313373      408.173      129.803     0.673561      234.961  53.01     0.671559        4.300     0.430630    30.853333     2.853333   0   0 
 21 308   0.185485      408.308      126.585     0.680782      243.754  55.00     0.674813        1.936     0.579487    34.213333     3.360000   0   0 
 22 308   0.511866      414.428      119.340     0.687120      249.217  56.23     0.677268        5.007     0.557016    35.853333     1.640000   0   0 
 23 308   0.189467      415.643      116.685     0.690699      252.014  56.86     0.679420        0.661     0.174000    37.066667     1.213333   0   0 
 24 308   0.201645      419.850      105.120     0.693016      256.939  57.97     0.680477        6.055     0.539535    39.600000     2.533333   0   0 
 25 308   0.284830      426.803       87.750     0.703591      265.618  59.93     0.685775        6.338     0.339671    41.106667     1.506667   0   0 
 26 308   0.071457      427.185       85.388     0.707322      270.732  61.08     0.689316        4.987     0.389719    45.466667     4.360000   0   0 
 27 308   0.161085      427.388       84.285     0.711347      273.990  61.82     0.691491        3.988     0.277941    47.293333     1.826667   0   0 
 28 308   0.800497      443.025       71.933     0.707948      282.364  63.71     0.687295       13.129     0.209305    48.173333     0.880000   0   0 
 29 308   0.927314      447.953       67.793     0.710102      287.397  64.85     0.687509        5.605     0.278433    48.400000     0.226667   0   0 
 30 308   0.609937      456.120       49.500     0.713181      299.168  67.50     0.686650        2.420     0.116200    49.146667     0.746667   0   0 
 31 308   0.420603      456.908       48.285     0.715292      302.761  68.31     0.686252        6.658     0.199376    49.946667     0.800000   0   0 
 32 308   0.175586      457.020       48.038     0.716694      304.321  68.66     0.686909        7.144     0.511912    51.453333     1.506667   0   0 
 33 308   0.216939      459.090       40.793     0.721222      311.960  70.39     0.688233        1.097     0.617124    52.946667     1.493333   0   0 
 34 308   0.102333      461.903       37.080     0.733238      319.044  71.99     0.695043       11.286     0.349681    53.666667     0.720000   0   0 
 35 308   0.132868      463.590       34.538     0.734450      323.305  72.95     0.694634        0.516     0.196745    54.626667     0.960000   0   0 
 36 308   0.084258      464.243       34.335     0.736360      324.779  73.28     0.695526       16.011     0.336972    56.133333     1.506667   0   0 
 37 308   0.076145      464.805       33.818     0.737013      328.441  74.11     0.696426        1.373     0.402583    60.000000     3.866667   0   0 
 38 308   0.068164      465.278       32.985     0.743189      332.368  74.99     0.701409        1.986     0.327359    63.200000     3.200000   0   0 
 39 308   0.375233      465.413       32.895     0.744561      333.687  75.29     0.701932       12.758     0.279401    63.466667     0.266667   0   0 
 40 308   0.065306      466.155       32.490     0.749290      336.877  76.01     0.702775        5.611     0.168526    63.920000     0.453333   0   0 
 41 308   0.070926      466.403       31.635     0.749991      338.779  76.44     0.702961       13.483     0.025538    66.080000     2.160000   0   0 
 42 308   0.097828      466.335       31.523     0.751666      339.783  76.66     0.704585       14.734     0.368916    66.680000     0.600000   0   0 
 43 308   0.333400      466.133       31.320     0.752802      341.010  76.94     0.704663        5.928     0.332003    67.240000     0.560000   0   0 
 44 308   0.147701      466.470       30.825     0.754075      342.436  77.26     0.704940        7.684     0.013256    67.773333     0.533333   0   0 
 45 308   0.072754      466.605       37.035     0.755020      343.809  77.57     0.705996       16.817     0.298990    69.960000     2.186667   0   0 
 46 308   0.072439      466.965       37.845     0.755143      344.023  77.62     0.706339        0.381     0.020508    72.333333     2.373333   0   0 
 47 308   0.072439      467.798       36.518     0.758302      347.838  78.48     0.708687       16.678     0.001890    73.933333     1.600000   1   0 
 48 308   0.068223      468.473       44.100     0.758795      349.200  78.79     0.709909       15.968     0.211193    75.413333     1.480000   0   0 
 49 308   0.067849      469.530       50.130     0.759054      350.721  79.13     0.710453       15.968     0.023842    76.800000     1.386667   1   0 
 50 308   0.066870      470.655       52.470     0.759667      351.152  79.23     0.710594       16.093     0.510384    79.053333     2.253333   0   0 
 51 308   0.066870      471.353       54.563     0.761083      354.120  79.90     0.710866       16.093     0.010384    81.293333     2.240000   1   0 
 52 308   0.072924      471.128       54.450     0.761575      355.228  80.15     0.711107        7.575     0.360597    81.973333     0.680000   0   0 
 53 308   0.067466      470.520       54.360     0.764924      357.527  80.67     0.712682        4.214     0.124968    82.800000     0.826667   0   0 
 54 308   0.065662      470.070       54.360     0.765295      357.796  80.73     0.712978        0.298     0.014684    83.400000     0.600000   0   0 
 55 308   0.065863      470.025       54.270     0.765607      357.898  80.75     0.713404        1.120     0.001378    84.093333     0.693333   0   0 
 56 308   0.065925      469.800       54.270     0.765850      357.955  80.76     0.713641        0.437     0.019550    84.693333     0.600000   0   0 
 57 308   0.071338      469.665       54.270     0.766825      358.706  80.93     0.714701        5.758     0.114681    85.413333     0.720000   0   0 
 58 308   0.065724      470.093       53.663     0.769924      361.854  81.64     0.717350        3.528     0.368634    86.546667     1.133333   0   0 
 59 308   0.068055      472.185       62.145     0.770333      362.456  81.78     0.718566        9.642     0.338941    87.293333     0.746667   0   0 
 60 308   0.077753      472.748       61.313     0.770275      363.379  81.99     0.718308        4.784     0.097070    88.200000     0.906667   0   0 
 61 308   0.070970      473.198       61.200     0.770077      363.795  82.08     0.718082        0.326     0.013218    88.933333     0.733333   0   0 
 62 308   0.068461      473.243       60.345     0.771967      365.005  82.36     0.718686        4.467     0.006426    89.386667     0.453333   1   0 
 63 308   0.069823      473.063       60.390     0.773476      365.891  82.56     0.719645       15.199     0.383463    91.533333     2.146667   0   0 
 64 308   0.069989      473.670       60.480     0.774606      366.659  82.73     0.721099        0.896     0.121668    93.946667     2.413333   0   0 
 65 308   0.148480      472.995       59.760     0.775583      368.038  83.04     0.720904        6.514     0.168334    94.986667     1.040000   0   0 
 66 308   0.141472      475.403       58.815     0.776642      370.081  83.50     0.722318        0.372     0.123413    95.773333     0.786667   0   0 
 67 308   0.068281      476.348       58.140     0.778156      371.863  83.90     0.722614        1.122     0.128665    96.933333     1.160000   0   0 
 68 308   0.066688      476.505       57.758     0.778094      372.600  84.07     0.722925        5.389     0.554198   100.293333     3.360000   0   0 
 69 308   0.067428      476.415       57.758     0.778289      372.765  84.11     0.723102        0.767     0.304915   103.333333     3.040000   0   0 
 70 308   0.067478      476.010       57.758     0.778455      372.842  84.12     0.723170        0.206     0.003737   106.400000     3.066667   0   0 
 71 308   0.073956      476.010       57.758     0.778460      372.857  84.13     0.723185        1.070     0.195098   107.826667     1.426667   0   0 
 72 308   0.073956      476.010       57.758     0.781121      374.785  84.56     0.725421        6.025     0.002613   110.013333     2.186667   1   0 
 73 308   0.079341      476.460       56.588     0.781297      376.510  84.95     0.725234        1.017     0.207653   110.893333     0.880000   0   0 
 74 308   0.151954      477.473       64.305     0.782640      377.995  85.29     0.726091       11.292     0.189439   111.240000     0.346667   0   0 
 75 308   0.621555      479.228       68.085     0.782256      378.817  85.47     0.725687        0.859     0.012620   111.373333     0.133333   0   0 
 76 308   0.423421      479.205       68.018     0.783650      380.227  85.79     0.727403       11.626     0.014708   111.720000     0.346667   1   0 
 77 308   0.066344      479.205       68.018     0.784844      380.457  85.84     0.729232        5.941     0.114595   115.120000     3.400000   0   0 
 78 308   0.067849      479.205       68.018     0.785011      380.897  85.94     0.729020        1.240     0.189521   117.813333     2.693333   0   0 
 79 308   0.067849      479.160       67.928     0.785078      380.968  85.96     0.729239        6.062     0.034998   119.986667     2.173333   1   0 
 80 308   0.065243      478.665       67.748     0.785338      381.450  86.07     0.730044        0.481     0.097431   121.093333     1.106667   0   0 
 81 308   0.067428      479.003       67.860     0.785301      381.517  86.08     0.730105        5.828     0.012274   123.400000     2.306667   0   0 
 82 308   0.067428      479.003       67.860     0.785358      381.517  86.08     0.730105        5.828     0.012274   126.293333     2.893333   1   0 
 83 308   0.089222      479.385       67.860     0.788072      382.774  86.37     0.731584        7.910     0.116868   126.786667     0.493333   0   0 
 84 308   0.069075      479.565       73.620     0.788309      382.955  86.41     0.731932       14.007     0.133335   129.533333     2.746667   0   0 
 85 308   0.072794      479.565       73.620     0.788900      383.035  86.42     0.732869        0.457     0.151653   131.853333     2.320000   0   0 
 86 308   0.072914      479.565       73.620     0.788996      383.143  86.45     0.733030        0.259     0.008167   134.373333     2.520000   0   0 
 87 308   0.072914      480.105       73.530     0.791446      383.882  86.61     0.735635       14.108     0.005223   136.906667     2.533333   1   0 
 88 308   0.066319      480.218       79.043     0.791455      383.893  86.62     0.735649       13.842     0.175579   140.160000     3.253333   0   0 
 89 308   0.071103      480.218       79.043     0.791456      383.914  86.62     0.735683        0.193     0.197513   141.586667     1.426667   0   0 
 90 308   0.072439      480.218       79.043     0.791459      383.916  86.62     0.735700        0.299     0.005891   143.640000     2.053333   0   0 
 91 308   0.074207      480.218       79.043     0.791522      383.916  86.62     0.735816        0.308     0.003297   145.840000     2.200000   0   0 
 92 308   0.074207      480.330       79.020     0.791549      384.047  86.65     0.735837       14.182     0.007939   147.653333     1.813333   1   0 
 93 308   0.066288      480.240       82.440     0.791684      384.123  86.67     0.736004       13.186     0.399796   150.440000     2.786667   0   0 
 94 308   0.067434      480.240       82.440     0.791760      384.199  86.69     0.736060        1.536     0.209915   153.653333     3.213333   0   0 
 95 308   0.067663      480.240       82.440     0.791820      384.290  86.71     0.736074        0.141     0.081428   155.826667     2.173333   0   0 
 96 308   0.067849      480.240       82.440     0.791847      384.308  86.71     0.736076        0.274     0.080101   156.946667     1.120000   0   0 
 97 308   0.072319      480.240       82.440     0.791847      384.308  86.71     0.736077        0.941     0.199041   158.506667     1.560000   0   0 
 98 308   0.074202      480.240       82.440     0.791848      384.308  86.71     0.736078        0.246     0.006584   160.360000     1.853333   0   0 
 99 308   0.074202      480.240       82.440     0.791862      384.308  86.71     0.736078       14.397     0.014418   161.973333     1.613333   1   0 
100 308   0.066895      480.308       92.543     0.791931      384.365  86.72     0.736076       13.312     0.208873   163.626667     1.653333   0   0 
