#scene........................: /home/eldamian/nbvEverardo/models/laboratory.wrl
#triangles....................: 361767
#Total triangles' area........: 443.205414 (m2)
#sensor aperture..............: 135.000000 x 70.000000 (deg)
#range image size.............: 350 x 80
#sensor blind distances.......: 0.500000 .. 30.000000 (m)
#sensor blind angle...........: 80.000000
#sensor Gaussian noise std dev: 0.012000 (m)
#views number.................: 100 
#optimization method..........: Evolution Strategy
#view iterations fitness vxl_occupied(m2) occplane(m2) vxl_quality tri_imaged(m2) tri_imaged(%) tri_quality travelled(m) energy total_time single_time backstep change
  0   0  -0.000000       18.338        0.000     0.641809       15.030   3.39     0.643016        0.000     0.000000     0.000000     0.000000   0   0 
  1 308   0.985394       18.360        0.000     0.644962       15.030   3.39     0.643016        0.000     0.000000     0.306667     0.306667   0   0 
  2 308   0.779379       72.923       47.520     0.554533       25.615   5.78     0.627807        0.000     0.109925     0.520000     0.213333   0   0 
  3 308   0.792339      130.590      102.915     0.544004       35.023   7.90     0.625341        0.000     0.166667     0.760000     0.240000   0   0 
  4 308   0.964915      143.775      116.348     0.551228       43.044   9.71     0.625604        6.464     0.605157     0.986667     0.226667   0   0 
  5 308   0.994283      143.865      116.505     0.558100       43.897   9.90     0.632850        1.788     0.167201     1.200000     0.213333   0   0 
  6 308   0.994318      153.945      116.505     0.579313       53.300  12.03     0.652949        7.604     0.162434     1.373333     0.173333   1   0 
  7 308   0.526785      211.883      170.820     0.614067       75.608  17.06     0.666234        6.535     0.404261     1.746667     0.373333   0   0 
  8 308   0.993706      218.070      194.333     0.615461       85.125  19.21     0.664507        1.067     0.185697     3.080000     1.333333   0   0 
  9 308   0.996580      226.508      202.883     0.617699       93.143  21.02     0.670026        0.958     0.155294     3.920000     0.840000   0   0 
 10 308   0.997319      232.020      199.260     0.625330       99.639  22.48     0.678832        0.319     0.139647     5.146667     1.226667   0   0 
 11 308   0.994376      235.508      192.555     0.627364      102.821  23.20     0.678645        0.333     0.010835     6.493333     1.346667   0   0 
 12 308   0.994318      235.890      192.398     0.627690      103.862  23.43     0.678650        0.164     0.039671     7.640000     1.146667   0   0 
 13 308   0.994318      245.318      193.905     0.637873      113.100  25.52     0.678757        7.104     0.014257     9.040000     1.400000   1   0 
 14 308   0.982887      269.775      198.540     0.649506      122.440  27.63     0.696594        1.222     0.770535     9.786667     0.746667   0   0 
 15 308   0.985523      268.853      194.918     0.650170      122.440  27.63     0.696594        0.000     0.000000    10.826667     1.040000   0   0 
 16 308   0.997511      273.758      189.270     0.670016      138.466  31.24     0.701866        6.865     0.408528    12.973333     2.146667   0   0 
 17 308   0.995727      282.083      166.860     0.669558      145.826  32.90     0.701214        1.410     0.173866    15.373333     2.400000   0   0 
 18 308   0.995318      282.308      165.533     0.674060      150.965  34.06     0.702316        0.636     0.114047    17.986667     2.613333   0   0 
 19 308   0.994229      283.005      165.510     0.675937      153.200  34.57     0.703378        0.464     0.246715    20.733333     2.746667   0   0 
 20 308   0.995047      292.950      174.398     0.677364      157.845  35.61     0.704090        8.950     0.689096    21.453333     0.720000   0   0 
 21 308   0.994318      292.815      174.398     0.677448      157.916  35.63     0.703991        0.944     0.021664    21.893333     0.440000   0   0 
 22 308   0.994318      297.315      168.593     0.677054      161.050  36.34     0.705453        8.869     0.167433    22.613333     0.720000   1   0 
 23 308   0.997544      306.000      155.385     0.673909      167.477  37.79     0.704649        2.450     0.147757    25.986667     3.373333   0   0 
 24 308   0.995993      323.460      145.778     0.685939      180.168  40.65     0.707655        2.428     0.379549    29.400000     3.413333   0   0 
 25 308   0.995664      335.228      161.190     0.693357      188.936  42.63     0.709264        4.278     0.237514    30.813333     1.413333   0   0 
 26 308   0.994340      337.005      154.530     0.693013      191.814  43.28     0.709077        2.432     0.192771    35.160000     4.346667   0   0 
 27 308   0.994052      337.388      154.103     0.698161      193.362  43.63     0.717251        3.203     0.147042    36.506667     1.346667   0   0 
 28 308   0.997478      342.405      154.418     0.701955      199.430  45.00     0.714894        5.697     0.351333    37.520000     1.013333   0   0 
 29 308   0.995942      343.373      153.630     0.705811      202.595  45.71     0.714049        4.957     0.256568    38.826667     1.306667   0   0 
 30 308   0.993522      343.530      153.428     0.707025      203.473  45.91     0.714655        0.111     0.021358    39.426667     0.600000   0   0 
 31 308   0.994318      343.485      153.405     0.708781      204.268  46.09     0.715203        5.015     0.020696    40.373333     0.946667   1   0 
 32 308   0.997195      345.398      148.815     0.707984      209.873  47.35     0.712252        3.852     0.190617    42.333333     1.960000   0   0 
 33 308   0.994318      345.645      149.805     0.712518      211.659  47.76     0.715964        2.047     0.168303    43.706667     1.373333   0   0 
 34 308   0.994318      346.320      148.523     0.711746      214.203  48.33     0.716848        3.251     0.011059    45.613333     1.906667   1   0 
 35 308   0.993329      346.050      147.015     0.710249      218.157  49.22     0.713748        0.717     0.298376    46.680000     1.066667   0   0 
 36 308   0.994318      346.050      147.015     0.712883      219.365  49.50     0.715617        2.317     0.134777    47.720000     1.040000   0   0 
 37 308   0.994318      352.418      146.813     0.709881      226.615  51.13     0.710746        5.086     0.024811    48.426667     0.706667   1   0 
 38 308   0.996534      352.418      146.678     0.711081      228.169  51.48     0.710012        2.254     0.182597    50.000000     1.573333   0   0 
 39 308   0.994874      352.305      146.003     0.711963      230.172  51.93     0.709056        1.199     0.011543    53.213333     3.213333   0   0 
 40 308   0.994318      352.350      146.003     0.713803      230.864  52.09     0.709950        6.560     0.500996    53.760000     0.546667   0   0 
 41 308   0.994319      352.643      146.858     0.718133      232.662  52.50     0.712798        2.491     0.465210    54.626667     0.866667   0   0 
 42 308   0.996706      352.913      145.665     0.726253      237.574  53.60     0.716855        3.779     0.293753    56.586667     1.960000   0   0 
 43 308   0.994318      352.913      145.665     0.727094      237.854  53.67     0.717426        3.779     0.147770    59.266667     2.680000   1   0 
 44 308   0.994318      352.823      145.620     0.727877      238.487  53.81     0.717501        4.475     0.020957    60.040000     0.773333   1   0 
 45 308   0.994584      354.555      146.138     0.731356      239.677  54.08     0.721435        2.774     0.316278    61.333333     1.293333   0   0 
 46 308   0.994318      354.083      145.058     0.731795      240.995  54.38     0.720608        3.452     0.000758    63.053333     1.720000   1   0 
 47 308   0.994319      354.083      144.563     0.737762      242.705  54.76     0.727616        1.303     0.389957    66.026667     2.973333   0   0 
 48 308   0.994318      354.173      144.563     0.739555      242.961  54.82     0.730058        3.732     0.228710    68.973333     2.946667   1   0 
 49 308   0.994318      353.273      144.563     0.740197      243.137  54.86     0.730471        4.278     0.070847    70.480000     1.506667   1   0 
 50 308   0.994318      353.453      144.630     0.741705      243.720  54.99     0.731666        7.179     0.086684    73.320000     2.840000   1   0 
 51 308   0.994318      353.453      144.630     0.741729      243.720  54.99     0.731666        0.000     0.000000    74.320000     1.000000   0   1 
 52 308   0.126246      354.690      144.023     0.744152      245.143  55.31     0.733152        4.051     0.134190    75.200000     0.880000   0   1 
 53 308   0.295240      373.973      124.335     0.754189      256.833  57.95     0.736848        6.299     0.663547    78.013333     2.813333   0   1 
 54 308   0.024588      374.063      121.905     0.764569      261.788  59.07     0.747177        2.536     0.377533    82.333333     4.320000   0   1 
 55 308   0.411041      409.163      104.580     0.757735      279.800  63.13     0.743957       11.342     0.893519    82.720000     0.386667   0   1 
 56 308   0.432303      419.513       91.260     0.753451      288.258  65.04     0.741136        2.518     0.371040    83.400000     0.680000   0   1 
 57 308   0.413172      427.140       82.148     0.760268      302.567  68.27     0.742100        3.038     0.138127    84.360000     0.960000   0   1 
 58 308   0.400074      427.703       82.530     0.760612      304.353  68.67     0.741611        8.931     0.110891    85.146667     0.786667   0   1 
 59 308   0.365882      428.445       83.228     0.761436      305.105  68.84     0.742533        0.447     0.125499    85.893333     0.746667   0   1 
 60 308   0.319826      428.783       83.115     0.761693      305.105  68.84     0.742533        9.327     0.016541    86.773333     0.880000   1   1 
 61 308   0.437620      440.123       66.060     0.757481      313.551  70.75     0.738521        3.787     0.298856    87.573333     0.800000   0   1 
 62 308   0.282080      447.413       50.175     0.764769      326.461  73.66     0.740680        1.691     0.287353    88.293333     0.720000   0   1 
 63 308   0.097732      451.238       44.618     0.766366      334.994  75.58     0.738731        1.803     0.189737    89.000000     0.706667   0   1 
 64 308   0.021454      451.643       53.753     0.769153      335.738  75.75     0.742034       16.460     0.454512    91.400000     2.400000   0   1 
 65 308   0.029628      451.643       53.753     0.769730      335.890  75.79     0.743101        0.573     0.004830    93.706667     2.306667   0   1 
 66 308   0.188911      452.655       52.223     0.770235      337.042  76.05     0.743250        4.238     0.117262    95.040000     1.333333   0   1 
 67 308   0.347716      453.128       51.188     0.771422      338.849  76.45     0.743128        8.074     0.371151    95.626667     0.586667   0   1 
 68 308   0.202150      453.015       51.030     0.772597      339.082  76.51     0.744306        8.074     0.017134    96.466667     0.840000   1   1 
 69 308   0.011826      452.948       50.940     0.773827      339.786  76.67     0.745307        2.865     0.434211    99.840000     3.373333   0   1 
 70 308   0.013211      452.790       50.873     0.774846      340.273  76.78     0.746331        0.574     0.061134   102.266667     2.426667   0   1 
 71 308   0.017190      452.925       50.873     0.774981      340.703  76.87     0.746674        2.028     0.726180   104.266667     2.000000   0   1 
 72 308   0.174317      455.670       48.488     0.775190      342.848  77.36     0.747418        6.102     0.302932   104.826667     0.560000   0   1 
 73 308   0.022768      456.053       48.600     0.775174      342.882  77.36     0.747524        6.537     0.334127   108.093333     3.266667   0   1 
 74 308   0.038734      456.053       48.600     0.775270      342.886  77.37     0.747695        0.846     0.003724   110.266667     2.173333   0   1 
 75 308   0.038734      456.143       48.375     0.776105      343.990  77.61     0.749418        7.052     0.002930   111.840000     1.573333   1   1 
 76 308   0.072318      459.698       49.770     0.775470      348.023  78.52     0.747677        8.151     0.456951   112.840000     1.000000   0   1 
 77 308   0.278182      460.800       48.443     0.777743      350.426  79.07     0.747796        3.222     0.205324   113.746667     0.906667   0   1 
 78 308   0.231206      461.363       46.800     0.779669      353.429  79.74     0.746875        5.154     0.639014   114.160000     0.413333   0   1 
 79 308   0.040593      461.543       46.395     0.781457      354.381  79.96     0.748013        3.748     0.004358   114.733333     0.573333   0   1 
 80 308   0.076993      461.700       49.163     0.782528      355.156  80.13     0.748709        6.521     0.172599   115.773333     1.040000   0   1 
 81 308   0.038734      461.700       49.163     0.782535      355.159  80.13     0.748715        6.561     0.323640   117.733333     1.960000   0   1 
 82 308   0.038734      461.745       49.118     0.782886      355.459  80.20     0.749607        6.561     0.026365   119.533333     1.800000   1   1 
 83 308   0.040014      461.903       49.140     0.782952      355.459  80.20     0.749705        6.268     0.005101   121.506667     1.973333   0   1 
 84 308   0.041255      461.903       49.095     0.782951      355.459  80.20     0.749705        6.268     0.005101   122.946667     1.440000   1   1 
 85 308   0.119170      464.468       47.205     0.785214      361.538  81.57     0.748826       10.197     0.140104   124.013333     1.066667   0   1 
 86 308   0.156166      469.373       39.443     0.796225      367.277  82.87     0.752696        5.387     0.203141   124.826667     0.813333   0   1 
 87 308   0.243628      469.688       38.588     0.797823      369.744  83.42     0.752942        4.753     0.152792   125.346667     0.520000   0   1 
 88 308   0.141127      471.105       36.000     0.800837      374.177  84.43     0.754781        4.753     0.006810   125.893333     0.546667   1   1 
 89 308   0.084763      471.780       34.673     0.802126      376.312  84.91     0.755298        0.682     0.000383   126.346667     0.453333   0   1 
 90 308   0.040620      473.828       33.683     0.802815      378.364  85.37     0.756000        0.059     0.157657   126.720000     0.373333   0   1 
 91 308   0.029278      473.963       33.548     0.804746      380.161  85.78     0.756544        3.758     0.136146   127.253333     0.533333   0   1 
 92 308   0.019890      475.200       44.865     0.804823      380.236  85.79     0.756612       14.764     0.126066   128.760000     1.506667   0   1 
 93 308   0.025539      475.403       44.865     0.804835      380.237  85.79     0.756657        0.950     0.210735   130.533333     1.773333   0   1 
 94 308   0.019073      475.403       44.865     0.804835      380.237  85.79     0.756659        0.551     0.009732   132.173333     1.640000   0   1 
 95 308   0.019073      475.560       44.348     0.806950      384.055  86.65     0.760342       15.669     0.002489   133.986667     1.813333   1   1 
 96 308   0.038491      475.538       44.235     0.807422      386.513  87.21     0.759425        3.312     0.448792   134.680000     0.693333   0   1 
 97 308   0.082035      475.673       43.920     0.808374      386.911  87.30     0.760133        0.481     0.111830   135.293333     0.613333   0   1 
 98 308   0.060658      475.650       43.808     0.809845      387.896  87.52     0.761468        0.328     0.149429   135.906667     0.613333   0   1 
 99 308   0.056558      475.673       43.785     0.810837      388.542  87.67     0.762039        3.825     0.003993   136.546667     0.640000   1   1 
100 308   0.044421      475.380       43.538     0.811782      389.319  87.84     0.762033        7.519     0.192684   137.586667     1.040000   0   1 
