#scene........................: /home/eldamian/nbvEverardo/models/studying_room.wrl
#triangles....................: 107322
#Total triangles' area........: 170.448196 (m2)
#sensor aperture..............: 135.000000 x 70.000000 (deg)
#range image size.............: 350 x 80
#sensor blind distances.......: 0.500000 .. 30.000000 (m)
#sensor blind angle...........: 80.000000
#sensor Gaussian noise std dev: 0.012000 (m)
#views number.................: 100 
#optimization method..........: Simulated Annealing
#view iterations fitness vxl_occupied(m2) occplane(m2) vxl_quality tri_imaged(m2) tri_imaged(%) tri_quality travelled(m) energy total_time single_time backstep change
  0   0  -0.000000       16.628        4.838     0.635252       10.896   6.39     0.627871        0.000     0.000000     0.000000     0.000000   0   0 
  1 300   0.918362       15.503        4.815     0.632690       10.896   6.39     0.627871        0.000     0.000000     0.213333     0.213333   0   0 
  2 300   0.744010       26.618       13.928     0.671789       16.741   9.82     0.676448        0.000     0.109925     0.413333     0.200000   0   0 
  3 300   0.740617       36.968       14.378     0.653019       24.536  14.40     0.649281        0.000     0.187351     0.653333     0.240000   0   0 
  4 300   0.851370       47.430       18.810     0.635060       32.030  18.79     0.635803        0.000     0.109925     0.946667     0.293333   0   0 
  5 300   0.894217       64.260       31.748     0.630369       37.468  21.98     0.631142        0.000     0.109925     1.293333     0.346667   0   0 
  6 300   0.812748       90.338       40.230     0.632909       47.126  27.65     0.642998        0.000     0.276591     1.680000     0.386667   0   0 
  7 300   0.862746      109.958       60.390     0.635707       55.673  32.66     0.649007        0.000     0.109925     2.133333     0.453333   0   0 
  8 300   0.909338      125.370       86.423     0.646786       67.500  39.60     0.656572        6.317     0.161748     2.173333     0.040000   0   0 
  9 300   0.949317      126.225       95.085     0.647033       67.500  39.60     0.656572        6.317     0.161748     2.253333     0.080000   1   0 
 10 300   0.976043      126.675       95.085     0.647177       67.500  39.60     0.656572        0.000     0.276591     2.893333     0.640000   0   0 
 11 300   0.976043      126.720       95.085     0.646961       67.500  39.60     0.656572        0.000     0.109925     3.480000     0.586667   0   0 
 12 300   0.916136      132.030       89.708     0.669610       74.663  43.80     0.672105        5.445     0.212032     3.546667     0.066667   0   0 
 13 300   0.968121      132.120       89.528     0.672638       76.502  44.88     0.671016        1.261     0.006302     3.653333     0.106667   0   0 
 14 300   0.968630      132.908       90.878     0.672758       76.502  44.88     0.671016        5.117     0.128304     3.733333     0.080000   1   0 
 15 300   0.882983      132.953       92.048     0.675378       78.053  45.79     0.667587        5.110     0.401794     3.760000     0.026667   0   0 
 16 300   0.939827      133.583       93.983     0.681841       79.981  46.92     0.672471        0.827     0.151435     3.800000     0.040000   0   0 
 17 300   0.949608      133.493       94.140     0.683430       80.260  47.09     0.679617        0.801     0.176806     3.866667     0.066667   0   0 
 18 300   0.946660      133.358       94.253     0.684233       80.666  47.33     0.684793        4.713     0.161480     3.920000     0.053333   1   0 
 19 300   0.968862      133.785       93.735     0.684852       81.375  47.74     0.684001        5.278     0.248003     4.026667     0.106667   0   0 
 20 300   0.975434      133.740       93.758     0.685567       81.375  47.74     0.684001        5.278     0.138078     4.106667     0.080000   1   0 
 21 300   0.976043      133.830       93.758     0.685669       81.375  47.74     0.684001        0.000     0.276591     4.666667     0.560000   0   0 
 22 300   0.976043      133.650       93.758     0.685647       81.375  47.74     0.684001        0.000     0.109925     5.293333     0.626667   0   0 
 23 300   0.976043      133.650       93.758     0.685803       81.397  47.75     0.684146        5.429     0.299422     5.386667     0.093333   0   0 
 24 300   0.976043      133.673       93.690     0.685942       81.397  47.75     0.684146        5.429     0.132755     5.466667     0.080000   1   0 
 25 300   0.976043      133.763       93.690     0.685960       81.397  47.75     0.684146        0.000     0.276591     6.053333     0.586667   0   0 
 26 300   0.976043      133.673       93.690     0.685994       81.397  47.75     0.684146        0.000     0.109925     6.666667     0.613333   0   0 
 27 300   0.978073      133.628       93.240     0.691020       82.491  48.40     0.686757        5.542     0.409158     6.693333     0.026667   0   0 
 28 300   0.989584      152.460      109.890     0.683339       90.738  53.23     0.685640        0.912     0.262150     6.733333     0.040000   0   0 
 29 300   0.965005      171.518       99.720     0.700821      107.166  62.87     0.692710        4.995     0.147009     6.760000     0.026667   1   0 
 30 300   0.974059      175.500       98.708     0.715978      112.594  66.06     0.697146        3.162     0.605242     6.773333     0.013333   0   0 
 31 300   0.975470      175.545       98.708     0.715963      112.594  66.06     0.697146        3.162     0.161984     6.800000     0.026667   1   0 
 32 300   0.798041      175.500      100.418     0.716872      113.248  66.44     0.697771        4.814     0.608948     6.840000     0.040000   0   0 
 33 300   0.969200      175.568      100.440     0.717704      113.897  66.82     0.697504        1.146     0.188602     6.973333     0.133333   0   0 
 34 300   0.971804      175.860       99.653     0.718143      115.804  67.94     0.699350        5.186     0.143754     7.026667     0.053333   1   0 
 35 300   0.976043      175.860       99.653     0.718167      115.804  67.94     0.699350        0.000     0.354018     7.600000     0.573333   0   0 
 36 300   0.976043      175.905       99.653     0.718174      115.804  67.94     0.699350        0.000     0.109925     8.040000     0.440000   0   0 
 37 300   0.957222      175.950      107.460     0.724319      117.935  69.19     0.702367        6.033     0.408130     8.080000     0.040000   0   0 
 38 300   0.972539      175.905      107.505     0.724634      117.935  69.19     0.702367        6.033     0.164036     8.173333     0.093333   1   0 
 39 300   0.983675      175.883      112.748     0.724751      117.935  69.19     0.702367        0.000     0.333333     8.733333     0.560000   0   0 
 40 300   0.976043      175.883      112.748     0.724775      117.935  69.19     0.702367        0.000     0.166667     9.266667     0.533333   0   0 
 41 300   0.976043      175.928      112.748     0.724745      117.935  69.19     0.702367        0.000     0.109925     9.840000     0.573333   0   0 
 42 300   0.967215      176.895      110.025     0.726535      120.754  70.84     0.701057        5.100     0.317202     9.866667     0.026667   0   0 
 43 300   0.970983      175.343      110.025     0.730337      123.329  72.36     0.702950        5.100     0.150535     9.960000     0.093333   1   0 
 44 300   0.979194      175.388      111.848     0.730621      123.329  72.36     0.702950        0.000     0.187351    10.613333     0.653333   0   0 
 45 300   0.981995      175.050      112.005     0.733933      124.780  73.21     0.705658        0.000     0.077427    11.080000     0.466667   0   0 
 46 300   0.912944      184.748      112.320     0.750418      128.644  75.47     0.710022        6.241     0.239091    11.120000     0.040000   0   0 
 47 300   0.923258      184.793      112.185     0.750419      128.644  75.47     0.710022        6.241     0.161665    11.160000     0.040000   1   0 
 48 300   0.959696      185.738      112.208     0.750995      129.546  76.00     0.710753        5.025     0.353257    11.280000     0.120000   0   0 
 49 300   0.971510      184.973      112.298     0.751840      129.546  76.00     0.710753        5.025     0.165906    11.306667     0.026667   1   0 
 50 300   0.976043      184.973      112.298     0.751781      129.546  76.00     0.710753        0.000     0.166667    11.986667     0.680000   0   0 
 51 300   0.887794      184.815      116.730     0.753328      131.161  76.95     0.710384        4.763     0.687094    12.026667     0.040000   0   0 
 52 300   0.932061      185.220      115.943     0.753947      132.136  77.52     0.710164        1.031     0.417953    12.120000     0.093333   0   0 
 53 300   0.976043      185.130      115.943     0.753931      132.136  77.52     0.710164        4.847     0.159216    12.173333     0.053333   1   0 
 54 300   0.976043      185.130      115.943     0.756695      132.342  77.64     0.713021        2.808     0.422473    12.200000     0.026667   0   0 
 55 300   0.976043      185.130      115.943     0.756788      132.342  77.64     0.713021        0.000     0.000000    12.240000     0.040000   0   1 
 56 300   0.033059      187.380      113.310     0.759499      137.504  80.67     0.709660        3.876     0.290631    12.320000     0.080000   0   1 
 57 300   0.016981      187.155      113.153     0.760338      137.708  80.79     0.710687        3.994     0.363121    12.400000     0.080000   0   1 
 58 300   0.016632      186.998      113.153     0.762837      138.492  81.25     0.712485        3.994     0.029787    12.440000     0.040000   1   1 
 59 300   0.000000      186.345      112.815     0.766343      138.721  81.39     0.717540        3.876     0.034724    12.466667     0.026667   1   1 
 60 300   0.331091      186.120      110.970     0.768842      139.500  81.84     0.723094        0.159     0.191941    12.520000     0.053333   0   1 
 61 300   0.333436      187.313      113.220     0.769283      139.605  81.90     0.723423        7.597     0.002760    12.573333     0.053333   1   1 
 62 300   0.489719      187.448      113.265     0.770675      139.700  81.96     0.723488        0.262     0.508472    12.720000     0.146667   0   1 
 63 300   0.489719      187.200      113.558     0.771063      139.780  82.01     0.723616        5.109     0.130060    12.760000     0.040000   1   1 
 64 300   0.464948      186.773      113.220     0.771742      139.996  82.13     0.726601        0.000     0.479316    13.386667     0.626667   0   1 
 65 300   0.462804      186.683      113.175     0.772729      139.997  82.13     0.726640        0.000     0.145982    14.013333     0.626667   0   1 
 66 300   0.457950      186.323      112.995     0.773835      139.997  82.13     0.726640        0.000     0.333333    14.640000     0.626667   0   1 
 67 300   0.424836      185.873      113.040     0.774353      140.761  82.58     0.726800        0.000     0.145982    15.320000     0.680000   0   1 
 68 300   0.405579      184.995      113.198     0.773989      141.721  83.15     0.726638        0.000     0.609924    15.960000     0.640000   0   1 
 69 300   0.311557      184.973      113.175     0.774841      141.721  83.15     0.726638        0.000     0.276591    16.573333     0.613333   0   1 
 70 300   0.256317      184.883      113.355     0.775050      141.721  83.15     0.726638        0.000     0.166667    17.160000     0.586667   0   1 
 71 300   0.240311      184.680      113.333     0.775521      141.721  83.15     0.726638        0.000     0.354018    17.640000     0.480000   0   1 
 72 300   0.164671      184.365      113.153     0.775616      141.721  83.15     0.726638        0.000     0.410760    18.133333     0.493333   0   1 
 73 300   0.155117      184.410      113.198     0.775708      141.721  83.15     0.726638        0.000     0.333333    18.760000     0.626667   0   1 
 74 300   0.103706      184.365      113.558     0.775749      141.721  83.15     0.726638        0.000     0.255907    19.426667     0.666667   0   1 
 75 300   0.238654      184.298      113.513     0.775848      141.953  83.28     0.726579        5.520     0.631818    19.506667     0.080000   0   1 
 76 300   0.238510      184.118      113.400     0.775948      141.953  83.28     0.726579        5.520     0.131818    19.586667     0.080000   1   1 
 77 300   0.473449      184.028      113.400     0.777250      141.953  83.28     0.726579        0.000     0.589240    20.213333     0.626667   0   1 
 78 300   0.465017      183.960      113.378     0.777538      141.953  83.28     0.726579        0.000     0.479316    20.800000     0.586667   0   1 
 79 300   0.463231      183.960      113.378     0.777667      141.953  83.28     0.726579        0.000     0.145982    21.373333     0.573333   0   1 
 80 300   0.449642      184.050      114.143     0.777908      142.402  83.55     0.727159        5.295     0.636745    21.440000     0.066667   0   1 
 81 300   0.448871      183.870      114.143     0.778168      142.402  83.55     0.727159        5.295     0.157429    21.493333     0.053333   1   1 
 82 300   0.052407      184.770      112.208     0.780078      144.499  84.78     0.726280        4.907     0.441022    21.533333     0.040000   0   1 
 83 300   0.001220      184.815      112.208     0.780108      144.499  84.78     0.726280        4.907     0.143746    21.533333     0.000000   1   1 
 84 300   0.470455      184.703      112.163     0.780098      144.499  84.78     0.726280        0.000     0.276591    22.226667     0.693333   0   1 
 85 300   0.000000      184.703      112.163     0.780100      144.500  84.78     0.726516        4.684     0.458460    22.240000     0.013333   0   1 
 86 300   0.000000      184.725      112.140     0.780075      144.500  84.78     0.726516        4.684     0.145811    22.280000     0.040000   1   1 
 87 300   0.317116      185.895      109.553     0.780495      147.273  86.40     0.726120        5.434     0.165796    22.373333     0.093333   0   1 
 88 300   0.365020      185.670      106.088     0.782280      149.146  87.50     0.724068        1.347     0.000032    22.493333     0.120000   0   1 
 89 300   0.441126      185.873      105.345     0.783830      149.343  87.62     0.724516        1.274     0.148872    22.573333     0.080000   0   1 
 90 300   0.436038      186.053      105.525     0.783871      149.343  87.62     0.724516        5.511     0.162938    22.640000     0.066667   1   1 
 91 300   0.277487      186.008      105.480     0.786237      150.683  88.40     0.724205        6.019     0.470059    22.746667     0.106667   0   1 
 92 300   0.277142      186.098      105.210     0.786335      150.683  88.40     0.724205        6.019     0.136726    22.800000     0.053333   1   1 
 93 300   0.454661      186.120      102.150     0.787151      150.901  88.53     0.725283        4.891     0.284473    22.893333     0.093333   0   1 
 94 300   0.454129      186.120      102.240     0.787319      150.901  88.53     0.725283        4.891     0.138490    23.000000     0.106667   1   1 
 95 300   0.001185      186.053      102.105     0.787862      151.309  88.77     0.724529        6.334     0.350374    23.040000     0.040000   0   1 
 96 300   0.129026      186.053      102.105     0.789451      151.641  88.97     0.728305        1.935     0.191595    23.213333     0.173333   0   1 
 97 300   0.129026      186.143      102.105     0.789433      151.641  88.97     0.728305        5.595     0.158779    23.306667     0.093333   1   1 
 98 300   0.142217      186.278      101.880     0.790888      151.905  89.12     0.730354        2.085     0.609208    23.333333     0.026667   0   1 
 99 300   0.141148      186.233      101.880     0.791065      151.915  89.13     0.731009        2.030     0.263449    23.400000     0.066667   0   1 
100 300   0.141148      186.188      101.790     0.791079      151.915  89.13     0.731009        3.571     0.146595    23.440000     0.040000   1   1 
