#scene........................: /home/eldamian/nbvEverardo/models/studying_room.wrl
#triangles....................: 107322
#Total triangles' area........: 170.448196 (m2)
#sensor aperture..............: 135.000000 x 70.000000 (deg)
#range image size.............: 350 x 80
#sensor blind distances.......: 0.500000 .. 30.000000 (m)
#sensor blind angle...........: 80.000000
#sensor Gaussian noise std dev: 0.012000 (m)
#views number.................: 100 
#optimization method..........: Simulated Annealing
#view iterations fitness vxl_occupied(m2) occplane(m2) vxl_quality tri_imaged(m2) tri_imaged(%) tri_quality travelled(m) energy total_time single_time backstep change
  0   0  -0.000000       16.628        4.838     0.635252       10.896   6.39     0.627871        0.000     0.000000     0.000000     0.000000   0   0 
  1 300   0.929607       15.503        4.815     0.632690       10.896   6.39     0.627871        0.000     0.000000     0.266667     0.266667   0   0 
  2 300   0.723494       26.618       13.928     0.671789       16.741   9.82     0.676448        0.000     0.109925     0.520000     0.253333   0   0 
  3 300   0.719783       36.968       14.378     0.653019       24.536  14.40     0.649281        0.000     0.187351     0.800000     0.280000   0   0 
  4 300   0.846824       47.430       18.810     0.635060       32.030  18.79     0.635803        0.000     0.109925     1.173333     0.373333   0   0 
  5 300   0.899348       64.260       31.748     0.630369       37.468  21.98     0.631142        0.000     0.109925     1.546667     0.373333   0   0 
  6 300   0.800942       90.338       40.230     0.632909       47.126  27.65     0.642998        0.000     0.276591     1.893333     0.346667   0   0 
  7 300   0.860275      109.958       60.390     0.635707       55.673  32.66     0.649007        0.000     0.109925     2.293333     0.400000   0   0 
  8 300   0.901779      115.988       94.185     0.642855       59.789  35.08     0.635257        6.618     0.585675     2.346667     0.053333   0   0 
  9 300   0.911375      119.633      104.333     0.646733       60.912  35.74     0.638484        6.618     0.163101     2.426667     0.080000   1   0 
 10 300   0.896557      121.118      101.610     0.658194       65.481  38.42     0.637484        5.217     0.390567     2.440000     0.013333   0   0 
 11 300   0.995335      122.040      101.228     0.669570       69.712  40.90     0.647665        0.221     0.483623     2.506667     0.066667   0   0 
 12 300   0.993504      146.610      110.588     0.672397       84.849  49.78     0.657609        5.076     0.130353     2.573333     0.066667   1   0 
 13 300   0.994318      146.543      110.565     0.672264       84.849  49.78     0.657609        0.000     0.276591     3.133333     0.560000   0   0 
 14 300   0.991819      146.768      110.948     0.674348       85.995  50.45     0.659222        4.704     0.439425     3.146667     0.013333   0   0 
 15 300   0.992394      145.440      111.195     0.676393       85.995  50.45     0.659222        4.704     0.162833     3.226667     0.080000   1   0 
 16 300   0.994318      145.463      111.173     0.676409       85.995  50.45     0.659222        0.000     0.276591     3.773333     0.546667   0   0 
 17 300   0.994300      145.643      111.173     0.676825       85.995  50.45     0.659222        0.000     0.109925     4.306667     0.533333   0   0 
 18 300   0.994203      145.755      111.420     0.677492       85.995  50.45     0.659222        0.000     0.187351     4.786667     0.480000   0   0 
 19 300   0.935012      146.655      112.230     0.696145       89.685  52.62     0.669785        5.545     0.239034     4.800000     0.013333   0   0 
 20 300   0.936273      146.700      113.468     0.696631       90.209  52.92     0.674649        5.545     0.129109     4.826667     0.026667   1   0 
 21 300   0.889304      148.950      121.815     0.699009       95.221  55.87     0.668206        6.642     0.438197     4.840000     0.013333   0   0 
 22 300   0.987240      148.320      121.770     0.699777       95.221  55.87     0.668206        6.642     0.140921     4.866667     0.026667   1   0 
 23 300   0.977094      153.158      113.828     0.701627       98.380  57.72     0.668122        5.013     0.662140     4.920000     0.053333   0   0 
 24 300   0.998137      163.643      130.680     0.701893      104.035  61.04     0.671834        0.500     0.217953     5.106667     0.186667   0   0 
 25 300   0.990739      163.845      130.658     0.709050      105.496  61.89     0.676577        1.835     0.168631     5.253333     0.146667   0   0 
 26 300   0.992927      163.440      130.658     0.711241      106.602  62.54     0.677422        2.120     0.519522     5.320000     0.066667   0   0 
 27 300   0.994052      163.440      130.658     0.711833      106.666  62.58     0.678509        0.220     0.127080     5.386667     0.066667   0   0 
 28 300   0.994052      163.013      130.635     0.712644      106.666  62.58     0.678509        5.279     0.135870     5.413333     0.026667   1   0 
 29 300   0.994318      163.148      130.590     0.712664      106.666  62.58     0.678509        0.000     0.333333     6.013333     0.600000   0   0 
 30 300   0.994318      163.148      130.590     0.716617      107.506  63.07     0.680777        3.099     0.311415     6.080000     0.066667   0   0 
 31 300   0.994318      165.420      127.553     0.720059      110.523  64.84     0.679376        3.099     0.165433     6.093333     0.013333   1   0 
 32 300   0.987226      165.420      127.575     0.720441      111.011  65.13     0.679203        5.143     0.590653     6.186667     0.093333   0   0 
 33 300   0.986686      165.330      127.890     0.720607      111.011  65.13     0.679203        5.143     0.147395     6.293333     0.106667   1   0 
 34 300   0.994318      165.285      127.890     0.720916      111.011  65.13     0.679203        0.000     0.443258     6.893333     0.600000   0   0 
 35 300   0.984960      167.378      130.703     0.725522      111.906  65.65     0.681747        3.490     0.437988     6.920000     0.026667   0   0 
 36 300   0.983425      168.795      126.068     0.732531      115.149  67.56     0.690653        3.490     0.161397     6.933333     0.013333   1   0 
 37 300   0.969201      168.998      126.045     0.734007      116.432  68.31     0.691683        5.168     0.417942     7.026667     0.093333   0   0 
 38 300   0.993768      168.998      126.023     0.734443      116.633  68.43     0.691637        0.595     0.334043     7.160000     0.133333   0   0 
 39 300   0.993768      168.998      126.023     0.734554      116.633  68.43     0.691637        5.026     0.142060     7.186667     0.026667   1   0 
 40 300   0.994318      168.863      126.023     0.734630      116.633  68.43     0.691637        0.000     0.000000     7.760000     0.573333   0   0 
 41 300   0.994318      168.953      126.023     0.734509      116.633  68.43     0.691637        0.000     0.145982     8.306667     0.546667   0   0 
 42 300   0.735216      170.145      125.618     0.735549      118.710  69.65     0.694611        5.063     0.443239     8.373333     0.066667   0   0 
 43 300   0.988774      170.708      125.258     0.735187      119.577  70.15     0.693173        0.297     0.358885     8.480000     0.106667   0   0 
 44 300   0.994318      170.708      125.258     0.735479      119.578  70.16     0.693679        0.605     0.258074     8.586667     0.106667   0   0 
 45 300   0.994318      170.730      125.303     0.735627      120.437  70.66     0.691465        5.341     0.152998     8.600000     0.013333   1   0 
 46 300   0.994318      170.730      125.303     0.735727      120.438  70.66     0.691517        5.227     0.304231     8.640000     0.040000   0   0 
 47 300   0.994318      170.685      125.303     0.736005      120.438  70.66     0.691517        5.227     0.137565     8.706667     0.066667   1   0 
 48 300   0.921056      171.315      117.540     0.741090      123.944  72.72     0.693767        6.320     0.224433     8.866667     0.160000   0   0 
 49 300   0.940906      171.810      117.833     0.741371      124.770  73.20     0.694998        6.320     0.147006     9.000000     0.133333   1   0 
 50 300   0.994318      170.640      117.833     0.753273      125.232  73.47     0.704900        2.902     0.400402     9.053333     0.053333   0   0 
 51 300   0.994318      170.640      117.833     0.753460      125.232  73.47     0.704900        0.000     0.000000     9.080000     0.026667   0   1 
 52 300   0.000000      182.205      115.313     0.749820      135.441  79.46     0.701209        3.828     0.009303     9.120000     0.040000   1   1 
 53 300   0.062846      181.845      115.178     0.754442      136.968  80.36     0.706897        3.792     0.369023     9.240000     0.120000   0   1 
 54 300   0.062276      181.845      115.178     0.754880      137.300  80.55     0.708704        3.792     0.015005     9.266667     0.026667   1   1 
 55 300   0.042874      181.080      115.178     0.755685      137.300  80.55     0.708704        6.320     0.147006     9.333333     0.066667   1   1 
 56 300   0.002450      181.013      114.885     0.757672      137.391  80.61     0.712991        3.304     0.592169     9.360000     0.026667   0   1 
 57 300   0.002202      180.968      114.885     0.757760      137.391  80.61     0.712991        3.304     0.128226     9.386667     0.026667   1   1 
 58 300   0.421820      183.173      116.865     0.762200      137.814  80.85     0.714019        5.354     0.606036     9.426667     0.040000   0   1 
 59 300   0.447063      183.083      116.820     0.762568      137.814  80.85     0.714019        5.354     0.162778     9.520000     0.093333   1   1 
 60 300   0.402456      185.783      112.703     0.763352      141.039  82.75     0.714203        5.761     0.161169     9.560000     0.040000   0   1 
 61 300   0.395934      187.335      102.983     0.764965      143.915  84.43     0.715320        1.477     0.337868     9.693333     0.133333   0   1 
 62 300   0.357942      188.168      101.475     0.765067      143.915  84.43     0.715320        6.330     0.135951     9.760000     0.066667   1   1 
 63 300   0.170714      187.875      100.845     0.766015      144.759  84.93     0.716731        4.745     0.515759     9.813333     0.053333   0   1 
 64 300   0.181747      189.270       98.708     0.767050      146.660  86.04     0.716192        1.088     0.012128     9.893333     0.080000   0   1 
 65 300   0.163566      189.315      100.418     0.767911      147.326  86.43     0.716638        4.796     0.149613     9.973333     0.080000   1   1 
 66 300   0.063455      189.338      101.385     0.773021      147.663  86.63     0.723379        2.621     0.349388    10.000000     0.026667   0   1 
 67 300   0.151292      189.338      101.385     0.775018      148.737  87.26     0.723364        3.657     0.014173    10.053333     0.053333   0   1 
 68 300   0.379652      189.630      100.283     0.776435      149.621  87.78     0.723833        0.272     0.181398    10.160000     0.106667   0   1 
 69 300   0.365127      189.383      100.170     0.776376      149.770  87.87     0.725739        3.924     0.028903    10.280000     0.120000   1   1 
 70 300   0.345750      189.428       99.405     0.777225      150.251  88.15     0.727011        3.816     0.013512    10.440000     0.160000   0   1 
 71 300   0.344546      189.383       99.360     0.777387      150.251  88.15     0.727011        3.816     0.013512    10.533333     0.093333   1   1 
 72 300   0.274656      189.383       99.810     0.777455      150.258  88.15     0.727002        7.844     0.024472    10.573333     0.040000   1   1 
 73 300   0.447128      190.013      100.260     0.777838      150.318  88.19     0.727104        1.363     0.335775    10.733333     0.160000   0   1 
 74 300   0.447093      189.990      100.148     0.777978      150.318  88.19     0.727104        4.991     0.160690    10.800000     0.066667   1   1 
 75 300   0.122737      189.923       99.968     0.778814      151.304  88.77     0.726798        5.526     0.727391    10.826667     0.026667   0   1 
 76 300   0.122369      189.315       99.675     0.778382      152.062  89.21     0.727868        5.526     0.138150    10.893333     0.066667   1   1 
 77 300   0.450832      189.315       99.675     0.779780      152.140  89.26     0.729065        0.000     0.109925    11.546667     0.653333   0   1 
 78 300   0.091850      189.315       99.675     0.780646      152.281  89.34     0.730407        5.911     0.665792    11.640000     0.093333   0   1 
 79 300   0.091850      189.068       99.653     0.780709      152.281  89.34     0.730407        5.911     0.165792    11.786667     0.146667   1   1 
 80 300   0.241068      189.158       99.563     0.781458      152.444  89.44     0.730580        5.234     0.773568    11.826667     0.040000   0   1 
 81 300   0.241068      188.640       99.450     0.781619      152.444  89.44     0.730580        5.234     0.163643    11.933333     0.106667   1   1 
 82 300   0.005895      188.618       99.405     0.781953      152.618  89.54     0.730829        6.581     0.321940    12.040000     0.106667   0   1 
 83 300   0.263996      188.213       99.360     0.781984      152.644  89.55     0.731396        4.283     0.318316    12.146667     0.106667   0   1 
 84 300   0.433522      188.258       99.360     0.782429      152.690  89.58     0.731450        3.743     0.159596    12.240000     0.093333   0   1 
 85 300   0.434143      188.168       99.315     0.782530      152.690  89.58     0.731516        3.743     0.013614    12.360000     0.120000   1   1 
 86 300   0.408754      187.920       99.293     0.784122      152.749  89.62     0.734183        0.774     0.152361    12.480000     0.120000   0   1 
 87 300   0.408718      188.100       98.685     0.784306      152.828  89.66     0.734527        4.452     0.027420    12.586667     0.106667   1   1 
 88 300   0.225566      188.078       98.663     0.784393      152.828  89.66     0.734527        6.581     0.134589    12.640000     0.053333   1   1 
 89 300   0.000000      188.055       98.663     0.789343      153.666  90.15     0.737628        5.769     0.755692    12.666667     0.026667   0   1 
 90 300   0.013922      188.055       98.573     0.790010      153.897  90.29     0.738176        3.095     0.609752    12.706667     0.040000   0   1 
 91 300   0.258715      189.518       99.990     0.790058      153.937  90.31     0.738057        3.936     0.679572    12.880000     0.173333   0   1 
 92 300   0.453174      189.518       99.990     0.790333      153.981  90.34     0.738059        0.353     0.357499    13.000000     0.120000   0   1 
 93 300   0.453174      189.518       99.990     0.790469      153.982  90.34     0.738135        3.602     0.037071    13.080000     0.080000   1   1 
 94 300   0.405781      189.518       99.810     0.790873      154.042  90.37     0.738572        3.095     0.020511    13.200000     0.120000   1   1 
 95 300   0.437330      189.563       99.675     0.790940      154.042  90.37     0.738591        5.769     0.145767    13.333333     0.133333   1   1 
 96 300   0.109329      189.563       99.270     0.794623      155.321  91.13     0.740176        6.224     0.434701    13.386667     0.053333   0   1 
 97 300   0.000000      189.563       99.270     0.794696      155.321  91.13     0.740176        6.224     0.158110    13.413333     0.026667   1   1 
 98 300   0.453562      189.540       99.248     0.794784      155.321  91.13     0.740176        0.000     0.297276    13.946667     0.533333   0   1 
 99 300   0.451810      189.540       99.248     0.795880      155.321  91.13     0.740176        0.000     0.479316    14.506667     0.560000   0   1 
100 300   0.000426      189.338       99.248     0.796639      155.420  91.18     0.741062        4.688     0.421047    14.520000     0.013333   0   1 
