#scene........................: /home/eldamian/nbvEverardo/models/studying_room.wrl
#triangles....................: 107322
#Total triangles' area........: 170.448196 (m2)
#sensor aperture..............: 135.000000 x 70.000000 (deg)
#range image size.............: 350 x 80
#sensor blind distances.......: 0.500000 .. 30.000000 (m)
#sensor blind angle...........: 80.000000
#sensor Gaussian noise std dev: 0.012000 (m)
#views number.................: 100 
#optimization method..........: Simulated Annealing
#view iterations fitness vxl_occupied(m2) occplane(m2) vxl_quality tri_imaged(m2) tri_imaged(%) tri_quality travelled(m) energy total_time single_time backstep change
  0   0  -0.000000       16.628        4.838     0.635252       10.896   6.39     0.627871        0.000     0.000000     0.000000     0.000000   0   0 
  1 300   0.930500       15.503        4.815     0.632690       10.896   6.39     0.627871        0.000     0.000000     0.226667     0.226667   0   0 
  2 300   0.704796       26.618       13.928     0.671789       16.741   9.82     0.676448        0.000     0.109925     0.520000     0.293333   0   0 
  3 300   0.700902       36.968       14.378     0.653019       24.536  14.40     0.649281        0.000     0.187351     0.840000     0.320000   0   0 
  4 300   0.837838       47.430       18.810     0.635060       32.030  18.79     0.635803        0.000     0.109925     1.173333     0.333333   0   0 
  5 300   0.896404       64.260       31.748     0.630369       37.468  21.98     0.631142        0.000     0.109925     1.546667     0.373333   0   0 
  6 300   0.787469       90.338       40.230     0.632909       47.126  27.65     0.642998        0.000     0.276591     1.893333     0.346667   0   0 
  7 300   0.852568      109.958       60.390     0.635707       55.673  32.66     0.649007        0.000     0.109925     2.373333     0.480000   0   0 
  8 300   0.896175      115.988       94.185     0.642855       59.789  35.08     0.635257        6.618     0.585675     2.413333     0.040000   0   0 
  9 300   0.907945      119.633      104.333     0.646733       60.912  35.74     0.638484        6.618     0.163101     2.466667     0.053333   1   0 
 10 300   0.877100      121.118      101.610     0.658194       65.481  38.42     0.637484        5.217     0.390567     2.493333     0.026667   0   0 
 11 300   0.997791      130.793      102.150     0.653597       72.764  42.69     0.632379        5.217     0.134661     2.560000     0.066667   1   0 
 12 300   0.975714      131.648      107.708     0.663342       76.206  44.71     0.638371        5.524     0.602173     2.613333     0.053333   0   0 
 13 300   0.999412      131.603      107.708     0.664147       76.630  44.96     0.639583        2.394     0.004432     2.706667     0.093333   0   0 
 14 300   0.999412      131.648      107.370     0.664828       77.582  45.52     0.647200        4.788     0.154483     2.746667     0.040000   1   0 
 15 300   0.987872      131.805      106.920     0.666344       78.198  45.88     0.648477        5.271     0.258560     2.826667     0.080000   0   0 
 16 300   0.998343      132.053      107.235     0.666203       78.198  45.88     0.648477        5.271     0.148635     2.840000     0.013333   1   0 
 17 300   0.999412      132.120      107.235     0.666734       78.198  45.88     0.648477        0.000     0.422574     3.373333     0.533333   0   0 
 18 300   0.905705      139.433      128.588     0.663302       87.037  51.06     0.648738        5.600     0.812338     3.400000     0.026667   0   0 
 19 300   0.981372      145.620      127.823     0.673618       91.411  53.63     0.652240        1.495     0.535608     3.480000     0.080000   0   0 
 20 300   0.998934      145.508      127.823     0.673477       91.411  53.63     0.652240        5.213     0.130748     3.506667     0.026667   1   0 
 21 300   0.888083      145.463      132.368     0.674869       91.871  53.90     0.652072        5.503     0.608497     3.533333     0.026667   0   0 
 22 300   0.980911      145.688      132.143     0.676960       92.258  54.13     0.653639        0.054     0.174973     3.613333     0.080000   0   0 
 23 300   0.998343      153.833      143.213     0.685732       96.342  56.52     0.662583        5.544     0.156933     3.706667     0.093333   1   0 
 24 300   0.999412      153.698      143.213     0.685947       96.342  56.52     0.662583        0.000     0.500000     4.306667     0.600000   0   0 
 25 300   0.864810      160.335      150.615     0.691240      102.320  60.03     0.662880        4.859     0.324813     4.333333     0.026667   0   0 
 26 300   0.922785      172.080      141.255     0.704964      108.048  63.39     0.672137        4.859     0.158146     4.426667     0.093333   1   0 
 27 300   0.999412      172.170      141.255     0.705008      108.048  63.39     0.672137        0.000     0.166667     5.026667     0.600000   0   0 
 28 300   0.999412      172.215      141.255     0.705123      108.048  63.39     0.672137        0.000     0.145982     5.600000     0.573333   0   0 
 29 300   0.946167      178.583      132.390     0.710955      112.475  65.99     0.677416        3.208     0.351381     5.626667     0.026667   0   0 
 30 300   0.970296      177.323      132.300     0.712931      112.475  65.99     0.677416        3.208     0.164030     5.640000     0.013333   1   0 
 31 300   0.989685      177.075      129.870     0.716449      113.419  66.54     0.681303        3.317     0.742685     5.680000     0.040000   0   0 
 32 300   0.991024      175.455      128.003     0.714480      118.572  69.56     0.683033        3.317     0.165259     5.706667     0.026667   1   0 
 33 300   0.910131      175.050      127.553     0.720787      121.725  71.41     0.681458        6.200     0.395440     5.720000     0.013333   0   0 
 34 300   0.999412      175.118      127.125     0.721352      122.476  71.86     0.680570        6.200     0.139533     5.853333     0.133333   1   0 
 35 300   0.999412      175.118      127.125     0.723478      122.550  71.90     0.683162        4.629     0.499090     5.933333     0.080000   0   0 
 36 300   0.999412      175.118      127.125     0.723506      122.550  71.90     0.683162        4.629     0.165757     6.066667     0.133333   1   0 
 37 300   0.999412      175.163      127.125     0.723608      122.550  71.90     0.683162        0.000     0.333333     6.693333     0.626667   0   0 
 38 300   0.997585      174.870      125.123     0.730360      124.460  73.02     0.691234        2.744     0.300337     6.773333     0.080000   0   0 
 39 300   0.998502      174.465      125.078     0.730798      124.460  73.02     0.691234        0.000     0.000000     6.853333     0.080000   0   1 
 40 300   0.344199      175.995      117.540     0.737129      126.773  74.38     0.694434        3.739     0.155736     6.946667     0.093333   0   1 
 41 300   0.413821      180.000      112.883     0.743381      131.077  76.90     0.698896        0.886     0.176720     7.093333     0.146667   0   1 
 42 300   0.431587      180.630      111.893     0.745755      132.110  77.51     0.699405        0.765     0.015855     7.186667     0.093333   0   1 
 43 300   0.430669      179.910      110.543     0.754770      132.491  77.73     0.707622        3.661     0.010245     7.306667     0.120000   1   1 
 44 300   0.435680      180.203      110.475     0.754981      132.799  77.91     0.707760        7.373     0.011402     7.333333     0.026667   1   1 
 45 300   0.308382      180.203      110.520     0.755391      132.831  77.93     0.707902        4.629     0.165757     7.400000     0.066667   1   1 
 46 300   0.220767      181.733      106.785     0.756975      135.384  79.43     0.709818        5.137     0.637066     7.480000     0.080000   0   1 
 47 300   0.206413      181.530      106.673     0.757431      135.384  79.43     0.709818        5.137     0.137066     7.573333     0.093333   1   1 
 48 300   0.445747      181.328      106.650     0.759899      135.857  79.71     0.713884        0.000     0.520684     8.133333     0.560000   0   1 
 49 300   0.420275      185.805      104.400     0.767120      138.986  81.54     0.718966        4.930     0.330738     8.213333     0.080000   0   1 
 50 300   0.426305      186.615      105.323     0.768110      139.255  81.70     0.718427        1.246     0.176000     8.333333     0.120000   0   1 
 51 300   0.425921      186.975      105.053     0.768346      139.255  81.70     0.718427        6.163     0.134053     8.426667     0.093333   1   1 
 52 300   0.211950      190.935      104.558     0.772643      141.521  83.03     0.721022        6.268     0.587074     8.546667     0.120000   0   1 
 53 300   0.419828      191.813      103.253     0.773806      142.005  83.31     0.722256        2.900     0.201809     8.626667     0.080000   0   1 
 54 300   0.419657      191.745      103.410     0.774264      142.240  83.45     0.723388        5.158     0.150042     8.693333     0.066667   1   1 
 55 300   0.155853      192.510      103.050     0.780405      143.290  84.07     0.729108        5.510     0.493855     8.746667     0.053333   0   1 
 56 300   0.061177      192.465      103.050     0.780324      143.290  84.07     0.729108        5.510     0.139838     8.800000     0.053333   1   1 
 57 300   0.436941      192.465      103.050     0.780559      143.290  84.07     0.729108        0.000     0.333333     9.426667     0.626667   0   1 
 58 300   0.435070      192.105      102.960     0.780891      143.290  84.07     0.729108        0.000     0.145982    10.000000     0.573333   0   1 
 59 300   0.428594      191.970      102.870     0.781562      143.290  84.07     0.729108        0.000     0.500000    10.613333     0.613333   0   1 
 60 300   0.277534      192.578      104.558     0.784709      144.894  85.01     0.730365        5.791     0.311727    10.693333     0.080000   0   1 
 61 300   0.414455      192.623      104.513     0.785874      145.008  85.07     0.731780        0.073     0.154577    11.026667     0.333333   0   1 
 62 300   0.414455      193.163      104.693     0.785934      145.008  85.07     0.731780        5.720     0.153655    11.280000     0.253333   1   1 
 63 300   0.447695      193.500      104.130     0.786121      145.301  85.25     0.731612        4.954     0.470317    11.333333     0.053333   0   1 
 64 300   0.447619      193.320      104.040     0.786120      145.301  85.25     0.731612        4.954     0.136984    11.413333     0.080000   1   1 
 65 300   0.059461      195.885      102.285     0.786100      149.782  87.88     0.728779        5.771     0.587735    11.560000     0.146667   0   1 
 66 300   0.078461      195.885      102.285     0.786481      150.004  88.01     0.730514        0.683     0.472482    11.680000     0.120000   0   1 
 67 300   0.078461      195.660      102.285     0.786569      150.004  88.01     0.730514        5.732     0.135937    11.706667     0.026667   1   1 
 68 300   0.002606      195.345      102.285     0.787612      150.426  88.25     0.731379        4.628     0.462638    11.746667     0.040000   0   1 
 69 300   0.018491      195.300      102.195     0.788771      150.876  88.52     0.732586        1.206     0.355610    11.840000     0.093333   0   1 
 70 300   0.218926      195.458      102.420     0.789750      151.168  88.69     0.734693        1.963     0.152348    11.920000     0.080000   0   1 
 71 300   0.371150      195.458      102.420     0.790119      151.216  88.72     0.734954        3.065     0.148261    12.026667     0.106667   0   1 
 72 300   0.435743      195.458      102.375     0.790757      151.289  88.76     0.734883        1.089     0.335353    12.160000     0.133333   0   1 
 73 300   0.435823      195.458      102.375     0.790803      151.289  88.76     0.734883        4.791     0.160527    12.266667     0.106667   1   1 
 74 300   0.402702      195.930      102.150     0.791004      151.709  89.01     0.737957        5.627     0.275716    12.333333     0.066667   0   1 
 75 300   0.428215      196.583      102.780     0.791573      151.729  89.02     0.738536        1.363     0.151175    12.493333     0.160000   0   1 
 76 300   0.428023      197.303      103.455     0.791571      151.729  89.02     0.738536        6.355     0.134926    12.533333     0.040000   1   1 
 77 300   0.010317      196.830      103.455     0.792716      153.969  90.33     0.738224        5.205     0.332989    12.653333     0.120000   0   1 
 78 300   0.010316      196.853      103.343     0.792618      153.969  90.33     0.738224        5.205     0.166322    12.760000     0.106667   1   1 
 79 300   0.151950      197.055      102.533     0.793633      154.771  90.80     0.738383        6.361     0.397842    12.786667     0.026667   0   1 
 80 300   0.193604      197.933      101.903     0.793244      155.472  91.21     0.739138        1.562     0.187923    12.866667     0.080000   0   1 
 81 300   0.191294      197.888      101.903     0.793352      155.472  91.21     0.739138        5.350     0.132493    12.960000     0.093333   1   1 
 82 300   0.441116      197.888      101.903     0.794149      155.472  91.21     0.739138        0.000     0.166667    13.506667     0.546667   0   1 
 83 300   0.126417      196.853      101.813     0.800201      155.580  91.28     0.744657        3.200     0.556036    13.560000     0.053333   0   1 
 84 300   0.378099      197.460      101.700     0.802158      155.958  91.50     0.745879        4.067     0.117913    13.746667     0.186667   0   1 
 85 300   0.368660      196.515      101.700     0.803857      156.132  91.60     0.749018        4.067     0.007989    13.973333     0.226667   1   1 
 86 300   0.407330      196.560      101.655     0.804393      156.161  91.62     0.749181        3.197     0.162595    14.160000     0.186667   0   1 
 87 300   0.407330      196.380      101.655     0.804458      156.167  91.62     0.749237        3.197     0.016612    14.266667     0.106667   1   1 
 88 300   0.359178      196.290      101.610     0.804458      156.167  91.62     0.749237        3.200     0.133463    14.400000     0.133333   1   1 
 89 300   0.000000      196.245      101.610     0.805906      156.417  91.77     0.750272        4.495     0.753160    14.426667     0.026667   0   1 
 90 300   0.000000      196.245      101.610     0.805917      156.417  91.77     0.750272        4.495     0.163920    14.466667     0.040000   1   1 
 91 300   0.264722      196.155      101.565     0.807582      156.425  91.77     0.752195        2.319     0.606695    14.573333     0.106667   0   1 
 92 300   0.264722      196.178      101.678     0.807903      156.587  91.87     0.752280        4.293     0.023904    14.613333     0.040000   1   1 
 93 300   0.421734      196.268      101.768     0.808075      156.599  91.87     0.752679        1.765     0.163091    14.760000     0.146667   0   1 
 94 300   0.421734      196.403      101.903     0.808112      156.599  91.87     0.752679        5.430     0.156642    15.000000     0.240000   1   1 
 95 300   0.000000      196.403      101.903     0.808300      156.601  91.88     0.753033        5.446     0.412272    15.026667     0.026667   0   1 
 96 300   0.000000      196.403      101.903     0.808414      156.601  91.88     0.753033        5.446     0.135680    15.040000     0.013333   1   1 
 97 300   0.285461      196.853      101.903     0.809445      157.035  92.13     0.753743        3.993     0.520678    15.186667     0.146667   0   1 
 98 300   0.292563      197.550      102.758     0.811581      157.141  92.19     0.757210        1.027     0.001917    15.266667     0.080000   0   1 
 99 300   0.289387      196.920      102.758     0.811464      157.583  92.45     0.756944        3.164     0.164743    15.306667     0.040000   1   1 
100 300   0.131655      196.920      102.668     0.812059      157.652  92.49     0.757885        5.355     0.658926    15.400000     0.093333   0   1 
