#scene........................: /home/eldamian/nbvEverardo/models/studying_room.wrl
#triangles....................: 107322
#Total triangles' area........: 170.448196 (m2)
#sensor aperture..............: 135.000000 x 70.000000 (deg)
#range image size.............: 350 x 80
#sensor blind distances.......: 0.500000 .. 30.000000 (m)
#sensor blind angle...........: 80.000000
#sensor Gaussian noise std dev: 0.012000 (m)
#views number.................: 100 
#optimization method..........: Evolution Strategy
#view iterations fitness vxl_occupied(m2) occplane(m2) vxl_quality tri_imaged(m2) tri_imaged(%) tri_quality travelled(m) energy total_time single_time backstep change
  0   0  -0.000000       16.628        4.838     0.635252       10.896   6.39     0.627871        0.000     0.000000     0.000000     0.000000   0   0 
  1 308   0.880904       15.503        4.815     0.632690       10.896   6.39     0.627871        0.000     0.000000     0.186667     0.186667   0   0 
  2 308   0.761943       26.618       13.928     0.671789       16.741   9.82     0.676448        0.000     0.109925     0.400000     0.213333   0   0 
  3 308   0.759138       36.968       14.378     0.653019       24.536  14.40     0.649281        0.000     0.187351     0.666667     0.266667   0   0 
  4 308   0.841042       47.430       18.810     0.635060       32.030  18.79     0.635803        0.000     0.109925     0.973333     0.306667   0   0 
  5 308   0.867225       64.260       31.748     0.630369       37.468  21.98     0.631142        0.000     0.109925     1.320000     0.346667   0   0 
  6 308   0.815056       90.338       40.230     0.632909       47.126  27.65     0.642998        0.000     0.276591     1.680000     0.360000   0   0 
  7 308   0.848799      109.958       60.390     0.635707       55.673  32.66     0.649007        0.000     0.109925     2.093333     0.413333   0   0 
  8 308   0.821060      109.845       64.823     0.639842       57.767  33.89     0.655132        0.000     0.109925     2.533333     0.440000   0   0 
  9 308   0.794850      118.643       65.183     0.636700       65.050  38.16     0.647473        0.000     0.443258     2.813333     0.280000   0   0 
 10 308   0.895017      122.940       68.985     0.630862       67.988  39.89     0.639766        0.000     0.333333     3.293333     0.480000   0   0 
 11 308   0.877404      136.575       73.080     0.646865       78.193  45.87     0.653961        0.000     0.145982     3.613333     0.320000   0   0 
 12 308   0.910468      138.555       73.508     0.651823       83.379  48.92     0.654601        0.000     0.500000     4.040000     0.426667   0   0 
 13 308   0.874704      144.383       77.310     0.657417       91.373  53.61     0.658124        0.000     0.609924     4.520000     0.480000   0   0 
 14 308   0.865528      145.013       84.263     0.662329       93.321  54.75     0.659970        0.000     0.577426     5.013333     0.493333   0   0 
 15 308   0.847909      145.845      105.773     0.663054       94.842  55.64     0.661853        0.000     0.410760     5.560000     0.546667   0   0 
 16 308   0.729892      144.968      109.328     0.668704       98.675  57.89     0.661662        0.000     0.166667     6.120000     0.560000   0   0 
 17 308   0.681591      144.428      115.538     0.673347       99.627  58.45     0.662432        0.000     0.609924     6.680000     0.560000   0   0 
 18 308   0.897788      146.745      109.305     0.684295      104.185  61.12     0.668012        5.127     0.835973     6.760000     0.080000   0   0 
 19 308   0.914029      147.645      106.605     0.685933      106.032  62.21     0.670772        0.632     0.011497     6.853333     0.093333   0   0 
 20 308   0.916004      147.083      106.718     0.686627      106.032  62.21     0.670772        5.398     0.137125     6.933333     0.080000   1   0 
 21 308   0.925926      147.083      106.718     0.686874      106.032  62.21     0.670772        0.000     0.255907     7.280000     0.346667   0   0 
 22 308   0.925926      146.858      106.718     0.692751      106.483  62.47     0.675821        3.345     0.161138     7.293333     0.013333   0   0 
 23 308   0.925926      146.835      106.695     0.692736      106.483  62.47     0.675821        3.345     0.161138     7.306667     0.013333   1   0 
 24 308   0.925926      146.813      106.673     0.692672      106.483  62.47     0.675821        0.000     0.000000     7.866667     0.560000   0   0 
 25 308   0.925926      146.768      106.673     0.692620      106.483  62.47     0.675821        0.000     0.333333     8.426667     0.560000   0   0 
 26 308   0.925926      146.723      106.673     0.692727      106.483  62.47     0.675821        0.000     0.145982     8.946667     0.520000   0   0 
 27 308   0.925926      146.588      106.673     0.692712      106.483  62.47     0.675821        0.000     0.109925     9.560000     0.613333   0   0 
 28 308   0.928603      147.713      105.165     0.695042      108.345  63.56     0.675311        5.230     0.412949     9.600000     0.040000   0   0 
 29 308   0.924582      147.668      105.165     0.695078      108.345  63.56     0.675311        5.230     0.157042     9.653333     0.053333   1   0 
 30 308   0.925926      147.668      105.165     0.695105      108.345  63.56     0.675311        0.000     0.333333    10.186667     0.533333   0   0 
 31 308   0.925926      147.668      105.165     0.695134      108.345  63.56     0.675311        0.000     0.333333    10.773333     0.586667   0   0 
 32 308   0.925926      147.623      105.165     0.695141      108.345  63.56     0.675311        0.000     0.145982    11.226667     0.453333   0   0 
 33 308   0.925926      147.488      105.165     0.695046      108.345  63.56     0.675311        0.000     0.109925    11.733333     0.506667   0   0 
 34 308   0.925588      147.398      105.120     0.695207      108.345  63.56     0.675311        0.000     0.109925    12.226667     0.493333   0   0 
 35 308   0.922274      155.948      111.870     0.707802      114.871  67.39     0.685076        5.459     0.411435    12.333333     0.106667   0   0 
 36 308   0.932417      156.555      107.123     0.710974      117.053  68.67     0.689071        0.594     0.028972    12.426667     0.093333   0   0 
 37 308   0.932292      157.050      107.123     0.711041      117.053  68.67     0.689071        4.868     0.163816    12.493333     0.066667   1   0 
 38 308   0.997489      157.050      108.135     0.712327      117.053  68.67     0.689071        0.000     0.276591    13.133333     0.640000   0   0 
 39 308   0.935301      156.578      111.128     0.712396      117.053  68.67     0.689071        0.000     0.276591    13.680000     0.546667   0   0 
 40 308   0.961909      156.488      111.870     0.713048      117.053  68.67     0.689071        0.000     0.166667    14.346667     0.666667   0   0 
 41 308   0.925926      156.510      111.938     0.712998      117.053  68.67     0.689071        0.000     0.166667    14.920000     0.573333   0   0 
 42 308   0.925926      156.510      111.938     0.713012      117.053  68.67     0.689071        0.000     0.333333    15.560000     0.640000   0   0 
 43 308   0.927606      156.690      111.150     0.726947      121.069  71.03     0.690664        6.234     0.645339    15.680000     0.120000   0   0 
 44 308   0.922916      156.668      111.128     0.727228      121.069  71.03     0.690664        6.234     0.166023    15.720000     0.040000   1   0 
 45 308   0.929081      156.645      111.150     0.727770      121.069  71.03     0.690664        0.000     0.109925    16.320000     0.600000   0   0 
 46 308   0.903034      160.290      112.365     0.730765      121.620  71.35     0.696925        2.957     0.166182    16.386667     0.066667   0   0 
 47 308   0.902168      159.863      112.388     0.731001      121.620  71.35     0.696925        0.000     0.000000    16.426667     0.040000   0   1 
 48 308   0.126107      164.880      109.688     0.736031      125.739  73.77     0.700064        3.788     0.000158    16.493333     0.066667   1   1 
 49 308   0.322579      164.970      107.348     0.738817      127.176  74.61     0.701177        0.107     0.117249    16.573333     0.080000   0   1 
 50 308   0.315016      165.623      108.270     0.739345      128.014  75.10     0.702290        6.290     0.158699    16.720000     0.146667   1   1 
 51 308   0.526394      165.623      108.675     0.740848      128.042  75.12     0.702324        0.000     0.145982    17.186667     0.466667   0   1 
 52 308   0.118904      165.398      108.473     0.746368      128.240  75.24     0.707670        2.935     0.328672    17.253333     0.066667   0   1 
 53 308   0.118834      165.150      107.730     0.747955      129.271  75.84     0.707528        7.799     0.001810    17.293333     0.040000   1   1 
 54 308   0.371649      165.128      107.640     0.749740      129.896  76.21     0.707316        1.839     0.217696    17.400000     0.106667   0   1 
 55 308   0.466697      165.083      107.595     0.750973      130.630  76.64     0.709694        2.333     0.304779    17.453333     0.053333   0   1 
 56 308   0.476248      165.105      107.573     0.751702      130.770  76.72     0.709773        1.378     0.336970    17.613333     0.160000   0   1 
 57 308   0.494584      165.060      107.663     0.751826      130.815  76.75     0.709798        0.327     0.013186    17.800000     0.186667   0   1 
 58 308   0.515529      165.060      107.663     0.752084      131.011  76.86     0.710536        1.612     0.009906    17.960000     0.160000   0   1 
 59 308   0.520978      165.060      107.663     0.752143      131.070  76.90     0.710659        0.623     0.014757    18.186667     0.226667   0   1 
 60 308   0.520978      165.848      108.765     0.752350      131.082  76.90     0.710736        4.846     0.147258    18.413333     0.226667   1   1 
 61 308   0.260419      165.870      108.855     0.753076      131.626  77.22     0.711149        5.231     0.735869    18.600000     0.186667   0   1 
 62 308   0.278380      165.735      108.833     0.753909      132.288  77.61     0.710750        0.396     0.000775    18.840000     0.240000   0   1 
 63 308   0.280260      165.668      108.743     0.753981      132.491  77.73     0.710510        0.253     0.009747    19.066667     0.226667   0   1 
 64 308   0.280222      165.420      108.630     0.754118      132.491  77.73     0.710510        4.979     0.157152    19.266667     0.200000   1   1 
 65 308   0.529913      165.420      108.675     0.756117      132.491  77.73     0.710510        0.000     0.255907    19.920000     0.653333   0   1 
 66 308   0.521160      165.330      108.585     0.756484      132.491  77.73     0.710510        0.000     0.145982    20.413333     0.493333   0   1 
 67 308   0.504840      165.330      108.720     0.756876      132.491  77.73     0.710510        0.000     0.479316    20.960000     0.546667   0   1 
 68 308   0.286071      165.263      108.765     0.756904      132.723  77.87     0.710207        4.937     0.731830    21.266667     0.306667   0   1 
 69 308   0.286070      165.263      108.765     0.757026      132.723  77.87     0.710207        4.937     0.142590    21.466667     0.200000   1   1 
 70 308   0.048827      171.248      120.915     0.774255      135.187  79.31     0.722809        3.256     0.572709    21.493333     0.026667   0   1 
 71 308   0.494105      177.300      111.668     0.780137      143.577  84.23     0.721228        4.414     0.030412    21.573333     0.080000   0   1 
 72 308   0.013998      177.368      111.600     0.781978      144.425  84.73     0.721325        0.353     0.125916    21.626667     0.053333   0   1 
 73 308   0.000000      176.828      111.600     0.785400      145.150  85.16     0.727206        4.452     0.014421    21.693333     0.066667   1   1 
 74 308   0.000000      176.828      111.600     0.785407      145.150  85.16     0.727206        3.256     0.161949    21.733333     0.040000   1   1 
 75 308   0.519469      176.828      111.645     0.785514      145.150  85.16     0.727206        0.000     0.443258    22.386667     0.653333   0   1 
 76 308   0.000000      176.828      111.645     0.786629      145.268  85.23     0.728370        2.929     0.752586    22.413333     0.026667   0   1 
 77 308   0.007937      176.895      111.105     0.788663      145.802  85.54     0.730045        3.515     0.320361    22.573333     0.160000   0   1 
 78 308   0.205728      177.143      110.925     0.790434      146.544  85.98     0.731089        9.218     0.010450    22.626667     0.053333   0   1 
 79 308   0.087841      177.143      110.925     0.790591      146.544  85.98     0.731089        9.218     0.010450    22.720000     0.093333   1   1 
 80 308   0.135131      177.503      111.173     0.792374      147.505  86.54     0.732213        1.210     0.471934    22.813333     0.093333   0   1 
 81 308   0.130797      177.503      111.218     0.793239      147.560  86.57     0.734337        3.772     0.000279    22.933333     0.120000   1   1 
 82 308   0.076417      177.660      111.645     0.793673      147.767  86.69     0.735242        8.129     0.006304    23.013333     0.080000   1   1 
 83 308   0.473953      178.020      110.678     0.793849      147.911  86.78     0.735784        0.243     0.010536    23.400000     0.386667   0   1 
 84 308   0.473747      177.930      110.363     0.793789      147.911  86.78     0.735784        5.006     0.146506    23.613333     0.213333   1   1 
 85 308   0.524150      177.930      110.475     0.794174      147.911  86.78     0.735784        0.000     0.479316    24.173333     0.560000   0   1 
 86 308   0.523993      178.020      110.520     0.794333      147.911  86.78     0.735784        0.000     0.145982    24.773333     0.600000   0   1 
 87 308   0.515660      178.020      110.520     0.794481      147.911  86.78     0.735784        0.000     0.479316    25.426667     0.653333   0   1 
 88 308   0.492255      177.863      110.408     0.794672      147.911  86.78     0.735784        0.000     0.145982    26.040000     0.613333   0   1 
 89 308   0.464133      177.863      110.408     0.794827      147.911  86.78     0.735784        0.000     0.609924    26.653333     0.613333   0   1 
 90 308   0.334115      177.863      110.408     0.794870      147.911  86.78     0.735784        0.000     0.276591    27.346667     0.693333   0   1 
 91 308   0.227151      180.315      106.020     0.796819      149.637  87.79     0.736325        5.502     0.500557    27.466667     0.120000   0   1 
 92 308   0.207804      180.315      106.020     0.796853      149.637  87.79     0.736325        5.502     0.146539    27.613333     0.146667   1   1 
 93 308   0.525645      180.315      106.020     0.797635      149.637  87.79     0.736325        0.000     0.166667    28.240000     0.626667   0   1 
 94 308   0.524865      180.315      106.020     0.797793      149.637  87.79     0.736325        0.000     0.479316    28.880000     0.640000   0   1 
 95 308   0.174071      180.360      105.953     0.799028      149.748  87.86     0.738939        2.877     0.240146    28.933333     0.053333   0   1 
 96 308   0.199275      180.405      105.885     0.799971      149.814  87.89     0.741014        0.237     0.008183    29.000000     0.066667   0   1 
 97 308   0.341285      181.125      104.895     0.800466      150.307  88.18     0.742943        3.468     0.132591    29.066667     0.066667   0   1 
 98 308   0.349585      181.125      104.625     0.800747      150.404  88.24     0.743868        0.435     0.006100    29.333333     0.266667   0   1 
 99 308   0.349550      181.035      104.625     0.801082      150.426  88.25     0.744675        3.053     0.016566    29.520000     0.186667   1   1 
100 308   0.412031      181.103      104.693     0.801125      150.429  88.25     0.744696        8.014     0.001280    29.600000     0.080000   1   1 
