#scene........................: /home/eldamian/nbvEverardo/models/studying_room.wrl
#triangles....................: 107322
#Total triangles' area........: 170.448196 (m2)
#sensor aperture..............: 135.000000 x 70.000000 (deg)
#range image size.............: 350 x 80
#sensor blind distances.......: 0.500000 .. 30.000000 (m)
#sensor blind angle...........: 80.000000
#sensor Gaussian noise std dev: 0.012000 (m)
#views number.................: 100 
#optimization method..........: Simulated Annealing
#view iterations fitness vxl_occupied(m2) occplane(m2) vxl_quality tri_imaged(m2) tri_imaged(%) tri_quality travelled(m) energy total_time single_time backstep change
  0   0  -0.000000       16.628        4.838     0.635252       10.896   6.39     0.627871        0.000     0.000000     0.000000     0.000000   0   0 
  1 300   0.779534       15.503        4.815     0.632690       10.896   6.39     0.627871        0.000     0.000000     0.266667     0.266667   0   0 
  2 300   0.765023       26.618       13.928     0.671789       16.741   9.82     0.676448        0.000     0.109925     0.466667     0.200000   0   0 
  3 300   0.763385       36.968       14.378     0.653019       24.536  14.40     0.649281        0.000     0.187351     0.733333     0.266667   0   0 
  4 300   0.791251       63.495       33.075     0.625533       32.978  19.35     0.636881        0.000     0.166667     1.000000     0.266667   0   0 
  5 300   0.973926       86.220      121.028     0.650954       37.670  22.10     0.639555        6.478     0.609911     1.066667     0.066667   0   0 
  6 300   0.847851      111.983      150.750     0.687728       48.199  28.28     0.698188        6.478     0.166653     1.106667     0.040000   1   0 
  7 300   0.849528      112.365      151.808     0.690166       48.199  28.28     0.698188        0.000     0.333333     1.586667     0.480000   0   0 
  8 300   0.841747      124.200      141.120     0.697169       54.767  32.13     0.703103        0.000     0.187351     2.040000     0.453333   0   0 
  9 300   0.927321      140.445      130.725     0.689934       64.141  37.63     0.698433        5.031     0.718214     2.066667     0.026667   0   0 
 10 300   0.891208      145.283      129.173     0.683858       71.339  41.85     0.700937        5.031     0.140787     2.106667     0.040000   1   0 
 11 300   0.959128      143.618      128.993     0.684446       71.339  41.85     0.700937        0.000     0.000000     2.640000     0.533333   0   0 
 12 300   0.933004      148.343      130.770     0.688563       74.854  43.92     0.704170        5.348     0.775884     2.666667     0.026667   0   0 
 13 300   0.923208      147.645      130.455     0.689608       76.258  44.74     0.706777        5.348     0.165960     2.720000     0.053333   1   0 
 14 300   0.799971      147.893      130.545     0.697314       78.435  46.02     0.707203        3.604     0.749670     2.746667     0.026667   0   0 
 15 300   0.800000      154.575      126.810     0.696493       86.049  50.48     0.698309        3.604     0.139746     2.760000     0.013333   1   0 
 16 300   0.978833      153.630      131.040     0.698610       86.049  50.48     0.698309        0.000     0.333333     3.400000     0.640000   0   0 
 17 300   0.934197      160.403      135.540     0.698072       92.901  54.50     0.698088        0.000     0.166667     4.000000     0.600000   0   0 
 18 300   0.922463      160.155      136.125     0.700111       94.119  55.22     0.701158        0.000     0.187351     4.640000     0.640000   0   0 
 19 300   0.803061      161.865      134.123     0.702764       98.172  57.60     0.703286        2.863     0.452237     4.746667     0.106667   0   0 
 20 300   0.803524      161.888      135.135     0.705340       98.760  57.94     0.703787        0.104     0.195211     4.813333     0.066667   0   0 
 21 300   0.803521      161.618      135.090     0.705907       98.760  57.94     0.703787        0.000     0.000000     4.880000     0.066667   0   1 
 22 300   0.130480      161.775      137.205     0.707262       99.999  58.67     0.701743        8.273     0.003139     4.906667     0.026667   1   1 
 23 300   0.197506      162.225      136.980     0.707488      100.600  59.02     0.703395        0.255     0.034760     4.986667     0.080000   0   1 
 24 300   0.526519      163.305      136.890     0.708478      102.496  60.13     0.701172        2.142     0.031524     5.040000     0.053333   0   1 
 25 300   0.242789      163.125      136.913     0.708625      102.496  60.13     0.701172        4.503     0.162724     5.106667     0.066667   1   1 
 26 300   0.522600      163.125      136.913     0.710772      102.536  60.16     0.701288        0.000     0.589240     5.746667     0.640000   0   1 
 27 300   0.411883      173.385      129.848     0.714767      114.641  67.26     0.696759        6.001     0.482350     5.800000     0.053333   0   1 
 28 300   0.002314      173.115      129.803     0.714496      114.641  67.26     0.696759        6.001     0.149017     5.840000     0.040000   1   1 
 29 300   0.109288      173.115      130.680     0.714799      114.874  67.40     0.697312        3.555     0.539147     5.853333     0.013333   0   1 
 30 300   0.109158      172.958      131.018     0.714896      114.874  67.40     0.697312        3.555     0.128387     5.893333     0.040000   1   1 
 31 300   0.560600      172.823      130.883     0.715203      114.874  67.40     0.697312        0.000     0.589240     6.346667     0.453333   0   1 
 32 300   0.523234      172.823      130.928     0.715441      114.878  67.40     0.697346        0.000     0.333333     6.866667     0.520000   0   1 
 33 300   0.329324      171.900      130.208     0.726683      115.816  67.95     0.708948        2.630     0.465772     6.880000     0.013333   0   1 
 34 300   0.324747      172.710      129.218     0.730734      117.524  68.95     0.710897        7.646     0.008349     6.960000     0.080000   1   1 
 35 300   0.511807      173.520      130.320     0.730909      117.524  68.95     0.710897        5.031     0.140787     7.053333     0.093333   1   1 
 36 300   0.564267      173.453      130.298     0.731099      117.524  68.95     0.710897        0.000     0.000000     7.680000     0.626667   0   1 
 37 300   0.462496      177.368      119.340     0.730852      123.538  72.48     0.709092        6.017     0.468074     7.840000     0.160000   0   1 
 38 300   0.359942      177.525      119.588     0.731237      123.538  72.48     0.709092        6.017     0.155425     7.920000     0.080000   1   1 
 39 300   0.325332      178.560      116.888     0.733198      127.239  74.65     0.705707        5.021     0.431541     8.013333     0.093333   0   1 
 40 300   0.007373      177.975      116.753     0.734072      130.566  76.60     0.702578        5.021     0.134266     8.053333     0.040000   1   1 
 41 300   0.561133      177.975      116.753     0.734965      130.566  76.60     0.702578        0.000     0.609924     8.693333     0.640000   0   1 
 42 300   0.560935      177.975      116.865     0.735115      130.566  76.60     0.702578        0.000     0.333333     9.280000     0.586667   0   1 
 43 300   0.559951      177.998      116.843     0.735350      130.566  76.60     0.702578        0.000     0.145982     9.946667     0.666667   0   1 
 44 300   0.514512      178.088      116.843     0.736102      130.566  76.60     0.702578        0.000     0.500000    10.426667     0.480000   0   1 
 45 300   0.471742      178.020      116.910     0.736320      130.566  76.60     0.702578        0.000     0.609924    10.906667     0.480000   0   1 
 46 300   0.491404      182.588      113.355     0.738844      132.293  77.62     0.704386        4.951     0.741812    10.946667     0.040000   0   1 
 47 300   0.471213      182.813      113.400     0.739258      132.293  77.62     0.704386        4.951     0.131888    11.013333     0.066667   1   1 
 48 300   0.129562      185.040      110.250     0.741832      134.885  79.14     0.702529        6.365     0.601658    11.040000     0.026667   0   1 
 49 300   0.336131      185.333      108.833     0.743844      135.817  79.68     0.702501        0.440     0.117337    11.226667     0.186667   0   1 
 50 300   0.331891      185.580      108.608     0.743992      135.817  79.68     0.702501        6.324     0.165812    11.333333     0.106667   1   1 
 51 300   0.293301      185.693      108.270     0.746358      136.638  80.16     0.706745        5.890     0.331231    11.386667     0.053333   0   1 
 52 300   0.358092      185.873      105.885     0.748883      137.612  80.74     0.708477        1.100     0.167591    11.613333     0.226667   0   1 
 53 300   0.355412      185.873      105.885     0.749924      138.421  81.21     0.708995        0.819     0.312865    11.773333     0.160000   0   1 
 54 300   0.355412      186.863      104.715     0.750016      138.421  81.21     0.708995        5.765     0.163856    11.893333     0.120000   1   1 
 55 300   0.118018      186.750      104.153     0.752252      139.866  82.06     0.709668        5.979     0.633430    11.933333     0.040000   0   1 
 56 300   0.340116      186.795      103.725     0.753395      140.238  82.28     0.709830        0.299     0.194013    12.093333     0.160000   0   1 
 57 300   0.344363      186.840      103.410     0.754663      140.391  82.37     0.711835        0.475     0.170875    12.306667     0.213333   0   1 
 58 300   0.344363      187.020      102.060     0.754725      140.391  82.37     0.711835        5.694     0.135884    12.373333     0.066667   1   1 
 59 300   0.341339      188.100      102.690     0.756095      140.448  82.40     0.712570        5.382     0.304297    12.413333     0.040000   0   1 
 60 300   0.341339      188.100      102.690     0.756186      140.448  82.40     0.712570        5.382     0.158315    12.520000     0.106667   1   1 
 61 300   0.000000      188.100      102.690     0.760048      141.078  82.77     0.715659        5.023     0.750469    12.533333     0.013333   0   1 
 62 300   0.281148      188.078      102.668     0.760064      141.176  82.83     0.716006        2.951     0.623854    12.613333     0.080000   0   1 
 63 300   0.401779      188.190      103.950     0.761075      141.262  82.88     0.716657        2.703     0.148641    12.813333     0.200000   0   1 
 64 300   0.510837      188.258      103.973     0.761220      141.304  82.90     0.716536        1.949     0.009630    12.880000     0.066667   0   1 
 65 300   0.510720      188.258      103.973     0.761268      141.304  82.90     0.716536        6.022     0.154271    13.080000     0.200000   1   1 
 66 300   0.226543      188.235      103.703     0.764145      142.109  83.37     0.718103        5.291     0.427717    13.133333     0.053333   0   1 
 67 300   0.193812      188.145      103.658     0.764115      142.784  83.77     0.717354        5.291     0.151126    13.213333     0.080000   1   1 
 68 300   0.187997      192.285      102.353     0.779782      145.917  85.61     0.722178        6.499     0.438867    13.373333     0.160000   0   1 
 69 300   0.160597      192.443      102.330     0.779661      145.917  85.61     0.722178        6.499     0.162276    13.400000     0.026667   1   1 
 70 300   0.345922      192.308      102.285     0.779984      146.155  85.75     0.722085        5.073     0.567886    13.466667     0.066667   0   1 
 71 300   0.537232      192.353      102.285     0.780382      146.552  85.98     0.724259        1.278     0.349980    13.586667     0.120000   0   1 
 72 300   0.537232      192.353      102.285     0.780385      146.552  85.98     0.724259        4.667     0.161959    13.666667     0.080000   1   1 
 73 300   0.272536      192.353      102.240     0.780408      146.552  85.98     0.724286        5.315     0.475480    13.720000     0.053333   0   1 
 74 300   0.272536      192.353      102.240     0.780450      146.552  85.98     0.724286        5.315     0.142146    13.800000     0.080000   1   1 
 75 300   0.562102      192.353      102.240     0.780458      146.552  85.98     0.724286        0.000     0.333333    14.400000     0.600000   0   1 
 76 300   0.508338      193.725      101.385     0.788385      148.082  86.88     0.732799        5.320     0.307341    14.453333     0.053333   0   1 
 77 300   0.545007      194.130      100.710     0.789231      148.168  86.93     0.733150        2.179     0.173386    14.640000     0.186667   0   1 
 78 300   0.545007      195.458      102.533     0.789266      148.168  86.93     0.733150        5.475     0.133956    14.693333     0.053333   1   1 
 79 300   0.210290      195.458      102.533     0.790097      148.210  86.95     0.735474        3.752     0.642592    14.786667     0.093333   0   1 
 80 300   0.264835      195.930      102.600     0.790271      148.314  87.01     0.736379        1.918     0.509291    14.973333     0.186667   0   1 
 81 300   0.415375      195.188      102.353     0.791075      148.334  87.03     0.736953        3.061     0.002942    15.093333     0.120000   0   1 
 82 300   0.454036      195.188      102.353     0.791791      148.381  87.05     0.737743        0.035     0.496939    15.333333     0.240000   0   1 
 83 300   0.454036      195.188      102.308     0.792201      148.701  87.24     0.738173        3.060     0.014682    15.453333     0.120000   1   1 
 84 300   0.387346      195.143      102.218     0.792625      148.825  87.31     0.738473        2.044     0.192007    15.586667     0.133333   0   1 
 85 300   0.387099      195.143      102.218     0.792701      148.825  87.31     0.738473        6.131     0.158642    15.706667     0.120000   1   1 
 86 300   0.292905      195.120      102.218     0.792703      148.893  87.35     0.738565        3.246     0.321234    15.746667     0.040000   0   1 
 87 300   0.354569      195.120      102.263     0.793187      148.953  87.39     0.739280        0.740     0.008135    15.920000     0.173333   0   1 
 88 300   0.533840      195.863      103.005     0.793399      148.959  87.39     0.739281        3.685     0.164565    16.213333     0.293333   0   1 
 89 300   0.533714      195.458      102.960     0.795463      148.968  87.40     0.740789        3.685     0.018582    16.346667     0.133333   1   1 
 90 300   0.450786      195.458      102.960     0.796144      148.968  87.40     0.741484        0.732     0.015809    16.506667     0.160000   0   1 
 91 300   0.450786      198.698      105.728     0.796222      148.970  87.40     0.741521        4.113     0.019760    16.693333     0.186667   1   1 
 92 300   0.420967      198.698      105.728     0.796270      148.970  87.40     0.741521        6.478     0.166653    16.840000     0.146667   1   1 
 93 300   0.560309      198.698      105.728     0.796295      148.970  87.40     0.741521        0.000     0.333333    17.480000     0.640000   0   1 
 94 300   0.540414      198.698      105.728     0.796305      148.970  87.40     0.741521        0.000     0.333333    18.160000     0.680000   0   1 
 95 300   0.008949      198.428      105.728     0.797690      149.739  87.85     0.742612        5.272     0.469523    18.253333     0.093333   0   1 
 96 300   0.070540      198.428      105.728     0.798520      150.274  88.16     0.742406        0.096     0.171221    18.440000     0.186667   0   1 
 97 300   0.326466      198.405      105.705     0.798546      150.348  88.21     0.742494        1.577     0.196924    18.533333     0.093333   0   1 
 98 300   0.336106      198.405      105.705     0.798579      150.373  88.22     0.742616        0.154     0.167967    18.786667     0.253333   0   1 
 99 300   0.336106      198.428      105.638     0.798671      150.373  88.22     0.742616        5.811     0.139908    18.920000     0.133333   1   1 
100 300   0.297945      198.473      105.683     0.798757      150.399  88.24     0.742767        4.712     0.166232    19.120000     0.200000   0   1 
