#scene........................: /home/eldamian/nbvEverardo/models/studying_room.wrl
#triangles....................: 107322
#Total triangles' area........: 170.448196 (m2)
#sensor aperture..............: 135.000000 x 70.000000 (deg)
#range image size.............: 350 x 80
#sensor blind distances.......: 0.500000 .. 30.000000 (m)
#sensor blind angle...........: 80.000000
#sensor Gaussian noise std dev: 0.012000 (m)
#views number.................: 100 
#optimization method..........: Evolution Strategy
#view iterations fitness vxl_occupied(m2) occplane(m2) vxl_quality tri_imaged(m2) tri_imaged(%) tri_quality travelled(m) energy total_time single_time backstep change
  0   0  -0.000000       16.628        4.838     0.635252       10.896   6.39     0.627871        0.000     0.000000     0.000000     0.000000   0   0 
  1 308   0.779534       15.503        4.815     0.632690       10.896   6.39     0.627871        0.000     0.000000     0.240000     0.240000   0   0 
  2 308   0.765023       26.618       13.928     0.671789       16.741   9.82     0.676448        0.000     0.109925     0.506667     0.266667   0   0 
  3 308   0.763385       36.968       14.378     0.653019       24.536  14.40     0.649281        0.000     0.187351     0.773333     0.266667   0   0 
  4 308   0.791251       63.495       33.075     0.625533       32.978  19.35     0.636881        0.000     0.166667     1.106667     0.333333   0   0 
  5 308   0.786052       89.910       41.760     0.630049       42.778  25.10     0.649367        0.000     0.276591     1.426667     0.320000   0   0 
  6 308   0.791209      109.350       61.560     0.633372       51.324  30.11     0.654817        0.000     0.109925     1.800000     0.373333   0   0 
  7 308   0.791490      109.305       66.150     0.637381       53.418  31.34     0.661207        0.000     0.109925     2.253333     0.453333   0   0 
  8 308   0.781849      131.423       78.908     0.654693       61.830  36.27     0.675477        0.000     0.354018     2.760000     0.506667   0   0 
  9 308   0.919602      149.108      112.658     0.672085       69.534  40.79     0.683095        4.956     0.705878     2.813333     0.053333   0   0 
 10 308   0.945490      152.550      112.410     0.669204       74.465  43.69     0.683182        0.864     0.015651     3.053333     0.240000   0   0 
 11 308   0.923031      152.843      117.113     0.668973       82.243  48.25     0.690703        5.163     0.144102     3.186667     0.133333   1   0 
 12 308   0.945772      152.775      119.228     0.673773       82.243  48.25     0.690703        0.000     0.276591     3.760000     0.573333   0   0 
 13 308   0.933415      152.078      121.793     0.676599       84.072  49.32     0.694497        0.000     0.333333     4.320000     0.560000   0   0 
 14 308   0.838611      153.248      130.005     0.684253       84.240  49.42     0.698780        2.890     0.641368     4.373333     0.053333   0   0 
 15 308   0.833484      152.955      129.938     0.684823       84.240  49.42     0.698780        0.000     0.000000     4.400000     0.026667   0   0 
 16 308   0.918637      154.868      130.073     0.699410       85.812  50.34     0.718771        0.790     0.179065     4.506667     0.106667   0   0 
 17 308   0.889207      154.350      129.825     0.699619       85.812  50.34     0.718771        0.000     0.000000     4.653333     0.146667   0   0 
 18 308   0.888546      154.080      129.825     0.700151       85.812  50.34     0.718771        0.000     0.000000     4.760000     0.106667   0   0 
 19 308   0.927770      155.430      128.340     0.703205       87.002  51.04     0.728607        0.732     0.035693     4.866667     0.106667   0   0 
 20 308   0.917378      155.318      128.363     0.703578       87.002  51.04     0.728607        0.000     0.000000     5.013333     0.146667   0   0 
 21 308   0.916849      155.250      128.183     0.703734       87.002  51.04     0.728607        0.000     0.000000     5.066667     0.053333   0   0 
 22 308   0.916415      155.250      128.138     0.704006       87.002  51.04     0.728607        0.000     0.000000     5.346667     0.280000   0   0 
 23 308   0.916425      155.250      128.138     0.704215       87.002  51.04     0.728607        0.000     0.000000     5.466667     0.120000   0   0 
 24 308   0.916425      155.228      128.115     0.704348       87.002  51.04     0.728607        0.000     0.000000     5.573333     0.106667   0   0 
 25 308   0.916280      155.228      128.115     0.704457       87.002  51.04     0.728607        0.000     0.000000     5.680000     0.106667   0   0 
 26 308   0.916280      155.250      128.093     0.704333       87.002  51.04     0.728607        0.000     0.000000     5.773333     0.093333   0   0 
 27 308   0.915763      155.160      128.093     0.704327       87.002  51.04     0.728607        0.000     0.000000     5.840000     0.066667   0   0 
 28 308   0.915763      155.160      128.093     0.704472       87.002  51.04     0.728607        0.000     0.000000     5.920000     0.080000   0   0 
 29 308   0.915763      155.025      128.138     0.704581       87.002  51.04     0.728607        0.000     0.000000     6.040000     0.120000   0   0 
 30 308   0.915702      155.025      128.138     0.704624       87.002  51.04     0.728607        0.000     0.000000     6.200000     0.160000   0   0 
 31 308   0.915702      155.025      128.138     0.704670       87.002  51.04     0.728607        0.000     0.000000     6.253333     0.053333   0   0 
 32 308   0.915702      155.070      128.138     0.704742       87.002  51.04     0.728607        0.000     0.000000     6.386667     0.133333   0   0 
 33 308   0.915702      155.160      128.138     0.704731       87.002  51.04     0.728607        0.000     0.000000     6.533333     0.146667   0   0 
 34 308   0.915702      155.115      128.138     0.704740       87.002  51.04     0.728607        0.000     0.000000     6.613333     0.080000   0   0 
 35 308   0.915702      155.115      128.048     0.704788       87.002  51.04     0.728607        0.000     0.000000     6.666667     0.053333   0   0 
 36 308   0.915715      155.115      128.048     0.704875       87.002  51.04     0.728607        0.000     0.000000     6.826667     0.160000   0   0 
 37 308   0.915715      155.115      128.048     0.704955       87.002  51.04     0.728607        0.000     0.000000     6.973333     0.146667   0   0 
 38 308   0.915715      155.070      128.048     0.705017       87.002  51.04     0.728607        0.000     0.000000     7.066667     0.093333   0   0 
 39 308   0.915715      154.980      128.025     0.704949       87.002  51.04     0.728607        0.000     0.000000     7.146667     0.080000   0   0 
 40 308   0.915715      154.980      128.070     0.705040       87.002  51.04     0.728607        0.000     0.000000     7.253333     0.106667   0   0 
 41 308   0.915930      154.980      128.025     0.705083       87.002  51.04     0.728607        0.000     0.000000     7.360000     0.106667   0   0 
 42 308   0.915936      154.980      128.025     0.705110       87.002  51.04     0.728607        0.000     0.000000     7.506667     0.146667   0   0 
 43 308   0.915936      155.003      128.003     0.705176       87.002  51.04     0.728607        0.000     0.000000     7.600000     0.093333   0   0 
 44 308   0.927176      154.868      127.980     0.706276       87.560  51.37     0.731260        0.615     0.000562     7.733333     0.133333   0   0 
 45 308   0.924350      154.890      128.025     0.706437       87.560  51.37     0.731260        0.000     0.000000     7.773333     0.040000   0   0 
 46 308   0.924350      154.980      127.980     0.706471       87.560  51.37     0.731260        0.000     0.000000     7.906667     0.133333   0   0 
 47 308   0.924350      154.980      127.980     0.706501       87.560  51.37     0.731260        0.000     0.000000     7.973333     0.066667   0   0 
 48 308   0.924350      154.980      127.980     0.706541       87.560  51.37     0.731260        0.000     0.000000     8.133333     0.160000   0   0 
 49 308   0.924350      155.070      127.980     0.706378       87.560  51.37     0.731260        0.000     0.000000     8.226667     0.093333   0   0 
 50 308   0.924350      155.070      127.980     0.706445       87.560  51.37     0.731260        0.000     0.000000     8.320000     0.093333   0   0 
 51 308   0.924350      155.070      127.980     0.706379       87.560  51.37     0.731260        0.000     0.000000     8.440000     0.120000   0   0 
 52 308   0.924350      155.160      127.980     0.706363       87.560  51.37     0.731260        0.000     0.000000     8.466667     0.026667   0   0 
 53 308   0.924350      155.160      127.980     0.706522       87.560  51.37     0.731260        0.000     0.000000     8.560000     0.093333   0   0 
 54 308   0.924350      155.160      127.980     0.706547       87.560  51.37     0.731260        0.000     0.000000     8.720000     0.160000   0   0 
 55 308   0.924350      155.160      127.980     0.706563       87.560  51.37     0.731260        0.000     0.000000     8.826667     0.106667   0   0 
 56 308   0.924350      155.160      127.980     0.706648       87.560  51.37     0.731260        0.000     0.000000     9.013333     0.186667   0   0 
 57 308   0.924350      155.160      127.980     0.706663       87.560  51.37     0.731260        0.000     0.000000     9.200000     0.186667   0   0 
 58 308   0.924350      155.160      127.980     0.706687       87.560  51.37     0.731260        0.000     0.000000     9.280000     0.080000   0   0 
 59 308   0.924350      155.160      127.980     0.706703       87.560  51.37     0.731260        0.000     0.000000     9.360000     0.080000   0   0 
 60 308   0.924350      155.160      127.980     0.706735       87.560  51.37     0.731260        0.000     0.000000     9.426667     0.066667   0   0 
 61 308   0.924350      155.205      127.980     0.706794       87.560  51.37     0.731260        0.000     0.000000     9.453333     0.026667   0   0 
 62 308   0.924350      155.205      127.980     0.706828       87.560  51.37     0.731260        0.000     0.000000     9.626667     0.173333   0   0 
 63 308   0.924350      155.205      127.980     0.706844       87.560  51.37     0.731260        0.000     0.000000     9.680000     0.053333   0   0 
 64 308   0.924350      155.205      127.980     0.706857       87.560  51.37     0.731260        0.000     0.000000     9.760000     0.080000   0   0 
 65 308   0.924350      155.228      127.958     0.706788       87.560  51.37     0.731260        0.000     0.000000     9.840000     0.080000   0   0 
 66 308   0.924350      155.228      127.958     0.706806       87.560  51.37     0.731260        0.000     0.000000     9.893333     0.053333   0   0 
 67 308   0.924350      155.228      127.958     0.706819       87.560  51.37     0.731260        0.000     0.000000    10.026667     0.133333   0   0 
 68 308   0.924350      155.228      127.958     0.706835       87.560  51.37     0.731260        0.000     0.000000    10.080000     0.053333   0   0 
 69 308   0.924347      155.228      127.958     0.706889       87.560  51.37     0.731260        0.000     0.000000    10.106667     0.026667   0   0 
 70 308   0.924347      155.228      127.913     0.706924       87.560  51.37     0.731260        0.000     0.000000    10.186667     0.080000   0   0 
 71 308   0.924345      155.273      127.913     0.706976       87.560  51.37     0.731260        0.000     0.000000    10.373333     0.186667   0   0 
 72 308   0.924345      155.295      127.890     0.707017       87.560  51.37     0.731260        0.000     0.000000    10.533333     0.160000   0   0 
 73 308   0.924345      155.295      127.890     0.707025       87.560  51.37     0.731260        0.000     0.000000    10.653333     0.120000   0   0 
 74 308   0.924345      155.295      127.890     0.707034       87.560  51.37     0.731260        0.000     0.000000    10.693333     0.040000   0   0 
 75 308   0.924345      155.295      127.890     0.707045       87.560  51.37     0.731260        0.000     0.000000    10.853333     0.160000   0   0 
 76 308   0.924345      155.340      127.890     0.706963       87.560  51.37     0.731260        0.000     0.000000    11.026667     0.173333   0   0 
 77 308   0.924345      155.340      127.890     0.706973       87.560  51.37     0.731260        0.000     0.000000    11.146667     0.120000   0   0 
 78 308   0.924345      155.340      127.890     0.706983       87.560  51.37     0.731260        0.000     0.000000    11.186667     0.040000   0   0 
 79 308   0.924345      155.340      127.890     0.706993       87.560  51.37     0.731260        0.000     0.000000    11.293333     0.106667   0   0 
 80 308   0.924345      155.340      127.890     0.707003       87.560  51.37     0.731260        0.000     0.000000    11.426667     0.133333   0   0 
 81 308   0.924345      155.250      127.845     0.707006       87.560  51.37     0.731260        0.000     0.000000    11.546667     0.120000   0   0 
 82 308   0.924311      155.250      127.845     0.707014       87.560  51.37     0.731260        0.000     0.000000    11.586667     0.040000   0   0 
 83 308   0.924311      155.250      127.845     0.707022       87.560  51.37     0.731260        0.000     0.000000    11.626667     0.040000   0   0 
 84 308   0.924311      155.205      127.845     0.707107       87.560  51.37     0.731260        0.000     0.000000    11.693333     0.066667   0   0 
 85 308   0.924311      155.115      127.845     0.707115       87.560  51.37     0.731260        0.000     0.000000    11.813333     0.120000   0   0 
 86 308   0.924311      155.115      127.845     0.707122       87.560  51.37     0.731260        0.000     0.000000    11.973333     0.160000   0   0 
 87 308   0.924311      155.115      127.845     0.707181       87.560  51.37     0.731260        0.000     0.000000    12.053333     0.080000   0   0 
 88 308   0.924311      155.160      127.845     0.707133       87.560  51.37     0.731260        0.000     0.000000    12.133333     0.080000   0   0 
 89 308   0.924311      155.160      127.845     0.707138       87.560  51.37     0.731260        0.000     0.000000    12.253333     0.120000   0   0 
 90 308   0.924311      155.205      127.845     0.707172       87.560  51.37     0.731260        0.000     0.000000    12.333333     0.080000   0   0 
 91 308   0.924311      155.205      127.845     0.707204       87.560  51.37     0.731260        0.000     0.000000    12.453333     0.120000   0   0 
 92 308   0.924311      155.205      127.845     0.707245       87.560  51.37     0.731260        0.000     0.000000    12.533333     0.080000   0   0 
 93 308   0.924311      155.205      127.845     0.707252       87.560  51.37     0.731260        0.000     0.000000    12.613333     0.080000   0   0 
 94 308   0.924311      155.205      127.845     0.707257       87.560  51.37     0.731260        0.000     0.000000    12.773333     0.160000   0   0 
 95 308   0.924311      155.205      127.845     0.707268       87.560  51.37     0.731260        0.000     0.000000    12.813333     0.040000   0   0 
 96 308   0.924311      155.205      127.845     0.707275       87.560  51.37     0.731260        0.000     0.000000    12.893333     0.080000   0   0 
 97 308   0.924311      155.205      127.845     0.707282       87.560  51.37     0.731260        0.000     0.000000    12.973333     0.080000   0   0 
 98 308   0.924311      155.205      127.845     0.707288       87.560  51.37     0.731260        0.000     0.000000    13.026667     0.053333   0   0 
 99 308   0.924311      155.205      127.845     0.707294       87.560  51.37     0.731260        0.000     0.000000    13.066667     0.040000   0   0 
100 308   0.924311      155.205      127.845     0.707306       87.560  51.37     0.731260        0.000     0.000000    13.146667     0.080000   0   0 
