#scene........................: /home/eldamian/nbvEverardo/models/studying_room.wrl
#triangles....................: 107322
#Total triangles' area........: 170.448196 (m2)
#sensor aperture..............: 135.000000 x 70.000000 (deg)
#range image size.............: 350 x 80
#sensor blind distances.......: 0.500000 .. 30.000000 (m)
#sensor blind angle...........: 80.000000
#sensor Gaussian noise std dev: 0.012000 (m)
#views number.................: 100 
#optimization method..........: Evolution Strategy
#view iterations fitness vxl_occupied(m2) occplane(m2) vxl_quality tri_imaged(m2) tri_imaged(%) tri_quality travelled(m) energy total_time single_time backstep change
  0   0  -0.000000       16.628        4.838     0.635252       10.896   6.39     0.627871        0.000     0.000000     0.000000     0.000000   0   0 
  1 308   0.929607       15.503        4.815     0.632690       10.896   6.39     0.627871        0.000     0.000000     0.266667     0.266667   0   0 
  2 308   0.723494       26.618       13.928     0.671789       16.741   9.82     0.676448        0.000     0.109925     0.533333     0.266667   0   0 
  3 308   0.719783       36.968       14.378     0.653019       24.536  14.40     0.649281        0.000     0.187351     0.786667     0.253333   0   0 
  4 308   0.846824       47.430       18.810     0.635060       32.030  18.79     0.635803        0.000     0.109925     1.093333     0.306667   0   0 
  5 308   0.899348       64.260       31.748     0.630369       37.468  21.98     0.631142        0.000     0.109925     1.360000     0.266667   0   0 
  6 308   0.800942       90.338       40.230     0.632909       47.126  27.65     0.642998        0.000     0.276591     1.693333     0.333333   0   0 
  7 308   0.860275      109.958       60.390     0.635707       55.673  32.66     0.649007        0.000     0.109925     2.146667     0.453333   0   0 
  8 308   0.808316      109.845       64.823     0.639842       57.767  33.89     0.655132        0.000     0.109925     2.493333     0.346667   0   0 
  9 308   0.769546      118.643       65.183     0.636700       65.050  38.16     0.647473        0.000     0.443258     2.960000     0.466667   0   0 
 10 308   0.953736      122.940       68.985     0.630862       67.988  39.89     0.639766        0.000     0.333333     3.413333     0.453333   0   0 
 11 308   0.920805      137.678       70.313     0.651047       76.529  44.90     0.652304        0.000     0.479316     3.920000     0.506667   0   0 
 12 308   0.977287      138.983       73.440     0.652745       83.379  48.92     0.654601        0.000     0.500000     4.466667     0.546667   0   0 
 13 308   0.913150      145.103       80.595     0.658678       91.373  53.61     0.658124        0.000     0.109925     5.013333     0.546667   0   0 
 14 308   0.896727      145.665       94.185     0.663179       93.321  54.75     0.659970        0.000     0.577426     5.573333     0.560000   0   0 
 15 308   0.856878      146.633      109.868     0.663409       94.842  55.64     0.661853        0.000     0.410760     6.133333     0.560000   0   0 
 16 308   0.678938      145.710      110.835     0.668769       98.675  57.89     0.661662        0.000     0.166667     6.493333     0.360000   0   0 
 17 308   0.621312      145.035      116.438     0.674088       99.627  58.45     0.662432        0.000     0.609924     7.040000     0.546667   0   0 
 18 308   0.963534      145.395      116.280     0.683188      101.610  59.61     0.668590        5.385     0.781408     7.106667     0.066667   0   0 
 19 308   0.994318      145.170      116.325     0.684030      101.610  59.61     0.668590        5.385     0.150799     7.146667     0.040000   1   0 
 20 308   0.880580      155.520      115.268     0.689268      108.366  63.58     0.672432        4.880     0.686434     7.173333     0.026667   0   0 
 21 308   0.964013      154.868      115.425     0.689774      108.366  63.58     0.672432        4.880     0.165750     7.253333     0.080000   1   0 
 22 308   0.994318      154.868      115.425     0.690086      108.366  63.58     0.672432        0.000     0.500000     7.840000     0.586667   0   0 
 23 308   0.994318      154.913      115.425     0.690010      108.366  63.58     0.672432        0.000     0.333333     8.400000     0.560000   0   0 
 24 308   0.994318      154.823      115.425     0.689924      108.366  63.58     0.672432        0.000     0.145982     8.960000     0.560000   0   0 
 25 308   0.994318      154.688      115.425     0.689944      108.366  63.58     0.672432        0.000     0.109925     9.493333     0.533333   0   0 
 26 308   0.994177      154.710      115.403     0.690223      108.366  63.58     0.672432        0.000     0.109925    10.040000     0.546667   0   0 
 27 308   0.993591      153.900      115.335     0.690342      108.366  63.58     0.672432        0.000     0.333333    10.666667     0.626667   0   0 
 28 308   0.833587      160.830      112.613     0.694139      112.625  66.08     0.673672        5.230     0.266967    10.786667     0.120000   0   0 
 29 308   0.938929      161.415      113.895     0.694166      112.625  66.08     0.673672        5.230     0.157042    10.933333     0.146667   1   0 
 30 308   0.994318      161.415      113.895     0.694289      112.625  66.08     0.673672        0.000     0.500000    11.466667     0.533333   0   0 
 31 308   0.994318      161.415      113.895     0.694317      112.625  66.08     0.673672        0.000     0.333333    12.093333     0.626667   0   0 
 32 308   0.994318      161.460      113.895     0.694436      112.625  66.08     0.673672        0.000     0.145982    12.480000     0.386667   0   0 
 33 308   0.994318      161.505      113.895     0.694438      112.625  66.08     0.673672        0.000     0.109925    13.106667     0.626667   0   0 
 34 308   0.994177      161.348      113.873     0.694554      112.625  66.08     0.673672        0.000     0.109925    13.693333     0.586667   0   0 
 35 308   0.970572      162.518      114.525     0.701917      115.022  67.48     0.677482        4.970     0.429040    13.786667     0.093333   0   0 
 36 308   0.981325      163.013      115.020     0.702059      115.022  67.48     0.677482        4.970     0.152448    13.853333     0.066667   1   0 
 37 308   0.994318      163.013      115.020     0.702116      115.022  67.48     0.677482        0.000     0.422574    14.466667     0.613333   0   0 
 38 308   0.994318      163.058      115.020     0.702065      115.022  67.48     0.677482        0.000     0.333333    15.066667     0.600000   0   0 
 39 308   0.994318      163.103      115.020     0.702101      115.022  67.48     0.677482        0.000     0.145982    15.720000     0.653333   0   0 
 40 308   0.994318      163.013      115.020     0.702089      115.022  67.48     0.677482        0.000     0.109925    16.346667     0.626667   0   0 
 41 308   0.994177      162.968      115.020     0.702187      115.022  67.48     0.677482        0.000     0.109925    16.920000     0.573333   0   0 
 42 308   0.993804      162.765      115.020     0.702295      115.022  67.48     0.677482        0.000     0.333333    17.466667     0.546667   0   0 
 43 308   0.910696      168.368      117.135     0.715645      120.277  70.57     0.681002        6.253     0.663645    17.586667     0.120000   0   0 
 44 308   0.947220      168.885      114.705     0.717571      122.209  71.70     0.683860        0.214     0.013860    17.720000     0.133333   0   0 
 45 308   0.984584      168.638      114.683     0.721137      123.280  72.33     0.685654        0.318     0.200832    17.893333     0.173333   0   0 
 46 308   0.994318      168.188      114.683     0.721431      123.280  72.33     0.685654        6.121     0.163266    18.106667     0.213333   1   0 
 47 308   0.929831      168.683      114.975     0.724180      125.226  73.47     0.687196        5.224     0.333800    18.173333     0.066667   0   0 
 48 308   0.962805      168.503      114.953     0.724802      125.509  73.63     0.687653        0.840     0.017127    18.266667     0.093333   0   0 
 49 308   0.994318      168.503      114.953     0.724877      125.528  73.65     0.688324        1.386     0.003779    18.306667     0.040000   0   0 
 50 308   0.994318      168.413      114.930     0.725220      126.069  73.96     0.690043        6.373     0.133100    18.333333     0.026667   1   0 
 51 308   0.994318      168.413      114.930     0.725242      126.069  73.96     0.690043        0.000     0.276591    18.960000     0.626667   0   0 
 52 308   0.994318      168.413      114.930     0.725251      126.069  73.96     0.690043        0.000     0.333333    19.466667     0.506667   0   0 
 53 308   0.994318      168.413      114.930     0.730065      126.323  74.11     0.694905        2.655     0.466104    19.493333     0.026667   0   0 
 54 308   0.994318      168.413      114.930     0.730218      126.323  74.11     0.694905        0.000     0.000000    19.520000     0.026667   0   1 
 55 308   0.000000      168.570      114.660     0.735373      127.905  75.04     0.697212        8.218     0.000330    19.560000     0.040000   1   1 
 56 308   0.461466      169.200      114.908     0.739825      128.668  75.49     0.702198        3.375     0.619604    19.826667     0.266667   0   1 
 57 308   0.462872      169.650      114.818     0.743461      128.738  75.53     0.703444        3.375     0.030364    19.973333     0.146667   1   1 
 58 308   0.442877      169.560      115.650     0.743667      128.765  75.54     0.703508        6.373     0.133100    20.146667     0.173333   1   1 
 59 308   0.230543      169.470      116.190     0.744227      129.152  75.77     0.703896        4.685     0.642917    20.293333     0.146667   0   1 
 60 308   0.230554      169.380      116.055     0.744259      129.152  75.77     0.703896        4.685     0.163601    20.373333     0.080000   1   1 
 61 308   0.245520      169.403      115.988     0.745037      129.638  76.06     0.703608        5.406     0.257960    20.506667     0.133333   0   1 
 62 308   0.275151      169.380      115.898     0.745702      130.166  76.37     0.702733        0.513     0.004765    20.586667     0.080000   0   1 
 63 308   0.275151      169.200      115.898     0.746006      130.166  76.37     0.702733        5.003     0.152801    20.666667     0.080000   1   1 
 64 308   0.002983      169.628      115.493     0.747225      130.369  76.49     0.705877        3.422     0.318615    20.733333     0.066667   0   1 
 65 308   0.002699      169.628      115.493     0.747594      130.369  76.49     0.705877        3.422     0.131264    20.773333     0.040000   1   1 
 66 308   0.001918      169.808      115.493     0.751539      130.680  76.67     0.711841        2.765     0.133517    20.840000     0.066667   0   1 
 67 308   0.001776      169.808      114.908     0.752631      131.039  76.88     0.712849        3.621     0.029749    20.866667     0.026667   1   1 
 68 308   0.148314      171.855      115.920     0.752670      133.871  78.54     0.710234        0.452     0.161172    21.186667     0.320000   0   1 
 69 308   0.211837      172.058      116.078     0.755554      133.988  78.61     0.714137        3.738     0.347555    21.360000     0.173333   0   1 
 70 308   0.218872      172.463      115.673     0.757600      134.866  79.12     0.715579        3.738     0.014222    21.440000     0.080000   1   1 
 71 308   0.341642      171.540      115.650     0.768049      135.203  79.32     0.724577        3.257     0.597576    21.520000     0.080000   0   1 
 72 308   0.342305      172.530      117.045     0.768971      135.370  79.42     0.726538        2.369     0.504381    21.746667     0.226667   0   1 
 73 308   0.346339      172.485      117.023     0.769308      135.444  79.46     0.727319        0.102     0.000430    21.880000     0.133333   0   1 
 74 308   0.346218      172.710      117.540     0.769542      135.444  79.46     0.727319        4.965     0.164376    22.053333     0.173333   1   1 
 75 308   0.448935      172.710      117.585     0.770187      135.444  79.46     0.727319        0.000     0.479316    22.680000     0.626667   0   1 
 76 308   0.000000      172.530      117.585     0.773246      135.505  79.50     0.729863        2.929     0.752586    22.720000     0.040000   0   1 
 77 308   0.000000      172.935      116.055     0.776032      137.332  80.57     0.730117        7.817     0.010898    22.786667     0.066667   1   1 
 78 308   0.004581      172.935      116.055     0.776047      137.332  80.57     0.730117        4.970     0.152448    22.853333     0.066667   1   1 
 79 308   0.144892      172.688      116.303     0.776466      137.380  80.60     0.731018        3.040     0.308457    22.893333     0.040000   0   1 
 80 308   0.476056      179.865      118.913     0.778174      143.868  84.41     0.734402        2.387     0.212116    22.986667     0.093333   0   1 
 81 308   0.471430      183.240      113.243     0.778915      147.057  86.28     0.733925        0.783     0.003589    23.213333     0.226667   0   1 
 82 308   0.451456      183.240      112.748     0.780158      147.206  86.36     0.734097        0.129     0.146156    23.413333     0.200000   0   1 
 83 308   0.451535      183.330      114.188     0.780226      147.207  86.36     0.734116        5.742     0.162792    23.573333     0.160000   1   1 
 84 308   0.394351      184.748      114.323     0.782253      147.882  86.76     0.736861        2.904     0.420557    23.626667     0.053333   0   1 
 85 308   0.318501      184.748      114.053     0.782656      148.047  86.86     0.736983        3.132     0.013851    23.666667     0.040000   1   1 
 86 308   0.469950      184.748      114.053     0.783153      148.150  86.92     0.737317        0.582     0.609813    23.986667     0.320000   0   1 
 87 308   0.469950      184.680      113.985     0.783265      148.150  86.92     0.737317        4.913     0.130226    24.253333     0.266667   1   1 
 88 308   0.461437      184.635      113.985     0.783377      148.150  86.92     0.737317        0.000     0.479316    24.906667     0.653333   0   1 
 89 308   0.455649      184.635      113.985     0.783538      148.150  86.92     0.737317        0.000     0.479316    25.533333     0.626667   0   1 
 90 308   0.455009      185.513      115.020     0.784282      148.158  86.92     0.737536        4.930     0.496788    25.640000     0.106667   0   1 
 91 308   0.453508      185.513      115.020     0.784289      148.158  86.92     0.737536        4.930     0.163454    25.800000     0.160000   1   1 
 92 308   0.460599      185.513      115.020     0.784413      148.158  86.92     0.737536        0.000     0.145982    26.386667     0.586667   0   1 
 93 308   0.070446      185.513      115.020     0.785886      148.441  87.09     0.738587        1.185     0.349084    26.413333     0.026667   0   1 
 94 308   0.409329      187.718      109.710     0.785999      150.252  88.15     0.735287        7.429     0.140270    26.826667     0.413333   0   1 
 95 308   0.418414      188.595      107.843     0.786323      150.266  88.16     0.735707        4.092     0.201649    27.040000     0.213333   0   1 
 96 308   0.418414      188.775      107.685     0.786586      150.287  88.17     0.735998        4.092     0.034982    27.120000     0.080000   1   1 
 97 308   0.342847      188.865      107.685     0.786826      150.349  88.21     0.736481        0.830     0.002655    27.373333     0.253333   0   1 
 98 308   0.412516      190.215      108.315     0.791099      150.364  88.22     0.738028        5.611     0.507617    27.506667     0.133333   0   1 
 99 308   0.442435      194.153      104.648     0.805889      151.340  88.79     0.746910        4.835     0.179394    27.693333     0.186667   0   1 
100 308   0.435766      194.310      103.928     0.821260      152.172  89.28     0.762118        4.835     0.033411    27.800000     0.106667   1   1 
