#scene........................: /home/eldamian/nbvEverardo/models/studying_room.wrl
#triangles....................: 107322
#Total triangles' area........: 170.448196 (m2)
#sensor aperture..............: 135.000000 x 70.000000 (deg)
#range image size.............: 350 x 80
#sensor blind distances.......: 0.500000 .. 30.000000 (m)
#sensor blind angle...........: 80.000000
#sensor Gaussian noise std dev: 0.012000 (m)
#views number.................: 100 
#optimization method..........: Simulated Annealing
#view iterations fitness vxl_occupied(m2) occplane(m2) vxl_quality tri_imaged(m2) tri_imaged(%) tri_quality travelled(m) energy total_time single_time backstep change
  0   0  -0.000000       16.628        4.838     0.635252       10.896   6.39     0.627871        0.000     0.000000     0.000000     0.000000   0   0 
  1 300   0.718914       32.918       17.528     0.706556       15.769   9.25     0.701153        0.000     0.109925     0.253333     0.253333   0   0 
  2 300   0.722796       67.770       30.533     0.634133       27.642  16.22     0.677486        0.000     0.109925     0.520000     0.266667   0   0 
  3 300   0.725934       82.530       44.258     0.631295       34.224  20.08     0.688275        0.000     0.077427     0.866667     0.346667   0   0 
  4 300   0.941623      100.620       77.018     0.660221       43.858  25.73     0.693613        5.250     0.657087     0.893333     0.026667   0   0 
  5 300   0.479997      140.693       57.960     0.658388       64.141  37.63     0.687385        5.250     0.136402     0.946667     0.053333   1   0 
  6 300   0.820740      144.315       53.438     0.665180       70.291  41.24     0.686265        0.000     0.479316     1.466667     0.520000   0   0 
  7 300   0.678717      144.203       74.205     0.668102       70.291  41.24     0.686265        0.000     0.276591     1.933333     0.466667   0   0 
  8 300   0.687635      153.878      115.043     0.670931       79.558  46.68     0.692721        0.000     0.276591     2.453333     0.520000   0   0 
  9 300   0.765011      153.158      119.610     0.675514       82.634  48.48     0.699750        0.000     0.109925     3.013333     0.560000   0   0 
 10 300   0.682313      159.998      113.828     0.686539       90.012  52.81     0.703900        5.216     0.609486     3.053333     0.040000   0   0 
 11 300   0.519418      160.628      118.620     0.685027       97.064  56.95     0.695269        5.216     0.166228     3.093333     0.040000   1   0 
 12 300   0.967245      161.190      121.635     0.690744       99.124  58.16     0.696466        0.000     0.187351     3.693333     0.600000   0   0 
 13 300   0.973298      159.480      122.985     0.692572       99.124  58.16     0.696466        0.000     0.609924     4.320000     0.626667   0   0 
 14 300   0.947690      159.390      124.673     0.694725       99.124  58.16     0.696466        0.000     0.109925     4.933333     0.613333   0   0 
 15 300   0.766236      159.368      125.100     0.698503       99.185  58.19     0.696536        0.000     0.145982     5.586667     0.653333   0   0 
 16 300   0.673842      159.255      122.198     0.702394      100.972  59.24     0.694072        5.201     0.147240     5.613333     0.026667   0   0 
 17 300   0.633812      159.165      122.490     0.702529      100.972  59.24     0.694072        5.201     0.147240     5.640000     0.026667   1   0 
 18 300   0.863359      158.108      122.490     0.703141      100.972  59.24     0.694072        0.000     0.255907     6.293333     0.653333   0   0 
 19 300   0.824745      158.040      122.423     0.704268      100.972  59.24     0.694072        0.000     0.609924     6.840000     0.546667   0   0 
 20 300   0.809989      158.018      122.850     0.705024      100.972  59.24     0.694072        0.000     0.500000     7.520000     0.680000   0   0 
 21 300   0.711002      158.018      122.963     0.705963      100.972  59.24     0.694072        0.000     0.145982     8.093333     0.573333   0   0 
 22 300   0.642957      169.515      123.075     0.709233      110.875  65.05     0.691321        6.452     0.498265     8.106667     0.013333   0   0 
 23 300   0.561315      169.785      123.053     0.712058      113.323  66.49     0.692028        0.854     0.355950     8.146667     0.040000   0   0 
 24 300   0.530217      169.898      121.703     0.712415      113.323  66.49     0.692028        5.663     0.162999     8.186667     0.040000   1   0 
 25 300   0.569175      170.078      119.655     0.713446      114.067  66.92     0.693992        3.598     0.769772     8.200000     0.013333   0   0 
 26 300   0.564546      169.448      119.700     0.713554      114.067  66.92     0.693992        3.598     0.159847     8.226667     0.026667   1   0 
 27 300   0.480769      169.448      119.700     0.714879      114.596  67.23     0.694596        3.225     0.833021     8.253333     0.026667   0   0 
 28 300   0.480769      169.358      119.700     0.715254      114.596  67.23     0.694596        3.225     0.145670     8.266667     0.013333   1   0 
 29 300   0.858656      168.660      119.723     0.715728      114.596  67.23     0.694596        0.000     0.687351     8.866667     0.600000   0   0 
 30 300   0.496141      170.235      121.568     0.723610      118.232  69.37     0.699219        5.352     0.662122     8.946667     0.080000   0   0 
 31 300   0.494381      170.325      121.590     0.724236      118.291  69.40     0.700737        1.393     0.209621     8.986667     0.040000   0   0 
 32 300   0.494381      170.280      121.725     0.724131      118.291  69.40     0.700737        6.165     0.139852     9.066667     0.080000   1   0 
 33 300   0.480769      169.245      121.725     0.732199      119.330  70.01     0.706435        3.495     0.512176     9.080000     0.013333   0   0 
 34 300   0.480769      168.773      121.523     0.732461      119.853  70.32     0.705885        3.495     0.158158     9.120000     0.040000   1   0 
 35 300   0.858643      168.638      123.075     0.732444      119.853  70.32     0.705885        0.000     0.410760     9.693333     0.573333   0   0 
 36 300   0.788835      168.750      123.053     0.732500      119.853  70.32     0.705885        0.000     0.609924    10.360000     0.666667   0   0 
 37 300   0.778453      168.705      123.053     0.732510      119.853  70.32     0.705885        0.000     0.500000    10.933333     0.573333   0   0 
 38 300   0.755395      169.830      122.220     0.735610      120.440  70.66     0.706768        5.312     0.614073    11.000000     0.066667   0   0 
 39 300   0.756582      169.763      122.198     0.735700      120.621  70.77     0.706891        5.312     0.134757    11.040000     0.040000   1   0 
 40 300   0.480769      169.763      122.198     0.735858      120.739  70.84     0.707427        4.911     0.445666    11.053333     0.013333   0   0 
 41 300   0.480769      169.718      122.198     0.736103      120.739  70.84     0.707427        4.911     0.133017    11.080000     0.026667   1   0 
 42 300   0.795199      169.673      122.198     0.736031      120.739  70.84     0.707427        0.000     0.276591    11.733333     0.653333   0   0 
 43 300   0.796559      175.838      118.373     0.739242      126.415  74.17     0.709228        6.417     0.442204    11.826667     0.093333   0   0 
 44 300   0.786611      176.670      117.090     0.740354      127.213  74.63     0.710134        0.279     0.179766    12.013333     0.186667   0   0 
 45 300   0.777620      177.255      115.538     0.743087      128.399  75.33     0.713534        1.617     0.364675    12.120000     0.106667   0   0 
 46 300   0.767317      178.178      113.490     0.743164      128.399  75.33     0.713534        5.193     0.163170    12.253333     0.133333   1   0 
 47 300   0.502864      178.628      112.950     0.746174      130.648  76.65     0.714217        5.003     0.751239    12.280000     0.026667   0   0 
 48 300   0.480144      178.358      112.545     0.746277      134.051  78.65     0.710980        5.003     0.141315    12.293333     0.013333   1   0 
 49 300   0.775749      178.313      112.545     0.747317      134.051  78.65     0.710980        0.000     0.187351    12.973333     0.680000   0   0 
 50 300   0.735723      183.983      108.000     0.750740      135.194  79.32     0.717294        5.303     0.273075    13.093333     0.120000   0   0 
 51 300   0.733299      184.568      108.675     0.750831      135.194  79.32     0.717294        5.303     0.163151    13.200000     0.106667   1   0 
 52 300   0.573534      187.898      107.078     0.751806      137.953  80.94     0.714920        5.094     0.686218    13.226667     0.026667   0   0 
 53 300   0.782478      188.235      105.593     0.755103      138.964  81.53     0.717282        1.411     0.129700    13.320000     0.093333   0   0 
 54 300   0.782594      190.575      107.753     0.755234      138.964  81.53     0.717282        5.235     0.145758    13.373333     0.053333   1   0 
 55 300   0.555979      190.553      107.730     0.757841      139.807  82.02     0.720255        2.842     0.771212    13.440000     0.066667   0   0 
 56 300   0.762636      191.250      107.618     0.758314      139.971  82.12     0.720192        2.943     0.258975    13.813333     0.373333   0   0 
 57 300   0.762900      191.318      107.595     0.758350      139.971  82.12     0.720192        5.437     0.164356    13.920000     0.106667   1   0 
 58 300   0.774902      191.138      107.595     0.758554      139.971  82.12     0.720192        0.000     0.255907    14.600000     0.680000   0   0 
 59 300   0.780231      191.498      107.415     0.759330      140.397  82.37     0.721495        5.299     0.756274    14.706667     0.106667   0   0 
 60 300   0.780061      191.723      107.415     0.759444      140.397  82.37     0.721495        5.299     0.146349    14.760000     0.053333   1   0 
 61 300   0.733431      191.723      107.393     0.760409      140.790  82.60     0.724985        0.690     0.776312    14.786667     0.026667   0   0 
 62 300   0.733431      191.723      107.393     0.760501      140.790  82.60     0.724985        0.000     0.000000    14.853333     0.066667   0   1 
 63 300   0.328446      192.375      107.348     0.759752      141.681  83.12     0.723472        5.032     0.020038    14.893333     0.040000   1   1 
 64 300   0.215024      192.623      107.348     0.762737      142.836  83.80     0.722698        1.582     0.667721    14.933333     0.040000   0   1 
 65 300   0.214374      192.533      107.280     0.763005      143.801  84.37     0.722021        5.522     0.145295    14.960000     0.026667   1   1 
 66 300   0.203046      192.780      107.213     0.762801      143.924  84.44     0.721648        5.420     0.490539    15.026667     0.066667   0   1 
 67 300   0.171379      192.780      107.213     0.762863      143.924  84.44     0.721648        5.420     0.157205    15.053333     0.026667   1   1 
 68 300   0.019386      193.005      107.438     0.762924      144.024  84.50     0.721860        4.641     0.498266    15.160000     0.106667   0   1 
 69 300   0.085110      192.735      104.175     0.765369      145.936  85.62     0.720640        2.246     0.178996    15.293333     0.133333   0   1 
 70 300   0.273121      192.780      104.130     0.765711      146.029  85.67     0.722359        3.390     0.116330    15.466667     0.173333   0   1 
 71 300   0.272945      192.893      104.153     0.766077      146.178  85.76     0.723571        3.390     0.006406    15.560000     0.093333   1   1 
 72 300   0.271472      192.938      104.243     0.766144      146.178  85.76     0.723571        6.050     0.152604    15.666667     0.106667   1   1 
 73 300   0.080443      193.005      104.310     0.766379      146.378  85.88     0.724929        2.915     0.273974    15.720000     0.053333   0   1 
 74 300   0.080443      193.073      104.288     0.767879      147.064  86.28     0.725875        3.153     0.000306    15.840000     0.120000   1   1 
 75 300   0.072001      193.028      104.288     0.768291      147.064  86.28     0.725875        5.437     0.164356    16.013333     0.173333   1   1 
 76 300   0.120219      193.388      104.243     0.769014      147.626  86.61     0.725978        5.435     0.339592    16.053333     0.040000   0   1 
 77 300   0.094823      193.388      104.243     0.769108      147.968  86.81     0.726126        5.435     0.152241    16.080000     0.026667   1   1 
 78 300   0.003683      193.185      103.748     0.770913      148.605  87.18     0.727352        6.397     0.326004    16.133333     0.053333   0   1 
 79 300   0.086817      193.118      103.568     0.770982      148.689  87.23     0.728188        1.512     0.191868    16.240000     0.106667   0   1 
 80 300   0.086817      193.163      103.635     0.771034      148.689  87.23     0.728188        5.362     0.163854    16.400000     0.160000   1   1 
 81 300   0.617723      193.163      103.635     0.771409      148.689  87.23     0.728188        0.000     0.589240    17.000000     0.600000   0   1 
 82 300   0.054443      193.208      103.635     0.772036      148.907  87.36     0.728902        0.777     0.309468    17.026667     0.026667   0   1 
 83 300   0.065262      193.005      103.365     0.774752      148.948  87.39     0.731341        2.226     0.278065    17.080000     0.053333   0   1 
 84 300   0.528053      193.140      102.870     0.775231      149.149  87.50     0.730936        3.883     0.194494    17.253333     0.173333   0   1 
 85 300   0.528018      192.803      102.848     0.776889      149.259  87.57     0.732950        3.883     0.027827    17.360000     0.106667   1   1 
 86 300   0.454037      192.803      102.848     0.777370      149.273  87.58     0.733533        7.900     0.019202    17.440000     0.080000   1   1 
 87 300   0.259329      192.803      102.848     0.777406      149.273  87.58     0.733533        5.235     0.145758    17.466667     0.026667   1   1 
 88 300   0.000000      192.893      102.848     0.780334      149.709  87.83     0.736183        5.235     0.607022    17.493333     0.026667   0   1 
 89 300   0.069561      192.893      102.848     0.780486      149.716  87.84     0.736647        0.972     0.308885    17.600000     0.106667   0   1 
 90 300   0.069561      192.915      102.825     0.780530      149.716  87.84     0.736647        5.714     0.152155    17.640000     0.040000   1   1 
 91 300   0.036899      192.915      102.825     0.780570      149.716  87.84     0.736731        5.952     0.166282    17.733333     0.093333   0   1 
 92 300   0.036899      192.915      102.825     0.780559      149.716  87.84     0.736731        5.952     0.166282    17.786667     0.053333   1   1 
 93 300   0.092472      192.983      102.825     0.780653      149.816  87.90     0.737371        0.871     0.684126    17.866667     0.080000   0   1 
 94 300   0.092472      193.005      102.825     0.781280      150.276  88.17     0.737353        5.071     0.000290    17.893333     0.026667   1   1 
 95 300   0.307096      196.335      102.150     0.785164      150.734  88.43     0.739847        1.836     0.190840    18.013333     0.120000   0   1 
 96 300   0.496480      196.245      102.015     0.785718      150.773  88.46     0.739772        1.049     0.150664    18.266667     0.253333   0   1 
 97 300   0.541243      196.245      101.700     0.785769      150.795  88.47     0.739730        0.156     0.023865    18.480000     0.213333   0   1 
 98 300   0.541243      196.245      101.700     0.785779      150.795  88.47     0.739730        6.174     0.138093    18.573333     0.093333   1   1 
 99 300   0.150312      196.650      101.160     0.786092      150.866  88.51     0.739899        6.622     0.284502    18.626667     0.053333   0   1 
100 300   0.514918      196.650      101.115     0.786250      150.878  88.52     0.739911        0.705     0.171288    18.840000     0.213333   0   1 
