#scene........................: /home/eldamian/nbvEverardo/models/studying_room.wrl
#triangles....................: 107322
#Total triangles' area........: 170.448196 (m2)
#sensor aperture..............: 135.000000 x 70.000000 (deg)
#range image size.............: 350 x 80
#sensor blind distances.......: 0.500000 .. 30.000000 (m)
#sensor blind angle...........: 80.000000
#sensor Gaussian noise std dev: 0.012000 (m)
#views number.................: 100 
#optimization method..........: Simulated Annealing
#view iterations fitness vxl_occupied(m2) occplane(m2) vxl_quality tri_imaged(m2) tri_imaged(%) tri_quality travelled(m) energy total_time single_time backstep change
  0   0  -0.000000       16.628        4.838     0.635252       10.896   6.39     0.627871        0.000     0.000000     0.000000     0.000000   0   0 
  1 300   0.683067       56.880       24.075     0.624864       25.389  14.90     0.640227        0.000     0.166667     0.253333     0.253333   0   0 
  2 300   0.680226      107.910       52.290     0.626484       39.071  22.92     0.654180        0.000     0.255907     0.506667     0.253333   0   0 
  3 300   0.668668      122.198       74.183     0.626492       45.858  26.90     0.666632        0.000     0.077427     0.920000     0.413333   0   0 
  4 300   0.685678      144.518       95.265     0.638416       64.258  37.70     0.669326        0.000     0.166667     1.400000     0.480000   0   0 
  5 300   0.699520      145.215      117.068     0.653484       68.511  40.19     0.678895        0.000     0.687351     1.973333     0.573333   0   0 
  6 300   0.714722      144.518      126.113     0.664827       72.562  42.57     0.689482        0.000     0.500000     2.533333     0.560000   0   0 
  7 300   0.692415      143.325      123.480     0.663989       77.195  45.29     0.685471        0.000     0.109925     2.986667     0.453333   0   0 
  8 300   0.680945      143.078      129.420     0.668487       77.290  45.35     0.685601        0.000     0.589240     3.520000     0.533333   0   0 
  9 300   0.506794      150.323      144.270     0.675343       79.518  46.65     0.689146        5.742     0.307359     3.560000     0.040000   0   0 
 10 300   0.394690      150.053      143.393     0.675980       79.518  46.65     0.689146        5.742     0.161377     3.586667     0.026667   1   0 
 11 300   0.717137      149.738      143.258     0.676289       79.518  46.65     0.689146        0.000     0.000000     4.120000     0.533333   0   0 
 12 300   0.710918      149.535      143.168     0.677476       79.518  46.65     0.689146        0.000     0.500000     4.626667     0.506667   0   0 
 13 300   0.562444      155.880      142.740     0.693300       88.891  52.15     0.692765        5.949     0.254014     4.666667     0.040000   0   0 
 14 300   0.221743      155.678      143.258     0.693554       88.891  52.15     0.692765        5.949     0.144090     4.733333     0.066667   1   0 
 15 300   0.720159      156.353      140.603     0.699376       94.134  55.23     0.686287        5.281     0.637215     4.840000     0.106667   0   0 
 16 300   0.124984      156.600      139.815     0.706002       95.960  56.30     0.689636        0.933     0.332101     4.880000     0.040000   0   0 
 17 300   0.387315      158.040      135.293     0.711333       99.439  58.34     0.695328        2.669     0.372785     5.000000     0.120000   0   0 
 18 300   0.269942      157.635      136.710     0.712606       99.439  58.34     0.695328        5.447     0.137899     5.040000     0.040000   1   0 
 19 300   0.218104      157.613      136.575     0.713333      100.274  58.83     0.694949        5.242     0.308599     5.106667     0.066667   0   0 
 20 300   0.616098      158.130      136.890     0.713356      101.125  59.33     0.694509        2.233     0.191353     5.186667     0.080000   0   0 
 21 300   0.614400      158.265      136.890     0.716162      101.740  59.69     0.695494        3.766     0.260055     5.293333     0.106667   0   0 
 22 300   0.734502      166.410      119.588     0.733486      105.860  62.11     0.707624        1.112     0.337062     5.440000     0.146667   0   0 
 23 300   0.698210      167.760      118.643     0.740468      110.143  64.62     0.708858        4.878     0.028562     5.573333     0.133333   1   0 
 24 300   0.425370      167.468      118.485     0.741797      110.988  65.12     0.709432        1.648     0.314624     5.626667     0.053333   0   0 
 25 300   0.726917      167.468      118.080     0.742564      111.280  65.29     0.709931        0.724     0.363266     5.706667     0.080000   0   0 
 26 300   0.726675      168.053      119.160     0.743042      111.280  65.29     0.709931        5.080     0.134711     5.746667     0.040000   1   0 
 27 300   0.737088      171.023      118.845     0.748023      115.155  67.56     0.707993        5.428     0.165638     5.800000     0.053333   0   0 
 28 300   0.732688      172.890      117.585     0.750594      117.513  68.94     0.711392        1.427     0.335891     5.946667     0.146667   0   0 
 29 300   0.774701      176.963      118.845     0.756787      121.282  71.16     0.714713        1.237     0.288772     6.080000     0.133333   0   0 
 30 300   0.623408      178.695      116.078     0.760074      123.114  72.23     0.717033        1.885     0.128379     6.146667     0.066667   0   0 
 31 300   0.583534      179.370      116.145     0.760504      123.270  72.32     0.719493        6.282     0.148670     6.266667     0.120000   1   0 
 32 300   0.751984      181.080      115.200     0.762748      128.773  75.55     0.714872        5.678     0.430282     6.373333     0.106667   0   0 
 33 300   0.260926      181.058      114.345     0.764325      130.690  76.67     0.715731        0.405     0.334043     6.466667     0.093333   0   0 
 34 300   0.065228      181.485      113.738     0.766207      132.651  77.83     0.714140        2.880     0.340340     6.586667     0.120000   0   0 
 35 300   0.556077      181.620      113.040     0.767018      133.166  78.13     0.716544        3.299     0.278021     6.773333     0.186667   0   0 
 36 300   0.611202      181.800      111.645     0.767820      133.497  78.32     0.717824        0.707     0.031207     6.880000     0.106667   0   0 
 37 300   0.751095      181.800      111.645     0.768188      133.530  78.34     0.717937        0.421     0.146916     7.066667     0.186667   0   0 
 38 300   0.748979      180.855      111.870     0.774386      133.725  78.45     0.725057        3.796     0.028844     7.200000     0.133333   1   0 
 39 300   0.745113      180.878      112.028     0.775554      133.793  78.49     0.726608        3.080     0.028400     7.333333     0.133333   1   0 
 40 300   0.686228      180.900      112.140     0.775851      133.808  78.50     0.726606        2.367     0.020058     7.440000     0.106667   0   0 
 41 300   0.684272      180.878      111.803     0.776010      133.809  78.50     0.726636        6.499     0.153064     7.506667     0.066667   1   0 
 42 300   0.294313      183.825      107.910     0.775054      136.676  80.19     0.726114        5.382     0.665152     7.613333     0.106667   0   0 
 43 300   0.380163      185.490      106.020     0.775901      139.180  81.66     0.723703        1.896     0.004749     7.733333     0.120000   0   0 
 44 300   0.227826      185.445      106.178     0.776629      140.275  82.30     0.722907        5.048     0.160403     7.813333     0.080000   1   0 
 45 300   0.750830      185.130      106.133     0.777556      140.275  82.30     0.722907        0.000     0.109925     8.440000     0.626667   0   0 
 46 300   0.065011      185.175      106.133     0.778567      140.395  82.37     0.724828        4.734     0.445355     8.453333     0.013333   0   0 
 47 300   0.065041      185.175      106.133     0.779631      140.398  82.37     0.726652        0.680     0.153586     8.533333     0.080000   0   0 
 48 300   0.131488      185.760      105.660     0.779891      141.096  82.78     0.726905        0.570     0.176275     8.586667     0.053333   0   0 
 49 300   0.703379      186.390      105.930     0.780794      141.357  82.93     0.729378        0.331     0.190068     8.666667     0.080000   0   0 
 50 300   0.698553      187.988      107.258     0.780903      141.357  82.93     0.729378        5.306     0.128150     8.786667     0.120000   1   0 
 51 300   0.714279      187.875      107.078     0.781238      141.882  83.24     0.727992        5.436     0.785570     8.973333     0.186667   0   0 
 52 300   0.684195      188.460      105.300     0.783065      145.987  85.65     0.725642        5.436     0.154961     9.026667     0.053333   1   0 
 53 300   0.356634      191.048      106.110     0.783707      146.271  85.82     0.726016        4.814     0.291633     9.066667     0.040000   0   0 
 54 300   0.356634      190.958      106.065     0.783836      146.271  85.82     0.726016        4.814     0.161024     9.093333     0.026667   1   0 
 55 300   0.065013      190.980      106.043     0.784336      146.829  86.14     0.725844        5.462     0.287888     9.120000     0.026667   0   0 
 56 300   0.535222      191.003      106.043     0.784688      147.024  86.26     0.726986        0.161     0.143243     9.226667     0.106667   0   0 
 57 300   0.535222      191.273      106.358     0.784804      147.024  86.26     0.726986        5.579     0.144645     9.346667     0.120000   1   0 
 58 300   0.755181      191.138      106.133     0.784726      147.024  86.26     0.726986        0.000     0.000000    10.026667     0.680000   0   0 
 59 300   0.745556      191.138      106.133     0.784843      147.024  86.26     0.726986        0.000     0.500000    10.706667     0.680000   0   0 
 60 300   0.465105      191.318      105.953     0.786228      147.093  86.30     0.727734        5.418     0.282925    10.746667     0.040000   0   0 
 61 300   0.465105      191.318      105.953     0.786276      147.093  86.30     0.727734        5.418     0.136942    10.866667     0.120000   1   0 
 62 300   0.754933      191.228      105.953     0.786362      147.093  86.30     0.727734        0.000     0.479316    11.533333     0.666667   0   0 
 63 300   0.193828      197.393      106.200     0.783482      148.837  87.32     0.726641        6.198     0.655874    11.600000     0.066667   0   0 
 64 300   0.713305      197.843      105.323     0.783692      149.000  87.42     0.727335        3.343     0.120499    11.720000     0.120000   0   0 
 65 300   0.713122      197.910      105.030     0.783718      149.111  87.48     0.728298        3.343     0.010575    11.866667     0.146667   1   0 
 66 300   0.325526      197.933      104.963     0.783825      149.111  87.48     0.728298        6.198     0.135189    11.893333     0.026667   1   0 
 67 300   0.748809      197.730      104.940     0.783818      149.111  87.48     0.728298        0.000     0.500000    12.506667     0.613333   0   0 
 68 300   0.065041      197.730      104.940     0.784187      149.153  87.51     0.728711        5.522     0.324882    12.520000     0.013333   0   0 
 69 300   0.065041      197.595      104.918     0.784213      149.153  87.51     0.728711        5.522     0.137531    12.533333     0.013333   1   0 
 70 300   0.569360      197.393      104.895     0.784214      149.163  87.51     0.728787        5.588     0.314007    12.626667     0.093333   0   0 
 71 300   0.617350      197.393      104.895     0.784243      149.167  87.51     0.730166        2.149     0.015402    12.773333     0.146667   0   0 
 72 300   0.719472      197.393      104.895     0.784296      149.167  87.51     0.730717        0.650     0.366934    12.933333     0.160000   0   0 
 73 300   0.719472      197.393      104.895     0.784357      149.167  87.51     0.730717        5.251     0.129142    13.053333     0.120000   1   0 
 74 300   0.077801      197.055      104.760     0.785169      150.517  88.31     0.729381        4.740     0.795059    13.160000     0.106667   0   0 
 75 300   0.076589      196.830      104.760     0.785560      150.517  88.31     0.729381        4.740     0.128393    13.226667     0.066667   1   0 
 76 300   0.592386      197.753      105.075     0.786335      150.577  88.34     0.731068        4.820     0.353104    13.320000     0.093333   0   0 
 77 300   0.592289      197.753      105.075     0.786322      150.577  88.34     0.731068        4.820     0.165753    13.480000     0.160000   1   0 
 78 300   0.749060      197.753      105.075     0.786375      150.577  88.34     0.731068        0.000     0.000000    14.013333     0.533333   0   0 
 79 300   0.260622      197.708      105.075     0.786377      150.622  88.37     0.731184        5.252     0.139220    14.040000     0.026667   0   0 
 80 300   0.614142      197.685      104.940     0.788181      151.178  88.69     0.733882        3.075     0.134030    14.186667     0.146667   0   0 
 81 300   0.613202      197.505      104.940     0.788359      151.390  88.82     0.733612        3.075     0.024106    14.266667     0.080000   1   0 
 82 300   0.408316      197.100      104.940     0.788520      151.390  88.82     0.733612        5.252     0.139220    14.360000     0.093333   1   0 
 83 300   0.065041      197.010      104.940     0.788853      151.477  88.87     0.734684        5.453     0.570508    14.400000     0.040000   0   0 
 84 300   0.696770      197.033      104.738     0.789237      151.732  89.02     0.734610        1.420     0.119749    14.440000     0.040000   0   0 
 85 300   0.580088      197.168      103.590     0.791723      153.592  90.11     0.735570        5.338     0.149924    14.680000     0.240000   1   0 
 86 300   0.248028      197.100      103.590     0.793134      154.085  90.40     0.735469        5.437     0.424059    14.706667     0.026667   0   0 
 87 300   0.532766      197.010      103.590     0.793227      154.086  90.40     0.735491        0.129     0.351245    14.853333     0.146667   0   0 
 88 300   0.532766      197.010      103.590     0.793272      154.086  90.40     0.735491        5.511     0.129557    14.946667     0.093333   1   0 
 89 300   0.749060      197.010      103.590     0.793392      154.086  90.40     0.735491        0.000     0.145982    15.613333     0.666667   0   0 
 90 300   0.065041      195.863      103.590     0.801787      156.257  91.67     0.738937        2.518     0.602309    15.626667     0.013333   0   0 
 91 300   0.507126      196.560      104.580     0.801862      156.320  91.71     0.739220        3.848     0.478927    15.773333     0.146667   0   0 
 92 300   0.722430      196.088      104.513     0.802827      156.424  91.77     0.740409        3.758     0.146958    15.840000     0.066667   0   0 
 93 300   0.746138      196.155      104.445     0.802848      156.426  91.77     0.740452        2.695     0.006517    16.066667     0.226667   0   0 
 94 300   0.746138      196.155      104.445     0.802887      156.426  91.77     0.740452        5.421     0.145859    16.173333     0.106667   1   0 
 95 300   0.592363      196.155      104.400     0.803175      156.458  91.79     0.741015        4.873     0.311451    16.320000     0.146667   0   0 
 96 300   0.721613      199.013      105.435     0.803390      156.461  91.79     0.741033        1.717     0.161520    16.453333     0.133333   0   0 
 97 300   0.719394      198.923      105.390     0.803381      156.461  91.79     0.741033        6.420     0.149931    16.586667     0.133333   1   0 
 98 300   0.071874      198.923      105.300     0.804122      156.592  91.87     0.746405        4.127     0.662675    16.626667     0.040000   0   0 
 99 300   0.080308      198.923      105.300     0.806188      156.804  92.00     0.749586        1.664     0.014258    16.720000     0.093333   0   0 
100 300   0.120031      198.833      105.300     0.807023      156.856  92.03     0.750714        0.637     0.113567    16.813333     0.093333   0   0 
