#scene........................: /home/eldamian/nbvEverardo/models/studying_room.wrl
#triangles....................: 107322
#Total triangles' area........: 170.448196 (m2)
#sensor aperture..............: 135.000000 x 70.000000 (deg)
#range image size.............: 350 x 80
#sensor blind distances.......: 0.500000 .. 30.000000 (m)
#sensor blind angle...........: 80.000000
#sensor Gaussian noise std dev: 0.012000 (m)
#views number.................: 100 
#optimization method..........: Evolution Strategy
#view iterations fitness vxl_occupied(m2) occplane(m2) vxl_quality tri_imaged(m2) tri_imaged(%) tri_quality travelled(m) energy total_time single_time backstep change
  0   0  -0.000000       16.628        4.838     0.635252       10.896   6.39     0.627871        0.000     0.000000     0.000000     0.000000   0   0 
  1 308   0.683067       56.880       24.075     0.624864       25.389  14.90     0.640227        0.000     0.166667     0.213333     0.213333   0   0 
  2 308   0.680226      107.910       52.290     0.626484       39.071  22.92     0.654180        0.000     0.255907     0.546667     0.333333   0   0 
  3 308   0.668668      122.198       74.183     0.626492       45.858  26.90     0.666632        0.000     0.077427     0.986667     0.440000   0   0 
  4 308   0.685678      144.518       95.265     0.638416       64.258  37.70     0.669326        0.000     0.166667     1.480000     0.493333   0   0 
  5 308   0.699520      145.215      117.068     0.653484       68.511  40.19     0.678895        0.000     0.687351     1.986667     0.506667   0   0 
  6 308   0.714722      144.518      126.113     0.664827       72.562  42.57     0.689482        0.000     0.500000     2.506667     0.520000   0   0 
  7 308   0.692415      143.325      123.480     0.663989       77.195  45.29     0.685471        0.000     0.109925     2.986667     0.480000   0   0 
  8 308   0.448023      148.838      124.110     0.675226       80.891  47.46     0.687028        5.012     0.252983     3.040000     0.053333   0   0 
  9 308   0.360079      148.388      125.100     0.676653       80.891  47.46     0.687028        5.012     0.143058     3.106667     0.066667   1   0 
 10 308   0.764303      148.455      124.875     0.676984       80.891  47.46     0.687028        0.000     0.000000     3.653333     0.546667   0   0 
 11 308   0.741073      148.140      127.148     0.678624       80.891  47.46     0.687028        0.000     0.500000     4.173333     0.520000   0   0 
 12 308   0.105120      148.545      128.273     0.683798       84.369  49.50     0.683552        6.530     0.759817     4.226667     0.053333   0   0 
 13 308   0.397666      154.328      133.583     0.684790       89.801  52.69     0.678671        0.683     0.329120     4.253333     0.026667   0   0 
 14 308   0.065031      157.073      133.583     0.688178       95.698  56.15     0.675596        6.025     0.166363     4.293333     0.040000   1   0 
 15 308   0.764344      156.893      147.713     0.688610       95.698  56.15     0.675596        0.000     0.463942     4.786667     0.493333   0   0 
 16 308   0.067170      156.375      147.465     0.693200       97.461  57.18     0.679085        2.885     0.349095     4.800000     0.013333   0   0 
 17 308   0.786341      157.545      138.128     0.696248       99.108  58.15     0.688743        0.196     0.191281     4.880000     0.080000   0   0 
 18 308   0.720968      156.825      138.015     0.696394       99.108  58.15     0.688743        0.000     0.000000     4.920000     0.040000   0   1 
 19 308   0.267467      159.278      141.795     0.702997      102.369  60.06     0.695360        3.493     0.000689     4.973333     0.053333   1   1 
 20 308   0.314969      159.885      141.030     0.701136      103.269  60.59     0.697025        3.565     0.004512     5.080000     0.106667   0   1 
 21 308   0.312553      160.110      139.365     0.701289      103.269  60.59     0.697025        3.565     0.004512     5.160000     0.080000   1   1 
 22 308   0.187773      160.605      140.063     0.701502      103.269  60.59     0.697025        6.025     0.166363     5.266667     0.106667   1   1 
 23 308   0.665825      160.628      141.075     0.703157      103.284  60.60     0.697083        0.000     0.145982     5.893333     0.626667   0   1 
 24 308   0.426465      161.595      140.243     0.705146      105.575  61.94     0.699564        4.893     0.418427     6.000000     0.106667   0   1 
 25 308   0.243610      162.428      138.893     0.706883      107.020  62.79     0.700801        0.476     0.026488     6.080000     0.080000   0   1 
 26 308   0.178010      161.798      138.938     0.707438      107.020  62.79     0.700801        4.985     0.136032     6.240000     0.160000   1   1 
 27 308   0.666181      161.798      138.938     0.709227      107.020  62.79     0.700801        0.000     0.255907     6.746667     0.506667   0   1 
 28 308   0.625504      161.820      138.915     0.709770      107.020  62.79     0.700801        0.000     0.145982     7.426667     0.680000   0   1 
 29 308   0.606383      161.820      139.815     0.710629      107.033  62.79     0.700857        0.000     0.479316     8.093333     0.666667   0   1 
 30 308   0.485009      162.225      139.950     0.711196      107.033  62.79     0.700857        0.000     0.145982     8.720000     0.626667   0   1 
 31 308   0.419458      162.113      140.153     0.711603      107.033  62.79     0.700857        0.000     0.609924     9.346667     0.626667   0   1 
 32 308   0.193257      161.753      140.130     0.711296      107.654  63.16     0.702899        0.000     0.276591    10.026667     0.680000   0   1 
 33 308   0.118660      162.158      140.558     0.711286      108.209  63.49     0.702395        0.000     0.166667    10.680000     0.653333   0   1 
 34 308   0.109366      161.730      140.400     0.711276      108.209  63.49     0.702395        0.000     0.354018    11.293333     0.613333   0   1 
 35 308   0.042937      163.193      139.140     0.716083      111.396  65.35     0.704850        0.000     0.166667    11.840000     0.546667   0   1 
 36 308   0.040481      163.193      140.063     0.716298      112.335  65.91     0.703204        0.000     0.500000    12.240000     0.400000   0   1 
 37 308   0.035447      163.328      140.130     0.716539      112.335  65.91     0.703204        0.000     0.333333    12.813333     0.573333   0   1 
 38 308   0.017742      163.418      140.153     0.716593      112.335  65.91     0.703204        0.000     0.255907    13.413333     0.600000   0   1 
 39 308   0.538381      164.025      138.645     0.720179      115.453  67.73     0.699892        4.995     0.604798    13.506667     0.093333   0   1 
 40 308   0.004145      163.823      138.218     0.724048      116.319  68.24     0.703643        0.482     0.179630    13.586667     0.080000   0   1 
 41 308   0.507284      168.773      132.683     0.723788      120.927  70.95     0.701480        0.706     0.612883    13.760000     0.173333   0   1 
 42 308   0.413571      169.583      131.085     0.726775      122.064  71.61     0.702996        0.666     0.023667    13.973333     0.213333   0   1 
 43 308   0.408849      170.933      131.400     0.726977      122.064  71.61     0.702996        5.130     0.154519    14.160000     0.186667   1   1 
 44 308   0.641992      170.933      131.400     0.727877      122.064  71.61     0.702996        0.000     0.479316    14.706667     0.546667   0   1 
 45 308   0.027897      171.113      131.490     0.739547      123.379  72.39     0.714816        5.387     0.291300    14.760000     0.053333   0   1 
 46 308   0.218877      171.113      131.535     0.739813      123.538  72.48     0.715105        0.135     0.149196    14.826667     0.066667   0   1 
 47 308   0.628991      171.248      131.715     0.743312      123.804  72.63     0.717928        0.070     0.347868    14.933333     0.106667   0   1 
 48 308   0.629505      171.248      131.715     0.743432      123.804  72.63     0.717928        5.512     0.156639    15.000000     0.066667   1   1 
 49 308   0.635705      171.248      131.715     0.743541      123.804  72.63     0.717928        0.000     0.333333    15.453333     0.453333   0   1 
 50 308   0.625891      171.248      131.715     0.743509      123.804  72.63     0.717928        0.000     0.333333    16.106667     0.653333   0   1 
 51 308   0.092939      171.248      131.715     0.743923      124.064  72.79     0.717483        4.926     0.607934    16.200000     0.093333   0   1 
 52 308   0.167603      171.248      131.715     0.744060      124.155  72.84     0.717699        0.090     0.174284    16.386667     0.186667   0   1 
 53 308   0.424901      171.248      131.715     0.744083      124.240  72.89     0.717697        0.530     0.343402    16.533333     0.146667   0   1 
 54 308   0.430159      171.248      131.715     0.744098      124.280  72.91     0.717623        0.354     0.016097    16.640000     0.106667   0   1 
 55 308   0.604208      171.248      131.715     0.744461      124.404  72.99     0.719208        1.085     0.035161    16.880000     0.240000   0   1 
 56 308   0.639277      171.338      131.715     0.745320      124.557  73.08     0.721554        0.590     0.000100    17.013333     0.133333   0   1 
 57 308   0.639277      171.338      131.715     0.745356      124.557  73.08     0.721554        4.288     0.166016    17.106667     0.093333   1   1 
 58 308   0.078695      171.225      131.693     0.745709      124.787  73.21     0.721856        4.685     0.642917    17.226667     0.120000   0   1 
 59 308   0.078695      171.225      131.693     0.746047      124.787  73.21     0.721856        4.685     0.163601    17.320000     0.093333   1   1 
 60 308   0.078432      171.180      131.693     0.746187      124.859  73.25     0.721840        4.905     0.152841    17.400000     0.080000   0   1 
 61 308   0.137095      172.508      129.848     0.746022      126.128  74.00     0.720261        0.424     0.119220    17.560000     0.160000   0   1 
 62 308   0.119785      172.508      129.983     0.746008      126.128  74.00     0.720261        5.091     0.162137    17.626667     0.066667   1   1 
 63 308   0.635705      172.508      129.983     0.746247      126.128  74.00     0.720261        0.000     0.255907    18.213333     0.586667   0   1 
 64 308   0.135913      172.508      129.353     0.746303      126.135  74.00     0.720289        5.079     0.136052    18.306667     0.093333   0   1 
 65 308   0.534025      172.508      129.353     0.746309      126.147  74.01     0.720316        0.255     0.347143    18.440000     0.133333   0   1 
 66 308   0.546190      172.508      129.353     0.746312      126.167  74.02     0.720351        0.304     0.008775    18.560000     0.120000   0   1 
 67 308   0.559128      172.508      129.398     0.746314      126.172  74.02     0.720356        0.308     0.010210    18.760000     0.200000   0   1 
 68 308   0.588240      172.508      129.398     0.746315      126.172  74.02     0.720437        0.494     0.000927    18.960000     0.200000   0   1 
 69 308   0.588240      172.530      129.330     0.746328      126.172  74.02     0.720437        5.133     0.129949    19.053333     0.093333   1   1 
 70 308   0.635705      172.530      129.330     0.746358      126.172  74.02     0.720437        0.000     0.333333    19.706667     0.653333   0   1 
 71 308   0.520953      172.530      129.330     0.746387      126.173  74.02     0.720495        5.292     0.499146    19.853333     0.146667   0   1 
 72 308   0.520953      172.530      129.330     0.746409      126.173  74.02     0.720495        5.292     0.165812    20.000000     0.146667   1   1 
 73 308   0.635705      172.530      129.330     0.746418      126.173  74.02     0.720495        0.000     0.333333    20.613333     0.613333   0   1 
 74 308   0.628942      172.530      129.330     0.746432      126.173  74.02     0.720495        0.000     0.333333    21.066667     0.453333   0   1 
 75 308   0.583714      172.553      129.308     0.746595      126.173  74.02     0.720495        0.000     0.479316    21.706667     0.640000   0   1 
 76 308   0.393730      172.620      129.240     0.747214      126.328  74.12     0.722160        2.162     0.164013    21.853333     0.146667   0   1 
 77 308   0.393730      172.643      129.173     0.747284      126.328  74.12     0.722160        7.160     0.020955    21.973333     0.120000   1   1 
 78 308   0.188884      172.755      129.060     0.747534      126.609  74.28     0.722079        0.254     0.126132    22.160000     0.186667   0   1 
 79 308   0.188793      172.733      129.060     0.747507      126.609  74.28     0.722079        4.798     0.159266    22.280000     0.120000   1   1 
 80 308   0.376349      172.868      126.540     0.747904      127.083  74.56     0.722445        5.106     0.742784    22.426667     0.146667   0   1 
 81 308   0.397541      172.845      126.563     0.748255      127.311  74.69     0.722675        0.224     0.001169    22.640000     0.213333   0   1 
 82 308   0.397486      172.823      126.630     0.748304      127.311  74.69     0.722675        4.883     0.134028    22.826667     0.186667   1   1 
 83 308   0.025441      173.183      125.325     0.750411      130.467  76.54     0.719771        4.933     0.430000    22.920000     0.093333   0   1 
 84 308   0.000107      173.115      125.325     0.751045      130.699  76.68     0.720505        0.049     0.146065    23.026667     0.106667   0   1 
 85 308   0.033000      175.140      123.503     0.752706      133.040  78.05     0.719414        1.146     0.194589    23.120000     0.093333   0   1 
 86 308   0.024215      175.568      123.435     0.752612      133.040  78.05     0.719414        5.092     0.160564    23.186667     0.066667   1   1 
 87 308   0.003192      175.815      123.345     0.752701      133.198  78.15     0.719737        6.461     0.646414    23.240000     0.053333   0   1 
 88 308   0.002692      175.748      123.345     0.752694      133.198  78.15     0.719737        6.461     0.146414    23.266667     0.026667   1   1 
 89 308   0.649028      175.748      123.345     0.752729      133.198  78.15     0.719737        0.000     0.255907    23.880000     0.613333   0   1 
 90 308   0.133925      175.005      123.098     0.761528      133.631  78.40     0.727724        2.694     0.485325    24.000000     0.120000   0   1 
 91 308   0.190114      173.948      123.030     0.763026      133.696  78.44     0.729165        0.270     0.011710    24.053333     0.053333   0   1 
 92 308   0.188242      173.745      122.918     0.763094      133.696  78.44     0.729165        0.000     0.000000    24.120000     0.066667   0   1 
 93 308   0.596051      174.443      122.018     0.765455      133.696  78.44     0.730301        7.389     0.002325    24.226667     0.106667   0   1 
 94 308   0.572489      174.308      121.973     0.765403      133.696  78.44     0.730301        7.389     0.002325    24.333333     0.106667   1   1 
 95 308   0.216045      174.128      121.928     0.766911      133.722  78.45     0.731623        0.370     0.001122    24.413333     0.080000   0   1 
 96 308   0.215692      174.038      121.883     0.767239      133.722  78.45     0.731623        0.000     0.000000    24.453333     0.040000   0   1 
 97 308   0.215265      173.970      121.860     0.767260      133.722  78.45     0.731623        0.000     0.000000    24.546667     0.093333   0   1 
 98 308   0.214794      173.880      121.815     0.767296      133.722  78.45     0.731623        0.000     0.000000    24.640000     0.093333   0   1 
 99 308   0.364916      175.703      121.478     0.769433      133.975  78.60     0.733203        2.552     0.336101    24.786667     0.146667   0   1 
100 308   0.626232      182.700      114.008     0.772979      141.068  82.76     0.736726        2.134     0.148416    25.120000     0.333333   0   1 
