#scene........................: /home/eldamian/nbvEverardo/models/studying_room.wrl
#triangles....................: 107322
#Total triangles' area........: 170.448196 (m2)
#sensor aperture..............: 135.000000 x 70.000000 (deg)
#range image size.............: 350 x 80
#sensor blind distances.......: 0.500000 .. 30.000000 (m)
#sensor blind angle...........: 80.000000
#sensor Gaussian noise std dev: 0.012000 (m)
#views number.................: 100 
#optimization method..........: Simulated Annealing
#view iterations fitness vxl_occupied(m2) occplane(m2) vxl_quality tri_imaged(m2) tri_imaged(%) tri_quality travelled(m) energy total_time single_time backstep change
  0   0  -0.000000       16.628        4.838     0.635252       10.896   6.39     0.627871        0.000     0.000000     0.000000     0.000000   0   0 
  1 300   0.880904       15.503        4.815     0.632690       10.896   6.39     0.627871        0.000     0.000000     0.213333     0.213333   0   0 
  2 300   0.761943       26.618       13.928     0.671789       16.741   9.82     0.676448        0.000     0.109925     0.493333     0.280000   0   0 
  3 300   0.759138       36.968       14.378     0.653019       24.536  14.40     0.649281        0.000     0.187351     0.733333     0.240000   0   0 
  4 300   0.841042       47.430       18.810     0.635060       32.030  18.79     0.635803        0.000     0.109925     1.013333     0.280000   0   0 
  5 300   0.867225       64.260       31.748     0.630369       37.468  21.98     0.631142        0.000     0.109925     1.346667     0.333333   0   0 
  6 300   0.815056       90.338       40.230     0.632909       47.126  27.65     0.642998        0.000     0.276591     1.733333     0.386667   0   0 
  7 300   0.848799      109.958       60.390     0.635707       55.673  32.66     0.649007        0.000     0.109925     2.173333     0.440000   0   0 
  8 300   0.941046      125.370       86.423     0.646786       67.500  39.60     0.656572        6.317     0.161748     2.213333     0.040000   0   0 
  9 300   0.912053      136.755      136.778     0.635325       74.847  43.91     0.653283        1.137     0.191365     2.280000     0.066667   0   0 
 10 300   0.900955      147.893      134.303     0.665536       81.826  48.01     0.676820        6.184     0.157734     2.293333     0.013333   1   0 
 11 300   0.944588      155.520      131.108     0.668905       92.376  54.20     0.679417        5.349     0.609849     2.320000     0.026667   0   0 
 12 300   0.913488      155.745      131.040     0.669441       92.376  54.20     0.679417        5.349     0.166591     2.360000     0.040000   1   0 
 13 300   0.948110      162.405      129.510     0.685760       97.233  57.05     0.687652        0.000     0.077427     2.840000     0.480000   0   0 
 14 300   0.966316      170.078      126.225     0.684254      107.826  63.26     0.685611        0.000     0.577426     3.413333     0.573333   0   0 
 15 300   0.971149      170.348      125.843     0.688587      109.302  64.13     0.686889        5.404     0.417636     3.440000     0.026667   0   0 
 16 300   0.925926      171.540      125.663     0.690331      111.666  65.51     0.686766        5.404     0.161729     3.560000     0.120000   1   0 
 17 300   0.803814      177.908      121.410     0.706609      118.334  69.43     0.698171        5.172     0.591557     3.613333     0.053333   0   0 
 18 300   0.923908      177.885      121.388     0.708234      118.749  69.67     0.699476        1.593     0.183085     3.760000     0.146667   0   0 
 19 300   0.925843      177.908      121.365     0.708879      119.284  69.98     0.701225        5.014     0.164717     3.880000     0.120000   1   0 
 20 300   0.925926      177.998      121.365     0.708995      119.284  69.98     0.701225        0.000     0.297276     4.533333     0.653333   0   0 
 21 300   0.925926      177.953      121.365     0.709070      119.284  69.98     0.701225        0.000     0.109925     5.200000     0.666667   0   0 
 22 300   0.939335      179.010      120.780     0.713119      120.897  70.93     0.703248        4.550     0.400667     5.240000     0.040000   0   0 
 23 300   0.923566      178.965      120.690     0.713554      122.306  71.76     0.701118        4.550     0.144760     5.253333     0.013333   1   0 
 24 300   0.883294      179.325      117.630     0.714084      122.933  72.12     0.702053        6.451     0.753846     5.266667     0.013333   0   0 
 25 300   0.881145      178.628      117.563     0.714729      122.933  72.12     0.702053        6.451     0.143922     5.373333     0.106667   1   0 
 26 300   0.924728      178.988      116.955     0.714774      123.258  72.31     0.701854        5.524     0.331730     5.426667     0.053333   0   0 
 27 300   0.925926      178.740      116.865     0.714948      123.258  72.31     0.701854        5.524     0.144379     5.480000     0.053333   1   0 
 28 300   0.925926      179.033      116.843     0.714987      123.258  72.31     0.701854        0.000     0.166667     5.920000     0.440000   0   0 
 29 300   0.819780      183.488      109.463     0.721040      125.822  73.82     0.702390        5.423     0.775778     5.946667     0.026667   0   0 
 30 300   0.890139      185.670      103.905     0.722619      129.131  75.76     0.699379        1.117     0.119610     6.000000     0.053333   0   0 
 31 300   0.920327      187.965       99.743     0.727155      133.518  78.33     0.698077        0.637     0.192923     6.053333     0.053333   0   0 
 32 300   0.923029      188.190       99.743     0.727276      133.518  78.33     0.698077        5.984     0.161740     6.186667     0.133333   1   0 
 33 300   0.925926      188.190       99.743     0.727498      133.518  78.33     0.698077        0.000     0.312649     6.840000     0.653333   0   0 
 34 300   0.925926      188.055       99.743     0.727715      133.518  78.33     0.698077        0.000     0.333333     7.480000     0.640000   0   0 
 35 300   0.759123      189.900       99.405     0.736573      136.194  79.90     0.701697        4.502     0.431697     7.533333     0.053333   0   0 
 36 300   0.870379      190.755       97.673     0.741412      138.693  81.37     0.703288        0.893     0.130928     7.666667     0.133333   0   0 
 37 300   0.925122      190.890       97.358     0.744497      139.732  81.98     0.704957        2.983     0.386282     7.773333     0.106667   0   0 
 38 300   0.925860      190.890       97.178     0.745748      140.848  82.63     0.704760        3.505     0.011261     7.800000     0.026667   1   0 
 39 300   0.925926      190.913       97.155     0.746079      140.848  82.63     0.704760        4.502     0.155105     7.933333     0.133333   1   0 
 40 300   0.925926      190.913       97.155     0.746168      140.848  82.63     0.704760        0.000     0.145982     8.493333     0.560000   0   0 
 41 300   0.894014      192.150       96.030     0.746621      142.272  83.47     0.705467        5.545     0.554256     8.573333     0.080000   0   0 
 42 300   0.925926      191.925       96.030     0.747612      142.370  83.53     0.707012        0.425     0.182992     8.746667     0.173333   0   0 
 43 300   0.925926      191.925       96.030     0.747534      142.370  83.53     0.707012        5.143     0.148008     8.893333     0.146667   1   0 
 44 300   0.925169      192.015       96.030     0.749106      142.833  83.80     0.709448        5.481     0.378080     8.906667     0.013333   0   0 
 45 300   0.925926      192.015       96.030     0.749713      142.980  83.88     0.709897        2.125     0.030316     8.986667     0.080000   0   0 
 46 300   0.925926      190.643       96.008     0.750294      142.980  83.88     0.709897        5.655     0.164303     9.040000     0.053333   1   0 
 47 300   0.925926      190.643       96.008     0.750670      143.798  84.36     0.709728        6.343     0.662635     9.120000     0.080000   0   0 
 48 300   0.939073      190.575       95.738     0.752902      145.128  85.15     0.709949        0.043     0.210945     9.146667     0.026667   0   0 
 49 300   0.925780      190.665       95.738     0.753202      145.128  85.15     0.709949        6.305     0.165544     9.186667     0.040000   1   0 
 50 300   0.899049      190.575       95.378     0.754008      145.820  85.55     0.711071        6.151     0.230970     9.373333     0.186667   0   0 
 51 300   0.929653      190.710       94.568     0.759034      148.420  87.08     0.715191        2.460     0.002426     9.440000     0.066667   0   0 
 52 300   0.925115      190.710       94.500     0.762035      149.211  87.54     0.717241        1.441     0.505679     9.613333     0.173333   0   0 
 53 300   0.925926      190.710       94.500     0.762073      149.211  87.54     0.717241        5.772     0.156796     9.773333     0.160000   1   0 
 54 300   0.925926      190.710       94.500     0.762738      149.474  87.69     0.717618        5.438     0.751840     9.840000     0.066667   0   0 
 55 300   0.925926      189.878       94.703     0.763698      149.474  87.69     0.717618        5.438     0.162600     9.946667     0.106667   1   0 
 56 300   0.915395      189.338       94.658     0.765702      150.724  88.43     0.721345        4.559     0.162279     9.973333     0.026667   0   0 
 57 300   0.924647      189.225       94.388     0.766420      151.189  88.70     0.721606        1.184     0.453705    10.106667     0.133333   0   0 
 58 300   0.924696      189.225       94.388     0.766445      151.189  88.70     0.721606        5.443     0.151832    10.200000     0.093333   1   0 
 59 300   0.925926      189.360       94.478     0.766968      151.196  88.71     0.722365        5.249     0.314321    10.293333     0.093333   0   0 
 60 300   0.925926      189.405       94.478     0.767047      151.196  88.71     0.722365        5.249     0.147654    10.373333     0.080000   1   0 
 61 300   0.925926      189.405       94.478     0.767178      151.200  88.71     0.722607        5.152     0.269988    10.466667     0.093333   0   0 
 62 300   0.925926      189.360       94.478     0.767137      151.200  88.71     0.722607        5.152     0.160063    10.533333     0.066667   1   0 
 63 300   0.910728      189.990       95.873     0.768361      152.605  89.53     0.722439        5.316     0.331439    10.653333     0.120000   0   0 
 64 300   0.916840      190.778       94.590     0.768224      152.605  89.53     0.722439        5.316     0.144088    10.800000     0.146667   1   0 
 65 300   0.925926      190.778       94.590     0.768353      152.607  89.53     0.722595        5.578     0.136441    10.933333     0.133333   0   0 
 66 300   0.925926      190.800       94.343     0.768393      152.607  89.53     0.722595        5.578     0.136441    11.053333     0.120000   1   0 
 67 300   0.925926      190.665       94.343     0.772273      153.058  89.80     0.725319        2.978     0.607701    11.200000     0.146667   0   0 
 68 300   0.925926      190.665       94.343     0.772491      153.058  89.80     0.725319        0.000     0.000000    11.293333     0.093333   0   1 
 69 300   0.001918      190.440       94.208     0.774177      153.362  89.98     0.727556        0.080     0.168059    11.346667     0.053333   0   1 
 70 300   0.454596      189.563       94.118     0.776328      153.666  90.15     0.731793        0.913     0.148364    11.546667     0.200000   0   1 
 71 300   0.500663      190.350       95.130     0.780724      154.214  90.48     0.732986        3.003     0.146822    11.706667     0.160000   0   1 
 72 300   0.500663      189.630       94.905     0.787580      154.339  90.55     0.739011        3.003     0.000839    11.853333     0.146667   1   1 
 73 300   0.519485      189.630       94.905     0.788871      154.490  90.64     0.739079        3.127     0.023679    11.973333     0.120000   1   1 
 74 300   0.497614      189.630       94.905     0.789413      154.536  90.66     0.739200        1.474     0.004786    12.146667     0.173333   0   1 
 75 300   0.497614      189.653       94.928     0.789505      154.543  90.67     0.739309        5.593     0.141227    12.293333     0.146667   1   1 
 76 300   0.132967      190.350       96.458     0.789771      154.642  90.73     0.739890        3.591     0.417589    12.386667     0.093333   0   1 
 77 300   0.132967      189.878       96.278     0.789864      155.094  90.99     0.740868        3.591     0.161682    12.413333     0.026667   1   1 
 78 300   0.475424      190.553       96.750     0.791535      155.155  91.03     0.740860        5.676     0.405321    12.600000     0.186667   0   1 
 79 300   0.475424      190.553       96.750     0.791771      155.155  91.03     0.740860        5.676     0.149414    12.666667     0.066667   1   1 
 80 300   0.343231      190.553       96.615     0.792344      155.247  91.08     0.741282        5.542     0.276698    12.746667     0.080000   0   1 
 81 300   0.347340      190.620       96.368     0.792486      155.313  91.12     0.741824        0.853     0.029730    12.906667     0.160000   0   1 
 82 300   0.347163      190.530       96.323     0.792728      155.313  91.12     0.741824        5.709     0.160446    13.040000     0.133333   1   1 
 83 300   0.029935      189.990       96.323     0.794068      155.876  91.45     0.742025        2.255     0.684394    13.066667     0.026667   0   1 
 84 300   0.029935      190.013       96.323     0.794510      156.107  91.59     0.742660        3.104     0.019622    13.093333     0.026667   1   1 
 85 300   0.172996      190.013       96.323     0.794905      156.183  91.63     0.743653        0.298     0.132185    13.226667     0.133333   0   1 
 86 300   0.172996      189.945       96.210     0.794881      156.307  91.70     0.743995        5.034     0.166348    13.333333     0.106667   1   1 
 87 300   0.000000      189.945       96.210     0.796764      156.485  91.81     0.745513        2.274     0.773856    13.346667     0.013333   0   1 
 88 300   0.000000      189.923       96.188     0.797052      156.526  91.83     0.746222        7.169     0.003868    13.373333     0.026667   1   1 
 89 300   0.003142      189.743       96.098     0.797591      156.620  91.89     0.747169        1.183     0.153699    13.400000     0.026667   0   1 
 90 300   0.000000      189.698       96.098     0.797655      156.620  91.89     0.747169        5.110     0.152346    13.440000     0.040000   1   1 
 91 300   0.525554      190.170       95.985     0.798112      156.824  92.01     0.747783        5.252     0.595992    13.546667     0.106667   0   1 
 92 300   0.525554      190.080       95.985     0.798148      156.824  92.01     0.747787        5.252     0.152735    13.573333     0.026667   1   1 
 93 300   0.001687      189.900       95.985     0.798304      156.954  92.08     0.748167        3.086     0.743280    13.613333     0.040000   0   1 
 94 300   0.344386      190.080       96.300     0.798785      156.982  92.10     0.748400        2.969     0.615325    13.773333     0.160000   0   1 
 95 300   0.490571      190.080       96.300     0.799833      156.982  92.10     0.748415        0.929     0.341261    13.893333     0.120000   0   1 
 96 300   0.490571      190.125       96.300     0.799867      156.982  92.10     0.748415        5.403     0.130829    14.053333     0.160000   1   1 
 97 300   0.274304      190.193       96.188     0.799828      157.017  92.12     0.748820        3.559     0.279378    14.226667     0.173333   0   1 
 98 300   0.274304      190.148       96.143     0.799925      157.017  92.12     0.748820        3.559     0.133395    14.346667     0.120000   1   1 
 99 300   0.394074      189.788       96.143     0.801509      157.040  92.13     0.749868        2.869     0.309793    14.426667     0.080000   0   1 
100 300   0.393908      189.788       96.143     0.801749      157.123  92.18     0.750073        8.029     0.016157    14.466667     0.040000   1   1 
