#scene........................: /home/eldamian/nbvEverardo/models/studying_room.wrl
#triangles....................: 107322
#Total triangles' area........: 170.448196 (m2)
#sensor aperture..............: 135.000000 x 70.000000 (deg)
#range image size.............: 350 x 80
#sensor blind distances.......: 0.500000 .. 30.000000 (m)
#sensor blind angle...........: 80.000000
#sensor Gaussian noise std dev: 0.012000 (m)
#views number.................: 100 
#optimization method..........: Evolution Strategy
#view iterations fitness vxl_occupied(m2) occplane(m2) vxl_quality tri_imaged(m2) tri_imaged(%) tri_quality travelled(m) energy total_time single_time backstep change
  0   0  -0.000000       16.628        4.838     0.635252       10.896   6.39     0.627871        0.000     0.000000     0.000000     0.000000   0   0 
  1 308   0.918362       15.503        4.815     0.632690       10.896   6.39     0.627871        0.000     0.000000     0.266667     0.266667   0   0 
  2 308   0.744010       26.618       13.928     0.671789       16.741   9.82     0.676448        0.000     0.109925     0.560000     0.293333   0   0 
  3 308   0.740617       36.968       14.378     0.653019       24.536  14.40     0.649281        0.000     0.187351     0.853333     0.293333   0   0 
  4 308   0.851370       47.430       18.810     0.635060       32.030  18.79     0.635803        0.000     0.109925     1.120000     0.266667   0   0 
  5 308   0.894217       64.260       31.748     0.630369       37.468  21.98     0.631142        0.000     0.109925     1.466667     0.346667   0   0 
  6 308   0.812748       90.338       40.230     0.632909       47.126  27.65     0.642998        0.000     0.276591     1.840000     0.373333   0   0 
  7 308   0.862746      109.958       60.390     0.635707       55.673  32.66     0.649007        0.000     0.109925     2.240000     0.400000   0   0 
  8 308   0.819656      109.845       64.823     0.639842       57.767  33.89     0.655132        0.000     0.109925     2.533333     0.293333   0   0 
  9 308   0.785391      118.643       65.183     0.636700       65.050  38.16     0.647473        0.000     0.443258     3.013333     0.480000   0   0 
 10 308   0.938844      122.940       68.985     0.630862       67.988  39.89     0.639766        0.000     0.333333     3.453333     0.440000   0   0 
 11 308   0.911251      136.575       73.080     0.646865       78.193  45.87     0.653961        0.000     0.145982     3.986667     0.533333   0   0 
 12 308   0.958860      138.555       73.508     0.651823       83.379  48.92     0.654601        0.000     0.500000     4.520000     0.533333   0   0 
 13 308   0.906331      144.383       77.310     0.657417       91.373  53.61     0.658124        0.000     0.609924     5.080000     0.560000   0   0 
 14 308   0.891538      145.013       84.263     0.662329       93.321  54.75     0.659970        0.000     0.577426     5.653333     0.573333   0   0 
 15 308   0.859262      145.845      105.773     0.663054       94.842  55.64     0.661853        0.000     0.410760     6.200000     0.546667   0   0 
 16 308   0.702947      144.968      109.328     0.668704       98.675  57.89     0.661662        0.000     0.166667     6.760000     0.560000   0   0 
 17 308   0.649360      144.428      115.538     0.673347       99.627  58.45     0.662432        0.000     0.609924     7.320000     0.560000   0   0 
 18 308   0.912223      146.745      109.305     0.684295      104.185  61.12     0.668012        5.127     0.835973     7.373333     0.053333   0   0 
 19 308   0.961161      147.645      106.605     0.685933      106.032  62.21     0.670772        0.632     0.011497     7.466667     0.093333   0   0 
 20 308   0.963991      147.083      106.718     0.686627      106.032  62.21     0.670772        5.398     0.137125     7.520000     0.053333   1   0 
 21 308   0.976043      147.083      106.718     0.686874      106.032  62.21     0.670772        0.000     0.255907     8.026667     0.506667   0   0 
 22 308   0.976043      146.858      106.718     0.692751      106.483  62.47     0.675821        3.345     0.161138     8.040000     0.013333   0   0 
 23 308   0.976043      146.835      106.695     0.692736      106.483  62.47     0.675821        3.345     0.161138     8.066667     0.026667   1   0 
 24 308   0.976043      146.813      106.673     0.692672      106.483  62.47     0.675821        0.000     0.000000     8.546667     0.480000   0   0 
 25 308   0.976043      146.768      106.673     0.692620      106.483  62.47     0.675821        0.000     0.333333     9.093333     0.546667   0   0 
 26 308   0.976043      146.723      106.673     0.692727      106.483  62.47     0.675821        0.000     0.145982     9.653333     0.560000   0   0 
 27 308   0.976043      146.588      106.673     0.692712      106.483  62.47     0.675821        0.000     0.109925    10.226667     0.573333   0   0 
 28 308   0.917454      147.713      105.165     0.695042      108.345  63.56     0.675311        5.230     0.412949    10.306667     0.080000   0   0 
 29 308   0.974620      147.668      105.165     0.695078      108.345  63.56     0.675311        5.230     0.157042    10.346667     0.040000   1   0 
 30 308   0.976043      147.668      105.165     0.695105      108.345  63.56     0.675311        0.000     0.333333    10.906667     0.560000   0   0 
 31 308   0.976043      147.668      105.165     0.695134      108.345  63.56     0.675311        0.000     0.333333    11.506667     0.600000   0   0 
 32 308   0.976043      147.623      105.165     0.695141      108.345  63.56     0.675311        0.000     0.145982    12.013333     0.506667   0   0 
 33 308   0.976043      147.488      105.165     0.695046      108.345  63.56     0.675311        0.000     0.109925    12.600000     0.586667   0   0 
 34 308   0.975682      147.398      105.120     0.695207      108.345  63.56     0.675311        0.000     0.109925    13.186667     0.586667   0   0 
 35 308   0.966110      147.623      104.468     0.699768      109.561  64.28     0.678088        4.844     0.165039    13.373333     0.186667   0   0 
 36 308   0.976043      147.578      104.468     0.699890      109.561  64.28     0.678088        4.844     0.165039    13.400000     0.026667   1   0 
 37 308   0.976043      147.578      104.468     0.699905      109.561  64.28     0.678088        0.000     0.145982    13.973333     0.573333   0   0 
 38 308   0.976043      147.555      104.445     0.699865      109.561  64.28     0.678088        0.000     0.333333    14.560000     0.586667   0   0 
 39 308   0.976043      147.555      104.445     0.699884      109.561  64.28     0.678088        0.000     0.145982    15.093333     0.533333   0   0 
 40 308   0.976043      147.533      104.513     0.699801      109.561  64.28     0.678088        0.000     0.109925    15.706667     0.613333   0   0 
 41 308   0.975682      147.533      104.513     0.699760      109.561  64.28     0.678088        0.000     0.109925    16.226667     0.520000   0   0 
 42 308   0.975244      147.443      106.268     0.699951      109.561  64.28     0.678088        0.000     0.333333    16.773333     0.546667   0   0 
 43 308   0.773166      162.585      125.843     0.716216      120.781  70.86     0.686643        6.361     0.600906    16.853333     0.080000   0   0 
 44 308   0.938071      163.013      130.950     0.716295      120.781  70.86     0.686643        6.361     0.157648    16.933333     0.080000   1   0 
 45 308   0.976037      162.630      130.748     0.717204      121.446  71.25     0.686833        5.049     0.159132    17.160000     0.226667   0   0 
 46 308   0.976043      162.450      130.703     0.717349      121.446  71.25     0.686833        5.049     0.159132    17.253333     0.093333   1   0 
 47 308   0.976043      162.450      130.703     0.717910      121.508  71.29     0.687814        5.110     0.247011    17.400000     0.146667   0   0 
 48 308   0.976043      162.495      130.703     0.717944      121.508  71.29     0.687814        5.110     0.137087    17.506667     0.106667   1   0 
 49 308   0.976043      162.495      130.703     0.718829      121.533  71.30     0.688716        4.894     0.307042    17.640000     0.133333   0   0 
 50 308   0.976043      162.495      130.703     0.718840      121.533  71.30     0.688716        4.894     0.161060    17.720000     0.080000   1   0 
 51 308   0.981800      162.630      133.043     0.718999      121.533  71.30     0.688716        0.000     0.443258    18.373333     0.653333   0   0 
 52 308   0.975851      162.315      132.998     0.721110      123.383  72.39     0.690565        4.643     0.518846    18.413333     0.040000   0   0 
 53 308   0.975851      162.338      133.065     0.721465      123.383  72.39     0.690565        4.643     0.164828    18.466667     0.053333   1   0 
 54 308   0.976043      162.338      133.065     0.721472      123.493  72.45     0.690403        4.887     0.345555    18.693333     0.226667   0   0 
 55 308   0.976043      162.338      133.065     0.721688      123.493  72.45     0.690403        4.887     0.158204    18.933333     0.240000   1   0 
 56 308   0.976043      162.338      133.065     0.721721      123.493  72.45     0.690403        0.000     0.145982    19.386667     0.453333   0   0 
 57 308   0.413875      162.630      132.863     0.721559      123.673  72.56     0.689824        5.400     0.148064    19.413333     0.026667   0   0 
 58 308   0.952912      164.025      131.558     0.720925      125.017  73.35     0.689460        1.685     0.274950    19.573333     0.160000   0   0 
 59 308   0.976043      164.025      131.558     0.720964      125.143  73.42     0.689836        3.939     0.207925    19.666667     0.093333   0   0 
 60 308   0.976043      164.048      131.535     0.721586      125.981  73.91     0.689777        3.939     0.020574    19.720000     0.053333   1   0 
 61 308   0.907515      164.048      131.535     0.721769      126.224  74.05     0.689813        0.362     0.027580    19.920000     0.200000   0   0 
 62 308   0.976043      164.048      131.535     0.721909      126.224  74.05     0.689987        0.252     0.277795    20.066667     0.146667   0   0 
 63 308   0.976043      164.048      131.535     0.721909      126.224  74.05     0.689987        5.170     0.155397    20.120000     0.053333   1   0 
 64 308   0.976043      164.048      131.535     0.721920      126.224  74.05     0.689987        0.000     0.000000    20.706667     0.586667   0   0 
 65 308   0.975955      164.003      131.535     0.722481      126.416  74.17     0.691189        4.848     0.321945    20.906667     0.200000   0   0 
 66 308   0.976043      164.003      131.535     0.722469      126.416  74.17     0.691189        4.848     0.155278    21.080000     0.173333   1   0 
 67 308   0.830636      169.223      127.418     0.728669      131.166  76.95     0.696650        4.996     0.424711    21.306667     0.226667   0   0 
 68 308   0.975799      169.335      127.755     0.728644      131.282  77.02     0.696373        1.056     0.113074    21.520000     0.213333   0   0 
 69 308   0.975799      169.605      128.655     0.728645      131.282  77.02     0.696373        5.023     0.151269    21.746667     0.226667   1   0 
 70 308   0.880943      170.708      130.478     0.736595      131.832  77.34     0.703672        2.730     0.421097    21.760000     0.013333   0   0 
 71 308   0.882897      170.010      130.433     0.736815      131.832  77.34     0.703672        0.000     0.000000    21.773333     0.013333   0   1 
 72 308   0.274355      169.650      129.263     0.741516      131.953  77.42     0.708061        0.527     0.006384    21.840000     0.066667   0   1 
 73 308   0.429868      169.425      129.308     0.743053      131.963  77.42     0.709427        0.251     0.341838    21.946667     0.106667   0   1 
 74 308   0.432515      171.495      132.188     0.743221      132.120  77.51     0.709043        7.958     0.000968    21.986667     0.040000   1   1 
 75 308   0.490908      171.495      132.233     0.743757      132.436  77.70     0.709224        1.175     0.338523    22.146667     0.160000   0   1 
 76 308   0.493335      171.495      132.233     0.744260      132.556  77.77     0.709982        0.108     0.019083    22.333333     0.186667   0   1 
 77 308   0.493335      171.495      132.075     0.744496      132.561  77.77     0.709994        5.115     0.137376    22.466667     0.133333   1   1 
 78 308   0.483841      171.383      131.873     0.744867      132.652  77.83     0.712604        0.000     0.479316    23.026667     0.560000   0   1 
 79 308   0.472091      171.383      131.873     0.745260      132.655  77.83     0.712619        0.000     0.145982    23.720000     0.693333   0   1 
 80 308   0.466274      171.383      131.873     0.745515      132.655  77.83     0.712619        0.000     0.333333    24.386667     0.666667   0   1 
 81 308   0.074800      172.418      130.793     0.746708      133.707  78.44     0.712891        4.801     0.497096    24.560000     0.173333   0   1 
 82 308   0.053461      173.993      128.723     0.750010      135.882  79.72     0.713518        1.126     0.135473    24.760000     0.200000   0   1 
 83 308   0.205377      174.960      126.248     0.750058      137.209  80.50     0.712501        0.523     0.197743    25.000000     0.240000   0   1 
 84 308   0.469452      177.683      121.523     0.752240      137.879  80.89     0.713428        1.360     0.126780    25.200000     0.200000   0   1 
 85 308   0.468414      178.043      120.375     0.752513      138.412  81.20     0.714390        0.291     0.011262    25.613333     0.413333   0   1 
 86 308   0.467613      179.055      120.938     0.752783      138.412  81.20     0.714390        4.860     0.143012    25.760000     0.146667   1   1 
 87 308   0.456626      179.190      120.668     0.752948      138.702  81.37     0.714758        4.943     0.152319    25.920000     0.160000   0   1 
 88 308   0.458418      179.190      120.668     0.753138      138.915  81.50     0.715099        0.185     0.002819    26.133333     0.213333   0   1 
 89 308   0.458418      179.010      120.623     0.753300      138.915  81.50     0.715099        4.909     0.149500    26.253333     0.120000   1   1 
 90 308   0.499965      178.988      120.600     0.755952      138.915  81.50     0.715099        0.000     0.500000    26.746667     0.493333   0   1 
 91 308   0.492999      178.988      120.600     0.757243      138.915  81.50     0.715099        0.000     0.145982    27.320000     0.573333   0   1 
 92 308   0.169099      180.090      120.375     0.761757      142.285  83.48     0.714683        5.724     0.723483    27.426667     0.106667   0   1 
 93 308   0.015969      180.203      120.128     0.763455      142.632  83.68     0.716259        0.700     0.002748    27.546667     0.120000   0   1 
 94 308   0.019422      180.518      120.128     0.764728      143.111  83.96     0.717059        1.133     0.019872    27.706667     0.160000   0   1 
 95 308   0.003137      180.518      119.453     0.765167      143.181  84.00     0.719192        2.609     0.484512    27.813333     0.106667   0   1 
 96 308   0.010598      180.608      114.975     0.769800      144.697  84.89     0.723240        3.029     0.012973    28.026667     0.213333   0   1 
 97 308   0.321253      180.855      113.378     0.771345      145.212  85.19     0.725065        1.091     0.149932    28.213333     0.186667   0   1 
 98 308   0.323991      180.900      112.793     0.772081      145.460  85.34     0.726602        0.218     0.001068    28.320000     0.106667   0   1 
 99 308   0.350448      181.013      112.275     0.773486      146.031  85.67     0.729152        0.731     0.028192    28.453333     0.133333   0   1 
100 308   0.356023      181.080      112.208     0.774007      146.479  85.94     0.730745        0.423     0.013173    28.626667     0.173333   0   1 
