#scene........................: /home/eldamian/nbvEverardo/models/studying_room.wrl
#triangles....................: 107322
#Total triangles' area........: 170.448196 (m2)
#sensor aperture..............: 135.000000 x 70.000000 (deg)
#range image size.............: 350 x 80
#sensor blind distances.......: 0.500000 .. 30.000000 (m)
#sensor blind angle...........: 80.000000
#sensor Gaussian noise std dev: 0.012000 (m)
#views number.................: 100 
#optimization method..........: Evolution Strategy
#view iterations fitness vxl_occupied(m2) occplane(m2) vxl_quality tri_imaged(m2) tri_imaged(%) tri_quality travelled(m) energy total_time single_time backstep change
  0   0  -0.000000       16.628        4.838     0.635252       10.896   6.39     0.627871        0.000     0.000000     0.000000     0.000000   0   0 
  1 308   0.930500       15.503        4.815     0.632690       10.896   6.39     0.627871        0.000     0.000000     0.280000     0.280000   0   0 
  2 308   0.704796       26.618       13.928     0.671789       16.741   9.82     0.676448        0.000     0.109925     0.520000     0.240000   0   0 
  3 308   0.700902       36.968       14.378     0.653019       24.536  14.40     0.649281        0.000     0.187351     0.760000     0.240000   0   0 
  4 308   0.837838       47.430       18.810     0.635060       32.030  18.79     0.635803        0.000     0.109925     1.106667     0.346667   0   0 
  5 308   0.896404       64.260       31.748     0.630369       37.468  21.98     0.631142        0.000     0.109925     1.453333     0.346667   0   0 
  6 308   0.787469       90.338       40.230     0.632909       47.126  27.65     0.642998        0.000     0.276591     1.800000     0.346667   0   0 
  7 308   0.852568      109.958       60.390     0.635707       55.673  32.66     0.649007        0.000     0.109925     2.186667     0.386667   0   0 
  8 308   0.795101      109.845       64.823     0.639842       57.767  33.89     0.655132        0.000     0.109925     2.666667     0.480000   0   0 
  9 308   0.753619      118.643       65.183     0.636700       65.050  38.16     0.647473        0.000     0.443258     3.066667     0.400000   0   0 
 10 308   0.956875      122.940       68.985     0.630862       67.988  39.89     0.639766        0.000     0.333333     3.573333     0.506667   0   0 
 11 308   0.920664      137.678       70.313     0.651047       76.529  44.90     0.652304        0.000     0.479316     4.066667     0.493333   0   0 
 12 308   0.981912      138.983       73.440     0.652745       83.379  48.92     0.654601        0.000     0.500000     4.573333     0.506667   0   0 
 13 308   0.911892      145.103       80.595     0.658678       91.373  53.61     0.658124        0.000     0.109925     5.093333     0.520000   0   0 
 14 308   0.893438      145.665       94.185     0.663179       93.321  54.75     0.659970        0.000     0.577426     5.613333     0.520000   0   0 
 15 308   0.848166      146.633      109.868     0.663409       94.842  55.64     0.661853        0.000     0.410760     6.146667     0.533333   0   0 
 16 308   0.657201      145.710      110.835     0.668769       98.675  57.89     0.661662        0.000     0.166667     6.720000     0.573333   0   0 
 17 308   0.598324      145.035      116.438     0.674088       99.627  58.45     0.662432        0.000     0.609924     7.253333     0.533333   0   0 
 18 308   0.966409      145.395      116.280     0.683188      101.610  59.61     0.668590        5.385     0.781408     7.320000     0.066667   0   0 
 19 308   0.999412      145.170      116.325     0.684030      101.610  59.61     0.668590        5.385     0.150799     7.346667     0.026667   1   0 
 20 308   0.860355      155.520      115.268     0.689268      108.366  63.58     0.672432        4.880     0.686434     7.373333     0.026667   0   0 
 21 308   0.959554      154.868      115.425     0.689774      108.366  63.58     0.672432        4.880     0.165750     7.453333     0.080000   1   0 
 22 308   0.999412      154.868      115.425     0.690086      108.366  63.58     0.672432        0.000     0.500000     8.026667     0.573333   0   0 
 23 308   0.999412      154.913      115.425     0.690010      108.366  63.58     0.672432        0.000     0.333333     8.560000     0.533333   0   0 
 24 308   0.999412      154.823      115.425     0.689924      108.366  63.58     0.672432        0.000     0.145982     9.186667     0.626667   0   0 
 25 308   0.999412      154.688      115.425     0.689944      108.366  63.58     0.672432        0.000     0.109925     9.800000     0.613333   0   0 
 26 308   0.999269      154.710      115.403     0.690223      108.366  63.58     0.672432        0.000     0.109925    10.413333     0.613333   0   0 
 27 308   0.998681      153.900      115.335     0.690342      108.366  63.58     0.672432        0.000     0.333333    11.013333     0.600000   0   0 
 28 308   0.815122      160.830      112.613     0.694139      112.625  66.08     0.673672        5.230     0.266967    11.146667     0.133333   0   0 
 29 308   0.934647      161.415      113.895     0.694166      112.625  66.08     0.673672        5.230     0.157042    11.293333     0.146667   1   0 
 30 308   0.999412      161.415      113.895     0.694289      112.625  66.08     0.673672        0.000     0.500000    11.746667     0.453333   0   0 
 31 308   0.999412      161.415      113.895     0.694317      112.625  66.08     0.673672        0.000     0.333333    12.386667     0.640000   0   0 
 32 308   0.999412      161.460      113.895     0.694436      112.625  66.08     0.673672        0.000     0.145982    13.000000     0.613333   0   0 
 33 308   0.999412      161.505      113.895     0.694438      112.625  66.08     0.673672        0.000     0.109925    13.613333     0.613333   0   0 
 34 308   0.999269      161.348      113.873     0.694554      112.625  66.08     0.673672        0.000     0.109925    14.280000     0.666667   0   0 
 35 308   0.970786      162.518      114.525     0.701917      115.022  67.48     0.677482        4.970     0.429040    14.386667     0.106667   0   0 
 36 308   0.983812      163.013      115.020     0.702059      115.022  67.48     0.677482        4.970     0.152448    14.453333     0.066667   1   0 
 37 308   0.999412      163.013      115.020     0.702116      115.022  67.48     0.677482        0.000     0.422574    15.053333     0.600000   0   0 
 38 308   0.999412      163.058      115.020     0.702065      115.022  67.48     0.677482        0.000     0.333333    15.680000     0.626667   0   0 
 39 308   0.999412      163.103      115.020     0.702101      115.022  67.48     0.677482        0.000     0.145982    16.333333     0.653333   0   0 
 40 308   0.999412      163.013      115.020     0.702089      115.022  67.48     0.677482        0.000     0.109925    16.826667     0.493333   0   0 
 41 308   0.999269      162.968      115.020     0.702187      115.022  67.48     0.677482        0.000     0.109925    17.400000     0.573333   0   0 
 42 308   0.998895      162.765      115.020     0.702295      115.022  67.48     0.677482        0.000     0.333333    18.013333     0.613333   0   0 
 43 308   0.902059      168.368      117.135     0.715645      120.277  70.57     0.681002        6.253     0.663645    18.146667     0.133333   0   0 
 44 308   0.946655      168.885      114.705     0.717571      122.209  71.70     0.683860        0.214     0.013860    18.266667     0.120000   0   0 
 45 308   0.989531      168.638      114.683     0.721137      123.280  72.33     0.685654        0.318     0.200832    18.453333     0.186667   0   0 
 46 308   0.999412      168.188      114.683     0.721431      123.280  72.33     0.685654        6.121     0.163266    18.680000     0.226667   1   0 
 47 308   0.928947      168.683      114.975     0.724180      125.226  73.47     0.687196        5.224     0.333800    18.760000     0.080000   0   0 
 48 308   0.965694      168.503      114.953     0.724802      125.509  73.63     0.687653        0.840     0.017127    18.853333     0.093333   0   0 
 49 308   0.999412      168.503      114.953     0.724877      125.528  73.65     0.688324        1.386     0.003779    18.933333     0.080000   0   0 
 50 308   0.999412      168.413      114.930     0.725220      126.069  73.96     0.690043        6.373     0.133100    18.973333     0.040000   1   0 
 51 308   0.999412      168.413      114.930     0.725242      126.069  73.96     0.690043        0.000     0.276591    19.626667     0.653333   0   0 
 52 308   0.999412      168.413      114.930     0.725251      126.069  73.96     0.690043        0.000     0.333333    20.213333     0.586667   0   0 
 53 308   0.999412      168.413      114.930     0.730065      126.323  74.11     0.694905        2.655     0.466104    20.226667     0.013333   0   0 
 54 308   0.999412      168.413      114.930     0.730218      126.323  74.11     0.694905        0.000     0.000000    20.240000     0.013333   0   1 
 55 308   0.000000      168.570      114.660     0.735373      127.905  75.04     0.697212        8.218     0.000330    20.280000     0.040000   1   1 
 56 308   0.442229      169.178      114.953     0.739431      128.733  75.53     0.702267        3.865     0.617880    20.586667     0.306667   0   1 
 57 308   0.444375      169.628      114.930     0.743250      128.789  75.56     0.703524        3.865     0.028640    20.760000     0.173333   1   1 
 58 308   0.429213      169.560      115.515     0.743659      128.815  75.57     0.703588        6.373     0.133100    20.973333     0.213333   1   1 
 59 308   0.229011      169.470      116.055     0.744319      129.237  75.82     0.703985        4.685     0.642917    21.093333     0.120000   0   1 
 60 308   0.229037      169.403      115.808     0.744543      129.237  75.82     0.703985        4.685     0.163601    21.186667     0.093333   1   1 
 61 308   0.243418      169.515      115.695     0.745140      129.718  76.10     0.703782        5.406     0.257960    21.266667     0.080000   0   1 
 62 308   0.272203      169.538      115.605     0.745709      130.244  76.41     0.702913        0.513     0.004765    21.346667     0.080000   0   1 
 63 308   0.272203      169.290      115.605     0.745951      130.244  76.41     0.702913        5.003     0.152801    21.466667     0.120000   1   1 
 64 308   0.002998      169.650      115.245     0.747086      130.450  76.53     0.706040        3.422     0.318615    21.560000     0.093333   0   1 
 65 308   0.002713      169.560      115.245     0.747643      130.450  76.53     0.706040        3.422     0.131264    21.613333     0.053333   1   1 
 66 308   0.001927      169.808      115.268     0.751683      130.767  76.72     0.711978        2.765     0.133517    21.666667     0.053333   0   1 
 67 308   0.001785      169.808      115.043     0.752742      131.124  76.93     0.712991        3.621     0.029749    21.706667     0.040000   1   1 
 68 308   0.147994      171.855      116.055     0.752715      133.957  78.59     0.710374        0.452     0.161172    22.000000     0.293333   0   1 
 69 308   0.210149      171.968      116.235     0.755469      134.073  78.66     0.714275        3.738     0.347555    22.186667     0.186667   0   1 
 70 308   0.217578      172.418      115.875     0.757615      134.951  79.17     0.715715        3.738     0.014222    22.253333     0.066667   1   1 
 71 308   0.336137      171.540      115.898     0.768169      135.287  79.37     0.724707        3.257     0.597576    22.346667     0.093333   0   1 
 72 308   0.334708      172.598      117.180     0.769066      135.448  79.47     0.726670        2.369     0.504381    22.533333     0.186667   0   1 
 73 308   0.338487      172.643      117.113     0.769287      135.515  79.51     0.727453        0.102     0.000430    22.693333     0.160000   0   1 
 74 308   0.338373      173.070      117.788     0.769514      135.515  79.51     0.727453        4.965     0.164376    22.866667     0.173333   1   1 
 75 308   0.408543      172.980      117.698     0.770229      135.515  79.51     0.727453        0.000     0.479316    23.440000     0.573333   0   1 
 76 308   0.000000      172.845      117.698     0.773286      135.576  79.54     0.729997        2.929     0.752586    23.466667     0.026667   0   1 
 77 308   0.000000      173.273      116.123     0.775918      137.404  80.61     0.730248        7.817     0.010898    23.506667     0.040000   1   1 
 78 308   0.004604      173.273      116.123     0.775960      137.404  80.61     0.730248        4.970     0.152448    23.560000     0.053333   1   1 
 79 308   0.142890      173.160      116.325     0.776696      137.450  80.64     0.731141        3.040     0.308457    23.600000     0.040000   0   1 
 80 308   0.455329      180.293      119.610     0.778841      143.940  84.45     0.734503        2.387     0.212116    23.706667     0.106667   0   1 
 81 308   0.452840      183.803      113.625     0.779567      147.129  86.32     0.734017        0.783     0.003589    23.960000     0.253333   0   1 
 82 308   0.434599      183.803      113.220     0.780663      147.278  86.41     0.734190        0.129     0.146156    24.173333     0.213333   0   1 
 83 308   0.434775      183.893      114.570     0.780720      147.279  86.41     0.734207        5.742     0.162792    24.346667     0.173333   1   1 
 84 308   0.384207      185.310      114.705     0.782545      147.953  86.80     0.736948        2.904     0.420557    24.400000     0.053333   0   1 
 85 308   0.313888      185.265      114.435     0.782812      148.116  86.90     0.737068        3.132     0.013851    24.440000     0.040000   1   1 
 86 308   0.449472      185.265      114.435     0.783310      148.162  86.92     0.737171        0.582     0.609813    24.760000     0.320000   0   1 
 87 308   0.449472      185.220      114.345     0.783373      148.162  86.92     0.737171        4.913     0.130226    25.040000     0.280000   1   1 
 88 308   0.441828      185.175      114.255     0.783295      148.162  86.92     0.737171        0.000     0.479316    25.626667     0.586667   0   1 
 89 308   0.433249      185.175      114.255     0.783429      148.162  86.92     0.737171        0.000     0.479316    26.280000     0.653333   0   1 
 90 308   0.440490      186.075      114.998     0.784278      148.170  86.93     0.737391        4.930     0.496788    26.360000     0.080000   0   1 
 91 308   0.439116      186.075      114.998     0.784295      148.170  86.93     0.737391        4.930     0.163454    26.520000     0.160000   1   1 
 92 308   0.441024      186.120      114.998     0.784431      148.170  86.93     0.737391        0.000     0.145982    27.106667     0.586667   0   1 
 93 308   0.070673      186.075      114.998     0.785832      148.460  87.10     0.738421        1.185     0.349084    27.146667     0.040000   0   1 
 94 308   0.399142      188.213      109.530     0.786099      150.272  88.16     0.735120        7.429     0.140270    27.520000     0.373333   0   1 
 95 308   0.406854      189.045      107.528     0.786309      150.286  88.17     0.735538        4.092     0.201649    27.733333     0.213333   0   1 
 96 308   0.406854      189.203      107.550     0.786365      150.307  88.18     0.735829        4.092     0.034982    27.813333     0.080000   1   1 
 97 308   0.336219      189.203      107.550     0.786714      150.369  88.22     0.736312        0.830     0.002655    28.080000     0.266667   0   1 
 98 308   0.402380      190.395      108.023     0.791025      150.384  88.23     0.737858        5.611     0.507617    28.253333     0.173333   0   1 
 99 308   0.428679      194.670      104.985     0.805873      151.357  88.80     0.746791        4.835     0.179394    28.453333     0.200000   0   1 
100 308   0.422749      194.760      103.793     0.821338      152.185  89.29     0.762004        4.835     0.033411    28.560000     0.106667   1   1 
