#scene........................: /home/eldamian/nbvEverardo/models/studying_room.wrl
#triangles....................: 107322
#Total triangles' area........: 170.448196 (m2)
#sensor aperture..............: 135.000000 x 70.000000 (deg)
#range image size.............: 350 x 80
#sensor blind distances.......: 0.500000 .. 30.000000 (m)
#sensor blind angle...........: 80.000000
#sensor Gaussian noise std dev: 0.012000 (m)
#views number.................: 100 
#optimization method..........: Simulated Annealing
#view iterations fitness vxl_occupied(m2) occplane(m2) vxl_quality tri_imaged(m2) tri_imaged(%) tri_quality travelled(m) energy total_time single_time backstep change
  0   0  -0.000000       16.628        4.838     0.635252       10.896   6.39     0.627871        0.000     0.000000     0.000000     0.000000   0   0 
  1 300   0.640074       26.033        5.220     0.621800       18.741  10.99     0.612062        0.000     0.077427     0.253333     0.253333   0   0 
  2 300   0.630752       42.728       24.615     0.678270       23.472  13.77     0.665242        0.000     0.187351     0.453333     0.200000   0   0 
  3 300   0.631051       54.293       34.358     0.690208       29.268  17.17     0.685591        0.000     0.166667     0.800000     0.346667   0   0 
  4 300   0.598785       83.475       50.040     0.649959       39.521  23.19     0.676262        0.000     0.276591     1.093333     0.293333   0   0 
  5 300   0.584294       98.730       62.933     0.645241       46.069  27.03     0.684623        0.000     0.077427     1.480000     0.386667   0   0 
  6 300   0.591092      103.613       61.988     0.651737       52.750  30.95     0.679367        0.000     0.166667     1.906667     0.426667   0   0 
  7 300   0.565540      144.383       90.338     0.648706       69.459  40.75     0.683092        0.000     0.255907     2.293333     0.386667   0   0 
  8 300   0.619685      143.933      102.240     0.651852       76.352  44.79     0.684727        0.000     0.077427     2.813333     0.520000   0   0 
  9 300   0.621253      143.078      109.373     0.663316       79.243  46.49     0.691031        0.000     0.109925     3.360000     0.546667   0   0 
 10 300   0.584562      143.415      121.253     0.672550       81.770  47.97     0.693573        0.000     0.500000     3.653333     0.293333   0   0 
 11 300   0.531424      143.190      125.190     0.676049       81.876  48.04     0.693664        0.000     0.145982     4.080000     0.426667   0   0 
 12 300   0.516077      143.033      131.130     0.678444       81.910  48.06     0.693715        0.000     0.333333     4.693333     0.613333   0   0 
 13 300   0.470399      145.463      132.638     0.675137       88.551  51.95     0.683255        0.000     0.500000     5.280000     0.586667   0   0 
 14 300   0.452666      145.418      132.638     0.675291       88.551  51.95     0.683255        0.000     0.244093     5.853333     0.573333   0   0 
 15 300   0.531799      157.005      119.610     0.683301       97.624  57.27     0.685574        5.405     0.376294     5.880000     0.026667   0   0 
 16 300   0.615878      159.413      122.130     0.690722      100.882  59.19     0.689824        0.933     0.129376     5.986667     0.106667   0   0 
 17 300   0.634161      163.193      125.460     0.691706      100.882  59.19     0.689824        5.079     0.151652     6.106667     0.120000   1   0 
 18 300   0.381866      167.603      121.118     0.704470      107.577  63.11     0.691408        6.370     0.676265     6.160000     0.053333   0   0 
 19 300   0.612373      168.008      115.380     0.708151      109.505  64.25     0.695379        0.381     0.111009     6.306667     0.146667   0   0 
 20 300   0.607677      168.593      116.145     0.708533      109.505  64.25     0.695379        6.240     0.154496     6.346667     0.040000   1   0 
 21 300   0.538321      175.095      120.128     0.718417      112.803  66.18     0.695856        6.347     0.275679     6.453333     0.106667   0   0 
 22 300   0.658159      175.163      120.060     0.718688      112.803  66.18     0.695856        6.347     0.129697     6.520000     0.066667   1   0 
 23 300   0.661358      175.073      119.880     0.720380      112.803  66.18     0.695856        0.000     0.145982     7.080000     0.560000   0   0 
 24 300   0.658833      174.173      119.813     0.721734      112.803  66.18     0.695856        0.000     0.109925     7.693333     0.613333   0   0 
 25 300   0.601961      174.263      119.813     0.722202      112.803  66.18     0.695856        0.000     0.609924     8.373333     0.680000   0   0 
 26 300   0.418606      174.690      119.588     0.723237      114.569  67.22     0.698402        4.486     0.666627     8.413333     0.040000   0   0 
 27 300   0.550771      174.420      119.363     0.723475      114.569  67.22     0.698402        4.486     0.166627     8.466667     0.053333   1   0 
 28 300   0.668126      174.308      119.340     0.723565      114.569  67.22     0.698402        0.000     0.000000     9.040000     0.573333   0   0 
 29 300   0.389257      181.553      117.315     0.722631      121.989  71.57     0.692779        6.037     0.571221     9.120000     0.080000   0   0 
 30 300   0.415489      181.485      117.248     0.722637      122.229  71.71     0.692601        6.037     0.127963     9.226667     0.106667   1   0 
 31 300   0.685760      181.440      117.383     0.723653      122.229  71.71     0.692601        0.000     0.187351     9.880000     0.653333   0   0 
 32 300   0.422351      183.443      112.973     0.732915      124.897  73.28     0.692748        6.124     0.271027     9.946667     0.066667   0   0 
 33 300   0.506506      184.455      112.028     0.746060      127.790  74.97     0.700414        0.427     0.263431    10.013333     0.066667   0   0 
 34 300   0.585521      185.423      109.935     0.750231      130.947  76.83     0.700969        4.267     0.110919    10.186667     0.173333   0   0 
 35 300   0.425060      185.423      109.890     0.751106      131.431  77.11     0.702366        4.267     0.000995    10.240000     0.053333   1   0 
 36 300   0.525197      186.390      109.845     0.751887      132.086  77.49     0.704041        0.581     0.468287    10.360000     0.120000   0   0 
 37 300   0.576228      186.458      109.913     0.752133      132.086  77.49     0.704041        5.998     0.137420    10.480000     0.120000   1   0 
 38 300   0.362196      186.323      109.913     0.754651      132.666  77.83     0.705854        6.568     0.411301    10.533333     0.053333   0   0 
 39 300   0.439258      187.110      108.990     0.755340      135.019  79.21     0.704435        6.568     0.134710    10.586667     0.053333   1   0 
 40 300   0.355708      187.110      108.990     0.756340      135.585  79.55     0.709948        5.092     0.331484    10.600000     0.013333   0   0 
 41 300   0.408237      186.840      108.945     0.755976      135.585  79.55     0.709948        5.092     0.164817    10.680000     0.080000   1   0 
 42 300   0.576079      188.010      108.045     0.757369      136.027  79.81     0.710399        4.814     0.272535    10.773333     0.093333   0   0 
 43 300   0.643673      187.988      107.978     0.757515      136.027  79.81     0.710399        4.814     0.162611    10.893333     0.120000   1   0 
 44 300   0.314911      187.943      107.978     0.758287      136.361  80.00     0.713355        5.827     0.754628    10.933333     0.040000   0   0 
 45 300   0.460191      187.493      107.978     0.758547      136.361  80.00     0.713355        5.827     0.144704    11.040000     0.106667   1   0 
 46 300   0.390363      190.755      108.653     0.763322      138.289  81.13     0.719527        5.758     0.495031    11.080000     0.040000   0   0 
 47 300   0.505423      190.688      108.675     0.764099      138.470  81.24     0.719692        1.615     0.279127    11.293333     0.213333   0   0 
 48 300   0.627071      190.665      108.563     0.764170      138.542  81.28     0.720147        1.253     0.026198    11.346667     0.053333   0   0 
 49 300   0.641253      190.665      108.563     0.764327      138.542  81.28     0.720147        5.460     0.164675    11.466667     0.120000   1   0 
 50 300   0.478736      190.710      108.248     0.764639      138.939  81.51     0.721813        4.888     0.471795    11.613333     0.146667   0   0 
 51 300   0.581135      190.643      107.213     0.765179      139.430  81.80     0.724784        2.192     0.000744    11.773333     0.160000   0   0 
 52 300   0.610639      190.463      107.213     0.765276      139.430  81.80     0.724784        5.439     0.158402    11.866667     0.093333   1   0 
 53 300   0.367493      190.440      106.965     0.766918      139.536  81.86     0.726726        1.441     0.459003    12.013333     0.146667   0   0 
 54 300   0.413835      190.395      106.965     0.767032      139.536  81.86     0.726726        0.000     0.000000    12.053333     0.040000   0   1 
 55 300   0.000000      190.440      106.785     0.766919      139.868  82.06     0.726066        6.863     0.003326    12.106667     0.053333   1   1 
 56 300   0.231842      190.215      106.785     0.767157      140.758  82.58     0.725460        5.439     0.158402    12.133333     0.026667   1   1 
 57 300   0.496200      190.215      106.785     0.768041      140.758  82.58     0.725460        0.000     0.276591    12.640000     0.506667   0   1 
 58 300   0.365413      189.945      106.853     0.770632      140.884  82.66     0.732589        2.624     0.287819    12.733333     0.093333   0   1 
 59 300   0.393070      190.980      107.753     0.770694      141.011  82.73     0.733075        7.371     0.022838    12.853333     0.120000   1   1 
 60 300   0.031642      190.980      107.753     0.771297      141.017  82.73     0.733280        0.910     0.012626    12.906667     0.053333   0   1 
 61 300   0.033116      190.980      107.753     0.771371      141.017  82.73     0.733280        5.622     0.152049    12.946667     0.040000   1   1 
 62 300   0.079231      190.868      107.213     0.772511      142.306  83.49     0.733434        5.612     0.599834    13.000000     0.053333   0   1 
 63 300   0.103662      190.845      107.213     0.772357      142.306  83.49     0.733434        5.612     0.156576    13.106667     0.106667   1   1 
 64 300   0.516768      190.845      107.213     0.772807      142.306  83.49     0.733434        0.000     0.166667    13.773333     0.666667   0   1 
 65 300   0.000000      190.755      107.213     0.776176      142.813  83.79     0.736452        5.196     0.417847    13.773333     0.000000   0   1 
 66 300   0.001893      190.328      106.673     0.779081      144.437  84.74     0.736532        1.829     0.149155    13.880000     0.106667   0   1 
 67 300   0.016148      190.305      106.560     0.780860      145.338  85.27     0.736697        1.069     0.028024    13.946667     0.066667   0   1 
 68 300   0.356592      190.913      106.223     0.780931      145.398  85.30     0.736905        2.773     0.318033    14.066667     0.120000   0   1 
 69 300   0.389277      191.318      104.715     0.781370      145.766  85.52     0.737376        3.962     0.004093    14.200000     0.133333   1   1 
 70 300   0.343933      191.340      104.468     0.781428      145.880  85.59     0.737581        2.232     0.019997    14.360000     0.160000   0   1 
 71 300   0.355827      191.745      105.053     0.781410      145.880  85.59     0.737581        5.261     0.141943    14.453333     0.093333   1   1 
 72 300   0.013346      191.745      105.053     0.781713      146.087  85.71     0.737444        5.186     0.475886    14.480000     0.026667   0   1 
 73 300   0.016051      191.745      105.053     0.781925      146.087  85.71     0.737444        5.186     0.142553    14.506667     0.026667   1   1 
 74 300   0.303436      194.288      103.883     0.785171      149.639  87.79     0.740291        5.736     0.156308    14.720000     0.213333   0   1 
 75 300   0.357099      194.423      103.410     0.785910      149.713  87.83     0.740502        1.329     0.160342    15.000000     0.280000   0   1 
 76 300   0.421011      194.535      103.433     0.786197      149.778  87.87     0.741360        2.344     0.007998    15.160000     0.160000   0   1 
 77 300   0.428879      194.580      103.388     0.786208      149.778  87.87     0.741360        5.424     0.149945    15.293333     0.133333   1   1 
 78 300   0.055933      195.233      102.353     0.789317      152.113  89.24     0.740476        5.414     0.417540    15.346667     0.053333   0   1 
 79 300   0.369172      195.795      103.725     0.789519      152.147  89.26     0.740685        0.092     0.256901    15.466667     0.120000   0   1 
 80 300   0.357531      196.335      104.153     0.789535      152.147  89.26     0.740685        5.462     0.162628    15.680000     0.213333   1   1 
 81 300   0.043513      196.515      103.343     0.790367      153.601  90.12     0.739648        4.775     0.499218    15.706667     0.026667   0   1 
 82 300   0.019278      196.830      102.195     0.791309      154.777  90.81     0.740188        0.822     0.283329    15.826667     0.120000   0   1 
 83 300   0.002009      196.785      102.195     0.791579      154.777  90.81     0.740188        5.367     0.159147    15.906667     0.080000   1   1 
 84 300   0.042302      196.808      102.150     0.791750      154.948  90.91     0.740164        5.048     0.519979    15.946667     0.040000   0   1 
 85 300   0.051758      196.628      102.015     0.791897      154.948  90.91     0.740164        5.048     0.165961    16.000000     0.053333   1   1 
 86 300   0.510170      196.628      102.015     0.792024      154.948  90.91     0.740164        0.000     0.109925    16.440000     0.440000   0   1 
 87 300   0.004278      196.515      101.948     0.793627      155.619  91.30     0.740375        4.718     0.271354    16.466667     0.026667   0   1 
 88 300   0.003793      196.448      101.948     0.793759      155.619  91.30     0.740375        4.718     0.161429    16.493333     0.026667   1   1 
 89 300   0.509971      196.448      101.948     0.793945      155.619  91.30     0.740375        0.000     0.109925    17.186667     0.693333   0   1 
 90 300   0.001358      196.425      101.678     0.797227      156.807  92.00     0.740283        4.597     0.792992    17.226667     0.040000   0   1 
 91 300   0.093036      196.560      101.678     0.797292      156.920  92.06     0.741124        2.085     0.192696    17.280000     0.053333   0   1 
 92 300   0.335081      196.515      101.273     0.797483      157.001  92.11     0.741507        1.935     0.188533    17.386667     0.106667   0   1 
 93 300   0.359676      196.515      101.273     0.798004      157.113  92.18     0.742461        3.699     0.004163    17.506667     0.120000   1   1 
 94 300   0.224002      196.943      101.610     0.798090      157.113  92.18     0.742461        4.597     0.162383    17.560000     0.053333   1   1 
 95 300   0.111588      196.898      101.610     0.799134      157.163  92.21     0.742779        4.848     0.748414    17.680000     0.120000   0   1 
 96 300   0.157522      196.898      101.610     0.799226      157.163  92.21     0.742779        4.848     0.138489    17.760000     0.080000   1   1 
 97 300   0.303164      197.550      103.118     0.799543      157.163  92.21     0.742838        4.816     0.743757    17.800000     0.040000   0   1 
 98 300   0.462945      197.708      102.555     0.799558      157.164  92.21     0.742899        2.824     0.019697    17.986667     0.186667   0   1 
 99 300   0.505220      197.753      102.420     0.799571      157.164  92.21     0.742966        1.119     0.029759    18.173333     0.186667   0   1 
100 300   0.514947      197.708      102.375     0.799594      157.164  92.21     0.742966        4.697     0.164578    18.253333     0.080000   1   1 
