#scene........................: /home/eldamian/nbvEverardo/models/laboratory.wrl
#triangles....................: 361767
#Total triangles' area........: 443.205414 (m2)
#sensor aperture..............: 135.000000 x 70.000000 (deg)
#range image size.............: 350 x 80
#sensor blind distances.......: 0.500000 .. 30.000000 (m)
#sensor blind angle...........: 80.000000
#sensor Gaussian noise std dev: 0.012000 (m)
#views number.................: 100 
#optimization method..........: Simulated Annealing
#view iterations fitness vxl_occupied(m2) occplane(m2) vxl_quality tri_imaged(m2) tri_imaged(%) tri_quality travelled(m) energy total_time single_time backstep change
  0   0  -0.000000       18.338        0.000     0.641809       15.030   3.39     0.643016        0.000     0.000000     0.000000     0.000000   0   0 
  1 300   0.739210       27.473        0.000     0.628786       22.845   5.15     0.633184        0.000     0.077427     0.253333     0.253333   0   0 
  2 300   0.717390       80.010       29.993     0.567034       32.130   7.25     0.621199        0.000     0.109925     0.546667     0.293333   0   0 
  3 300   0.610691      117.968       24.300     0.658974       56.200  12.68     0.693017        6.680     0.260011     0.733333     0.186667   0   0 
  4 300   0.729081      141.615       31.095     0.648054       69.905  15.77     0.683730        0.785     0.233209     1.680000     0.946667   0   0 
  5 300   0.707315      162.090       44.078     0.666423       85.104  19.20     0.697494        0.492     0.151932     2.546667     0.866667   0   0 
  6 300   0.792998      166.298       27.225     0.674047       93.806  21.17     0.697548        2.215     0.203709     4.053333     1.506667   0   0 
  7 300   0.706514      169.313       26.528     0.677709       98.575  22.24     0.693978        4.350     0.271581     5.360000     1.306667   0   0 
  8 300   0.717708      175.343       21.285     0.688854      108.863  24.56     0.692311        1.961     0.083211     6.480000     1.120000   0   0 
  9 300   0.682679      178.200       20.655     0.698817      114.910  25.93     0.689220        1.256     0.034840     7.733333     1.253333   0   0 
 10 300   0.645087      198.833       66.870     0.689085      124.055  27.99     0.680737        0.561     0.305518     8.800000     1.066667   0   0 
 11 300   0.685800      265.388      168.413     0.675341      139.863  31.56     0.683349        1.366     0.140271    10.213333     1.413333   0   0 
 12 300   0.586985      286.875      217.620     0.685115      150.098  33.87     0.690446        3.107     0.177017    13.186667     2.973333   0   0 
 13 300   0.539543      288.315      217.283     0.689028      152.488  34.41     0.692174        3.850     0.305121    16.360000     3.173333   0   0 
 14 300   0.695950      292.163      228.938     0.690107      159.147  35.91     0.689875        0.920     0.337710    18.986667     2.626667   0   0 
 15 300   0.556446      292.838      239.738     0.694622      162.262  36.61     0.692394        4.659     0.003469    21.813333     2.826667   1   0 
 16 300   0.538668      296.078      160.133     0.692733      165.489  37.34     0.691201        3.107     0.010350    24.226667     2.413333   1   0 
 17 300   0.526101      296.303      130.995     0.693800      174.124  39.29     0.692016        0.051     0.221253    26.826667     2.600000   0   0 
 18 300   0.550419      301.050      126.023     0.702258      181.144  40.87     0.701857        0.902     0.270145    29.293333     2.466667   0   0 
 19 300   0.567926      300.285      124.043     0.715460      187.303  42.26     0.707802        3.149     0.243913    32.440000     3.146667   1   0 
 20 300   0.550599      300.443      123.345     0.724766      191.176  43.13     0.716455        4.350     0.027487    35.800000     3.360000   1   0 
 21 300   0.553986      302.333      115.200     0.734415      198.171  44.71     0.719288        7.453     0.135321    38.680000     2.880000   1   0 
 22 300   0.553039      303.773      111.735     0.747519      205.408  46.35     0.728277        2.124     0.142302    41.053333     2.373333   0   0 
 23 300   0.563269      303.840      111.713     0.747770      205.408  46.35     0.728277        0.000     0.000000    43.800000     2.746667   0   1 
 24 300   0.229761      303.885      111.713     0.748046      205.408  46.35     0.728277        5.453     0.006981    46.226667     2.426667   1   1 
 25 300   0.217833      303.885      111.668     0.748485      205.408  46.35     0.728277        4.350     0.027487    48.706667     2.480000   1   1 
 26 300   0.282028      316.530      128.925     0.744909      208.159  46.97     0.729133        3.690     0.303716    50.986667     2.280000   0   1 
 27 300   0.215507      319.343      150.368     0.744549      211.225  47.66     0.728636        3.690     0.027125    54.080000     3.093333   1   1 
 28 300   0.201773      319.478      149.850     0.755269      213.324  48.13     0.739999        1.013     0.339172    56.653333     2.573333   0   1 
 29 300   0.224455      319.478      149.850     0.756930      214.438  48.38     0.739910        5.114     0.174433    59.520000     2.866667   1   1 
 30 300   0.218988      319.478      149.850     0.757868      215.220  48.56     0.739904        4.659     0.003469    62.146667     2.626667   1   1 
 31 300   0.220868      319.478      149.850     0.757919      215.220  48.56     0.739904        4.659     0.003469    64.613333     2.466667   1   1 
 32 300   0.219542      319.478      149.850     0.758512      215.309  48.58     0.740671        3.107     0.010350    67.333333     2.720000   1   1 
 33 300   0.214799      323.483      145.350     0.763458      220.986  49.86     0.741602        7.785     0.133702    70.066667     2.733333   1   1 
 34 300   0.171953      333.405      129.645     0.768691      225.679  50.92     0.749131        5.977     0.278371    71.893333     1.826667   0   1 
 35 300   0.217341      333.945      125.055     0.770813      227.752  51.39     0.753573        2.087     0.143291    74.706667     2.813333   0   1 
 36 300   0.234038      333.810      125.055     0.771353      228.645  51.59     0.755797        0.832     0.170208    78.293333     3.586667   0   1 
 37 300   0.246296      333.855      124.965     0.772655      229.865  51.86     0.757852        1.105     0.012016    82.040000     3.746667   0   1 
 38 300   0.254006      333.990      124.965     0.772906      229.865  51.86     0.757852        7.483     0.108829    84.933333     2.893333   1   1 
 39 300   0.201520      334.688      124.313     0.780380      233.195  52.62     0.766518        3.736     0.155959    87.626667     2.693333   0   1 
 40 300   0.228737      334.643      124.313     0.780419      233.195  52.62     0.766518        3.736     0.155959    90.786667     3.160000   1   1 
 41 300   0.247903      361.418       93.083     0.768572      244.382  55.14     0.763571        0.786     0.309803    91.066667     0.280000   0   1 
 42 300   0.216704      361.283       92.138     0.768556      244.382  55.14     0.763571        0.000     0.000000    93.653333     2.586667   0   1 
 43 300   0.383124      390.555      112.140     0.768947      263.261  59.40     0.763351        4.406     0.167430    94.040000     0.386667   0   1 
 44 300   0.530428      406.148      101.160     0.759068      272.255  61.43     0.757944        2.087     0.160001    94.386667     0.346667   0   1 
 45 300   0.495233      412.830       97.358     0.760312      282.626  63.77     0.754958        2.677     0.324666    94.960000     0.573333   0   1 
 46 300   0.515288      422.888       89.123     0.765444      295.254  66.62     0.754267        4.968     0.176737    95.586667     0.626667   0   1 
 47 300   0.488518      425.048       86.693     0.765594      297.209  67.06     0.753830        0.211     0.176597    96.026667     0.440000   0   1 
 48 300   0.408322      442.440       74.025     0.767849      309.131  69.75     0.752288        3.446     0.288581    96.346667     0.320000   0   1 
 49 300   0.325643      453.218       58.365     0.768055      318.119  71.78     0.751382        2.402     0.013583    96.653333     0.306667   0   1 
 50 300   0.296476      453.465       56.115     0.768811      324.559  73.23     0.746928        3.289     0.116736    96.906667     0.253333   0   1 
 51 300   0.209596      455.985       53.145     0.772025      331.247  74.74     0.750728        1.604     0.313801    97.280000     0.373333   0   1 
 52 300   0.229573      457.380       52.110     0.775793      334.915  75.57     0.753121        3.470     0.009713    97.453333     0.173333   1   1 
 53 300   0.337178      463.163       35.595     0.780743      342.793  77.34     0.753735        2.341     0.014926    97.893333     0.440000   0   1 
 54 300   0.282850      464.423       33.480     0.780949      345.013  77.85     0.753064        2.958     0.130610    98.226667     0.333333   0   1 
 55 300   0.227504      466.673       28.418     0.782438      348.726  78.68     0.751568        3.162     0.007824    98.706667     0.480000   1   1 
 56 300   0.206402      466.785       28.395     0.783285      349.547  78.87     0.753385        3.486     0.133572    99.306667     0.600000   0   1 
 57 300   0.231803      466.785       28.328     0.783553      351.583  79.33     0.753157        3.486     0.023647    99.920000     0.613333   1   1 
 58 300   0.208276      467.033       27.450     0.785206      353.536  79.77     0.754585        2.879     0.201743   100.320000     0.400000   0   1 
 59 300   0.231143      467.213       27.248     0.786598      355.968  80.32     0.755163        3.605     0.003086   101.213333     0.893333   1   1 
 60 300   0.213063      467.753       26.528     0.788945      359.152  81.04     0.755033        4.947     0.001238   101.706667     0.493333   1   1 
 61 300   0.210188      467.258       26.190     0.788851      360.338  81.30     0.753824        0.765     0.156680   102.160000     0.453333   0   1 
 62 300   0.216010      467.213       26.190     0.788883      360.338  81.30     0.753824        0.000     0.000000   102.480000     0.320000   0   1 
 63 300   0.216302      467.168       26.145     0.788874      360.338  81.30     0.753824        0.000     0.000000   104.693333     2.213333   0   1 
 64 300   0.216087      467.168       26.145     0.788897      360.338  81.30     0.753824        0.000     0.000000   106.666667     1.973333   0   1 
 65 300   0.358838      468.450       27.135     0.789655      362.230  81.73     0.753616        3.760     0.194226   108.360000     1.693333   0   1 
 66 300   0.251241      468.563       26.888     0.789917      362.777  81.85     0.753798        3.760     0.027559   110.506667     2.146667   1   1 
 67 300   0.314805      468.900       26.415     0.791489      364.746  82.30     0.754016        4.541     0.002311   113.266667     2.760000   0   1 
 68 300   0.227701      468.900       26.415     0.791456      364.746  82.30     0.754016        4.541     0.002311   116.600000     3.333333   1   1 
 69 300   0.203606      468.765       26.415     0.793604      365.099  82.38     0.757105        2.402     0.149173   118.360000     1.760000   0   1 
 70 300   0.226885      468.720       26.415     0.793593      365.099  82.38     0.757105        0.000     0.000000   120.746667     2.386667   0   1 
 71 300   0.227833      468.720       26.415     0.793590      365.099  82.38     0.757105        0.000     0.000000   123.493333     2.746667   0   1 
 72 300   0.227670      468.720       26.415     0.793642      365.099  82.38     0.757105        0.000     0.000000   126.733333     3.240000   0   1 
 73 300   0.229567      468.720       26.415     0.793653      365.099  82.38     0.757105        0.000     0.000000   129.840000     3.106667   0   1 
 74 300   0.277376      470.925       23.063     0.794090      367.798  82.99     0.756651        2.332     0.280285   132.080000     2.240000   0   1 
 75 300   0.227817      472.950       21.038     0.794919      370.154  83.52     0.756789        0.503     0.193832   134.960000     2.880000   0   1 
 76 300   0.207131      473.940       21.218     0.795903      371.887  83.91     0.758119        4.499     0.149570   137.586667     2.626667   0   1 
 77 300   0.239787      473.918       20.970     0.797640      373.828  84.35     0.759318        4.499     0.039646   140.333333     2.746667   1   1 
 78 300   0.207191      474.143       20.925     0.799709      374.942  84.60     0.762454        2.764     0.020494   142.586667     2.253333   0   1 
 79 300   0.224233      474.413       20.925     0.799851      374.942  84.60     0.762454        0.000     0.000000   144.853333     2.266667   0   1 
 80 300   0.224402      474.435       20.903     0.799846      374.942  84.60     0.762454        0.000     0.000000   147.946667     3.093333   0   1 
 81 300   0.224628      474.368       20.880     0.799975      374.942  84.60     0.762454        0.000     0.000000   151.213333     3.266667   0   1 
 82 300   0.224749      474.323       20.880     0.800057      374.942  84.60     0.762454        0.000     0.000000   153.960000     2.746667   0   1 
 83 300   0.224852      474.435       20.858     0.800087      374.942  84.60     0.762454        0.000     0.000000   157.133333     3.173333   0   1 
 84 300   0.225020      474.570       20.858     0.800136      374.942  84.60     0.762454        0.000     0.000000   160.253333     3.120000   0   1 
 85 300   0.225045      474.525       20.813     0.800185      374.942  84.60     0.762454        0.000     0.000000   160.826667     0.573333   0   1 
 86 300   0.225063      474.345       20.813     0.800220      374.942  84.60     0.762454        0.000     0.000000   163.146667     2.320000   0   1 
 87 300   0.225127      474.165       20.813     0.800259      374.942  84.60     0.762454        0.000     0.000000   164.053333     0.906667   0   1 
 88 300   0.225155      473.985       20.813     0.800321      374.942  84.60     0.762454        0.000     0.000000   166.840000     2.786667   0   1 
 89 300   0.225223      473.693       20.790     0.800342      374.942  84.60     0.762454        0.000     0.000000   170.080000     3.240000   0   1 
 90 300   0.225251      473.400       20.768     0.800358      374.942  84.60     0.762454        0.000     0.000000   172.106667     2.026667   0   1 
 91 300   0.225267      473.355       20.768     0.800409      374.942  84.60     0.762454        0.000     0.000000   175.320000     3.213333   0   1 
 92 300   0.225304      473.310       20.768     0.800424      374.942  84.60     0.762454        0.000     0.000000   176.640000     1.320000   0   1 
 93 300   0.225303      473.220       20.768     0.800456      374.942  84.60     0.762454        0.000     0.000000   178.080000     1.440000   0   1 
 94 300   0.225298      473.265       20.768     0.800425      374.942  84.60     0.762454        0.000     0.000000   180.706667     2.626667   0   1 
 95 300   0.225302      472.995       20.768     0.800449      374.942  84.60     0.762454        0.000     0.000000   183.400000     2.693333   0   1 
 96 300   0.225305      472.815       20.768     0.800442      374.942  84.60     0.762454        0.000     0.000000   186.813333     3.413333   0   1 
 97 300   0.225302      472.725       20.768     0.800447      374.942  84.60     0.762454        0.000     0.000000   189.853333     3.040000   0   1 
 98 300   0.225301      472.410       20.768     0.800467      374.942  84.60     0.762454        0.000     0.000000   192.973333     3.120000   0   1 
 99 300   0.225318      472.410       20.768     0.800466      374.942  84.60     0.762454        0.000     0.000000   196.026667     3.053333   0   1 
100 300   0.225320      472.118       20.745     0.800473      374.942  84.60     0.762454        0.000     0.000000   198.533333     2.506667   0   1 
