#scene........................: /home/eldamian/nbvEverardo/models/laboratory.wrl
#triangles....................: 361767
#Total triangles' area........: 443.205414 (m2)
#sensor aperture..............: 135.000000 x 70.000000 (deg)
#range image size.............: 350 x 80
#sensor blind distances.......: 0.500000 .. 30.000000 (m)
#sensor blind angle...........: 80.000000
#sensor Gaussian noise std dev: 0.012000 (m)
#views number.................: 100 
#optimization method..........: Evolution Strategy
#view iterations fitness vxl_occupied(m2) occplane(m2) vxl_quality tri_imaged(m2) tri_imaged(%) tri_quality travelled(m) energy total_time single_time backstep change
  0   0  -0.000000       18.338        0.000     0.641809       15.030   3.39     0.643016        0.000     0.000000     0.000000     0.000000   0   0 
  1 308   0.679057       27.473        0.000     0.628786       22.845   5.15     0.633184        0.000     0.077427     0.306667     0.306667   0   0 
  2 308   0.529982       47.970        9.743     0.653144       26.022   5.87     0.637934        1.218     0.242428     0.320000     0.013333   0   0 
  3 308   0.543327       48.375        9.743     0.652317       26.022   5.87     0.637934        0.000     0.000000     0.333333     0.013333   0   0 
  4 308   0.545712       48.420        9.698     0.652262       26.022   5.87     0.637934        0.000     0.000000     0.400000     0.066667   0   0 
  5 308   0.546622       48.488        9.585     0.651891       26.022   5.87     0.637934        0.000     0.000000     0.426667     0.026667   0   0 
  6 308   0.547112       48.488        9.563     0.652387       26.022   5.87     0.637934        0.000     0.000000     0.466667     0.040000   0   0 
  7 308   0.637111       50.918        9.563     0.648921       28.517   6.43     0.628378        0.024     0.150498     0.520000     0.053333   0   0 
  8 308   0.580791       50.940        9.563     0.649083       28.517   6.43     0.628378        0.000     0.000000     0.586667     0.066667   0   0 
  9 308   0.581819       51.053        9.563     0.649047       28.517   6.43     0.628378        0.000     0.000000     0.640000     0.053333   0   0 
 10 308   0.582182       51.053        9.563     0.649133       28.517   6.43     0.628378        0.000     0.000000     0.680000     0.040000   0   0 
 11 308   0.582505       51.053        9.563     0.649179       28.517   6.43     0.628378        0.000     0.000000     0.760000     0.080000   0   0 
 12 308   0.582730       51.053        9.563     0.649307       28.517   6.43     0.628378        0.000     0.000000     0.826667     0.066667   0   0 
 13 308   0.583105       51.053        9.563     0.649332       28.517   6.43     0.628378        0.000     0.000000     0.840000     0.013333   0   0 
 14 308   0.583370       51.075        9.563     0.649367       28.517   6.43     0.628378        0.000     0.000000     0.906667     0.066667   0   0 
 15 308   0.583386       51.075        9.563     0.649381       28.517   6.43     0.628378        0.000     0.000000     0.946667     0.040000   0   0 
 16 308   0.583544       51.098        9.563     0.649236       28.517   6.43     0.628378        0.000     0.000000     0.973333     0.026667   0   0 
 17 308   0.583320       51.053        9.563     0.649263       28.517   6.43     0.628378        0.000     0.000000     0.986667     0.013333   0   0 
 18 308   0.583346       51.053        9.563     0.649281       28.517   6.43     0.628378        0.000     0.000000     1.040000     0.053333   0   0 
 19 308   0.583553       51.008        9.563     0.649329       28.517   6.43     0.628378        0.000     0.000000     1.066667     0.026667   0   0 
 20 308   0.583620       51.008        9.563     0.649336       28.517   6.43     0.628378        0.000     0.000000     1.120000     0.053333   0   0 
 21 308   0.583687       51.008        9.563     0.649381       28.517   6.43     0.628378        0.000     0.000000     1.186667     0.066667   0   0 
 22 308   0.583764       51.008        9.563     0.649530       28.517   6.43     0.628378        0.000     0.000000     1.226667     0.040000   0   0 
 23 308   0.584112       51.008        9.563     0.649552       28.517   6.43     0.628378        0.000     0.000000     1.280000     0.053333   0   0 
 24 308   0.584160       51.008        9.563     0.649563       28.517   6.43     0.628378        0.000     0.000000     1.320000     0.040000   0   0 
 25 308   0.584216       51.008        9.563     0.649592       28.517   6.43     0.628378        0.000     0.000000     1.373333     0.053333   0   0 
 26 308   0.584214       51.008        9.563     0.649595       28.517   6.43     0.628378        0.000     0.000000     1.400000     0.026667   0   0 
 27 308   0.584316       51.008        9.563     0.649599       28.517   6.43     0.628378        0.000     0.000000     1.466667     0.066667   0   0 
 28 308   0.584393       50.985        9.563     0.649702       28.517   6.43     0.628378        0.000     0.000000     1.493333     0.026667   0   0 
 29 308   0.584444       50.985        9.563     0.649720       28.517   6.43     0.628378        0.000     0.000000     1.506667     0.013333   0   0 
 30 308   0.584471       50.985        9.563     0.649736       28.517   6.43     0.628378        0.000     0.000000     1.533333     0.026667   0   0 
 31 308   0.584485       50.985        9.563     0.649737       28.517   6.43     0.628378        0.000     0.000000     1.560000     0.026667   0   0 
 32 308   0.584511       50.985        9.563     0.649741       28.517   6.43     0.628378        0.000     0.000000     1.640000     0.080000   0   0 
 33 308   0.584544       50.985        9.563     0.649767       28.517   6.43     0.628378        0.000     0.000000     1.680000     0.040000   0   0 
 34 308   0.584608       50.985        9.563     0.649781       28.517   6.43     0.628378        0.000     0.000000     1.693333     0.013333   0   0 
 35 308   0.584663       50.940        9.563     0.649865       28.517   6.43     0.628378        0.000     0.000000     1.760000     0.066667   0   0 
 36 308   0.584746       50.940        9.563     0.649874       28.517   6.43     0.628378        0.000     0.000000     1.826667     0.066667   0   0 
 37 308   0.584741       50.940        9.563     0.649876       28.517   6.43     0.628378        0.000     0.000000     1.866667     0.040000   0   0 
 38 308   0.584768       50.940        9.563     0.649879       28.517   6.43     0.628378        0.000     0.000000     1.933333     0.066667   0   0 
 39 308   0.584791       50.940        9.563     0.649881       28.517   6.43     0.628378        0.000     0.000000     1.973333     0.040000   0   0 
 40 308   0.584807       50.940        9.563     0.649883       28.517   6.43     0.628378        0.000     0.000000     2.000000     0.026667   0   0 
 41 308   0.584820       50.940        9.563     0.649887       28.517   6.43     0.628378        0.000     0.000000     2.013333     0.013333   0   0 
 42 308   0.584864       50.940        9.563     0.649888       28.517   6.43     0.628378        0.000     0.000000     2.053333     0.040000   0   0 
 43 308   0.584913       50.940        9.563     0.649896       28.517   6.43     0.628378        0.000     0.000000     2.120000     0.066667   0   0 
 44 308   0.584925       50.940        9.563     0.649922       28.517   6.43     0.628378        0.000     0.000000     2.146667     0.026667   0   0 
 45 308   0.584940       50.940        9.563     0.649924       28.517   6.43     0.628378        0.000     0.000000     2.200000     0.053333   0   0 
 46 308   0.584920       50.940        9.563     0.650007       28.517   6.43     0.628378        0.000     0.000000     2.226667     0.026667   0   0 
 47 308   0.584973       50.940        9.563     0.650012       28.517   6.43     0.628378        0.000     0.000000     2.253333     0.026667   0   0 
 48 308   0.584992       50.940        9.563     0.650013       28.517   6.43     0.628378        0.000     0.000000     2.306667     0.053333   0   0 
 49 308   0.585019       50.940        9.563     0.650020       28.517   6.43     0.628378        0.000     0.000000     2.373333     0.066667   0   0 
 50 308   0.585033       50.940        9.563     0.650022       28.517   6.43     0.628378        0.000     0.000000     2.413333     0.040000   0   0 
 51 308   0.585043       50.940        9.563     0.650025       28.517   6.43     0.628378        0.000     0.000000     2.426667     0.013333   0   0 
 52 308   0.585052       50.940        9.563     0.650036       28.517   6.43     0.628378        0.000     0.000000     2.480000     0.053333   0   0 
 53 308   0.585079       50.940        9.563     0.650041       28.517   6.43     0.628378        0.000     0.000000     2.520000     0.040000   0   0 
 54 308   0.585106       50.940        9.563     0.650042       28.517   6.43     0.628378        0.000     0.000000     2.546667     0.026667   0   0 
 55 308   0.585088       50.940        9.563     0.650044       28.517   6.43     0.628378        0.000     0.000000     2.573333     0.026667   0   0 
 56 308   0.585083       50.940        9.563     0.650048       28.517   6.43     0.628378        0.000     0.000000     2.626667     0.053333   0   0 
 57 308   0.585101       50.940        9.563     0.650049       28.517   6.43     0.628378        0.000     0.000000     2.666667     0.040000   0   0 
 58 308   0.585117       50.940        9.563     0.650049       28.517   6.43     0.628378        0.000     0.000000     2.706667     0.040000   0   0 
 59 308   0.585135       50.940        9.563     0.650055       28.517   6.43     0.628378        0.000     0.000000     2.746667     0.040000   0   0 
 60 308   0.585155       50.940        9.563     0.650103       28.517   6.43     0.628378        0.000     0.000000     2.800000     0.053333   0   0 
 61 308   0.585179       50.940        9.563     0.650106       28.517   6.43     0.628378        0.000     0.000000     2.893333     0.093333   0   0 
 62 308   0.585168       50.940        9.563     0.650108       28.517   6.43     0.628378        0.000     0.000000     2.946667     0.053333   0   0 
 63 308   0.585191       50.940        9.563     0.650108       28.517   6.43     0.628378        0.000     0.000000     3.053333     0.106667   0   0 
 64 308   0.585199       50.850        9.563     0.650134       28.517   6.43     0.628378        0.000     0.000000     3.133333     0.080000   0   0 
 65 308   0.585174       50.850        9.563     0.650136       28.517   6.43     0.628378        0.000     0.000000     3.160000     0.026667   0   0 
 66 308   0.585153       50.850        9.563     0.650137       28.517   6.43     0.628378        0.000     0.000000     3.200000     0.040000   0   0 
 67 308   0.585162       50.850        9.563     0.650138       28.517   6.43     0.628378        0.000     0.000000     3.213333     0.013333   0   0 
 68 308   0.585162       50.850        9.563     0.650140       28.517   6.43     0.628378        0.000     0.000000     3.240000     0.026667   0   0 
 69 308   0.585179       50.850        9.563     0.650145       28.517   6.43     0.628378        0.000     0.000000     3.266667     0.026667   0   0 
 70 308   0.585200       50.850        9.563     0.650146       28.517   6.43     0.628378        0.000     0.000000     3.333333     0.066667   0   0 
 71 308   0.585198       50.850        9.563     0.650147       28.517   6.43     0.628378        0.000     0.000000     3.360000     0.026667   0   0 
 72 308   0.585216       50.850        9.563     0.650155       28.517   6.43     0.628378        0.000     0.000000     3.400000     0.040000   0   0 
 73 308   0.585244       50.850        9.563     0.650157       28.517   6.43     0.628378        0.000     0.000000     3.466667     0.066667   0   0 
 74 308   0.585254       50.850        9.563     0.650158       28.517   6.43     0.628378        0.000     0.000000     3.506667     0.040000   0   0 
 75 308   0.585246       50.850        9.563     0.650160       28.517   6.43     0.628378        0.000     0.000000     3.533333     0.026667   0   0 
 76 308   0.585246       50.850        9.563     0.650160       28.517   6.43     0.628378        0.000     0.000000     3.560000     0.026667   0   0 
 77 308   0.585250       50.850        9.563     0.650160       28.517   6.43     0.628378        0.000     0.000000     3.586667     0.026667   0   0 
 78 308   0.585257       50.850        9.563     0.650161       28.517   6.43     0.628378        0.000     0.000000     3.613333     0.026667   0   0 
 79 308   0.585267       50.850        9.563     0.650162       28.517   6.43     0.628378        0.000     0.000000     3.666667     0.053333   0   0 
 80 308   0.585277       50.850        9.563     0.650162       28.517   6.43     0.628378        0.000     0.000000     3.693333     0.026667   0   0 
 81 308   0.585283       50.850        9.563     0.650164       28.517   6.43     0.628378        0.000     0.000000     3.706667     0.013333   0   0 
 82 308   0.585290       50.850        9.563     0.650164       28.517   6.43     0.628378        0.000     0.000000     3.720000     0.013333   0   0 
 83 308   0.585287       50.850        9.563     0.650164       28.517   6.43     0.628378        0.000     0.000000     3.760000     0.040000   0   0 
 84 308   0.585284       50.850        9.563     0.650173       28.517   6.43     0.628378        0.000     0.000000     3.840000     0.080000   0   0 
 85 308   0.585297       50.850        9.563     0.650175       28.517   6.43     0.628378        0.000     0.000000     3.893333     0.053333   0   0 
 86 308   0.585300       50.850        9.563     0.650175       28.517   6.43     0.628378        0.000     0.000000     3.960000     0.066667   0   0 
 87 308   0.585305       50.850        9.563     0.650185       28.517   6.43     0.628378        0.000     0.000000     3.986667     0.026667   0   0 
 88 308   0.585333       50.850        9.563     0.650185       28.517   6.43     0.628378        0.000     0.000000     4.000000     0.013333   0   0 
 89 308   0.585338       50.850        9.563     0.650186       28.517   6.43     0.628378        0.000     0.000000     4.040000     0.040000   0   0 
 90 308   0.585337       50.850        9.563     0.650186       28.517   6.43     0.628378        0.000     0.000000     4.066667     0.026667   0   0 
 91 308   0.585353       50.873        9.563     0.650191       28.517   6.43     0.628378        0.000     0.000000     4.093333     0.026667   0   0 
 92 308   0.585382       50.873        9.563     0.650192       28.517   6.43     0.628378        0.000     0.000000     4.120000     0.026667   0   0 
 93 308   0.585389       50.873        9.563     0.650193       28.517   6.43     0.628378        0.000     0.000000     4.160000     0.040000   0   0 
 94 308   0.585386       50.873        9.563     0.650194       28.517   6.43     0.628378        0.000     0.000000     4.173333     0.013333   0   0 
 95 308   0.585399       50.873        9.563     0.650194       28.517   6.43     0.628378        0.000     0.000000     4.253333     0.080000   0   0 
 96 308   0.585405       50.873        9.563     0.650194       28.517   6.43     0.628378        0.000     0.000000     4.293333     0.040000   0   0 
 97 308   0.585341       50.873        9.563     0.650198       28.517   6.43     0.628378        0.000     0.000000     4.386667     0.093333   0   0 
 98 308   0.585344       50.873        9.563     0.650199       28.517   6.43     0.628378        0.000     0.000000     4.453333     0.066667   0   0 
 99 308   0.585342       50.873        9.563     0.650199       28.517   6.43     0.628378        0.000     0.000000     4.493333     0.040000   0   0 
100 308   0.585337       50.873        9.563     0.650201       28.517   6.43     0.628378        0.000     0.000000     4.560000     0.066667   0   0 
