#scene........................: /home/eldamian/nbvEverardo/models/laboratory.wrl
#triangles....................: 361767
#Total triangles' area........: 443.205414 (m2)
#sensor aperture..............: 135.000000 x 70.000000 (deg)
#range image size.............: 350 x 80
#sensor blind distances.......: 0.500000 .. 30.000000 (m)
#sensor blind angle...........: 80.000000
#sensor Gaussian noise std dev: 0.012000 (m)
#views number.................: 100 
#optimization method..........: Simulated Annealing
#view iterations fitness vxl_occupied(m2) occplane(m2) vxl_quality tri_imaged(m2) tri_imaged(%) tri_quality travelled(m) energy total_time single_time backstep change
  0   0  -0.000000       18.338        0.000     0.641809       15.030   3.39     0.643016        0.000     0.000000     0.000000     0.000000   0   0 
  1 300   0.753107       27.473        0.000     0.628786       22.845   5.15     0.633184        0.000     0.077427     0.226667     0.226667   0   0 
  2 300   0.735148       80.010       29.993     0.567034       32.130   7.25     0.621199        0.000     0.109925     0.480000     0.253333   0   0 
  3 300   0.607062      111.645       25.740     0.652893       54.552  12.31     0.693113        6.993     0.156463     0.640000     0.160000   0   0 
  4 300   0.773877      165.960       55.058     0.615822       66.551  15.02     0.687473        2.046     0.272962     1.746667     1.106667   0   0 
  5 300   0.616691      233.483      105.705     0.616171       86.918  19.61     0.683716        2.328     0.283589     2.226667     0.480000   0   0 
  6 300   0.705885      241.965      104.063     0.625854       99.732  22.50     0.690717        2.707     0.001773     3.493333     1.266667   0   0 
  7 300   0.642142      259.763       88.988     0.651014      115.747  26.12     0.696238        1.247     0.275667     5.133333     1.640000   0   0 
  8 300   0.724092      261.900       83.250     0.666663      126.744  28.60     0.692370        0.263     0.349458     7.080000     1.946667   0   0 
  9 300   0.677888      268.808       79.628     0.666111      134.898  30.44     0.685766        2.821     0.443715     9.146667     2.066667   0   0 
 10 300   0.649185      278.460       77.333     0.676077      145.620  32.86     0.686964        3.704     0.112737    10.653333     1.506667   0   0 
 11 300   0.587528      278.280       77.153     0.676548      145.620  32.86     0.686964        3.704     0.112737    12.600000     1.946667   1   0 
 12 300   0.639111      278.213       76.545     0.680716      148.209  33.44     0.688263        3.504     0.164557    14.666667     2.066667   0   0 
 13 300   0.645238      278.123       76.545     0.681645      148.440  33.49     0.689299        3.504     0.018574    16.866667     2.200000   1   0 
 14 300   0.606323      279.068       75.398     0.685314      151.293  34.14     0.688125        3.868     0.017754    18.666667     1.800000   1   0 
 15 300   0.603953      278.978       75.398     0.689972      152.091  34.32     0.693504        3.723     0.008770    20.640000     1.973333   1   0 
 16 300   0.613208      283.410       76.613     0.692997      155.786  35.15     0.696114        6.725     0.132149    22.280000     1.640000   1   0 
 17 300   0.509716      283.613       75.443     0.697285      159.046  35.89     0.702981        6.433     0.190206    23.933333     1.653333   0   0 
 18 300   0.632334      283.590       75.375     0.698082      159.046  35.89     0.702981        6.433     0.044223    25.893333     1.960000   1   0 
 19 300   0.516348      284.490       74.700     0.700606      160.347  36.18     0.707236        6.008     0.038170    28.400000     2.506667   0   0 
 20 300   0.629656      284.018       74.453     0.702241      161.507  36.44     0.709153        0.214     0.078621    30.813333     2.413333   0   0 
 21 300   0.635723      284.040       74.475     0.702424      161.507  36.44     0.709153        6.116     0.116791    32.880000     2.066667   1   0 
 22 300   0.552512      297.698       68.108     0.718417      171.787  38.76     0.717795        3.470     0.462246    34.146667     1.266667   0   0 
 23 300   0.595350      299.340       75.330     0.731610      180.181  40.65     0.719475        3.470     0.164970    36.706667     2.560000   1   0 
 24 300   0.506728      299.228       75.173     0.733188      183.379  41.38     0.721459        6.425     0.219053    38.946667     2.240000   0   0 
 25 300   0.636537      299.070       74.925     0.734563      184.987  41.74     0.721560        6.425     0.052386    41.773333     2.826667   1   0 
 26 300   0.514970      299.498       67.478     0.740320      190.973  43.09     0.728692        5.527     0.180308    43.213333     1.440000   0   0 
 27 300   0.623727      299.543       67.433     0.740830      190.973  43.09     0.728692        5.527     0.013641    46.333333     3.120000   1   0 
 28 300   0.529155      299.655       67.365     0.742461      193.979  43.77     0.732418        5.882     0.045037    48.413333     2.080000   0   0 
 29 300   0.630915      299.745       67.365     0.742634      193.979  43.77     0.732418        5.882     0.045037    50.493333     2.080000   1   0 
 30 300   0.530281      299.858       66.938     0.750065      196.248  44.28     0.742372        3.110     0.292117    53.253333     2.760000   0   0 
 31 300   0.617716      299.363       66.758     0.752209      197.395  44.54     0.743700        3.110     0.146135    56.093333     2.840000   1   0 
 32 300   0.514083      299.228       66.443     0.753409      200.037  45.13     0.745184        5.030     0.161125    58.560000     2.466667   0   0 
 33 300   0.608932      299.093       66.443     0.757968      202.270  45.64     0.751862        1.607     0.272309    61.493333     2.933333   0   0 
 34 300   0.670697      299.048       66.443     0.758066      202.270  45.64     0.751862        6.587     0.111184    64.706667     3.213333   1   0 
 35 300   0.526120      299.610       66.600     0.759795      203.076  45.82     0.754367        4.699     0.165480    67.480000     2.773333   0   0 
 36 300   0.612795      299.565       66.600     0.759822      203.076  45.82     0.754367        4.699     0.165480    70.453333     2.973333   1   0 
 37 300   0.517178      299.700       66.510     0.761110      203.987  46.03     0.755718        5.244     0.146455    72.973333     2.520000   0   0 
 38 300   0.612279      299.790       66.510     0.761153      203.987  46.03     0.755718        5.244     0.146455    75.800000     2.826667   1   0 
 39 300   0.492385      300.195       66.780     0.766766      205.142  46.29     0.760802        6.842     0.290291    78.360000     2.560000   0   0 
 40 300   0.646802      300.195       66.780     0.766753      205.142  46.29     0.760802        6.842     0.144308    80.640000     2.280000   1   0 
 41 300   0.509383      299.768       66.758     0.766968      205.424  46.35     0.760673        6.205     0.169888    82.253333     1.613333   0   0 
 42 300   0.625491      299.768       66.758     0.767023      205.424  46.35     0.760673        6.205     0.039279    86.013333     3.760000   1   0 
 43 300   0.610586      302.333       67.703     0.768473      208.645  47.08     0.759965        5.006     0.449241    87.133333     1.120000   0   0 
 44 300   0.644243      304.695       67.680     0.769304      212.301  47.90     0.759001        5.006     0.136592    89.506667     2.373333   1   0 
 45 300   0.502521      304.965       67.185     0.772591      214.065  48.30     0.761786        6.210     0.010910    92.760000     3.253333   0   0 
 46 300   0.606274      305.055       67.185     0.772636      214.065  48.30     0.761786        6.210     0.010910    95.466667     2.706667   1   0 
 47 300   0.512075      305.460       67.028     0.774973      215.408  48.60     0.763799        6.198     0.094930    98.226667     2.760000   0   0 
 48 300   0.619781      305.505       67.028     0.775038      215.408  48.60     0.763799        6.198     0.094930   101.973333     3.746667   1   0 
 49 300   0.538394      314.033      230.310     0.776916      222.641  50.23     0.762825        5.108     0.326857   105.013333     3.040000   0   0 
 50 300   0.602380      316.103      248.850     0.779150      225.540  50.89     0.761801        3.568     0.129839   107.653333     2.640000   0   0 
 51 300   0.596258      315.743      253.283     0.779715      226.218  51.04     0.761091        3.568     0.019915   111.026667     3.373333   1   0 
 52 300   0.622070      349.605      144.045     0.757781      234.475  52.90     0.754831        5.108     0.160191   113.600000     2.573333   1   0 
 53 300   0.506698      349.650      144.000     0.758906      235.357  53.10     0.755934        5.509     0.160112   116.266667     2.666667   0   0 
 54 300   0.608163      349.650      144.000     0.758899      235.357  53.10     0.755934        5.509     0.014130   119.466667     3.200000   1   0 
 55 300   0.551025      351.473      142.965     0.760205      237.528  53.59     0.756190        1.478     0.462009   119.973333     0.506667   0   0 
 56 300   0.567908      351.450      142.943     0.760438      237.528  53.59     0.756190        0.000     0.000000   122.666667     2.693333   0   0 
 57 300   0.593547      361.845       97.425     0.751547      248.449  56.06     0.751721        1.541     0.276998   122.920000     0.253333   0   0 
 58 300   0.595543      361.710       96.975     0.751455      248.449  56.06     0.751721        0.000     0.000000   125.466667     2.546667   0   1 
 59 300   0.373499      387.293      130.478     0.745366      260.672  58.82     0.749689        2.898     0.184004   125.813333     0.346667   0   1 
 60 300   0.554432      397.418      106.605     0.754438      271.783  61.32     0.749507        4.089     0.000786   126.160000     0.346667   0   1 
 61 300   0.609438      402.908      100.778     0.754923      278.695  62.88     0.747443        2.747     0.139861   126.373333     0.213333   0   1 
 62 300   0.431765      406.260       95.895     0.755357      283.664  64.00     0.745495        1.628     0.006840   126.733333     0.360000   0   1 
 63 300   0.470428      419.918       89.168     0.751471      292.784  66.06     0.743193        1.227     0.120485   127.026667     0.293333   0   1 
 64 300   0.401208      421.020       87.908     0.752929      295.133  66.59     0.743266        3.670     0.133355   127.373333     0.346667   0   1 
 65 300   0.425944      421.650       87.300     0.753652      296.348  66.86     0.743205        3.670     0.023431   127.733333     0.360000   1   1 
 66 300   0.367000      422.303       79.178     0.757369      302.466  68.25     0.742901        1.976     0.134119   127.906667     0.173333   0   1 
 67 300   0.400930      427.995       67.365     0.761292      310.150  69.98     0.743895        1.465     0.147730   128.213333     0.306667   0   1 
 68 300   0.501318      432.405       66.308     0.762573      315.424  71.17     0.742398        1.834     0.371227   128.560000     0.346667   0   1 
 69 300   0.468155      433.485       65.340     0.764418      316.721  71.46     0.743809        1.076     0.012221   129.040000     0.480000   0   1 
 70 300   0.486233      440.798       57.263     0.768136      326.780  73.73     0.745035        0.359     0.339754   129.440000     0.400000   0   1 
 71 300   0.365851      442.125       54.585     0.774582      333.944  75.35     0.748545        3.461     0.009398   130.280000     0.840000   1   1 
 72 300   0.466749      448.268       47.948     0.777486      339.614  76.63     0.749007        2.161     0.267223   130.800000     0.520000   0   1 
 73 300   0.380761      453.690       45.068     0.784775      345.397  77.93     0.753766        3.469     0.113034   131.226667     0.426667   0   1 
 74 300   0.364081      456.323       39.105     0.787981      348.028  78.53     0.755582        3.469     0.003110   131.720000     0.493333   1   1 
 75 300   0.348629      456.593       39.060     0.789427      349.195  78.79     0.757308        3.220     0.178906   132.120000     0.400000   0   1 
 76 300   0.392310      457.223       37.800     0.790401      351.324  79.27     0.757176        3.220     0.012239   132.400000     0.280000   1   1 
 77 300   0.394627      458.010       38.273     0.790553      351.489  79.31     0.757425        3.157     0.019464   132.840000     0.440000   1   1 
 78 300   0.392125      457.718       38.115     0.793227      354.012  79.88     0.760731        4.089     0.000786   133.266667     0.426667   1   1 
 79 300   0.382131      457.448       38.003     0.795569      354.887  80.07     0.763499        4.435     0.016931   133.800000     0.533333   1   1 
 80 300   0.362799      458.033       37.328     0.797559      355.963  80.32     0.766159        1.130     0.146391   137.306667     3.506667   0   1 
 81 300   0.373946      458.910       35.685     0.796721      357.190  80.59     0.765164        3.122     0.114955   140.133333     2.826667   1   1 
 82 300   0.355261      458.955       35.685     0.796917      357.746  80.72     0.765414        1.479     0.327312   142.826667     2.693333   0   1 
 83 300   0.398107      458.955       35.685     0.796926      357.746  80.72     0.765414        6.941     0.028793   145.306667     2.480000   1   1 
 84 300   0.334685      458.595       35.685     0.797503      358.120  80.80     0.765925        5.730     0.012607   147.746667     2.440000   0   1 
 85 300   0.396034      458.595       35.685     0.797515      358.120  80.80     0.765925        5.730     0.012607   150.760000     3.013333   1   1 
 86 300   0.342854      458.370       35.685     0.797979      358.124  80.80     0.766701        0.944     0.286872   153.240000     2.480000   0   1 
 87 300   0.374656      459.473       32.693     0.800998      360.750  81.40     0.768890        4.177     0.019301   153.773333     0.533333   1   1 
 88 300   0.365251      459.923       32.288     0.804425      362.770  81.85     0.772339        3.568     0.019915   157.093333     3.320000   1   1 
 89 300   0.378471      460.193       32.288     0.804518      362.770  81.85     0.772339        3.568     0.019915   159.773333     2.680000   1   1 
 90 300   0.366352      460.193       32.288     0.804524      362.770  81.85     0.772339        5.108     0.160191   161.893333     2.120000   1   1 
 91 300   0.314913      460.103       32.198     0.804652      363.129  81.93     0.772695        5.852     0.267696   164.506667     2.613333   0   1 
 92 300   0.395083      460.103       32.198     0.804664      363.129  81.93     0.772695        5.852     0.121714   165.026667     0.520000   1   1 
 93 300   0.325659      460.598       32.108     0.806033      363.629  82.05     0.774970        6.346     0.316771   167.520000     2.493333   0   1 
 94 300   0.425072      460.508       32.108     0.806084      363.629  82.05     0.774970        6.346     0.150105   170.200000     2.680000   1   1 
 95 300   0.337909      460.665       32.085     0.807646      364.094  82.15     0.776054        1.114     0.165674   171.906667     1.706667   0   1 
 96 300   0.356190      460.530       31.995     0.807839      364.423  82.22     0.776648        5.139     0.260604   175.146667     3.240000   1   1 
 97 300   0.406081      460.485       31.995     0.807840      364.423  82.22     0.776648        6.198     0.094930   178.213333     3.066667   1   1 
 98 300   0.310675      460.418       31.973     0.809677      365.127  82.38     0.778758        7.118     0.011072   180.906667     2.693333   0   1 
 99 300   0.406211      460.553       31.928     0.809933      365.377  82.44     0.779312        1.092     0.152338   183.026667     2.120000   0   1 
100 300   0.424687      460.463       31.928     0.809948      365.377  82.44     0.779312        6.918     0.141265   186.173333     3.146667   1   1 
