#scene........................: /home/eldamian/nbvEverardo/models/laboratory.wrl
#triangles....................: 361767
#Total triangles' area........: 443.205414 (m2)
#sensor aperture..............: 135.000000 x 70.000000 (deg)
#range image size.............: 350 x 80
#sensor blind distances.......: 0.500000 .. 30.000000 (m)
#sensor blind angle...........: 80.000000
#sensor Gaussian noise std dev: 0.012000 (m)
#views number.................: 100 
#optimization method..........: Evolution Strategy
#view iterations fitness vxl_occupied(m2) occplane(m2) vxl_quality tri_imaged(m2) tri_imaged(%) tri_quality travelled(m) energy total_time single_time backstep change
  0   0  -0.000000       18.338        0.000     0.641809       15.030   3.39     0.643016        0.000     0.000000     0.000000     0.000000   0   0 
  1 308   0.568109       27.473        0.000     0.628786       22.845   5.15     0.633184        0.000     0.077427     0.280000     0.280000   0   0 
  2 308   0.355489       47.970        9.743     0.653144       26.022   5.87     0.637934        1.218     0.242428     0.293333     0.013333   0   0 
  3 308   0.351357       48.375        9.743     0.652317       26.022   5.87     0.637934        0.000     0.000000     0.320000     0.026667   0   0 
  4 308   0.352929       48.420        9.698     0.652262       26.022   5.87     0.637934        0.000     0.000000     0.373333     0.053333   0   0 
  5 308   0.353521       48.488        9.585     0.651891       26.022   5.87     0.637934        0.000     0.000000     0.386667     0.013333   0   0 
  6 308   0.353837       48.488        9.563     0.652387       26.022   5.87     0.637934        0.000     0.000000     0.413333     0.026667   0   0 
  7 308   0.456879       50.918        9.563     0.648921       28.517   6.43     0.628378        0.024     0.150498     0.453333     0.040000   0   0 
  8 308   0.377087       50.940        9.563     0.649083       28.517   6.43     0.628378        0.000     0.000000     0.533333     0.080000   0   0 
  9 308   0.377755       51.053        9.563     0.649047       28.517   6.43     0.628378        0.000     0.000000     0.586667     0.053333   0   0 
 10 308   0.378031       51.053        9.563     0.649133       28.517   6.43     0.628378        0.000     0.000000     0.613333     0.026667   0   0 
 11 308   0.392741       74.205       32.378     0.639008       37.985   8.57     0.627628        0.514     0.492109     0.746667     0.133333   0   0 
 12 308   0.311924       74.430       31.028     0.638729       37.985   8.57     0.627628        0.000     0.000000     0.813333     0.066667   0   0 
 13 308   0.310901       74.003       30.893     0.639696       37.985   8.57     0.627628        0.000     0.000000     0.840000     0.026667   0   0 
 14 308   0.311591       73.958       30.195     0.640211       37.985   8.57     0.627628        0.000     0.000000     0.880000     0.040000   0   0 
 15 308   0.311846       73.755       30.060     0.641160       37.985   8.57     0.627628        0.000     0.000000     0.906667     0.026667   0   0 
 16 308   0.312062       73.800       29.993     0.641439       37.985   8.57     0.627628        0.000     0.000000     0.960000     0.053333   0   0 
 17 308   0.382911      135.473      120.825     0.606476       55.643  12.55     0.637904        0.330     0.203963     1.066667     0.106667   0   0 
 18 308   0.415463      177.570      140.783     0.589308       73.982  16.69     0.631928        3.070     0.187991     1.226667     0.160000   0   0 
 19 308   0.598045      183.600      139.973     0.603048       82.583  18.63     0.642535        5.155     0.014154     1.440000     0.213333   0   0 
 20 308   0.552756      199.148      136.260     0.635602       99.971  22.56     0.663619        3.023     0.501793     1.600000     0.160000   0   0 
 21 308   0.630313      208.778      266.648     0.633309      105.207  23.74     0.663880        2.483     0.149322     1.946667     0.346667   0   0 
 22 308   0.518230      225.113      289.778     0.638146      113.120  25.52     0.673303        2.157     0.016554     2.293333     0.346667   0   0 
 23 308   0.434428      229.230      286.650     0.646069      119.858  27.04     0.676785        1.610     0.277143     2.773333     0.480000   0   0 
 24 308   0.569609      229.973      286.223     0.648161      122.173  27.57     0.676152        2.617     0.111196     3.360000     0.586667   0   0 
 25 308   0.655684      231.030      283.658     0.649486      125.574  28.33     0.674649        1.256     0.009797     3.666667     0.306667   0   0 
 26 308   0.527887      232.425      283.433     0.653316      128.263  28.94     0.673063        0.304     0.314916     4.066667     0.400000   0   0 
 27 308   0.378887      232.470      283.073     0.659377      129.445  29.21     0.678019        1.613     0.005387     4.426667     0.360000   0   0 
 28 308   0.465366      233.393      282.803     0.662655      130.824  29.52     0.680963        1.749     0.006529     4.773333     0.346667   0   0 
 29 308   0.359017      233.483      282.803     0.664335      131.225  29.61     0.682233        3.702     0.008673     5.106667     0.333333   1   0 
 30 308   0.366088      233.595      282.825     0.664590      131.266  29.62     0.682647        1.385     0.158265     5.520000     0.413333   0   0 
 31 308   0.396032      248.805      296.348     0.664835      140.055  31.60     0.678400        5.806     0.034689     5.866667     0.346667   1   0 
 32 308   0.396800      255.083      293.040     0.676760      150.205  33.89     0.686969        3.266     0.309349     6.373333     0.506667   0   0 
 33 308   0.408444      257.355      289.148     0.684867      155.650  35.12     0.695437        0.871     0.000101     6.813333     0.440000   0   0 
 34 308   0.383449      271.463      262.148     0.678605      161.393  36.42     0.693180        3.065     0.002182     7.280000     0.466667   1   0 
 35 308   0.317717      271.643      263.250     0.679691      161.774  36.50     0.693856        4.225     0.529285     7.520000     0.240000   0   0 
 36 308   0.419949      271.620      263.183     0.681017      161.774  36.50     0.693856        4.225     0.008601     7.786667     0.266667   1   0 
 37 308   0.467158      318.803      253.440     0.682827      181.607  40.98     0.695616        7.404     0.174072     8.226667     0.440000   0   0 
 38 308   0.477614      344.160      224.820     0.685743      199.743  45.07     0.695593        2.450     0.014700     9.613333     1.386667   0   0 
 39 308   0.505278      355.478      222.300     0.691586      209.622  47.30     0.699346        2.784     0.137936    10.213333     0.600000   0   0 
 40 308   0.440824      384.278      172.935     0.689217      224.086  50.56     0.697626        1.872     0.367571    10.733333     0.520000   0   0 
 41 308   0.495590      388.935      155.048     0.691383      234.497  52.91     0.699340        3.530     0.250600    11.640000     0.906667   0   0 
 42 308   0.554684      398.453      147.510     0.691401      243.658  54.98     0.695277        1.369     0.199998    12.786667     1.146667   0   0 
 43 308   0.542142      418.793      108.720     0.700113      262.915  59.32     0.699230        2.702     0.176811    13.880000     1.093333   0   0 
 44 308   0.466007      436.118       92.138     0.718300      277.756  62.67     0.709841        2.563     0.421777    16.640000     2.760000   0   0 
 45 308   0.459450      438.638       90.788     0.718500      282.710  63.79     0.708240        3.538     0.588601    18.653333     2.013333   0   0 
 46 308   0.381201      443.813       80.168     0.720297      288.825  65.17     0.707017        5.043     0.357997    20.480000     1.826667   0   0 
 47 308   0.535667      444.218       78.818     0.721861      291.802  65.84     0.706571        3.720     0.115990    21.466667     0.986667   0   0 
 48 308   0.386851      444.825       78.008     0.723003      294.491  66.45     0.705891        3.720     0.006066    21.973333     0.506667   1   0 
 49 308   0.423545      447.255       77.243     0.723628      297.807  67.19     0.704906        4.602     0.308903    22.466667     0.493333   0   0 
 50 308   0.370536      447.345       76.793     0.725842      299.742  67.63     0.704872        2.431     0.257610    23.040000     0.573333   0   0 
 51 308   0.387701      447.660       76.073     0.726820      300.831  67.88     0.705096        0.237     0.337187    23.800000     0.760000   0   0 
 52 308   0.378408      448.178       75.083     0.727844      302.324  68.21     0.704905        5.517     0.026755    24.333333     0.533333   1   0 
 53 308   0.369940      448.178       75.083     0.727920      302.365  68.22     0.704950        0.095     0.009453    25.386667     1.053333   0   0 
 54 308   0.372275      448.875       74.250     0.730131      304.791  68.77     0.704970        5.041     0.005473    26.680000     1.293333   1   0 
 55 308   0.385607      451.125       59.333     0.735079      310.503  70.06     0.707582        2.999     0.410834    29.266667     2.586667   0   0 
 56 308   0.351283      451.980       57.015     0.742217      315.792  71.25     0.714188        1.624     0.196684    33.666667     4.400000   0   0 
 57 308   0.378173      451.980       57.015     0.743076      317.501  71.64     0.714442        3.104     0.271524    38.533333     4.866667   1   0 
 58 308   0.358083      451.980       57.015     0.743162      317.870  71.72     0.714489        0.129     0.004641    40.080000     1.546667   0   0 
 59 308   0.373673      452.903       54.900     0.744726      319.387  72.06     0.715100        1.342     0.202339    42.293333     2.213333   0   0 
 60 308   0.330270      452.903       54.900     0.745234      319.495  72.09     0.715597        2.775     0.118239    43.546667     1.253333   0   0 
 61 308   0.366010      452.903       54.900     0.745289      319.500  72.09     0.715695        0.250     0.004457    44.960000     1.413333   0   0 
 62 308   0.371664      453.015       54.450     0.745865      321.185  72.47     0.715275        4.786     0.009024    46.373333     1.413333   1   0 
 63 308   0.361339      452.925       53.820     0.746054      321.364  72.51     0.715333        1.547     0.132111    47.426667     1.053333   0   0 
 64 308   0.384529      452.790       53.550     0.746351      324.045  73.11     0.712923        6.198     0.014781    48.080000     0.653333   1   0 
 65 308   0.322548      455.085       50.220     0.747490      325.918  73.54     0.714475        3.554     0.003529    48.773333     0.693333   0   0 
 66 308   0.385965      458.325       43.133     0.751415      332.649  75.06     0.715374        1.612     0.153784    49.266667     0.493333   0   0 
 67 308   0.360991      459.225       39.128     0.753256      334.964  75.58     0.716160        1.728     0.000645    49.533333     0.266667   0   0 
 68 308   0.383887      459.225       39.128     0.753900      335.037  75.59     0.716867        0.246     0.207358    50.146667     0.613333   0   0 
 69 308   0.401596      459.810       39.128     0.755038      335.776  75.76     0.718299        3.620     0.001005    50.786667     0.640000   1   0 
 70 308   0.352780      460.215       38.588     0.760065      339.510  76.60     0.723262        0.537     0.122638    51.706667     0.920000   0   0 
 71 308   0.362771      460.260       38.318     0.761462      340.622  76.85     0.724508        3.556     0.008611    52.573333     0.866667   1   0 
 72 308   0.342566      460.553       38.295     0.763284      341.454  77.04     0.727687        0.863     0.030007    53.586667     1.013333   0   0 
 73 308   0.354130      460.553       38.295     0.765282      342.508  77.28     0.730250        0.468     0.160077    54.306667     0.720000   0   0 
 74 308   0.364200      460.598       38.295     0.765294      342.508  77.28     0.730250        0.000     0.000000    55.506667     1.200000   0   1 
 75 308   0.052692      461.070       37.238     0.769448      346.432  78.17     0.730054        6.634     0.172177    57.720000     2.213333   0   1 
 76 308   0.027303      463.883       30.015     0.772080      351.554  79.32     0.734903        2.999     0.450780    62.600000     4.880000   0   1 
 77 308   0.023574      463.883       29.880     0.773857      352.624  79.56     0.735668        2.681     0.527860    64.386667     1.786667   0   1 
 78 308   0.055406      464.265       29.678     0.773851      353.217  79.70     0.735478        0.138     0.186086    66.733333     2.346667   0   1 
 79 308   0.056770      464.130       29.678     0.774016      353.322  79.72     0.735467        5.565     0.007260    69.840000     3.106667   1   1 
 80 308   0.015578      464.850       28.958     0.774777      355.988  80.32     0.735796        4.240     0.492037    72.706667     2.866667   0   1 
 81 308   0.038266      465.120       28.508     0.776409      357.884  80.75     0.735898        3.396     0.653870    74.506667     1.800000   0   1 
 82 308   0.009379      467.798       26.685     0.778600      361.932  81.66     0.737836        1.801     0.557064    77.586667     3.080000   0   1 
 83 308   0.012706      467.955       26.078     0.779073      363.237  81.96     0.737900       14.725     0.394462    78.106667     0.520000   0   1 
 84 308   0.025567      469.958       30.870     0.779784      365.368  82.44     0.738126        5.427     0.250595    78.573333     0.466667   0   1 
 85 308   0.025756      469.958       30.825     0.780355      365.762  82.53     0.738447        0.459     0.130436    79.040000     0.466667   0   1 
 86 308   0.059049      470.520       30.533     0.780432      365.898  82.56     0.738405        0.504     0.131889    79.413333     0.373333   0   1 
 87 308   0.052756      470.880       30.218     0.783753      367.572  82.93     0.739803        6.105     0.007955    79.693333     0.280000   1   1 
 88 308   0.018343      470.543       30.015     0.787316      368.436  83.13     0.744059       14.168     0.458743    82.706667     3.013333   0   1 
 89 308   0.010814      471.015       29.138     0.790774      370.824  83.67     0.747408        1.992     0.707156    84.680000     1.973333   0   1 
 90 308   0.007719      471.623       28.665     0.791017      372.168  83.97     0.747433        3.230     0.431010    87.800000     3.120000   0   1 
 91 308   0.005573      471.780       28.553     0.791343      372.587  84.07     0.747647        1.332     0.076668    90.213333     2.413333   0   1 
 92 308   0.005570      471.668       28.125     0.791911      373.442  84.26     0.748012       15.049     0.195169    93.120000     2.906667   1   1 
 93 308   0.009078      471.668       27.990     0.794412      374.872  84.58     0.750480       16.199     0.172945    95.333333     2.213333   0   1 
 94 308   0.014757      472.230       27.585     0.794844      375.887  84.81     0.750858        0.177     0.167145    97.573333     2.240000   0   1 
 95 308   0.014174      477.473       41.558     0.795156      376.151  84.87     0.750884       16.370     0.014884    99.426667     1.853333   1   1 
 96 308   0.031159      478.508       42.863     0.795273      376.296  84.90     0.750782        0.135     0.005688   100.106667     0.680000   0   1 
 97 308   0.031600      478.508       42.863     0.797844      377.998  85.29     0.752612       14.752     0.144244   100.760000     0.653333   1   1 
 98 308   0.010726      480.398       50.513     0.799464      378.982  85.51     0.754112       17.868     0.298244   101.640000     0.880000   0   1 
 99 308   0.031515      481.253       54.293     0.799249      379.493  85.62     0.754243        0.386     0.028422   102.066667     0.426667   0   1 
100 308   0.040984      481.838       55.193     0.799351      379.773  85.69     0.754218        0.223     0.037028   102.813333     0.746667   0   1 
