#scene........................: /home/eldamian/nbvEverardo/models/laboratory.wrl
#triangles....................: 361767
#Total triangles' area........: 443.205414 (m2)
#sensor aperture..............: 135.000000 x 70.000000 (deg)
#range image size.............: 350 x 80
#sensor blind distances.......: 0.500000 .. 30.000000 (m)
#sensor blind angle...........: 80.000000
#sensor Gaussian noise std dev: 0.012000 (m)
#views number.................: 100 
#optimization method..........: Simulated Annealing
#view iterations fitness vxl_occupied(m2) occplane(m2) vxl_quality tri_imaged(m2) tri_imaged(%) tri_quality travelled(m) energy total_time single_time backstep change
  0   0  -0.000000       18.338        0.000     0.641809       15.030   3.39     0.643016        0.000     0.000000     0.000000     0.000000   0   0 
  1 300   0.614693       27.473        0.000     0.628786       22.845   5.15     0.633184        0.000     0.077427     0.280000     0.280000   0   0 
  2 300   0.589961       80.010       29.993     0.567034       32.130   7.25     0.621199        0.000     0.109925     0.640000     0.360000   0   0 
  3 300   0.600249      117.968       24.300     0.658974       56.200  12.68     0.693017        6.680     0.260011     0.786667     0.146667   0   0 
  4 300   0.599946      181.508       58.995     0.620623       73.176  16.51     0.667071        1.526     0.340854     1.666667     0.880000   0   0 
  5 300   0.577734      220.995       63.113     0.651000       91.524  20.65     0.686975        0.268     0.185065     2.560000     0.893333   0   0 
  6 300   0.593453      230.423       60.930     0.657570      102.247  23.07     0.685321        0.648     0.469577     4.973333     2.413333   0   0 
  7 300   0.657798      241.020       63.743     0.660207      112.391  25.36     0.686625        1.215     0.214760     6.920000     1.946667   0   0 
  8 300   0.587187      259.920       63.990     0.669703      122.587  27.66     0.693450        0.958     0.239934     8.906667     1.986667   0   0 
  9 300   0.551704      268.493       64.778     0.671733      130.464  29.44     0.689373        2.021     0.255713    11.253333     2.346667   0   0 
 10 300   0.466788      278.393       68.333     0.685543      144.056  32.50     0.699285        0.655     0.150409    13.640000     2.386667   0   0 
 11 300   0.410015      278.190       68.333     0.688075      145.669  32.87     0.699422        1.316     0.276659    16.053333     2.413333   0   0 
 12 300   0.584185      284.040      133.920     0.710740      153.974  34.74     0.706542        4.321     0.341303    18.786667     2.733333   0   0 
 13 300   0.448774      286.785      126.450     0.722596      159.702  36.03     0.714906        2.817     0.119145    21.973333     3.186667   0   0 
 14 300   0.448330      287.753      119.588     0.732270      168.202  37.95     0.723357        0.992     0.333434    25.053333     3.080000   0   0 
 15 300   0.395415      289.395      123.908     0.735969      173.385  39.12     0.728611        3.872     0.003595    28.226667     3.173333   1   0 
 16 300   0.400375      289.260      123.908     0.739481      175.741  39.65     0.737029        1.775     0.209922    31.466667     3.240000   0   0 
 17 300   0.412945      290.385      110.633     0.747798      182.901  41.27     0.738900        7.688     0.071338    33.613333     2.146667   1   0 
 18 300   0.636610      341.978      127.800     0.718987      195.808  44.18     0.724604        0.000     0.166667    34.080000     0.466667   0   0 
 19 300   0.384872      341.910      127.778     0.721497      197.342  44.53     0.730772        6.572     0.565219    36.786667     2.706667   0   0 
 20 300   0.440495      341.010      122.490     0.725256      201.425  45.45     0.730844        6.572     0.142645    39.813333     3.026667   1   0 
 21 300   0.588620      341.775      121.140     0.727212      203.113  45.83     0.731534        0.218     0.387848    39.960000     0.146667   0   0 
 22 300   0.615821      364.185      133.785     0.733071      222.521  50.21     0.733462        4.089     0.617263    40.400000     0.440000   0   0 
 23 300   0.635973      381.690      128.093     0.728952      237.279  53.54     0.730850        1.166     0.173722    40.826667     0.426667   0   0 
 24 300   0.533320      384.525      126.698     0.729864      240.288  54.22     0.729676        1.220     0.183147    41.186667     0.360000   0   0 
 25 300   0.467584      398.340      120.713     0.732386      252.320  56.93     0.731185        1.737     0.284987    41.706667     0.520000   0   0 
 26 300   0.455592      416.925      103.973     0.727552      265.101  59.81     0.727435        0.857     0.110639    42.146667     0.440000   0   0 
 27 300   0.545745      431.123       84.105     0.724242      277.407  62.59     0.723202        2.342     0.089054    42.493333     0.346667   0   0 
 28 300   0.537065      431.483       82.935     0.725550      279.557  63.08     0.722537        0.681     0.265640    43.120000     0.626667   0   0 
 29 300   0.389875      431.505       82.935     0.728146      281.412  63.49     0.723142        3.406     0.007215    43.760000     0.640000   1   0 
 30 300   0.468570      432.360       81.338     0.729327      283.505  63.97     0.723638        0.700     0.339109    44.000000     0.240000   0   0 
 31 300   0.404619      432.113       80.775     0.732506      284.890  64.28     0.725600        2.623     0.172072    44.426667     0.426667   0   0 
 32 300   0.423999      431.010       79.583     0.733637      288.877  65.18     0.724470        3.244     0.023906    44.866667     0.440000   1   0 
 33 300   0.492408      437.468       69.480     0.736209      296.628  66.93     0.724539        4.679     0.126260    45.200000     0.333333   0   0 
 34 300   0.522865      437.040       64.170     0.737420      300.451  67.79     0.722291        7.107     0.291081    45.666667     0.466667   0   0 
 35 300   0.556442      437.670       63.630     0.738877      301.976  68.13     0.722659        0.431     0.423277    45.973333     0.306667   0   0 
 36 300   0.407232      438.075       63.180     0.741240      304.332  68.67     0.722444        6.766     0.013786    48.026667     2.053333   1   0 
 37 300   0.447000      439.043       61.335     0.741779      305.533  68.94     0.722817        6.885     0.340563    48.440000     0.413333   0   0 
 38 300   0.399651      438.975       61.290     0.742704      306.602  69.18     0.722567        6.885     0.007230    49.813333     1.373333   1   0 
 39 300   0.383931      439.380       61.110     0.743431      307.164  69.31     0.723000        0.285     0.338358    50.266667     0.453333   0   0 
 40 300   0.399136      438.908       61.110     0.745209      309.317  69.79     0.722348        4.832     0.021360    50.666667     0.400000   1   0 
 41 300   0.427826      439.223       60.660     0.746356      310.033  69.95     0.722948        5.783     0.335568    51.000000     0.333333   0   0 
 42 300   0.407944      444.015       54.945     0.752542      314.972  71.07     0.727523        1.141     0.334933    51.466667     0.466667   0   0 
 43 300   0.400408      443.925       54.945     0.753262      316.221  71.35     0.727891        0.637     0.250931    51.706667     0.240000   0   0 
 44 300   0.501309      443.745       54.698     0.754957      317.347  71.60     0.728334        4.951     0.170126    52.080000     0.373333   0   0 
 45 300   0.431926      443.588       54.428     0.755896      318.454  71.85     0.728611        4.951     0.003460    52.680000     0.600000   1   0 
 46 300   0.410023      443.588       54.428     0.755953      318.454  71.85     0.728611        6.379     0.006203    53.120000     0.440000   1   0 
 47 300   0.388720      443.723       54.383     0.756348      318.520  71.87     0.729257        4.089     0.028023    53.506667     0.386667   1   0 
 48 300   0.400554      443.723       54.383     0.756375      318.520  71.87     0.729257        0.000     0.000000    53.800000     0.293333   0   1 
 49 300   0.000722      444.330       53.528     0.757533      321.844  72.62     0.729272        3.491     0.442595    53.920000     0.120000   0   1 
 50 300   0.030264      455.805       30.893     0.758405      328.527  74.13     0.728082        5.078     0.269266    56.680000     2.760000   0   1 
 51 300   0.009933      456.323       31.050     0.761088      330.839  74.65     0.732005        2.304     0.449878    59.240000     2.560000   0   1 
 52 300   0.112752      463.073       26.775     0.760656      340.169  76.75     0.729469        5.299     0.531887    62.293333     3.053333   0   1 
 53 300   0.016101      463.163       25.538     0.762755      343.189  77.43     0.729372        1.128     0.187436    64.600000     2.306667   0   1 
 54 300   0.012750      463.478       25.178     0.764567      345.690  78.00     0.729192        3.511     0.285737    67.386667     2.786667   0   1 
 55 300   0.007646      463.253       24.570     0.764578      347.469  78.40     0.729033        1.149     0.200806    69.786667     2.400000   0   1 
 56 300   0.007121      464.378       23.715     0.766208      350.351  79.05     0.728297        4.211     0.086268    72.546667     2.760000   0   1 
 57 300   0.005787      464.603       24.255     0.771577      353.717  79.81     0.732431        2.053     0.167089    74.320000     1.773333   0   1 
 58 300   0.011576      465.795       26.438     0.775399      356.742  80.49     0.734635        4.893     0.494564    75.786667     1.466667   0   1 
 59 300   0.004629      465.885       26.438     0.776426      357.874  80.75     0.735906        9.443     0.511414    79.120000     3.333333   0   1 
 60 300   0.002834      465.840       26.393     0.777646      358.436  80.87     0.737830        1.845     0.325991    81.946667     2.826667   0   1 
 61 300   0.003591      466.650       26.663     0.778835      359.384  81.09     0.739343        1.298     0.481537    85.173333     3.226667   0   1 
 62 300   0.013236      466.808       26.415     0.780012      360.265  81.29     0.739884        3.614     0.467600    88.293333     3.120000   0   1 
 63 300   0.004579      466.830       26.348     0.780415      360.544  81.35     0.740576        2.839     0.317321    91.666667     3.373333   0   1 
 64 300   0.012623      466.830       26.348     0.780568      360.659  81.38     0.740883        1.601     0.048975    94.706667     3.040000   0   1 
 65 300   0.012912      467.325       26.033     0.782589      362.071  81.69     0.742931        4.200     0.008245    96.893333     2.186667   1   1 
 66 300   0.005350      467.258       26.010     0.782680      363.391  81.99     0.742118        3.307     0.119836    99.933333     3.040000   0   1 
 67 300   0.005557      467.235       25.650     0.783036      364.510  82.24     0.742093        3.307     0.009912   102.733333     2.800000   1   1 
 68 300   0.004042      467.438       25.943     0.783106      364.598  82.26     0.742545        3.213     0.321729   105.320000     2.586667   0   1 
 69 300   0.004294      467.415       25.875     0.783113      364.598  82.26     0.742545        3.213     0.211804   108.146667     2.826667   1   1 
 70 300   0.002964      467.415       25.875     0.783269      364.855  82.32     0.742702        3.028     0.182360   111.760000     3.613333   0   1 
 71 300   0.003090      467.415       25.875     0.783292      364.855  82.32     0.742702        3.028     0.072436   114.693333     2.933333   1   1 
 72 300   0.004623      467.685       25.965     0.783303      365.155  82.39     0.742493        2.759     0.001592   117.413333     2.720000   0   1 
 73 300   0.006901      468.608       25.853     0.784331      366.054  82.59     0.743815        1.032     0.536474   119.373333     1.960000   0   1 
 74 300   0.007222      469.530       25.875     0.785534      367.172  82.84     0.744749        3.261     0.014197   122.186667     2.813333   1   1 
 75 300   0.003880      469.530       25.875     0.785668      367.312  82.88     0.745122        2.374     0.408812   124.373333     2.186667   0   1 
 76 300   0.006015      470.048       25.560     0.785741      367.839  83.00     0.745558        1.192     0.404760   127.240000     2.866667   0   1 
 77 300   0.004886      470.228       25.560     0.785960      367.839  83.00     0.745558        3.086     0.004052   130.573333     3.333333   1   1 
 78 300   0.002212      470.633       25.560     0.786637      368.323  83.10     0.746514        2.206     0.486490   133.106667     2.533333   0   1 
 79 300   0.004277      470.790       25.538     0.786713      368.535  83.15     0.746452        1.630     0.590827   135.960000     2.853333   0   1 
 80 300   0.004035      470.835       25.538     0.786904      369.145  83.29     0.746664        3.411     0.005588   137.480000     1.520000   1   1 
 81 300   0.003084      470.858       25.313     0.787618      370.005  83.48     0.746879        1.071     0.085119   140.440000     2.960000   0   1 
 82 300   0.007154      470.858       25.313     0.787625      370.011  83.49     0.746909        3.001     0.692306   143.053333     2.613333   0   1 
 83 300   0.008269      470.858       25.313     0.787794      370.168  83.52     0.746863        3.001     0.004955   145.840000     2.786667   1   1 
 84 300   0.001906      471.060       25.245     0.788049      370.477  83.59     0.747328        1.968     0.355785   148.826667     2.986667   0   1 
 85 300   0.004044      471.060       25.245     0.788107      370.751  83.65     0.747269        1.663     0.244162   152.160000     3.333333   0   1 
 86 300   0.004322      471.060       25.245     0.788131      370.830  83.67     0.747287        0.507     0.588559   154.386667     2.226667   0   1 
 87 300   0.006878      471.218       25.043     0.788563      371.011  83.71     0.747824        1.024     0.452360   156.880000     2.493333   0   1 
 88 300   0.007301      470.340       25.020     0.789655      371.209  83.76     0.748912        3.297     0.003729   160.306667     3.426667   1   1 
 89 300   0.005855      470.385       25.020     0.789730      371.255  83.77     0.749082        2.475     0.152514   163.680000     3.373333   0   1 
 90 300   0.006043      470.250       25.020     0.790412      371.330  83.78     0.750484        3.506     0.014223   167.133333     3.453333   1   1 
 91 300   0.002556      470.250       25.020     0.790846      371.580  83.84     0.750647        2.736     0.415788   170.120000     2.986667   0   1 
 92 300   0.007981      470.250       25.020     0.790847      371.582  83.84     0.750648        1.566     0.342005   173.426667     3.306667   0   1 
 93 300   0.008346      470.250       25.020     0.790873      371.582  83.84     0.750648        3.640     0.017041   176.146667     2.720000   1   1 
 94 300   0.004147      470.250       25.020     0.790873      371.599  83.84     0.750629        3.412     0.017689   178.973333     2.826667   0   1 
 95 300   0.004300      470.250       25.020     0.790923      371.599  83.84     0.750629        3.412     0.017689   181.946667     2.973333   1   1 
 96 300   0.001342      470.520       25.110     0.791188      371.705  83.87     0.751302        5.558     0.167477   184.640000     2.693333   0   1 
 97 300   0.002066      470.025       25.110     0.791505      371.747  83.88     0.751525        2.928     0.340062   187.960000     3.320000   0   1 
 98 300   0.002303      470.183       25.223     0.791510      371.749  83.88     0.751534        0.451     0.417340   190.120000     2.160000   0   1 
 99 300   0.002626      470.183       25.223     0.791522      371.755  83.88     0.751551        0.383     0.135333   192.986667     2.866667   0   1 
100 300   0.002926      470.138       25.358     0.791724      371.783  83.88     0.751791        0.272     0.198125   196.186667     3.200000   0   1 
