#scene........................: /home/eldamian/nbvEverardo/models/laboratory.wrl
#triangles....................: 361767
#Total triangles' area........: 443.205414 (m2)
#sensor aperture..............: 135.000000 x 70.000000 (deg)
#range image size.............: 350 x 80
#sensor blind distances.......: 0.500000 .. 30.000000 (m)
#sensor blind angle...........: 80.000000
#sensor Gaussian noise std dev: 0.012000 (m)
#views number.................: 100 
#optimization method..........: Evolution Strategy
#view iterations fitness vxl_occupied(m2) occplane(m2) vxl_quality tri_imaged(m2) tri_imaged(%) tri_quality travelled(m) energy total_time single_time backstep change
  0   0  -0.000000       18.338        0.000     0.641809       15.030   3.39     0.643016        0.000     0.000000     0.000000     0.000000   0   0 
  1 308   0.722575       27.473        0.000     0.628786       22.845   5.15     0.633184        0.000     0.077427     0.240000     0.240000   0   0 
  2 308   0.589091       47.970        9.743     0.653144       26.022   5.87     0.637934        1.218     0.242428     0.253333     0.013333   0   0 
  3 308   0.620115       48.375        9.743     0.652317       26.022   5.87     0.637934        0.000     0.000000     0.280000     0.026667   0   0 
  4 308   0.622825       48.420        9.698     0.652262       26.022   5.87     0.637934        0.000     0.000000     0.346667     0.066667   0   0 
  5 308   0.623863       48.488        9.585     0.651891       26.022   5.87     0.637934        0.000     0.000000     0.373333     0.026667   0   0 
  6 308   0.624421       48.488        9.563     0.652387       26.022   5.87     0.637934        0.000     0.000000     0.400000     0.026667   0   0 
  7 308   0.706438       50.918        9.563     0.648921       28.517   6.43     0.628378        0.024     0.150498     0.440000     0.040000   0   0 
  8 308   0.662272       50.940        9.563     0.649083       28.517   6.43     0.628378        0.000     0.000000     0.520000     0.080000   0   0 
  9 308   0.663444       51.053        9.563     0.649047       28.517   6.43     0.628378        0.000     0.000000     0.586667     0.066667   0   0 
 10 308   0.663843       51.053        9.563     0.649133       28.517   6.43     0.628378        0.000     0.000000     0.626667     0.040000   0   0 
 11 308   0.664210       51.053        9.563     0.649179       28.517   6.43     0.628378        0.000     0.000000     0.720000     0.093333   0   0 
 12 308   0.664468       51.053        9.563     0.649307       28.517   6.43     0.628378        0.000     0.000000     0.786667     0.066667   0   0 
 13 308   0.664895       51.053        9.563     0.649332       28.517   6.43     0.628378        0.000     0.000000     0.813333     0.026667   0   0 
 14 308   0.665197       51.075        9.563     0.649367       28.517   6.43     0.628378        0.000     0.000000     0.893333     0.080000   0   0 
 15 308   0.665215       51.075        9.563     0.649381       28.517   6.43     0.628378        0.000     0.000000     0.960000     0.066667   0   0 
 16 308   0.665395       51.098        9.563     0.649236       28.517   6.43     0.628378        0.000     0.000000     1.000000     0.040000   0   0 
 17 308   0.665140       51.053        9.563     0.649263       28.517   6.43     0.628378        0.000     0.000000     1.013333     0.013333   0   0 
 18 308   0.665170       51.053        9.563     0.649281       28.517   6.43     0.628378        0.000     0.000000     1.066667     0.053333   0   0 
 19 308   0.665406       51.008        9.563     0.649329       28.517   6.43     0.628378        0.000     0.000000     1.106667     0.040000   0   0 
 20 308   0.665482       51.008        9.563     0.649336       28.517   6.43     0.628378        0.000     0.000000     1.186667     0.080000   0   0 
 21 308   0.665559       51.008        9.563     0.649381       28.517   6.43     0.628378        0.000     0.000000     1.253333     0.066667   0   0 
 22 308   0.665646       51.008        9.563     0.649530       28.517   6.43     0.628378        0.000     0.000000     1.280000     0.026667   0   0 
 23 308   0.666043       51.008        9.563     0.649552       28.517   6.43     0.628378        0.000     0.000000     1.320000     0.040000   0   0 
 24 308   0.666098       51.008        9.563     0.649563       28.517   6.43     0.628378        0.000     0.000000     1.346667     0.026667   0   0 
 25 308   0.666162       51.008        9.563     0.649592       28.517   6.43     0.628378        0.000     0.000000     1.400000     0.053333   0   0 
 26 308   0.666159       51.008        9.563     0.649595       28.517   6.43     0.628378        0.000     0.000000     1.426667     0.026667   0   0 
 27 308   0.666275       51.008        9.563     0.649599       28.517   6.43     0.628378        0.000     0.000000     1.506667     0.080000   0   0 
 28 308   0.666364       50.985        9.563     0.649702       28.517   6.43     0.628378        0.000     0.000000     1.533333     0.026667   0   0 
 29 308   0.666421       50.985        9.563     0.649720       28.517   6.43     0.628378        0.000     0.000000     1.560000     0.026667   0   0 
 30 308   0.666452       50.985        9.563     0.649736       28.517   6.43     0.628378        0.000     0.000000     1.573333     0.013333   0   0 
 31 308   0.666468       50.985        9.563     0.649737       28.517   6.43     0.628378        0.000     0.000000     1.600000     0.026667   0   0 
 32 308   0.666498       50.985        9.563     0.649741       28.517   6.43     0.628378        0.000     0.000000     1.666667     0.066667   0   0 
 33 308   0.666536       50.985        9.563     0.649767       28.517   6.43     0.628378        0.000     0.000000     1.706667     0.040000   0   0 
 34 308   0.666609       50.985        9.563     0.649781       28.517   6.43     0.628378        0.000     0.000000     1.733333     0.026667   0   0 
 35 308   0.666671       50.940        9.563     0.649865       28.517   6.43     0.628378        0.000     0.000000     1.786667     0.053333   0   0 
 36 308   0.666766       50.940        9.563     0.649874       28.517   6.43     0.628378        0.000     0.000000     1.840000     0.053333   0   0 
 37 308   0.666760       50.940        9.563     0.649876       28.517   6.43     0.628378        0.000     0.000000     1.880000     0.040000   0   0 
 38 308   0.666791       50.940        9.563     0.649879       28.517   6.43     0.628378        0.000     0.000000     1.946667     0.066667   0   0 
 39 308   0.666818       50.940        9.563     0.649881       28.517   6.43     0.628378        0.000     0.000000     1.973333     0.026667   0   0 
 40 308   0.666836       50.940        9.563     0.649883       28.517   6.43     0.628378        0.000     0.000000     2.013333     0.040000   0   0 
 41 308   0.666851       50.940        9.563     0.649887       28.517   6.43     0.628378        0.000     0.000000     2.040000     0.026667   0   0 
 42 308   0.666900       50.940        9.563     0.649888       28.517   6.43     0.628378        0.000     0.000000     2.093333     0.053333   0   0 
 43 308   0.666957       50.940        9.563     0.649896       28.517   6.43     0.628378        0.000     0.000000     2.146667     0.053333   0   0 
 44 308   0.666970       50.940        9.563     0.649922       28.517   6.43     0.628378        0.000     0.000000     2.160000     0.013333   0   0 
 45 308   0.666987       50.940        9.563     0.649924       28.517   6.43     0.628378        0.000     0.000000     2.200000     0.040000   0   0 
 46 308   0.666965       50.940        9.563     0.650007       28.517   6.43     0.628378        0.000     0.000000     2.240000     0.040000   0   0 
 47 308   0.667025       50.940        9.563     0.650012       28.517   6.43     0.628378        0.000     0.000000     2.293333     0.053333   0   0 
 48 308   0.667046       50.940        9.563     0.650013       28.517   6.43     0.628378        0.000     0.000000     2.333333     0.040000   0   0 
 49 308   0.667078       50.940        9.563     0.650020       28.517   6.43     0.628378        0.000     0.000000     2.400000     0.066667   0   0 
 50 308   0.667094       50.940        9.563     0.650022       28.517   6.43     0.628378        0.000     0.000000     2.440000     0.040000   0   0 
 51 308   0.667105       50.940        9.563     0.650025       28.517   6.43     0.628378        0.000     0.000000     2.453333     0.013333   0   0 
 52 308   0.667114       50.940        9.563     0.650036       28.517   6.43     0.628378        0.000     0.000000     2.506667     0.053333   0   0 
 53 308   0.667145       50.940        9.563     0.650041       28.517   6.43     0.628378        0.000     0.000000     2.546667     0.040000   0   0 
 54 308   0.667177       50.940        9.563     0.650042       28.517   6.43     0.628378        0.000     0.000000     2.560000     0.013333   0   0 
 55 308   0.667156       50.940        9.563     0.650044       28.517   6.43     0.628378        0.000     0.000000     2.586667     0.026667   0   0 
 56 308   0.667150       50.940        9.563     0.650048       28.517   6.43     0.628378        0.000     0.000000     2.653333     0.066667   0   0 
 57 308   0.667171       50.940        9.563     0.650049       28.517   6.43     0.628378        0.000     0.000000     2.706667     0.053333   0   0 
 58 308   0.667188       50.940        9.563     0.650049       28.517   6.43     0.628378        0.000     0.000000     2.733333     0.026667   0   0 
 59 308   0.667210       50.940        9.563     0.650055       28.517   6.43     0.628378        0.000     0.000000     2.786667     0.053333   0   0 
 60 308   0.667232       50.940        9.563     0.650103       28.517   6.43     0.628378        0.000     0.000000     2.826667     0.040000   0   0 
 61 308   0.667259       50.940        9.563     0.650106       28.517   6.43     0.628378        0.000     0.000000     2.880000     0.053333   0   0 
 62 308   0.667248       50.940        9.563     0.650108       28.517   6.43     0.628378        0.000     0.000000     2.920000     0.040000   0   0 
 63 308   0.667273       50.940        9.563     0.650108       28.517   6.43     0.628378        0.000     0.000000     3.040000     0.120000   0   0 
 64 308   0.667282       50.850        9.563     0.650134       28.517   6.43     0.628378        0.000     0.000000     3.120000     0.080000   0   0 
 65 308   0.667254       50.850        9.563     0.650136       28.517   6.43     0.628378        0.000     0.000000     3.160000     0.040000   0   0 
 66 308   0.667230       50.850        9.563     0.650137       28.517   6.43     0.628378        0.000     0.000000     3.200000     0.040000   0   0 
 67 308   0.667241       50.850        9.563     0.650138       28.517   6.43     0.628378        0.000     0.000000     3.226667     0.026667   0   0 
 68 308   0.667241       50.850        9.563     0.650140       28.517   6.43     0.628378        0.000     0.000000     3.266667     0.040000   0   0 
 69 308   0.667260       50.850        9.563     0.650145       28.517   6.43     0.628378        0.000     0.000000     3.280000     0.013333   0   0 
 70 308   0.667283       50.850        9.563     0.650146       28.517   6.43     0.628378        0.000     0.000000     3.333333     0.053333   0   0 
 71 308   0.667282       50.850        9.563     0.650147       28.517   6.43     0.628378        0.000     0.000000     3.360000     0.026667   0   0 
 72 308   0.667302       50.850        9.563     0.650155       28.517   6.43     0.628378        0.000     0.000000     3.400000     0.040000   0   0 
 73 308   0.667334       50.850        9.563     0.650157       28.517   6.43     0.628378        0.000     0.000000     3.453333     0.053333   0   0 
 74 308   0.667345       50.850        9.563     0.650158       28.517   6.43     0.628378        0.000     0.000000     3.480000     0.026667   0   0 
 75 308   0.667336       50.850        9.563     0.650160       28.517   6.43     0.628378        0.000     0.000000     3.493333     0.013333   0   0 
 76 308   0.667336       50.850        9.563     0.650160       28.517   6.43     0.628378        0.000     0.000000     3.506667     0.013333   0   0 
 77 308   0.667341       50.850        9.563     0.650160       28.517   6.43     0.628378        0.000     0.000000     3.533333     0.026667   0   0 
 78 308   0.667349       50.850        9.563     0.650161       28.517   6.43     0.628378        0.000     0.000000     3.573333     0.040000   0   0 
 79 308   0.667360       50.850        9.563     0.650162       28.517   6.43     0.628378        0.000     0.000000     3.626667     0.053333   0   0 
 80 308   0.667371       50.850        9.563     0.650162       28.517   6.43     0.628378        0.000     0.000000     3.653333     0.026667   0   0 
 81 308   0.667378       50.850        9.563     0.650164       28.517   6.43     0.628378        0.000     0.000000     3.680000     0.026667   0   0 
 82 308   0.667386       50.850        9.563     0.650164       28.517   6.43     0.628378        0.000     0.000000     3.706667     0.026667   0   0 
 83 308   0.667383       50.850        9.563     0.650164       28.517   6.43     0.628378        0.000     0.000000     3.733333     0.026667   0   0 
 84 308   0.667380       50.850        9.563     0.650173       28.517   6.43     0.628378        0.000     0.000000     3.786667     0.053333   0   0 
 85 308   0.667394       50.850        9.563     0.650175       28.517   6.43     0.628378        0.000     0.000000     3.840000     0.053333   0   0 
 86 308   0.667398       50.850        9.563     0.650175       28.517   6.43     0.628378        0.000     0.000000     3.920000     0.080000   0   0 
 87 308   0.667404       50.850        9.563     0.650185       28.517   6.43     0.628378        0.000     0.000000     3.960000     0.040000   0   0 
 88 308   0.667436       50.850        9.563     0.650185       28.517   6.43     0.628378        0.000     0.000000     3.973333     0.013333   0   0 
 89 308   0.667440       50.850        9.563     0.650186       28.517   6.43     0.628378        0.000     0.000000     4.000000     0.026667   0   0 
 90 308   0.667440       50.850        9.563     0.650186       28.517   6.43     0.628378        0.000     0.000000     4.026667     0.026667   0   0 
 91 308   0.667458       50.873        9.563     0.650191       28.517   6.43     0.628378        0.000     0.000000     4.066667     0.040000   0   0 
 92 308   0.667489       50.873        9.563     0.650192       28.517   6.43     0.628378        0.000     0.000000     4.080000     0.013333   0   0 
 93 308   0.667498       50.873        9.563     0.650193       28.517   6.43     0.628378        0.000     0.000000     4.106667     0.026667   0   0 
 94 308   0.667494       50.873        9.563     0.650194       28.517   6.43     0.628378        0.000     0.000000     4.120000     0.013333   0   0 
 95 308   0.667508       50.873        9.563     0.650194       28.517   6.43     0.628378        0.000     0.000000     4.160000     0.040000   0   0 
 96 308   0.667516       50.873        9.563     0.650194       28.517   6.43     0.628378        0.000     0.000000     4.200000     0.040000   0   0 
 97 308   0.667442       50.873        9.563     0.650198       28.517   6.43     0.628378        0.000     0.000000     4.293333     0.093333   0   0 
 98 308   0.667446       50.873        9.563     0.650199       28.517   6.43     0.628378        0.000     0.000000     4.373333     0.080000   0   0 
 99 308   0.667444       50.873        9.563     0.650199       28.517   6.43     0.628378        0.000     0.000000     4.426667     0.053333   0   0 
100 308   0.667438       50.873        9.563     0.650201       28.517   6.43     0.628378        0.000     0.000000     4.493333     0.066667   0   0 
