#scene........................: /home/eldamian/nbvEverardo/models/laboratory.wrl
#triangles....................: 361767
#Total triangles' area........: 443.205414 (m2)
#sensor aperture..............: 135.000000 x 70.000000 (deg)
#range image size.............: 350 x 80
#sensor blind distances.......: 0.500000 .. 30.000000 (m)
#sensor blind angle...........: 80.000000
#sensor Gaussian noise std dev: 0.012000 (m)
#views number.................: 100 
#optimization method..........: Simulated Annealing
#view iterations fitness vxl_occupied(m2) occplane(m2) vxl_quality tri_imaged(m2) tri_imaged(%) tri_quality travelled(m) energy total_time single_time backstep change
  0   0  -0.000000       18.338        0.000     0.641809       15.030   3.39     0.643016        0.000     0.000000     0.000000     0.000000   0   0 
  1 300   0.644313       27.473        0.000     0.628786       22.845   5.15     0.633184        0.000     0.077427     0.266667     0.266667   0   0 
  2 300   0.618759       80.010       29.993     0.567034       32.130   7.25     0.621199        0.000     0.109925     0.600000     0.333333   0   0 
  3 300   0.609459      117.968       24.300     0.658974       56.200  12.68     0.693017        6.680     0.260011     0.746667     0.146667   0   0 
  4 300   0.631064      181.508       58.995     0.620623       73.176  16.51     0.667071        1.526     0.340854     1.746667     1.000000   0   0 
  5 300   0.617639      220.995       63.113     0.651000       91.524  20.65     0.686975        0.268     0.185065     2.746667     1.000000   0   0 
  6 300   0.606384      248.895      121.793     0.657051      106.713  24.08     0.693613        1.871     0.179624     4.853333     2.106667   0   0 
  7 300   0.704696      278.100      119.115     0.659376      124.935  28.19     0.690148        0.581     0.264579     7.266667     2.413333   0   0 
  8 300   0.625553      286.178      206.505     0.665630      136.122  30.71     0.682276        3.354     0.392583     9.800000     2.533333   0   0 
  9 300   0.660804      296.078      207.878     0.666921      143.124  32.29     0.678807        3.062     0.273107    12.586667     2.786667   0   0 
 10 300   0.553531      296.460      207.653     0.671605      145.449  32.82     0.680488        6.204     0.275338    15.613333     3.026667   0   0 
 11 300   0.444116      296.910      206.933     0.673870      146.950  33.16     0.681674        3.418     0.345614    17.906667     2.293333   0   0 
 12 300   0.468541      300.150      207.675     0.675940      152.822  34.48     0.679243        3.277     0.155115    20.426667     2.520000   0   0 
 13 300   0.587422      307.823      205.470     0.675244      158.718  35.81     0.674518        4.984     0.018609    22.906667     2.480000   0   0 
 14 300   0.569445      308.250      204.368     0.677051      160.087  36.12     0.674805        0.314     0.492030    25.733333     2.826667   0   0 
 15 300   0.433219      308.250      204.368     0.678489      160.994  36.32     0.675915        4.777     0.031323    28.640000     2.906667   1   0 
 16 300   0.468911      311.445      196.133     0.684957      169.165  38.17     0.682418        3.373     0.384054    31.280000     2.640000   0   0 
 17 300   0.425732      311.355      196.133     0.694594      174.235  39.31     0.700970        1.201     0.330103    34.200000     2.920000   0   0 
 18 300   0.451515      311.580      195.570     0.698969      176.954  39.93     0.705641        3.675     0.291584    37.693333     3.493333   1   0 
 19 300   0.404893      312.818      194.963     0.702839      179.981  40.61     0.709604        2.317     0.184203    40.453333     2.760000   0   0 
 20 300   0.425465      318.510      188.438     0.718790      186.651  42.11     0.714829        5.628     0.059635    43.306667     2.853333   1   0 
 21 300   0.407861      318.600      188.438     0.722721      188.465  42.52     0.715512        5.481     0.289623    46.440000     3.133333   0   0 
 22 300   0.430592      319.365      186.840     0.725390      191.663  43.24     0.716252        1.851     0.194348    49.240000     2.800000   0   0 
 23 300   0.415428      319.815      186.075     0.726167      193.866  43.74     0.715935        6.454     0.035333    51.733333     2.493333   1   0 
 24 300   0.405643      319.770      186.030     0.726670      194.111  43.80     0.716554        6.204     0.019431    53.600000     1.866667   1   0 
 25 300   0.430263      320.040      185.805     0.728014      195.228  44.05     0.718303        3.062     0.029014    56.346667     2.746667   1   0 
 26 300   0.407265      321.435      185.580     0.731802      197.826  44.64     0.723031        2.212     0.201493    59.133333     2.786667   0   0 
 27 300   0.427906      320.625      182.790     0.737228      202.446  45.68     0.722350        6.039     0.090903    61.826667     2.693333   1   0 
 28 300   0.384465      320.220      192.803     0.738411      202.976  45.80     0.723043        5.422     0.432846    63.880000     2.053333   0   0 
 29 300   0.430369      350.123      133.268     0.718327      211.582  47.74     0.718174        5.422     0.135570    66.880000     3.000000   1   0 
 30 300   0.421232      350.280      133.358     0.720512      213.806  48.24     0.718720        4.884     0.315770    69.546667     2.666667   0   0 
 31 300   0.437867      353.993      121.455     0.721495      223.664  50.47     0.716269        4.884     0.149104    72.626667     3.080000   1   0 
 32 300   0.363132      354.825      119.903     0.727993      227.131  51.25     0.722174        6.282     0.323261    74.586667     1.960000   0   0 
 33 300   0.420141      356.558      112.860     0.734385      235.854  53.22     0.720155        6.282     0.135910    77.320000     2.733333   1   0 
 34 300   0.364824      364.050      105.255     0.734774      240.259  54.21     0.725428        5.995     0.255397    79.320000     2.000000   0   0 
 35 300   0.415656      368.910       87.345     0.727639      247.143  55.76     0.722182        5.995     0.145473    82.466667     3.146667   1   0 
 36 300   0.417548      370.305       83.025     0.728200      249.062  56.20     0.722981        0.966     0.428852    83.093333     0.626667   0   0 
 37 300   0.411527      370.305       83.025     0.728311      249.182  56.22     0.722975        0.623     0.112665    83.506667     0.413333   0   0 
 38 300   0.418706      370.305       83.025     0.728321      249.182  56.22     0.722975        0.000     0.000000    85.226667     1.720000   0   1 
 39 300   0.010207      386.168      105.863     0.730057      253.387  57.17     0.727490        1.294     0.414328    87.240000     2.013333   0   1 
 40 300   0.008196      394.155       96.435     0.733286      261.291  58.95     0.724815        0.951     0.169521    88.760000     1.520000   0   1 
 41 300   0.002405      394.448       96.368     0.735538      264.465  59.67     0.724723        7.601     0.010215    89.413333     0.653333   1   1 
 42 300   0.009165      395.033       95.805     0.736819      265.801  59.97     0.726605        2.817     0.832323    91.826667     2.413333   0   1 
 43 300   0.021203      395.730       95.625     0.738178      266.930  60.23     0.727124        2.733     0.665494    93.653333     1.826667   0   1 
 44 300   0.004927      397.080       94.208     0.742793      268.549  60.59     0.730340        3.849     0.087140    96.560000     2.906667   0   1 
 45 300   0.004446      397.125       94.208     0.744456      269.354  60.77     0.732491        4.859     0.350625    99.426667     2.866667   0   1 
 46 300   0.005096      397.058       94.140     0.747058      270.750  61.09     0.736687        4.859     0.017292   103.120000     3.693333   1   1 
 47 300   0.002561      397.080       93.308     0.747517      272.673  61.52     0.738270        5.109     0.361880   106.320000     3.200000   0   1 
 48 300   0.003001      397.238       93.420     0.747854      272.908  61.58     0.739715        3.690     0.249987   108.706667     2.386667   0   1 
 49 300   0.005149      397.328       93.420     0.747800      272.964  61.59     0.739733        1.543     0.089214   111.373333     2.666667   0   1 
 50 300   0.005296      397.148       93.330     0.747888      273.541  61.72     0.740274        4.564     0.010865   114.226667     2.853333   1   1 
 51 300   0.003228      397.508       93.308     0.748138      273.667  61.75     0.740705        3.946     0.008379   116.320000     2.093333   0   1 
 52 300   0.133274      401.625       92.070     0.750966      279.746  63.12     0.738212       15.245     0.110827   117.600000     1.280000   0   1 
 53 300   0.310091      416.790      107.775     0.746509      288.401  65.07     0.737048        3.274     0.215080   119.453333     1.853333   0   1 
 54 300   0.406924      422.595       98.978     0.749037      295.706  66.72     0.733501        1.719     0.202664   119.640000     0.186667   0   1 
 55 300   0.359019      435.465       83.498     0.749661      303.427  68.46     0.731629        2.749     0.119027   119.946667     0.306667   0   1 
 56 300   0.397595      453.150       61.425     0.748852      313.560  70.75     0.729642        1.117     0.253363   120.173333     0.226667   0   1 
 57 300   0.148579      459.000       45.000     0.759114      326.873  73.75     0.733257        1.602     0.528766   120.493333     0.320000   0   1 
 58 300   0.027562      460.665       41.063     0.765967      335.474  75.69     0.733219        3.228     0.023254   122.226667     1.733333   0   1 
 59 300   0.090112      467.033       32.648     0.764612      340.586  76.85     0.731766        3.217     0.006652   122.733333     0.506667   0   1 
 60 300   0.136821      469.013       29.588     0.769853      346.373  78.15     0.732630        6.350     0.146237   123.200000     0.466667   0   1 
 61 300   0.027267      474.233       22.590     0.773738      351.640  79.34     0.732773        3.678     0.245608   123.746667     0.546667   0   1 
 62 300   0.017247      474.188       21.510     0.775568      353.837  79.84     0.732534        2.425     0.222733   124.186667     0.440000   0   1 
 63 300   0.068005      475.268       20.723     0.776099      355.986  80.32     0.731819        4.092     0.366944   124.373333     0.186667   0   1 
 64 300   0.040163      476.280       15.705     0.779021      362.156  81.71     0.731365        1.803     0.208394   124.800000     0.426667   0   1 
 65 300   0.020813      477.923       15.435     0.779178      364.592  82.26     0.731102        4.326     0.178552   125.186667     0.386667   0   1 
 66 300   0.014530      478.193       15.368     0.779299      366.150  82.61     0.731263        4.326     0.011886   125.946667     0.760000   1   1 
 67 300   0.000849      478.530       15.300     0.783084      369.649  83.40     0.733612        1.609     0.167167   126.373333     0.426667   0   1 
 68 300   0.011067      479.295       14.265     0.786564      373.667  84.31     0.737100        2.261     0.266232   126.720000     0.346667   0   1 
 69 300   0.005836      479.880       14.265     0.790047      377.647  85.21     0.739717        3.543     0.159190   127.213333     0.493333   0   1 
 70 300   0.015475      479.948       14.108     0.792315      378.756  85.46     0.741062        1.167     0.176872   127.826667     0.613333   0   1 
 71 300   0.014363      479.813       14.108     0.793809      379.910  85.72     0.742265        4.667     0.023413   128.253333     0.426667   1   1 
 72 300   0.007722      480.668       15.683     0.794750      381.169  86.00     0.743422        4.163     0.183562   128.733333     0.480000   0   1 
 73 300   0.012772      480.555       15.660     0.794937      381.514  86.08     0.743319        0.399     0.279965   129.120000     0.386667   0   1 
 74 300   0.013234      480.510       15.660     0.795306      381.803  86.15     0.743279        4.538     0.020269   129.653333     0.533333   1   1 
 75 300   0.004495      481.185       16.335     0.795748      382.578  86.32     0.743960        3.844     0.186676   130.106667     0.453333   0   1 
 76 300   0.031081      481.028       16.223     0.796098      382.641  86.33     0.744281        1.782     0.008465   130.546667     0.440000   0   1 
 77 300   0.025855      482.918       15.233     0.797592      385.169  86.91     0.745329        6.300     0.123266   131.186667     0.640000   0   1 
 78 300   0.009864      482.805       15.165     0.798965      385.682  87.02     0.747098        5.888     0.158451   131.613333     0.426667   0   1 
 79 300   0.010031      482.895       15.165     0.800217      386.958  87.31     0.748198        5.888     0.012469   132.080000     0.466667   1   1 
 80 300   0.004779      482.760       15.165     0.801324      387.765  87.49     0.748807        4.997     0.286906   132.573333     0.493333   0   1 
 81 300   0.005420      482.558       15.165     0.802271      389.539  87.89     0.747798        4.997     0.010315   133.026667     0.453333   1   1 
 82 300   0.000908      482.468       15.053     0.802535      390.423  88.09     0.748461        3.951     0.217738   133.280000     0.253333   0   1 
 83 300   0.001579      482.783       15.143     0.803871      391.872  88.42     0.748661        1.254     0.525391   133.706667     0.426667   0   1 
 84 300   0.002704      482.468       15.143     0.804654      392.061  88.46     0.749385        4.073     0.111755   134.053333     0.346667   0   1 
 85 300   0.003028      482.153       15.143     0.805627      392.226  88.50     0.750202        1.337     0.024087   134.440000     0.386667   0   1 
 86 300   0.003119      482.513       15.255     0.805921      392.575  88.58     0.750928        3.687     0.025917   134.746667     0.306667   1   1 
 87 300   0.010068      482.423       15.165     0.806405      393.022  88.68     0.751361        3.604     0.172988   135.280000     0.533333   0   1 
 88 300   0.010866      482.738       15.165     0.806602      394.059  88.91     0.752811        3.604     0.006321   135.640000     0.360000   1   1 
 89 300   0.012816      482.738       15.165     0.806832      394.145  88.93     0.753143        4.213     0.427823   136.160000     0.520000   0   1 
 90 300   0.016656      482.670       15.233     0.807442      394.184  88.94     0.753988        0.710     0.016560   136.626667     0.466667   0   1 
 91 300   0.022879      482.513       15.165     0.807662      394.374  88.98     0.754186        0.166     0.328365   137.066667     0.440000   0   1 
 92 300   0.022316      482.490       15.143     0.808237      394.640  89.04     0.755466        4.162     0.006093   137.373333     0.306667   1   1 
 93 300   0.012816      482.423       15.120     0.808262      394.826  89.08     0.755477        3.690     0.022900   138.213333     0.840000   0   1 
 94 300   0.013478      482.445       15.098     0.808332      394.826  89.08     0.755477        3.690     0.022900   138.800000     0.586667   1   1 
 95 300   0.004541      482.670       15.053     0.808552      394.849  89.09     0.755833        2.494     0.199545   139.066667     0.266667   0   1 
 96 300   0.006425      482.603       15.030     0.809059      394.888  89.10     0.756541        1.218     0.175162   139.586667     0.520000   0   1 
 97 300   0.006623      482.603       15.030     0.810295      395.139  89.15     0.758465        3.379     0.003699   139.933333     0.346667   1   1 
 98 300   0.003019      482.468       15.030     0.810693      395.166  89.16     0.759227        2.204     0.168549   140.400000     0.466667   0   1 
 99 300   0.004436      482.333       15.030     0.811104      395.266  89.18     0.759596        0.896     0.112721   141.866667     1.466667   0   1 
100 300   0.004528      482.333       15.030     0.811285      395.304  89.19     0.759653        3.020     0.024477   142.413333     0.546667   1   1 
