#scene........................: /home/eldamian/nbvEverardo/models/laboratory.wrl
#triangles....................: 361767
#Total triangles' area........: 443.205414 (m2)
#sensor aperture..............: 135.000000 x 70.000000 (deg)
#range image size.............: 350 x 80
#sensor blind distances.......: 0.500000 .. 30.000000 (m)
#sensor blind angle...........: 80.000000
#sensor Gaussian noise std dev: 0.012000 (m)
#views number.................: 100 
#optimization method..........: Evolution Strategy
#view iterations fitness vxl_occupied(m2) occplane(m2) vxl_quality tri_imaged(m2) tri_imaged(%) tri_quality travelled(m) energy total_time single_time backstep change
  0   0  -0.000000       18.338        0.000     0.641809       15.030   3.39     0.643016        0.000     0.000000     0.000000     0.000000   0   0 
  1 308   0.673933       27.473        0.000     0.628786       22.845   5.15     0.633184        0.000     0.077427     0.360000     0.360000   0   0 
  2 308   0.456151       47.970        9.743     0.653144       26.022   5.87     0.637934        1.218     0.242428     0.373333     0.013333   0   0 
  3 308   0.439898       48.375        9.743     0.652317       26.022   5.87     0.637934        0.000     0.000000     0.400000     0.026667   0   0 
  4 308   0.440410       48.420        9.698     0.652262       26.022   5.87     0.637934        0.000     0.000000     0.493333     0.093333   0   0 
  5 308   0.440592       48.488        9.585     0.651891       26.022   5.87     0.637934        0.000     0.000000     0.520000     0.026667   0   0 
  6 308   0.440687       48.488        9.563     0.652387       26.022   5.87     0.637934        0.000     0.000000     0.546667     0.026667   0   0 
  7 308   0.527879       50.918        9.563     0.648921       28.517   6.43     0.628378        0.024     0.150498     0.586667     0.040000   0   0 
  8 308   0.449599       50.940        9.563     0.649083       28.517   6.43     0.628378        0.000     0.000000     0.666667     0.080000   0   0 
  9 308   0.449799       51.053        9.563     0.649047       28.517   6.43     0.628378        0.000     0.000000     0.706667     0.040000   0   0 
 10 308   0.567385       77.490       34.493     0.629672       39.260   8.86     0.626733        0.598     0.479712     0.800000     0.093333   0   0 
 11 308   0.439146       77.535       34.493     0.631935       39.647   8.95     0.628224        0.128     0.161589     0.893333     0.093333   0   0 
 12 308   0.536590      119.025       93.533     0.616344       50.153  11.32     0.636970        3.258     0.187103     0.946667     0.053333   0   0 
 13 308   0.757554      146.588       87.098     0.670073       72.728  16.41     0.678263        6.647     0.191083     1.426667     0.480000   0   0 
 14 308   0.564710      159.075       90.878     0.681936       83.515  18.84     0.689640        3.154     0.340624     2.080000     0.653333   0   0 
 15 308   0.569106      179.978      159.458     0.663557       87.725  19.79     0.689283        1.010     0.148117     2.626667     0.546667   0   0 
 16 308   0.744876      184.005      156.195     0.663117       94.679  21.36     0.683561        0.490     0.291348     3.080000     0.453333   0   0 
 17 308   0.793553      220.635      148.185     0.642121      108.814  24.55     0.674053        3.098     0.099048     3.680000     0.600000   0   0 
 18 308   0.783602      229.050      139.433     0.646276      117.922  26.61     0.669822        3.181     0.115213     3.933333     0.253333   0   0 
 19 308   0.667627      231.053      137.633     0.648827      121.242  27.36     0.668586        1.606     0.197251     4.266667     0.333333   0   0 
 20 308   0.603982      243.923      294.750     0.661146      130.385  29.42     0.681409        2.222     0.279451     4.786667     0.520000   0   0 
 21 308   0.495569      245.565      292.140     0.664358      134.110  30.26     0.684815        0.681     0.115639     5.413333     0.626667   0   0 
 22 308   0.622730      248.738      288.068     0.663793      137.628  31.05     0.680966        1.084     0.022334     6.026667     0.613333   0   0 
 23 308   0.432472      252.495      312.165     0.668238      142.392  32.13     0.687915        1.520     0.121367     6.586667     0.560000   0   0 
 24 308   0.473902      256.365      321.030     0.674277      146.719  33.10     0.693785        0.802     0.002099     7.293333     0.706667   0   0 
 25 308   0.440149      257.243      318.758     0.682159      151.788  34.25     0.702300        0.426     0.153836     8.026667     0.733333   0   0 
 26 308   0.464251      257.243      318.938     0.682240      151.792  34.25     0.702310        2.068     0.154992     8.466667     0.440000   0   0 
 27 308   0.497576      257.895      331.965     0.684680      152.713  34.46     0.703829        4.016     0.014698     8.640000     0.173333   1   0 
 28 308   0.480775      261.135      329.985     0.698366      161.436  36.42     0.712778        0.973     0.175600     9.053333     0.413333   0   0 
 29 308   0.445896      262.350      328.680     0.700968      162.820  36.74     0.716313        0.343     0.023190     9.546667     0.493333   0   0 
 30 308   0.444348      262.598      328.388     0.707625      164.528  37.12     0.725198        5.389     0.022520     9.760000     0.213333   1   0 
 31 308   0.638342      304.470      170.235     0.700773      178.215  40.21     0.729390        5.304     0.168306    10.266667     0.506667   0   0 
 32 308   0.673019      349.830      149.760     0.711805      203.214  45.85     0.727688        4.062     0.162109    11.866667     1.600000   0   0 
 33 308   0.784059      365.130      142.965     0.710384      218.920  49.39     0.726707        2.135     0.168854    16.053333     4.186667   0   0 
 34 308   0.843755      368.573      139.973     0.712976      224.452  50.64     0.725460        2.922     0.197775    18.186667     2.133333   0   0 
 35 308   0.837742      372.443      136.890     0.714782      229.324  51.74     0.724115        1.214     0.000074    21.160000     2.973333   0   0 
 36 308   0.747660      380.543      130.950     0.718345      237.249  53.53     0.723845        1.191     0.131648    24.440000     3.280000   0   0 
 37 308   0.734472      384.390      126.428     0.715860      240.421  54.25     0.720982        1.084     0.281131    26.333333     1.893333   0   0 
 38 308   0.711918      397.148      127.845     0.714540      251.042  56.64     0.717434        2.699     0.133668    29.906667     3.573333   0   0 
 39 308   0.679226      420.548      124.020     0.713589      263.899  59.54     0.717052        1.072     0.223005    32.280000     2.373333   0   0 
 40 308   0.713992      432.540      124.403     0.712428      272.303  61.44     0.716857        0.858     0.226649    35.493333     3.213333   0   0 
 41 308   0.628943      435.398      117.000     0.715028      276.955  62.49     0.717424        0.691     0.354122    38.093333     2.600000   0   0 
 42 308   0.588394      444.015       92.678     0.719900      284.256  64.14     0.720834        2.849     0.435619    40.546667     2.453333   0   0 
 43 308   0.776635      444.915       93.713     0.720913      286.812  64.71     0.720310        3.354     0.341306    41.306667     0.760000   0   0 
 44 308   0.798805      444.870       93.173     0.723011      288.846  65.17     0.720615        3.020     0.014187    42.066667     0.760000   0   0 
 45 308   0.649249      445.388       89.753     0.727860      293.682  66.26     0.720905        0.643     0.278028    43.053333     0.986667   0   0 
 46 308   0.438129      446.873       89.168     0.728990      296.996  67.01     0.719551        3.140     0.012750    44.080000     1.026667   1   0 
 47 308   0.444309      447.300       88.425     0.730539      300.179  67.73     0.720988        3.354     0.007973    44.813333     0.733333   1   0 
 48 308   0.688057      452.745       78.953     0.732195      304.563  68.72     0.721631        1.456     0.126760    46.000000     1.186667   0   0 
 49 308   0.583881      454.320       70.920     0.734646      307.252  69.32     0.721228        4.166     0.020842    47.946667     1.946667   0   0 
 50 308   0.564126      458.505       55.710     0.745724      314.999  71.07     0.724520        0.295     0.118929    49.840000     1.893333   0   0 
 51 308   0.607871      458.978       55.058     0.746412      315.855  71.27     0.724571        0.894     0.356174    51.720000     1.880000   0   0 
 52 308   0.578901      460.485       50.918     0.752035      318.751  71.92     0.726975        5.071     0.013993    53.706667     1.986667   1   0 
 53 308   0.552514      460.845       50.333     0.753977      321.616  72.57     0.725770       11.260     0.276664    54.320000     0.613333   0   0 
 54 308   0.543283      460.755       49.658     0.755255      323.126  72.91     0.725827        0.908     0.004764    55.000000     0.680000   0   0 
 55 308   0.444679      460.733       49.568     0.756441      324.010  73.11     0.726610       12.023     0.025521    55.640000     0.640000   1   0 
 56 308   0.440910      460.575       49.478     0.758295      325.227  73.38     0.727645        3.241     0.085450    56.906667     1.266667   1   0 
 57 308   0.557017      461.205       46.868     0.759508      326.878  73.75     0.727794        2.406     0.267482    58.080000     1.173333   0   0 
 58 308   0.458923      461.340       46.125     0.759818      327.305  73.85     0.727912        0.248     0.018630    59.760000     1.680000   0   0 
 59 308   0.456261      461.948       44.820     0.760398      328.445  74.11     0.728215        3.677     0.127302    61.053333     1.293333   1   0 
 60 308   0.445398      465.210       45.383     0.761751      331.093  74.70     0.729035        3.517     0.445486    62.146667     1.093333   0   0 
 61 308   0.442256      465.975       44.820     0.762791      333.363  75.22     0.729438        3.517     0.112152    62.946667     0.800000   1   0 
 62 308   0.433817      465.953       44.663     0.763600      333.712  75.30     0.730127        3.837     0.130093    65.986667     3.040000   1   0 
 63 308   0.452507      467.235       44.213     0.763430      334.688  75.52     0.729983        1.164     0.372415    68.386667     2.400000   0   0 
 64 308   0.459824      467.415       44.123     0.763658      334.688  75.52     0.729983        3.534     0.007973    70.266667     1.880000   1   0 
 65 308   0.440803      467.325       43.965     0.764957      337.091  76.06     0.731488        1.546     0.118809    72.346667     2.080000   0   0 
 66 308   0.450423      466.808       41.963     0.767129      342.869  77.36     0.733189        3.650     0.011072    74.960000     2.613333   1   0 
 67 308   0.443809      466.673       41.850     0.767812      345.302  77.91     0.734197        4.062     0.016126    78.560000     3.600000   1   0 
 68 308   0.455025      466.965       41.648     0.768870      346.124  78.10     0.734770        2.001     0.132216    79.786667     1.226667   0   0 
 69 308   0.440180      466.898       41.625     0.769497      346.535  78.19     0.735406        0.343     0.006932    81.080000     1.293333   0   0 
 70 308   0.443478      467.550       40.343     0.770168      349.697  78.90     0.734600        6.921     0.030863    82.400000     1.320000   1   0 
 71 308   0.426691      468.428       35.820     0.772388      351.463  79.30     0.735060        3.098     0.021621    83.346667     0.946667   1   0 
 72 308   0.429374      467.865       35.280     0.773316      352.856  79.61     0.735140        3.228     0.015353    84.360000     1.013333   1   0 
 73 308   0.433273      468.135       35.010     0.774712      354.463  79.98     0.736054        6.647     0.003732    84.826667     0.466667   1   0 
 74 308   0.425564      468.315       34.470     0.777331      356.875  80.52     0.738830        1.478     0.140923    85.840000     1.013333   0   0 
 75 308   0.443414      470.588       34.223     0.783697      361.781  81.63     0.743469        4.052     0.010122    87.066667     1.226667   1   0 
 76 308   0.434221      471.038       34.223     0.784024      361.781  81.63     0.743469        0.000     0.000000    87.680000     0.613333   0   1 
 77 308   0.021983      472.050       29.070     0.785851      363.604  82.04     0.743601        8.924     0.456996    89.626667     1.946667   0   1 
 78 308   0.108191      473.333       27.923     0.786234      364.597  82.26     0.743946        3.417     0.010305    90.773333     1.146667   0   1 
 79 308   0.027301      473.265       27.900     0.786488      364.597  82.26     0.743946        3.417     0.010305    91.453333     0.680000   1   1 
 80 308   0.012639      473.625       26.730     0.790925      366.999  82.81     0.748340        3.288     0.709540    94.600000     3.146667   0   1 
 81 308   0.003143      473.535       26.708     0.791799      367.230  82.86     0.749249        3.288     0.286966    97.346667     2.746667   1   1 
 82 308   0.040505      474.323       25.110     0.791793      368.509  83.15     0.749079        4.208     0.282757    98.026667     0.680000   0   1 
 83 308   0.025772      474.728       23.063     0.794155      371.478  83.82     0.748814       11.491     0.352013    98.373333     0.346667   0   1 
 84 308   0.014809      474.728       22.703     0.794793      373.335  84.24     0.748745        0.667     0.085282    98.706667     0.333333   0   1 
 85 308   0.034864      474.863       22.388     0.795336      374.176  84.42     0.748776        0.606     0.114477    99.186667     0.480000   0   1 
 86 308   0.051324      475.403       21.893     0.795463      374.413  84.48     0.748657        0.476     0.128193    99.560000     0.373333   0   1 
 87 308   0.041398      475.403       21.893     0.796385      374.730  84.55     0.750080       11.311     0.012819    99.866667     0.306667   1   1 
 88 308   0.033390      475.470       21.870     0.796667      375.074  84.63     0.750208        5.983     0.430594   101.573333     1.706667   0   1 
 89 308   0.025328      475.335       21.825     0.796704      375.074  84.63     0.750208        5.983     0.019834   103.613333     2.040000   1   1 
 90 308   0.029424      475.448       21.758     0.798818      376.467  84.94     0.752313        0.051     0.353498   104.946667     1.333333   0   1 
 91 308   0.027748      475.875       21.060     0.798623      377.013  85.07     0.752171        0.323     0.151620   105.586667     0.640000   0   1 
 92 308   0.018759      476.640       19.620     0.802664      381.227  86.02     0.753953        5.986     0.002762   107.066667     1.480000   0   1 
 93 308   0.013350      478.800       18.270     0.806165      383.479  86.52     0.756411        4.747     0.173075   108.106667     1.040000   0   1 
 94 308   0.036030      481.635       28.080     0.806930      384.037  86.65     0.756991       11.539     0.178253   108.786667     0.680000   0   1 
 95 308   0.041339      481.568       27.923     0.807447      384.565  86.77     0.757729       11.539     0.011586   109.160000     0.373333   1   1 
 96 308   0.001656      481.770       27.630     0.809365      385.961  87.08     0.759666        0.570     0.168664   110.546667     1.386667   0   1 
 97 308   0.013294      481.770       27.585     0.809730      386.165  87.13     0.760213        5.365     0.479677   113.200000     2.653333   0   1 
 98 308   0.016453      481.770       27.495     0.809814      386.194  87.14     0.760379        0.384     0.011810   115.000000     1.800000   0   1 
 99 308   0.017003      481.770       27.495     0.810056      386.548  87.22     0.761466        5.544     0.011448   116.666667     1.666667   1   1 
100 308   0.008283      481.905       27.630     0.810162      386.615  87.23     0.761653        5.046     0.012176   119.346667     2.680000   0   1 
