#scene........................: /home/eldamian/nbvEverardo/models/laboratory.wrl
#triangles....................: 361767
#Total triangles' area........: 443.205414 (m2)
#sensor aperture..............: 135.000000 x 70.000000 (deg)
#range image size.............: 350 x 80
#sensor blind distances.......: 0.500000 .. 30.000000 (m)
#sensor blind angle...........: 80.000000
#sensor Gaussian noise std dev: 0.012000 (m)
#views number.................: 100 
#optimization method..........: Simulated Annealing
#view iterations fitness vxl_occupied(m2) occplane(m2) vxl_quality tri_imaged(m2) tri_imaged(%) tri_quality travelled(m) energy total_time single_time backstep change
  0   0  -0.000000       18.338        0.000     0.641809       15.030   3.39     0.643016        0.000     0.000000     0.000000     0.000000   0   0 
  1 300   0.679057       27.473        0.000     0.628786       22.845   5.15     0.633184        0.000     0.077427     0.293333     0.293333   0   0 
  2 300   0.663572       72.855       40.680     0.559641       31.879   7.19     0.626620        0.000     0.109925     0.600000     0.306667   0   0 
  3 300   0.604679      100.328       61.515     0.605426       48.924  11.04     0.660668        5.776     0.462175     0.653333     0.053333   0   0 
  4 300   0.659632      119.520       59.648     0.644094       66.291  14.96     0.682224        1.813     0.491301     0.733333     0.080000   0   0 
  5 300   0.617041      131.648       52.808     0.655864       75.824  17.11     0.689165        1.286     0.428916     1.040000     0.306667   0   0 
  6 300   0.586277      157.635       51.165     0.635544       89.637  20.22     0.679451        2.683     0.252773     1.213333     0.173333   0   0 
  7 300   0.623693      160.403       47.768     0.639624       93.774  21.16     0.673483        2.592     0.348239     1.453333     0.240000   0   0 
  8 300   0.542073      164.655       47.903     0.646154       97.664  22.04     0.678333        6.943     0.152798     1.813333     0.360000   1   0 
  9 300   0.404440      166.365       46.058     0.654487      104.083  23.48     0.674974        5.822     0.414497     1.840000     0.026667   0   0 
 10 300   0.524660      166.703       45.743     0.658584      105.590  23.82     0.676438        0.750     0.266906     1.960000     0.120000   0   0 
 11 300   0.556777      167.063       45.743     0.658861      105.590  23.82     0.676438        6.165     0.147591     2.213333     0.253333   1   0 
 12 300   0.419949      173.948       58.230     0.672729      112.633  25.41     0.695583        6.226     0.746384     2.386667     0.173333   0   0 
 13 300   0.591610      247.298      186.975     0.646295      127.819  28.84     0.691404        6.226     0.136459     2.706667     0.320000   1   0 
 14 300   0.402210      247.500      186.390     0.653032      130.445  29.43     0.694291        9.585     0.405321     2.773333     0.066667   0   0 
 15 300   0.547618      251.145      188.370     0.654260      134.063  30.25     0.694329        9.585     0.128729     2.920000     0.146667   1   0 
 16 300   0.584319      251.123      188.393     0.659525      138.941  31.35     0.689971        6.307     0.143119     3.160000     0.240000   0   0 
 17 300   0.554432      251.235      188.370     0.659620      138.941  31.35     0.689971        6.307     0.143119     3.413333     0.253333   1   0 
 18 300   0.466733      252.563      213.593     0.660573      140.977  31.81     0.692573        5.488     0.404632     3.680000     0.266667   0   0 
 19 300   0.566121      252.585      214.290     0.659444      140.977  31.81     0.692573        5.488     0.128040     3.920000     0.240000   1   0 
 20 300   0.379571      256.478      226.755     0.662265      144.903  32.69     0.692109        7.153     0.460940     4.066667     0.146667   0   0 
 21 300   0.494336      267.188      201.038     0.660972      152.203  34.34     0.690920        2.106     0.299441     4.346667     0.280000   0   0 
 22 300   0.517286      269.685      200.363     0.660357      154.562  34.87     0.691681        1.233     0.032852     4.906667     0.560000   0   0 
 23 300   0.570890      271.260      200.993     0.672426      158.767  35.82     0.702034        3.289     0.017434     5.386667     0.480000   0   0 
 24 300   0.550939      271.283      200.205     0.672618      158.767  35.82     0.702034        3.289     0.017434     5.773333     0.386667   1   0 
 25 300   0.530772      271.710      200.363     0.672450      158.767  35.82     0.702034        5.219     0.128647     6.120000     0.346667   1   0 
 26 300   0.518751      283.928      194.400     0.669982      170.211  38.40     0.693991        5.854     0.338791     6.480000     0.360000   0   0 
 27 300   0.616396      293.625      181.350     0.667413      179.680  40.54     0.691732        3.405     0.224542     6.786667     0.306667   0   0 
 28 300   0.537369      293.850      181.125     0.668362      180.105  40.64     0.693290        1.351     0.156847     7.346667     0.560000   0   0 
 29 300   0.575975      294.030      181.193     0.668482      180.105  40.64     0.693290        3.671     0.089424     7.800000     0.453333   1   0 
 30 300   0.704064      302.648      180.428     0.666000      186.969  42.19     0.690056        1.760     0.019237     8.266667     0.466667   0   0 
 31 300   0.628358      338.648      145.058     0.693800      210.737  47.55     0.700048        1.954     0.322628     8.813333     0.546667   0   0 
 32 300   0.600412      371.250      132.075     0.711034      232.458  52.45     0.704759        2.160     0.342528     9.706667     0.893333   0   0 
 33 300   0.560536      373.298      129.758     0.714381      240.638  54.29     0.711205        1.062     0.301499    12.426667     2.720000   0   0 
 34 300   0.604299      384.840      142.853     0.720688      249.559  56.31     0.717022        0.299     0.267891    15.346667     2.920000   0   0 
 35 300   0.565637      390.735      144.788     0.724513      254.479  57.42     0.722124        1.311     0.033186    18.293333     2.946667   0   0 
 36 300   0.574273      390.690      144.788     0.724524      254.479  57.42     0.722124        6.375     0.165348    21.106667     2.813333   1   0 
 37 300   0.489548      390.915      145.193     0.724695      256.724  57.92     0.721694        6.187     0.063513    23.826667     2.720000   0   0 
 38 300   0.553707      390.735      145.193     0.724743      256.724  57.92     0.721694        6.187     0.063513    26.506667     2.680000   1   0 
 39 300   0.497275      391.523      142.695     0.728242      259.319  58.51     0.725013        5.734     0.123353    28.333333     1.826667   0   0 
 40 300   0.561167      391.568      142.695     0.728276      259.319  58.51     0.725013        5.734     0.123353    31.186667     2.853333   1   0 
 41 300   0.483146      397.845      138.555     0.737791      268.979  60.69     0.730412        8.139     0.465488    33.773333     2.586667   0   0 
 42 300   0.574965      405.045      118.755     0.745102      276.924  62.48     0.734900        0.815     0.179219    36.786667     3.013333   0   0 
 43 300   0.571545      407.025      112.860     0.745116      279.186  62.99     0.734823        7.365     0.165392    39.586667     2.800000   1   0 
 44 300   0.489769      407.993      112.410     0.746053      281.426  63.50     0.735796        6.430     0.230508    40.320000     0.733333   0   0 
 45 300   0.582030      408.195      111.578     0.748810      283.880  64.05     0.738505        1.424     0.020961    42.653333     2.333333   0   0 
 46 300   0.594837      407.970      111.488     0.748767      284.714  64.24     0.738417        7.404     0.084802    45.933333     3.280000   1   0 
 47 300   0.461200      407.678      111.488     0.753468      288.603  65.12     0.737965        4.708     0.276017    46.400000     0.466667   0   0 
 48 300   0.545323      407.790      111.465     0.753442      288.603  65.12     0.737965        4.708     0.130034    46.880000     0.480000   1   0 
 49 300   0.498227      407.678      111.263     0.756282      293.771  66.28     0.740852        5.855     0.357219    48.640000     1.760000   0   0 
 50 300   0.607284      407.453      111.263     0.758063      296.592  66.92     0.742032        1.441     0.080441    51.426667     2.786667   0   0 
 51 300   0.626876      407.520      111.600     0.758888      298.930  67.45     0.740939        7.294     0.161069    53.480000     2.053333   1   0 
 52 300   0.503299      412.313      108.360     0.759318      304.175  68.63     0.740575        8.295     0.483633    53.946667     0.466667   0   0 
 53 300   0.563735      413.978      105.908     0.763624      308.639  69.64     0.741141        8.295     0.150300    54.466667     0.520000   1   0 
 54 300   0.536334      414.068      105.908     0.767454      310.324  70.02     0.745056        0.400     0.302453    54.840000     0.373333   0   0 
 55 300   0.563468      414.338      105.908     0.767519      310.324  70.02     0.745056        0.000     0.000000    57.080000     2.240000   0   1 
 56 300   0.381843      415.418      104.648     0.767756      312.338  70.47     0.745460        8.136     0.006170    57.586667     0.506667   1   1 
 57 300   0.433432      420.008       96.030     0.769386      320.149  72.23     0.743091        4.365     0.256411    58.160000     0.573333   0   1 
 58 300   0.374673      420.638       94.523     0.771670      321.909  72.63     0.743281        4.365     0.000504    60.400000     2.240000   1   1 
 59 300   0.382031      422.865       92.700     0.776123      324.224  73.15     0.747646        1.773     0.114009    61.000000     0.600000   0   1 
 60 300   0.394798      422.528       92.565     0.776031      325.394  73.42     0.747709        9.838     0.146216    61.240000     0.240000   1   1 
 61 300   0.330732      445.770       61.920     0.775518      335.184  75.63     0.747438        7.840     0.165275    64.440000     3.200000   0   1 
 62 300   0.354109      445.545       61.830     0.778638      337.026  76.04     0.749278        2.500     0.191081    66.786667     2.346667   0   1 
 63 300   0.400780      445.230       61.830     0.779186      337.752  76.21     0.750148        0.700     0.295390    69.600000     2.813333   0   1 
 64 300   0.432773      445.230       61.830     0.779221      337.752  76.21     0.750148        6.866     0.154529    72.626667     3.026667   1   1 
 65 300   0.305791      447.683       59.783     0.781940      341.832  77.13     0.754382        4.719     0.303566    75.293333     2.666667   0   1 
 66 300   0.397584      452.025       42.143     0.784860      349.149  78.78     0.755200        4.848     0.169835    77.413333     2.120000   0   1 
 67 300   0.382333      453.240       36.900     0.790021      353.170  79.69     0.757715        4.848     0.023853    79.840000     2.426667   1   1 
 68 300   0.364987      453.150       36.720     0.790140      353.170  79.69     0.757715        4.719     0.157584    82.160000     2.320000   1   1 
 69 300   0.326153      453.555       36.720     0.791047      353.275  79.71     0.758466        1.574     0.259726    82.453333     0.293333   0   1 
 70 300   0.357099      453.600       36.720     0.791274      354.603  80.01     0.759226        8.687     0.290186    82.866667     0.413333   1   1 
 71 300   0.396419      453.555       36.450     0.794522      355.769  80.27     0.762299        1.592     0.139232    86.040000     3.173333   0   1 
 72 300   0.420400      453.263       36.383     0.794513      355.769  80.27     0.762299        6.216     0.152446    88.946667     2.906667   1   1 
 73 300   0.305305      453.263       36.383     0.797674      356.763  80.50     0.764688        5.945     0.285584    89.413333     0.466667   0   1 
 74 300   0.387833      453.533       36.383     0.797767      357.026  80.56     0.764721        5.945     0.139602    89.746667     0.333333   1   1 
 75 300   0.261575      453.533       36.383     0.798832      357.241  80.60     0.765646        7.097     0.394104    90.040000     0.293333   0   1 
 76 300   0.378338      453.533       36.383     0.798848      357.241  80.60     0.765646        7.097     0.138197    90.466667     0.426667   1   1 
 77 300   0.309665      453.713       36.383     0.799651      357.482  80.66     0.766223        2.476     0.308695    90.746667     0.280000   0   1 
 78 300   0.332631      453.713       36.383     0.799921      357.750  80.72     0.766170        2.081     0.148115    91.146667     0.400000   0   1 
 79 300   0.364652      453.668       36.383     0.799903      357.750  80.72     0.766170        4.513     0.164845    91.600000     0.453333   1   1 
 80 300   0.313376      453.488       36.068     0.800085      357.995  80.77     0.766144        5.951     0.064516    94.626667     3.026667   0   1 
 81 300   0.374776      453.488       36.068     0.800079      357.995  80.77     0.766144        5.951     0.064516    97.693333     3.066667   1   1 
 82 300   0.301377      453.398       36.068     0.800130      358.274  80.84     0.766001        6.538     0.020966   100.120000     2.426667   0   1 
 83 300   0.375532      453.083       36.068     0.800525      358.514  80.89     0.766421        0.237     0.289670   103.266667     3.146667   0   1 
 84 300   0.399303      453.128       36.158     0.800541      358.514  80.89     0.766421        6.775     0.164654   104.213333     0.946667   1   1 
 85 300   0.321915      455.940       33.840     0.804687      363.540  82.03     0.769316        2.187     0.454467   106.160000     1.946667   0   1 
 86 300   0.368573      456.075       33.840     0.805324      364.188  82.17     0.769675        6.839     0.027157   106.653333     0.493333   1   1 
 87 300   0.322339      456.075       33.840     0.806110      364.766  82.30     0.769798        3.627     0.298627   107.120000     0.466667   0   1 
 88 300   0.393443      456.075       33.840     0.806149      364.766  82.30     0.769798        3.627     0.022036   107.506667     0.386667   1   1 
 89 300   0.368964      455.940       33.840     0.806163      364.766  82.30     0.769798        4.708     0.130034   108.186667     0.680000   1   1 
 90 300   0.306384      455.873       33.818     0.806365      365.112  82.38     0.769909        7.826     0.161409   110.120000     1.933333   0   1 
 91 300   0.397249      455.873       33.818     0.806383      365.112  82.38     0.769909        7.826     0.015427   113.053333     2.933333   1   1 
 92 300   0.313916      455.198       33.818     0.806537      365.198  82.40     0.769916        7.761     0.012629   115.946667     2.893333   0   1 
 93 300   0.398666      455.198       33.818     0.806509      365.198  82.40     0.769916        7.761     0.012629   118.346667     2.400000   1   1 
 94 300   0.322702      455.108       33.773     0.806671      365.293  82.42     0.770187        6.487     0.115011   120.826667     2.480000   0   1 
 95 300   0.395481      455.108       33.773     0.806686      365.293  82.42     0.770187        6.487     0.115011   123.640000     2.813333   1   1 
 96 300   0.303631      455.018       33.413     0.808168      366.805  82.76     0.771377        3.891     0.242344   124.000000     0.360000   0   1 
 97 300   0.359669      455.018       33.413     0.808171      366.805  82.76     0.771377        3.891     0.132419   124.466667     0.466667   1   1 
 98 300   0.300304      454.725       33.390     0.808256      367.182  82.85     0.771577        7.536     0.168900   125.866667     1.400000   0   1 
 99 300   0.386144      454.725       33.255     0.808246      367.911  83.01     0.771247        7.536     0.002234   129.400000     3.533333   1   1 
100 300   0.326103      454.185       33.255     0.808407      368.127  83.06     0.771427        7.076     0.222726   132.373333     2.973333   0   1 
