#scene........................: /home/eldamian/nbvEverardo/models/laboratory.wrl
#triangles....................: 361767
#Total triangles' area........: 443.205414 (m2)
#sensor aperture..............: 135.000000 x 70.000000 (deg)
#range image size.............: 350 x 80
#sensor blind distances.......: 0.500000 .. 30.000000 (m)
#sensor blind angle...........: 80.000000
#sensor Gaussian noise std dev: 0.012000 (m)
#views number.................: 100 
#optimization method..........: Evolution Strategy
#view iterations fitness vxl_occupied(m2) occplane(m2) vxl_quality tri_imaged(m2) tri_imaged(%) tri_quality travelled(m) energy total_time single_time backstep change
  0   0  -0.000000       18.338        0.000     0.641809       15.030   3.39     0.643016        0.000     0.000000     0.000000     0.000000   0   0 
  1 308   0.614693       27.473        0.000     0.628786       22.845   5.15     0.633184        0.000     0.077427     0.173333     0.173333   0   0 
  2 308   0.413898       47.970        9.743     0.653144       26.022   5.87     0.637934        1.218     0.242428     0.200000     0.026667   0   0 
  3 308   0.389303       48.375        9.743     0.652317       26.022   5.87     0.637934        0.000     0.000000     0.240000     0.040000   0   0 
  4 308   0.390421       48.420        9.698     0.652262       26.022   5.87     0.637934        0.000     0.000000     0.306667     0.066667   0   0 
  5 308   0.390837       48.488        9.585     0.651891       26.022   5.87     0.637934        0.000     0.000000     0.346667     0.040000   0   0 
  6 308   0.391058       48.488        9.563     0.652387       26.022   5.87     0.637934        0.000     0.000000     0.373333     0.026667   0   0 
  7 308   0.491260       50.918        9.563     0.648921       28.517   6.43     0.628378        0.024     0.150498     0.426667     0.053333   0   0 
  8 308   0.418732       52.718        9.563     0.646955       30.686   6.92     0.623144        0.555     0.354141     0.493333     0.066667   0   0 
  9 308   0.407309       52.763        9.563     0.647033       30.686   6.92     0.623144        0.000     0.000000     0.520000     0.026667   0   0 
 10 308   0.408267       52.740        9.563     0.647183       30.686   6.92     0.623144        0.000     0.000000     0.560000     0.040000   0   0 
 11 308   0.498672       69.030        7.875     0.690351       45.985  10.38     0.667578        9.806     0.583315     0.760000     0.200000   0   0 
 12 308   0.497879       70.403        7.875     0.699336       48.656  10.98     0.677499        1.833     0.126740     0.880000     0.120000   0   0 
 13 308   0.590898       91.620        7.898     0.704165       61.084  13.78     0.688379        1.563     0.141982     1.200000     0.320000   0   0 
 14 308   0.602795      132.795       39.645     0.646812       69.023  15.57     0.674799        2.979     0.198629     1.520000     0.320000   0   0 
 15 308   0.512373      171.495      110.183     0.644103       85.974  19.40     0.672758        3.623     0.258682     1.986667     0.466667   0   0 
 16 308   0.467958      225.653      204.390     0.622119       95.705  21.59     0.662624        3.272     0.271009     2.213333     0.226667   0   0 
 17 308   0.785311      242.775      197.775     0.642426      115.424  26.04     0.680738        3.860     0.126158     2.800000     0.586667   0   0 
 18 308   0.751380      255.375      202.343     0.664317      130.217  29.38     0.697552        1.640     0.317071     3.400000     0.600000   0   0 
 19 308   0.799488      257.243      201.758     0.666833      132.435  29.88     0.699260        3.991     0.460592     3.853333     0.453333   0   0 
 20 308   0.710945      267.570      180.473     0.665112      141.387  31.90     0.694647        2.151     0.208770     4.400000     0.546667   0   0 
 21 308   0.630937      268.245      181.305     0.665885      142.250  32.10     0.695462        2.053     0.002921     4.733333     0.333333   0   0 
 22 308   0.605024      271.170      177.953     0.665772      146.679  33.10     0.693286        2.342     0.084533     4.973333     0.240000   0   0 
 23 308   0.561354      277.245      275.693     0.668998      152.573  34.42     0.696015        2.447     0.271683     5.413333     0.440000   0   0 
 24 308   0.440547      284.243      256.950     0.668431      159.192  35.92     0.696971        7.230     0.131073     5.920000     0.506667   0   0 
 25 308   0.680656      299.318      249.165     0.660539      168.184  37.95     0.692231        3.578     0.174240     6.386667     0.466667   0   0 
 26 308   0.668676      308.565      241.920     0.656596      176.484  39.82     0.684744        1.714     0.182514     6.866667     0.480000   0   0 
 27 308   0.766366      324.158      200.588     0.668149      191.423  43.19     0.687552        1.626     0.401059     7.653333     0.786667   0   0 
 28 308   0.494973      329.198      215.303     0.666621      194.611  43.91     0.686191       12.404     0.236474     8.013333     0.360000   0   0 
 29 308   0.599399      331.695      214.673     0.666147      197.753  44.62     0.683483        2.435     0.175822     8.533333     0.520000   0   0 
 30 308   0.576945      353.115      220.028     0.677359      214.111  48.31     0.691250       11.168     0.604513     9.226667     0.693333   0   0 
 31 308   0.603738      359.280      219.038     0.687320      222.855  50.28     0.695771        1.766     0.343722    10.173333     0.946667   0   0 
 32 308   0.570598      374.670      226.620     0.686115      231.315  52.19     0.693644        0.229     0.640752    10.760000     0.586667   0   0 
 33 308   0.560419      395.438      192.623     0.694321      242.333  54.68     0.695872        0.710     0.306354    11.333333     0.573333   0   0 
 34 308   0.555967      400.253      177.345     0.700888      248.989  56.18     0.700071        2.866     0.172804    12.106667     0.773333   0   0 
 35 308   0.592691      401.018      176.558     0.702627      250.836  56.60     0.700828        7.309     0.278382    12.866667     0.760000   0   0 
 36 308   0.470229      403.785      168.075     0.705397      257.117  58.01     0.702196        7.102     0.346113    13.986667     1.120000   0   0 
 37 308   0.499502      406.305      163.935     0.706652      260.539  58.79     0.700134        3.409     0.341715    15.693333     1.706667   0   0 
 38 308   0.601777      407.970      163.080     0.710261      262.431  59.21     0.702738        2.853     0.167268    16.786667     1.093333   0   0 
 39 308   0.422665      408.240      162.428     0.712461      266.265  60.08     0.702857        2.750     0.156130    17.306667     0.520000   0   0 
 40 308   0.500884      408.758      159.750     0.716406      269.222  60.74     0.704209        2.617     0.025026    18.306667     1.000000   0   0 
 41 308   0.586552      409.140      158.490     0.718030      271.328  61.22     0.704244        3.518     0.278017    19.613333     1.306667   0   0 
 42 308   0.732862      411.638      155.835     0.718580      274.800  62.00     0.703181        2.005     0.353585    20.533333     0.920000   0   0 
 43 308   0.409475      411.750      155.115     0.720364      275.946  62.26     0.703694        5.229     0.021678    21.746667     1.213333   1   0 
 44 308   0.408576      411.930      154.800     0.722173      276.435  62.37     0.705729        3.173     0.356479    22.586667     0.840000   0   0 
 45 308   0.513781      412.110      154.125     0.723730      277.281  62.56     0.706623        2.479     0.361251    23.413333     0.826667   0   0 
 46 308   0.422538      412.313      153.945     0.724462      277.662  62.65     0.707264        0.488     0.030065    23.826667     0.413333   0   0 
 47 308   0.400577      412.313      153.945     0.724506      277.662  62.65     0.707264        5.776     0.025293    24.106667     0.280000   1   0 
 48 308   0.447242      412.830      154.058     0.727599      279.816  63.13     0.708351        2.553     0.008802    25.040000     0.933333   0   0 
 49 308   0.412508      412.965      154.058     0.728126      280.313  63.25     0.708633        0.093     0.016326    25.626667     0.586667   0   0 
 50 308   0.414718      412.920      154.035     0.728529      281.325  63.48     0.707574        5.587     0.004338    26.053333     0.426667   1   0 
 51 308   0.402979      416.318      135.270     0.737897      287.769  64.93     0.715828        0.869     0.350318    27.600000     1.546667   0   0 
 52 308   0.399667      416.858      131.130     0.740429      291.607  65.79     0.721635        0.291     0.108714    29.093333     1.493333   0   0 
 53 308   0.418934      417.263      130.860     0.742372      292.924  66.09     0.726629        1.332     0.115908    31.826667     2.733333   0   0 
 54 308   0.425847      417.398      126.180     0.744652      294.253  66.39     0.728689        4.674     0.302747    35.320000     3.493333   1   0 
 55 308   0.394917      417.398      126.180     0.745386      295.050  66.57     0.730956        7.309     0.022475    36.533333     1.213333   1   0 
 56 308   0.418793      417.420      126.113     0.746035      295.244  66.62     0.732496        0.712     0.037012    38.120000     1.586667   0   0 
 57 308   0.422332      417.218      126.000     0.747196      295.798  66.74     0.734102        3.018     0.001112    39.960000     1.840000   1   0 
 58 308   0.536920      417.713      125.775     0.747330      296.077  66.80     0.734114        6.047     0.113080    41.320000     1.360000   0   0 
 59 308   0.480027      418.455      124.740     0.747071      297.663  67.16     0.733654        6.047     0.003156    43.026667     1.706667   1   0 
 60 308   0.397605      418.523      124.808     0.747272      297.698  67.17     0.734438        1.227     0.118917    45.080000     2.053333   0   0 
 61 308   0.409638      418.523      124.808     0.747334      297.739  67.18     0.734721        1.287     0.006594    47.200000     2.120000   0   0 
 62 308   0.424658      418.523      124.808     0.747359      297.803  67.19     0.734800        1.141     0.113871    48.266667     1.066667   0   0 
 63 308   0.437014      418.523      124.808     0.747367      297.803  67.19     0.734824        0.269     0.028916    49.733333     1.466667   0   0 
 64 308   0.440449      418.500      124.785     0.747435      297.803  67.19     0.734824        3.779     0.027367    51.200000     1.466667   1   0 
 65 308   0.396944      418.613      124.673     0.749020      298.386  67.32     0.737520        3.770     0.390671    55.480000     4.280000   0   0 
 66 308   0.425853      418.613      124.673     0.749023      298.386  67.32     0.737520        3.770     0.280747    59.880000     4.400000   1   0 
 67 308   0.410259      418.703      124.853     0.749093      298.473  67.34     0.737579        3.447     0.128995    61.106667     1.226667   0   0 
 68 308   0.478017      419.063      124.290     0.749691      299.554  67.59     0.737673        4.934     0.016932    62.533333     1.426667   0   0 
 69 308   0.425024      419.108      124.560     0.749697      299.554  67.59     0.737673        4.934     0.016932    64.186667     1.653333   1   0 
 70 308   0.431434      419.108      124.560     0.749704      299.558  67.59     0.737714        0.484     0.018219    65.720000     1.533333   0   0 
 71 308   0.433831      418.995      124.515     0.749678      299.558  67.59     0.737714        3.635     0.037289    66.906667     1.186667   1   0 
 72 308   0.402323      418.883      124.493     0.750012      299.816  67.65     0.738472        3.097     0.378715    71.280000     4.373333   0   0 
 73 308   0.428542      418.748      124.493     0.750642      300.072  67.70     0.739447        0.240     0.014500    75.733333     4.453333   0   0 
 74 308   0.429852      418.748      124.493     0.750648      300.072  67.70     0.739447        3.218     0.283291    80.253333     4.520000   1   0 
 75 308   0.410105      419.040      124.695     0.750653      300.073  67.71     0.739504        2.740     0.012920    81.386667     1.133333   0   0 
 76 308   0.426040      419.040      124.695     0.750882      300.073  67.71     0.739847        1.221     0.137539    82.613333     1.226667   0   0 
 77 308   0.436161      419.040      124.695     0.750920      300.073  67.71     0.739916        0.303     0.011058    84.186667     1.573333   0   0 
 78 308   0.438364      419.040      124.695     0.751279      300.599  67.82     0.739668        4.077     0.017048    85.320000     1.133333   1   0 
 79 308   0.398888      419.040      124.695     0.751416      300.695  67.85     0.739932        2.974     0.402904    89.000000     3.680000   0   0 
 80 308   0.427394      418.950      124.695     0.751536      300.805  67.87     0.740293        0.571     0.000972    93.226667     4.226667   0   0 
 81 308   0.429846      418.950      124.695     0.751540      300.805  67.87     0.740293        3.537     0.273267    97.186667     3.960000   1   0 
 82 308   0.400938      418.950      124.695     0.751677      300.842  67.88     0.740592        1.305     0.005970    98.626667     1.440000   0   0 
 83 308   0.405904      429.503       99.135     0.754323      311.914  70.38     0.739117       13.080     0.029741   100.840000     2.213333   1   0 
 84 308   0.510856      433.598       93.105     0.755027      316.372  71.38     0.737564        2.534     0.646471   101.373333     0.533333   0   0 
 85 308   0.551921      437.445       87.795     0.757366      322.677  72.81     0.736266        1.841     0.173396   101.733333     0.360000   0   0 
 86 308   0.529335      447.683       51.818     0.761416      332.503  75.02     0.736401        3.241     0.118070   102.360000     0.626667   0   0 
 87 308   0.505203      448.403       50.513     0.762386      333.674  75.29     0.736688        0.783     0.182788   102.866667     0.506667   0   0 
 88 308   0.475432      448.740       48.803     0.764941      335.373  75.67     0.737692        1.942     0.360630   103.360000     0.493333   0   0 
 89 308   0.395713      448.628       48.083     0.766004      336.309  75.88     0.738054        5.007     0.019321   103.626667     0.266667   1   0 
 90 308   0.582793      451.778       44.348     0.768310      340.731  76.88     0.737704        3.323     0.148868   103.893333     0.266667   0   0 
 91 308   0.390493      451.778       44.348     0.769387      340.901  76.92     0.738781        0.636     0.146946   104.240000     0.346667   0   0 
 92 308   0.401443      451.778       44.348     0.769749      341.260  77.00     0.738926        0.512     0.004723   104.466667     0.226667   0   0 
 93 308   0.410115      451.778       44.348     0.769799      341.260  77.00     0.738926        3.387     0.006646   105.146667     0.680000   1   0 
 94 308   0.497858      455.018       39.263     0.773121      343.173  77.43     0.740326        1.294     0.146514   105.760000     0.613333   0   0 
 95 308   0.387488      455.108       39.263     0.773312      343.476  77.50     0.740452        1.280     0.328493   106.026667     0.266667   0   0 
 96 308   0.398249      455.108       39.263     0.773755      343.893  77.59     0.740513        3.999     0.025509   106.360000     0.333333   1   0 
 97 308   0.432945      455.243       39.038     0.774719      344.213  77.66     0.741531        1.624     0.000436   106.893333     0.533333   0   0 
 98 308   0.423613      455.175       39.038     0.775617      344.590  77.75     0.742344        3.218     0.030276   107.133333     0.240000   1   0 
 99 308   0.346260      456.615       37.958     0.777858      347.042  78.30     0.743962       10.740     0.461529   111.546667     4.413333   0   0 
100 308   0.421149      458.393       29.520     0.785468      351.949  79.41     0.750803        1.333     0.586772   115.520000     3.973333   0   0 
