#scene........................: /home/eldamian/nbvEverardo/models/laboratory.wrl
#triangles....................: 361767
#Total triangles' area........: 443.205414 (m2)
#sensor aperture..............: 135.000000 x 70.000000 (deg)
#range image size.............: 350 x 80
#sensor blind distances.......: 0.500000 .. 30.000000 (m)
#sensor blind angle...........: 80.000000
#sensor Gaussian noise std dev: 0.012000 (m)
#views number.................: 100 
#optimization method..........: Simulated Annealing
#view iterations fitness vxl_occupied(m2) occplane(m2) vxl_quality tri_imaged(m2) tri_imaged(%) tri_quality travelled(m) energy total_time single_time backstep change
  0   0  -0.000000       18.338        0.000     0.641809       15.030   3.39     0.643016        0.000     0.000000     0.000000     0.000000   0   0 
  1 300   0.673933       27.473        0.000     0.628786       22.845   5.15     0.633184        0.000     0.077427     0.280000     0.280000   0   0 
  2 300   0.650686       90.900       66.263     0.553296       36.798   8.30     0.589276        0.000     0.166667     0.626667     0.346667   0   0 
  3 300   0.594688      110.993       72.293     0.608082       56.335  12.71     0.638977        5.246     0.297338     0.746667     0.120000   0   0 
  4 300   0.568830      122.310       65.160     0.632414       68.204  15.39     0.653515        0.756     0.270791     0.920000     0.173333   0   0 
  5 300   0.682207      160.290       76.185     0.628002       86.336  19.48     0.660090        0.231     0.348372     1.186667     0.266667   0   0 
  6 300   0.628914      158.828       75.263     0.633464       90.003  20.31     0.657079        1.417     0.677889     1.546667     0.360000   0   0 
  7 300   0.446614      165.848       75.735     0.641316       96.107  21.68     0.663698        5.683     0.141740     1.826667     0.280000   1   0 
  8 300   0.612220      166.050       75.420     0.645976       97.535  22.01     0.665068        7.699     0.464951     2.226667     0.400000   0   0 
  9 300   0.652576      167.040       74.790     0.646346       99.141  22.37     0.663305        0.352     0.290778     2.493333     0.266667   0   0 
 10 300   0.650679      178.155       57.195     0.646431      108.510  24.48     0.656678        4.562     0.303491     2.706667     0.213333   0   0 
 11 300   0.578977      199.710       80.168     0.674964      124.870  28.17     0.679409        2.462     0.473510     2.986667     0.280000   0   0 
 12 300   0.534736      203.018       77.108     0.679493      129.923  29.31     0.675807        2.977     0.489329     3.186667     0.200000   0   0 
 13 300   0.471625      203.108       76.883     0.682010      131.949  29.77     0.676003        3.630     0.028282     3.466667     0.280000   0   0 
 14 300   0.446684      203.018       76.815     0.682425      131.949  29.77     0.676003        3.630     0.028282     4.133333     0.666667   1   0 
 15 300   0.742049      204.210      139.973     0.687326      135.306  30.53     0.675078        1.115     0.194350     4.546667     0.413333   0   0 
 16 300   0.439616      206.978      117.540     0.690685      137.759  31.08     0.677268        3.896     0.002297     5.093333     0.546667   1   0 
 17 300   0.572232      260.483      270.585     0.677519      147.641  33.31     0.677488        6.405     0.218876     5.426667     0.333333   0   0 
 18 300   0.435010      260.483      270.585     0.679006      148.318  33.46     0.678168        0.367     0.195472     5.693333     0.266667   0   0 
 19 300   0.449787      260.640      270.540     0.680788      149.140  33.65     0.678564        6.651     0.002719     6.200000     0.506667   1   0 
 20 300   0.640794      261.023      270.248     0.683000      151.056  34.08     0.679265        3.083     0.027244     6.626667     0.426667   0   0 
 21 300   0.448246      261.023      270.248     0.683061      151.056  34.08     0.679265        3.083     0.027244     7.040000     0.413333   1   0 
 22 300   0.440899      261.113      270.248     0.683205      151.056  34.08     0.679265        7.820     0.161588     7.453333     0.413333   1   0 
 23 300   0.690557      271.193      264.915     0.680281      157.538  35.55     0.678242        3.408     0.418791     7.840000     0.386667   0   0 
 24 300   0.649382      272.745      262.868     0.682179      159.531  35.99     0.679163        2.062     0.285580     7.946667     0.106667   0   0 
 25 300   0.631155      274.860      260.708     0.682071      161.869  36.52     0.677835        2.747     0.354738     8.066667     0.120000   0   0 
 26 300   0.672322      288.878      239.018     0.676860      171.463  38.69     0.672775        0.858     0.323977     8.546667     0.480000   0   0 
 27 300   0.627122      308.565      266.850     0.692492      187.050  42.20     0.685266        2.591     0.288707     8.853333     0.306667   0   0 
 28 300   0.722547      346.005      184.883     0.703737      206.572  46.61     0.690357        2.697     0.000565     9.146667     0.293333   0   0 
 29 300   0.695238      366.705      127.643     0.710757      225.258  50.82     0.694792        1.420     0.295569    10.146667     1.000000   0   0 
 30 300   0.680640      386.820      117.225     0.713775      240.379  54.24     0.697988        0.430     0.295322    12.853333     2.706667   0   0 
 31 300   0.612303      407.363      105.975     0.719488      250.934  56.62     0.704722        0.882     0.413918    14.986667     2.133333   0   0 
 32 300   0.561534      420.975       83.205     0.722558      263.150  59.37     0.705261        2.055     0.376018    18.053333     3.066667   0   0 
 33 300   0.476964      428.085       88.425     0.734826      274.395  61.91     0.712966        0.537     0.283067    21.080000     3.026667   0   0 
 34 300   0.454731      429.660       86.355     0.741199      281.227  63.45     0.720890        1.312     0.173470    23.760000     2.680000   0   0 
 35 300   0.463870      431.280       80.460     0.748316      287.391  64.84     0.725643        3.121     0.267796    26.413333     2.653333   0   0 
 36 300   0.544902      445.793       57.758     0.747930      295.362  66.64     0.724131        1.176     0.158133    29.013333     2.600000   0   0 
 37 300   0.436983      446.378       56.655     0.750073      297.917  67.22     0.726507        4.087     0.279947    31.506667     2.493333   1   0 
 38 300   0.442679      448.155       50.265     0.751985      302.912  68.35     0.726047        3.927     0.285696    34.466667     2.960000   1   0 
 39 300   0.440004      448.853       48.645     0.755262      307.253  69.33     0.727735        3.166     0.155404    37.413333     2.946667   1   0 
 40 300   0.429479      449.955       47.520     0.757920      309.137  69.75     0.729817        0.266     0.157463    37.880000     0.466667   0   0 
 41 300   0.514159      453.780       47.453     0.760321      313.037  70.63     0.731340        4.962     0.187587    38.346667     0.466667   0   0 
 42 300   0.442081      454.388       47.093     0.760505      314.475  70.95     0.732747        4.962     0.020920    40.866667     2.520000   1   0 
 43 300   0.438330      454.320       47.070     0.760594      314.475  70.95     0.732747        0.000     0.000000    41.253333     0.386667   0   1 
 44 300   0.063994      459.428       35.573     0.759628      319.375  72.06     0.730802        7.274     0.131842    44.186667     2.933333   0   1 
 45 300   0.043509      459.833       34.853     0.760057      322.076  72.67     0.729592        1.949     0.488489    46.986667     2.800000   0   1 
 46 300   0.012953      460.418       33.683     0.761108      326.971  73.77     0.729506        1.308     0.354423    49.920000     2.933333   0   1 
 47 300   0.019867      461.160       31.613     0.763537      331.851  74.88     0.728786        3.943     0.283840    52.826667     2.906667   0   1 
 48 300   0.014964      461.363       31.275     0.765202      333.503  75.25     0.730547        5.674     0.533422    55.520000     2.693333   0   1 
 49 300   0.006822      461.565       30.645     0.768141      336.480  75.92     0.733370        1.899     0.408970    58.120000     2.600000   0   1 
 50 300   0.066228      463.410       29.610     0.771938      339.130  76.52     0.734046        3.869     0.299315    61.093333     2.973333   0   1 
 51 300   0.016134      465.908       28.373     0.775875      342.092  77.19     0.736307        0.025     0.320774    63.786667     2.693333   0   1 
 52 300   0.012314      467.955       26.933     0.777449      345.365  77.92     0.736985        4.651     0.203142    66.853333     3.066667   0   1 
 53 300   0.015927      469.125       24.863     0.782773      349.759  78.92     0.741071        2.506     0.206281    69.906667     3.053333   0   1 
 54 300   0.009425      469.755       24.098     0.785230      352.464  79.53     0.743352        2.630     0.169571    72.720000     2.813333   0   1 
 55 300   0.004901      470.565       23.693     0.786706      355.119  80.13     0.743571        5.058     0.016025    75.880000     3.160000   1   1 
 56 300   0.002638      471.218       23.985     0.786928      356.343  80.40     0.744635        3.378     0.491429    78.066667     2.186667   0   1 
 57 300   0.050657      473.828       28.575     0.787255      357.002  80.55     0.744599       13.831     0.454888    80.120000     2.053333   0   1 
 58 300   0.036898      473.490       28.553     0.788686      359.252  81.06     0.746065       13.831     0.178297    82.120000     2.000000   1   1 
 59 300   0.006863      473.445       28.553     0.790230      360.712  81.39     0.747676        1.627     0.417445    84.973333     2.853333   0   1 
 60 300   0.007763      473.445       28.553     0.791205      361.385  81.54     0.748314        4.820     0.221523    87.746667     2.773333   1   1 
 61 300   0.003540      473.445       28.553     0.791389      361.986  81.67     0.748885        4.994     0.861140    89.973333     2.226667   0   1 
 62 300   0.006631      473.445       28.553     0.791448      362.238  81.73     0.749113        4.994     0.173789    92.453333     2.480000   1   1 
 63 300   0.003271      473.468       28.530     0.791720      362.665  81.83     0.749454        4.030     0.651458    95.626667     3.173333   0   1 
 64 300   0.005292      473.468       28.530     0.791762      362.986  81.90     0.749545        1.351     0.083079    98.013333     2.386667   0   1 
 65 300   0.005467      473.625       28.598     0.792185      363.458  82.01     0.749923        5.191     0.009047    99.293333     1.280000   1   1 
 66 300   0.008812      473.873       28.598     0.792378      363.923  82.11     0.750049        4.534     0.082561   101.880000     2.586667   0   1 
 67 300   0.009767      473.490       28.575     0.792553      364.108  82.15     0.750269        4.534     0.005135   104.720000     2.840000   1   1 
 68 300   0.004844      473.783       28.373     0.792896      365.089  82.37     0.750387        4.531     0.253997   107.706667     2.986667   0   1 
 69 300   0.005529      473.693       28.373     0.792975      365.089  82.37     0.750387        4.531     0.253997   110.493333     2.786667   1   1 
 70 300   0.006027      474.548       28.643     0.793006      365.301  82.42     0.750347        4.544     0.245171   112.653333     2.160000   0   1 
 71 300   0.006858      474.548       28.643     0.793013      365.301  82.42     0.750347        4.544     0.167744   115.066667     2.413333   1   1 
 72 300   0.005274      474.548       28.643     0.793116      365.340  82.43     0.750693        4.170     0.205077   117.546667     2.480000   0   1 
 73 300   0.005903      474.548       28.643     0.793313      365.539  82.48     0.751000        4.170     0.095153   120.413333     2.866667   1   1 
 74 300   0.009313      473.985       28.665     0.794607      365.959  82.57     0.751905        5.099     0.172473   123.266667     2.853333   0   1 
 75 300   0.010569      473.715       28.665     0.794845      366.279  82.64     0.752229        5.099     0.005806   125.946667     2.680000   1   1 
 76 300   0.002582      473.580       28.710     0.796004      366.658  82.73     0.752981        4.457     0.642526   128.653333     2.706667   0   1 
 77 300   0.004782      473.265       28.710     0.796246      367.056  82.82     0.753037        0.639     0.632999   131.146667     2.493333   0   1 
 78 300   0.006545      473.085       28.710     0.796444      367.321  82.88     0.753093        0.113     0.020938   133.826667     2.680000   0   1 
 79 300   0.006562      472.950       28.710     0.796498      367.321  82.88     0.753093        4.411     0.233902   137.240000     3.413333   1   1 
 80 300   0.004920      472.950       28.710     0.796538      367.513  82.92     0.753109        4.743     0.225448   139.786667     2.546667   0   1 
 81 300   0.005594      472.950       28.710     0.796547      367.513  82.92     0.753109        4.743     0.148021   143.093333     3.306667   1   1 
 82 300   0.007358      474.120       29.655     0.796576      367.686  82.96     0.753118        4.285     0.014359   146.146667     3.053333   0   1 
 83 300   0.013320      474.120       29.655     0.797178      367.775  82.98     0.754372        1.379     0.135602   149.333333     3.186667   0   1 
 84 300   0.013832      474.120       29.655     0.797184      367.775  82.98     0.754372        5.318     0.011319   152.440000     3.106667   1   1 
 85 300   0.002650      474.525       29.745     0.797508      367.950  83.02     0.754903        4.861     0.719032   155.346667     2.906667   0   1 
 86 300   0.013308      474.525       29.745     0.797857      367.970  83.02     0.755475        2.144     0.731337   157.626667     2.280000   0   1 
 87 300   0.018912      474.525       29.745     0.797860      367.970  83.02     0.755475        5.234     0.012305   160.080000     2.453333   1   1 
 88 300   0.010831      474.525       29.745     0.797900      367.974  83.03     0.755498        5.385     0.005086   162.440000     2.360000   0   1 
 89 300   0.012174      474.525       29.745     0.797901      367.974  83.03     0.755498        5.385     0.005086   165.600000     3.160000   1   1 
 90 300   0.026038      474.615       28.328     0.799525      370.826  83.67     0.755076        1.458     0.467541   167.280000     1.680000   0   1 
 91 300   0.003292      474.660       28.328     0.799616      370.883  83.68     0.755236        6.416     0.418699   170.346667     3.066667   0   1 
 92 300   0.004214      474.525       28.328     0.800587      371.212  83.76     0.756684        6.416     0.064682   173.373333     3.026667   1   1 
 93 300   0.004620      474.525       28.328     0.801158      371.280  83.77     0.757487        5.877     0.334016   176.613333     3.240000   0   1 
 94 300   0.005617      474.323       28.328     0.802014      371.905  83.91     0.757902        5.877     0.256590   179.146667     2.533333   1   1 
 95 300   0.009325      474.413       28.373     0.802223      372.072  83.95     0.758362        6.686     0.536757   181.866667     2.720000   0   1 
 96 300   0.012867      474.165       28.260     0.803037      372.512  84.05     0.759270        6.686     0.016073   184.440000     2.573333   1   1 
 97 300   0.003833      474.840       28.350     0.803443      372.590  84.07     0.759334        5.246     0.308761   185.960000     1.520000   0   1 
 98 300   0.006978      474.840       28.350     0.803493      372.590  84.07     0.759442        0.722     0.140205   188.466667     2.506667   0   1 
 99 300   0.007150      474.998       28.463     0.803641      372.753  84.10     0.759849        5.969     0.091129   191.546667     3.080000   1   1 
100 300   0.003578      474.998       28.463     0.804294      372.867  84.13     0.760748        5.850     0.350550   194.000000     2.453333   0   1 
