#scene........................: /home/eldamian/nbvEverardo/models/laboratory.wrl
#triangles....................: 361767
#Total triangles' area........: 443.205414 (m2)
#sensor aperture..............: 135.000000 x 70.000000 (deg)
#range image size.............: 350 x 80
#sensor blind distances.......: 0.500000 .. 30.000000 (m)
#sensor blind angle...........: 80.000000
#sensor Gaussian noise std dev: 0.012000 (m)
#views number.................: 100 
#optimization method..........: Evolution Strategy
#view iterations fitness vxl_occupied(m2) occplane(m2) vxl_quality tri_imaged(m2) tri_imaged(%) tri_quality travelled(m) energy total_time single_time backstep change
  0   0  -0.000000       18.338        0.000     0.641809       15.030   3.39     0.643016        0.000     0.000000     0.000000     0.000000   0   0 
  1 308   0.767005       27.473        0.000     0.628786       22.845   5.15     0.633184        0.000     0.077427     0.226667     0.226667   0   0 
  2 308   0.620781       47.970        9.743     0.653144       26.022   5.87     0.637934        1.218     0.242428     0.240000     0.013333   0   0 
  3 308   0.658061       48.375        9.743     0.652317       26.022   5.87     0.637934        0.000     0.000000     0.266667     0.026667   0   0 
  4 308   0.660318       48.420        9.698     0.652262       26.022   5.87     0.637934        0.000     0.000000     0.333333     0.066667   0   0 
  5 308   0.661180       48.488        9.585     0.651891       26.022   5.87     0.637934        0.000     0.000000     0.360000     0.026667   0   0 
  6 308   0.661643       48.488        9.563     0.652387       26.022   5.87     0.637934        0.000     0.000000     0.386667     0.026667   0   0 
  7 308   0.733902       50.918        9.563     0.648921       28.517   6.43     0.628378        0.024     0.150498     0.413333     0.026667   0   0 
  8 308   0.693349       50.940        9.563     0.649083       28.517   6.43     0.628378        0.000     0.000000     0.493333     0.080000   0   0 
  9 308   0.694321       51.053        9.563     0.649047       28.517   6.43     0.628378        0.000     0.000000     0.546667     0.053333   0   0 
 10 308   0.694659       51.053        9.563     0.649133       28.517   6.43     0.628378        0.000     0.000000     0.586667     0.040000   0   0 
 11 308   0.694964       51.053        9.563     0.649179       28.517   6.43     0.628378        0.000     0.000000     0.693333     0.106667   0   0 
 12 308   0.695177       51.053        9.563     0.649307       28.517   6.43     0.628378        0.000     0.000000     0.720000     0.026667   0   0 
 13 308   0.695531       51.053        9.563     0.649332       28.517   6.43     0.628378        0.000     0.000000     0.733333     0.013333   0   0 
 14 308   0.695782       51.075        9.563     0.649367       28.517   6.43     0.628378        0.000     0.000000     0.800000     0.066667   0   0 
 15 308   0.695797       51.075        9.563     0.649381       28.517   6.43     0.628378        0.000     0.000000     0.853333     0.053333   0   0 
 16 308   0.695946       51.098        9.563     0.649236       28.517   6.43     0.628378        0.000     0.000000     0.893333     0.040000   0   0 
 17 308   0.695734       51.053        9.563     0.649263       28.517   6.43     0.628378        0.000     0.000000     0.906667     0.013333   0   0 
 18 308   0.695759       51.053        9.563     0.649281       28.517   6.43     0.628378        0.000     0.000000     0.973333     0.066667   0   0 
 19 308   0.695955       51.008        9.563     0.649329       28.517   6.43     0.628378        0.000     0.000000     1.000000     0.026667   0   0 
 20 308   0.696018       51.008        9.563     0.649336       28.517   6.43     0.628378        0.000     0.000000     1.066667     0.066667   0   0 
 21 308   0.696082       51.008        9.563     0.649381       28.517   6.43     0.628378        0.000     0.000000     1.133333     0.066667   0   0 
 22 308   0.696155       51.008        9.563     0.649530       28.517   6.43     0.628378        0.000     0.000000     1.173333     0.040000   0   0 
 23 308   0.696483       51.008        9.563     0.649552       28.517   6.43     0.628378        0.000     0.000000     1.226667     0.053333   0   0 
 24 308   0.696529       51.008        9.563     0.649563       28.517   6.43     0.628378        0.000     0.000000     1.253333     0.026667   0   0 
 25 308   0.696582       51.008        9.563     0.649592       28.517   6.43     0.628378        0.000     0.000000     1.333333     0.080000   0   0 
 26 308   0.696579       51.008        9.563     0.649595       28.517   6.43     0.628378        0.000     0.000000     1.360000     0.026667   0   0 
 27 308   0.696676       51.008        9.563     0.649599       28.517   6.43     0.628378        0.000     0.000000     1.453333     0.093333   0   0 
 28 308   0.696749       50.985        9.563     0.649702       28.517   6.43     0.628378        0.000     0.000000     1.493333     0.040000   0   0 
 29 308   0.696797       50.985        9.563     0.649720       28.517   6.43     0.628378        0.000     0.000000     1.506667     0.013333   0   0 
 30 308   0.696822       50.985        9.563     0.649736       28.517   6.43     0.628378        0.000     0.000000     1.546667     0.040000   0   0 
 31 308   0.696836       50.985        9.563     0.649737       28.517   6.43     0.628378        0.000     0.000000     1.573333     0.026667   0   0 
 32 308   0.696861       50.985        9.563     0.649741       28.517   6.43     0.628378        0.000     0.000000     1.626667     0.053333   0   0 
 33 308   0.696892       50.985        9.563     0.649767       28.517   6.43     0.628378        0.000     0.000000     1.666667     0.040000   0   0 
 34 308   0.696952       50.985        9.563     0.649781       28.517   6.43     0.628378        0.000     0.000000     1.680000     0.013333   0   0 
 35 308   0.697004       50.940        9.563     0.649865       28.517   6.43     0.628378        0.000     0.000000     1.760000     0.080000   0   0 
 36 308   0.697083       50.940        9.563     0.649874       28.517   6.43     0.628378        0.000     0.000000     1.800000     0.040000   0   0 
 37 308   0.697078       50.940        9.563     0.649876       28.517   6.43     0.628378        0.000     0.000000     1.840000     0.040000   0   0 
 38 308   0.697104       50.940        9.563     0.649879       28.517   6.43     0.628378        0.000     0.000000     1.906667     0.066667   0   0 
 39 308   0.697126       50.940        9.563     0.649881       28.517   6.43     0.628378        0.000     0.000000     1.933333     0.026667   0   0 
 40 308   0.697141       50.940        9.563     0.649883       28.517   6.43     0.628378        0.000     0.000000     1.986667     0.053333   0   0 
 41 308   0.697153       50.940        9.563     0.649887       28.517   6.43     0.628378        0.000     0.000000     2.000000     0.013333   0   0 
 42 308   0.697194       50.940        9.563     0.649888       28.517   6.43     0.628378        0.000     0.000000     2.040000     0.040000   0   0 
 43 308   0.697241       50.940        9.563     0.649896       28.517   6.43     0.628378        0.000     0.000000     2.106667     0.066667   0   0 
 44 308   0.697252       50.940        9.563     0.649922       28.517   6.43     0.628378        0.000     0.000000     2.120000     0.013333   0   0 
 45 308   0.697266       50.940        9.563     0.649924       28.517   6.43     0.628378        0.000     0.000000     2.160000     0.040000   0   0 
 46 308   0.697248       50.940        9.563     0.650007       28.517   6.43     0.628378        0.000     0.000000     2.200000     0.040000   0   0 
 47 308   0.697298       50.940        9.563     0.650012       28.517   6.43     0.628378        0.000     0.000000     2.253333     0.053333   0   0 
 48 308   0.697315       50.940        9.563     0.650013       28.517   6.43     0.628378        0.000     0.000000     2.306667     0.053333   0   0 
 49 308   0.697341       50.940        9.563     0.650020       28.517   6.43     0.628378        0.000     0.000000     2.360000     0.053333   0   0 
 50 308   0.697354       50.940        9.563     0.650022       28.517   6.43     0.628378        0.000     0.000000     2.413333     0.053333   0   0 
 51 308   0.697364       50.940        9.563     0.650025       28.517   6.43     0.628378        0.000     0.000000     2.440000     0.026667   0   0 
 52 308   0.697372       50.940        9.563     0.650036       28.517   6.43     0.628378        0.000     0.000000     2.480000     0.040000   0   0 
 53 308   0.697397       50.940        9.563     0.650041       28.517   6.43     0.628378        0.000     0.000000     2.506667     0.026667   0   0 
 54 308   0.697423       50.940        9.563     0.650042       28.517   6.43     0.628378        0.000     0.000000     2.520000     0.013333   0   0 
 55 308   0.697406       50.940        9.563     0.650044       28.517   6.43     0.628378        0.000     0.000000     2.560000     0.040000   0   0 
 56 308   0.697402       50.940        9.563     0.650048       28.517   6.43     0.628378        0.000     0.000000     2.600000     0.040000   0   0 
 57 308   0.697418       50.940        9.563     0.650049       28.517   6.43     0.628378        0.000     0.000000     2.640000     0.040000   0   0 
 58 308   0.697433       50.940        9.563     0.650049       28.517   6.43     0.628378        0.000     0.000000     2.693333     0.053333   0   0 
 59 308   0.697451       50.940        9.563     0.650055       28.517   6.43     0.628378        0.000     0.000000     2.760000     0.066667   0   0 
 60 308   0.697469       50.940        9.563     0.650103       28.517   6.43     0.628378        0.000     0.000000     2.800000     0.040000   0   0 
 61 308   0.697492       50.940        9.563     0.650106       28.517   6.43     0.628378        0.000     0.000000     2.893333     0.093333   0   0 
 62 308   0.697482       50.940        9.563     0.650108       28.517   6.43     0.628378        0.000     0.000000     2.933333     0.040000   0   0 
 63 308   0.697503       50.940        9.563     0.650108       28.517   6.43     0.628378        0.000     0.000000     3.066667     0.133333   0   0 
 64 308   0.697511       50.850        9.563     0.650134       28.517   6.43     0.628378        0.000     0.000000     3.146667     0.080000   0   0 
 65 308   0.697487       50.850        9.563     0.650136       28.517   6.43     0.628378        0.000     0.000000     3.186667     0.040000   0   0 
 66 308   0.697468       50.850        9.563     0.650137       28.517   6.43     0.628378        0.000     0.000000     3.213333     0.026667   0   0 
 67 308   0.697477       50.850        9.563     0.650138       28.517   6.43     0.628378        0.000     0.000000     3.240000     0.026667   0   0 
 68 308   0.697476       50.850        9.563     0.650140       28.517   6.43     0.628378        0.000     0.000000     3.280000     0.040000   0   0 
 69 308   0.697492       50.850        9.563     0.650145       28.517   6.43     0.628378        0.000     0.000000     3.293333     0.013333   0   0 
 70 308   0.697512       50.850        9.563     0.650146       28.517   6.43     0.628378        0.000     0.000000     3.346667     0.053333   0   0 
 71 308   0.697511       50.850        9.563     0.650147       28.517   6.43     0.628378        0.000     0.000000     3.373333     0.026667   0   0 
 72 308   0.697528       50.850        9.563     0.650155       28.517   6.43     0.628378        0.000     0.000000     3.400000     0.026667   0   0 
 73 308   0.697554       50.850        9.563     0.650157       28.517   6.43     0.628378        0.000     0.000000     3.466667     0.066667   0   0 
 74 308   0.697563       50.850        9.563     0.650158       28.517   6.43     0.628378        0.000     0.000000     3.520000     0.053333   0   0 
 75 308   0.697555       50.850        9.563     0.650160       28.517   6.43     0.628378        0.000     0.000000     3.546667     0.026667   0   0 
 76 308   0.697555       50.850        9.563     0.650160       28.517   6.43     0.628378        0.000     0.000000     3.560000     0.013333   0   0 
 77 308   0.697560       50.850        9.563     0.650160       28.517   6.43     0.628378        0.000     0.000000     3.600000     0.040000   0   0 
 78 308   0.697566       50.850        9.563     0.650161       28.517   6.43     0.628378        0.000     0.000000     3.640000     0.040000   0   0 
 79 308   0.697576       50.850        9.563     0.650162       28.517   6.43     0.628378        0.000     0.000000     3.680000     0.040000   0   0 
 80 308   0.697584       50.850        9.563     0.650162       28.517   6.43     0.628378        0.000     0.000000     3.693333     0.013333   0   0 
 81 308   0.697591       50.850        9.563     0.650164       28.517   6.43     0.628378        0.000     0.000000     3.720000     0.026667   0   0 
 82 308   0.697597       50.850        9.563     0.650164       28.517   6.43     0.628378        0.000     0.000000     3.746667     0.026667   0   0 
 83 308   0.697595       50.850        9.563     0.650164       28.517   6.43     0.628378        0.000     0.000000     3.786667     0.040000   0   0 
 84 308   0.697592       50.850        9.563     0.650173       28.517   6.43     0.628378        0.000     0.000000     3.853333     0.066667   0   0 
 85 308   0.697603       50.850        9.563     0.650175       28.517   6.43     0.628378        0.000     0.000000     3.906667     0.053333   0   0 
 86 308   0.697607       50.850        9.563     0.650175       28.517   6.43     0.628378        0.000     0.000000     3.973333     0.066667   0   0 
 87 308   0.697611       50.850        9.563     0.650185       28.517   6.43     0.628378        0.000     0.000000     4.013333     0.040000   0   0 
 88 308   0.697638       50.850        9.563     0.650185       28.517   6.43     0.628378        0.000     0.000000     4.026667     0.013333   0   0 
 89 308   0.697642       50.850        9.563     0.650186       28.517   6.43     0.628378        0.000     0.000000     4.066667     0.040000   0   0 
 90 308   0.697642       50.850        9.563     0.650186       28.517   6.43     0.628378        0.000     0.000000     4.093333     0.026667   0   0 
 91 308   0.697657       50.873        9.563     0.650191       28.517   6.43     0.628378        0.000     0.000000     4.133333     0.040000   0   0 
 92 308   0.697683       50.873        9.563     0.650192       28.517   6.43     0.628378        0.000     0.000000     4.146667     0.013333   0   0 
 93 308   0.697690       50.873        9.563     0.650193       28.517   6.43     0.628378        0.000     0.000000     4.186667     0.040000   0   0 
 94 308   0.697687       50.873        9.563     0.650194       28.517   6.43     0.628378        0.000     0.000000     4.213333     0.026667   0   0 
 95 308   0.697699       50.873        9.563     0.650194       28.517   6.43     0.628378        0.000     0.000000     4.280000     0.066667   0   0 
 96 308   0.697705       50.873        9.563     0.650194       28.517   6.43     0.628378        0.000     0.000000     4.320000     0.040000   0   0 
 97 308   0.697644       50.873        9.563     0.650198       28.517   6.43     0.628378        0.000     0.000000     4.426667     0.106667   0   0 
 98 308   0.697648       50.873        9.563     0.650199       28.517   6.43     0.628378        0.000     0.000000     4.506667     0.080000   0   0 
 99 308   0.697646       50.873        9.563     0.650199       28.517   6.43     0.628378        0.000     0.000000     4.573333     0.066667   0   0 
100 308   0.697641       50.873        9.563     0.650201       28.517   6.43     0.628378        0.000     0.000000     4.653333     0.080000   0   0 
