#scene........................: /home/eldamian/nbvEverardo/models/laboratory.wrl
#triangles....................: 361767
#Total triangles' area........: 443.205414 (m2)
#sensor aperture..............: 135.000000 x 70.000000 (deg)
#range image size.............: 350 x 80
#sensor blind distances.......: 0.500000 .. 30.000000 (m)
#sensor blind angle...........: 80.000000
#sensor Gaussian noise std dev: 0.012000 (m)
#views number.................: 100 
#optimization method..........: Simulated Annealing
#view iterations fitness vxl_occupied(m2) occplane(m2) vxl_quality tri_imaged(m2) tri_imaged(%) tri_quality travelled(m) energy total_time single_time backstep change
  0   0  -0.000000       18.338        0.000     0.641809       15.030   3.39     0.643016        0.000     0.000000     0.000000     0.000000   0   0 
  1 300   0.722575       27.473        0.000     0.628786       22.845   5.15     0.633184        0.000     0.077427     0.240000     0.240000   0   0 
  2 300   0.710401       72.855       40.680     0.559641       31.879   7.19     0.626620        0.000     0.109925     0.560000     0.320000   0   0 
  3 300   0.576700      100.328       61.515     0.605426       48.924  11.04     0.660668        5.776     0.462175     0.626667     0.066667   0   0 
  4 300   0.648154      112.163       65.768     0.639529       61.324  13.84     0.686135        1.633     0.158356     0.706667     0.080000   0   0 
  5 300   0.709457      122.850       65.948     0.630360       67.184  15.16     0.686565        0.265     0.186113     0.933333     0.226667   0   0 
  6 300   0.655648      145.283       82.688     0.617401       79.540  17.95     0.665273        7.236     0.133079     1.080000     0.146667   1   0 
  7 300   0.620491      150.728       76.748     0.660487       93.245  21.04     0.691527        3.746     0.332971     1.493333     0.413333   0   0 
  8 300   0.714317      160.133       56.183     0.686720      103.619  23.38     0.709575        2.462     0.154774     1.853333     0.360000   0   0 
  9 300   0.673838      164.475       56.745     0.690449      110.246  24.87     0.710312        6.023     0.157513     2.400000     0.546667   1   0 
 10 300   0.463979      166.568       55.778     0.695540      114.790  25.90     0.707415        3.896     0.463655     2.613333     0.213333   0   0 
 11 300   0.594232      166.748       55.823     0.701106      115.655  26.10     0.710576        2.067     0.154913     2.800000     0.186667   0   0 
 12 300   0.652200      166.703       55.823     0.701263      115.655  26.10     0.710576        0.000     0.000000     3.106667     0.306667   0   0 
 13 300   0.649517      166.748       55.823     0.701330      115.655  26.10     0.710576        0.000     0.000000     3.466667     0.360000   0   0 
 14 300   0.650206      166.748       55.823     0.701406      115.655  26.10     0.710576        0.000     0.000000     3.746667     0.280000   0   0 
 15 300   0.652022      166.748       55.823     0.701513      115.655  26.10     0.710576        0.000     0.000000     3.880000     0.133333   0   0 
 16 300   0.655266      166.658       55.823     0.701551      115.655  26.10     0.710576        0.000     0.000000     4.133333     0.253333   0   0 
 17 300   0.655062      166.658       55.823     0.701568      115.655  26.10     0.710576        0.000     0.000000     4.653333     0.520000   0   0 
 18 300   0.655710      166.658       55.823     0.701614      115.655  26.10     0.710576        0.000     0.000000     5.146667     0.493333   0   0 
 19 300   0.655988      166.658       55.823     0.701600      115.655  26.10     0.710576        0.000     0.000000     5.466667     0.320000   0   0 
 20 300   0.655474      166.658       55.823     0.701610      115.655  26.10     0.710576        0.000     0.000000     5.746667     0.280000   0   0 
 21 300   0.664836      170.685       53.528     0.701519      120.094  27.10     0.704365        5.792     0.343464     6.200000     0.453333   0   0 
 22 300   0.615430      171.023       53.528     0.702378      120.228  27.13     0.705353        5.792     0.010131     6.693333     0.493333   1   0 
 23 300   0.656935      170.978       53.528     0.702398      120.228  27.13     0.705353        0.000     0.000000     7.146667     0.453333   0   0 
 24 300   0.653832      170.933       53.528     0.702466      120.228  27.13     0.705353        0.000     0.000000     7.493333     0.346667   0   0 
 25 300   0.655768      170.843       53.528     0.702546      120.228  27.13     0.705353        0.000     0.000000     7.826667     0.333333   0   0 
 26 300   0.657117      170.843       53.528     0.702563      120.228  27.13     0.705353        0.000     0.000000     8.293333     0.466667   0   0 
 27 300   0.657231      170.843       53.528     0.702590      120.228  27.13     0.705353        0.000     0.000000     8.506667     0.213333   0   0 
 28 300   0.658036      170.843       53.528     0.702596      120.228  27.13     0.705353        0.000     0.000000     8.706667     0.200000   0   0 
 29 300   0.694075      206.393       86.153     0.688642      127.034  28.66     0.700804        1.331     0.172561     9.106667     0.400000   0   0 
 30 300   0.605749      206.303       85.365     0.688551      127.034  28.66     0.700804        0.000     0.000000     9.520000     0.413333   0   0 
 31 300   0.612723      206.033       85.208     0.688503      127.034  28.66     0.700804        0.000     0.000000     9.960000     0.440000   0   0 
 32 300   0.609655      205.943       85.073     0.688124      127.034  28.66     0.700804        0.000     0.000000    10.333333     0.373333   0   0 
 33 300   0.612813      205.920       84.488     0.688074      127.034  28.66     0.700804        0.000     0.000000    10.480000     0.146667   0   0 
 34 300   0.615369      205.853       84.510     0.688132      127.034  28.66     0.700804        0.000     0.000000    10.786667     0.306667   0   0 
 35 300   0.615801      205.853       84.465     0.688128      127.034  28.66     0.700804        0.000     0.000000    10.973333     0.186667   0   0 
 36 300   0.616001      205.875       84.443     0.688155      127.034  28.66     0.700804        0.000     0.000000    11.040000     0.066667   0   0 
 37 300   0.616209      205.898       84.420     0.688256      127.034  28.66     0.700804        0.000     0.000000    11.093333     0.053333   0   0 
 38 300   0.616858      206.010       84.353     0.688157      127.034  28.66     0.700804        0.000     0.000000    11.360000     0.266667   0   0 
 39 300   0.616487      206.055       84.330     0.688062      127.034  28.66     0.700804        0.000     0.000000    11.666667     0.306667   0   0 
 40 300   0.624637      214.628      145.530     0.688363      133.989  30.23     0.708148        5.121     0.131032    12.093333     0.426667   0   0 
 41 300   0.626697      262.395      153.698     0.657529      143.855  32.46     0.701681        5.121     0.000423    12.333333     0.240000   1   0 
 42 300   0.605704      279.518      138.690     0.696659      166.423  37.55     0.715046        7.916     0.253772    13.000000     0.666667   0   0 
 43 300   0.742121      295.403      134.078     0.700237      182.153  41.10     0.712955        1.763     0.192131    14.453333     1.453333   0   0 
 44 300   0.686843      310.770      144.473     0.695442      192.386  43.41     0.711332        0.567     0.325633    15.600000     1.146667   0   0 
 45 300   0.638986      310.905      144.450     0.696049      192.653  43.47     0.712203        7.176     0.161612    17.093333     1.493333   1   0 
 46 300   0.641080      310.905      144.450     0.696072      192.653  43.47     0.712203        0.000     0.000000    17.480000     0.386667   0   1 
 47 300   0.533935      311.085      144.428     0.696308      192.653  43.47     0.712203        7.176     0.161612    18.933333     1.453333   1   1 
 48 300   0.530964      311.085      144.428     0.696334      192.653  43.47     0.712203        7.176     0.161612    20.146667     1.213333   1   1 
 49 300   0.540864      312.683      140.085     0.699065      196.084  44.24     0.711148        5.309     0.005723    20.453333     0.306667   0   1 
 50 300   0.518763      312.683      140.085     0.699081      196.084  44.24     0.711148        5.309     0.005723    20.746667     0.293333   1   1 
 51 300   0.537329      312.728      139.208     0.700069      196.824  44.41     0.711277        5.121     0.000423    21.280000     0.533333   1   1 
 52 300   0.526583      312.728      139.208     0.700076      196.824  44.41     0.711277        5.121     0.000423    21.853333     0.573333   1   1 
 53 300   0.548140      316.845      134.933     0.700507      203.282  45.87     0.708444        7.851     0.166674    22.360000     0.506667   0   1 
 54 300   0.526365      318.578      132.323     0.702163      205.410  46.35     0.710529        7.851     0.000007    22.866667     0.506667   1   1 
 55 300   0.513475      338.198      159.480     0.716111      223.517  50.43     0.718097        5.286     0.192353    24.306667     1.440000   0   1 
 56 300   0.527309      340.650      159.053     0.717905      226.803  51.17     0.716093        0.737     0.256586    25.800000     1.493333   0   1 
 57 300   0.524873      340.650      159.053     0.717911      226.803  51.17     0.716093        4.667     0.025007    26.960000     1.160000   1   1 
 58 300   0.538456      339.998      158.783     0.718690      228.347  51.52     0.714918        7.008     0.016448    27.946667     0.986667   1   1 
 59 300   0.522707      339.998      158.783     0.718696      228.347  51.52     0.714918        5.792     0.010131    28.613333     0.666667   1   1 
 60 300   0.542231      339.908      158.625     0.718665      228.566  51.57     0.714639        4.188     0.000065    28.840000     0.226667   1   1 
 61 300   0.669552      344.115      156.510     0.717163      232.876  52.54     0.711209        0.680     0.338138    29.200000     0.360000   0   1 
 62 300   0.520438      344.633      156.308     0.721048      234.389  52.89     0.715507        5.862     0.152708    29.920000     0.720000   1   1 
 63 300   0.480546      365.108      160.245     0.727311      250.713  56.57     0.718943        6.731     0.305173    31.306667     1.386667   0   1 
 64 300   0.546554      366.368      159.053     0.728672      256.878  57.96     0.722098        0.179     0.217267    33.360000     2.053333   0   1 
 65 300   0.566395      367.200      157.140     0.729707      258.743  58.38     0.722875        6.899     0.022019    35.160000     1.800000   1   1 
 66 300   0.446946      367.268      156.893     0.730675      259.301  58.51     0.722996        1.095     0.432912    36.573333     1.413333   0   1 
 67 300   0.531422      367.110      155.880     0.732936      260.491  58.77     0.723921        8.306     0.023242    37.933333     1.360000   1   1 
 68 300   0.493415      367.200      155.880     0.732991      260.491  58.77     0.723921        7.236     0.133079    38.213333     0.280000   1   1 
 69 300   0.496246      367.200      155.880     0.733439      260.507  58.78     0.724495        1.518     0.151341    38.613333     0.400000   0   1 
 70 300   0.532707      367.245      155.880     0.733447      260.507  58.78     0.724495        0.000     0.000000    39.106667     0.493333   0   1 
 71 300   0.536099      367.200      155.880     0.733454      260.507  58.78     0.724495        0.000     0.000000    39.426667     0.320000   0   1 
 72 300   0.538238      367.200      155.880     0.733459      260.507  58.78     0.724495        0.000     0.000000    39.813333     0.386667   0   1 
 73 300   0.539881      367.200      155.880     0.733464      260.507  58.78     0.724495        0.000     0.000000    40.826667     1.013333   0   1 
 74 300   0.541163      367.200      155.880     0.733468      260.507  58.78     0.724495        0.000     0.000000    41.213333     0.386667   0   1 
 75 300   0.542259      367.200      155.880     0.733471      260.507  58.78     0.724495        0.000     0.000000    41.706667     0.493333   0   1 
 76 300   0.543176      367.200      155.880     0.733490      260.507  58.78     0.724495        0.000     0.000000    42.080000     0.373333   0   1 
 77 300   0.544016      367.245      155.880     0.733488      260.507  58.78     0.724495        0.000     0.000000    43.066667     0.986667   0   1 
 78 300   0.544599      367.245      155.880     0.733491      260.507  58.78     0.724495        0.000     0.000000    43.360000     0.293333   0   1 
 79 300   0.545158      367.245      155.880     0.733495      260.507  58.78     0.724495        0.000     0.000000    43.613333     0.253333   0   1 
 80 300   0.545753      367.245      155.880     0.733498      260.507  58.78     0.724495        0.000     0.000000    44.613333     1.000000   0   1 
 81 300   0.546174      367.245      155.880     0.733499      260.507  58.78     0.724495        0.000     0.000000    46.266667     1.653333   0   1 
 82 300   0.546605      367.245      155.880     0.733508      260.507  58.78     0.724495        0.000     0.000000    46.413333     0.146667   0   1 
 83 300   0.547047      367.245      155.880     0.733510      260.507  58.78     0.724495        0.000     0.000000    46.773333     0.360000   0   1 
 84 300   0.547413      367.245      155.880     0.733511      260.507  58.78     0.724495        0.000     0.000000    47.226667     0.453333   0   1 
 85 300   0.547734      367.245      155.880     0.733512      260.507  58.78     0.724495        0.000     0.000000    49.066667     1.840000   0   1 
 86 300   0.548037      367.245      155.880     0.733514      260.507  58.78     0.724495        0.000     0.000000    49.666667     0.600000   0   1 
 87 300   0.548233      367.245      155.880     0.733514      260.507  58.78     0.724495        0.000     0.000000    50.053333     0.386667   0   1 
 88 300   0.548486      367.155      155.880     0.733511      260.507  58.78     0.724495        0.000     0.000000    50.466667     0.413333   0   1 
 89 300   0.548637      367.155      155.880     0.733512      260.507  58.78     0.724495        0.000     0.000000    50.840000     0.373333   0   1 
 90 300   0.548873      367.155      155.880     0.733514      260.507  58.78     0.724495        0.000     0.000000    51.133333     0.293333   0   1 
 91 300   0.549070      367.155      155.880     0.733514      260.507  58.78     0.724495        0.000     0.000000    51.546667     0.413333   0   1 
 92 300   0.549253      367.155      155.880     0.733515      260.507  58.78     0.724495        0.000     0.000000    52.093333     0.546667   0   1 
 93 300   0.549433      367.155      155.880     0.733516      260.507  58.78     0.724495        0.000     0.000000    52.746667     0.653333   0   1 
 94 300   0.549607      367.155      155.880     0.733517      260.507  58.78     0.724495        0.000     0.000000    53.120000     0.373333   0   1 
 95 300   0.549777      367.155      155.880     0.733517      260.507  58.78     0.724495        0.000     0.000000    53.440000     0.320000   0   1 
 96 300   0.549921      367.155      155.880     0.733517      260.507  58.78     0.724495        0.000     0.000000    53.973333     0.533333   0   1 
 97 300   0.550051      367.155      155.880     0.733518      260.507  58.78     0.724495        0.000     0.000000    54.360000     0.386667   0   1 
 98 300   0.550206      367.155      155.880     0.733519      260.507  58.78     0.724495        0.000     0.000000    54.600000     0.240000   0   1 
 99 300   0.550327      367.155      155.880     0.733520      260.507  58.78     0.724495        0.000     0.000000    55.586667     0.986667   0   1 
100 300   0.550490      367.155      155.880     0.733520      260.507  58.78     0.724495        0.000     0.000000    55.800000     0.213333   0   1 
