#scene........................: /home/eldamian/nbvEverardo/models/laboratory.wrl
#triangles....................: 361767
#Total triangles' area........: 443.205414 (m2)
#sensor aperture..............: 135.000000 x 70.000000 (deg)
#range image size.............: 350 x 80
#sensor blind distances.......: 0.500000 .. 30.000000 (m)
#sensor blind angle...........: 80.000000
#sensor Gaussian noise std dev: 0.012000 (m)
#views number.................: 100 
#optimization method..........: Evolution Strategy
#view iterations fitness vxl_occupied(m2) occplane(m2) vxl_quality tri_imaged(m2) tri_imaged(%) tri_quality travelled(m) energy total_time single_time backstep change
  0   0  -0.000000       18.338        0.000     0.641809       15.030   3.39     0.643016        0.000     0.000000     0.000000     0.000000   0   0 
  1 308   0.635539       27.473        0.000     0.628786       22.845   5.15     0.633184        0.000     0.077427     0.253333     0.253333   0   0 
  2 308   0.470873       47.970        9.743     0.653144       26.022   5.87     0.637934        1.218     0.242428     0.280000     0.026667   0   0 
  3 308   0.466539       48.375        9.743     0.652317       26.022   5.87     0.637934        0.000     0.000000     0.320000     0.040000   0   0 
  4 308   0.468599       48.420        9.698     0.652262       26.022   5.87     0.637934        0.000     0.000000     0.373333     0.053333   0   0 
  5 308   0.469382       48.488        9.585     0.651891       26.022   5.87     0.637934        0.000     0.000000     0.400000     0.026667   0   0 
  6 308   0.469802       48.488        9.563     0.652387       26.022   5.87     0.637934        0.000     0.000000     0.426667     0.026667   0   0 
  7 308   0.567785       50.918        9.563     0.648921       28.517   6.43     0.628378        0.024     0.150498     0.480000     0.053333   0   0 
  8 308   0.499309       50.940        9.563     0.649083       28.517   6.43     0.628378        0.000     0.000000     0.546667     0.066667   0   0 
  9 308   0.500193       51.053        9.563     0.649047       28.517   6.43     0.628378        0.000     0.000000     0.600000     0.053333   0   0 
 10 308   0.500522       51.053        9.563     0.649133       28.517   6.43     0.628378        0.000     0.000000     0.626667     0.026667   0   0 
 11 308   0.508696       53.055        9.563     0.647449       30.830   6.96     0.623623        0.642     0.353300     0.746667     0.120000   0   0 
 12 308   0.499841       53.078        9.563     0.647386       30.830   6.96     0.623623        0.000     0.000000     0.813333     0.066667   0   0 
 13 308   0.501460       53.078        9.563     0.647531       30.830   6.96     0.623623        0.000     0.000000     0.840000     0.026667   0   0 
 14 308   0.502040       53.055        9.563     0.647660       30.830   6.96     0.623623        0.000     0.000000     0.893333     0.053333   0   0 
 15 308   0.502179       53.055        9.563     0.647713       30.830   6.96     0.623623        0.000     0.000000     0.946667     0.053333   0   0 
 16 308   0.502380       53.055        9.563     0.647744       30.830   6.96     0.623623        0.000     0.000000     1.013333     0.066667   0   0 
 17 308   0.502617       53.055        9.563     0.647788       30.830   6.96     0.623623        0.000     0.000000     1.080000     0.066667   0   0 
 18 308   0.504838       53.843        9.563     0.650357       31.715   7.16     0.627164        0.278     0.022277     1.120000     0.040000   0   0 
 19 308   0.502668       53.865        9.563     0.650838       31.715   7.16     0.627164        0.000     0.000000     1.160000     0.040000   0   0 
 20 308   0.503223       53.865        9.563     0.650943       31.715   7.16     0.627164        0.000     0.000000     1.293333     0.133333   0   0 
 21 308   0.505126       53.888        9.563     0.651268       31.865   7.19     0.627171        0.345     0.028932     1.360000     0.066667   0   0 
 22 308   0.507787       53.888        9.563     0.651351       31.865   7.19     0.627171        0.000     0.000000     1.373333     0.013333   0   0 
 23 308   0.508006       53.843        9.563     0.651412       31.865   7.19     0.627171        0.000     0.000000     1.413333     0.040000   0   0 
 24 308   0.508160       53.843        9.563     0.651428       31.865   7.19     0.627171        0.000     0.000000     1.440000     0.026667   0   0 
 25 308   0.508337       53.843        9.563     0.651460       31.865   7.19     0.627171        0.000     0.000000     1.480000     0.040000   0   0 
 26 308   0.508478       53.865        9.563     0.651303       31.865   7.19     0.627171        0.000     0.000000     1.560000     0.080000   0   0 
 27 308   0.508639       53.865        9.563     0.651316       31.865   7.19     0.627171        0.000     0.000000     1.573333     0.013333   0   0 
 28 308   0.508773       53.865        9.563     0.651425       31.865   7.19     0.627171        0.000     0.000000     1.586667     0.013333   0   0 
 29 308   0.508943       53.865        9.563     0.651430       31.865   7.19     0.627171        0.000     0.000000     1.626667     0.040000   0   0 
 30 308   0.509006       53.865        9.563     0.651437       31.865   7.19     0.627171        0.000     0.000000     1.640000     0.013333   0   0 
 31 308   0.509075       53.865        9.563     0.651439       31.865   7.19     0.627171        0.000     0.000000     1.666667     0.026667   0   0 
 32 308   0.509140       53.865        9.563     0.651453       31.865   7.19     0.627171        0.000     0.000000     1.693333     0.026667   0   0 
 33 308   0.509237       53.865        9.563     0.651471       31.865   7.19     0.627171        0.000     0.000000     1.720000     0.026667   0   0 
 34 308   0.509302       53.865        9.563     0.651479       31.865   7.19     0.627171        0.000     0.000000     1.760000     0.040000   0   0 
 35 308   0.509366       53.865        9.563     0.651483       31.865   7.19     0.627171        0.000     0.000000     1.786667     0.026667   0   0 
 36 308   0.509414       53.865        9.563     0.651489       31.865   7.19     0.627171        0.000     0.000000     1.813333     0.026667   0   0 
 37 308   0.509459       53.865        9.563     0.651497       31.865   7.19     0.627171        0.000     0.000000     1.853333     0.040000   0   0 
 38 308   0.509502       53.865        9.563     0.651501       31.865   7.19     0.627171        0.000     0.000000     1.906667     0.053333   0   0 
 39 308   0.509567       53.865        9.563     0.651508       31.865   7.19     0.627171        0.000     0.000000     1.906667     0.000000   0   0 
 40 308   0.509600       53.865        9.563     0.651516       31.865   7.19     0.627171        0.000     0.000000     1.933333     0.026667   0   0 
 41 308   0.509652       53.865        9.563     0.651517       31.865   7.19     0.627171        0.000     0.000000     1.960000     0.026667   0   0 
 42 308   0.509680       53.865        9.563     0.651519       31.865   7.19     0.627171        0.000     0.000000     2.040000     0.080000   0   0 
 43 308   0.509720       53.865        9.563     0.651520       31.865   7.19     0.627171        0.000     0.000000     2.093333     0.053333   0   0 
 44 308   0.509759       53.865        9.563     0.651522       31.865   7.19     0.627171        0.000     0.000000     2.160000     0.066667   0   0 
 45 308   0.509799       53.865        9.563     0.651523       31.865   7.19     0.627171        0.000     0.000000     2.186667     0.026667   0   0 
 46 308   0.509834       53.865        9.563     0.651524       31.865   7.19     0.627171        0.000     0.000000     2.280000     0.093333   0   0 
 47 308   0.509886       53.865        9.563     0.651525       31.865   7.19     0.627171        0.000     0.000000     2.306667     0.026667   0   0 
 48 308   0.509914       53.865        9.563     0.651529       31.865   7.19     0.627171        0.000     0.000000     2.333333     0.026667   0   0 
 49 308   0.509938       53.865        9.563     0.651532       31.865   7.19     0.627171        0.000     0.000000     2.373333     0.040000   0   0 
 50 308   0.509963       53.865        9.563     0.651563       31.865   7.19     0.627171        0.000     0.000000     2.386667     0.013333   0   0 
 51 308   0.509974       53.865        9.563     0.651564       31.865   7.19     0.627171        0.000     0.000000     2.400000     0.013333   0   0 
 52 308   0.509985       53.865        9.563     0.651569       31.865   7.19     0.627171        0.000     0.000000     2.453333     0.053333   0   0 
 53 308   0.510004       53.865        9.563     0.651308       31.865   7.19     0.627171        0.000     0.000000     2.493333     0.040000   0   0 
 54 308   0.510030       53.865        9.563     0.651312       31.865   7.19     0.627171        0.000     0.000000     2.520000     0.026667   0   0 
 55 308   0.510021       53.865        9.563     0.651316       31.865   7.19     0.627171        0.000     0.000000     2.586667     0.066667   0   0 
 56 308   0.510016       53.865        9.563     0.651319       31.865   7.19     0.627171        0.000     0.000000     2.653333     0.066667   0   0 
 57 308   0.510036       53.865        9.563     0.651324       31.865   7.19     0.627171        0.000     0.000000     2.666667     0.013333   0   0 
 58 308   0.510047       53.865        9.563     0.651326       31.865   7.19     0.627171        0.000     0.000000     2.733333     0.066667   0   0 
 59 308   0.510069       53.865        9.563     0.651326       31.865   7.19     0.627171        0.000     0.000000     2.760000     0.026667   0   0 
 60 308   0.510098       53.865        9.563     0.651326       31.865   7.19     0.627171        0.000     0.000000     2.800000     0.040000   0   0 
 61 308   0.510123       53.865        9.563     0.651327       31.865   7.19     0.627171        0.000     0.000000     2.866667     0.066667   0   0 
 62 308   0.510128       53.865        9.563     0.651328       31.865   7.19     0.627171        0.000     0.000000     2.866667     0.000000   0   0 
 63 308   0.510128       53.865        9.563     0.651328       31.865   7.19     0.627171        0.000     0.000000     2.920000     0.053333   0   0 
 64 308   0.510140       53.865        9.563     0.651328       31.865   7.19     0.627171        0.000     0.000000     2.946667     0.026667   0   0 
 65 308   0.510170       53.865        9.563     0.651328       31.865   7.19     0.627171        0.000     0.000000     2.973333     0.026667   0   0 
 66 308   0.510180       53.865        9.563     0.651331       31.865   7.19     0.627171        0.000     0.000000     3.000000     0.026667   0   0 
 67 308   0.510197       53.865        9.563     0.651332       31.865   7.19     0.627171        0.000     0.000000     3.013333     0.013333   0   0 
 68 308   0.510212       53.865        9.563     0.651333       31.865   7.19     0.627171        0.000     0.000000     3.066667     0.053333   0   0 
 69 308   0.510231       53.865        9.563     0.651337       31.865   7.19     0.627171        0.000     0.000000     3.120000     0.053333   0   0 
 70 308   0.510245       53.888        9.563     0.651451       31.865   7.19     0.627171        0.000     0.000000     3.133333     0.013333   0   0 
 71 308   0.510254       53.888        9.563     0.651451       31.865   7.19     0.627171        0.000     0.000000     3.160000     0.026667   0   0 
 72 308   0.510266       53.888        9.563     0.651453       31.865   7.19     0.627171        0.000     0.000000     3.200000     0.040000   0   0 
 73 308   0.510284       53.888        9.563     0.651457       31.865   7.19     0.627171        0.000     0.000000     3.226667     0.026667   0   0 
 74 308   0.510300       53.888        9.563     0.651458       31.865   7.19     0.627171        0.000     0.000000     3.253333     0.026667   0   0 
 75 308   0.510309       53.888        9.563     0.651458       31.865   7.19     0.627171        0.000     0.000000     3.306667     0.053333   0   0 
 76 308   0.510319       53.888        9.563     0.651458       31.865   7.19     0.627171        0.000     0.000000     3.333333     0.026667   0   0 
 77 308   0.510325       53.888        9.563     0.651458       31.865   7.19     0.627171        0.000     0.000000     3.373333     0.040000   0   0 
 78 308   0.510340       53.888        9.563     0.651459       31.865   7.19     0.627171        0.000     0.000000     3.426667     0.053333   0   0 
 79 308   0.510351       53.888        9.563     0.651459       31.865   7.19     0.627171        0.000     0.000000     3.453333     0.026667   0   0 
 80 308   0.510349       53.888        9.563     0.651460       31.865   7.19     0.627171        0.000     0.000000     3.506667     0.053333   0   0 
 81 308   0.510361       53.888        9.563     0.651462       31.865   7.19     0.627171        0.000     0.000000     3.533333     0.026667   0   0 
 82 308   0.510373       53.888        9.563     0.651462       31.865   7.19     0.627171        0.000     0.000000     3.573333     0.040000   0   0 
 83 308   0.510372       53.888        9.563     0.651468       31.865   7.19     0.627171        0.000     0.000000     3.600000     0.026667   0   0 
 84 308   0.510382       53.888        9.563     0.651468       31.865   7.19     0.627171        0.000     0.000000     3.626667     0.026667   0   0 
 85 308   0.510400       53.888        9.563     0.651468       31.865   7.19     0.627171        0.000     0.000000     3.666667     0.040000   0   0 
 86 308   0.510412       53.888        9.563     0.651475       31.865   7.19     0.627171        0.000     0.000000     3.680000     0.013333   0   0 
 87 308   0.510433       53.888        9.563     0.651475       31.865   7.19     0.627171        0.000     0.000000     3.733333     0.053333   0   0 
 88 308   0.510439       53.888        9.563     0.651476       31.865   7.19     0.627171        0.000     0.000000     3.786667     0.053333   0   0 
 89 308   0.510439       53.888        9.563     0.651477       31.865   7.19     0.627171        0.000     0.000000     3.813333     0.026667   0   0 
 90 308   0.510440       53.888        9.563     0.651477       31.865   7.19     0.627171        0.000     0.000000     3.866667     0.053333   0   0 
 91 308   0.510446       53.888        9.563     0.651479       31.865   7.19     0.627171        0.000     0.000000     3.893333     0.026667   0   0 
 92 308   0.510454       53.888        9.563     0.651479       31.865   7.19     0.627171        0.000     0.000000     3.920000     0.026667   0   0 
 93 308   0.510465       53.888        9.563     0.651482       31.865   7.19     0.627171        0.000     0.000000     3.946667     0.026667   0   0 
 94 308   0.510474       53.888        9.563     0.651482       31.865   7.19     0.627171        0.000     0.000000     3.973333     0.026667   0   0 
 95 308   0.510487       53.888        9.563     0.651483       31.865   7.19     0.627171        0.000     0.000000     4.013333     0.040000   0   0 
 96 308   0.510488       53.888        9.563     0.651496       31.865   7.19     0.627171        0.000     0.000000     4.040000     0.026667   0   0 
 97 308   0.510498       53.888        9.563     0.651496       31.865   7.19     0.627171        0.000     0.000000     4.106667     0.066667   0   0 
 98 308   0.510493       53.865        9.563     0.651398       31.865   7.19     0.627171        0.000     0.000000     4.120000     0.013333   0   0 
 99 308   0.510490       53.865        9.563     0.651398       31.865   7.19     0.627171        0.000     0.000000     4.160000     0.040000   0   0 
100 308   0.510495       53.865        9.563     0.651398       31.865   7.19     0.627171        0.000     0.000000     4.186667     0.026667   0   0 
