#scene........................: /home/eldamian/nbvEverardo/models/laboratory.wrl
#triangles....................: 361767
#Total triangles' area........: 443.205414 (m2)
#sensor aperture..............: 135.000000 x 70.000000 (deg)
#range image size.............: 350 x 80
#sensor blind distances.......: 0.500000 .. 30.000000 (m)
#sensor blind angle...........: 80.000000
#sensor Gaussian noise std dev: 0.012000 (m)
#views number.................: 100 
#optimization method..........: Evolution Strategy
#view iterations fitness vxl_occupied(m2) occplane(m2) vxl_quality tri_imaged(m2) tri_imaged(%) tri_quality travelled(m) energy total_time single_time backstep change
  0   0  -0.000000       18.338        0.000     0.641809       15.030   3.39     0.643016        0.000     0.000000     0.000000     0.000000   0   0 
  1 308   0.739210       27.473        0.000     0.628786       22.845   5.15     0.633184        0.000     0.077427     0.266667     0.266667   0   0 
  2 308   0.544815       47.970        9.743     0.653144       26.022   5.87     0.637934        1.218     0.242428     0.293333     0.026667   0   0 
  3 308   0.555080       48.375        9.743     0.652317       26.022   5.87     0.637934        0.000     0.000000     0.320000     0.026667   0   0 
  4 308   0.556080       48.420        9.698     0.652262       26.022   5.87     0.637934        0.000     0.000000     0.400000     0.080000   0   0 
  5 308   0.556453       48.488        9.585     0.651891       26.022   5.87     0.637934        0.000     0.000000     0.426667     0.026667   0   0 
  6 308   0.556652       48.488        9.563     0.652387       26.022   5.87     0.637934        0.000     0.000000     0.453333     0.026667   0   0 
  7 308   0.631869       50.918        9.563     0.648921       28.517   6.43     0.628378        0.024     0.150498     0.506667     0.053333   0   0 
  8 308   0.571821       50.940        9.563     0.649083       28.517   6.43     0.628378        0.000     0.000000     0.573333     0.066667   0   0 
  9 308   0.572238       51.053        9.563     0.649047       28.517   6.43     0.628378        0.000     0.000000     0.626667     0.053333   0   0 
 10 308   0.572426       51.053        9.563     0.649133       28.517   6.43     0.628378        0.000     0.000000     0.653333     0.026667   0   0 
 11 308   0.581861       74.205       32.378     0.639008       37.985   8.57     0.627628        0.514     0.492109     0.760000     0.106667   0   0 
 12 308   0.530750       74.430       31.028     0.638729       37.985   8.57     0.627628        0.000     0.000000     0.800000     0.040000   0   0 
 13 308   0.530006       74.003       30.893     0.639696       37.985   8.57     0.627628        0.000     0.000000     0.826667     0.026667   0   0 
 14 308   0.530389       73.958       30.195     0.640211       37.985   8.57     0.627628        0.000     0.000000     0.880000     0.053333   0   0 
 15 308   0.530517       73.755       30.060     0.641160       37.985   8.57     0.627628        0.000     0.000000     0.906667     0.026667   0   0 
 16 308   0.530647       73.800       29.993     0.641439       37.985   8.57     0.627628        0.000     0.000000     0.960000     0.053333   0   0 
 17 308   0.605763      135.473      120.825     0.606476       55.643  12.55     0.637904        0.330     0.203963     1.066667     0.106667   0   0 
 18 308   0.748630      166.163      112.230     0.610557       73.058  16.48     0.641256        4.316     0.197972     1.253333     0.186667   0   0 
 19 308   0.795805      174.420      107.213     0.618909       84.822  19.14     0.642822        3.127     0.006124     1.573333     0.320000   0   0 
 20 308   0.668420      212.400      253.035     0.633276       99.060  22.35     0.656292        0.759     0.365909     1.800000     0.226667   0   0 
 21 308   0.720279      235.373      236.655     0.637549      112.622  25.41     0.657893        4.462     0.298210     2.253333     0.453333   0   0 
 22 308   0.583887      237.870      231.930     0.646847      119.509  26.96     0.662011        2.290     0.031817     2.840000     0.586667   0   0 
 23 308   0.555135      246.038      225.540     0.651920      125.865  28.40     0.662539        3.752     0.268203     3.146667     0.306667   0   0 
 24 308   0.647922      247.343      214.470     0.663048      135.921  30.67     0.663996        0.546     0.088737     3.306667     0.160000   0   0 
 25 308   0.540672      248.063      212.153     0.670051      144.042  32.50     0.671574        0.059     0.118231     3.906667     0.600000   0   0 
 26 308   0.690039      248.783      197.640     0.681364      150.931  34.05     0.679187        2.239     0.181417     4.266667     0.360000   0   0 
 27 308   0.583968      286.943      175.748     0.666022      157.938  35.64     0.682167        1.495     0.171180     4.880000     0.613333   0   0 
 28 308   0.548083      288.563      169.628     0.666183      163.274  36.84     0.680738        3.723     0.010237     5.493333     0.613333   1   0 
 29 308   0.538811      288.833      169.628     0.669025      166.008  37.46     0.684940        0.200     0.155209     6.426667     0.933333   0   0 
 30 308   0.555674      289.823      168.503     0.670517      167.358  37.76     0.685814        2.427     0.495579     6.866667     0.440000   0   0 
 31 308   0.575879      289.823      167.828     0.670876      170.239  38.41     0.686568        3.104     0.005873     7.226667     0.360000   1   0 
 32 308   0.547201      290.183      167.153     0.677501      173.421  39.13     0.691386        3.752     0.024110     7.773333     0.546667   1   0 
 33 308   0.570979      291.375      166.928     0.679998      174.486  39.37     0.694028        6.011     0.003093     8.253333     0.480000   1   0 
 34 308   0.625688      316.800      185.580     0.690219      189.954  42.86     0.697424        5.668     0.003650     9.466667     1.213333   0   0 
 35 308   0.753857      346.500      181.980     0.682779      204.735  46.19     0.694906        1.072     0.231450    11.253333     1.786667   0   0 
 36 308   0.837821      371.363      139.883     0.680547      218.884  49.39     0.691326        1.310     0.052092    12.800000     1.546667   0   0 
 37 308   0.800156      379.463      137.160     0.681966      226.911  51.20     0.690893        1.113     0.287917    14.480000     1.680000   0   0 
 38 308   0.804148      391.883      126.698     0.690222      239.976  54.15     0.694422        1.172     0.258711    16.120000     1.640000   0   0 
 39 308   0.767858      394.245      124.448     0.691892      244.955  55.27     0.693216        0.931     0.204978    17.946667     1.826667   0   0 
 40 308   0.717867      415.305      107.820     0.705122      262.903  59.32     0.693871        0.648     0.379827    20.466667     2.520000   0   0 
 41 308   0.671404      430.740       75.488     0.713943      278.004  62.73     0.697303        1.042     0.248818    22.813333     2.346667   0   0 
 42 308   0.627716      442.238       57.915     0.720778      289.752  65.38     0.700446        0.081     0.168143    25.200000     2.386667   0   0 
 43 308   0.592266      453.915       33.255     0.730031      301.364  68.00     0.701259        2.599     0.337481    27.360000     2.160000   0   0 
 44 308   0.529500      454.478       33.233     0.730553      301.364  68.00     0.701259        3.663     0.087186    29.040000     1.680000   1   0 
 45 308   0.551928      457.088       32.468     0.737901      307.620  69.41     0.709824        3.758     0.112896    32.666667     3.626667   1   0 
 46 308   0.552357      457.043       32.423     0.741138      311.558  70.30     0.714702        0.201     0.151537    35.653333     2.986667   0   0 
 47 308   0.564013      457.223       32.423     0.742005      312.072  70.41     0.716846        5.843     0.009204    37.893333     2.240000   1   0 
 48 308   0.555886      457.313       32.423     0.742540      312.106  70.42     0.717702        0.632     0.028247    38.440000     0.546667   0   0 
 49 308   0.566883      457.133       32.423     0.742540      312.106  70.42     0.717702        0.000     0.000000    39.080000     0.640000   0   1 
 50 308   0.230041      457.178       32.423     0.742660      312.106  70.42     0.717702        6.036     0.019043    39.786667     0.706667   1   1 
 51 308   0.513226      459.810       31.298     0.743362      315.040  71.08     0.716844        3.453     0.264285    40.800000     1.013333   0   1 
 52 308   0.242473      459.900       31.185     0.744840      316.618  71.44     0.717242        0.784     0.147238    41.573333     0.773333   0   1 
 53 308   0.252491      459.720       30.915     0.745627      317.275  71.59     0.718087        0.428     0.016265    42.160000     0.586667   0   1 
 54 308   0.253805      459.518       30.915     0.747027      320.349  72.28     0.716177        3.765     0.009143    43.013333     0.853333   1   1 
 55 308   0.199783      461.790       31.118     0.749818      321.937  72.64     0.719022        1.451     0.300487    45.080000     2.066667   0   1 
 56 308   0.355428      462.600       26.258     0.751854      328.069  74.02     0.715676        4.640     0.138644    47.266667     2.186667   0   1 
 57 308   0.189093      462.353       26.010     0.752424      329.529  74.35     0.716430        4.527     0.283167    50.773333     3.506667   0   1 
 58 308   0.238556      462.735       24.953     0.754892      331.904  74.89     0.719683        0.239     0.173687    54.280000     3.506667   0   1 
 59 308   0.243181      462.780       24.593     0.755542      332.818  75.09     0.720711        0.009     0.059509    56.946667     2.666667   0   1 
 60 308   0.322985      463.883       23.108     0.756420      335.677  75.74     0.720310        4.370     0.300395    58.560000     1.613333   0   1 
 61 308   0.266500      464.378       22.320     0.756723      336.521  75.93     0.720322        5.846     0.221456    60.413333     1.853333   0   1 
 62 308   0.253359      464.378       22.320     0.756766      336.521  75.93     0.720386        0.376     0.008056    62.280000     1.866667   0   1 
 63 308   0.258969      465.480       21.398     0.760859      339.923  76.70     0.723432        6.178     0.026050    63.946667     1.666667   1   1 
 64 308   0.210802      465.120       21.128     0.764421      345.323  77.91     0.727702        2.586     0.121235    67.906667     3.960000   0   1 
 65 308   0.232881      464.918       21.105     0.767341      348.448  78.62     0.733763        0.898     0.294268    72.360000     4.453333   0   1 
 66 308   0.253536      465.008       20.925     0.768996      350.307  79.04     0.736199        3.388     0.305578    76.280000     3.920000   1   1 
 67 308   0.216240      464.963       20.925     0.769677      351.939  79.41     0.737580        2.657     0.211312    79.893333     3.613333   0   1 
 68 308   0.284678      467.078       19.845     0.769988      354.827  80.06     0.736833        4.789     0.554725    80.560000     0.666667   0   1 
 69 308   0.223657      467.708       19.620     0.771915      355.661  80.25     0.738903        4.789     0.200708    81.160000     0.600000   1   1 
 70 308   0.229979      467.483       19.215     0.772963      356.098  80.35     0.740035        1.112     0.164728    84.413333     3.253333   0   1 
 71 308   0.241198      467.483       19.215     0.773008      356.098  80.35     0.740035        3.640     0.266115    87.960000     3.546667   1   1 
 72 308   0.224191      467.483       19.215     0.773160      356.196  80.37     0.740184        0.517     0.111997    89.013333     1.053333   0   1 
 73 308   0.234114      467.213       19.215     0.773312      356.377  80.41     0.740510        4.099     0.298322    90.213333     1.200000   1   1 
 74 308   0.240443      467.078       19.215     0.773640      356.505  80.44     0.740757        0.069     0.133951    93.080000     2.866667   0   1 
 75 308   0.243997      467.213       18.855     0.774551      358.792  80.95     0.739954        4.780     0.320541    96.173333     3.093333   1   1 
 76 308   0.224695      467.258       18.855     0.775492      359.185  81.04     0.740893        0.436     0.177337    97.506667     1.333333   0   1 
 77 308   0.241721      467.145       18.855     0.777093      360.055  81.24     0.741336        5.001     0.023320    99.040000     1.533333   1   1 
 78 308   0.214177      467.055       18.855     0.778234      360.687  81.38     0.742165        3.945     0.104130   100.426667     1.386667   1   1 
 79 308   0.230554      466.808       18.833     0.778326      360.734  81.39     0.742211        0.229     0.217863   103.506667     3.080000   0   1 
 80 308   0.239363      466.808       18.833     0.779200      361.038  81.46     0.743067        3.868     0.159067   106.866667     3.360000   1   1 
 81 308   0.234873      466.875       18.833     0.779314      361.112  81.48     0.743151        0.526     0.151925   107.853333     0.986667   0   1 
 82 308   0.247453      466.875       18.833     0.779345      361.127  81.48     0.743196        0.208     0.008024   109.253333     1.400000   0   1 
 83 308   0.249643      466.538       18.833     0.782652      361.876  81.65     0.746706        3.324     0.189417   110.560000     1.306667   1   1 
 84 308   0.229298      466.313       18.833     0.782685      361.881  81.65     0.746751        1.376     0.169396   113.480000     2.920000   0   1 
 85 308   0.243029      466.088       18.833     0.783239      361.963  81.67     0.747501        3.634     0.240621   116.226667     2.746667   1   1 
 86 308   0.216604      465.548       18.810     0.783524      362.035  81.69     0.747644        5.103     0.013950   117.480000     1.253333   0   1 
 87 308   0.248359      465.413       18.810     0.783793      362.035  81.69     0.747794        0.167     0.005452   119.186667     1.706667   0   1 
 88 308   0.255565      465.413       18.810     0.783924      362.035  81.69     0.747927        0.160     0.000570   121.000000     1.813333   0   1 
 89 308   0.258341      465.075       18.788     0.783999      362.035  81.69     0.747927        5.413     0.019972   122.373333     1.373333   1   1 
 90 308   0.212569      464.265       18.743     0.784607      362.140  81.71     0.748617        2.067     0.218192   125.840000     3.466667   0   1 
 91 308   0.234440      464.040       18.743     0.784690      362.218  81.73     0.748578        1.329     0.062701   128.786667     2.946667   0   1 
 92 308   0.244141      463.815       18.743     0.784791      362.218  81.73     0.748578        3.179     0.280892   132.053333     3.266667   1   1 
 93 308   0.214547      463.658       18.720     0.784835      362.248  81.73     0.748643        2.736     0.203738   135.373333     3.320000   0   1 
 94 308   0.239416      463.478       18.720     0.784966      362.310  81.75     0.748676        0.389     0.102455   138.906667     3.533333   0   1 
 95 308   0.243816      463.478       18.720     0.785071      362.471  81.78     0.748715        8.432     0.309843   142.600000     3.693333   1   1 
 96 308   0.224117      463.478       18.720     0.785206      362.538  81.80     0.748927        0.255     0.164695   143.093333     0.493333   0   1 
 97 308   0.231904      463.478       18.720     0.785518      362.590  81.81     0.749261        0.232     0.016128   143.666667     0.573333   0   1 
 98 308   0.234278      463.883       18.180     0.786743      364.091  82.15     0.749238        5.647     0.031748   144.306667     0.640000   1   1 
 99 308   0.342229      465.458       16.943     0.788550      367.174  82.85     0.748776        1.736     0.020476   144.706667     0.400000   0   1 
100 308   0.222091      465.458       16.943     0.790172      368.037  83.04     0.749442        4.266     0.003634   145.266667     0.560000   1   1 
