#scene........................: /home/eldamian/nbvEverardo/models/laboratory.wrl
#triangles....................: 361767
#Total triangles' area........: 443.205414 (m2)
#sensor aperture..............: 135.000000 x 70.000000 (deg)
#range image size.............: 350 x 80
#sensor blind distances.......: 0.500000 .. 30.000000 (m)
#sensor blind angle...........: 80.000000
#sensor Gaussian noise std dev: 0.012000 (m)
#views number.................: 100 
#optimization method..........: Simulated Annealing
#view iterations fitness vxl_occupied(m2) occplane(m2) vxl_quality tri_imaged(m2) tri_imaged(%) tri_quality travelled(m) energy total_time single_time backstep change
  0   0  -0.000000       18.338        0.000     0.641809       15.030   3.39     0.643016        0.000     0.000000     0.000000     0.000000   0   0 
  1 300   0.767005       27.473        0.000     0.628786       22.845   5.15     0.633184        0.000     0.077427     0.293333     0.293333   0   0 
  2 300   0.753284       72.855       40.680     0.559641       31.879   7.19     0.626620        0.000     0.109925     0.640000     0.346667   0   0 
  3 300   0.564819      100.328       61.515     0.605426       48.924  11.04     0.660668        5.776     0.462175     0.720000     0.080000   0   0 
  4 300   0.689271      112.163       65.768     0.639529       61.324  13.84     0.686135        1.633     0.158356     0.800000     0.080000   0   0 
  5 300   0.757287      122.850       65.948     0.630360       67.184  15.16     0.686565        0.265     0.186113     1.053333     0.253333   0   0 
  6 300   0.688161      145.283       82.688     0.617401       79.540  17.95     0.665273        7.236     0.133079     1.173333     0.120000   1   0 
  7 300   0.589961      150.840       75.848     0.641274       90.405  20.40     0.682388        4.050     0.331583     1.480000     0.306667   0   0 
  8 300   0.734131      156.173       70.538     0.653141       97.258  21.94     0.682403        1.857     0.188432     1.866667     0.386667   0   0 
  9 300   0.643500      156.195       70.538     0.653254       97.258  21.94     0.682403        5.832     0.145313     2.160000     0.293333   1   0 
 10 300   0.517317      155.723       68.265     0.664774      100.596  22.70     0.684269        7.359     0.134082     2.266667     0.106667   0   0 
 11 300   0.698399      155.633       68.220     0.666812      101.197  22.83     0.685430        0.243     0.113876     2.520000     0.253333   0   0 
 12 300   0.734551      156.465       68.670     0.672570      103.146  23.27     0.687982        2.421     0.169038     2.853333     0.333333   0   0 
 13 300   0.746340      159.278       68.490     0.677003      108.125  24.40     0.686802        7.637     0.135662     3.120000     0.266667   1   0 
 14 300   0.533197      158.580       67.725     0.703818      114.003  25.72     0.706144        2.289     0.425523     3.253333     0.133333   0   0 
 15 300   0.658482      158.850       67.725     0.704207      114.003  25.72     0.706144        0.000     0.000000     3.440000     0.186667   0   0 
 16 300   0.663912      158.895       67.725     0.704353      114.003  25.72     0.706144        0.000     0.000000     3.626667     0.186667   0   0 
 17 300   0.679006      162.630       59.895     0.719946      122.683  27.68     0.718409        3.428     0.011052     3.880000     0.253333   0   0 
 18 300   0.719113      164.993       61.695     0.722667      126.885  28.63     0.713641        0.600     0.257332     4.280000     0.400000   0   0 
 19 300   0.666440      165.398       61.695     0.728548      127.581  28.79     0.717413        3.731     0.009626     4.693333     0.413333   1   0 
 20 300   0.678610      165.218       61.695     0.728659      127.581  28.79     0.717413        0.000     0.000000     4.946667     0.253333   0   0 
 21 300   0.666059      165.218       61.695     0.728857      127.581  28.79     0.717413        0.000     0.000000     5.346667     0.400000   0   0 
 22 300   0.677359      165.218       61.695     0.728942      127.581  28.79     0.717413        0.000     0.000000     5.586667     0.240000   0   0 
 23 300   0.677166      165.218       61.695     0.729032      127.581  28.79     0.717413        0.000     0.000000     5.906667     0.320000   0   0 
 24 300   0.682584      165.218       61.695     0.729049      127.581  28.79     0.717413        0.000     0.000000     6.280000     0.373333   0   0 
 25 300   0.683813      165.173       61.695     0.729086      127.581  28.79     0.717413        0.000     0.000000     6.626667     0.346667   0   0 
 26 300   0.684518      165.173       61.695     0.729113      127.581  28.79     0.717413        0.000     0.000000     6.960000     0.333333   0   0 
 27 300   0.686758      165.173       61.695     0.729124      127.581  28.79     0.717413        0.000     0.000000     7.240000     0.280000   0   0 
 28 300   0.685237      165.173       61.695     0.729137      127.581  28.79     0.717413        0.000     0.000000     7.826667     0.586667   0   0 
 29 300   0.687613      165.173       61.695     0.729210      127.581  28.79     0.717413        0.000     0.000000     8.200000     0.373333   0   0 
 30 300   0.687249      165.173       61.695     0.729218      127.581  28.79     0.717413        0.000     0.000000     8.426667     0.226667   0   0 
 31 300   0.688363      165.173       61.695     0.729262      127.581  28.79     0.717413        0.000     0.000000     8.693333     0.266667   0   0 
 32 300   0.688094      165.173       61.695     0.729269      127.581  28.79     0.717413        0.000     0.000000     8.946667     0.253333   0   0 
 33 300   0.688531      165.173       61.695     0.729271      127.581  28.79     0.717413        0.000     0.000000     9.253333     0.306667   0   0 
 34 300   0.688884      165.173       61.695     0.729279      127.581  28.79     0.717413        0.000     0.000000     9.600000     0.346667   0   0 
 35 300   0.688518      165.173       61.695     0.729264      127.581  28.79     0.717413        0.000     0.000000     9.986667     0.386667   0   0 
 36 300   0.688118      165.173       61.695     0.729302      127.581  28.79     0.717413        0.000     0.000000    10.253333     0.266667   0   0 
 37 300   0.688266      165.173       61.695     0.729306      127.581  28.79     0.717413        0.000     0.000000    10.586667     0.333333   0   0 
 38 300   0.687914      165.173       61.695     0.729311      127.581  28.79     0.717413        0.000     0.000000    11.013333     0.426667   0   0 
 39 300   0.688889      165.128       61.695     0.729287      127.581  28.79     0.717413        0.000     0.000000    11.226667     0.213333   0   0 
 40 300   0.686991      165.128       61.695     0.729290      127.581  28.79     0.717413        0.000     0.000000    11.533333     0.306667   0   0 
 41 300   0.687381      165.128       61.695     0.729294      127.581  28.79     0.717413        0.000     0.000000    11.760000     0.226667   0   0 
 42 300   0.687857      165.128       61.695     0.729296      127.581  28.79     0.717413        0.000     0.000000    12.026667     0.266667   0   0 
 43 300   0.688074      165.128       61.695     0.729308      127.581  28.79     0.717413        0.000     0.000000    12.533333     0.506667   0   0 
 44 300   0.689120      165.128       61.695     0.729313      127.581  28.79     0.717413        0.000     0.000000    12.693333     0.160000   0   0 
 45 300   0.689297      165.128       61.695     0.729267      127.581  28.79     0.717413        0.000     0.000000    13.080000     0.386667   0   0 
 46 300   0.688174      165.128       61.695     0.729277      127.581  28.79     0.717413        0.000     0.000000    13.386667     0.306667   0   0 
 47 300   0.689206      165.128       61.695     0.729280      127.581  28.79     0.717413        0.000     0.000000    13.706667     0.320000   0   0 
 48 300   0.689304      165.128       61.695     0.729254      127.581  28.79     0.717413        0.000     0.000000    14.133333     0.426667   0   0 
 49 300   0.690016      165.128       61.695     0.729262      127.581  28.79     0.717413        0.000     0.000000    14.453333     0.320000   0   0 
 50 300   0.689688      165.128       61.695     0.729265      127.581  28.79     0.717413        0.000     0.000000    14.720000     0.266667   0   0 
 51 300   0.689765      165.128       61.695     0.729270      127.581  28.79     0.717413        0.000     0.000000    14.933333     0.213333   0   0 
 52 300   0.690368      165.128       61.695     0.729278      127.581  28.79     0.717413        0.000     0.000000    15.360000     0.426667   0   0 
 53 300   0.690699      165.128       61.695     0.729285      127.581  28.79     0.717413        0.000     0.000000    15.653333     0.293333   0   0 
 54 300   0.690395      165.128       61.695     0.729287      127.581  28.79     0.717413        0.000     0.000000    15.946667     0.293333   0   0 
 55 300   0.690731      165.128       61.695     0.729295      127.581  28.79     0.717413        0.000     0.000000    16.266667     0.320000   0   0 
 56 300   0.690178      165.128       61.695     0.729307      127.581  28.79     0.717413        0.000     0.000000    16.600000     0.333333   0   0 
 57 300   0.690539      165.128       61.695     0.729312      127.581  28.79     0.717413        0.000     0.000000    16.760000     0.160000   0   0 
 58 300   0.690216      165.128       61.695     0.729312      127.581  28.79     0.717413        0.000     0.000000    17.106667     0.346667   0   0 
 59 300   0.690547      165.128       61.695     0.729314      127.581  28.79     0.717413        0.000     0.000000    17.560000     0.453333   0   0 
 60 300   0.690496      165.128       61.695     0.729315      127.581  28.79     0.717413        0.000     0.000000    17.746667     0.186667   0   0 
 61 300   0.690032      165.128       61.695     0.729327      127.581  28.79     0.717413        0.000     0.000000    18.080000     0.333333   0   0 
 62 300   0.689822      165.128       61.695     0.729328      127.581  28.79     0.717413        0.000     0.000000    18.253333     0.173333   0   0 
 63 300   0.700977      177.998       39.465     0.722465      134.680  30.39     0.709891        4.625     0.167804    18.320000     0.066667   0   0 
 64 300   0.646131      178.268       37.980     0.726434      136.390  30.77     0.715221        0.702     0.174020    18.466667     0.146667   0   0 
 65 300   0.671311      178.268       37.980     0.726587      136.390  30.77     0.715221        4.150     0.006215    18.813333     0.346667   1   0 
 66 300   0.659694      178.268       37.980     0.726616      136.390  30.77     0.715221        0.000     0.000000    19.306667     0.493333   0   0 
 67 300   0.657111      178.223       37.980     0.726671      136.390  30.77     0.715221        0.000     0.000000    19.733333     0.426667   0   0 
 68 300   0.656691      178.223       37.980     0.726703      136.390  30.77     0.715221        0.000     0.000000    20.080000     0.346667   0   0 
 69 300   0.660125      178.223       37.980     0.726710      136.390  30.77     0.715221        0.000     0.000000    20.493333     0.413333   0   0 
 70 300   0.659718      178.178       37.980     0.726679      136.390  30.77     0.715221        0.000     0.000000    20.973333     0.480000   0   0 
 71 300   0.661831      178.133       37.980     0.726643      136.390  30.77     0.715221        0.000     0.000000    21.453333     0.480000   0   0 
 72 300   0.661792      178.133       37.980     0.726657      136.390  30.77     0.715221        0.000     0.000000    21.666667     0.213333   0   0 
 73 300   0.672089      178.650       38.408     0.730985      137.123  30.94     0.721200        0.509     0.008736    21.893333     0.226667   0   0 
 74 300   0.675521      178.650       38.408     0.731205      137.123  30.94     0.721200        0.000     0.000000    22.200000     0.306667   0   0 
 75 300   0.677278      178.830       38.408     0.731246      137.123  30.94     0.721200        0.000     0.000000    22.520000     0.320000   0   0 
 76 300   0.678447      178.785       38.408     0.731337      137.123  30.94     0.721200        0.000     0.000000    22.920000     0.400000   0   0 
 77 300   0.679828      178.830       38.408     0.731391      137.123  30.94     0.721200        0.000     0.000000    23.466667     0.546667   0   0 
 78 300   0.678730      178.740       38.408     0.731381      137.123  30.94     0.721200        0.000     0.000000    23.853333     0.386667   0   0 
 79 300   0.678916      187.425       32.963     0.732164      141.663  31.96     0.719398        1.190     0.260859    24.253333     0.400000   0   0 
 80 300   0.586325      194.085       24.030     0.733931      149.611  33.76     0.722823        3.053     0.021786    24.680000     0.426667   0   0 
 81 300   0.674458      194.513       23.288     0.738280      151.982  34.29     0.727231        0.471     0.114375    25.253333     0.573333   0   0 
 82 300   0.698377      194.850       21.623     0.739735      153.185  34.56     0.728474        3.490     0.017335    25.586667     0.333333   1   0 
 83 300   0.617725      195.008       21.690     0.739729      153.185  34.56     0.728474        0.000     0.000000    26.000000     0.413333   0   0 
 84 300   0.620890      195.008       21.690     0.739846      153.185  34.56     0.728474        0.000     0.000000    26.306667     0.306667   0   0 
 85 300   0.620003      194.985       21.668     0.740020      153.185  34.56     0.728474        0.000     0.000000    26.600000     0.293333   0   0 
 86 300   0.643284      195.975       18.270     0.739414      154.957  34.96     0.726144        2.874     0.114197    27.080000     0.480000   0   0 
 87 300   0.674804      196.133       18.113     0.739968      155.450  35.07     0.727180        1.392     0.112520    27.480000     0.400000   0   0 
 88 300   0.708819      196.133       18.113     0.740077      155.450  35.07     0.727180        3.320     0.006868    27.920000     0.440000   1   0 
 89 300   0.658604      196.335       18.023     0.744782      156.455  35.30     0.733320        0.269     0.190908    28.440000     0.520000   0   0 
 90 300   0.679043      196.380       18.023     0.745029      156.455  35.30     0.733320        0.000     0.000000    28.973333     0.533333   0   0 
 91 300   0.679039      196.560       18.023     0.745153      156.455  35.30     0.733320        0.000     0.000000    29.400000     0.426667   0   0 
 92 300   0.679061      196.673       18.000     0.745175      156.455  35.30     0.733320        0.000     0.000000    29.746667     0.346667   0   0 
 93 300   0.679022      196.628       18.000     0.745218      156.455  35.30     0.733320        0.000     0.000000    30.120000     0.373333   0   0 
 94 300   0.678945      196.988       18.000     0.745287      156.455  35.30     0.733320        0.000     0.000000    30.400000     0.280000   0   0 
 95 300   0.679053      197.033       18.000     0.745371      156.455  35.30     0.733320        0.000     0.000000    30.680000     0.280000   0   0 
 96 300   0.679141      197.078       18.000     0.745312      156.455  35.30     0.733320        0.000     0.000000    30.960000     0.280000   0   0 
 97 300   0.679180      197.078       18.000     0.745445      156.455  35.30     0.733320        0.000     0.000000    31.253333     0.293333   0   0 
 98 300   0.679223      197.348       18.000     0.745473      156.455  35.30     0.733320        0.000     0.000000    31.880000     0.626667   0   0 
 99 300   0.679190      197.438       18.000     0.745516      156.455  35.30     0.733320        0.000     0.000000    32.120000     0.240000   0   0 
100 300   0.679311      197.483       18.000     0.745576      156.455  35.30     0.733320        0.000     0.000000    32.506667     0.386667   0   0 
