#scene........................: /home/eldamian/nbvEverardo/models/laboratory.wrl
#triangles....................: 361767
#Total triangles' area........: 443.205414 (m2)
#sensor aperture..............: 135.000000 x 70.000000 (deg)
#range image size.............: 350 x 80
#sensor blind distances.......: 0.500000 .. 30.000000 (m)
#sensor blind angle...........: 80.000000
#sensor Gaussian noise std dev: 0.012000 (m)
#views number.................: 100 
#optimization method..........: Simulated Annealing
#view iterations fitness vxl_occupied(m2) occplane(m2) vxl_quality tri_imaged(m2) tri_imaged(%) tri_quality travelled(m) energy total_time single_time backstep change
  0   0  -0.000000       18.338        0.000     0.641809       15.030   3.39     0.643016        0.000     0.000000     0.000000     0.000000   0   0 
  1 300   0.635539       27.473        0.000     0.628786       22.845   5.15     0.633184        0.000     0.077427     0.293333     0.293333   0   0 
  2 300   0.616743       72.855       40.680     0.559641       31.879   7.19     0.626620        0.000     0.109925     0.653333     0.360000   0   0 
  3 300   0.632657      100.328       61.515     0.605426       48.924  11.04     0.660668        5.776     0.462175     0.706667     0.053333   0   0 
  4 300   0.676240      119.520       59.648     0.644094       66.291  14.96     0.682224        1.813     0.491301     0.813333     0.106667   0   0 
  5 300   0.614453      131.648       52.808     0.655864       75.824  17.11     0.689165        1.286     0.428916     1.066667     0.253333   0   0 
  6 300   0.599453      157.635       51.165     0.635544       89.637  20.22     0.679451        2.683     0.252773     1.200000     0.133333   0   0 
  7 300   0.616272      160.403       47.768     0.639624       93.774  21.16     0.673483        2.592     0.348239     1.520000     0.320000   0   0 
  8 300   0.506812      161.843       47.048     0.643993       98.318  22.18     0.670131        1.326     0.266099     1.826667     0.306667   0   0 
  9 300   0.521680      170.235       38.093     0.658620      108.993  24.59     0.670807        3.712     0.337440     1.973333     0.146667   0   0 
 10 300   0.499965      173.385       31.770     0.669408      115.678  26.10     0.678714        1.215     0.340656     2.253333     0.280000   0   0 
 11 300   0.519333      217.328       77.400     0.642779      121.789  27.48     0.677305        0.146     0.337260     2.586667     0.333333   0   0 
 12 300   0.534018      219.825       71.528     0.657705      130.446  29.43     0.686465        3.815     0.449098     3.000000     0.413333   0   0 
 13 300   0.468859      218.970       70.650     0.662963      132.749  29.95     0.686566        1.932     0.683280     3.266667     0.266667   0   0 
 14 300   0.474938      220.005       68.670     0.664827      134.968  30.45     0.685895        3.030     0.001058     3.586667     0.320000   1   0 
 15 300   0.480636      224.730      326.633     0.674941      140.486  31.70     0.698882        1.358     0.294910     3.866667     0.280000   0   0 
 16 300   0.519242      264.083      189.225     0.678103      156.867  35.39     0.700279        6.094     0.031223     4.360000     0.493333   0   0 
 17 300   0.653731      267.458      187.425     0.676947      159.971  36.09     0.697634        1.565     0.282453     4.733333     0.373333   0   0 
 18 300   0.496320      267.368      187.335     0.677783      160.611  36.24     0.697476        7.617     0.025362     5.173333     0.440000   1   0 
 19 300   0.552601      269.100      186.435     0.678693      162.319  36.62     0.697255        6.450     0.022521     5.613333     0.440000   0   0 
 20 300   0.484764      269.100      186.435     0.678741      162.319  36.62     0.697255        6.450     0.022521     5.960000     0.346667   1   0 
 21 300   0.466341      270.450      185.333     0.682961      163.642  36.92     0.703105        7.053     0.160925     6.440000     0.480000   1   0 
 22 300   0.421459      270.338      185.220     0.687829      166.442  37.55     0.701940        4.263     0.155592     6.746667     0.306667   0   0 
 23 300   0.485776      273.015      183.488     0.692299      169.413  38.22     0.703591        5.655     0.444287     7.053333     0.306667   0   0 
 24 300   0.521046      274.883      182.250     0.699356      172.331  38.88     0.707834        5.655     0.021714     7.506667     0.453333   1   0 
 25 300   0.477688      275.130      181.755     0.710405      176.634  39.85     0.719965        0.737     0.132237     8.213333     0.706667   0   0 
 26 300   0.552804      280.215      192.938     0.710242      177.435  40.03     0.719033        6.636     0.303988     8.706667     0.493333   0   0 
 27 300   0.510420      281.768      191.453     0.711796      179.425  40.48     0.718719        6.636     0.027397     9.013333     0.306667   1   0 
 28 300   0.451475      281.768      191.453     0.713849      179.871  40.58     0.720258        3.967     0.367733     9.546667     0.533333   0   0 
 29 300   0.507352      281.565      191.430     0.716933      181.227  40.89     0.722249        3.967     0.013716     9.906667     0.360000   1   0 
 30 300   0.482375      281.453      191.408     0.717553      181.341  40.92     0.722554        3.774     0.001955    10.146667     0.240000   0   0 
 31 300   0.669111      281.835      190.395     0.720445      183.042  41.30     0.724147        2.811     0.173724    10.506667     0.360000   0   0 
 32 300   0.557589      281.700      190.305     0.721091      183.897  41.49     0.723251        4.527     0.005103    10.880000     0.373333   1   0 
 33 300   0.433944      282.150      189.855     0.723432      185.068  41.76     0.724521        0.560     0.133227    11.226667     0.346667   0   0 
 34 300   0.455077      282.150      189.855     0.725579      185.835  41.93     0.725749        1.437     0.262960    11.813333     0.586667   0   0 
 35 300   0.498025      282.150      189.855     0.725618      185.835  41.93     0.725749        0.000     0.000000    12.120000     0.306667   0   1 
 36 300   0.235345      282.195      189.855     0.726837      186.137  42.00     0.726767        5.399     0.035458    12.480000     0.360000   1   1 
 37 300   0.255281      282.195      189.855     0.727187      186.462  42.07     0.726616        4.527     0.005103    12.920000     0.440000   1   1 
 38 300   0.217093      282.240      189.810     0.727738      186.673  42.12     0.727144        3.967     0.013716    13.320000     0.400000   1   1 
 39 300   0.231255      282.240      189.810     0.727783      186.673  42.12     0.727144        3.967     0.013716    13.813333     0.493333   1   1 
 40 300   0.225172      282.240      189.810     0.727784      186.674  42.12     0.727159        3.753     0.176775    14.066667     0.253333   0   1 
 41 300   0.260473      282.353      189.788     0.727912      187.212  42.24     0.727720        3.753     0.010108    14.533333     0.466667   1   1 
 42 300   0.234632      285.638      186.728     0.729999      190.534  42.99     0.728758        5.610     0.194366    15.120000     0.586667   0   1 
 43 300   0.209596      286.448      184.838     0.733510      193.231  43.60     0.733304        1.040     0.273945    15.533333     0.413333   0   1 
 44 300   0.222762      286.313      184.838     0.734392      193.402  43.64     0.733612        2.080     0.171159    15.946667     0.413333   0   1 
 45 300   0.244619      286.313      184.838     0.736113      194.060  43.79     0.733777        0.836     0.081721    16.333333     0.386667   0   1 
 46 300   0.252112      286.830      185.580     0.736256      194.403  43.86     0.733564        5.948     0.018448    16.640000     0.306667   1   1 
 47 300   0.202684      286.830      185.580     0.736821      194.522  43.89     0.734193        3.641     0.169449    17.053333     0.413333   0   1 
 48 300   0.240844      286.943      185.603     0.736847      194.706  43.93     0.734023        3.641     0.002782    17.306667     0.253333   1   1 
 49 300   0.197624      286.988      185.513     0.737930      194.902  43.98     0.735326        2.810     0.203170    17.746667     0.440000   0   1 
 50 300   0.220408      288.248      185.558     0.738108      194.941  43.98     0.735359        4.978     0.011578    18.253333     0.506667   1   1 
 51 300   0.267032      288.293      185.558     0.738952      195.330  44.07     0.736540        6.636     0.027397    18.693333     0.440000   1   1 
 52 300   0.211035      288.900      185.265     0.739293      195.374  44.08     0.737037        6.392     0.000598    18.973333     0.280000   1   1 
 53 300   0.262322      289.080      185.265     0.740401      195.913  44.20     0.737752        5.655     0.021714    19.373333     0.400000   1   1 
 54 300   0.211779      289.215      185.220     0.740556      195.951  44.21     0.738283        2.202     0.010654    20.013333     0.640000   0   1 
 55 300   0.225935      290.318      184.973     0.744921      197.989  44.67     0.740767        6.244     0.166246    20.386667     0.373333   1   1 
 56 300   0.446705      340.673      200.948     0.736236      220.917  49.85     0.735546        4.113     0.255123    20.760000     0.373333   0   1 
 57 300   0.485068      352.913      168.953     0.734459      232.570  52.47     0.729372        4.336     0.578770    22.133333     1.373333   0   1 
 58 300   0.428327      379.553      136.823     0.750109      255.554  57.66     0.730273        4.200     0.217900    23.466667     1.333333   0   1 
 59 300   0.427747      396.923      121.680     0.753169      272.204  61.42     0.732842        0.557     0.516772    25.693333     2.226667   0   1 
 60 300   0.388160      421.245       98.123     0.751163      286.926  64.74     0.729358        2.474     0.304397    27.906667     2.213333   0   1 
 61 300   0.295739      434.993       80.370     0.757919      302.348  68.22     0.730614        0.887     0.337100    29.946667     2.040000   0   1 
 62 300   0.266120      443.093       64.508     0.761580      311.558  70.30     0.733749        1.232     0.501227    32.333333     2.386667   0   1 
 63 300   0.226890      453.465       57.600     0.761670      319.428  72.07     0.734185        1.065     0.130519    35.013333     2.680000   0   1 
 64 300   0.245993      457.088       64.755     0.763099      322.264  72.71     0.733906        3.706     0.127320    37.706667     2.693333   0   1 
 65 300   0.225672      457.155       64.643     0.763337      322.264  72.71     0.733906        3.706     0.127320    40.840000     3.133333   1   1 
 66 300   0.217227      459.023       58.860     0.769149      327.760  73.95     0.738644        0.937     0.346941    43.000000     2.160000   0   1 
 67 300   0.236770      468.405       40.320     0.773099      334.215  75.41     0.739005        3.467     0.290140    45.506667     2.506667   1   1 
 68 300   0.216119      468.923       39.353     0.773661      337.054  76.05     0.737345        0.113     0.147618    48.346667     2.840000   0   1 
 69 300   0.259838      470.205       39.218     0.775343      340.400  76.80     0.736890        3.330     0.171708    50.613333     2.266667   0   1 
 70 300   0.242795      470.273       39.060     0.775761      340.983  76.94     0.736687        3.330     0.025726    53.093333     2.480000   1   1 
 71 300   0.235831      471.083       38.655     0.777875      344.128  77.65     0.736031        4.428     0.018353    55.480000     2.386667   1   1 
 72 300   0.224350      471.128       38.565     0.778062      344.378  77.70     0.736292        4.113     0.145198    57.720000     2.240000   1   1 
 73 300   0.195391      473.265       37.868     0.780128      349.281  78.81     0.737846        8.464     0.183675    60.826667     3.106667   0   1 
 74 300   0.206630      473.535       37.868     0.780702      349.674  78.90     0.738307        3.127     0.265166    62.960000     2.133333   0   1 
 75 300   0.242214      473.378       37.868     0.782248      351.383  79.28     0.739132        3.127     0.119183    66.173333     3.213333   1   1 
 76 300   0.214880      473.288       37.868     0.782253      351.383  79.28     0.739132        8.464     0.037692    68.893333     2.720000   1   1 
 77 300   0.188664      473.198       37.553     0.782929      351.524  79.31     0.740258        2.699     0.291724    69.306667     0.413333   0   1 
 78 300   0.218165      473.310       37.575     0.783278      351.810  79.38     0.740245        4.817     0.015183    69.760000     0.453333   1   1 
 79 300   0.207929      473.310       37.575     0.783525      351.946  79.41     0.740470        0.518     0.148094    70.106667     0.346667   0   1 
 80 300   0.216119      473.310       37.575     0.783935      351.963  79.41     0.740960        6.254     0.020410    70.586667     0.480000   1   1 
 81 300   0.227600      473.175       37.575     0.783896      352.100  79.44     0.740794        6.450     0.022521    70.840000     0.253333   1   1 
 82 300   0.217597      473.175       37.575     0.783922      352.100  79.44     0.740869        7.617     0.025362    71.333333     0.493333   1   1 
 83 300   0.233385      473.175       37.575     0.783925      352.100  79.44     0.740869        7.617     0.025362    71.973333     0.640000   1   1 
 84 300   0.218297      473.175       37.575     0.784127      352.101  79.44     0.741161        1.660     0.024999    72.280000     0.306667   0   1 
 85 300   0.230174      473.175       37.575     0.784233      352.104  79.44     0.741373        3.018     0.006680    72.680000     0.400000   1   1 
 86 300   0.221609      473.175       37.575     0.784330      352.119  79.45     0.741627        3.030     0.001058    72.986667     0.306667   1   1 
 87 300   0.220401      472.635       37.575     0.784808      352.345  79.50     0.741981        2.285     0.154558    73.466667     0.480000   0   1 
 88 300   0.231565      472.703       37.553     0.785455      352.553  79.55     0.742339        4.038     0.008038    73.986667     0.520000   1   1 
 89 300   0.198361      472.703       37.553     0.785811      352.554  79.55     0.742835        1.824     0.167825    75.626667     1.640000   0   1 
 90 300   0.215395      472.703       37.553     0.786803      352.786  79.60     0.743744        4.169     0.027683    76.080000     0.453333   1   1 
 91 300   0.217091      472.703       37.553     0.786811      352.786  79.60     0.743744        4.781     0.021395    76.346667     0.266667   1   1 
 92 300   0.222395      472.703       37.553     0.788149      352.804  79.60     0.745584        3.208     0.004713    76.706667     0.360000   1   1 
 93 300   0.216519      472.703       37.463     0.788301      352.852  79.61     0.745754        6.095     0.262844    77.066667     0.360000   0   1 
 94 300   0.273867      472.860       37.440     0.788354      353.098  79.67     0.745762        6.095     0.006937    77.440000     0.373333   1   1 
 95 300   0.204974      473.063       37.508     0.789162      353.368  79.73     0.747383        0.947     0.342503    78.053333     0.613333   0   1 
 96 300   0.232241      473.220       36.900     0.789522      354.046  79.88     0.747537        2.241     0.161639    78.653333     0.600000   0   1 
 97 300   0.245985      473.265       36.900     0.789891      354.135  79.90     0.748381        3.105     0.006487    79.093333     0.440000   1   1 
 98 300   0.228982      473.198       36.923     0.790375      355.257  80.16     0.748553        4.664     0.137893    79.546667     0.453333   1   1 
 99 300   0.188193      473.400       36.675     0.791878      360.139  81.26     0.750302        6.160     0.192768    81.733333     2.186667   0   1 
100 300   0.232164      473.400       36.540     0.792895      362.812  81.86     0.751567        0.444     0.027883    84.040000     2.306667   0   1 
