#scene........................: /home/eldamian/nbvEverardo/models/laboratory.wrl
#triangles....................: 361767
#Total triangles' area........: 443.205414 (m2)
#sensor aperture..............: 135.000000 x 70.000000 (deg)
#range image size.............: 350 x 80
#sensor blind distances.......: 0.500000 .. 30.000000 (m)
#sensor blind angle...........: 80.000000
#sensor Gaussian noise std dev: 0.012000 (m)
#views number.................: 100 
#optimization method..........: Evolution Strategy
#view iterations fitness vxl_occupied(m2) occplane(m2) vxl_quality tri_imaged(m2) tri_imaged(%) tri_quality travelled(m) energy total_time single_time backstep change
  0   0  -0.000000       18.338        0.000     0.641809       15.030   3.39     0.643016        0.000     0.000000     0.000000     0.000000   0   0 
  1 308   0.753107       27.473        0.000     0.628786       22.845   5.15     0.633184        0.000     0.077427     0.213333     0.213333   0   0 
  2 308   0.582798       47.970        9.743     0.653144       26.022   5.87     0.637934        1.218     0.242428     0.240000     0.026667   0   0 
  3 308   0.606571       48.375        9.743     0.652317       26.022   5.87     0.637934        0.000     0.000000     0.253333     0.013333   0   0 
  4 308   0.608199       48.420        9.698     0.652262       26.022   5.87     0.637934        0.000     0.000000     0.333333     0.080000   0   0 
  5 308   0.608816       48.488        9.585     0.651891       26.022   5.87     0.637934        0.000     0.000000     0.360000     0.026667   0   0 
  6 308   0.609147       48.488        9.563     0.652387       26.022   5.87     0.637934        0.000     0.000000     0.386667     0.026667   0   0 
  7 308   0.682885       50.918        9.563     0.648921       28.517   6.43     0.628378        0.024     0.150498     0.440000     0.053333   0   0 
  8 308   0.632585       50.940        9.563     0.649083       28.517   6.43     0.628378        0.000     0.000000     0.520000     0.080000   0   0 
  9 308   0.633279       51.053        9.563     0.649047       28.517   6.43     0.628378        0.000     0.000000     0.573333     0.053333   0   0 
 10 308   0.633543       51.053        9.563     0.649133       28.517   6.43     0.628378        0.000     0.000000     0.600000     0.026667   0   0 
 11 308   0.633760       51.053        9.563     0.649179       28.517   6.43     0.628378        0.000     0.000000     0.666667     0.066667   0   0 
 12 308   0.633913       51.053        9.563     0.649307       28.517   6.43     0.628378        0.000     0.000000     0.733333     0.066667   0   0 
 13 308   0.634166       51.053        9.563     0.649332       28.517   6.43     0.628378        0.000     0.000000     0.760000     0.026667   0   0 
 14 308   0.634345       51.075        9.563     0.649367       28.517   6.43     0.628378        0.000     0.000000     0.840000     0.080000   0   0 
 15 308   0.634356       51.075        9.563     0.649381       28.517   6.43     0.628378        0.000     0.000000     0.893333     0.053333   0   0 
 16 308   0.634462       51.098        9.563     0.649236       28.517   6.43     0.628378        0.000     0.000000     0.933333     0.040000   0   0 
 17 308   0.634311       51.053        9.563     0.649263       28.517   6.43     0.628378        0.000     0.000000     0.946667     0.013333   0   0 
 18 308   0.634329       51.053        9.563     0.649281       28.517   6.43     0.628378        0.000     0.000000     1.000000     0.053333   0   0 
 19 308   0.634468       51.008        9.563     0.649329       28.517   6.43     0.628378        0.000     0.000000     1.040000     0.040000   0   0 
 20 308   0.634514       51.008        9.563     0.649336       28.517   6.43     0.628378        0.000     0.000000     1.106667     0.066667   0   0 
 21 308   0.634559       51.008        9.563     0.649381       28.517   6.43     0.628378        0.000     0.000000     1.186667     0.080000   0   0 
 22 308   0.634611       51.008        9.563     0.649530       28.517   6.43     0.628378        0.000     0.000000     1.226667     0.040000   0   0 
 23 308   0.634846       51.008        9.563     0.649552       28.517   6.43     0.628378        0.000     0.000000     1.293333     0.066667   0   0 
 24 308   0.634878       51.008        9.563     0.649563       28.517   6.43     0.628378        0.000     0.000000     1.333333     0.040000   0   0 
 25 308   0.634916       51.008        9.563     0.649592       28.517   6.43     0.628378        0.000     0.000000     1.386667     0.053333   0   0 
 26 308   0.634914       51.008        9.563     0.649595       28.517   6.43     0.628378        0.000     0.000000     1.400000     0.013333   0   0 
 27 308   0.634983       51.008        9.563     0.649599       28.517   6.43     0.628378        0.000     0.000000     1.466667     0.066667   0   0 
 28 308   0.635036       50.985        9.563     0.649702       28.517   6.43     0.628378        0.000     0.000000     1.493333     0.026667   0   0 
 29 308   0.635070       50.985        9.563     0.649720       28.517   6.43     0.628378        0.000     0.000000     1.506667     0.013333   0   0 
 30 308   0.635088       50.985        9.563     0.649736       28.517   6.43     0.628378        0.000     0.000000     1.546667     0.040000   0   0 
 31 308   0.635098       50.985        9.563     0.649737       28.517   6.43     0.628378        0.000     0.000000     1.560000     0.013333   0   0 
 32 308   0.635116       50.985        9.563     0.649741       28.517   6.43     0.628378        0.000     0.000000     1.613333     0.053333   0   0 
 33 308   0.635138       50.985        9.563     0.649767       28.517   6.43     0.628378        0.000     0.000000     1.653333     0.040000   0   0 
 34 308   0.635181       50.985        9.563     0.649781       28.517   6.43     0.628378        0.000     0.000000     1.680000     0.026667   0   0 
 35 308   0.635218       50.940        9.563     0.649865       28.517   6.43     0.628378        0.000     0.000000     1.746667     0.066667   0   0 
 36 308   0.635274       50.940        9.563     0.649874       28.517   6.43     0.628378        0.000     0.000000     1.800000     0.053333   0   0 
 37 308   0.635270       50.940        9.563     0.649876       28.517   6.43     0.628378        0.000     0.000000     1.840000     0.040000   0   0 
 38 308   0.635289       50.940        9.563     0.649879       28.517   6.43     0.628378        0.000     0.000000     1.893333     0.053333   0   0 
 39 308   0.635305       50.940        9.563     0.649881       28.517   6.43     0.628378        0.000     0.000000     1.933333     0.040000   0   0 
 40 308   0.635316       50.940        9.563     0.649883       28.517   6.43     0.628378        0.000     0.000000     1.973333     0.040000   0   0 
 41 308   0.635324       50.940        9.563     0.649887       28.517   6.43     0.628378        0.000     0.000000     2.000000     0.026667   0   0 
 42 308   0.635353       50.940        9.563     0.649888       28.517   6.43     0.628378        0.000     0.000000     2.053333     0.053333   0   0 
 43 308   0.635387       50.940        9.563     0.649896       28.517   6.43     0.628378        0.000     0.000000     2.093333     0.040000   0   0 
 44 308   0.635395       50.940        9.563     0.649922       28.517   6.43     0.628378        0.000     0.000000     2.120000     0.026667   0   0 
 45 308   0.635405       50.940        9.563     0.649924       28.517   6.43     0.628378        0.000     0.000000     2.173333     0.053333   0   0 
 46 308   0.635392       50.940        9.563     0.650007       28.517   6.43     0.628378        0.000     0.000000     2.200000     0.026667   0   0 
 47 308   0.635427       50.940        9.563     0.650012       28.517   6.43     0.628378        0.000     0.000000     2.253333     0.053333   0   0 
 48 308   0.635440       50.940        9.563     0.650013       28.517   6.43     0.628378        0.000     0.000000     2.306667     0.053333   0   0 
 49 308   0.635459       50.940        9.563     0.650020       28.517   6.43     0.628378        0.000     0.000000     2.373333     0.066667   0   0 
 50 308   0.635468       50.940        9.563     0.650022       28.517   6.43     0.628378        0.000     0.000000     2.413333     0.040000   0   0 
 51 308   0.635475       50.940        9.563     0.650025       28.517   6.43     0.628378        0.000     0.000000     2.426667     0.013333   0   0 
 52 308   0.635480       50.940        9.563     0.650036       28.517   6.43     0.628378        0.000     0.000000     2.466667     0.040000   0   0 
 53 308   0.635499       50.940        9.563     0.650041       28.517   6.43     0.628378        0.000     0.000000     2.520000     0.053333   0   0 
 54 308   0.635517       50.940        9.563     0.650042       28.517   6.43     0.628378        0.000     0.000000     2.546667     0.026667   0   0 
 55 308   0.635505       50.940        9.563     0.650044       28.517   6.43     0.628378        0.000     0.000000     2.573333     0.026667   0   0 
 56 308   0.635502       50.940        9.563     0.650048       28.517   6.43     0.628378        0.000     0.000000     2.640000     0.066667   0   0 
 57 308   0.635514       50.940        9.563     0.650049       28.517   6.43     0.628378        0.000     0.000000     2.706667     0.066667   0   0 
 58 308   0.635524       50.940        9.563     0.650049       28.517   6.43     0.628378        0.000     0.000000     2.746667     0.040000   0   0 
 59 308   0.635537       50.940        9.563     0.650055       28.517   6.43     0.628378        0.000     0.000000     2.786667     0.040000   0   0 
 60 308   0.635550       50.940        9.563     0.650103       28.517   6.43     0.628378        0.000     0.000000     2.840000     0.053333   0   0 
 61 308   0.635566       50.940        9.563     0.650106       28.517   6.43     0.628378        0.000     0.000000     2.920000     0.080000   0   0 
 62 308   0.635559       50.940        9.563     0.650108       28.517   6.43     0.628378        0.000     0.000000     2.960000     0.040000   0   0 
 63 308   0.635574       50.940        9.563     0.650108       28.517   6.43     0.628378        0.000     0.000000     3.066667     0.106667   0   0 
 64 308   0.635580       50.850        9.563     0.650134       28.517   6.43     0.628378        0.000     0.000000     3.173333     0.106667   0   0 
 65 308   0.635563       50.850        9.563     0.650136       28.517   6.43     0.628378        0.000     0.000000     3.200000     0.026667   0   0 
 66 308   0.635549       50.850        9.563     0.650137       28.517   6.43     0.628378        0.000     0.000000     3.240000     0.040000   0   0 
 67 308   0.635555       50.850        9.563     0.650138       28.517   6.43     0.628378        0.000     0.000000     3.266667     0.026667   0   0 
 68 308   0.635555       50.850        9.563     0.650140       28.517   6.43     0.628378        0.000     0.000000     3.293333     0.026667   0   0 
 69 308   0.635566       50.850        9.563     0.650145       28.517   6.43     0.628378        0.000     0.000000     3.306667     0.013333   0   0 
 70 308   0.635580       50.850        9.563     0.650146       28.517   6.43     0.628378        0.000     0.000000     3.346667     0.040000   0   0 
 71 308   0.635580       50.850        9.563     0.650147       28.517   6.43     0.628378        0.000     0.000000     3.360000     0.013333   0   0 
 72 308   0.635592       50.850        9.563     0.650155       28.517   6.43     0.628378        0.000     0.000000     3.386667     0.026667   0   0 
 73 308   0.635611       50.850        9.563     0.650157       28.517   6.43     0.628378        0.000     0.000000     3.440000     0.053333   0   0 
 74 308   0.635617       50.850        9.563     0.650158       28.517   6.43     0.628378        0.000     0.000000     3.480000     0.040000   0   0 
 75 308   0.635611       50.850        9.563     0.650160       28.517   6.43     0.628378        0.000     0.000000     3.506667     0.026667   0   0 
 76 308   0.635611       50.850        9.563     0.650160       28.517   6.43     0.628378        0.000     0.000000     3.533333     0.026667   0   0 
 77 308   0.635615       50.850        9.563     0.650160       28.517   6.43     0.628378        0.000     0.000000     3.573333     0.040000   0   0 
 78 308   0.635619       50.850        9.563     0.650161       28.517   6.43     0.628378        0.000     0.000000     3.613333     0.040000   0   0 
 79 308   0.635626       50.850        9.563     0.650162       28.517   6.43     0.628378        0.000     0.000000     3.653333     0.040000   0   0 
 80 308   0.635632       50.850        9.563     0.650162       28.517   6.43     0.628378        0.000     0.000000     3.666667     0.013333   0   0 
 81 308   0.635637       50.850        9.563     0.650164       28.517   6.43     0.628378        0.000     0.000000     3.693333     0.026667   0   0 
 82 308   0.635641       50.850        9.563     0.650164       28.517   6.43     0.628378        0.000     0.000000     3.706667     0.013333   0   0 
 83 308   0.635640       50.850        9.563     0.650164       28.517   6.43     0.628378        0.000     0.000000     3.746667     0.040000   0   0 
 84 308   0.635638       50.850        9.563     0.650173       28.517   6.43     0.628378        0.000     0.000000     3.840000     0.093333   0   0 
 85 308   0.635646       50.850        9.563     0.650175       28.517   6.43     0.628378        0.000     0.000000     3.880000     0.040000   0   0 
 86 308   0.635648       50.850        9.563     0.650175       28.517   6.43     0.628378        0.000     0.000000     3.946667     0.066667   0   0 
 87 308   0.635652       50.850        9.563     0.650185       28.517   6.43     0.628378        0.000     0.000000     4.000000     0.053333   0   0 
 88 308   0.635671       50.850        9.563     0.650185       28.517   6.43     0.628378        0.000     0.000000     4.013333     0.013333   0   0 
 89 308   0.635673       50.850        9.563     0.650186       28.517   6.43     0.628378        0.000     0.000000     4.066667     0.053333   0   0 
 90 308   0.635673       50.850        9.563     0.650186       28.517   6.43     0.628378        0.000     0.000000     4.093333     0.026667   0   0 
 91 308   0.635684       50.873        9.563     0.650191       28.517   6.43     0.628378        0.000     0.000000     4.120000     0.026667   0   0 
 92 308   0.635705       50.873        9.563     0.650192       28.517   6.43     0.628378        0.000     0.000000     4.133333     0.013333   0   0 
 93 308   0.635710       50.873        9.563     0.650193       28.517   6.43     0.628378        0.000     0.000000     4.173333     0.040000   0   0 
 94 308   0.635708       50.873        9.563     0.650194       28.517   6.43     0.628378        0.000     0.000000     4.186667     0.013333   0   0 
 95 308   0.635717       50.873        9.563     0.650194       28.517   6.43     0.628378        0.000     0.000000     4.266667     0.080000   0   0 
 96 308   0.635721       50.873        9.563     0.650194       28.517   6.43     0.628378        0.000     0.000000     4.306667     0.040000   0   0 
 97 308   0.635678       50.873        9.563     0.650198       28.517   6.43     0.628378        0.000     0.000000     4.386667     0.080000   0   0 
 98 308   0.635680       50.873        9.563     0.650199       28.517   6.43     0.628378        0.000     0.000000     4.440000     0.053333   0   0 
 99 308   0.635678       50.873        9.563     0.650199       28.517   6.43     0.628378        0.000     0.000000     4.493333     0.053333   0   0 
100 308   0.635675       50.873        9.563     0.650201       28.517   6.43     0.628378        0.000     0.000000     4.560000     0.066667   0   0 
