#scene........................: /home/eldamian/nbvEverardo/models/laboratory.wrl
#triangles....................: 361767
#Total triangles' area........: 443.205414 (m2)
#sensor aperture..............: 135.000000 x 70.000000 (deg)
#range image size.............: 350 x 80
#sensor blind distances.......: 0.500000 .. 30.000000 (m)
#sensor blind angle...........: 80.000000
#sensor Gaussian noise std dev: 0.012000 (m)
#views number.................: 100 
#optimization method..........: Simulated Annealing
#view iterations fitness vxl_occupied(m2) occplane(m2) vxl_quality tri_imaged(m2) tri_imaged(%) tri_quality travelled(m) energy total_time single_time backstep change
  0   0  -0.000000       18.338        0.000     0.641809       15.030   3.39     0.643016        0.000     0.000000     0.000000     0.000000   0   0 
  1 300   0.568109       27.473        0.000     0.628786       22.845   5.15     0.633184        0.000     0.077427     0.266667     0.266667   0   0 
  2 300   0.542602       80.010       29.993     0.567034       32.130   7.25     0.621199        0.000     0.109925     0.626667     0.360000   0   0 
  3 300   0.463100      111.645       25.740     0.652893       54.552  12.31     0.693113        6.993     0.156463     0.773333     0.146667   0   0 
  4 300   0.659201      165.960       55.058     0.615822       66.551  15.02     0.687473        2.046     0.272962     1.746667     0.973333   0   0 
  5 300   0.489591      212.243       64.665     0.647697       86.150  19.44     0.702843        1.733     0.148601     2.946667     1.200000   0   0 
  6 300   0.514738      233.798       82.553     0.640861       96.200  21.71     0.688550        1.610     0.180669     5.066667     2.120000   0   0 
  7 300   0.477707      246.758       78.773     0.644646      109.868  24.79     0.683184        1.637     0.397234     6.840000     1.773333   0   0 
  8 300   0.512218      264.173       80.528     0.651329      121.475  27.41     0.687084        1.751     0.202182     8.786667     1.946667   0   0 
  9 300   0.445479      266.243       78.120     0.663286      129.070  29.12     0.693789        1.612     0.212919    11.280000     2.493333   0   0 
 10 300   0.413709      272.835       82.103     0.675628      137.543  31.03     0.702075        1.652     0.342882    12.560000     1.280000   0   0 
 11 300   0.465324      299.970      136.103     0.678429      150.067  33.86     0.711275        1.160     0.165482    14.520000     1.960000   0   0 
 12 300   0.425296      314.213      140.603     0.685998      162.105  36.58     0.720397        1.794     0.249568    17.333333     2.813333   0   0 
 13 300   0.391205      318.015      126.090     0.690176      169.577  38.26     0.723060        1.772     0.180412    20.053333     2.720000   0   0 
 14 300   0.402755      323.123      129.713     0.693017      174.816  39.44     0.721545        3.658     0.286272    22.906667     2.853333   0   0 
 15 300   0.373238      324.788      142.020     0.694790      176.763  39.88     0.722502        3.658     0.098921    25.346667     2.440000   1   0 
 16 300   0.375801      335.003      143.888     0.704335      186.734  42.13     0.724826        3.017     0.417268    28.813333     3.466667   0   0 
 17 300   0.332119      349.425       94.545     0.703755      199.340  44.98     0.722367        5.641     0.011099    30.146667     1.333333   0   0 
 18 300   0.344897      349.583       94.523     0.704717      199.340  44.98     0.722367        5.641     0.011099    30.613333     0.466667   1   0 
 19 300   0.328162      351.225       92.520     0.712239      205.494  46.37     0.726783        3.017     0.119992    33.413333     2.800000   1   0 
 20 300   0.366280      351.608       92.408     0.715108      209.258  47.21     0.732979        1.804     0.289551    37.266667     3.853333   0   0 
 21 300   0.410693      352.125       92.070     0.724032      213.739  48.23     0.736446        7.355     0.109648    40.346667     3.080000   1   0 
 22 300   0.448177      379.035      146.925     0.712211      228.420  51.54     0.731952        5.020     0.324835    40.760000     0.413333   0   0 
 23 300   0.564897      389.813      114.750     0.713027      236.126  53.28     0.730479        1.839     0.007188    40.973333     0.213333   0   0 
 24 300   0.545140      400.883      109.845     0.711865      243.933  55.04     0.727401        1.769     0.209483    41.200000     0.226667   0   0 
 25 300   0.511594      401.918      108.878     0.712298      246.125  55.53     0.725831        0.371     0.176364    41.466667     0.266667   0   0 
 26 300   0.554091      411.548       88.223     0.724970      264.684  59.72     0.728952        1.289     0.258412    41.840000     0.373333   0   0 
 27 300   0.464449      421.403       83.138     0.734465      278.193  62.77     0.734184        2.631     0.336132    42.480000     0.640000   0   0 
 28 300   0.369117      421.583       83.138     0.737943      281.182  63.44     0.735471        6.153     0.158937    42.786667     0.306667   1   0 
 29 300   0.330108      422.888       82.823     0.740628      282.868  63.82     0.737536        0.917     0.165291    44.520000     1.733333   0   0 
 30 300   0.347912      423.315       82.800     0.740736      282.868  63.82     0.737536        0.000     0.000000    46.240000     1.720000   0   1 
 31 300   0.019016      431.955       62.820     0.743397      289.496  65.32     0.736386        1.683     0.447774    46.733333     0.493333   0   1 
 32 300   0.029623      432.945       60.795     0.749340      294.057  66.35     0.739918        8.820     0.168937    47.906667     1.173333   0   1 
 33 300   0.042085      433.575       60.165     0.749690      295.837  66.75     0.739870        1.868     0.169450    51.213333     3.306667   0   1 
 34 300   0.052526      437.310       59.355     0.751154      299.764  67.64     0.740449        1.625     0.173690    54.026667     2.813333   0   1 
 35 300   0.021436      437.783       59.018     0.753055      301.299  67.98     0.740935        8.551     0.284617    56.453333     2.426667   0   1 
 36 300   0.019318      438.165       58.073     0.754703      302.307  68.21     0.741564        4.715     0.155841    59.080000     2.626667   0   1 
 37 300   0.011536      436.208       57.375     0.757417      305.583  68.95     0.739804        9.884     0.010294    61.453333     2.373333   0   1 
 38 300   0.001617      436.320       55.553     0.759466      308.076  69.51     0.739884        9.242     0.231965    63.186667     1.733333   0   1 
 39 300   0.009234      436.343       54.225     0.761565      312.049  70.41     0.739919        1.443     0.261179    66.400000     3.213333   0   1 
 40 300   0.010360      438.705       53.618     0.764989      315.123  71.10     0.740917        2.556     0.547185    68.426667     2.026667   0   1 
 41 300   0.034157      440.595       52.650     0.767598      318.094  71.77     0.742277        5.287     0.358267    70.546667     2.120000   0   1 
 42 300   0.016911      441.270       51.728     0.769261      319.355  72.06     0.743544        4.557     0.337358    73.240000     2.693333   0   1 
 43 300   0.009153      441.540       51.728     0.769695      320.744  72.37     0.743450        4.557     0.004025    76.173333     2.933333   1   1 
 44 300   0.008024      442.350       50.963     0.773154      323.124  72.91     0.747130        5.037     0.151910    78.920000     2.746667   0   1 
 45 300   0.001485      442.305       50.963     0.773884      323.973  73.10     0.747510        3.030     0.348956    80.560000     1.640000   0   1 
 46 300   0.003525      442.238       50.670     0.774912      324.803  73.29     0.748708        1.546     0.084072    81.893333     1.333333   0   1 
 47 300   0.003706      442.215       50.468     0.775227      325.488  73.44     0.748796        3.565     0.272289    84.960000     3.066667   1   1 
 48 300   0.013110      442.958       49.230     0.775482      327.049  73.79     0.748860        1.715     0.099611    87.706667     2.746667   0   1 
 49 300   0.004582      442.980       48.713     0.776570      328.151  74.04     0.749561        0.500     0.437394    91.000000     3.293333   0   1 
 50 300   0.003253      442.980       48.713     0.776685      328.692  74.16     0.749906        1.926     0.306105    93.333333     2.333333   0   1 
 51 300   0.003674      442.980       48.713     0.776731      328.692  74.16     0.749906        3.256     0.031679    95.213333     1.880000   1   1 
 52 300   0.005547      443.273       48.510     0.777009      329.133  74.26     0.750249        4.925     0.197335    97.533333     2.320000   0   1 
 53 300   0.004492      443.228       48.510     0.777085      329.133  74.26     0.750249        4.925     0.009984   100.346667     2.813333   1   1 
 54 300   0.002366      443.655       48.308     0.778211      330.189  74.50     0.751010        4.217     0.338587   102.800000     2.453333   0   1 
 55 300   0.001994      443.655       48.308     0.778887      330.454  74.56     0.751635        1.863     0.347879   105.680000     2.880000   0   1 
 56 300   0.002283      443.655       48.263     0.779116      330.998  74.68     0.751594        3.224     0.165781   108.106667     2.426667   1   1 
 57 300   0.001665      443.565       48.263     0.779449      331.183  74.72     0.752025        3.094     0.265120   110.893333     2.786667   0   1 
 58 300   0.002184      443.565       48.263     0.780393      331.390  74.77     0.753766        2.666     0.953254   114.133333     3.240000   0   1 
 59 300   0.006161      443.520       48.263     0.782329      332.301  74.98     0.755966        4.838     0.021467   117.253333     3.120000   1   1 
 60 300   0.002409      443.475       47.993     0.784003      333.353  75.21     0.757886        4.278     0.357001   120.093333     2.840000   0   1 
 61 300   0.001945      443.205       47.993     0.784516      333.744  75.30     0.758451        0.646     0.143295   123.213333     3.120000   0   1 
 62 300   0.002722      443.205       47.993     0.784822      333.898  75.34     0.758800        1.771     0.527635   126.040000     2.826667   0   1 
 63 300   0.003525      443.385       47.948     0.784757      334.343  75.44     0.758894        3.107     0.016652   128.346667     2.306667   1   1 
 64 300   0.002611      443.250       47.948     0.785289      334.421  75.46     0.759343        3.385     0.517028   130.653333     2.306667   0   1 
 65 300   0.004671      444.105       47.183     0.787212      336.430  75.91     0.760370        5.973     0.287839   133.040000     2.386667   0   1 
 66 300   0.001954      443.970       47.183     0.787525      336.555  75.94     0.760787        5.445     0.338128   136.306667     3.266667   0   1 
 67 300   0.004873      443.835       47.183     0.787929      336.605  75.95     0.761414        1.569     0.038504   138.933333     2.626667   0   1 
 68 300   0.005112      443.835       47.003     0.791252      337.396  76.13     0.762694        5.950     0.023033   141.533333     2.600000   1   1 
 69 300   0.001264      443.385       47.048     0.792684      337.767  76.21     0.764185        5.539     0.391907   143.746667     2.213333   0   1 
 70 300   0.002094      443.543       47.115     0.792696      337.797  76.22     0.764157        0.111     0.443039   146.573333     2.826667   0   1 
 71 300   0.002404      443.903       47.250     0.792917      337.906  76.24     0.764641        5.590     0.026295   149.493333     2.920000   1   1 
 72 300   0.001624      443.138       47.250     0.793072      338.001  76.26     0.764729        4.827     0.276523   152.840000     3.346667   0   1 
 73 300   0.001987      443.363       47.250     0.793135      338.001  76.26     0.764729        4.827     0.199097   155.880000     3.040000   1   1 
 74 300   0.002127      443.363       47.250     0.793677      338.009  76.26     0.765557        4.947     0.421814   158.773333     2.893333   0   1 
 75 300   0.002828      443.363       47.250     0.794039      338.155  76.30     0.766283        4.947     0.234463   161.213333     2.440000   1   1 
 76 300   0.001736      443.430       47.318     0.794186      338.186  76.30     0.766534        5.462     0.230496   163.866667     2.653333   0   1 
 77 300   0.003086      443.498       47.520     0.794368      338.208  76.31     0.766604        0.842     0.273398   166.293333     2.426667   0   1 
 78 300   0.003323      443.610       47.498     0.794421      338.208  76.31     0.766604        5.966     0.144449   168.866667     2.573333   1   1 
 79 300   0.001756      443.610       47.498     0.794429      338.222  76.31     0.766611        5.370     0.412097   170.960000     2.093333   0   1 
 80 300   0.002355      443.610       47.498     0.795038      338.780  76.44     0.767949        5.370     0.224746   173.746667     2.786667   1   1 
 81 300   0.001882      442.980       47.498     0.795266      338.888  76.46     0.768113        5.504     0.259873   175.973333     2.226667   0   1 
 82 300   0.002327      442.823       47.430     0.795596      339.328  76.56     0.768825        5.504     0.093206   177.266667     1.293333   1   1 
 83 300   0.001387      442.328       47.430     0.795779      339.442  76.59     0.768993        5.046     0.001056   179.586667     2.320000   0   1 
 84 300   0.002936      442.328       47.430     0.795804      339.474  76.60     0.769104        0.949     0.431291   183.453333     3.866667   0   1 
 85 300   0.003429      442.035       47.430     0.795887      339.514  76.60     0.769296        1.889     0.400509   186.240000     2.786667   0   1 
 86 300   0.004052      442.035       47.430     0.795957      339.514  76.60     0.769296        5.766     0.031838   189.266667     3.026667   1   1 
 87 300   0.001359      442.035       47.430     0.796267      339.525  76.61     0.769742        6.200     0.189178   192.040000     2.773333   0   1 
 88 300   0.006286      442.260       47.655     0.796389      339.573  76.62     0.769807        1.504     0.179739   194.613333     2.573333   0   1 
 89 300   0.006719      442.215       47.655     0.796412      339.573  76.62     0.769807        6.592     0.035584   197.733333     3.120000   1   1 
 90 300   0.001167      441.720       47.655     0.796479      339.660  76.64     0.769844        4.722     0.273230   200.266667     2.533333   0   1 
 91 300   0.004887      441.720       47.655     0.796509      339.663  76.64     0.769862        1.807     0.158328   203.213333     2.946667   0   1 
 92 300   0.005243      441.720       47.655     0.796515      339.663  76.64     0.769862        6.127     0.004977   206.773333     3.560000   1   1 
 93 300   0.003704      441.720       47.655     0.796517      339.672  76.64     0.769855        6.314     0.093274   209.093333     2.320000   0   1 
 94 300   0.004501      441.720       47.655     0.796522      339.672  76.64     0.769855        6.314     0.015847   212.080000     2.986667   1   1 
 95 300   0.001808      441.833       47.723     0.796554      339.683  76.64     0.769963        5.043     0.225045   213.040000     0.960000   0   1 
 96 300   0.002208      441.788       47.723     0.796639      339.713  76.65     0.769997        0.741     0.310843   215.386667     2.346667   0   1 
 97 300   0.002644      441.788       47.543     0.797974      340.287  76.78     0.771497        4.935     0.315788   218.920000     3.533333   0   1 
 98 300   0.003049      441.698       47.183     0.798360      340.966  76.93     0.771410        1.336     0.133113   220.160000     1.240000   0   1 
 99 300   0.001251      441.990       47.970     0.798450      340.970  76.93     0.771488        5.635     0.294592   222.506667     2.346667   0   1 
100 300   0.003155      441.990       47.970     0.798483      340.971  76.93     0.771582        0.963     0.147511   225.746667     3.240000   0   1 
