#scene........................: /home/eldamian/nbvEverardo/models/studying_room.wrl
#triangles....................: 107322
#Total triangles' area........: 170.448196 (m2)
#sensor aperture..............: 135.000000 x 70.000000 (deg)
#range image size.............: 350 x 80
#sensor blind distances.......: 0.500000 .. 30.000000 (m)
#sensor blind angle...........: 80.000000
#sensor Gaussian noise std dev: 0.012000 (m)
#views number.................: 100 
#optimization method..........: Evolution Strategy
#view iterations fitness vxl_occupied(m2) occplane(m2) vxl_quality tri_imaged(m2) tri_imaged(%) tri_quality travelled(m) energy total_time single_time backstep change
  0   0  -0.000000       16.628        4.838     0.635252       10.896   6.39     0.627871        0.000     0.000000     0.000000     0.000000   0   0 
  1 308   0.563266       26.033        5.220     0.621800       18.741  10.99     0.612062        0.000     0.077427     0.226667     0.226667   0   0 
  2 308   0.546281       42.728       24.615     0.678270       23.472  13.77     0.665242        0.000     0.187351     0.640000     0.413333   0   0 
  3 308   0.544380       54.293       34.358     0.690208       29.268  17.17     0.685591        0.000     0.166667     0.933333     0.293333   0   0 
  4 308   0.507107       83.475       50.040     0.649959       39.521  23.19     0.676262        0.000     0.276591     1.333333     0.400000   0   0 
  5 308   0.479321       93.195       53.595     0.646268       47.795  28.04     0.664010        0.000     0.166667     1.733333     0.400000   0   0 
  6 308   0.474762      102.578       54.023     0.635824       54.253  31.83     0.651512        0.000     0.333333     2.320000     0.586667   0   0 
  7 308   0.450536      125.910       86.378     0.628954       61.946  36.34     0.646546        0.000     0.166667     2.773333     0.453333   0   0 
  8 308   0.497595      126.360       84.218     0.638441       67.277  39.47     0.642045        5.193     0.298050     2.813333     0.040000   0   0 
  9 308   0.370911      126.990       83.925     0.642906       67.894  39.83     0.648127        1.104     0.003939     2.866667     0.053333   0   0 
 10 308   0.383216      126.698       83.880     0.643417       67.894  39.83     0.648127        5.013     0.135322     2.920000     0.053333   1   0 
 11 308   0.482439      126.720       95.243     0.644097       67.894  39.83     0.648127        0.000     0.276591     3.440000     0.520000   0   0 
 12 308   0.535085      126.833       99.495     0.645458       67.894  39.83     0.648127        0.000     0.166667     3.986667     0.546667   0   0 
 13 308   0.437553      130.545      108.810     0.650753       69.018  40.49     0.650757        0.000     0.312649     4.506667     0.520000   0   0 
 14 308   0.479343      144.653      112.500     0.671556       76.778  45.05     0.675851        0.000     0.145982     5.053333     0.546667   0   0 
 15 308   0.562466      144.743      119.700     0.677033       81.068  47.56     0.685933        0.000     0.500000     5.666667     0.613333   0   0 
 16 308   0.615540      149.558      118.890     0.676221       88.467  51.90     0.687504        0.000     0.109925     6.320000     0.653333   0   0 
 17 308   0.431174      150.210      131.355     0.677648       90.191  52.91     0.687545        0.000     0.166667     6.946667     0.626667   0   0 
 18 308   0.412531      150.255      139.343     0.686296       90.251  52.95     0.687623        0.000     0.166667     7.573333     0.626667   0   0 
 19 308   0.382851      150.188      139.770     0.686641       90.251  52.95     0.687623        0.000     0.166667     8.226667     0.653333   0   0 
 20 308   0.370603      150.098      139.905     0.686874       90.251  52.95     0.687623        0.000     0.166667     8.853333     0.626667   0   0 
 21 308   0.360834      150.053      139.905     0.686871       90.251  52.95     0.687623        0.000     0.077427     9.493333     0.640000   0   0 
 22 308   0.363462      149.783      139.928     0.685158       92.485  54.26     0.681988        0.000     0.109925    10.066667     0.573333   0   0 
 23 308   0.215906      151.268      139.073     0.688395       93.834  55.05     0.688399        3.478     0.499878    10.093333     0.026667   0   0 
 24 308   0.301721      149.963      137.003     0.689327       98.332  57.69     0.683590        3.478     0.166545    10.133333     0.040000   1   0 
 25 308   0.572778      149.783      140.603     0.690003       98.332  57.69     0.683590        0.000     0.130609    10.666667     0.533333   0   0 
 26 308   0.534505      149.783      140.760     0.690954       98.332  57.69     0.683590        0.000     0.166667    11.306667     0.640000   0   0 
 27 308   0.263662      153.428      142.358     0.694939       99.600  58.43     0.684301        5.453     0.306448    11.400000     0.093333   0   0 
 28 308   0.375384      154.440      138.578     0.696467      100.892  59.19     0.684635        1.127     0.356416    11.506667     0.106667   0   0 
 29 308   0.461895      158.310      138.128     0.702886      105.246  61.75     0.686350        0.163     0.172998    11.600000     0.093333   0   0 
 30 308   0.422473      159.795      139.793     0.702907      105.246  61.75     0.686350        5.037     0.164400    11.720000     0.120000   1   0 
 31 308   0.225735      161.393      137.273     0.703190      107.344  62.98     0.685268        3.321     0.627604    11.733333     0.013333   0   0 
 32 308   0.347799      161.370      137.160     0.703953      107.344  62.98     0.685268        3.321     0.163661    11.760000     0.026667   1   0 
 33 308   0.270938      160.740      130.658     0.715416      107.864  63.28     0.698208        3.135     0.321266    11.840000     0.080000   0   0 
 34 308   0.317170      160.515      130.635     0.715418      107.864  63.28     0.698208        3.135     0.133915    11.880000     0.040000   1   0 
 35 308   0.625394      160.065      130.365     0.717664      107.864  63.28     0.698208        0.000     0.187351    12.480000     0.600000   0   0 
 36 308   0.570713      159.075      130.703     0.718544      107.864  63.28     0.698208        0.000     0.109925    13.066667     0.586667   0   0 
 37 308   0.543759      159.075      130.703     0.719357      107.864  63.28     0.698208        0.000     0.276591    13.693333     0.626667   0   0 
 38 308   0.576866      158.715      131.040     0.719660      107.864  63.28     0.698208        0.000     0.333333    14.306667     0.613333   0   0 
 39 308   0.493270      158.738      131.018     0.719753      107.864  63.28     0.698208        0.000     0.166667    14.840000     0.533333   0   0 
 40 308   0.471531      158.715      131.018     0.721325      107.864  63.28     0.698208        0.000     0.145982    15.373333     0.533333   0   0 
 41 308   0.459050      158.715      131.018     0.722009      107.864  63.28     0.698208        0.000     0.333333    15.986667     0.613333   0   0 
 42 308   0.374610      158.670      131.085     0.722154      107.864  63.28     0.698208        0.000     0.166667    16.613333     0.626667   0   0 
 43 308   0.377856      158.513      131.040     0.721991      107.864  63.28     0.698208        0.000     0.077427    17.066667     0.453333   0   0 
 44 308   0.371952      158.558      131.108     0.722051      107.864  63.28     0.698208        0.000     0.166667    17.666667     0.600000   0   0 
 45 308   0.278962      171.473      130.883     0.733941      121.027  71.01     0.699968        6.111     0.307741    17.960000     0.293333   0   0 
 46 308   0.467794      172.373      133.110     0.735315      122.001  71.58     0.700113        0.829     0.198045    18.053333     0.093333   0   0 
 47 308   0.470229      173.453      133.200     0.735414      122.001  71.58     0.700113        6.539     0.151769    18.133333     0.080000   1   0 
 48 308   0.372369      175.388      128.723     0.740077      124.254  72.90     0.703459        4.479     0.260562    18.346667     0.213333   0   0 
 49 308   0.474526      174.758      128.723     0.740668      124.254  72.90     0.703459        4.479     0.150638    18.560000     0.213333   1   0 
 50 308   0.435790      174.983      128.678     0.743470      125.974  73.91     0.703198        5.422     0.323002    18.600000     0.040000   0   0 
 51 308   0.496002      175.028      128.633     0.743450      125.974  73.91     0.703198        5.422     0.135651    18.666667     0.066667   1   0 
 52 308   0.600145      174.915      128.610     0.743544      125.974  73.91     0.703198        0.000     0.130609    19.280000     0.613333   0   0 
 53 308   0.555857      174.488      128.408     0.744504      125.974  73.91     0.703198        0.000     0.109925    19.813333     0.533333   0   0 
 54 308   0.512802      174.488      128.408     0.744629      125.974  73.91     0.703198        0.000     0.276591    20.373333     0.560000   0   0 
 55 308   0.582591      174.173      128.183     0.744678      125.974  73.91     0.703198        0.000     0.333333    20.933333     0.560000   0   0 
 56 308   0.495088      174.240      128.160     0.744775      125.974  73.91     0.703198        0.000     0.166667    21.506667     0.573333   0   0 
 57 308   0.489591      174.083      128.048     0.744904      125.974  73.91     0.703198        0.000     0.145982    22.213333     0.706667   0   0 
 58 308   0.266371      173.970      127.665     0.751163      126.355  74.13     0.710723        5.347     0.446928    22.293333     0.080000   0   0 
 59 308   0.385152      173.970      127.665     0.751285      126.355  74.13     0.710723        5.347     0.134279    22.413333     0.120000   1   0 
 60 308   0.596082      173.970      127.665     0.751384      126.355  74.13     0.710723        0.000     0.166667    23.133333     0.720000   0   0 
 61 308   0.554539      173.835      127.665     0.751663      126.355  74.13     0.710723        0.000     0.109925    23.786667     0.653333   0   0 
 62 308   0.515095      173.880      127.665     0.751673      126.355  74.13     0.710723        0.000     0.276591    24.386667     0.600000   0   0 
 63 308   0.582994      173.790      127.665     0.751817      126.355  74.13     0.710723        0.000     0.333333    24.960000     0.573333   0   0 
 64 308   0.453562      177.255      127.913     0.750578      127.303  74.69     0.712001        3.016     0.166336    25.013333     0.053333   0   0 
 65 308   0.528387      177.705      128.228     0.750527      127.303  74.69     0.712001        3.016     0.166336    25.160000     0.146667   1   0 
 66 308   0.627958      177.975      128.228     0.750633      127.303  74.69     0.712001        0.000     0.000000    25.813333     0.653333   0   0 
 67 308   0.511973      177.885      128.228     0.751173      127.303  74.69     0.712001        0.000     0.500000    26.360000     0.546667   0   0 
 68 308   0.556184      177.660      128.228     0.751236      127.303  74.69     0.712001        0.000     0.109925    27.000000     0.640000   0   0 
 69 308   0.515018      177.660      128.228     0.751311      127.303  74.69     0.712001        0.000     0.276591    27.600000     0.600000   0   0 
 70 308   0.496139      177.705      128.228     0.751397      127.303  74.69     0.712001        0.000     0.166667    28.080000     0.480000   0   0 
 71 308   0.389197      180.248      127.733     0.751346      132.003  77.44     0.706446        6.147     0.295583    28.280000     0.200000   0   0 
 72 308   0.364553      180.203      127.733     0.751437      132.003  77.44     0.706446        6.147     0.164974    28.360000     0.080000   1   0 
 73 308   0.305135      181.980      128.115     0.757535      132.832  77.93     0.712119        4.814     0.461345    28.466667     0.106667   0   0 
 74 308   0.423344      181.980      128.115     0.757583      132.832  77.93     0.712119        4.814     0.164070    28.533333     0.066667   1   0 
 75 308   0.593850      181.980      128.115     0.757627      132.832  77.93     0.712119        0.000     0.166667    29.120000     0.586667   0   0 
 76 308   0.555440      181.823      128.115     0.757628      132.832  77.93     0.712119        0.000     0.109925    29.546667     0.426667   0   0 
 77 308   0.169800      181.823      128.115     0.759378      132.842  77.94     0.714480        3.114     0.832378    29.573333     0.026667   0   0 
 78 308   0.366577      181.823      128.115     0.759405      132.842  77.94     0.714480        3.114     0.165711    29.586667     0.013333   1   0 
 79 308   0.597349      181.800      128.093     0.759368      132.842  77.94     0.714480        0.000     0.276591    30.013333     0.426667   0   0 
 80 308   0.509802      181.755      128.093     0.759467      132.842  77.94     0.714480        0.000     0.500000    30.506667     0.493333   0   0 
 81 308   0.555194      181.755      128.093     0.759516      132.842  77.94     0.714480        0.000     0.109925    31.133333     0.626667   0   0 
 82 308   0.514581      181.755      128.093     0.759604      132.842  77.94     0.714480        0.000     0.276591    31.760000     0.626667   0   0 
 83 308   0.494959      181.755      128.093     0.759660      132.842  77.94     0.714480        0.000     0.166667    32.320000     0.560000   0   0 
 84 308   0.489388      181.755      128.093     0.759717      132.842  77.94     0.714480        0.000     0.145982    32.946667     0.626667   0   0 
 85 308   0.451122      181.755      128.093     0.759789      132.842  77.94     0.714480        0.000     0.333333    33.560000     0.613333   0   0 
 86 308   0.367022      181.800      128.048     0.759795      132.842  77.94     0.714480        0.000     0.166667    34.146667     0.586667   0   0 
 87 308   0.322270      181.890      127.800     0.760540      133.534  78.34     0.714364        4.852     0.130966    34.213333     0.066667   0   0 
 88 308   0.385445      181.710      127.755     0.760544      133.534  78.34     0.714364        4.852     0.130966    34.293333     0.080000   1   0 
 89 308   0.592567      181.710      127.755     0.760694      133.534  78.34     0.714364        0.000     0.187351    34.640000     0.346667   0   0 
 90 308   0.555574      181.710      127.755     0.760835      133.534  78.34     0.714364        0.000     0.109925    35.333333     0.693333   0   0 
 91 308   0.515259      181.710      127.755     0.760899      133.534  78.34     0.714364        0.000     0.276591    35.840000     0.506667   0   0 
 92 308   0.240549      181.215      121.185     0.762836      135.241  79.34     0.714282        6.276     0.253718    35.933333     0.093333   0   0 
 93 308   0.537212      185.580      118.665     0.756837      139.236  81.69     0.708938        0.197     0.127254    36.120000     0.186667   0   0 
 94 308   0.498393      185.603      118.260     0.757577      139.889  82.07     0.707710        0.169     0.146054    36.333333     0.213333   0   0 
 95 308   0.513474      185.940      119.588     0.757638      139.889  82.07     0.707710        6.239     0.161195    36.546667     0.213333   1   0 
 96 308   0.241496      186.323      118.193     0.757832      141.589  83.07     0.705223        4.833     0.571535    36.613333     0.066667   0   0 
 97 308   0.363451      186.278      118.193     0.757889      141.589  83.07     0.705223        4.833     0.128277    36.720000     0.106667   1   0 
 98 308   0.588694      186.323      118.238     0.757838      141.589  83.07     0.705223        0.000     0.297276    37.253333     0.533333   0   0 
 99 308   0.498825      186.323      118.238     0.757910      141.589  83.07     0.705223        0.000     0.500000    37.893333     0.640000   0   0 
100 308   0.549689      186.098      118.238     0.757802      141.589  83.07     0.705223        0.000     0.109925    38.480000     0.586667   0   0 
