#scene........................: /home/eldamian/nbvEverardo/models/studying_room.wrl
#triangles....................: 107322
#Total triangles' area........: 170.448196 (m2)
#sensor aperture..............: 135.000000 x 70.000000 (deg)
#range image size.............: 350 x 80
#sensor blind distances.......: 0.500000 .. 30.000000 (m)
#sensor blind angle...........: 80.000000
#sensor Gaussian noise std dev: 0.012000 (m)
#views number.................: 100 
#optimization method..........: Simulated Annealing
#view iterations fitness vxl_occupied(m2) occplane(m2) vxl_quality tri_imaged(m2) tri_imaged(%) tri_quality travelled(m) energy total_time single_time backstep change
  0   0  -0.000000       16.628        4.838     0.635252       10.896   6.39     0.627871        0.000     0.000000     0.000000     0.000000   0   0 
  1 300   0.563266       26.033        5.220     0.621800       18.741  10.99     0.612062        0.000     0.077427     0.253333     0.253333   0   0 
  2 300   0.546281       42.728       24.615     0.678270       23.472  13.77     0.665242        0.000     0.187351     0.506667     0.253333   0   0 
  3 300   0.544380       54.293       34.358     0.690208       29.268  17.17     0.685591        0.000     0.166667     0.760000     0.253333   0   0 
  4 300   0.507107       83.475       50.040     0.649959       39.521  23.19     0.676262        0.000     0.276591     1.066667     0.306667   0   0 
  5 300   0.479321       93.195       53.595     0.646268       47.795  28.04     0.664010        0.000     0.166667     1.493333     0.426667   0   0 
  6 300   0.474762      102.578       54.023     0.635824       54.253  31.83     0.651512        0.000     0.333333     1.866667     0.373333   0   0 
  7 300   0.274241      103.995       57.623     0.653034       60.555  35.53     0.648171        4.969     0.641329     1.906667     0.040000   0   0 
  8 300   0.379961      103.973       57.510     0.654690       60.781  35.66     0.649703        0.123     0.083347     1.973333     0.066667   0   0 
  9 300   0.518655      120.285      117.225     0.647590       66.843  39.22     0.655199        0.346     0.257676     2.040000     0.066667   0   0 
 10 300   0.429309      143.528      111.713     0.674076       78.982  46.34     0.680239        5.183     0.148990     2.106667     0.066667   1   0 
 11 300   0.621152      142.245      112.770     0.681660       81.246  47.67     0.694849        0.000     0.109925     2.640000     0.533333   0   0 
 12 300   0.562520      142.110      113.085     0.683975       81.246  47.67     0.694849        0.000     0.166667     3.173333     0.533333   0   0 
 13 300   0.538537      142.965      121.455     0.687567       84.614  49.64     0.699260        0.000     0.333333     3.680000     0.506667   0   0 
 14 300   0.555363      143.258      121.478     0.688071       84.614  49.64     0.699260        0.000     0.166667     4.280000     0.600000   0   0 
 15 300   0.431741      143.663      121.478     0.691631       87.645  51.42     0.698494        6.431     0.408694     4.320000     0.040000   0   0 
 16 300   0.390752      143.640      121.455     0.691748       87.645  51.42     0.698494        6.431     0.132102     4.320000     0.000000   1   0 
 17 300   0.485488      143.820      120.645     0.697564       89.487  52.50     0.701235        6.418     0.464759     4.333333     0.013333   0   0 
 18 300   0.424332      143.798      120.600     0.697687       89.487  52.50     0.701235        6.418     0.131426     4.346667     0.013333   1   0 
 19 300   0.613969      143.123      121.635     0.698346       89.487  52.50     0.701235        0.000     0.276591     4.920000     0.573333   0   0 
 20 300   0.634035      143.010      130.208     0.699394       89.487  52.50     0.701235        0.000     0.500000     5.480000     0.560000   0   0 
 21 300   0.567444      143.303      132.368     0.699374       89.487  52.50     0.701235        0.000     0.166667     6.026667     0.546667   0   0 
 22 300   0.248598      155.835      144.585     0.706173       96.422  56.57     0.702318        6.315     0.260525     6.040000     0.013333   0   0 
 23 300   0.349047      155.858      144.563     0.707613       96.564  56.65     0.703474        0.020     0.192339     6.133333     0.093333   0   0 
 24 300   0.384286      155.565      144.360     0.707348       98.459  57.76     0.702595        6.335     0.155588     6.200000     0.066667   1   0 
 25 300   0.583778      155.228      144.450     0.708498       98.459  57.76     0.702595        0.000     0.297276     6.800000     0.600000   0   0 
 26 300   0.371424      155.790      143.213     0.712046       99.745  58.52     0.704768        5.111     0.409249     6.840000     0.040000   0   0 
 27 300   0.381813      155.790      143.213     0.712107       99.745  58.52     0.704768        5.111     0.132658     6.880000     0.040000   1   0 
 28 300   0.167183      155.813      143.010     0.714093      101.452  59.52     0.703889        6.484     0.767438     6.893333     0.013333   0   0 
 29 300   0.382861      155.273      143.123     0.714641      101.452  59.52     0.703889        6.484     0.157513     6.906667     0.013333   1   0 
 30 300   0.669099      155.183      142.943     0.714908      101.452  59.52     0.703889        0.000     0.000000     7.520000     0.613333   0   0 
 31 300   0.537596      155.138      142.898     0.714986      101.452  59.52     0.703889        0.000     0.166667     7.986667     0.466667   0   0 
 32 300   0.577291      155.070      142.920     0.715094      101.452  59.52     0.703889        0.000     0.333333     8.586667     0.600000   0   0 
 33 300   0.533396      154.013      142.515     0.716772      101.452  59.52     0.703889        0.000     0.109925     9.146667     0.560000   0   0 
 34 300   0.265294      154.013      142.560     0.717719      101.789  59.72     0.705140        5.274     0.300051     9.200000     0.053333   0   0 
 35 300   0.347353      154.530      142.110     0.717859      102.913  60.38     0.705415        5.274     0.133384     9.226667     0.026667   1   0 
 36 300   0.308382      155.385      142.920     0.719222      104.373  61.23     0.704752        4.807     0.254690     9.266667     0.040000   0   0 
 37 300   0.392899      156.870      141.413     0.720008      105.622  61.97     0.704089        1.859     0.190205     9.320000     0.053333   0   0 
 38 300   0.432047      156.780      141.660     0.719906      105.622  61.97     0.704089        5.440     0.147620     9.400000     0.080000   1   0 
 39 300   0.549381      156.690      141.660     0.720591      105.622  61.97     0.704089        0.000     0.109925     9.986667     0.586667   0   0 
 40 300   0.280048      155.858      141.458     0.730815      110.119  64.61     0.700605        6.257     0.284142    10.013333     0.026667   0   0 
 41 300   0.454090      161.640      140.603     0.728181      115.826  67.95     0.696740        0.369     0.345885    10.053333     0.040000   0   0 
 42 300   0.372736      167.513      132.818     0.732527      122.350  71.78     0.697467        0.351     0.137503    10.146667     0.093333   0   0 
 43 300   0.330045      167.558      132.773     0.732400      122.350  71.78     0.697467        6.078     0.138507    10.186667     0.040000   1   0 
 44 300   0.310528      167.445      132.705     0.733370      122.780  72.03     0.697992        5.141     0.245718    10.200000     0.013333   0   0 
 45 300   0.384013      167.333      132.728     0.733214      122.780  72.03     0.697992        5.141     0.135793    10.226667     0.026667   1   0 
 46 300   0.554649      167.355      132.705     0.733338      122.780  72.03     0.697992        0.000     0.297276    10.826667     0.600000   0   0 
 47 300   0.538150      166.770      132.615     0.733545      122.780  72.03     0.697992        0.000     0.109925    11.333333     0.506667   0   0 
 48 300   0.143915      170.753      127.890     0.737916      127.093  74.56     0.697047        4.824     0.818261    11.373333     0.040000   0   0 
 49 300   0.316764      173.700      119.363     0.736075      132.140  77.52     0.694096        4.824     0.130910    11.400000     0.026667   1   0 
 50 300   0.314602      178.785      124.380     0.737578      132.990  78.02     0.695765        6.383     0.259043    11.426667     0.026667   0   0 
 51 300   0.405791      178.785      124.335     0.737614      132.990  78.02     0.695765        6.383     0.128435    11.466667     0.040000   1   0 
 52 300   0.598679      178.808      124.268     0.737552      132.990  78.02     0.695765        0.000     0.000000    11.893333     0.426667   0   0 
 53 300   0.148364      178.493      124.358     0.740407      134.415  78.86     0.699059        3.086     0.793866    11.920000     0.026667   0   0 
 54 300   0.298109      178.110      124.290     0.740914      136.058  79.82     0.698111        3.086     0.163257    11.973333     0.053333   1   0 
 55 300   0.237054      179.618      122.625     0.743877      137.849  80.87     0.702715        5.532     0.430569    12.000000     0.026667   0   0 
 56 300   0.331143      179.483      122.625     0.743840      137.849  80.87     0.702715        5.532     0.153978    12.026667     0.026667   1   0 
 57 300   0.282367      179.483      122.625     0.743904      137.866  80.88     0.702882        6.546     0.418904    12.080000     0.053333   0   0 
 58 300   0.399643      179.393      122.625     0.743953      137.866  80.88     0.702882        6.546     0.162997    12.093333     0.013333   1   0 
 59 300   0.570235      179.438      122.625     0.744025      137.866  80.88     0.702882        0.000     0.276591    12.706667     0.613333   0   0 
 60 300   0.503137      179.303      122.625     0.744186      137.866  80.88     0.702882        0.000     0.166667    13.346667     0.640000   0   0 
 61 300   0.545253      179.303      122.625     0.744360      137.866  80.88     0.702882        0.000     0.333333    13.933333     0.586667   0   0 
 62 300   0.219511      179.618      121.950     0.746611      139.322  81.74     0.705885        5.502     0.606608    13.960000     0.026667   0   0 
 63 300   0.361606      179.865      121.883     0.746773      141.103  82.78     0.704274        5.502     0.163350    14.013333     0.053333   1   0 
 64 300   0.598156      179.573      121.860     0.748724      141.103  82.78     0.704274        0.000     0.187351    14.533333     0.520000   0   0 
 65 300   0.166654      179.798      124.313     0.748779      141.253  82.87     0.704486        5.821     0.771761    14.546667     0.013333   0   0 
 66 300   0.385812      179.798      124.313     0.749019      141.385  82.95     0.704991        0.556     0.088221    14.586667     0.040000   0   0 
 67 300   0.399448      179.348      124.043     0.749440      142.697  83.72     0.705298        6.281     0.151041    14.600000     0.013333   1   0 
 68 300   0.562959      179.303      124.043     0.751517      142.697  83.72     0.705298        0.000     0.187351    14.973333     0.373333   0   0 
 69 300   0.543756      179.258      124.043     0.751774      142.697  83.72     0.705298        0.000     0.109925    15.480000     0.506667   0   0 
 70 300   0.264131      186.480      121.613     0.754540      145.760  85.52     0.705034        6.562     0.493889    15.533333     0.053333   0   0 
 71 300   0.378429      186.975      117.788     0.755396      147.879  86.76     0.703133        0.355     0.016591    15.600000     0.066667   0   0 
 72 300   0.411652      186.975      117.540     0.758498      148.689  87.23     0.702991        0.548     0.274400    15.680000     0.080000   0   0 
 73 300   0.448331      187.583      118.058     0.758710      148.775  87.28     0.703043        6.081     0.162458    15.760000     0.080000   1   0 
 74 300   0.282054      187.763      117.563     0.759049      149.139  87.50     0.702452        6.215     0.301998    15.773333     0.013333   0   0 
 75 300   0.365950      187.740      117.180     0.759099      149.139  87.50     0.702452        6.215     0.156016    15.826667     0.053333   1   0 
 76 300   0.260036      187.740      117.180     0.760824      149.173  87.52     0.704737        5.800     0.418181    15.840000     0.013333   0   0 
 77 300   0.361749      187.740      117.180     0.760845      149.173  87.52     0.704737        5.800     0.141590    15.920000     0.080000   1   0 
 78 300   0.187218      187.740      110.498     0.761734      150.762  88.45     0.705164        6.363     0.569728    15.960000     0.040000   0   0 
 79 300   0.304194      187.808      108.945     0.762934      151.337  88.79     0.705881        0.512     0.003870    16.066667     0.106667   0   0 
 80 300   0.334931      187.808      108.360     0.763321      151.696  89.00     0.706455        1.592     0.277550    16.173333     0.106667   0   0 
 81 300   0.367645      188.010      107.528     0.763377      151.696  89.00     0.706455        5.561     0.150065    16.213333     0.040000   1   0 
 82 300   0.342059      189.608      109.035     0.765897      152.131  89.25     0.713289        5.411     0.495992    16.253333     0.040000   0   0 
 83 300   0.490350      189.945      109.463     0.765973      152.131  89.25     0.713289        5.411     0.162659    16.346667     0.093333   1   0 
 84 300   0.612347      189.945      109.463     0.766028      152.131  89.25     0.713289        0.000     0.000000    16.933333     0.586667   0   0 
 85 300   0.384523      190.800      109.305     0.769133      152.246  89.32     0.714029        5.927     0.276525    16.973333     0.040000   0   0 
 86 300   0.491194      190.823      109.148     0.769295      152.256  89.33     0.714046        5.927     0.130543    17.080000     0.106667   1   0 
 87 300   0.290445      190.395      109.080     0.769367      152.543  89.49     0.714254        5.933     0.316113    17.133333     0.053333   0   0 
 88 300   0.377183      190.328      108.968     0.769408      152.543  89.49     0.714254        5.933     0.149446    17.173333     0.040000   1   0 
 89 300   0.609572      190.328      108.968     0.769993      152.543  89.49     0.714254        0.000     0.109925    17.746667     0.573333   0   0 
 90 300   0.267619      190.328      108.968     0.771653      152.565  89.51     0.716299        4.934     0.431860    17.840000     0.093333   0   0 
 91 300   0.364195      190.328      108.968     0.771715      152.565  89.51     0.716299        4.934     0.155269    17.973333     0.133333   1   0 
 92 300   0.295523      190.328      108.968     0.774784      152.652  89.56     0.719655        3.870     0.494754    18.013333     0.040000   0   0 
 93 300   0.407544      190.328      108.968     0.774802      152.652  89.56     0.719655        3.870     0.161421    18.066667     0.053333   1   0 
 94 300   0.367369      192.083      106.853     0.775828      154.415  90.59     0.719959        5.167     0.423154    18.160000     0.093333   0   0 
 95 300   0.496624      193.118      107.933     0.775954      154.415  90.59     0.719959        5.167     0.146563    18.253333     0.093333   1   0 
 96 300   0.260021      193.118      107.978     0.776486      154.535  90.66     0.719985        6.277     0.432227    18.333333     0.080000   0   0 
 97 300   0.364530      193.073      107.978     0.776472      155.199  91.05     0.718708        6.277     0.134952    18.453333     0.120000   1   0 
 98 300   0.289198      194.828      109.868     0.776880      155.308  91.12     0.719650        4.092     0.684733    18.520000     0.066667   0   0 
 99 300   0.505324      194.828      109.868     0.777020      155.308  91.12     0.719650        4.092     0.164049    18.586667     0.066667   1   0 
100 300   0.309025      195.098      109.598     0.776974      155.733  91.37     0.718893        5.208     0.400381    18.680000     0.093333   0   0 
