#scene........................: /home/eldamian/nbvEverardo/models/studying_room.wrl
#triangles....................: 107322
#Total triangles' area........: 170.448196 (m2)
#sensor aperture..............: 135.000000 x 70.000000 (deg)
#range image size.............: 350 x 80
#sensor blind distances.......: 0.500000 .. 30.000000 (m)
#sensor blind angle...........: 80.000000
#sensor Gaussian noise std dev: 0.012000 (m)
#views number.................: 100 
#optimization method..........: Evolution Strategy
#view iterations fitness vxl_occupied(m2) occplane(m2) vxl_quality tri_imaged(m2) tri_imaged(%) tri_quality travelled(m) energy total_time single_time backstep change
  0   0  -0.000000       16.628        4.838     0.635252       10.896   6.39     0.627871        0.000     0.000000     0.000000     0.000000   0   0 
  1 308   0.610205       26.033        5.220     0.621800       18.741  10.99     0.612062        0.000     0.077427     0.266667     0.266667   0   0 
  2 308   0.601905       42.728       24.615     0.678270       23.472  13.77     0.665242        0.000     0.187351     0.586667     0.320000   0   0 
  3 308   0.600261       54.293       34.358     0.690208       29.268  17.17     0.685591        0.000     0.166667     0.960000     0.373333   0   0 
  4 308   0.572385       83.475       50.040     0.649959       39.521  23.19     0.676262        0.000     0.276591     1.413333     0.453333   0   0 
  5 308   0.542325       93.195       53.595     0.646268       47.795  28.04     0.664010        0.000     0.166667     1.866667     0.453333   0   0 
  6 308   0.536462      102.578       54.023     0.635824       54.253  31.83     0.651512        0.000     0.333333     2.453333     0.586667   0   0 
  7 308   0.514678      141.143       89.955     0.649392       68.074  39.94     0.663778        0.000     0.166667     2.920000     0.466667   0   0 
  8 308   0.603664      142.223       89.910     0.654531       70.089  41.12     0.664623        5.001     0.328511     3.040000     0.120000   0   0 
  9 308   0.421777      142.133       89.910     0.654836       70.089  41.12     0.664623        5.001     0.161845     3.106667     0.066667   1   0 
 10 308   0.562948      141.998       98.033     0.655589       70.089  41.12     0.664623        0.000     0.443258     3.640000     0.533333   0   0 
 11 308   0.590602      147.150      111.443     0.665826       75.570  44.34     0.680401        0.000     0.333333     4.213333     0.573333   0   0 
 12 308   0.716864      150.143      119.925     0.662300       82.770  48.56     0.682242        0.000     0.609924     4.613333     0.400000   0   0 
 13 308   0.748887      149.378      126.248     0.665859       85.984  50.45     0.688573        0.000     0.109925     5.026667     0.413333   0   0 
 14 308   0.600405      149.625      126.428     0.667188       85.984  50.45     0.688573        0.000     0.333333     5.493333     0.466667   0   0 
 15 308   0.568151      149.400      126.563     0.669642       86.086  50.51     0.688664        0.000     0.145982     6.053333     0.560000   0   0 
 16 308   0.531219      149.400      128.070     0.670984       86.181  50.56     0.688796        0.000     0.333333     6.666667     0.613333   0   0 
 17 308   0.525233      150.233      140.558     0.671450       87.917  51.58     0.688566        0.000     0.166667     7.186667     0.520000   0   0 
 18 308   0.449066      150.188      140.558     0.671467       87.917  51.58     0.688566        0.000     0.077427     7.773333     0.586667   0   0 
 19 308   0.467426      151.403      141.930     0.684317       89.738  52.65     0.687487        4.605     0.332602     7.826667     0.053333   0   0 
 20 308   0.514115      151.403      142.605     0.684738       89.738  52.65     0.687487        4.605     0.165936     7.866667     0.040000   1   0 
 21 308   0.680256      151.178      143.100     0.686090       89.738  52.65     0.687487        0.000     0.145982     8.480000     0.613333   0   0 
 22 308   0.468159      152.438      138.105     0.688950       90.469  53.08     0.693044        3.345     0.161138     8.520000     0.040000   0   0 
 23 308   0.495560      152.168      137.925     0.689189       90.469  53.08     0.693044        3.345     0.161138     8.560000     0.040000   1   0 
 24 308   0.691273      152.123      137.745     0.689349       90.469  53.08     0.693044        0.000     0.000000     9.080000     0.520000   0   0 
 25 308   0.650704      152.123      137.700     0.690752       90.469  53.08     0.693044        0.000     0.166667     9.666667     0.586667   0   0 
 26 308   0.619880      150.795      139.230     0.691552       90.469  53.08     0.693044        0.000     0.276591    10.213333     0.546667   0   0 
 27 308   0.568703      150.525      139.185     0.693229       90.469  53.08     0.693044        0.000     0.609924    10.773333     0.560000   0   0 
 28 308   0.485531      158.018      131.423     0.697633       97.295  57.08     0.696649        5.230     0.344393    10.866667     0.093333   0   0 
 29 308   0.541968      160.718      126.090     0.711181      100.881  59.19     0.705001        0.560     0.193527    11.000000     0.133333   0   0 
 30 308   0.575779      162.833      129.128     0.711316      100.881  59.19     0.705001        5.155     0.163219    11.053333     0.053333   1   0 
 31 308   0.666762      162.743      129.128     0.711658      100.881  59.19     0.705001        0.000     0.000000    11.640000     0.586667   0   0 
 32 308   0.645968      162.765      129.060     0.713650      100.881  59.19     0.705001        0.000     0.500000    12.173333     0.533333   0   0 
 33 308   0.462101      162.090      128.565     0.715265      102.706  60.26     0.706206        4.914     0.163788    12.280000     0.106667   0   0 
 34 308   0.481589      162.698      125.213     0.713078      105.101  61.66     0.703573        0.674     0.140270    12.520000     0.240000   0   0 
 35 308   0.484297      162.248      125.190     0.713902      105.101  61.66     0.703573        5.277     0.133442    12.600000     0.080000   1   0 
 36 308   0.566525      164.993      119.318     0.722745      109.574  64.29     0.708596        6.058     0.260912    12.773333     0.173333   0   0 
 37 308   0.579528      165.375      119.790     0.722949      109.574  64.29     0.708596        6.058     0.150987    12.946667     0.173333   1   0 
 38 308   0.638768      165.330      119.790     0.723246      109.574  64.29     0.708596        0.000     0.000000    13.533333     0.586667   0   0 
 39 308   0.442139      174.893      116.078     0.731153      120.733  70.83     0.710938        6.126     0.327486    13.720000     0.186667   0   0 
 40 308   0.595480      177.210      116.528     0.728238      122.613  71.94     0.708228        0.198     0.181390    13.933333     0.213333   0   0 
 41 308   0.597165      177.930      117.810     0.728311      122.613  71.94     0.708228        6.101     0.154858    14.106667     0.173333   1   0 
 42 308   0.634221      177.795      117.810     0.729701      122.613  71.94     0.708228        0.000     0.145982    14.706667     0.600000   0   0 
 43 308   0.399926      177.840      118.350     0.731269      123.697  72.57     0.710352        5.771     0.267672    14.866667     0.160000   0   0 
 44 308   0.582565      180.180      114.638     0.734303      127.149  74.60     0.709513        0.121     0.290777    15.040000     0.173333   0   0 
 45 308   0.593014      181.778      109.283     0.733315      129.202  75.80     0.706991        0.599     0.010822    15.373333     0.333333   0   0 
 46 308   0.591159      181.800      108.990     0.734237      129.284  75.85     0.707042        0.742     0.150537    15.613333     0.240000   0   0 
 47 308   0.601441      181.845      109.845     0.734264      129.284  75.85     0.707042        5.735     0.158939    15.760000     0.146667   1   0 
 48 308   0.644281      181.890      109.845     0.734474      129.284  75.85     0.707042        0.000     0.145982    16.386667     0.626667   0   0 
 49 308   0.495319      181.778      109.620     0.735988      130.103  76.33     0.705674        5.509     0.285361    16.533333     0.146667   0   0 
 50 308   0.566577      181.440      109.440     0.735954      133.025  78.04     0.702211        5.509     0.154752    16.613333     0.080000   1   0 
 51 308   0.644914      181.440      109.440     0.736521      133.025  78.04     0.702211        0.000     0.130609    17.213333     0.600000   0   0 
 52 308   0.629029      181.463      109.418     0.736981      133.025  78.04     0.702211        0.000     0.500000    17.733333     0.520000   0   0 
 53 308   0.318853      181.463      109.418     0.741322      133.878  78.54     0.705197        5.009     0.775382    17.760000     0.026667   0   0 
 54 308   0.403101      181.508      109.418     0.741340      133.878  78.54     0.705197        5.009     0.165457    17.813333     0.053333   1   0 
 55 308   0.636464      181.395      109.395     0.741404      133.878  78.54     0.705197        0.000     0.276591    18.493333     0.680000   0   0 
 56 308   0.543114      185.085      112.208     0.742007      133.922  78.57     0.705142        5.989     0.278961    18.706667     0.213333   0   0 
 57 308   0.600986      185.715      112.028     0.742067      133.946  78.58     0.705142        0.298     0.028751    19.013333     0.306667   0   0 
 58 308   0.609138      185.670      111.578     0.742215      133.990  78.61     0.705378        0.819     0.002716    19.226667     0.213333   0   0 
 59 308   0.615966      185.738      111.690     0.742248      133.990  78.61     0.705378        5.722     0.164445    19.573333     0.346667   1   0 
 60 308   0.649120      185.738      111.690     0.742496      133.990  78.61     0.705378        0.000     0.145982    20.106667     0.533333   0   0 
 61 308   0.630223      184.950      111.600     0.742321      133.990  78.61     0.705378        0.000     0.109925    20.733333     0.626667   0   0 
 62 308   0.611780      185.040      111.600     0.742391      133.990  78.61     0.705378        0.000     0.609924    21.346667     0.613333   0   0 
 63 308   0.559481      185.040      111.600     0.742483      133.990  78.61     0.705378        0.000     0.333333    21.973333     0.626667   0   0 
 64 308   0.462567      186.143      112.478     0.743256      134.716  79.04     0.705981        4.855     0.406310    22.080000     0.106667   0   0 
 65 308   0.513279      186.075      112.185     0.743678      135.192  79.32     0.705704        0.147     0.014511    22.426667     0.346667   0   0 
 66 308   0.510718      185.760      112.185     0.743781      135.192  79.32     0.705704        4.892     0.144229    22.546667     0.120000   1   0 
 67 308   0.656293      185.648      112.163     0.744063      135.192  79.32     0.705704        0.000     0.109925    23.093333     0.546667   0   0 
 68 308   0.396840      185.963      111.510     0.746332      136.607  80.15     0.705683        4.702     0.405774    23.200000     0.106667   0   0 
 69 308   0.411601      185.963      111.510     0.746405      136.607  80.15     0.705683        4.702     0.129183    23.306667     0.106667   1   0 
 70 308   0.647299      185.963      111.510     0.746461      136.607  80.15     0.705683        0.000     0.276591    23.680000     0.373333   0   0 
 71 308   0.385008      185.918      111.195     0.749551      137.015  80.38     0.710792        5.114     0.324396    23.720000     0.040000   0   0 
 72 308   0.515558      186.345      110.565     0.750068      137.584  80.72     0.712225        0.955     0.189960    23.906667     0.186667   0   0 
 73 308   0.549990      187.380      110.408     0.755445      138.234  81.10     0.717210        0.971     0.027581    24.186667     0.280000   0   0 
 74 308   0.575376      188.370      107.078     0.762837      139.006  81.55     0.723856        1.351     0.000461    24.506667     0.320000   0   0 
 75 308   0.582930      188.483      107.055     0.762677      139.006  81.55     0.723856        4.941     0.162479    24.693333     0.186667   1   0 
 76 308   0.657483      188.663      107.055     0.762783      139.006  81.55     0.723856        0.000     0.166667    25.306667     0.613333   0   0 
 77 308   0.389154      188.685      106.628     0.764742      140.000  82.14     0.725857        3.406     0.352320    25.320000     0.013333   0   0 
 78 308   0.574819      188.730      106.673     0.764820      140.172  82.24     0.726237        2.035     0.195206    25.533333     0.213333   0   0 
 79 308   0.590911      189.225      106.718     0.764926      140.172  82.24     0.726237        5.108     0.157114    25.626667     0.093333   1   0 
 80 308   0.428733      189.270      106.673     0.765124      140.297  82.31     0.726630        6.063     0.152995    25.920000     0.293333   0   0 
 81 308   0.473088      189.293      106.673     0.765781      140.608  82.49     0.729451        1.040     0.008637    26.080000     0.160000   0   0 
 82 308   0.515011      189.810      107.258     0.765999      141.043  82.75     0.729819        9.123     0.004309    26.200000     0.120000   0   0 
 83 308   0.572847      189.810      107.258     0.766025      141.043  82.75     0.729819        9.123     0.004309    26.360000     0.160000   1   0 
 84 308   0.596118      190.283      105.480     0.775045      142.300  83.49     0.747410        2.386     0.001889    26.493333     0.133333   0   0 
 85 308   0.563923      190.688      104.355     0.775030      142.300  83.49     0.747410        4.051     0.163522    26.560000     0.066667   1   0 
 86 308   0.663287      190.823      104.355     0.774957      142.300  83.49     0.747410        0.000     0.000000    27.213333     0.653333   0   0 
 87 308   0.412650      191.498      104.580     0.775024      142.455  83.58     0.747125        4.843     0.742019    27.426667     0.213333   0   0 
 88 308   0.511898      191.318      104.580     0.775122      142.455  83.58     0.747125        4.843     0.132094    27.666667     0.240000   1   0 
 89 308   0.644588      191.318      104.580     0.775208      142.455  83.58     0.747125        0.000     0.109925    28.186667     0.520000   0   0 
 90 308   0.531877      191.453      104.265     0.775360      142.509  83.61     0.748425        6.144     0.158157    28.506667     0.320000   0   0 
 91 308   0.621664      191.498      102.983     0.779053      145.270  85.23     0.747342        0.181     0.635741    28.573333     0.066667   0   0 
 92 308   0.408124      191.408      102.983     0.779154      145.270  85.23     0.747342        5.963     0.132340    28.773333     0.200000   1   0 
 93 308   0.647004      191.340      102.960     0.779026      145.270  85.23     0.747342        0.000     0.276591    29.373333     0.600000   0   0 
 94 308   0.606874      191.228      102.938     0.779101      145.270  85.23     0.747342        0.000     0.500000    29.746667     0.373333   0   0 
 95 308   0.366862      191.093      102.938     0.781620      146.312  85.84     0.747497        5.490     0.493350    29.973333     0.226667   0   0 
 96 308   0.430908      191.093      102.938     0.782611      146.345  85.86     0.748821        0.045     0.120923    30.173333     0.200000   0   0 
 97 308   0.457043      190.868      102.375     0.784275      147.636  86.62     0.748310       10.472     0.177819    30.320000     0.146667   0   0 
 98 308   0.470507      191.588      101.385     0.791882      150.372  88.22     0.749379        1.403     0.122483    30.466667     0.146667   0   0 
 99 308   0.599020      193.028      100.755     0.791483      150.806  88.48     0.749873        1.107     0.366520    30.680000     0.213333   0   0 
100 308   0.623449      194.198      102.758     0.792043      150.962  88.57     0.750816        9.816     0.036214    30.813333     0.133333   1   0 
