#scene........................: /home/eldamian/nbvEverardo/models/studying_room.wrl
#triangles....................: 107322
#Total triangles' area........: 170.448196 (m2)
#sensor aperture..............: 135.000000 x 70.000000 (deg)
#range image size.............: 350 x 80
#sensor blind distances.......: 0.500000 .. 30.000000 (m)
#sensor blind angle...........: 80.000000
#sensor Gaussian noise std dev: 0.012000 (m)
#views number.................: 100 
#optimization method..........: Simulated Annealing
#view iterations fitness vxl_occupied(m2) occplane(m2) vxl_quality tri_imaged(m2) tri_imaged(%) tri_quality travelled(m) energy total_time single_time backstep change
  0   0  -0.000000       16.628        4.838     0.635252       10.896   6.39     0.627871        0.000     0.000000     0.000000     0.000000   0   0 
  1 300   0.675244       26.033        5.220     0.621800       18.741  10.99     0.612062        0.000     0.077427     0.213333     0.213333   0   0 
  2 300   0.659331       42.728       24.615     0.678270       23.472  13.77     0.665242        0.000     0.187351     0.506667     0.293333   0   0 
  3 300   0.654746       54.293       34.358     0.690208       29.268  17.17     0.685591        0.000     0.166667     0.813333     0.306667   0   0 
  4 300   0.636204       64.868       38.678     0.669711       36.762  21.57     0.666496        0.000     0.130609     1.186667     0.373333   0   0 
  5 300   0.642634       76.298       39.038     0.656339       44.432  26.07     0.652458        0.000     0.145982     1.613333     0.426667   0   0 
  6 300   0.615528       89.618       43.943     0.633487       52.528  30.82     0.650651        0.000     0.312649     2.026667     0.413333   0   0 
  7 300   0.574381       94.973       49.545     0.624838       55.726  32.69     0.639874        0.000     0.145982     2.493333     0.466667   0   0 
  8 300   0.554090      109.598       74.813     0.625836       62.829  36.86     0.641959        0.000     0.166667     3.013333     0.520000   0   0 
  9 300   0.497551      109.598       74.813     0.625879       62.910  36.91     0.642164        5.549     0.227344     3.026667     0.013333   0   0 
 10 300   0.583709      120.015       74.318     0.629773       67.612  39.67     0.655605        5.549     0.149918     3.066667     0.040000   1   0 
 11 300   0.658267      119.903       80.460     0.632321       67.612  39.67     0.655605        0.000     0.187351     3.546667     0.480000   0   0 
 12 300   0.630936      119.700       80.460     0.634887       67.612  39.67     0.655605        0.000     0.166667     3.960000     0.413333   0   0 
 13 300   0.439422      129.218       89.055     0.656709       75.885  44.52     0.667719        5.533     0.271621     3.986667     0.026667   0   0 
 14 300   0.441351      142.830       84.825     0.654254       80.907  47.47     0.663965        5.533     0.161696     4.026667     0.040000   1   0 
 15 300   0.648937      142.785       86.198     0.655938       80.907  47.47     0.663965        0.000     0.276591     4.613333     0.586667   0   0 
 16 300   0.641216      143.055       86.175     0.656380       80.907  47.47     0.663965        0.000     0.166667     5.200000     0.586667   0   0 
 17 300   0.600652      155.340      105.480     0.672687       87.583  51.38     0.680281        0.000     0.166667     5.800000     0.600000   0   0 
 18 300   0.646667      154.778      113.738     0.679591       90.605  53.16     0.686344        0.000     0.500000     6.373333     0.573333   0   0 
 19 300   0.639482      156.758      117.968     0.680138       97.253  57.06     0.686360        0.000     0.109925     6.973333     0.600000   0   0 
 20 300   0.484241      162.608      120.173     0.677250      102.947  60.40     0.677543        6.171     0.662346     7.000000     0.026667   0   0 
 21 300   0.572268      162.315      120.735     0.677775      102.947  60.40     0.677543        6.171     0.162346     7.026667     0.026667   1   0 
 22 300   0.759973      161.708      126.675     0.680374      102.947  60.40     0.677543        0.000     0.187351     7.573333     0.546667   0   0 
 23 300   0.430373      161.955      126.788     0.684921      104.537  61.33     0.677737        5.054     0.442198     7.586667     0.013333   0   0 
 24 300   0.546418      161.820      126.788     0.685086      104.537  61.33     0.677737        5.054     0.165607     7.613333     0.026667   1   0 
 25 300   0.450729      164.880      120.758     0.695561      109.375  64.17     0.676388        6.385     0.312459     7.640000     0.026667   0   0 
 26 300   0.544379      164.970      120.758     0.695595      109.375  64.17     0.676388        6.385     0.166477     7.666667     0.026667   1   0 
 27 300   0.751780      164.430      124.875     0.695746      109.375  64.17     0.676388        0.000     0.297276     8.213333     0.546667   0   0 
 28 300   0.683654      164.228      133.290     0.696037      109.375  64.17     0.676388        0.000     0.500000     8.813333     0.600000   0   0 
 29 300   0.665037      164.340      133.223     0.697537      109.375  64.17     0.676388        0.000     0.166667     9.466667     0.653333   0   0 
 30 300   0.510232      166.748      137.093     0.704657      114.785  67.34     0.678514        5.593     0.438441     9.573333     0.106667   0   0 
 31 300   0.579857      166.590      138.218     0.706289      114.785  67.34     0.678514        5.593     0.161850     9.666667     0.093333   1   0 
 32 300   0.722696      166.343      139.230     0.708031      114.785  67.34     0.678514        0.000     0.109925    10.320000     0.653333   0   0 
 33 300   0.661594      166.343      139.275     0.708258      114.785  67.34     0.678514        0.000     0.166667    10.906667     0.586667   0   0 
 34 300   0.687229      165.870      139.950     0.708617      114.785  67.34     0.678514        0.000     0.333333    11.506667     0.600000   0   0 
 35 300   0.494175      174.825      128.138     0.720052      125.551  73.66     0.689697        5.324     0.441924    11.533333     0.026667   0   0 
 36 300   0.559234      174.825      127.283     0.720122      125.551  73.66     0.689697        5.324     0.165333    11.613333     0.080000   1   0 
 37 300   0.698152      174.803      129.758     0.720295      125.551  73.66     0.689697        0.000     0.276591    12.053333     0.440000   0   0 
 38 300   0.655276      174.803      129.758     0.720420      125.551  73.66     0.689697        0.000     0.166667    12.680000     0.626667   0   0 
 39 300   0.441061      176.535      127.530     0.724105      127.862  75.01     0.690476        4.949     0.461188    12.706667     0.026667   0   0 
 40 300   0.550295      176.580      127.530     0.724035      127.862  75.01     0.690476        4.949     0.163912    12.733333     0.026667   1   0 
 41 300   0.379384      176.760      121.928     0.731240      128.657  75.48     0.699177        2.714     0.438516    12.773333     0.040000   0   0 
 42 300   0.436996      176.715      121.928     0.731618      128.657  75.48     0.699177        0.000     0.000000    12.813333     0.040000   0   1 
 43 300   0.369425      176.535      119.835     0.735103      129.670  76.08     0.703105        0.450     0.214802    12.973333     0.160000   0   1 
 44 300   0.384687      177.570      118.395     0.745222      131.905  77.39     0.708247        7.929     0.029439    13.013333     0.040000   1   1 
 45 300   0.388891      177.593      118.373     0.745446      131.905  77.39     0.708247        4.949     0.163912    13.040000     0.026667   1   1 
 46 300   0.647639      177.525      118.350     0.745542      131.905  77.39     0.708247        0.000     0.000000    13.613333     0.573333   0   1 
 47 300   0.566739      177.525      118.350     0.746861      131.932  77.40     0.708291        0.000     0.145982    14.240000     0.626667   0   1 
 48 300   0.268545      177.593      118.913     0.748125      133.051  78.06     0.708186        5.529     0.641441    14.293333     0.053333   0   1 
 49 300   0.437802      177.660      118.620     0.748436      133.051  78.06     0.708186        5.529     0.162126    14.333333     0.040000   1   1 
 50 300   0.237380      177.705      117.495     0.748890      133.991  78.61     0.711460        4.969     0.664682    14.360000     0.026667   0   1 
 51 300   0.380160      177.750      117.495     0.749031      133.991  78.61     0.711460        4.969     0.164682    14.453333     0.093333   1   1 
 52 300   0.649538      177.750      117.495     0.749093      133.991  78.61     0.711460        0.000     0.000000    15.080000     0.626667   0   1 
 53 300   0.569112      177.750      117.495     0.749516      133.991  78.61     0.711460        0.000     0.145982    15.720000     0.640000   0   1 
 54 300   0.550334      177.750      117.495     0.750502      134.058  78.65     0.711715        0.000     0.333333    16.186667     0.466667   0   1 
 55 300   0.598031      177.750      117.495     0.750460      134.058  78.65     0.711715        0.000     0.145982    16.840000     0.653333   0   1 
 56 300   0.465329      177.750      117.495     0.750564      134.058  78.65     0.711715        0.000     0.333333    17.480000     0.640000   0   1 
 57 300   0.504928      177.458      117.473     0.750882      134.058  78.65     0.711715        0.000     0.276591    18.080000     0.600000   0   1 
 58 300   0.415143      177.233      117.473     0.750928      134.058  78.65     0.711715        0.000     0.443258    18.693333     0.613333   0   1 
 59 300   0.302353      177.143      117.135     0.751294      134.429  78.87     0.712568        5.012     0.484699    18.720000     0.026667   0   1 
 60 300   0.413338      177.143      117.135     0.751379      134.429  78.87     0.712568        5.012     0.151366    18.773333     0.053333   1   1 
 61 300   0.314853      177.098      116.978     0.752272      134.756  79.06     0.713422        6.200     0.272374    18.813333     0.040000   0   1 
 62 300   0.402848      176.715      116.640     0.754973      135.315  79.39     0.719732        3.968     0.111940    18.893333     0.080000   0   1 
 63 300   0.440430      177.345      109.125     0.756756      135.701  79.61     0.720654        3.968     0.002015    18.933333     0.040000   1   1 
 64 300   0.442183      177.255      109.080     0.756731      135.701  79.61     0.720654        6.200     0.162450    19.000000     0.066667   1   1 
 65 300   0.652639      177.255      109.080     0.756808      135.701  79.61     0.720654        0.000     0.000000    19.440000     0.440000   0   1 
 66 300   0.570802      177.255      109.080     0.757333      135.701  79.61     0.720654        0.000     0.145982    20.066667     0.626667   0   1 
 67 300   0.549055      177.255      109.080     0.757452      135.701  79.61     0.720654        0.000     0.333333    20.613333     0.546667   0   1 
 68 300   0.596828      177.210      109.080     0.757516      135.701  79.61     0.720654        0.000     0.145982    21.160000     0.546667   0   1 
 69 300   0.467215      177.210      109.080     0.757642      135.701  79.61     0.720654        0.000     0.333333    21.760000     0.600000   0   1 
 70 300   0.295597      177.120      109.035     0.758169      135.922  79.74     0.720889        5.997     0.499126    21.813333     0.053333   0   1 
 71 300   0.433077      177.075      108.945     0.758192      136.854  80.29     0.720008        5.997     0.145108    21.906667     0.093333   1   1 
 72 300   0.233187      179.483      111.218     0.765784      138.265  81.12     0.727121        5.445     0.517711    21.986667     0.080000   0   1 
 73 300   0.351324      179.393      111.218     0.765794      138.265  81.12     0.727121        5.445     0.163693    22.026667     0.040000   1   1 
 74 300   0.413601      179.460      110.655     0.766378      138.654  81.35     0.727449        5.091     0.463859    22.120000     0.093333   0   1 
 75 300   0.499590      179.573      110.948     0.766407      138.654  81.35     0.727449        5.091     0.151210    22.253333     0.133333   1   1 
 76 300   0.419802      179.595      109.710     0.768017      139.629  81.92     0.729962        4.926     0.288482    22.306667     0.053333   0   1 
 77 300   0.467574      180.405      110.925     0.768127      139.629  81.92     0.729962        4.926     0.142500    22.400000     0.093333   1   1 
 78 300   0.390288      180.450      110.745     0.768535      139.664  81.94     0.729988        5.281     0.286780    22.426667     0.026667   0   1 
 79 300   0.446367      180.495      110.700     0.768523      139.664  81.94     0.729988        5.281     0.140798    22.520000     0.093333   1   1 
 80 300   0.302746      180.540      110.700     0.773240      140.338  82.33     0.733417        2.767     0.419006    22.640000     0.120000   0   1 
 81 300   0.386490      180.630      109.485     0.776715      143.074  83.94     0.730887        3.217     0.002234    22.746667     0.106667   1   1 
 82 300   0.388975      180.180      109.485     0.778929      143.321  84.08     0.732673        3.066     0.192342    22.786667     0.040000   0   1 
 83 300   0.428433      180.293      109.170     0.779007      143.787  84.36     0.733085        3.066     0.025676    22.840000     0.053333   1   1 
 84 300   0.382815      180.158      109.170     0.781316      144.056  84.52     0.735322        2.836     0.139283    22.893333     0.053333   0   1 
 85 300   0.420600      180.068      109.170     0.781353      144.056  84.52     0.735322        3.479     0.135974    22.946667     0.053333   1   1 
 86 300   0.310464      180.068      109.035     0.781795      144.159  84.58     0.735812        5.994     0.265879    23.013333     0.066667   0   1 
 87 300   0.390650      180.315      109.013     0.781679      144.159  84.58     0.735812        5.994     0.155954    23.133333     0.120000   1   1 
 88 300   0.588633      180.158      108.900     0.781805      144.159  84.58     0.735812        0.000     0.187351    23.786667     0.653333   0   1 
 89 300   0.345249      181.508      110.295     0.783760      144.650  84.86     0.735829        5.808     0.283594    23.880000     0.093333   0   1 
 90 300   0.410948      181.598      109.530     0.783792      144.650  84.86     0.735829        5.808     0.137612    23.986667     0.106667   1   1 
 91 300   0.592618      181.575      109.508     0.784073      144.650  84.86     0.735829        0.000     0.145982    24.573333     0.586667   0   1 
 92 300   0.364609      181.958      108.090     0.785704      145.035  85.09     0.737567        5.770     0.465194    24.653333     0.080000   0   1 
 93 300   0.466133      181.958      108.090     0.785752      145.035  85.09     0.737567        5.770     0.131861    24.746667     0.093333   1   1 
 94 300   0.634049      181.958      108.090     0.785784      145.035  85.09     0.737567        0.000     0.166667    25.293333     0.546667   0   1 
 95 300   0.230971      181.868      107.708     0.785994      145.379  85.29     0.737912        3.255     0.266522    25.333333     0.040000   0   1 
 96 300   0.403226      181.868      107.708     0.786330      145.455  85.34     0.738655        0.430     0.120541    25.413333     0.080000   0   1 
 97 300   0.412312      184.163      106.673     0.786596      145.593  85.42     0.739131        3.218     0.015869    25.493333     0.080000   1   1 
 98 300   0.433851      184.298      106.763     0.786622      145.593  85.42     0.739131        5.593     0.161850    25.560000     0.066667   1   1 
 99 300   0.638691      184.298      106.763     0.786637      145.593  85.42     0.739131        0.000     0.000000    26.173333     0.613333   0   1 
100 300   0.274804      184.050      106.673     0.789277      147.040  86.27     0.739631        2.539     0.258424    26.200000     0.026667   0   1 
