#scene........................: /home/eldamian/nbvEverardo/models/studying_room.wrl
#triangles....................: 107322
#Total triangles' area........: 170.448196 (m2)
#sensor aperture..............: 135.000000 x 70.000000 (deg)
#range image size.............: 350 x 80
#sensor blind distances.......: 0.500000 .. 30.000000 (m)
#sensor blind angle...........: 80.000000
#sensor Gaussian noise std dev: 0.012000 (m)
#views number.................: 100 
#optimization method..........: Evolution Strategy
#view iterations fitness vxl_occupied(m2) occplane(m2) vxl_quality tri_imaged(m2) tri_imaged(%) tri_quality travelled(m) energy total_time single_time backstep change
  0   0  -0.000000       16.628        4.838     0.635252       10.896   6.39     0.627871        0.000     0.000000     0.000000     0.000000   0   0 
  1 308   0.763985       26.033        5.220     0.621800       18.741  10.99     0.612062        0.000     0.077427     0.213333     0.213333   0   0 
  2 308   0.749371       43.200        9.743     0.626680       28.430  16.68     0.621733        0.000     0.109925     0.493333     0.280000   0   0 
  3 308   0.736795       47.610       26.033     0.636041       32.030  18.79     0.635803        0.000     0.130609     0.840000     0.346667   0   0 
  4 308   0.748986       64.103       45.225     0.676102       36.762  21.57     0.666496        0.000     0.166667     1.146667     0.306667   0   0 
  5 308   0.736194       93.083       63.698     0.642961       47.015  27.58     0.662877        0.000     0.109925     1.506667     0.360000   0   0 
  6 308   0.713815      102.443       67.613     0.639438       55.035  32.29     0.653232        0.000     0.166667     1.933333     0.426667   0   0 
  7 308   0.661551      101.205       67.860     0.637265       58.685  34.43     0.651954        0.000     0.145982     2.413333     0.480000   0   0 
  8 308   0.666115      101.250       69.030     0.639291       58.685  34.43     0.651954        0.000     0.187351     2.893333     0.480000   0   0 
  9 308   0.654166      117.630       76.725     0.633553       64.122  37.62     0.647888        0.000     0.166667     3.373333     0.480000   0   0 
 10 308   0.373063      136.575      107.033     0.635956       70.581  41.41     0.662058        3.293     0.498413     3.400000     0.026667   0   0 
 11 308   0.499814      140.423      109.575     0.651627       74.425  43.66     0.672995        3.293     0.165080     3.440000     0.040000   1   0 
 12 308   0.781464      141.458      116.978     0.672487       78.344  45.96     0.685770        0.000     0.109925     3.920000     0.480000   0   0 
 13 308   0.751534      141.413      121.163     0.674390       78.344  45.96     0.685770        0.000     0.166667     4.426667     0.506667   0   0 
 14 308   0.733705      141.300      121.928     0.675300       78.344  45.96     0.685770        0.000     0.166667     4.786667     0.360000   0   0 
 15 308   0.774462      144.113      125.415     0.679759       81.707  47.94     0.692157        0.000     0.166667     5.320000     0.533333   0   0 
 16 308   0.696099      144.495      127.935     0.683506       82.063  48.15     0.692539        0.000     0.145982     5.826667     0.506667   0   0 
 17 308   0.657667      144.540      128.070     0.683547       82.063  48.15     0.692539        0.000     0.255907     6.346667     0.520000   0   0 
 18 308   0.691567      146.610      127.440     0.678417       88.077  51.67     0.690469        0.000     0.333333     6.626667     0.280000   0   0 
 19 308   0.650921      146.633      129.150     0.685836       88.129  51.70     0.690563        0.000     0.255907     7.240000     0.613333   0   0 
 20 308   0.650856      146.588      129.443     0.686211       88.129  51.70     0.690563        0.000     0.166667     7.746667     0.506667   0   0 
 21 308   0.666097      146.453      129.443     0.686153       88.129  51.70     0.690563        0.000     0.109925     8.333333     0.586667   0   0 
 22 308   0.664535      146.453      129.443     0.686085       88.129  51.70     0.690563        0.000     0.109925     8.920000     0.586667   0   0 
 23 308   0.515137      145.958      129.398     0.690607       89.748  52.65     0.691142        6.580     0.420790     8.986667     0.066667   0   0 
 24 308   0.734554      147.713      129.375     0.689534       92.616  54.34     0.686174        6.580     0.164883     9.093333     0.106667   1   0 
 25 308   0.769967      147.083      132.750     0.690791       92.616  54.34     0.686174        0.000     0.276591     9.666667     0.573333   0   0 
 26 308   0.744789      147.308      132.750     0.691009       92.616  54.34     0.686174        0.000     0.166667    10.120000     0.453333   0   0 
 27 308   0.757904      147.308      132.840     0.691365       92.616  54.34     0.686174        0.000     0.166667    10.426667     0.306667   0   0 
 28 308   0.783865      146.768      134.955     0.691694       92.616  54.34     0.686174        0.000     0.166667    10.973333     0.546667   0   0 
 29 308   0.727184      145.463      136.665     0.692090       92.616  54.34     0.686174        0.000     0.109925    11.520000     0.546667   0   0 
 30 308   0.651348      145.485      136.823     0.693158       92.616  54.34     0.686174        0.000     0.255907    12.080000     0.560000   0   0 
 31 308   0.521498      148.140      132.840     0.690911       96.303  56.50     0.680928        3.075     0.441846    12.093333     0.013333   0   0 
 32 308   0.644112      147.758      132.368     0.690927       99.856  58.58     0.675419        3.075     0.165255    12.120000     0.026667   1   0 
 33 308   0.780512      147.668      133.560     0.691847       99.856  58.58     0.675419        0.000     0.130609    12.653333     0.533333   0   0 
 34 308   0.546626      148.748      132.233     0.698109      102.121  59.91     0.676714        5.097     0.442933    12.813333     0.160000   0   0 
 35 308   0.693315      148.703      132.188     0.699574      102.216  59.97     0.678945        0.672     0.000457    12.933333     0.120000   0   0 
 36 308   0.726794      148.703      132.188     0.699682      102.216  59.97     0.678945        5.525     0.165885    12.973333     0.040000   1   0 
 37 308   0.750836      148.590      132.008     0.699964      102.216  59.97     0.678945        0.000     0.276591    13.493333     0.520000   0   0 
 38 308   0.542646      148.163      131.715     0.700595      102.729  60.27     0.678817        5.452     0.344307    13.573333     0.080000   0   0 
 39 308   0.708990      148.163      131.693     0.700795      102.729  60.27     0.678817        5.452     0.156956    13.626667     0.053333   1   0 
 40 308   0.769959      148.163      131.693     0.703022      102.729  60.27     0.678817        0.000     0.187351    14.133333     0.506667   0   0 
 41 308   0.748524      148.163      131.693     0.703809      102.729  60.27     0.678817        0.000     0.166667    14.640000     0.506667   0   0 
 42 308   0.727617      148.253      131.648     0.704509      102.729  60.27     0.678817        0.000     0.333333    15.186667     0.546667   0   0 
 43 308   0.723682      148.163      131.603     0.704678      102.729  60.27     0.678817        0.000     0.166667    15.680000     0.493333   0   0 
 44 308   0.684127      148.140      131.580     0.706165      102.729  60.27     0.678817        0.000     0.145982    16.266667     0.586667   0   0 
 45 308   0.520228      148.073      131.558     0.706582      103.170  60.53     0.679052        6.564     0.399428    16.320000     0.053333   0   0 
 46 308   0.737002      148.073      131.558     0.706625      103.193  60.54     0.679204        0.134     0.018236    16.346667     0.026667   0   0 
 47 308   0.741799      148.073      131.558     0.706735      103.193  60.54     0.679204        6.652     0.161757    16.373333     0.026667   1   0 
 48 308   0.744301      148.073      131.558     0.707024      103.193  60.54     0.679204        0.000     0.276591    17.013333     0.640000   0   0 
 49 308   0.724111      148.163      131.558     0.706993      103.193  60.54     0.679204        0.000     0.166667    17.600000     0.586667   0   0 
 50 308   0.748858      148.163      131.558     0.707034      103.193  60.54     0.679204        0.000     0.166667    18.160000     0.560000   0   0 
 51 308   0.774130      148.253      131.558     0.707198      103.193  60.54     0.679204        0.000     0.166667    18.773333     0.613333   0   0 
 52 308   0.719514      147.488      131.558     0.707416      103.193  60.54     0.679204        0.000     0.109925    19.373333     0.600000   0   0 
 53 308   0.412950      153.630      134.168     0.708635      108.279  63.53     0.678394        5.064     0.597338    19.453333     0.080000   0   0 
 54 308   0.640296      155.160      136.058     0.708836      108.279  63.53     0.678394        5.064     0.154081    19.506667     0.053333   1   0 
 55 308   0.499021      155.925      134.595     0.711639      110.098  64.59     0.678039        5.503     0.407773    19.560000     0.053333   0   0 
 56 308   0.670914      155.835      134.595     0.711756      110.098  64.59     0.678039        5.503     0.131182    19.626667     0.066667   1   0 
 57 308   0.490384      155.813      134.438     0.713009      110.208  64.66     0.679502        5.235     0.481231    19.706667     0.080000   0   0 
 58 308   0.697200      155.768      134.438     0.713048      110.208  64.66     0.679502        5.235     0.147898    19.760000     0.053333   1   0 
 59 308   0.529527      157.905      132.818     0.717635      114.359  67.09     0.681548        6.223     0.410445    19.906667     0.146667   0   0 
 60 308   0.705324      158.243      132.795     0.717694      114.359  67.09     0.681548        6.223     0.133854    20.066667     0.160000   1   0 
 61 308   0.788424      158.243      132.795     0.717796      114.359  67.09     0.681548        0.000     0.000000    20.653333     0.586667   0   0 
 62 308   0.409135      158.445      134.168     0.719650      115.797  67.94     0.683812        5.790     0.663669    20.733333     0.080000   0   0 
 63 308   0.727805      158.468      135.090     0.719727      115.797  67.94     0.683812        5.790     0.163669    20.773333     0.040000   1   0 
 64 308   0.458959      159.278      134.955     0.725762      116.873  68.57     0.690358        5.141     0.506551    20.880000     0.106667   0   0 
 65 308   0.663209      159.233      134.955     0.725813      116.873  68.57     0.690358        5.141     0.152533    21.026667     0.146667   1   0 
 66 308   0.742447      159.188      134.955     0.725935      116.873  68.57     0.690358        0.000     0.187351    21.600000     0.573333   0   0 
 67 308   0.534686      159.008      131.715     0.727056      117.338  68.84     0.692623        3.165     0.312315    21.653333     0.053333   0   0 
 68 308   0.655447      159.008      128.903     0.730024      118.108  69.29     0.697770        0.477     0.011318    21.760000     0.106667   0   0 
 69 308   0.667450      158.558      128.903     0.730268      118.108  69.29     0.697770        0.000     0.000000    21.813333     0.053333   0   1 
 70 308   0.545190      158.715      128.790     0.734518      119.383  70.04     0.703530        8.056     0.018203    21.880000     0.066667   1   1 
 71 308   0.513362      158.783      128.925     0.735021      119.628  70.18     0.705531        0.408     0.000571    21.986667     0.106667   0   1 
 72 308   0.534684      158.783      128.925     0.735132      119.628  70.18     0.705531        5.471     0.153104    22.066667     0.080000   1   1 
 73 308   0.757055      158.805      128.858     0.735052      119.628  70.18     0.705531        0.000     0.000000    22.666667     0.600000   0   1 
 74 308   0.678028      158.805      128.858     0.735382      119.628  70.18     0.705531        0.000     0.145982    23.146667     0.480000   0   1 
 75 308   0.646357      158.805      128.858     0.735640      119.628  70.18     0.705531        0.000     0.333333    23.786667     0.640000   0   1 
 76 308   0.715990      158.850      128.858     0.735702      119.628  70.18     0.705531        0.000     0.145982    24.346667     0.560000   0   1 
 77 308   0.595316      158.850      128.858     0.735685      119.628  70.18     0.705531        0.000     0.166667    25.000000     0.653333   0   1 
 78 308   0.620498      158.783      128.790     0.735674      119.628  70.18     0.705531        0.000     0.166667    25.640000     0.640000   0   1 
 79 308   0.612795      158.625      128.790     0.735764      119.628  70.18     0.705531        0.000     0.276591    26.133333     0.493333   0   1 
 80 308   0.504027      158.625      128.790     0.735804      119.628  70.18     0.705531        0.000     0.333333    26.573333     0.440000   0   1 
 81 308   0.524192      158.670      128.790     0.735807      119.628  70.18     0.705531        0.000     0.077427    27.200000     0.626667   0   1 
 82 308   0.526233      158.895      128.790     0.735791      119.628  70.18     0.705531        0.000     0.109925    27.800000     0.600000   0   1 
 83 308   0.524100      158.895      128.790     0.735813      119.628  70.18     0.705531        0.000     0.145982    28.400000     0.600000   0   1 
 84 308   0.498036      158.873      128.790     0.735421      119.628  70.18     0.705531        0.000     0.166667    28.933333     0.533333   0   1 
 85 308   0.415743      158.738      128.790     0.736684      120.080  70.45     0.706420        6.248     0.326236    28.986667     0.053333   0   1 
 86 308   0.552427      158.108      128.790     0.736478      121.593  71.34     0.703447        6.248     0.138885    29.053333     0.066667   1   1 
 87 308   0.718082      158.198      128.745     0.736546      121.593  71.34     0.703447        0.000     0.130609    29.706667     0.653333   0   1 
 88 308   0.686659      158.198      128.745     0.736696      121.593  71.34     0.703447        0.000     0.145982    30.266667     0.560000   0   1 
 89 308   0.647742      158.198      128.745     0.736996      121.593  71.34     0.703447        0.000     0.479316    30.920000     0.653333   0   1 
 90 308   0.461255      158.288      128.588     0.738267      122.362  71.79     0.704128        6.234     0.250186    31.066667     0.146667   0   1 
 91 308   0.612743      158.288      128.588     0.738269      122.362  71.79     0.704155        0.179     0.006992    31.160000     0.093333   0   1 
 92 308   0.619026      158.288      128.588     0.738271      122.362  71.79     0.704155        6.403     0.133270    31.240000     0.080000   1   1 
 93 308   0.751606      158.288      128.588     0.738543      122.362  71.79     0.704155        0.000     0.109925    31.800000     0.560000   0   1 
 94 308   0.679478      158.288      128.745     0.738852      122.362  71.79     0.704155        0.000     0.145982    32.266667     0.466667   0   1 
 95 308   0.647387      158.288      128.745     0.739232      122.362  71.79     0.704155        0.000     0.333333    32.840000     0.573333   0   1 
 96 308   0.493986      159.975      129.263     0.745697      123.038  72.18     0.710598        5.206     0.149662    33.040000     0.200000   0   1 
 97 308   0.639172      160.245      128.295     0.746683      123.439  72.42     0.712688        0.623     0.014023    33.240000     0.200000   0   1 
 98 308   0.633440      160.268      128.318     0.746668      123.439  72.42     0.712688        4.607     0.163685    33.306667     0.066667   1   1 
 99 308   0.715811      160.403      128.318     0.746755      123.439  72.42     0.712688        0.000     0.145982    33.933333     0.626667   0   1 
100 308   0.686783      160.403      128.318     0.746817      123.439  72.42     0.712688        0.000     0.145982    34.493333     0.560000   0   1 
