#scene........................: /home/eldamian/nbvEverardo/models/studying_room.wrl
#triangles....................: 107322
#Total triangles' area........: 170.448196 (m2)
#sensor aperture..............: 135.000000 x 70.000000 (deg)
#range image size.............: 350 x 80
#sensor blind distances.......: 0.500000 .. 30.000000 (m)
#sensor blind angle...........: 80.000000
#sensor Gaussian noise std dev: 0.012000 (m)
#views number.................: 100 
#optimization method..........: Evolution Strategy
#view iterations fitness vxl_occupied(m2) occplane(m2) vxl_quality tri_imaged(m2) tri_imaged(%) tri_quality travelled(m) energy total_time single_time backstep change
  0   0  -0.000000       16.628        4.838     0.635252       10.896   6.39     0.627871        0.000     0.000000     0.000000     0.000000   0   0 
  1 308   0.721441       39.825        9.203     0.642097       25.256  14.82     0.636818        0.000     0.187351     0.266667     0.266667   0   0 
  2 308   0.738617       70.853       19.553     0.631117       36.458  21.39     0.647762        0.000     0.166667     0.613333     0.346667   0   0 
  3 308   0.709350       74.385       40.590     0.641992       39.860  23.39     0.663400        0.000     0.130609     0.946667     0.333333   0   0 
  4 308   0.689216       78.593       50.805     0.651052       43.485  25.51     0.670076        0.000     0.166667     1.373333     0.426667   0   0 
  5 308   0.666909       89.820       51.233     0.640639       51.068  29.96     0.656857        0.000     0.276591     1.826667     0.453333   0   0 
  6 308   0.617868       94.995       56.430     0.630631       54.467  31.95     0.645102        0.000     0.333333     2.200000     0.373333   0   0 
  7 308   0.611438       94.703       56.205     0.629957       55.726  32.69     0.639874        0.000     0.255907     2.586667     0.386667   0   0 
  8 308   0.530620       97.425       55.890     0.640789       60.139  35.28     0.637730        5.012     0.252983     2.626667     0.040000   0   0 
  9 308   0.638505       97.650       55.980     0.641366       60.139  35.28     0.637730        5.012     0.143058     2.680000     0.053333   1   0 
 10 308   0.692192       97.763       62.910     0.641636       60.139  35.28     0.637730        0.000     0.130609     3.146667     0.466667   0   0 
 11 308   0.712908       97.583       65.025     0.644370       60.139  35.28     0.637730        0.000     0.166667     3.546667     0.400000   0   0 
 12 308   0.639890       97.268       64.688     0.643964       60.139  35.28     0.637730        0.000     0.109925     3.933333     0.386667   0   0 
 13 308   0.631953       97.178       64.688     0.644048       60.139  35.28     0.637730        0.000     0.077427     4.280000     0.346667   0   0 
 14 308   0.636998       96.998       64.755     0.644010       60.139  35.28     0.637730        0.000     0.109925     4.666667     0.386667   0   0 
 15 308   0.634676       97.020       64.688     0.644487       60.139  35.28     0.637730        0.000     0.145982     5.080000     0.413333   0   0 
 16 308   0.607888      100.710       96.615     0.650239       61.290  35.96     0.640915        0.000     0.255907     5.546667     0.466667   0   0 
 17 308   0.647817      119.543      121.928     0.672994       69.766  40.93     0.670731        0.000     0.145982     5.973333     0.426667   0   0 
 18 308   0.509939      120.735      120.555     0.677082       72.612  42.60     0.667402        5.015     0.745383     6.013333     0.040000   0   0 
 19 308   0.687525      120.915      120.555     0.677481       72.612  42.60     0.667402        5.015     0.135458     6.066667     0.053333   1   0 
 20 308   0.376243      139.793      148.298     0.678214       82.117  48.18     0.671708        5.140     0.636256     6.146667     0.080000   0   0 
 21 308   0.558790      150.683      131.828     0.682912       88.874  52.14     0.670444        5.140     0.136256     6.253333     0.106667   1   0 
 22 308   0.743469      149.288      132.233     0.691919       88.874  52.14     0.670444        0.000     0.109925     6.880000     0.626667   0   0 
 23 308   0.687901      149.153      132.255     0.692940       88.874  52.14     0.670444        0.000     0.333333     7.493333     0.613333   0   0 
 24 308   0.759793      152.910      133.448     0.696157       92.947  54.53     0.679872        0.000     0.166667     8.066667     0.573333   0   0 
 25 308   0.688135      159.368      130.478     0.689474       98.823  57.98     0.679257        0.000     0.109925     8.666667     0.600000   0   0 
 26 308   0.625805      159.615      131.018     0.691184       98.823  57.98     0.679257        0.000     0.443258     9.280000     0.613333   0   0 
 27 308   0.641584      159.435      131.108     0.692249       98.823  57.98     0.679257        0.000     0.145982     9.760000     0.480000   0   0 
 28 308   0.620034      159.255      131.108     0.692318       98.823  57.98     0.679257        0.000     0.255907    10.360000     0.600000   0   0 
 29 308   0.634124      159.435      131.108     0.692471       98.823  57.98     0.679257        0.000     0.145982    10.946667     0.586667   0   0 
 30 308   0.629758      159.165      131.108     0.692472       98.823  57.98     0.679257        0.000     0.109925    11.600000     0.653333   0   0 
 31 308   0.637030      159.255      131.108     0.692557       98.823  57.98     0.679257        0.000     0.077427    12.080000     0.480000   0   0 
 32 308   0.430308      160.245      131.333     0.701673      102.210  59.97     0.673868        6.081     0.422490    12.133333     0.053333   0   0 
 33 308   0.677840      160.403      131.018     0.703586      103.191  60.54     0.675292        0.451     0.189088    12.186667     0.053333   0   0 
 34 308   0.734679      160.403      129.780     0.703337      106.277  62.35     0.676375        6.507     0.144162    12.213333     0.026667   1   0 
 35 308   0.758618      160.200      130.028     0.706818      106.277  62.35     0.676375        0.000     0.187351    12.813333     0.600000   0   0 
 36 308   0.712010      160.155      130.118     0.708026      106.277  62.35     0.676375        0.000     0.166667    13.426667     0.613333   0   0 
 37 308   0.706001      159.863      130.320     0.708510      106.277  62.35     0.676375        0.000     0.333333    13.800000     0.373333   0   0 
 38 308   0.678078      160.043      130.275     0.708707      106.277  62.35     0.676375        0.000     0.166667    14.200000     0.400000   0   0 
 39 308   0.643430      159.930      130.073     0.708937      106.277  62.35     0.676375        0.000     0.145982    14.653333     0.453333   0   0 
 40 308   0.619735      159.840      130.073     0.708980      106.277  62.35     0.676375        0.000     0.255907    15.253333     0.600000   0   0 
 41 308   0.623355      159.705      130.073     0.715399      106.959  62.75     0.681432        3.447     0.299034    15.280000     0.026667   0   0 
 42 308   0.711934      159.615      130.073     0.715429      106.959  62.75     0.681432        3.447     0.153051    15.333333     0.053333   1   0 
 43 308   0.713122      159.390      130.028     0.715494      106.959  62.75     0.681432        0.000     0.297276    15.973333     0.640000   0   0 
 44 308   0.683345      159.345      130.028     0.715733      106.959  62.75     0.681432        0.000     0.333333    16.546667     0.573333   0   0 
 45 308   0.764439      159.210      129.983     0.716019      106.959  62.75     0.681432        0.000     0.166667    17.186667     0.640000   0   0 
 46 308   0.564534      159.368      123.458     0.723047      108.357  63.57     0.691671        2.569     0.163019    17.280000     0.093333   0   0 
 47 308   0.600170      158.940      123.390     0.723462      108.357  63.57     0.691671        0.000     0.000000    17.320000     0.040000   0   1 
 48 308   0.519108      158.940      123.390     0.723890      108.460  63.63     0.692354        8.785     0.018858    17.453333     0.133333   1   1 
 49 308   0.559387      158.963      123.413     0.724209      108.460  63.63     0.692354        6.507     0.144162    17.466667     0.013333   1   1 
 50 308   0.427132      159.548      122.783     0.727692      109.977  64.52     0.696910        5.081     0.149666    17.586667     0.120000   0   1 
 51 308   0.486901      159.548      122.783     0.727868      109.977  64.52     0.696910        5.081     0.149666    17.666667     0.080000   1   1 
 52 308   0.422937      159.570      122.760     0.727963      110.039  64.56     0.697273        4.982     0.436067    17.706667     0.040000   0   1 
 53 308   0.569446      159.435      122.670     0.727773      110.039  64.56     0.697273        4.982     0.159476    17.786667     0.080000   1   1 
 54 308   0.685737      159.435      122.670     0.728103      110.039  64.56     0.697273        0.000     0.276591    18.253333     0.466667   0   1 
 55 308   0.612091      159.435      122.580     0.728609      110.072  64.58     0.697349        0.000     0.145982    18.866667     0.613333   0   1 
 56 308   0.602169      159.300      122.580     0.729621      110.072  64.58     0.697349        0.000     0.145982    19.333333     0.466667   0   1 
 57 308   0.394551      162.360      122.670     0.730617      110.615  64.90     0.700449        4.983     0.331758    19.426667     0.093333   0   1 
 58 308   0.506675      162.450      122.580     0.730755      110.615  64.90     0.700449        4.983     0.165091    19.440000     0.013333   1   1 
 59 308   0.398390      162.293      122.468     0.731763      111.251  65.27     0.701557        5.228     0.322903    19.493333     0.053333   0   1 
 60 308   0.522257      162.090      122.355     0.732561      111.691  65.53     0.701532        0.009     0.122934    19.533333     0.040000   0   1 
 61 308   0.544925      162.113      122.198     0.732404      111.691  65.53     0.701532        5.236     0.143227    19.586667     0.053333   1   1 
 62 308   0.702525      162.113      122.198     0.732586      111.691  65.53     0.701532        0.000     0.187351    20.133333     0.546667   0   1 
 63 308   0.613005      162.113      122.198     0.732786      111.691  65.53     0.701532        0.000     0.145982    20.746667     0.613333   0   1 
 64 308   0.602241      162.158      122.198     0.732884      111.691  65.53     0.701532        0.000     0.145982    21.373333     0.626667   0   1 
 65 308   0.640283      162.158      122.198     0.733291      111.691  65.53     0.701532        0.000     0.333333    22.066667     0.693333   0   1 
 66 308   0.626456      162.158      122.198     0.733796      111.691  65.53     0.701532        0.000     0.145982    22.613333     0.546667   0   1 
 67 308   0.425726      163.508      124.133     0.733947      112.297  65.88     0.700309        4.922     0.147700    22.666667     0.053333   0   1 
 68 308   0.544746      163.913      123.503     0.740353      112.890  66.23     0.709277        1.872     0.015405    22.773333     0.106667   0   1 
 69 308   0.577127      163.913      122.963     0.740593      113.023  66.31     0.710508        0.078     0.000344    22.866667     0.093333   0   1 
 70 308   0.575638      163.913      122.963     0.740648      113.023  66.31     0.710508        4.927     0.163449    22.946667     0.080000   1   1 
 71 308   0.671791      163.710      122.895     0.740843      113.023  66.31     0.710508        0.000     0.145982    23.560000     0.613333   0   1 
 72 308   0.625937      163.710      122.895     0.740965      113.023  66.31     0.710508        0.000     0.145982    24.200000     0.640000   0   1 
 73 308   0.630672      163.710      122.895     0.742351      113.023  66.31     0.710508        0.000     0.479316    24.813333     0.613333   0   1 
 74 308   0.615025      163.710      122.895     0.742650      113.023  66.31     0.710508        0.000     0.145982    25.400000     0.586667   0   1 
 75 308   0.602845      163.710      122.895     0.742682      113.023  66.31     0.710508        0.000     0.145982    26.066667     0.666667   0   1 
 76 308   0.578193      163.755      122.895     0.742830      113.023  66.31     0.710508        0.000     0.166667    26.640000     0.573333   0   1 
 77 308   0.535891      163.440      122.828     0.742623      113.023  66.31     0.710508        0.000     0.443258    27.253333     0.613333   0   1 
 78 308   0.463350      164.183      119.678     0.743286      113.536  66.61     0.712972        3.028     0.162988    27.280000     0.026667   0   1 
 79 308   0.516207      164.025      119.655     0.743108      113.536  66.61     0.712972        3.028     0.162988    27.413333     0.133333   1   1 
 80 308   0.709428      164.025      119.655     0.743440      113.536  66.61     0.712972        0.000     0.109925    28.000000     0.586667   0   1 
 81 308   0.615492      164.025      119.655     0.744031      113.536  66.61     0.712972        0.000     0.145982    28.586667     0.586667   0   1 
 82 308   0.602897      164.025      119.655     0.744096      113.536  66.61     0.712972        0.000     0.145982    29.226667     0.640000   0   1 
 83 308   0.641636      164.070      119.655     0.744273      113.536  66.61     0.712972        0.000     0.333333    29.786667     0.560000   0   1 
 84 308   0.625963      164.093      119.633     0.744442      113.536  66.61     0.712972        0.000     0.145982    30.386667     0.600000   0   1 
 85 308   0.580463      164.408      119.633     0.744511      113.536  66.61     0.712972        0.000     0.145982    30.973333     0.586667   0   1 
 86 308   0.363458      178.245      130.298     0.749338      123.887  72.68     0.717404        6.248     0.305552    31.093333     0.120000   0   1 
 87 308   0.527498      178.695      123.863     0.749016      125.534  73.65     0.717203        0.226     0.007481    31.213333     0.120000   0   1 
 88 308   0.525179      179.280      124.988     0.748969      125.534  73.65     0.717203        6.158     0.146367    31.346667     0.133333   1   1 
 89 308   0.437790      179.280      124.988     0.749265      125.568  73.67     0.717926        4.534     0.135560    31.413333     0.066667   0   1 
 90 308   0.511467      179.280      124.988     0.749279      125.568  73.67     0.717926        4.534     0.135560    31.466667     0.053333   1   1 
 91 308   0.705293      179.235      124.988     0.749308      125.568  73.67     0.717926        0.000     0.166667    32.080000     0.613333   0   1 
 92 308   0.362753      179.933      123.143     0.751243      127.211  74.63     0.721083        2.916     0.352363    32.106667     0.026667   0   1 
 93 308   0.507016      179.933      123.143     0.751968      127.253  74.66     0.722436        1.968     0.359610    32.266667     0.160000   0   1 
 94 308   0.587057      179.888      123.143     0.751904      127.253  74.66     0.722436        4.724     0.138735    32.386667     0.120000   1   1 
 95 308   0.669701      179.888      123.143     0.751938      127.253  74.66     0.722436        0.000     0.354018    32.933333     0.546667   0   1 
 96 308   0.424501      179.483      122.940     0.755722      127.784  74.97     0.726344        5.326     0.421055    33.040000     0.106667   0   1 
 97 308   0.589415      179.483      122.940     0.755746      127.784  74.97     0.726344        5.326     0.144463    33.080000     0.040000   1   1 
 98 308   0.380472      179.888      122.940     0.756004      128.032  75.12     0.727163        4.508     0.751519    33.213333     0.133333   0   1 
 99 308   0.568187      179.888      122.940     0.756021      128.032  75.12     0.727163        4.508     0.162279    33.306667     0.093333   1   1 
100 308   0.672930      179.753      122.940     0.756030      128.032  75.12     0.727163        0.000     0.145982    33.946667     0.640000   0   1 
