#scene........................: /home/eldamian/nbvEverardo/models/studying_room.wrl
#triangles....................: 107322
#Total triangles' area........: 170.448196 (m2)
#sensor aperture..............: 135.000000 x 70.000000 (deg)
#range image size.............: 350 x 80
#sensor blind distances.......: 0.500000 .. 30.000000 (m)
#sensor blind angle...........: 80.000000
#sensor Gaussian noise std dev: 0.012000 (m)
#views number.................: 100 
#optimization method..........: Simulated Annealing
#view iterations fitness vxl_occupied(m2) occplane(m2) vxl_quality tri_imaged(m2) tri_imaged(%) tri_quality travelled(m) energy total_time single_time backstep change
  0   0  -0.000000       16.628        4.838     0.635252       10.896   6.39     0.627871        0.000     0.000000     0.000000     0.000000   0   0 
  1 300   0.631307       26.033        5.220     0.621800       18.741  10.99     0.612062        0.000     0.077427     0.253333     0.253333   0   0 
  2 300   0.619053       42.728       24.615     0.678270       23.472  13.77     0.665242        0.000     0.187351     0.560000     0.306667   0   0 
  3 300   0.614478       54.293       34.358     0.690208       29.268  17.17     0.685591        0.000     0.166667     0.893333     0.333333   0   0 
  4 300   0.590765       83.475       50.040     0.649959       39.521  23.19     0.676262        0.000     0.276591     1.226667     0.333333   0   0 
  5 300   0.570389       94.568       54.518     0.638769       47.015  27.58     0.662877        0.000     0.276591     1.573333     0.346667   0   0 
  6 300   0.601968      105.818       54.945     0.631303       54.684  32.08     0.652026        0.000     0.145982     2.026667     0.453333   0   0 
  7 300   0.530314      111.353       58.568     0.625925       59.180  34.72     0.642518        0.000     0.333333     2.306667     0.280000   0   0 
  8 300   0.535202      130.905      103.680     0.631037       67.965  39.87     0.640678        5.009     0.551476     2.386667     0.080000   0   0 
  9 300   0.474895      140.850      100.733     0.634527       72.830  42.73     0.637998        5.009     0.128902     2.413333     0.026667   1   0 
 10 300   0.648763      149.513      137.970     0.652679       80.075  46.98     0.663081        0.000     0.443258     2.933333     0.520000   0   0 
 11 300   0.633795      149.355      137.903     0.655134       80.075  46.98     0.663081        0.000     0.166667     3.493333     0.560000   0   0 
 12 300   0.630974      152.910      137.093     0.664009       84.613  49.64     0.674420        0.000     0.333333     4.000000     0.506667   0   0 
 13 300   0.442048      153.833      137.205     0.678692       89.102  52.27     0.680343        4.713     0.664550     4.093333     0.093333   0   0 
 14 300   0.538882      152.888      136.418     0.680789       89.102  52.27     0.680343        4.713     0.164550     4.146667     0.053333   1   0 
 15 300   0.684435      152.505      136.350     0.681490       89.102  52.27     0.680343        0.000     0.000000     4.760000     0.613333   0   0 
 16 300   0.415448      155.318      142.583     0.684272       90.173  52.90     0.685744        3.543     0.134027     4.800000     0.040000   0   0 
 17 300   0.539460      154.913      143.078     0.700044       90.970  53.37     0.706339        0.938     0.197848     4.866667     0.066667   0   0 
 18 300   0.551681      154.215      142.853     0.700274       90.970  53.37     0.706339        0.000     0.000000     4.906667     0.040000   0   1 
 19 300   0.322454      154.238      142.425     0.708139       92.853  54.48     0.713559        7.454     0.000659     4.946667     0.040000   1   1 
 20 300   0.301983      157.568      147.330     0.714535       95.098  55.79     0.718102        0.961     0.166703     5.013333     0.066667   0   1 
 21 300   0.294067      157.815      147.353     0.715040       95.098  55.79     0.718102        5.552     0.164586     5.066667     0.053333   1   1 
 22 300   0.550997      157.748      147.285     0.715878       95.098  55.79     0.718102        0.000     0.333333     5.493333     0.426667   0   1 
 23 300   0.183482      162.135      141.570     0.723786       98.829  57.98     0.724681        2.765     0.354017     5.546667     0.053333   0   1 
 24 300   0.210830      163.103      133.583     0.729335      104.309  61.20     0.722712        7.749     0.037763     5.573333     0.026667   1   1 
 25 300   0.238023      162.923      133.650     0.731647      104.774  61.47     0.724942        1.561     0.135102     5.626667     0.053333   0   1 
 26 300   0.255864      162.248      131.535     0.732056      108.969  63.93     0.721317        5.383     0.154080     5.666667     0.040000   1   1 
 27 300   0.194707      162.023      131.535     0.737075      109.523  64.26     0.724993        3.480     0.492684     5.693333     0.026667   0   1 
 28 300   0.251287      161.843      131.535     0.737521      109.523  64.26     0.724993        3.480     0.159351     5.720000     0.026667   1   1 
 29 300   0.531188      161.708      131.535     0.737698      109.523  64.26     0.724993        0.000     0.463942     6.106667     0.386667   0   1 
 30 300   0.505328      161.708      131.535     0.738948      109.597  64.30     0.725131        0.000     0.145982     6.666667     0.560000   0   1 
 31 300   0.511867      161.798      131.130     0.740735      109.896  64.47     0.725469        0.000     0.333333     7.200000     0.533333   0   1 
 32 300   0.517510      161.505      131.108     0.741279      109.896  64.47     0.725469        0.000     0.145982     7.826667     0.626667   0   1 
 33 300   0.114066      161.505      131.108     0.742597      110.297  64.71     0.726515        5.147     0.685661     7.853333     0.026667   0   1 
 34 300   0.213062      161.325      130.860     0.742570      110.933  65.08     0.726682        5.147     0.164976     7.880000     0.026667   1   1 
 35 300   0.564050      161.325      130.860     0.743959      110.933  65.08     0.726682        0.000     0.109925     8.453333     0.573333   0   1 
 36 300   0.510234      161.325      130.860     0.744777      110.933  65.08     0.726682        0.000     0.145982     9.093333     0.640000   0   1 
 37 300   0.129274      161.955      129.308     0.747496      113.071  66.34     0.725981        5.206     0.723170     9.120000     0.026667   0   1 
 38 300   0.218924      161.753      129.285     0.747684      113.071  66.34     0.725981        5.206     0.133930     9.173333     0.053333   1   1 
 39 300   0.252929      165.105      129.398     0.756437      115.428  67.72     0.728128        6.135     0.421066     9.186667     0.013333   0   1 
 40 300   0.211335      165.150      129.083     0.759874      116.627  68.42     0.728772        0.832     0.257311     9.226667     0.040000   0   1 
 41 300   0.234902      165.150      129.083     0.759852      116.627  68.42     0.728772        5.563     0.166564     9.253333     0.026667   1   1 
 42 300   0.186097      173.138      126.090     0.758423      126.631  74.29     0.718173        6.366     0.469528     9.266667     0.013333   0   1 
 43 300   0.221791      172.890      125.775     0.760820      127.906  75.04     0.717598        0.297     0.150849     9.320000     0.053333   0   1 
 44 300   0.225881      172.890      125.775     0.760875      127.906  75.04     0.717598        6.132     0.161746     9.373333     0.053333   1   1 
 45 300   0.546557      172.890      125.640     0.761049      127.906  75.04     0.717598        0.000     0.276591     9.933333     0.560000   0   1 
 46 300   0.184301      173.768      126.045     0.761253      128.280  75.26     0.717703        6.420     0.240714     9.960000     0.026667   0   1 
 47 300   0.246490      172.148      125.798     0.761066      130.607  76.63     0.717813        6.420     0.130790    10.013333     0.053333   1   1 
 48 300   0.122249      174.285      122.895     0.763441      133.469  78.30     0.720452        5.384     0.573813    10.040000     0.026667   0   1 
 49 300   0.177128      174.285      122.895     0.763469      133.469  78.30     0.720452        5.384     0.163053    10.066667     0.026667   1   1 
 50 300   0.541283      174.240      122.895     0.763574      133.469  78.30     0.720452        0.000     0.354018    10.600000     0.533333   0   1 
 51 300   0.504937      174.240      122.895     0.763691      133.469  78.30     0.720452        0.000     0.145982    11.266667     0.666667   0   1 
 52 300   0.498414      173.970      122.895     0.763877      133.469  78.30     0.720452        0.000     0.333333    11.880000     0.613333   0   1 
 53 300   0.506640      173.858      122.828     0.763946      133.469  78.30     0.720452        0.000     0.145982    12.413333     0.533333   0   1 
 54 300   0.375754      173.453      122.828     0.764736      133.469  78.30     0.720452        0.000     0.609924    12.933333     0.520000   0   1 
 55 300   0.167881      172.733      122.828     0.765880      133.622  78.39     0.722094        3.273     0.499406    12.946667     0.013333   0   1 
 56 300   0.310045      172.575      122.040     0.766092      133.687  78.43     0.723535        0.304     0.126973    13.013333     0.066667   0   1 
 57 300   0.313229      172.575      122.040     0.766187      133.687  78.43     0.723535        3.200     0.149025    13.066667     0.053333   1   1 
 58 300   0.556086      172.530      122.040     0.766194      133.687  78.43     0.723535        0.000     0.166667    13.626667     0.560000   0   1 
 59 300   0.507673      172.530      122.040     0.766248      133.687  78.43     0.723535        0.000     0.145982    14.160000     0.533333   0   1 
 60 300   0.501433      172.553      121.973     0.766365      133.687  78.43     0.723535        0.000     0.333333    14.760000     0.600000   0   1 
 61 300   0.507157      172.305      121.905     0.766392      133.687  78.43     0.723535        0.000     0.145982    15.306667     0.546667   0   1 
 62 300   0.377568      172.170      121.905     0.766924      133.687  78.43     0.723535        0.000     0.609924    15.880000     0.573333   0   1 
 63 300   0.348944      180.045      120.443     0.769307      142.638  83.68     0.722895        5.410     0.607428    15.920000     0.040000   0   1 
 64 300   0.283315      180.810      112.613     0.769400      142.638  83.68     0.722895        5.410     0.164171    15.973333     0.053333   1   1 
 65 300   0.543446      180.833      112.590     0.769334      142.638  83.68     0.722895        0.000     0.333333    16.626667     0.653333   0   1 
 66 300   0.118020      180.833      112.590     0.772570      143.289  84.07     0.724982        3.356     0.775889    16.640000     0.013333   0   1 
 67 300   0.233243      180.833      112.590     0.772596      143.289  84.07     0.724982        3.356     0.165964    16.653333     0.013333   1   1 
 68 300   0.506413      180.833      112.590     0.772652      143.289  84.07     0.724982        0.000     0.255907    17.226667     0.573333   0   1 
 69 300   0.524587      180.833      112.590     0.772673      143.289  84.07     0.724982        0.000     0.479316    17.880000     0.653333   0   1 
 70 300   0.505639      180.833      112.590     0.772775      143.289  84.07     0.724982        0.000     0.145982    18.426667     0.546667   0   1 
 71 300   0.165071      180.788      112.590     0.773196      143.484  84.18     0.725598        4.934     0.331584    18.453333     0.026667   0   1 
 72 300   0.210539      180.698      112.590     0.773300      143.484  84.18     0.725598        4.934     0.164917    18.493333     0.040000   1   1 
 73 300   0.167493      182.610      107.033     0.782449      145.878  85.58     0.729153        5.585     0.495173    18.546667     0.053333   0   1 
 74 300   0.212283      182.565      107.033     0.782630      145.878  85.58     0.729153        5.585     0.161840    18.586667     0.040000   1   1 
 75 300   0.352311      185.220      106.965     0.786424      146.028  85.67     0.729409        5.213     0.311711    18.640000     0.053333   0   1 
 76 300   0.387072      185.220      106.965     0.786514      146.028  85.67     0.729409        5.213     0.145044    18.693333     0.053333   1   1 
 77 300   0.366248      185.153      107.033     0.788782      146.153  85.75     0.731490        2.749     0.481311    18.800000     0.106667   0   1 
 78 300   0.435342      185.108      106.605     0.789914      146.817  86.14     0.734681        0.547     0.159881    18.973333     0.173333   0   1 
 79 300   0.441288      185.085      106.515     0.790049      146.817  86.14     0.734681        0.000     0.000000    19.226667     0.253333   0   1 
 80 300   0.440956      185.130      106.448     0.790160      146.817  86.14     0.734681        0.000     0.000000    19.426667     0.200000   0   1 
 81 300   0.441182      185.198      106.448     0.790234      146.817  86.14     0.734681        0.000     0.000000    19.520000     0.093333   0   1 
 82 300   0.441405      185.198      106.448     0.790330      146.817  86.14     0.734681        0.000     0.000000    19.600000     0.080000   0   1 
 83 300   0.441847      185.333      106.448     0.790405      146.817  86.14     0.734681        0.000     0.000000    19.720000     0.120000   0   1 
 84 300   0.441946      185.333      106.448     0.790473      146.817  86.14     0.734681        0.000     0.000000    19.960000     0.240000   0   1 
 85 300   0.441951      185.423      106.448     0.790431      146.817  86.14     0.734681        0.000     0.000000    20.093333     0.133333   0   1 
 86 300   0.441510      185.423      106.448     0.790455      146.817  86.14     0.734681        0.000     0.000000    20.186667     0.093333   0   1 
 87 300   0.441542      185.468      106.448     0.790518      146.817  86.14     0.734681        0.000     0.000000    20.333333     0.146667   0   1 
 88 300   0.441650      185.513      106.448     0.790573      146.817  86.14     0.734681        0.000     0.000000    20.453333     0.120000   0   1 
 89 300   0.441690      185.513      106.448     0.790682      146.817  86.14     0.734681        0.000     0.000000    20.533333     0.080000   0   1 
 90 300   0.442123      185.513      106.448     0.790742      146.817  86.14     0.734681        0.000     0.000000    20.706667     0.173333   0   1 
 91 300   0.442129      185.513      106.448     0.790758      146.817  86.14     0.734681        0.000     0.000000    20.800000     0.093333   0   1 
 92 300   0.442100      185.513      106.448     0.790770      146.817  86.14     0.734681        0.000     0.000000    20.933333     0.133333   0   1 
 93 300   0.442096      185.513      106.448     0.790788      146.817  86.14     0.734681        0.000     0.000000    20.960000     0.026667   0   1 
 94 300   0.442141      185.513      106.448     0.790813      146.817  86.14     0.734681        0.000     0.000000    21.173333     0.213333   0   1 
 95 300   0.442103      185.513      106.448     0.790863      146.817  86.14     0.734681        0.000     0.000000    21.266667     0.093333   0   1 
 96 300   0.442180      185.513      106.448     0.790879      146.817  86.14     0.734681        0.000     0.000000    21.333333     0.066667   0   1 
 97 300   0.442215      185.513      106.448     0.790890      146.817  86.14     0.734681        0.000     0.000000    21.386667     0.053333   0   1 
 98 300   0.442268      185.558      106.448     0.790949      146.817  86.14     0.734681        0.000     0.000000    21.520000     0.133333   0   1 
 99 300   0.442262      185.558      106.448     0.790958      146.817  86.14     0.734681        0.000     0.000000    21.586667     0.066667   0   1 
100 300   0.442271      185.558      106.448     0.790968      146.817  86.14     0.734681        0.000     0.000000    21.813333     0.226667   0   1 
