#scene........................: /home/eldamian/nbvEverardo/models/studying_room.wrl
#triangles....................: 107322
#Total triangles' area........: 170.448196 (m2)
#sensor aperture..............: 135.000000 x 70.000000 (deg)
#range image size.............: 350 x 80
#sensor blind distances.......: 0.500000 .. 30.000000 (m)
#sensor blind angle...........: 80.000000
#sensor Gaussian noise std dev: 0.012000 (m)
#views number.................: 100 
#optimization method..........: Simulated Annealing
#view iterations fitness vxl_occupied(m2) occplane(m2) vxl_quality tri_imaged(m2) tri_imaged(%) tri_quality travelled(m) energy total_time single_time backstep change
  0   0  -0.000000       16.628        4.838     0.635252       10.896   6.39     0.627871        0.000     0.000000     0.000000     0.000000   0   0 
  1 300   0.735849       26.033        5.220     0.621800       18.741  10.99     0.612062        0.000     0.077427     0.240000     0.240000   0   0 
  2 300   0.720017       42.728       24.615     0.678270       23.472  13.77     0.665242        0.000     0.187351     0.533333     0.293333   0   0 
  3 300   0.722243       54.293       34.358     0.690208       29.268  17.17     0.685591        0.000     0.166667     0.746667     0.213333   0   0 
  4 300   0.683635       80.415       54.293     0.659786       37.710  22.12     0.666592        0.000     0.109925     1.066667     0.320000   0   0 
  5 300   0.688142      109.260       73.980     0.632615       47.962  28.14     0.663060        0.000     0.255907     1.493333     0.426667   0   0 
  6 300   0.693664      124.245       87.075     0.631624       54.510  31.98     0.671757        0.000     0.077427     1.906667     0.413333   0   0 
  7 300   0.599226      123.683       87.098     0.645827       58.940  34.58     0.676666        5.105     0.275612     1.920000     0.013333   0   0 
  8 300   0.551027      136.530       87.233     0.655441       73.728  43.26     0.674868        5.105     0.165688     1.946667     0.026667   1   0 
  9 300   0.697847      136.485      110.745     0.659570       73.728  43.26     0.674868        0.000     0.297276     2.493333     0.546667   0   0 
 10 300   0.697519      136.935      114.615     0.660237       73.728  43.26     0.674868        0.000     0.166667     2.946667     0.453333   0   0 
 11 300   0.455103      137.723      114.548     0.673736       76.766  45.04     0.686108        4.990     0.329581     2.973333     0.026667   0   0 
 12 300   0.565185      137.498      114.548     0.674307       76.766  45.04     0.686108        4.990     0.162914     3.013333     0.040000   1   0 
 13 300   0.740894      137.385      114.525     0.674580       76.766  45.04     0.686108        0.000     0.000000     3.480000     0.466667   0   0 
 14 300   0.437520      137.430      114.525     0.679830       78.442  46.02     0.685170        3.597     0.439984     3.493333     0.013333   0   0 
 15 300   0.566728      138.600      113.940     0.682054       80.367  47.15     0.686319        3.597     0.163392     3.520000     0.026667   1   0 
 16 300   0.705431      138.600      114.278     0.683104       80.367  47.15     0.686319        0.000     0.276591     4.080000     0.560000   0   0 
 17 300   0.716396      141.278      119.250     0.686882       83.641  49.07     0.695149        0.000     0.166667     4.640000     0.560000   0   0 
 18 300   0.737807      149.018      132.210     0.687951       91.228  53.52     0.695705        0.000     0.109925     5.173333     0.533333   0   0 
 19 300   0.611975      150.143      134.663     0.703402       92.801  54.45     0.711245        3.249     0.438722     5.200000     0.026667   0   0 
 20 300   0.722031      150.233      135.203     0.703367       92.801  54.45     0.711245        3.249     0.162131     5.266667     0.066667   1   0 
 21 300   0.846842      149.198      140.738     0.704444       94.746  55.59     0.713491        0.000     0.333333     5.800000     0.533333   0   0 
 22 300   0.543589      153.270      141.750     0.708619       99.105  58.14     0.710057        5.267     0.453811     5.853333     0.053333   0   0 
 23 300   0.550404      153.833      140.423     0.708943      101.734  59.69     0.709480        5.267     0.156535     5.880000     0.026667   1   0 
 24 300   0.769064      153.068      142.785     0.709769      101.734  59.69     0.709480        0.000     0.297276     6.453333     0.573333   0   0 
 25 300   0.697898      153.090      142.808     0.712717      101.937  59.81     0.709606        0.000     0.145982     7.120000     0.666667   0   0 
 26 300   0.455612      153.113      141.818     0.712835      102.152  59.93     0.710627        3.276     0.478580     7.146667     0.026667   0   0 
 27 300   0.597077      153.113      141.818     0.713123      102.152  59.93     0.710627        3.276     0.165931     7.186667     0.040000   1   0 
 28 300   0.789597      152.775      141.638     0.713281      102.152  59.93     0.710627        0.000     0.166667     7.760000     0.573333   0   0 
 29 300   0.788261      152.168      141.638     0.713933      102.152  59.93     0.710627        0.000     0.109925     8.160000     0.400000   0   0 
 30 300   0.564169      154.350      134.550     0.717969      104.735  61.45     0.712557        5.390     0.149910     8.186667     0.026667   0   0 
 31 300   0.650928      153.428      134.573     0.718625      104.735  61.45     0.712557        5.390     0.149910     8.266667     0.080000   1   0 
 32 300   0.783673      152.820      134.483     0.718828      104.735  61.45     0.712557        0.000     0.000000     8.893333     0.626667   0   0 
 33 300   0.779891      152.910      134.663     0.720229      104.735  61.45     0.712557        0.000     0.109925     9.453333     0.560000   0   0 
 34 300   0.450395      152.100      132.728     0.722498      105.110  61.67     0.717726        3.207     0.350094     9.506667     0.053333   0   0 
 35 300   0.538566      152.145      132.683     0.722847      105.110  61.67     0.717726        3.207     0.162743     9.533333     0.026667   1   0 
 36 300   0.767947      152.078      132.615     0.723859      105.110  61.67     0.717726        0.000     0.187351    10.093333     0.560000   0   0 
 37 300   0.776747      151.718      132.615     0.724396      105.110  61.67     0.717726        0.000     0.109925    10.413333     0.320000   0   0 
 38 300   0.693413      151.740      132.548     0.724581      105.110  61.67     0.717726        0.000     0.276591    10.866667     0.453333   0   0 
 39 300   0.441797      152.910      133.335     0.724123      105.894  62.13     0.718401        3.587     0.315583    10.906667     0.040000   0   0 
 40 300   0.519148      152.843      133.268     0.724399      105.894  62.13     0.718401        3.587     0.128232    10.986667     0.080000   1   0 
 41 300   0.770821      152.888      133.268     0.726024      105.894  62.13     0.718401        0.000     0.109925    11.613333     0.626667   0   0 
 42 300   0.410137      152.865      133.245     0.727158      106.205  62.31     0.719244        5.291     0.439966    11.626667     0.013333   0   0 
 43 300   0.567632      152.910      133.245     0.727286      106.205  62.31     0.719244        5.291     0.163375    11.653333     0.026667   1   0 
 44 300   0.456456      157.500      125.618     0.729257      109.880  64.47     0.719637        5.236     0.588399    11.746667     0.093333   0   0 
 45 300   0.670510      158.018      126.045     0.729375      109.880  64.47     0.719637        5.236     0.145141    11.773333     0.026667   1   0 
 46 300   0.762082      157.883      126.000     0.729480      109.880  64.47     0.719637        0.000     0.166667    12.280000     0.506667   0   0 
 47 300   0.671916      157.815      125.978     0.729597      109.880  64.47     0.719637        0.000     0.333333    12.826667     0.546667   0   0 
 48 300   0.761063      157.815      125.978     0.729690      109.880  64.47     0.719637        0.000     0.166667    13.426667     0.600000   0   0 
 49 300   0.412608      158.558      124.718     0.731984      111.947  65.68     0.720028        4.886     0.348521    13.453333     0.026667   0   0 
 50 300   0.524053      156.938      124.245     0.730774      115.986  68.05     0.715066        4.886     0.161170    13.480000     0.026667   1   0 
 51 300   0.774788      156.510      123.998     0.731173      115.986  68.05     0.715066        0.000     0.077427    14.120000     0.640000   0   0 
 52 300   0.338169      157.658      122.175     0.733297      118.174  69.33     0.712865        5.022     0.660006    14.160000     0.040000   0   0 
 53 300   0.551764      158.018      122.580     0.733434      118.174  69.33     0.712865        5.022     0.160006    14.186667     0.026667   1   0 
 54 300   0.585152      169.065      117.945     0.738480      129.834  76.17     0.710179        5.767     0.315561    14.280000     0.093333   0   0 
 55 300   0.555656      168.998      117.698     0.741099      131.669  77.25     0.708750        0.091     0.129495    14.386667     0.106667   0   0 
 56 300   0.565058      169.043      117.698     0.741180      131.669  77.25     0.708750        5.808     0.129324    14.440000     0.053333   1   0 
 57 300   0.380241      169.133      117.698     0.741937      132.002  77.44     0.709582        5.213     0.608831    14.466667     0.026667   0   0 
 58 300   0.610516      169.155      117.675     0.742136      132.002  77.44     0.709582        5.213     0.144889    14.520000     0.053333   1   0 
 59 300   0.382232      169.830      114.480     0.747287      134.163  78.71     0.715725        2.606     0.666580    14.573333     0.053333   0   0 
 60 300   0.588894      169.830      114.480     0.747823      134.163  78.71     0.715725        0.000     0.000000    14.600000     0.026667   0   1 
 61 300   0.280818      170.798      110.768     0.749155      135.019  79.21     0.716988        7.780     0.021692    14.613333     0.013333   1   1 
 62 300   0.519739      170.888      110.768     0.749184      135.019  79.21     0.716988        5.213     0.144889    14.733333     0.120000   1   1 
 63 300   0.238530      174.510      117.720     0.753661      135.968  79.77     0.718711        6.610     0.165587    14.786667     0.053333   0   1 
 64 300   0.298562      174.600      117.720     0.753810      135.968  79.77     0.718711        6.610     0.165587    14.826667     0.040000   1   1 
 65 300   0.624984      174.510      117.675     0.753939      135.968  79.77     0.718711        0.000     0.145982    15.506667     0.680000   0   1 
 66 300   0.579660      174.443      117.653     0.753900      135.968  79.77     0.718711        0.000     0.145982    16.053333     0.546667   0   1 
 67 300   0.530773      174.443      117.653     0.754530      135.972  79.77     0.718726        0.000     0.479316    16.653333     0.600000   0   1 
 68 300   0.157504      174.105      117.653     0.759254      138.088  81.01     0.717699        5.714     0.405432    16.666667     0.013333   0   1 
 69 300   0.262917      174.218      117.923     0.760322      138.930  81.51     0.718338        3.524     0.348798    16.706667     0.040000   0   1 
 70 300   0.318010      174.038      117.270     0.765605      141.291  82.89     0.720695        3.524     0.015464    16.760000     0.053333   1   1 
 71 300   0.406725      175.028      116.618     0.767743      141.850  83.22     0.721957        0.339     0.118304    16.826667     0.066667   0   1 
 72 300   0.405825      175.140      116.685     0.767823      141.850  83.22     0.721957        6.026     0.157905    16.933333     0.106667   1   1 
 73 300   0.182896      175.140      116.618     0.770476      142.789  83.77     0.723340        6.396     0.280951    17.000000     0.066667   0   1 
 74 300   0.255332      175.050      116.573     0.770797      142.789  83.77     0.723340        6.396     0.150342    17.053333     0.053333   1   1 
 75 300   0.625525      174.983      116.550     0.770891      142.789  83.77     0.723340        0.000     0.130609    17.586667     0.533333   0   1 
 76 300   0.617159      174.983      116.550     0.771100      142.789  83.77     0.723340        0.000     0.145982    18.213333     0.626667   0   1 
 77 300   0.117701      174.848      116.550     0.772533      143.365  84.11     0.723967        6.011     0.728372    18.226667     0.013333   0   1 
 78 300   0.235803      174.668      116.550     0.773022      144.045  84.51     0.723709        6.011     0.139132    18.266667     0.040000   1   1 
 79 300   0.108871      174.668      116.550     0.773858      144.251  84.63     0.724062        5.942     0.752172    18.280000     0.013333   0   1 
 80 300   0.232660      174.645      116.550     0.773956      144.251  84.63     0.724062        5.942     0.162932    18.293333     0.013333   1   1 
 81 300   0.195578      176.108      112.973     0.775996      145.417  85.31     0.724723        5.852     0.295588    18.373333     0.080000   0   1 
 82 300   0.562348      179.753      113.378     0.779026      147.234  86.38     0.725957        0.900     0.199369    18.533333     0.160000   0   1 
 83 300   0.566939      180.045      114.075     0.779111      147.234  86.38     0.725957        5.438     0.161623    18.680000     0.146667   1   1 
 84 300   0.624976      180.045      114.075     0.779166      147.234  86.38     0.725957        0.000     0.000000    19.360000     0.680000   0   1 
 85 300   0.184882      180.045      114.075     0.779791      147.286  86.41     0.726755        5.347     0.426085    19.400000     0.040000   0   1 
 86 300   0.251715      180.000      114.030     0.779765      147.286  86.41     0.726755        5.347     0.149494    19.506667     0.106667   1   1 
 87 300   0.177177      180.023      114.008     0.780391      147.299  86.42     0.727743        3.125     0.328213    19.586667     0.080000   0   1 
 88 300   0.211769      180.068      113.963     0.780325      147.669  86.64     0.727743        3.125     0.161546    19.706667     0.120000   1   1 
 89 300   0.152521      180.203      113.783     0.781659      148.061  86.87     0.729355        5.202     0.328820    19.760000     0.053333   0   1 
 90 300   0.578939      181.260      109.395     0.782853      149.636  87.79     0.729678        0.637     0.292740    19.933333     0.173333   0   1 
 91 300   0.608338      181.395      109.373     0.782881      149.636  87.79     0.729678        5.836     0.146004    20.026667     0.093333   1   1 
 92 300   0.117817      181.395      109.373     0.782925      149.637  87.79     0.729797        6.042     0.758304    20.053333     0.026667   0   1 
 93 300   0.248715      181.350      109.373     0.782988      150.041  88.03     0.729494        6.042     0.148380    20.146667     0.093333   1   1 
 94 300   0.186893      182.250      109.013     0.783478      151.555  88.92     0.727671        5.821     0.339775    20.213333     0.066667   0   1 
 95 300   0.236890      182.205      109.013     0.783565      151.555  88.92     0.727671        5.821     0.152424    20.280000     0.066667   1   1 
 96 300   0.186748      182.205      109.013     0.784067      151.662  88.98     0.728535        2.793     0.225184    20.280000     0.000000   0   1 
 97 300   0.211879      182.205      109.013     0.784139      151.664  88.98     0.728666        3.248     0.018434    20.373333     0.093333   1   1 
 98 300   0.250049      182.115      109.013     0.784255      151.807  89.06     0.728516        5.808     0.129324    20.453333     0.080000   1   1 
 99 300   0.215662      182.070      108.923     0.784364      151.849  89.09     0.729006        3.552     0.496606    20.560000     0.106667   0   1 
100 300   0.287841      182.070      108.923     0.784382      151.849  89.09     0.729006        3.552     0.142588    20.653333     0.093333   1   1 
