#scene........................: /home/eldamian/nbvEverardo/models/studying_room.wrl
#triangles....................: 107322
#Total triangles' area........: 170.448196 (m2)
#sensor aperture..............: 135.000000 x 70.000000 (deg)
#range image size.............: 350 x 80
#sensor blind distances.......: 0.500000 .. 30.000000 (m)
#sensor blind angle...........: 80.000000
#sensor Gaussian noise std dev: 0.012000 (m)
#views number.................: 100 
#optimization method..........: Evolution Strategy
#view iterations fitness vxl_occupied(m2) occplane(m2) vxl_quality tri_imaged(m2) tri_imaged(%) tri_quality travelled(m) energy total_time single_time backstep change
  0   0  -0.000000       16.628        4.838     0.635252       10.896   6.39     0.627871        0.000     0.000000     0.000000     0.000000   0   0 
  1 308   0.735849       26.033        5.220     0.621800       18.741  10.99     0.612062        0.000     0.077427     0.200000     0.200000   0   0 
  2 308   0.720017       42.728       24.615     0.678270       23.472  13.77     0.665242        0.000     0.187351     0.480000     0.280000   0   0 
  3 308   0.722243       54.293       34.358     0.690208       29.268  17.17     0.685591        0.000     0.166667     0.800000     0.320000   0   0 
  4 308   0.683635       80.415       54.293     0.659786       37.710  22.12     0.666592        0.000     0.109925     1.146667     0.346667   0   0 
  5 308   0.688142      109.260       73.980     0.632615       47.962  28.14     0.663060        0.000     0.255907     1.573333     0.426667   0   0 
  6 308   0.693664      124.245       87.075     0.631624       54.510  31.98     0.671757        0.000     0.077427     1.973333     0.400000   0   0 
  7 308   0.688799      129.083       86.288     0.637550       61.191  35.90     0.668624        0.000     0.166667     2.426667     0.453333   0   0 
  8 308   0.629673      150.143      105.930     0.647892       76.425  44.84     0.675546        0.000     0.255907     2.893333     0.466667   0   0 
  9 308   0.722080      149.513      114.053     0.652108       82.791  48.57     0.677800        0.000     0.077427     3.386667     0.493333   0   0 
 10 308   0.729325      148.523      121.275     0.662675       85.682  50.27     0.683865        0.000     0.109925     4.000000     0.613333   0   0 
 11 308   0.642577      148.545      125.303     0.665806       85.718  50.29     0.683926        0.000     0.145982     4.493333     0.493333   0   0 
 12 308   0.642634      147.758      132.075     0.667415       87.236  51.18     0.685394        0.000     0.479316     4.973333     0.480000   0   0 
 13 308   0.665166      147.285      134.798     0.669492       87.331  51.24     0.685484        0.000     0.145982     5.546667     0.573333   0   0 
 14 308   0.584896      145.620      135.540     0.670355       89.035  52.24     0.682903        0.000     0.166667     5.986667     0.440000   0   0 
 15 308   0.575373      146.363      135.540     0.671578       91.510  53.69     0.680823        0.000     0.166667     6.440000     0.453333   0   0 
 16 308   0.557226      146.250      135.608     0.671321       93.372  54.78     0.676247        0.000     0.145982     7.000000     0.560000   0   0 
 17 308   0.580258      146.070      135.765     0.672050       93.372  54.78     0.676247        0.000     0.187351     7.386667     0.386667   0   0 
 18 308   0.588840      151.178      136.665     0.680317       98.895  58.02     0.679213        5.075     0.254170     7.546667     0.160000   0   0 
 19 308   0.635879      152.663      138.263     0.680511       98.895  58.02     0.679213        5.075     0.144245     7.600000     0.053333   1   0 
 20 308   0.446233      155.340      128.948     0.689042      103.376  60.65     0.683522        4.880     0.609008     7.640000     0.040000   0   0 
 21 308   0.644982      154.283      128.588     0.689523      103.376  60.65     0.683522        4.880     0.165750     7.706667     0.066667   1   0 
 22 308   0.824285      153.180      128.408     0.689522      103.376  60.65     0.683522        0.000     0.000000     8.146667     0.440000   0   0 
 23 308   0.661815      153.450      125.213     0.692869      105.859  62.11     0.682539        4.594     0.162466     8.240000     0.093333   0   0 
 24 308   0.673727      153.158      125.033     0.693142      105.859  62.11     0.682539        4.594     0.162466     8.400000     0.160000   1   0 
 25 308   0.822437      152.730      124.785     0.693350      105.859  62.11     0.682539        0.000     0.000000     8.893333     0.493333   0   0 
 26 308   0.822005      152.820      124.808     0.694850      105.859  62.11     0.682539        0.000     0.109925     9.453333     0.560000   0   0 
 27 308   0.519602      153.315      125.348     0.695016      107.313  62.96     0.682315        4.914     0.272647     9.533333     0.080000   0   0 
 28 308   0.629140      152.910      125.213     0.695366      107.313  62.96     0.682315        4.914     0.162723     9.586667     0.053333   1   0 
 29 308   0.803949      152.933      125.325     0.695818      107.313  62.96     0.682315        0.000     0.109925    10.186667     0.600000   0   0 
 30 308   0.789406      152.955      125.348     0.695861      107.313  62.96     0.682315        0.000     0.109925    10.840000     0.653333   0   0 
 31 308   0.482376      153.383      123.278     0.701139      107.974  63.35     0.691055        2.777     0.307119    10.960000     0.120000   0   0 
 32 308   0.551639      153.405      123.053     0.701327      107.974  63.35     0.691055        0.000     0.000000    10.986667     0.026667   0   1 
 33 308   0.295249      159.705      121.905     0.713763      110.952  65.09     0.699683        8.088     0.376726    11.173333     0.186667   0   1 
 34 308   0.365447      158.265      121.815     0.731934      111.522  65.43     0.716720        8.088     0.022709    11.213333     0.040000   1   1 
 35 308   0.244503      159.188      118.193     0.734997      112.554  66.03     0.722248        7.622     0.022270    11.266667     0.053333   1   1 
 36 308   0.399995      159.143      118.193     0.735252      112.554  66.03     0.722248        4.914     0.162723    11.320000     0.053333   1   1 
 37 308   0.192731      159.413      117.563     0.736785      113.403  66.53     0.722428        5.023     0.420718    11.360000     0.040000   0   1 
 38 308   0.244570      159.188      117.518     0.737687      113.403  66.53     0.722428        5.023     0.144127    11.386667     0.026667   1   1 
 39 308   0.462609      174.758      122.648     0.742567      127.145  74.59     0.721917        5.873     0.298016    11.533333     0.146667   0   1 
 40 308   0.337233      177.503      116.820     0.742103      130.873  76.78     0.719915        1.168     0.032896    11.653333     0.120000   0   1 
 41 308   0.579843      178.043      113.153     0.744183      132.389  77.67     0.719583        0.974     0.257910    11.893333     0.240000   0   1 
 42 308   0.598681      178.178      111.465     0.745248      132.888  77.96     0.720503        0.441     0.003318    12.093333     0.200000   0   1 
 43 308   0.601078      180.180      108.045     0.745442      132.888  77.96     0.720503        5.418     0.165560    12.440000     0.346667   1   1 
 44 308   0.375000      182.903      110.295     0.745650      132.969  78.01     0.720461        5.076     0.478427    12.520000     0.080000   0   1 
 45 308   0.581896      183.060      110.363     0.745778      133.053  78.06     0.720761        0.644     0.020663    12.706667     0.186667   0   1 
 46 308   0.592602      182.925      110.408     0.745966      133.053  78.06     0.720761        4.859     0.165756    12.773333     0.066667   1   1 
 47 308   0.649165      182.925      110.408     0.746001      133.053  78.06     0.720761        0.000     0.000000    13.440000     0.666667   0   1 
 48 308   0.596775      182.925      110.408     0.746468      133.053  78.06     0.720761        0.000     0.145982    13.986667     0.546667   0   1 
 49 308   0.548632      182.880      110.408     0.747092      133.053  78.06     0.720761        0.000     0.500000    14.546667     0.560000   0   1 
 50 308   0.631322      182.880      110.408     0.748137      133.053  78.06     0.720761        0.000     0.145982    15.186667     0.640000   0   1 
 51 308   0.242538      182.948      109.508     0.748643      134.063  78.65     0.720053        5.172     0.390428    15.253333     0.066667   0   1 
 52 308   0.416778      183.398      108.765     0.751498      135.447  79.47     0.721191        4.214     0.335209    15.360000     0.106667   0   1 
 53 308   0.249832      183.285      108.293     0.755668      136.953  80.35     0.723673        4.214     0.001875    15.373333     0.013333   1   1 
 54 308   0.293467      183.488      107.910     0.756725      137.461  80.65     0.724321        0.468     0.025710    15.426667     0.053333   0   1 
 55 308   0.334621      183.983      107.280     0.758822      138.622  81.33     0.725202        0.386     0.337802    15.466667     0.040000   0   1 
 56 308   0.250330      183.983      107.280     0.758883      138.622  81.33     0.725202        4.664     0.164700    15.573333     0.106667   1   1 
 57 308   0.618501      183.983      107.280     0.759031      138.622  81.33     0.725202        0.000     0.255907    16.000000     0.426667   0   1 
 58 308   0.174907      183.645      107.280     0.764462      140.451  82.40     0.726892        6.276     0.398337    16.106667     0.106667   0   1 
 59 308   0.248567      183.645      107.280     0.764507      140.451  82.40     0.726892        6.276     0.142430    16.213333     0.106667   1   1 
 60 308   0.618542      183.645      107.280     0.764705      140.451  82.40     0.726892        0.000     0.255907    16.706667     0.493333   0   1 
 61 308   0.591445      183.690      107.280     0.764762      140.451  82.40     0.726892        0.000     0.145982    17.346667     0.640000   0   1 
 62 308   0.190512      183.803      107.168     0.765216      140.693  82.54     0.727185        4.719     0.413568    17.426667     0.080000   0   1 
 63 308   0.249888      183.803      107.168     0.765260      140.693  82.54     0.727185        4.719     0.136977    17.453333     0.026667   1   1 
 64 308   0.138097      184.140      107.078     0.765514      141.379  82.95     0.726436        4.830     0.828899    17.493333     0.040000   0   1 
 65 308   0.318240      184.118      107.055     0.765546      141.379  82.95     0.726436        4.830     0.162232    17.560000     0.066667   1   1 
 66 308   0.639665      184.073      107.055     0.765651      141.379  82.95     0.726436        0.000     0.109925    18.200000     0.640000   0   1 
 67 308   0.627468      184.073      107.055     0.766028      141.379  82.95     0.726436        0.000     0.145982    18.893333     0.693333   0   1 
 68 308   0.600469      184.073      107.055     0.766395      141.379  82.95     0.726436        0.000     0.333333    19.320000     0.426667   0   1 
 69 308   0.591645      183.983      107.055     0.766540      141.379  82.95     0.726436        0.000     0.145982    19.920000     0.600000   0   1 
 70 308   0.299954      184.613      106.943     0.769033      141.838  83.21     0.731812        2.701     0.640857    20.080000     0.160000   0   1 
 71 308   0.503750      184.793      106.448     0.768791      142.036  83.33     0.734335        0.350     0.015358    20.346667     0.266667   0   1 
 72 308   0.508824      184.748      106.448     0.769299      142.136  83.39     0.734792        7.269     0.006250    20.440000     0.093333   1   1 
 73 308   0.291046      184.748      106.448     0.769284      142.136  83.39     0.734792        4.594     0.162466    20.466667     0.026667   1   1 
 74 308   0.643771      184.793      106.448     0.769331      142.136  83.39     0.734792        0.000     0.000000    21.080000     0.613333   0   1 
 75 308   0.230420      184.590      105.165     0.777800      143.795  84.36     0.749626        4.218     0.661839    21.160000     0.080000   0   1 
 76 308   0.377515      184.725      105.165     0.777878      143.795  84.36     0.749626        4.218     0.161839    21.320000     0.160000   1   1 
 77 308   0.204384      184.725      105.300     0.778328      143.798  84.36     0.750089        3.380     0.144932    21.373333     0.053333   0   1 
 78 308   0.230024      184.815      105.300     0.778406      143.798  84.36     0.750089        3.380     0.144932    21.400000     0.026667   1   1 
 79 308   0.637129      184.815      105.300     0.778533      143.798  84.36     0.750089        0.000     0.145982    21.973333     0.573333   0   1 
 80 308   0.592338      184.995      105.300     0.778603      143.798  84.36     0.750089        0.000     0.145982    22.613333     0.640000   0   1 
 81 308   0.179326      184.770      105.210     0.778802      144.487  84.77     0.748996        5.128     0.411085    22.733333     0.120000   0   1 
 82 308   0.235282      184.770      105.210     0.778831      144.487  84.77     0.748996        5.128     0.134494    22.840000     0.106667   1   1 
 83 308   0.619169      184.770      105.210     0.778847      144.487  84.77     0.748996        0.000     0.255907    23.440000     0.600000   0   1 
 84 308   0.433289      185.738      105.705     0.778870      144.507  84.78     0.748998        4.840     0.135329    23.533333     0.093333   0   1 
 85 308   0.507785      185.738      105.705     0.778877      144.507  84.78     0.748998        4.840     0.135329    23.666667     0.133333   1   1 
 86 308   0.408577      186.188      106.515     0.779622      144.578  84.82     0.749384        6.000     0.461382    23.946667     0.280000   0   1 
 87 308   0.596700      186.300      106.808     0.779666      144.615  84.84     0.749582        0.649     0.003054    24.226667     0.280000   0   1 
 88 308   0.607456      186.300      106.808     0.779682      144.615  84.84     0.749582        5.684     0.131103    24.400000     0.173333   1   1 
 89 308   0.636172      186.233      106.785     0.779654      144.615  84.84     0.749582        0.000     0.000000    25.026667     0.626667   0   1 
 90 308   0.635177      186.233      106.785     0.779875      144.615  84.84     0.749582        0.000     0.145982    25.640000     0.613333   0   1 
 91 308   0.552443      186.233      106.785     0.779974      144.615  84.84     0.749582        0.000     0.479316    26.200000     0.560000   0   1 
 92 308   0.400055      186.638      104.108     0.780545      144.637  84.86     0.749671        6.104     0.476368    26.400000     0.200000   0   1 
 93 308   0.608069      186.660      104.175     0.780589      144.646  84.86     0.749685        0.251     0.007898    26.733333     0.333333   0   1 
 94 308   0.612428      186.660      104.175     0.780646      144.646  84.86     0.749685        5.885     0.135137    27.053333     0.320000   1   1 
 95 308   0.177134      186.795      103.883     0.782562      145.828  85.56     0.749946        5.387     0.604220    27.093333     0.040000   0   1 
 96 308   0.258457      186.705      103.883     0.782535      145.828  85.56     0.749946        5.387     0.160962    27.266667     0.173333   1   1 
 97 308   0.607680      186.705      103.883     0.782544      145.828  85.56     0.749946        0.000     0.276591    27.720000     0.453333   0   1 
 98 308   0.590118      186.660      103.883     0.782603      145.828  85.56     0.749946        0.000     0.145982    28.320000     0.600000   0   1 
 99 308   0.270704      188.843      101.835     0.783111      146.430  85.91     0.750656        6.165     0.163813    28.453333     0.133333   0   1 
100 308   0.459418      189.270      100.463     0.782951      146.823  86.14     0.751343        1.770     0.003693    28.653333     0.200000   0   1 
