#scene........................: /home/eldamian/nbvEverardo/models/studying_room.wrl
#triangles....................: 107322
#Total triangles' area........: 170.448196 (m2)
#sensor aperture..............: 135.000000 x 70.000000 (deg)
#range image size.............: 350 x 80
#sensor blind distances.......: 0.500000 .. 30.000000 (m)
#sensor blind angle...........: 80.000000
#sensor Gaussian noise std dev: 0.012000 (m)
#views number.................: 100 
#optimization method..........: Simulated Annealing
#view iterations fitness vxl_occupied(m2) occplane(m2) vxl_quality tri_imaged(m2) tri_imaged(%) tri_quality travelled(m) energy total_time single_time backstep change
  0   0  -0.000000       16.628        4.838     0.635252       10.896   6.39     0.627871        0.000     0.000000     0.000000     0.000000   0   0 
  1 300   0.763985       26.033        5.220     0.621800       18.741  10.99     0.612062        0.000     0.077427     0.266667     0.266667   0   0 
  2 300   0.749371       43.200        9.743     0.626680       28.430  16.68     0.621733        0.000     0.109925     0.533333     0.266667   0   0 
  3 300   0.736795       47.610       26.033     0.636041       32.030  18.79     0.635803        0.000     0.130609     0.880000     0.346667   0   0 
  4 300   0.748986       64.103       45.225     0.676102       36.762  21.57     0.666496        0.000     0.166667     1.200000     0.320000   0   0 
  5 300   0.736194       93.083       63.698     0.642961       47.015  27.58     0.662877        0.000     0.109925     1.600000     0.400000   0   0 
  6 300   0.713815      102.443       67.613     0.639438       55.035  32.29     0.653232        0.000     0.166667     2.013333     0.413333   0   0 
  7 300   0.499032      102.150       67.455     0.642286       56.178  32.96     0.652618        5.043     0.440520     2.026667     0.013333   0   0 
  8 300   0.739915      102.803       67.118     0.645361       57.284  33.61     0.653457        0.026     0.116684     2.053333     0.026667   0   0 
  9 300   0.742448      102.735       69.930     0.646989       57.284  33.61     0.653457        5.051     0.157169     2.093333     0.040000   1   0 
 10 300   0.759784      102.735       70.403     0.652585       57.284  33.61     0.653457        0.000     0.109925     2.613333     0.520000   0   0 
 11 300   0.726495      102.555       71.955     0.653843       57.284  33.61     0.653457        0.000     0.166667     3.053333     0.440000   0   0 
 12 300   0.675725      102.533       71.933     0.653850       57.284  33.61     0.653457        0.000     0.109925     3.480000     0.426667   0   0 
 13 300   0.518621      102.533       71.933     0.653850       57.284  33.61     0.653457        5.527     0.488827     3.493333     0.013333   0   0 
 14 300   0.740649      102.983       71.550     0.653863       57.284  33.61     0.653457        5.527     0.155494     3.520000     0.026667   1   0 
 15 300   0.726939      102.983       86.693     0.658099       57.284  33.61     0.653457        0.000     0.276591     3.920000     0.400000   0   0 
 16 300   0.726330      103.140       88.043     0.658785       57.284  33.61     0.653457        0.000     0.166667     4.293333     0.373333   0   0 
 17 300   0.679017      103.185       88.268     0.659067       57.284  33.61     0.653457        0.000     0.109925     4.666667     0.373333   0   0 
 18 300   0.668219      103.050       88.268     0.659061       57.284  33.61     0.653457        0.000     0.077427     5.066667     0.400000   0   0 
 19 300   0.527807      102.668       88.043     0.662576       58.559  34.36     0.653965        5.133     0.310592     5.120000     0.053333   0   0 
 20 300   0.685593      102.690       88.043     0.663042       58.559  34.36     0.653965        5.133     0.143925     5.160000     0.040000   1   0 
 21 300   0.775469      102.645       88.043     0.663644       58.559  34.36     0.653965        0.000     0.109925     5.613333     0.453333   0   0 
 22 300   0.732623      103.028       88.133     0.663852       58.559  34.36     0.653965        0.000     0.166667     6.106667     0.493333   0   0 
 23 300   0.679689      103.073       88.133     0.664079       58.559  34.36     0.653965        0.000     0.109925     6.493333     0.386667   0   0 
 24 300   0.667835      102.960       88.133     0.663886       58.559  34.36     0.653965        0.000     0.077427     6.800000     0.306667   0   0 
 25 300   0.718508      105.458       86.310     0.670648       61.568  36.12     0.659329        4.730     0.164415     6.813333     0.013333   0   0 
 26 300   0.650754      105.503       86.310     0.670614       61.568  36.12     0.659329        4.730     0.164415     6.840000     0.026667   1   0 
 27 300   0.765218      105.503       86.310     0.670724       61.568  36.12     0.659329        0.000     0.187351     7.306667     0.466667   0   0 
 28 300   0.732525      105.728       86.310     0.670838       61.568  36.12     0.659329        0.000     0.166667     7.706667     0.400000   0   0 
 29 300   0.679694      105.750       86.423     0.670776       61.568  36.12     0.659329        0.000     0.109925     8.120000     0.413333   0   0 
 30 300   0.666956      105.885       86.423     0.670676       61.568  36.12     0.659329        0.000     0.077427     8.533333     0.413333   0   0 
 31 300   0.670147      113.085       86.828     0.659799       65.716  38.55     0.649379        0.000     0.255907     8.960000     0.426667   0   0 
 32 300   0.665659      113.175       86.828     0.659978       65.716  38.55     0.649379        0.000     0.145982     9.360000     0.400000   0   0 
 33 300   0.409682      121.005       97.628     0.653189       68.960  40.46     0.646166        5.448     0.602227     9.373333     0.013333   0   0 
 34 300   0.579519      151.628      101.858     0.674155       83.651  49.08     0.666897        5.448     0.158969     9.400000     0.026667   1   0 
 35 300   0.405124      151.088      101.858     0.684700       85.731  50.30     0.673545        2.961     0.665254     9.426667     0.026667   0   0 
 36 300   0.641122      151.043      101.858     0.684989       85.731  50.30     0.673545        0.000     0.000000     9.453333     0.026667   0   0 
 37 300   0.667420      159.908      112.455     0.680112       94.515  55.45     0.665537        3.693     0.003649     9.506667     0.053333   0   0 
 38 300   0.656174      159.818      112.455     0.680486       94.515  55.45     0.665537        3.693     0.003649     9.533333     0.026667   1   0 
 39 300   0.645560      159.773      112.455     0.680723       94.515  55.45     0.665537        0.000     0.000000     9.546667     0.013333   0   0 
 40 300   0.646407      159.773      112.455     0.680808       94.515  55.45     0.665537        0.000     0.000000     9.573333     0.026667   0   0 
 41 300   0.646414      159.818      112.410     0.680790       94.515  55.45     0.665537        0.000     0.000000     9.600000     0.026667   0   0 
 42 300   0.647281      159.818      112.410     0.680827       94.515  55.45     0.665537        0.000     0.000000     9.626667     0.026667   0   0 
 43 300   0.647627      159.818      112.410     0.680840       94.515  55.45     0.665537        0.000     0.000000     9.653333     0.026667   0   0 
 44 300   0.648298      159.818      112.410     0.680880       94.515  55.45     0.665537        0.000     0.000000     9.680000     0.026667   0   0 
 45 300   0.649478      159.818      112.410     0.680886       94.515  55.45     0.665537        0.000     0.000000     9.706667     0.026667   0   0 
 46 300   0.649111      159.818      112.410     0.680897       94.515  55.45     0.665537        0.000     0.000000     9.733333     0.026667   0   0 
 47 300   0.649500      159.863      112.410     0.680933       94.515  55.45     0.665537        0.000     0.000000     9.773333     0.040000   0   0 
 48 300   0.650012      159.953      112.410     0.680965       94.515  55.45     0.665537        0.000     0.000000     9.786667     0.013333   0   0 
 49 300   0.649898      159.953      112.410     0.681009       94.515  55.45     0.665537        0.000     0.000000     9.800000     0.013333   0   0 
 50 300   0.650193      159.953      112.410     0.681050       94.515  55.45     0.665537        0.000     0.000000     9.853333     0.053333   0   0 
 51 300   0.650709      159.953      112.410     0.681055       94.515  55.45     0.665537        0.000     0.000000     9.880000     0.026667   0   0 
 52 300   0.650475      159.953      112.410     0.681058       94.515  55.45     0.665537        0.000     0.000000     9.893333     0.013333   0   0 
 53 300   0.650727      159.953      112.410     0.681078       94.515  55.45     0.665537        0.000     0.000000     9.920000     0.026667   0   0 
 54 300   0.650730      159.953      112.410     0.681063       94.515  55.45     0.665537        0.000     0.000000     9.933333     0.013333   0   0 
 55 300   0.650914      159.953      112.410     0.681064       94.515  55.45     0.665537        0.000     0.000000     9.960000     0.026667   0   0 
 56 300   0.650945      159.908      112.365     0.681030       94.515  55.45     0.665537        0.000     0.000000     9.986667     0.026667   0   0 
 57 300   0.652307      159.908      112.365     0.680982       94.515  55.45     0.665537        0.000     0.000000    10.000000     0.013333   0   0 
 58 300   0.652272      159.908      112.365     0.680980       94.515  55.45     0.665537        0.000     0.000000    10.026667     0.026667   0   0 
 59 300   0.651903      159.908      112.365     0.680981       94.515  55.45     0.665537        0.000     0.000000    10.053333     0.026667   0   0 
 60 300   0.652061      159.908      112.365     0.680985       94.515  55.45     0.665537        0.000     0.000000    10.080000     0.026667   0   0 
 61 300   0.652113      159.908      112.365     0.680986       94.515  55.45     0.665537        0.000     0.000000    10.106667     0.026667   0   0 
 62 300   0.652110      159.908      112.365     0.680979       94.515  55.45     0.665537        0.000     0.000000    10.133333     0.026667   0   0 
 63 300   0.651973      159.908      112.365     0.680986       94.515  55.45     0.665537        0.000     0.000000    10.160000     0.026667   0   0 
 64 300   0.652044      159.908      112.365     0.681005       94.515  55.45     0.665537        0.000     0.000000    10.186667     0.026667   0   0 
 65 300   0.652155      159.908      112.365     0.681006       94.515  55.45     0.665537        0.000     0.000000    10.200000     0.013333   0   0 
 66 300   0.652061      159.908      112.365     0.681025       94.515  55.45     0.665537        0.000     0.000000    10.213333     0.013333   0   0 
 67 300   0.652222      159.908      112.365     0.681026       94.515  55.45     0.665537        0.000     0.000000    10.226667     0.013333   0   0 
 68 300   0.652291      159.818      112.365     0.681023       94.515  55.45     0.665537        0.000     0.000000    10.253333     0.026667   0   0 
 69 300   0.651718      159.818      112.365     0.681025       94.515  55.45     0.665537        0.000     0.000000    10.280000     0.026667   0   0 
 70 300   0.651771      159.818      112.365     0.681026       94.515  55.45     0.665537        0.000     0.000000    10.306667     0.026667   0   0 
 71 300   0.651881      159.818      112.365     0.681027       94.515  55.45     0.665537        0.000     0.000000    10.333333     0.026667   0   0 
 72 300   0.651790      159.818      112.365     0.681028       94.515  55.45     0.665537        0.000     0.000000    10.346667     0.013333   0   0 
 73 300   0.651766      159.818      112.365     0.681032       94.515  55.45     0.665537        0.000     0.000000    10.360000     0.013333   0   0 
 74 300   0.651596      159.818      112.365     0.681033       94.515  55.45     0.665537        0.000     0.000000    10.386667     0.026667   0   0 
 75 300   0.651545      159.818      112.365     0.681033       94.515  55.45     0.665537        0.000     0.000000    10.413333     0.026667   0   0 
 76 300   0.651533      159.818      112.365     0.681035       94.515  55.45     0.665537        0.000     0.000000    10.453333     0.040000   0   0 
 77 300   0.651467      159.818      112.365     0.681021       94.515  55.45     0.665537        0.000     0.000000    10.480000     0.026667   0   0 
 78 300   0.651332      159.818      112.365     0.681040       94.515  55.45     0.665537        0.000     0.000000    10.506667     0.026667   0   0 
 79 300   0.651475      159.818      112.365     0.681044       94.515  55.45     0.665537        0.000     0.000000    10.533333     0.026667   0   0 
 80 300   0.651566      159.818      112.365     0.681045       94.515  55.45     0.665537        0.000     0.000000    10.560000     0.026667   0   0 
 81 300   0.651593      159.818      112.365     0.681045       94.515  55.45     0.665537        0.000     0.000000    10.586667     0.026667   0   0 
 82 300   0.651477      159.728      112.365     0.681038       94.515  55.45     0.665537        0.000     0.000000    10.600000     0.013333   0   0 
 83 300   0.650658      159.728      112.365     0.681053       94.515  55.45     0.665537        0.000     0.000000    10.613333     0.013333   0   0 
 84 300   0.650624      159.728      112.365     0.681054       94.515  55.45     0.665537        0.000     0.000000    10.640000     0.026667   0   0 
 85 300   0.650595      159.728      112.365     0.681064       94.515  55.45     0.665537        0.000     0.000000    10.666667     0.026667   0   0 
 86 300   0.650801      159.728      112.365     0.681089       94.515  55.45     0.665537        0.000     0.000000    10.693333     0.026667   0   0 
 87 300   0.650721      159.728      112.365     0.681089       94.515  55.45     0.665537        0.000     0.000000    10.720000     0.026667   0   0 
 88 300   0.650814      159.728      112.365     0.681091       94.515  55.45     0.665537        0.000     0.000000    10.733333     0.013333   0   0 
 89 300   0.650764      159.728      112.365     0.681092       94.515  55.45     0.665537        0.000     0.000000    10.746667     0.013333   0   0 
 90 300   0.650769      159.728      112.365     0.681092       94.515  55.45     0.665537        0.000     0.000000    10.773333     0.026667   0   0 
 91 300   0.650813      159.728      112.365     0.681094       94.515  55.45     0.665537        0.000     0.000000    10.800000     0.026667   0   0 
 92 300   0.650796      159.728      112.365     0.681094       94.515  55.45     0.665537        0.000     0.000000    10.813333     0.013333   0   0 
 93 300   0.650753      159.728      112.365     0.681094       94.515  55.45     0.665537        0.000     0.000000    10.826667     0.013333   0   0 
 94 300   0.650792      159.728      112.365     0.681107       94.515  55.45     0.665537        0.000     0.000000    10.853333     0.026667   0   0 
 95 300   0.650770      159.728      112.365     0.681107       94.515  55.45     0.665537        0.000     0.000000    10.866667     0.013333   0   0 
 96 300   0.650766      159.728      112.365     0.681109       94.515  55.45     0.665537        0.000     0.000000    10.893333     0.026667   0   0 
 97 300   0.650416      159.728      112.365     0.681218       94.515  55.45     0.665537        0.000     0.000000    10.920000     0.026667   0   0 
 98 300   0.650757      159.728      112.365     0.681219       94.515  55.45     0.665537        0.000     0.000000    10.933333     0.013333   0   0 
 99 300   0.650774      159.728      112.365     0.681224       94.515  55.45     0.665537        0.000     0.000000    10.960000     0.026667   0   0 
100 300   0.650766      159.728      112.365     0.681224       94.515  55.45     0.665537        0.000     0.000000    10.986667     0.026667   0   0 
