#scene........................: /home/eldamian/nbvEverardo/models/studying_room.wrl
#triangles....................: 107322
#Total triangles' area........: 170.448196 (m2)
#sensor aperture..............: 135.000000 x 70.000000 (deg)
#range image size.............: 350 x 80
#sensor blind distances.......: 0.500000 .. 30.000000 (m)
#sensor blind angle...........: 80.000000
#sensor Gaussian noise std dev: 0.012000 (m)
#views number.................: 100 
#optimization method..........: Evolution Strategy
#view iterations fitness vxl_occupied(m2) occplane(m2) vxl_quality tri_imaged(m2) tri_imaged(%) tri_quality travelled(m) energy total_time single_time backstep change
  0   0  -0.000000       16.628        4.838     0.635252       10.896   6.39     0.627871        0.000     0.000000     0.000000     0.000000   0   0 
  1 308   0.669943       26.033        5.220     0.621800       18.741  10.99     0.612062        0.000     0.077427     0.200000     0.200000   0   0 
  2 308   0.659599       42.728       24.615     0.678270       23.472  13.77     0.665242        0.000     0.187351     0.480000     0.280000   0   0 
  3 308   0.661841       54.293       34.358     0.690208       29.268  17.17     0.685591        0.000     0.166667     0.826667     0.346667   0   0 
  4 308   0.625184       83.475       50.040     0.649959       39.521  23.19     0.676262        0.000     0.276591     1.146667     0.320000   0   0 
  5 308   0.643378       98.730       62.933     0.645241       46.069  27.03     0.684623        0.000     0.077427     1.546667     0.400000   0   0 
  6 308   0.636030      103.613       61.988     0.651737       52.750  30.95     0.679367        0.000     0.166667     1.960000     0.413333   0   0 
  7 308   0.616268      144.383       90.338     0.648706       69.459  40.75     0.683092        0.000     0.255907     2.453333     0.493333   0   0 
  8 308   0.661312      143.933      102.240     0.651852       76.352  44.79     0.684727        0.000     0.077427     2.986667     0.533333   0   0 
  9 308   0.643520      143.078      109.373     0.663316       79.243  46.49     0.691031        0.000     0.109925     3.520000     0.533333   0   0 
 10 308   0.590974      143.415      121.253     0.672550       81.770  47.97     0.693573        0.000     0.500000     4.026667     0.506667   0   0 
 11 308   0.564700      143.190      125.190     0.676049       81.876  48.04     0.693664        0.000     0.145982     4.600000     0.573333   0   0 
 12 308   0.556461      146.340      126.945     0.672706       88.518  51.93     0.683204        0.000     0.166667     5.093333     0.493333   0   0 
 13 308   0.506682      146.340      142.065     0.674968       88.551  51.95     0.683255        0.000     0.500000     5.666667     0.573333   0   0 
 14 308   0.471539      146.295      141.885     0.674998       88.551  51.95     0.683255        0.000     0.255907     6.106667     0.440000   0   0 
 15 308   0.481052      146.160      142.380     0.675578       89.035  52.24     0.682903        0.000     0.166667     6.706667     0.600000   0   0 
 16 308   0.493635      146.543      141.098     0.676928       91.510  53.69     0.680823        0.000     0.166667     7.186667     0.480000   0   0 
 17 308   0.441652      146.340      141.165     0.676400       93.372  54.78     0.676247        0.000     0.145982     7.653333     0.466667   0   0 
 18 308   0.438876      145.553      141.323     0.675750       96.110  56.39     0.673335        0.000     0.166667     8.160000     0.506667   0   0 
 19 308   0.425308      144.788      140.378     0.676580       99.336  58.28     0.668168        0.000     0.166667     8.573333     0.413333   0   0 
 20 308   0.381607      144.360      140.310     0.676384      101.328  59.45     0.664718        0.000     0.500000     9.120000     0.546667   0   0 
 21 308   0.773476      144.135      140.243     0.676650      101.328  59.45     0.664718        0.000     0.130609     9.706667     0.586667   0   0 
 22 308   0.391363      144.293      139.118     0.676993      101.331  59.45     0.664888        3.345     0.161138     9.720000     0.013333   0   0 
 23 308   0.431146      144.270      139.095     0.677223      101.331  59.45     0.664888        3.345     0.161138     9.733333     0.013333   1   0 
 24 308   0.779322      144.090      138.960     0.677477      101.331  59.45     0.664888        0.000     0.000000    10.293333     0.560000   0   0 
 25 308   0.598289      152.775      127.440     0.689217      108.817  63.84     0.673220        5.205     0.339620    10.400000     0.106667   0   0 
 26 308   0.573544      153.450      126.113     0.692406      110.325  64.73     0.673768        0.167     0.285806    10.493333     0.093333   0   0 
 27 308   0.449037      154.620      123.750     0.694025      111.601  65.47     0.673845        0.289     0.185103    10.573333     0.080000   0   0 
 28 308   0.627451      156.713      119.880     0.698485      113.604  66.65     0.682314        0.878     0.311594    10.760000     0.186667   0   0 
 29 308   0.696770      157.410      117.090     0.698938      114.660  67.27     0.685778        0.118     0.007385    10.853333     0.093333   0   0 
 30 308   0.703867      159.413      117.473     0.699245      114.660  67.27     0.685778        5.571     0.139788    11.080000     0.226667   1   0 
 31 308   0.715740      159.233      117.473     0.699447      114.660  67.27     0.685778        0.000     0.000000    11.520000     0.440000   0   0 
 32 308   0.635133      159.210      117.450     0.701080      114.660  67.27     0.685778        0.000     0.500000    12.120000     0.600000   0   0 
 33 308   0.727112      158.963      117.428     0.701072      114.660  67.27     0.685778        0.000     0.109925    12.640000     0.520000   0   0 
 34 308   0.633548      158.715      117.315     0.702319      114.660  67.27     0.685778        0.000     0.276591    13.280000     0.640000   0   0 
 35 308   0.595860      158.738      117.428     0.704492      114.660  67.27     0.685778        0.000     0.145982    13.906667     0.626667   0   0 
 36 308   0.548108      161.010      120.780     0.710009      115.013  67.48     0.690743        3.442     0.161829    13.973333     0.066667   0   0 
 37 308   0.663082      167.873      126.900     0.718137      118.613  69.59     0.699455        3.061     0.178674    14.240000     0.266667   0   0 
 38 308   0.676989      168.278      125.618     0.718509      118.826  69.71     0.701872        3.061     0.032692    14.426667     0.186667   1   0 
 39 308   0.575895      168.683      126.068     0.718586      118.826  69.71     0.701872        3.442     0.161829    14.466667     0.040000   1   0 
 40 308   0.706008      168.278      126.068     0.719136      118.826  69.71     0.701872        0.000     0.109925    15.093333     0.626667   0   0 
 41 308   0.559642      169.245      126.090     0.722098      120.559  70.73     0.703773        4.753     0.136811    15.266667     0.173333   0   0 
 42 308   0.620767      168.908      126.090     0.722231      120.559  70.73     0.703773        4.753     0.136811    15.306667     0.040000   1   0 
 43 308   0.576173      170.033      117.698     0.723234      121.565  71.32     0.706062        5.611     0.259499    15.466667     0.160000   0   0 
 44 308   0.675294      170.303      117.923     0.723497      121.565  71.32     0.706062        5.611     0.149574    15.680000     0.213333   1   0 
 45 308   0.552019      170.078      117.923     0.723939      121.682  71.39     0.707389        3.277     0.138478    15.840000     0.160000   0   0 
 46 308   0.601039      170.010      117.900     0.724092      121.682  71.39     0.707389        3.277     0.138478    15.920000     0.080000   1   0 
 47 308   0.706537      170.010      117.900     0.724418      121.682  71.39     0.707389        0.000     0.109925    16.453333     0.533333   0   0 
 48 308   0.551750      171.203      119.453     0.725353      122.337  71.77     0.708785        4.806     0.131092    16.693333     0.240000   0   0 
 49 308   0.616408      171.158      119.453     0.725433      122.337  71.77     0.708785        4.806     0.131092    16.826667     0.133333   1   0 
 50 308   0.592381      171.293      119.048     0.726938      123.616  72.52     0.706072        5.422     0.323002    16.840000     0.013333   0   0 
 51 308   0.717882      171.180      119.025     0.727258      123.616  72.52     0.706072        5.422     0.135651    16.880000     0.040000   1   0 
 52 308   0.699386      171.090      119.025     0.728436      123.616  72.52     0.706072        0.000     0.187351    17.493333     0.613333   0   0 
 53 308   0.678045      171.045      119.025     0.728647      123.616  72.52     0.706072        0.000     0.109925    18.120000     0.626667   0   0 
 54 308   0.638241      171.135      119.025     0.729004      123.616  72.52     0.706072        0.000     0.500000    18.786667     0.666667   0   0 
 55 308   0.606812      171.180      119.115     0.729770      123.616  72.52     0.706072        0.000     0.145982    19.320000     0.533333   0   0 
 56 308   0.594364      171.180      119.115     0.730233      123.616  72.52     0.706072        0.000     0.312649    19.933333     0.613333   0   0 
 57 308   0.603484      183.420      114.953     0.732554      135.811  79.68     0.705698        6.026     0.240756    20.133333     0.200000   0   0 
 58 308   0.638738      183.825      113.130     0.734281      136.417  80.03     0.706620        1.185     0.289512    20.360000     0.226667   0   0 
 59 308   0.690178      185.693      110.318     0.734244      136.417  80.03     0.706620        4.899     0.164437    20.533333     0.173333   1   0 
 60 308   0.689435      185.693      110.318     0.734499      136.417  80.03     0.706620        0.000     0.255907    21.120000     0.586667   0   0 
 61 308   0.632096      187.583      111.308     0.736025      136.747  80.23     0.711306        2.587     0.272958    21.200000     0.080000   0   0 
 62 308   0.693739      187.538      111.308     0.736139      136.747  80.23     0.711306        0.000     0.000000    21.360000     0.160000   0   1 
 63 308   0.423119      187.470      110.835     0.736331      137.010  80.38     0.712706        0.128     0.003976    21.613333     0.253333   0   1 
 64 308   0.423075      188.640      110.700     0.737151      137.185  80.48     0.714025        3.554     0.028227    21.680000     0.066667   1   1 
 65 308   0.258029      188.573      110.633     0.737137      137.185  80.48     0.714025        6.026     0.130831    21.853333     0.173333   1   1 
 66 308   0.137198      188.190      110.160     0.739638      137.996  80.96     0.714755        5.303     0.330038    21.906667     0.053333   0   1 
 67 308   0.465100      188.708      110.498     0.740857      138.150  81.05     0.715198        1.641     0.147957    22.080000     0.173333   0   1 
 68 308   0.489125      188.708      110.498     0.740999      138.150  81.05     0.715198        5.867     0.161397    22.240000     0.160000   1   1 
 69 308   0.452407      188.775      110.610     0.741436      138.259  81.11     0.715186        5.814     0.141503    22.600000     0.360000   0   1 
 70 308   0.521427      188.775      110.610     0.741484      138.259  81.11     0.715186        5.814     0.141503    22.826667     0.226667   1   1 
 71 308   0.558662      188.775      110.610     0.741516      138.259  81.11     0.715186        0.000     0.000000    23.360000     0.533333   0   1 
 72 308   0.038460      190.845      110.633     0.742034      138.436  81.22     0.715403        4.915     0.419039    23.400000     0.040000   0   1 
 73 308   0.043097      190.845      110.633     0.742337      138.436  81.22     0.715403        4.915     0.163132    23.480000     0.080000   1   1 
 74 308   0.229876      192.308      107.640     0.745315      141.895  83.25     0.711148        5.600     0.499800    23.600000     0.120000   0   1 
 75 308   0.006420      192.263      107.640     0.745394      141.895  83.25     0.711229        2.553     0.647725    23.640000     0.040000   0   1 
 76 308   0.052038      192.263      107.640     0.746805      142.303  83.49     0.713317        2.737     0.013053    23.760000     0.120000   0   1 
 77 308   0.055267      192.173      107.640     0.747002      142.303  83.49     0.713317        5.526     0.141719    23.906667     0.146667   1   1 
 78 308   0.545519      192.173      107.640     0.747132      142.303  83.49     0.713317        0.000     0.145982    24.413333     0.506667   0   1 
 79 308   0.176688      191.970      107.393     0.747358      142.586  83.65     0.714093        5.414     0.637692    24.813333     0.400000   0   1 
 80 308   0.255164      191.970      107.393     0.747368      142.586  83.65     0.714093        5.414     0.158376    25.160000     0.346667   1   1 
 81 308   0.548912      191.970      107.393     0.747887      142.586  83.65     0.714093        0.000     0.145982    25.720000     0.560000   0   1 
 82 308   0.380976      192.420      107.100     0.750755      143.040  83.92     0.716338        5.425     0.470437    26.000000     0.280000   0   1 
 83 308   0.532187      192.420      106.965     0.752534      143.272  84.06     0.718179        0.413     0.006461    26.320000     0.320000   0   1 
 84 308   0.537455      192.420      106.965     0.752587      143.272  84.06     0.718179        5.153     0.130643    26.426667     0.106667   1   1 
 85 308   0.000249      191.880      106.965     0.757414      143.345  84.10     0.722213        2.767     0.609418    26.480000     0.053333   0   1 
 86 308   0.287463      192.510      106.088     0.758381      143.909  84.43     0.723381        4.472     0.144169    26.906667     0.426667   0   1 
 87 308   0.312328      192.285      106.088     0.759810      143.919  84.44     0.724753        4.472     0.013560    27.173333     0.266667   1   1 
 88 308   0.166630      191.655      106.043     0.762785      143.985  84.47     0.728061        0.575     0.023035    27.360000     0.186667   0   1 
 89 308   0.262439      191.813      106.335     0.768443      144.004  84.49     0.733558        0.740     0.001086    27.493333     0.133333   0   1 
 90 308   0.260021      192.083      106.515     0.770583      144.197  84.60     0.735754        8.034     0.006388    27.533333     0.040000   1   1 
 91 308   0.367587      192.083      106.380     0.771182      144.223  84.61     0.736011        0.640     0.173886    27.626667     0.093333   0   1 
 92 308   0.436495      192.285      106.448     0.771256      144.232  84.62     0.736141        0.474     0.002328    27.733333     0.106667   0   1 
 93 308   0.441065      192.285      106.448     0.771339      144.232  84.62     0.736141        4.800     0.161227    27.786667     0.053333   1   1 
 94 308   0.550654      192.285      106.448     0.771388      144.232  84.62     0.736141        0.000     0.000000    28.386667     0.600000   0   1 
 95 308   0.148747      192.263      106.223     0.772223      144.560  84.81     0.737026        5.192     0.310357    28.573333     0.186667   0   1 
 96 308   0.219656      192.263      106.223     0.772374      144.614  84.84     0.737176        2.057     0.005910    29.066667     0.493333   0   1 
 97 308   0.363945      192.263      106.088     0.772602      144.641  84.86     0.737194        0.596     0.149117    29.386667     0.320000   0   1 
 98 308   0.455886      192.263      105.998     0.772634      144.673  84.88     0.737157        0.798     0.022025    29.706667     0.320000   0   1 
 99 308   0.463670      192.308      105.953     0.772646      144.673  84.88     0.737157        5.742     0.139574    30.026667     0.320000   1   1 
100 308   0.551784      192.308      105.953     0.772654      144.673  84.88     0.737157        0.000     0.000000    30.706667     0.680000   0   1 
