#scene........................: /home/eldamian/nbvEverardo/models/studying_room.wrl
#triangles....................: 107322
#Total triangles' area........: 170.448196 (m2)
#sensor aperture..............: 135.000000 x 70.000000 (deg)
#range image size.............: 350 x 80
#sensor blind distances.......: 0.500000 .. 30.000000 (m)
#sensor blind angle...........: 80.000000
#sensor Gaussian noise std dev: 0.012000 (m)
#views number.................: 100 
#optimization method..........: Simulated Annealing
#view iterations fitness vxl_occupied(m2) occplane(m2) vxl_quality tri_imaged(m2) tri_imaged(%) tri_quality travelled(m) energy total_time single_time backstep change
  0   0  -0.000000       16.628        4.838     0.635252       10.896   6.39     0.627871        0.000     0.000000     0.000000     0.000000   0   0 
  1 300   0.669943       26.033        5.220     0.621800       18.741  10.99     0.612062        0.000     0.077427     0.240000     0.240000   0   0 
  2 300   0.659599       42.728       24.615     0.678270       23.472  13.77     0.665242        0.000     0.187351     0.546667     0.306667   0   0 
  3 300   0.661841       54.293       34.358     0.690208       29.268  17.17     0.685591        0.000     0.166667     0.853333     0.306667   0   0 
  4 300   0.625184       83.475       50.040     0.649959       39.521  23.19     0.676262        0.000     0.276591     1.213333     0.360000   0   0 
  5 300   0.643378       98.730       62.933     0.645241       46.069  27.03     0.684623        0.000     0.077427     1.600000     0.386667   0   0 
  6 300   0.636030      103.613       61.988     0.651737       52.750  30.95     0.679367        0.000     0.166667     2.066667     0.466667   0   0 
  7 300   0.616268      144.383       90.338     0.648706       69.459  40.75     0.683092        0.000     0.255907     2.493333     0.426667   0   0 
  8 300   0.661312      143.933      102.240     0.651852       76.352  44.79     0.684727        0.000     0.077427     3.026667     0.533333   0   0 
  9 300   0.643520      143.078      109.373     0.663316       79.243  46.49     0.691031        0.000     0.109925     3.440000     0.413333   0   0 
 10 300   0.590974      143.415      121.253     0.672550       81.770  47.97     0.693573        0.000     0.500000     3.880000     0.440000   0   0 
 11 300   0.564700      143.190      125.190     0.676049       81.876  48.04     0.693664        0.000     0.145982     4.306667     0.426667   0   0 
 12 300   0.556461      146.340      126.945     0.672706       88.518  51.93     0.683204        0.000     0.166667     4.693333     0.386667   0   0 
 13 300   0.624550      156.128      116.303     0.685376       98.290  57.67     0.685959        5.326     0.240330     4.800000     0.106667   0   0 
 14 300   0.463930      156.083      117.180     0.685873       98.757  57.94     0.685613        5.326     0.162904     4.853333     0.053333   1   0 
 15 300   0.762180      155.790      118.868     0.689218       98.757  57.94     0.685613        0.000     0.187351     5.453333     0.600000   0   0 
 16 300   0.297986      155.790      118.868     0.689359       99.317  58.27     0.685460        6.601     0.656512     5.480000     0.026667   0   0 
 17 300   0.579105      156.870      119.025     0.701883      102.065  59.88     0.691887        0.801     0.176806     5.533333     0.053333   0   0 
 18 300   0.546085      156.825      118.890     0.702606      102.065  59.88     0.691887        5.878     0.166652     5.573333     0.040000   1   0 
 19 300   0.363663      156.758      119.003     0.706347      103.976  61.00     0.691764        6.390     0.598342     5.613333     0.040000   0   0 
 20 300   0.485191      164.745      122.130     0.700819      110.448  64.80     0.685735        0.714     0.174897     5.666667     0.053333   0   0 
 21 300   0.444624      164.745      122.153     0.700832      110.448  64.80     0.685735        6.132     0.146853     5.733333     0.066667   1   0 
 22 300   0.757205      164.768      122.040     0.701155      110.448  64.80     0.685735        0.000     0.187351     6.386667     0.653333   0   0 
 23 300   0.708230      164.588      122.153     0.701669      110.448  64.80     0.685735        0.000     0.145982     7.066667     0.680000   0   0 
 24 300   0.466149      166.455      119.273     0.704841      112.576  66.05     0.686015        5.148     0.304505     7.133333     0.066667   0   0 
 25 300   0.532889      167.805      121.163     0.704905      112.576  66.05     0.686015        5.148     0.158523     7.213333     0.080000   1   0 
 26 300   0.379145      167.715      121.163     0.709964      113.742  66.73     0.688782        3.504     0.424557     7.226667     0.013333   0   0 
 27 300   0.452890      168.188      120.893     0.710880      116.218  68.18     0.687030        3.504     0.147965     7.266667     0.040000   1   0 
 28 300   0.741622      168.233      121.680     0.711152      116.218  68.18     0.687030        0.000     0.255907     7.933333     0.666667   0   0 
 29 300   0.732881      168.188      123.795     0.711272      116.250  68.20     0.687068        0.000     0.333333     8.573333     0.640000   0   0 
 30 300   0.422653      168.075      123.458     0.713901      117.635  69.02     0.686984        5.189     0.305986     8.613333     0.040000   0   0 
 31 300   0.600375      168.345      124.335     0.714557      117.811  69.12     0.686941        0.645     0.433946     8.653333     0.040000   0   0 
 32 300   0.675446      168.503      125.483     0.714614      117.811  69.12     0.686941        4.875     0.150691     8.693333     0.040000   1   0 
 33 300   0.711441      168.188      125.708     0.714870      117.811  69.12     0.686941        0.000     0.145982     9.266667     0.573333   0   0 
 34 300   0.638474      168.008      125.685     0.715689      117.811  69.12     0.686941        0.000     0.500000     9.720000     0.453333   0   0 
 35 300   0.405275      171.698      133.898     0.721568      122.145  71.66     0.687048        5.889     0.482738     9.746667     0.026667   0   0 
 36 300   0.590277      174.488      127.643     0.725375      125.556  73.66     0.689938        0.774     0.317456     9.866667     0.120000   0   0 
 37 300   0.701608      177.750      124.515     0.725405      125.556  73.66     0.689938        6.269     0.154212     9.986667     0.120000   1   0 
 38 300   0.406089      176.918      121.995     0.732483      126.420  74.17     0.697412        3.365     0.317776    10.026667     0.040000   0   0 
 39 300   0.672969      180.270      114.413     0.734695      132.307  77.62     0.695711        2.797     0.006511    10.120000     0.093333   0   0 
 40 300   0.446852      180.135      114.413     0.734869      132.307  77.62     0.695711        5.762     0.157620    10.186667     0.066667   1   0 
 41 300   0.437010      180.473      111.375     0.736729      132.797  77.91     0.695201        6.175     0.561795    10.306667     0.120000   0   0 
 42 300   0.612915      180.270      111.263     0.736796      132.797  77.91     0.695201        6.175     0.139221    10.426667     0.120000   1   0 
 43 300   0.712057      180.428      111.240     0.737554      132.797  77.91     0.695201        0.000     0.145982    10.973333     0.546667   0   0 
 44 300   0.256284      181.193      108.923     0.742542      135.859  79.71     0.697353        5.305     0.840945    11.000000     0.026667   0   0 
 45 300   0.438584      180.563      108.923     0.743413      135.859  79.71     0.697353        5.305     0.153594    11.106667     0.106667   1   0 
 46 300   0.518306      187.830      108.518     0.744916      136.319  79.98     0.697669        6.023     0.466571    11.160000     0.053333   0   0 
 47 300   0.689946      187.875      108.428     0.745045      136.319  79.98     0.697669        6.023     0.133237    11.240000     0.080000   1   0 
 48 300   0.693787      187.785      108.383     0.746233      136.319  79.98     0.697669        0.000     0.145982    11.826667     0.586667   0   0 
 49 300   0.373060      187.740      107.865     0.750515      137.687  80.78     0.700592        4.902     0.407679    11.853333     0.026667   0   0 
 50 300   0.450195      187.740      107.865     0.750717      137.687  80.78     0.700592        4.902     0.131088    11.906667     0.053333   1   0 
 51 300   0.362443      187.898      107.708     0.751683      138.259  81.12     0.702291        4.721     0.461186    11.973333     0.066667   0   0 
 52 300   0.450379      187.898      107.708     0.751706      138.259  81.12     0.702291        4.721     0.127853    12.000000     0.026667   1   0 
 53 300   0.548875      188.550      108.630     0.752665      138.388  81.19     0.703492        3.048     0.422237    12.026667     0.026667   0   0 
 54 300   0.650916      188.550      108.630     0.752749      138.388  81.19     0.703492        3.048     0.166330    12.160000     0.133333   1   0 
 55 300   0.343405      188.640      108.428     0.754080      139.667  81.94     0.704725        5.246     0.480463    12.226667     0.066667   0   0 
 56 300   0.551615      188.415      108.090     0.756798      141.411  82.96     0.703942        2.163     0.111789    12.293333     0.066667   0   0 
 57 300   0.557261      188.168      108.090     0.756770      143.261  84.05     0.702616        5.384     0.148994    12.360000     0.066667   1   0 
 58 300   0.382099      188.078      108.090     0.757071      143.441  84.16     0.702838        4.824     0.330418    12.413333     0.053333   0   0 
 59 300   0.571718      188.280      107.663     0.758834      144.398  84.72     0.704755        0.765     0.263965    12.493333     0.080000   0   0 
 60 300   0.603015      187.898      107.663     0.758773      144.398  84.72     0.704755        4.758     0.162939    12.560000     0.066667   1   0 
 61 300   0.449207      187.605      107.685     0.760389      144.474  84.76     0.706713        2.800     0.442189    12.626667     0.066667   0   0 
 62 300   0.532006      187.650      107.685     0.760505      144.474  84.76     0.706713        0.000     0.000000    12.653333     0.026667   0   1 
 63 300   0.118030      187.605      107.685     0.760953      144.549  84.81     0.707246        7.526     0.002659    12.746667     0.093333   1   1 
 64 300   0.396968      188.325      108.045     0.761025      144.585  84.83     0.707240        1.246     0.345059    12.853333     0.106667   0   1 
 65 300   0.435107      188.325      108.045     0.761042      144.585  84.83     0.707240        4.533     0.130529    12.986667     0.133333   1   1 
 66 300   0.000463      188.280      107.865     0.763429      145.001  85.07     0.710016        3.154     0.607545    13.000000     0.013333   0   1 
 67 300   0.000526      188.258      107.843     0.763497      145.346  85.27     0.710110        3.154     0.164287    13.026667     0.026667   1   1 
 68 300   0.095930      191.183      105.210     0.768622      147.164  86.34     0.715401        5.471     0.426619    13.160000     0.133333   0   1 
 69 300   0.106335      191.273      105.210     0.768762      147.164  86.34     0.715401        5.471     0.150028    13.253333     0.093333   1   1 
 70 300   0.075954      191.160      104.513     0.771031      147.950  86.80     0.715788        5.459     0.237786    13.360000     0.106667   0   1 
 71 300   0.088933      191.115      104.490     0.771109      147.950  86.80     0.715788        5.459     0.160359    13.453333     0.093333   1   1 
 72 300   0.103667      191.723      105.548     0.772304      148.609  87.19     0.716850        4.268     0.743566    13.533333     0.080000   0   1 
 73 300   0.165571      191.408      105.548     0.772470      148.609  87.19     0.716850        4.268     0.166140    13.626667     0.093333   1   1 
 74 300   0.545648      191.408      105.548     0.773197      148.609  87.19     0.716850        0.000     0.255907    14.306667     0.680000   0   1 
 75 300   0.130327      190.575      105.390     0.776104      148.966  87.40     0.720386        3.532     0.276253    14.386667     0.080000   0   1 
 76 300   0.146462      190.440      105.390     0.776273      148.966  87.40     0.720386        3.532     0.130271    14.480000     0.093333   1   1 
 77 300   0.060772      190.215      105.300     0.778633      149.022  87.43     0.722105        3.259     0.445133    14.560000     0.080000   0   1 
 78 300   0.385416      191.723      106.133     0.779126      149.165  87.51     0.723114        3.426     0.352313    14.706667     0.146667   0   1 
 79 300   0.445601      191.858      105.930     0.780503      149.718  87.84     0.723828        1.553     0.012724    14.840000     0.133333   0   1 
 80 300   0.437214      191.768      105.795     0.781580      149.720  87.84     0.724921        3.221     0.031703    14.986667     0.146667   1   1 
 81 300   0.458462      191.768      105.795     0.781751      149.825  87.90     0.725422        3.138     0.026445    15.106667     0.120000   0   1 
 82 300   0.490952      191.498      105.795     0.781810      149.825  87.90     0.725422        3.138     0.026445    15.186667     0.080000   1   1 
 83 300   0.299508      191.588      105.885     0.781820      149.825  87.90     0.725422        3.259     0.132484    15.240000     0.053333   1   1 
 84 300   0.039508      191.723      105.840     0.782906      150.201  88.12     0.729263        5.641     0.640999    15.280000     0.040000   0   1 
 85 300   0.057490      191.678      105.795     0.782944      150.201  88.12     0.729263        5.641     0.161684    15.373333     0.093333   1   1 
 86 300   0.000000      191.678      105.795     0.783153      150.221  88.13     0.729405        5.085     0.767517    15.413333     0.040000   0   1 
 87 300   0.169078      191.565      105.165     0.783750      150.312  88.19     0.730425        0.113     0.361600    15.533333     0.120000   0   1 
 88 300   0.181949      191.700      104.918     0.783886      150.312  88.19     0.730425        5.194     0.129325    15.746667     0.213333   1   1 
 89 300   0.000000      191.610      104.918     0.784156      150.423  88.25     0.730852        3.207     0.655298    15.773333     0.026667   0   1 
 90 300   0.003727      191.318      104.873     0.788248      152.708  89.59     0.729074        2.874     0.333160    15.853333     0.080000   0   1 
 91 300   0.000667      191.408      104.873     0.790564      152.802  89.65     0.732211        2.987     0.164490    15.946667     0.093333   0   1 
 92 300   0.000724      191.453      104.648     0.790724      153.140  89.85     0.731865        7.977     0.012376    15.986667     0.040000   1   1 
 93 300   0.100517      191.453      104.648     0.790859      153.140  89.85     0.731865        5.384     0.148994    16.066667     0.080000   1   1 
 94 300   0.539934      191.453      104.648     0.791929      153.140  89.85     0.731865        0.000     0.276591    16.586667     0.520000   0   1 
 95 300   0.420098      192.105      104.805     0.794835      153.140  89.85     0.734524        2.819     0.151920    16.666667     0.080000   0   1 
 96 300   0.452591      192.240      104.715     0.794885      153.169  89.86     0.734619        7.533     0.024067    16.746667     0.080000   1   1 
 97 300   0.440230      193.860      105.480     0.795300      153.211  89.89     0.735542        2.620     0.352573    16.813333     0.066667   0   1 
 98 300   0.498706      193.860      105.480     0.795314      153.211  89.89     0.735542        5.403     0.147092    16.920000     0.106667   1   1 
 99 300   0.057069      193.860      105.480     0.795854      153.316  89.95     0.738233        5.325     0.312130    16.960000     0.040000   0   1 
100 300   0.230041      194.130      104.310     0.796685      153.712  90.18     0.739409        0.934     0.508811    17.066667     0.106667   0   1 
