#scene........................: /home/eldamian/nbvEverardo/models/studying_room.wrl
#triangles....................: 107322
#Total triangles' area........: 170.448196 (m2)
#sensor aperture..............: 135.000000 x 70.000000 (deg)
#range image size.............: 350 x 80
#sensor blind distances.......: 0.500000 .. 30.000000 (m)
#sensor blind angle...........: 80.000000
#sensor Gaussian noise std dev: 0.012000 (m)
#views number.................: 100 
#optimization method..........: Simulated Annealing
#view iterations fitness vxl_occupied(m2) occplane(m2) vxl_quality tri_imaged(m2) tri_imaged(%) tri_quality travelled(m) energy total_time single_time backstep change
  0   0  -0.000000       16.628        4.838     0.635252       10.896   6.39     0.627871        0.000     0.000000     0.000000     0.000000   0   0 
  1 300   0.721441       39.825        9.203     0.642097       25.256  14.82     0.636818        0.000     0.187351     0.240000     0.240000   0   0 
  2 300   0.738617       70.853       19.553     0.631117       36.458  21.39     0.647762        0.000     0.166667     0.586667     0.346667   0   0 
  3 300   0.709350       74.385       40.590     0.641992       39.860  23.39     0.663400        0.000     0.130609     0.960000     0.373333   0   0 
  4 300   0.689216       78.593       50.805     0.651052       43.485  25.51     0.670076        0.000     0.166667     1.280000     0.320000   0   0 
  5 300   0.666909       89.820       51.233     0.640639       51.068  29.96     0.656857        0.000     0.276591     1.706667     0.426667   0   0 
  6 300   0.476749       90.023       50.670     0.642153       52.351  30.71     0.655580        5.507     0.588376     1.786667     0.080000   0   0 
  7 300   0.715128      105.683       54.810     0.635608       59.903  35.14     0.653432        5.507     0.165802     1.800000     0.013333   1   0 
  8 300   0.577891      105.818       54.608     0.642925       61.087  35.84     0.657808        5.485     0.325210     1.826667     0.026667   0   0 
  9 300   0.704486      110.138       58.163     0.636428       64.135  37.63     0.649064        5.485     0.158543     1.866667     0.040000   1   0 
 10 300   0.587007      110.453       57.218     0.642319       65.269  38.29     0.652756        5.240     0.151039     1.880000     0.013333   0   0 
 11 300   0.651962      110.835       57.195     0.642567       65.269  38.29     0.652756        5.240     0.151039     1.893333     0.013333   1   0 
 12 300   0.692531      110.498       76.545     0.646492       65.269  38.29     0.652756        0.000     0.276591     2.386667     0.493333   0   0 
 13 300   0.686075      110.250       78.165     0.646964       65.269  38.29     0.652756        0.000     0.166667     2.866667     0.480000   0   0 
 14 300   0.640533      110.025       78.368     0.646423       65.269  38.29     0.652756        0.000     0.109925     3.360000     0.493333   0   0 
 15 300   0.417894      120.803      109.980     0.648908       70.966  41.63     0.655075        5.511     0.502681     3.400000     0.040000   0   0 
 16 300   0.564765      140.558       86.828     0.671651       80.602  47.29     0.664961        5.511     0.148663     3.440000     0.040000   1   0 
 17 300   0.532641      142.515       85.523     0.679125       84.354  49.49     0.663657        4.605     0.328735     3.453333     0.013333   0   0 
 18 300   0.647858      142.605       85.523     0.679054       84.354  49.49     0.663657        4.605     0.162068     3.506667     0.053333   1   0 
 19 300   0.706908      142.628       85.703     0.680791       84.354  49.49     0.663657        0.000     0.297276     4.066667     0.560000   0   0 
 20 300   0.743593      148.163      107.010     0.685433       89.571  52.55     0.676730        0.000     0.166667     4.600000     0.533333   0   0 
 21 300   0.489325      151.223      104.355     0.694200       93.822  55.04     0.683720        5.280     0.406848     4.613333     0.013333   0   0 
 22 300   0.639001      151.133      103.950     0.697871       94.325  55.34     0.686890        0.524     0.140889     4.680000     0.066667   0   0 
 23 300   0.654170      151.133      103.950     0.698128       94.325  55.34     0.686890        4.970     0.161220     4.746667     0.066667   1   0 
 24 300   0.494097      151.335      103.703     0.698992       94.664  55.54     0.687554        4.883     0.449576     4.773333     0.026667   0   0 
 25 300   0.680638      152.393      102.375     0.700523       95.601  56.09     0.688557        0.196     0.159408     4.853333     0.080000   0   0 
 26 300   0.672519      152.258      102.375     0.700676       95.601  56.09     0.688557        5.062     0.138874     4.880000     0.026667   1   0 
 27 300   0.772852      159.345      128.183     0.702114      100.068  58.71     0.693924        0.000     0.276591     5.466667     0.586667   0   0 
 28 300   0.709247      158.603      137.925     0.706540      100.068  58.71     0.693924        0.000     0.500000     6.053333     0.586667   0   0 
 29 300   0.546500      158.940      138.308     0.711882      101.496  59.55     0.696560        5.366     0.163492     6.106667     0.053333   0   0 
 30 300   0.650742      158.693      137.520     0.712364      101.496  59.55     0.696560        5.366     0.163492     6.133333     0.026667   1   0 
 31 300   0.774592      158.265      137.408     0.712981      101.496  59.55     0.696560        0.000     0.000000     6.733333     0.600000   0   0 
 32 300   0.534325      158.085      137.408     0.718410      102.146  59.93     0.700518        3.586     0.497375     6.760000     0.026667   0   0 
 33 300   0.671254      157.725      137.408     0.718424      102.233  59.98     0.700450        3.586     0.143357     6.786667     0.026667   1   0 
 34 300   0.731763      157.545      140.243     0.718666      102.233  59.98     0.700450        0.000     0.354018     7.386667     0.600000   0   0 
 35 300   0.712073      157.590      140.243     0.718801      102.233  59.98     0.700450        0.000     0.166667     7.880000     0.493333   0   0 
 36 300   0.716490      157.343      141.570     0.719847      102.233  59.98     0.700450        0.000     0.333333     8.480000     0.600000   0   0 
 37 300   0.683172      157.163      141.570     0.719930      102.233  59.98     0.700450        0.000     0.166667     9.106667     0.626667   0   0 
 38 300   0.648281      157.163      141.593     0.721411      102.644  60.22     0.700767        0.000     0.145982     9.626667     0.520000   0   0 
 39 300   0.469454      157.095      141.435     0.723259      103.213  60.55     0.701150        4.980     0.421519     9.653333     0.026667   0   0 
 40 300   0.606641      157.005      141.435     0.723285      103.213  60.55     0.701150        4.980     0.165612     9.706667     0.053333   1   0 
 41 300   0.725518      156.555      141.390     0.723689      103.213  60.55     0.701150        0.000     0.276591    10.346667     0.640000   0   0 
 42 300   0.684692      156.690      141.345     0.723956      103.213  60.55     0.701150        0.000     0.166667    10.880000     0.533333   0   0 
 43 300   0.731996      156.690      142.335     0.724164      103.213  60.55     0.701150        0.000     0.333333    11.493333     0.613333   0   0 
 44 300   0.713793      156.645      142.313     0.724172      103.213  60.55     0.701150        0.000     0.166667    12.146667     0.653333   0   0 
 45 300   0.663915      157.883      138.083     0.719324      108.855  63.86     0.699814        0.000     0.276591    12.733333     0.586667   0   0 
 46 300   0.498247      157.118      136.868     0.728904      114.269  67.04     0.700129        5.610     0.243095    12.773333     0.040000   0   0 
 47 300   0.601322      155.768      132.660     0.728887      118.034  69.25     0.697158        5.610     0.165668    12.813333     0.040000   1   0 
 48 300   0.447636      155.858      132.390     0.728835      118.295  69.40     0.696742        4.921     0.594115    12.880000     0.066667   0   0 
 49 300   0.636239      155.678      132.390     0.728889      118.295  69.40     0.696742        4.921     0.150857    12.960000     0.080000   1   0 
 50 300   0.721594      155.363      132.390     0.729106      118.295  69.40     0.696742        0.000     0.297276    13.520000     0.560000   0   0 
 51 300   0.685744      155.408      132.390     0.729202      118.295  69.40     0.696742        0.000     0.166667    13.933333     0.413333   0   0 
 52 300   0.438217      155.115      125.528     0.732689      118.688  69.63     0.701431        3.024     0.494996    13.986667     0.053333   0   0 
 53 300   0.540960      155.115      125.528     0.732764      118.688  69.63     0.701431        3.024     0.161663    14.093333     0.106667   1   0 
 54 300   0.768249      155.138      125.505     0.732952      118.688  69.63     0.701431        0.000     0.000000    14.493333     0.400000   0   0 
 55 300   0.500098      155.138      125.505     0.733720      119.133  69.89     0.701605        6.514     0.272727    14.506667     0.013333   0   0 
 56 300   0.677307      154.418      125.280     0.734326      119.133  69.89     0.701605        6.514     0.162803    14.533333     0.026667   1   0 
 57 300   0.764151      154.418      125.280     0.735145      119.133  69.89     0.701605        0.000     0.109925    15.040000     0.506667   0   0 
 58 300   0.712981      154.418      125.280     0.735560      119.133  69.89     0.701605        0.000     0.166667    15.653333     0.613333   0   0 
 59 300   0.713771      154.508      125.235     0.735729      119.133  69.89     0.701605        0.000     0.333333    16.120000     0.466667   0   0 
 60 300   0.685805      154.598      125.190     0.735706      119.133  69.89     0.701605        0.000     0.166667    16.786667     0.666667   0   0 
 61 300   0.649615      154.710      125.258     0.735658      119.133  69.89     0.701605        0.000     0.145982    17.386667     0.600000   0   0 
 62 300   0.619345      154.620      125.258     0.735714      119.133  69.89     0.701605        0.000     0.255907    17.973333     0.586667   0   0 
 63 300   0.500062      154.620      125.190     0.736060      119.790  70.28     0.700703        6.470     0.440796    17.986667     0.013333   0   0 
 64 300   0.680752      154.620      125.190     0.736490      119.994  70.40     0.701622        0.460     0.123395    18.040000     0.053333   0   0 
 65 300   0.716743      154.125      124.988     0.736686      121.700  71.40     0.699107        6.330     0.150734    18.066667     0.026667   1   0 
 66 300   0.460569      154.170      124.988     0.737108      121.851  71.49     0.699979        5.403     0.408842    18.080000     0.013333   0   0 
 67 300   0.587814      154.125      124.988     0.737088      121.851  71.49     0.699979        5.403     0.164748    18.093333     0.013333   1   0 
 68 300   0.723818      154.125      124.988     0.737153      121.851  71.49     0.699979        0.000     0.354018    18.560000     0.466667   0   0 
 69 300   0.712361      154.035      124.988     0.737187      121.851  71.49     0.699979        0.000     0.166667    19.186667     0.626667   0   0 
 70 300   0.716129      154.035      124.988     0.737398      121.851  71.49     0.699979        0.000     0.333333    19.786667     0.600000   0   0 
 71 300   0.686106      153.990      124.988     0.737377      121.851  71.49     0.699979        0.000     0.166667    20.173333     0.386667   0   0 
 72 300   0.649805      154.013      124.965     0.737483      121.851  71.49     0.699979        0.000     0.145982    20.706667     0.533333   0   0 
 73 300   0.619137      154.013      124.965     0.737500      121.851  71.49     0.699979        0.000     0.255907    21.346667     0.640000   0   0 
 74 300   0.329873      154.058      122.108     0.739406      122.285  71.74     0.705163        2.806     0.666328    21.386667     0.040000   0   0 
 75 300   0.563950      155.138      122.468     0.739758      122.407  71.82     0.705709        0.975     0.171778    21.466667     0.080000   0   0 
 76 300   0.597720      154.890      122.445     0.739688      122.407  71.82     0.705709        3.365     0.161217    21.533333     0.066667   1   0 
 77 300   0.763203      154.890      122.445     0.739821      122.407  71.82     0.705709        0.000     0.109925    22.160000     0.626667   0   0 
 78 300   0.458177      156.038      123.953     0.742045      123.493  72.45     0.705391        4.993     0.489276    22.186667     0.026667   0   0 
 79 300   0.599416      156.983      125.213     0.742071      123.493  72.45     0.705391        4.993     0.155943    22.213333     0.026667   1   0 
 80 300   0.448993      157.478      122.063     0.744578      124.118  72.82     0.709068        2.662     0.604600    22.240000     0.026667   0   0 
 81 300   0.581553      157.410      121.860     0.744781      124.118  72.82     0.709068        0.000     0.000000    22.266667     0.026667   0   1 
 82 300   0.531497      161.213      119.003     0.748426      125.225  73.47     0.710972        3.626     0.109981    22.386667     0.120000   0   1 
 83 300   0.551680      161.528      118.373     0.748749      125.494  73.63     0.712905        3.626     0.000057    22.453333     0.066667   1   1 
 84 300   0.556504      161.843      118.013     0.751710      126.097  73.98     0.716573        7.652     0.005399    22.560000     0.106667   1   1 
 85 300   0.499443      161.843      118.013     0.751737      126.104  73.98     0.716784        0.269     0.190908    22.600000     0.040000   0   1 
 86 300   0.519249      161.843      118.013     0.751763      126.104  73.98     0.716784        4.791     0.131702    22.680000     0.080000   1   1 
 87 300   0.393506      163.800      120.218     0.752843      129.107  75.75     0.714395        6.113     0.415326    22.693333     0.013333   0   1 
 88 300   0.523230      163.800      120.218     0.753004      129.107  75.75     0.714395        6.113     0.138735    22.773333     0.080000   1   1 
 89 300   0.454803      163.800      120.218     0.753011      129.107  75.75     0.714409        5.570     0.308525    22.786667     0.013333   0   1 
 90 300   0.579636      163.733      120.218     0.753083      129.107  75.75     0.714409        5.570     0.141858    22.973333     0.186667   1   1 
 91 300   0.701919      163.733      120.218     0.753377      129.107  75.75     0.714409        0.000     0.187351    23.560000     0.586667   0   1 
 92 300   0.621620      163.733      120.218     0.753969      129.115  75.75     0.714462        0.000     0.145982    24.040000     0.480000   0   1 
 93 300   0.609031      163.710      120.195     0.754469      129.115  75.75     0.714462        0.000     0.479316    24.640000     0.600000   0   1 
 94 300   0.328495      163.665      120.195     0.754803      129.293  75.85     0.714789        5.179     0.620754    24.653333     0.013333   0   1 
 95 300   0.537873      163.665      120.195     0.754777      129.293  75.85     0.714789        5.179     0.156812    24.746667     0.093333   1   1 
 96 300   0.372661      167.963      120.600     0.759663      129.414  75.93     0.716540        5.763     0.605312    24.826667     0.080000   0   1 
 97 300   0.580165      167.963      120.600     0.759747      129.414  75.93     0.716540        5.763     0.162055    24.893333     0.066667   1   1 
 98 300   0.683041      167.918      120.510     0.759946      129.414  75.93     0.716540        0.000     0.145982    25.533333     0.640000   0   1 
 99 300   0.458687      168.593      117.338     0.761913      129.547  76.00     0.717623        5.014     0.284429    25.586667     0.053333   0   1 
100 300   0.540240      168.593      117.338     0.761987      129.547  76.00     0.717623        5.014     0.138446    25.706667     0.120000   1   1 
