#scene........................: /home/eldamian/nbvEverardo/models/studying_room.wrl
#triangles....................: 107322
#Total triangles' area........: 170.448196 (m2)
#sensor aperture..............: 135.000000 x 70.000000 (deg)
#range image size.............: 350 x 80
#sensor blind distances.......: 0.500000 .. 30.000000 (m)
#sensor blind angle...........: 80.000000
#sensor Gaussian noise std dev: 0.012000 (m)
#views number.................: 100 
#optimization method..........: Evolution Strategy
#view iterations fitness vxl_occupied(m2) occplane(m2) vxl_quality tri_imaged(m2) tri_imaged(%) tri_quality travelled(m) energy total_time single_time backstep change
  0   0  -0.000000       16.628        4.838     0.635252       10.896   6.39     0.627871        0.000     0.000000     0.000000     0.000000   0   0 
  1 308   0.631307       26.033        5.220     0.621800       18.741  10.99     0.612062        0.000     0.077427     0.240000     0.240000   0   0 
  2 308   0.619053       42.728       24.615     0.678270       23.472  13.77     0.665242        0.000     0.187351     0.546667     0.306667   0   0 
  3 308   0.614478       54.293       34.358     0.690208       29.268  17.17     0.685591        0.000     0.166667     0.893333     0.346667   0   0 
  4 308   0.590765       83.475       50.040     0.649959       39.521  23.19     0.676262        0.000     0.276591     1.266667     0.373333   0   0 
  5 308   0.570389       94.568       54.518     0.638769       47.015  27.58     0.662877        0.000     0.276591     1.640000     0.373333   0   0 
  6 308   0.601968      105.818       54.945     0.631303       54.684  32.08     0.652026        0.000     0.145982     2.066667     0.426667   0   0 
  7 308   0.530314      111.353       58.568     0.625925       59.180  34.72     0.642518        0.000     0.333333     2.560000     0.493333   0   0 
  8 308   0.492760      112.793       84.758     0.630093       59.643  34.99     0.643923        0.000     0.255907     3.066667     0.506667   0   0 
  9 308   0.525823      124.695      109.553     0.650000       67.088  39.36     0.672802        0.000     0.145982     3.533333     0.466667   0   0 
 10 308   0.573275      134.010      143.033     0.661643       72.948  42.80     0.686140        0.000     0.500000     3.986667     0.453333   0   0 
 11 308   0.622917      149.783      144.405     0.658014       81.061  47.56     0.687706        0.000     0.609924     4.493333     0.506667   0   0 
 12 308   0.496866      149.378      145.620     0.667424       81.279  47.69     0.687924        0.000     0.589240     5.053333     0.560000   0   0 
 13 308   0.491932      149.580      145.598     0.667481       81.279  47.69     0.687924        0.000     0.255907     5.626667     0.573333   0   0 
 14 308   0.474166      148.208      145.463     0.665482       84.330  49.48     0.683736        0.000     0.187351     6.120000     0.493333   0   0 
 15 308   0.462373      147.533      148.725     0.665351       87.964  51.61     0.678992        0.000     0.276591     6.706667     0.586667   0   0 
 16 308   0.463184      146.813      148.253     0.669164       89.893  52.74     0.678712        0.000     0.077427     7.306667     0.600000   0   0 
 17 308   0.433558      146.543      145.688     0.670427       93.300  54.74     0.673935        0.000     0.109925     7.706667     0.400000   0   0 
 18 308   0.584517      148.095      144.720     0.676368       95.779  56.19     0.675268        5.015     0.281441     7.746667     0.040000   0   0 
 19 308   0.519102      148.118      144.653     0.676736       95.796  56.20     0.675855        0.127     0.020589     7.826667     0.080000   0   0 
 20 308   0.522566      148.118      144.653     0.676742       95.796  56.20     0.675855        4.903     0.156047     7.893333     0.066667   1   0 
 21 308   0.677156      147.870      145.103     0.677462       95.796  56.20     0.675855        0.000     0.276591     8.426667     0.533333   0   0 
 22 308   0.390593      148.118      145.170     0.677945       95.811  56.21     0.676058        3.345     0.161138     8.440000     0.013333   0   0 
 23 308   0.489581      148.028      145.170     0.684634       96.361  56.53     0.681847        0.289     0.277102     8.480000     0.040000   0   0 
 24 308   0.524158      148.073      145.170     0.684733       96.361  56.53     0.681847        3.346     0.161649     8.506667     0.026667   1   0 
 25 308   0.675938      147.735      145.103     0.685284       96.361  56.53     0.681847        0.000     0.276591     9.093333     0.586667   0   0 
 26 308   0.614589      147.758      145.125     0.688702       96.361  56.53     0.681847        0.000     0.500000     9.706667     0.613333   0   0 
 27 308   0.627115      146.385      145.463     0.688263       96.361  56.53     0.681847        0.000     0.109925    10.293333     0.586667   0   0 
 28 308   0.597959      146.273      145.485     0.689121       96.361  56.53     0.681847        0.000     0.276591    10.866667     0.573333   0   0 
 29 308   0.591731      146.273      145.485     0.689285       96.361  56.53     0.681847        0.000     0.166667    11.333333     0.466667   0   0 
 30 308   0.447345      146.340      144.765     0.690042       97.385  57.13     0.680807        5.483     0.421667    11.373333     0.040000   0   0 
 31 308   0.528542      146.205      144.855     0.690549       97.385  57.13     0.680807        5.483     0.145075    11.426667     0.053333   1   0 
 32 308   0.657128      146.160      144.855     0.694225       97.385  57.13     0.680807        0.000     0.443258    11.986667     0.560000   0   0 
 33 308   0.615114      146.138      144.788     0.695317       97.385  57.13     0.680807        0.000     0.500000    12.546667     0.560000   0   0 
 34 308   0.492340      147.353      142.493     0.705513      101.455  59.52     0.684853        5.063     0.282475    12.640000     0.093333   0   0 
 35 308   0.454116      146.948      142.560     0.709510      102.828  60.33     0.689471        0.691     0.023403    12.773333     0.133333   0   0 
 36 308   0.475668      146.903      140.873     0.709608      105.843  62.10     0.686751        5.149     0.128464    12.800000     0.026667   1   0 
 37 308   0.468694      146.970      140.805     0.710221      106.120  62.26     0.687409        4.903     0.274534    12.880000     0.080000   0   0 
 38 308   0.520258      146.948      140.783     0.710107      106.120  62.26     0.687409        4.903     0.128552    12.960000     0.080000   1   0 
 39 308   0.640392      146.903      140.783     0.710401      106.120  62.26     0.687409        0.000     0.276591    13.373333     0.413333   0   0 
 40 308   0.650164      146.925      140.760     0.710423      106.120  62.26     0.687409        0.000     0.500000    13.920000     0.546667   0   0 
 41 308   0.592266      146.948      140.828     0.711856      106.120  62.26     0.687409        0.000     0.333333    14.440000     0.520000   0   0 
 42 308   0.616997      146.790      140.805     0.712290      106.120  62.26     0.687409        0.000     0.276591    14.973333     0.533333   0   0 
 43 308   0.523575      152.190      136.193     0.719647      108.705  63.78     0.688566        6.616     0.246453    15.026667     0.053333   0   0 
 44 308   0.579488      152.348      128.295     0.720851      109.597  64.30     0.689766        0.183     0.002551    15.186667     0.160000   0   0 
 45 308   0.593121      154.418      123.210     0.726198      111.915  65.66     0.699385        1.252     0.027293    15.266667     0.080000   0   0 
 46 308   0.565647      155.115      123.548     0.726514      111.915  65.66     0.699385        5.508     0.161270    15.306667     0.040000   1   0 
 47 308   0.649879      155.115      123.548     0.726578      111.915  65.66     0.699385        0.000     0.000000    15.933333     0.626667   0   0 
 48 308   0.488142      157.725      116.708     0.725792      114.554  67.21     0.699546        5.305     0.238918    16.253333     0.320000   0   0 
 49 308   0.537660      157.275      116.708     0.726178      114.554  67.21     0.699546        5.305     0.128994    16.360000     0.106667   1   0 
 50 308   0.648652      157.275      116.708     0.726989      114.554  67.21     0.699546        0.000     0.109925    16.933333     0.573333   0   0 
 51 308   0.619560      157.185      116.618     0.727821      114.554  67.21     0.699546        0.000     0.500000    17.506667     0.573333   0   0 
 52 308   0.587434      157.230      116.618     0.728084      114.554  67.21     0.699546        0.000     0.333333    18.013333     0.506667   0   0 
 53 308   0.588089      157.118      116.618     0.728142      114.554  67.21     0.699546        0.000     0.276591    18.680000     0.666667   0   0 
 54 308   0.496126      157.050      115.515     0.731552      115.031  67.49     0.706382        1.046     0.166220    18.720000     0.040000   0   0 
 55 308   0.504251      157.050      115.515     0.732045      115.031  67.49     0.706382        0.000     0.000000    18.773333     0.053333   0   1 
 56 308   0.316875      157.275      114.570     0.732195      115.031  67.49     0.706382        6.185     0.037226    18.813333     0.040000   1   1 
 57 308   0.296176      157.230      114.570     0.732315      115.031  67.49     0.706382        5.305     0.128994    18.933333     0.120000   1   1 
 58 308   0.582662      157.230      114.570     0.732666      115.031  67.49     0.706382        0.000     0.109925    19.426667     0.493333   0   1 
 59 308   0.527529      157.230      114.570     0.733342      115.031  67.49     0.706382        0.000     0.145982    20.053333     0.626667   0   1 
 60 308   0.512147      157.230      114.570     0.733623      115.031  67.49     0.706382        0.000     0.333333    20.560000     0.506667   0   1 
 61 308   0.207453      159.165      117.045     0.735291      116.316  68.24     0.707581        5.002     0.717033    20.733333     0.173333   0   1 
 62 308   0.280706      159.030      117.045     0.735361      116.316  68.24     0.707581        5.002     0.127793    20.893333     0.160000   1   1 
 63 308   0.583421      158.895      117.045     0.735778      116.316  68.24     0.707581        0.000     0.109925    21.573333     0.680000   0   1 
 64 308   0.310756      159.053      114.705     0.736210      116.651  68.44     0.709005        5.584     0.163292    21.786667     0.213333   0   1 
 65 308   0.345433      159.053      114.705     0.736319      116.651  68.44     0.709005        5.584     0.163292    21.986667     0.200000   1   1 
 66 308   0.581768      159.053      114.705     0.736378      116.651  68.44     0.709005        0.000     0.000000    22.586667     0.600000   0   1 
 67 308   0.528139      159.053      114.705     0.736732      116.651  68.44     0.709005        0.000     0.145982    23.120000     0.533333   0   1 
 68 308   0.337204      160.763      115.695     0.735918      118.081  69.28     0.707644        5.085     0.465317    23.200000     0.080000   0   1 
 69 308   0.442467      162.180      114.750     0.742955      119.163  69.91     0.714541        1.351     0.017968    23.373333     0.173333   0   1 
 70 308   0.453461      162.720      115.335     0.743022      119.163  69.91     0.714541        5.028     0.149951    23.666667     0.293333   1   1 
 71 308   0.545759      162.720      115.335     0.743184      119.163  69.91     0.714541        0.000     0.479316    24.226667     0.560000   0   1 
 72 308   0.266197      162.720      115.335     0.743310      119.559  70.14     0.714685        4.886     0.147381    24.480000     0.253333   0   1 
 73 308   0.331483      162.720      115.335     0.743865      119.881  70.33     0.715910        0.764     0.015691    24.640000     0.160000   0   1 
 74 308   0.336203      162.675      115.335     0.744038      119.881  70.33     0.715910        4.145     0.163073    24.786667     0.146667   1   1 
 75 308   0.343837      162.653      115.043     0.743963      120.608  70.76     0.713466        5.456     0.277902    24.866667     0.080000   0   1 
 76 308   0.301187      162.653      115.043     0.744180      120.608  70.76     0.713466        5.456     0.147293    24.906667     0.040000   1   1 
 77 308   0.178964      162.383      114.998     0.748972      121.278  71.15     0.717251        4.786     0.310866    24.946667     0.040000   0   1 
 78 308   0.267912      163.058      116.033     0.749002      121.330  71.18     0.717265        1.937     0.308430    25.226667     0.280000   0   1 
 79 308   0.294378      163.058      116.033     0.749085      121.330  71.18     0.717265        4.990     0.133045    25.413333     0.186667   1   1 
 80 308   0.583082      163.058      116.033     0.749094      121.330  71.18     0.717265        0.000     0.000000    26.026667     0.613333   0   1 
 81 308   0.529158      163.058      116.033     0.749172      121.330  71.18     0.717265        0.000     0.145982    26.600000     0.573333   0   1 
 82 308   0.260667      164.340      113.873     0.747658      122.633  71.95     0.715819        4.814     0.413253    27.013333     0.413333   0   1 
 83 308   0.298043      164.430      114.053     0.747870      122.633  71.95     0.715819        4.814     0.157347    27.333333     0.320000   1   1 
 84 308   0.581706      164.430      114.053     0.747924      122.633  71.95     0.715819        0.000     0.109925    28.013333     0.680000   0   1 
 85 308   0.409871      164.543      114.030     0.748202      122.965  72.14     0.716314        4.807     0.614486    28.253333     0.240000   0   1 
 86 308   0.484706      164.520      114.008     0.748268      122.965  72.14     0.716314        4.807     0.135170    28.453333     0.200000   1   1 
 87 308   0.547675      164.520      114.008     0.748280      122.965  72.14     0.716314        0.000     0.479316    29.013333     0.560000   0   1 
 88 308   0.529365      164.520      114.008     0.748379      122.965  72.14     0.716314        0.000     0.145982    29.586667     0.573333   0   1 
 89 308   0.409848      173.183      130.073     0.746298      129.471  75.96     0.711639        6.258     0.465321    29.706667     0.120000   0   1 
 90 308   0.409637      182.295      112.388     0.745255      137.893  80.90     0.713602        0.845     0.118758    29.786667     0.080000   0   1 
 91 308   0.269911      182.318      110.835     0.747023      139.309  81.73     0.712799        0.583     0.129775    29.946667     0.160000   0   1 
 92 308   0.313274      182.453      109.935     0.752449      139.334  81.75     0.715678        2.626     0.334457    30.106667     0.160000   0   1 
 93 308   0.346066      182.453      109.890     0.753220      139.531  81.86     0.716443        3.123     0.010791    30.146667     0.040000   1   1 
 94 308   0.400115      182.520      108.158     0.753231      139.531  81.86     0.716443        6.258     0.152672    30.373333     0.226667   1   1 
 95 308   0.571533      182.520      108.158     0.753657      139.531  81.86     0.716443        0.000     0.145982    30.986667     0.613333   0   1 
 96 308   0.518826      182.520      108.158     0.753666      139.531  81.86     0.716443        0.000     0.145982    31.600000     0.613333   0   1 
 97 308   0.507451      182.520      108.158     0.753689      139.531  81.86     0.716443        0.000     0.333333    32.253333     0.653333   0   1 
 98 308   0.199953      182.520      107.078     0.753691      139.550  81.87     0.716425        5.135     0.633847    32.400000     0.146667   0   1 
 99 308   0.311473      182.520      106.943     0.753654      139.606  81.91     0.716591        0.735     0.007432    32.506667     0.106667   0   1 
100 308   0.315907      182.520      106.943     0.753701      139.606  81.91     0.716591        4.460     0.161963    32.613333     0.106667   1   1 
