#scene........................: /home/eldamian/nbvEverardo/models/studying_room.wrl
#triangles....................: 107322
#Total triangles' area........: 170.448196 (m2)
#sensor aperture..............: 135.000000 x 70.000000 (deg)
#range image size.............: 350 x 80
#sensor blind distances.......: 0.500000 .. 30.000000 (m)
#sensor blind angle...........: 80.000000
#sensor Gaussian noise std dev: 0.012000 (m)
#views number.................: 100 
#optimization method..........: Simulated Annealing
#view iterations fitness vxl_occupied(m2) occplane(m2) vxl_quality tri_imaged(m2) tri_imaged(%) tri_quality travelled(m) energy total_time single_time backstep change
  0   0  -0.000000       16.628        4.838     0.635252       10.896   6.39     0.627871        0.000     0.000000     0.000000     0.000000   0   0 
  1 300   0.610205       26.033        5.220     0.621800       18.741  10.99     0.612062        0.000     0.077427     0.266667     0.266667   0   0 
  2 300   0.601905       42.728       24.615     0.678270       23.472  13.77     0.665242        0.000     0.187351     0.573333     0.306667   0   0 
  3 300   0.600261       54.293       34.358     0.690208       29.268  17.17     0.685591        0.000     0.166667     0.906667     0.333333   0   0 
  4 300   0.572385       83.475       50.040     0.649959       39.521  23.19     0.676262        0.000     0.276591     1.133333     0.226667   0   0 
  5 300   0.542325       93.195       53.595     0.646268       47.795  28.04     0.664010        0.000     0.166667     1.533333     0.400000   0   0 
  6 300   0.536462      102.578       54.023     0.635824       54.253  31.83     0.651512        0.000     0.333333     1.933333     0.400000   0   0 
  7 300   0.442756      103.995       57.623     0.653034       60.555  35.53     0.648171        4.969     0.641329     1.973333     0.040000   0   0 
  8 300   0.411158      103.973       57.510     0.654690       60.781  35.66     0.649703        0.123     0.083347     2.013333     0.040000   0   0 
  9 300   0.649657      120.285      117.225     0.647590       66.843  39.22     0.655199        0.346     0.257676     2.066667     0.053333   0   0 
 10 300   0.517855      143.528      111.713     0.674076       78.982  46.34     0.680239        5.183     0.148990     2.146667     0.080000   1   0 
 11 300   0.664342      142.245      112.770     0.681660       81.246  47.67     0.694849        0.000     0.109925     2.760000     0.613333   0   0 
 12 300   0.626962      140.783      112.298     0.683974       81.246  47.67     0.694849        0.000     0.109925     3.226667     0.466667   0   0 
 13 300   0.504015      144.720      125.235     0.701931       82.625  48.47     0.698048        3.224     0.755648     3.266667     0.040000   0   0 
 14 300   0.604070      144.900      126.270     0.702812       82.916  48.65     0.699283        3.224     0.166408     3.293333     0.026667   1   0 
 15 300   0.643220      144.293      127.665     0.703471       82.916  48.65     0.699283        0.000     0.479316     3.866667     0.573333   0   0 
 16 300   0.633699      142.965      128.093     0.704669       82.916  48.65     0.699283        0.000     0.109925     4.426667     0.560000   0   0 
 17 300   0.605819      142.853      129.645     0.705420       82.916  48.65     0.699283        0.000     0.276591     4.933333     0.506667   0   0 
 18 300   0.609859      143.280      134.303     0.708131       85.482  50.15     0.705240        0.000     0.333333     5.520000     0.586667   0   0 
 19 300   0.610597      143.055      135.180     0.709459       85.482  50.15     0.705240        0.000     0.145982     6.013333     0.493333   0   0 
 20 300   0.508477      144.360      134.235     0.709591       87.334  51.24     0.702752        5.014     0.149065     6.066667     0.053333   0   0 
 21 300   0.550287      145.373      135.293     0.709920       87.334  51.24     0.702752        5.014     0.149065     6.106667     0.040000   1   0 
 22 300   0.457761      151.808      143.573     0.711603       94.040  55.17     0.697780        5.077     0.317679     6.146667     0.040000   0   0 
 23 300   0.394733      159.345      134.888     0.704062      100.939  59.22     0.690625        5.077     0.151012     6.200000     0.053333   1   0 
 24 300   0.789919      159.210      135.473     0.709180      100.939  59.22     0.690625        0.000     0.109925     6.680000     0.480000   0   0 
 25 300   0.784929      159.165      136.485     0.710846      100.939  59.22     0.690625        0.000     0.500000     7.333333     0.653333   0   0 
 26 300   0.733313      158.423      136.215     0.712450      100.939  59.22     0.690625        0.000     0.109925     8.013333     0.680000   0   0 
 27 300   0.313243      160.808      132.795     0.717219      102.673  60.24     0.695324        3.335     0.331892     8.040000     0.026667   0   0 
 28 300   0.374750      160.808      132.053     0.718903      103.342  60.63     0.697878        0.384     0.169815     8.106667     0.066667   0   0 
 29 300   0.384726      159.008      131.040     0.716274      107.553  63.10     0.692823        3.143     0.162077     8.120000     0.013333   1   0 
 30 300   0.760002      158.985      131.018     0.718328      107.553  63.10     0.692823        0.000     0.187351     8.626667     0.506667   0   0 
 31 300   0.694305      158.760      131.018     0.718630      107.553  63.10     0.692823        0.000     0.109925     9.266667     0.640000   0   0 
 32 300   0.663305      158.940      131.108     0.719401      107.553  63.10     0.692823        0.000     0.609924     9.840000     0.573333   0   0 
 33 300   0.417124      158.963      131.018     0.720973      109.040  63.97     0.693454        6.132     0.251072     9.840000     0.000000   0   0 
 34 300   0.415530      158.805      131.085     0.721011      109.040  63.97     0.693454        6.132     0.141147     9.866667     0.026667   1   0 
 35 300   0.721212      158.783      131.108     0.721380      109.040  63.97     0.693454        0.000     0.520684    10.480000     0.613333   0   0 
 36 300   0.694044      158.738      131.063     0.721569      109.040  63.97     0.693454        0.000     0.109925    11.093333     0.613333   0   0 
 37 300   0.484322      168.030      132.975     0.725579      118.561  69.56     0.689062        6.077     0.493956    11.120000     0.026667   0   0 
 38 300   0.414808      168.008      132.795     0.726897      119.518  70.12     0.691747        0.325     0.371230    11.186667     0.066667   0   0 
 39 300   0.427906      167.985      132.728     0.727101      119.518  70.12     0.691747        5.923     0.157150    11.240000     0.053333   1   0 
 40 300   0.368377      167.940      132.728     0.730098      120.733  70.83     0.692053        2.796     0.327794    11.253333     0.013333   0   0 
 41 300   0.416770      170.415      133.403     0.727005      123.142  72.25     0.686974        3.461     0.172881    11.306667     0.053333   0   0 
 42 300   0.415951      170.393      133.403     0.729621      124.160  72.84     0.688430        0.099     0.188785    11.373333     0.066667   0   0 
 43 300   0.422545      170.663      133.088     0.731149      124.859  73.25     0.689954        3.392     0.007649    11.440000     0.066667   1   0 
 44 300   0.379478      170.663      133.088     0.731248      124.859  73.25     0.689954        0.000     0.000000    11.493333     0.053333   0   1 
 45 300   0.000000      170.663      133.088     0.731287      124.859  73.25     0.689954        3.392     0.007649    11.520000     0.026667   1   1 
 46 300   0.004177      170.708      130.320     0.731818      126.225  74.05     0.688824        0.108     0.336380    11.560000     0.040000   0   1 
 47 300   0.003592      170.640      130.703     0.738496      126.532  74.23     0.696450        3.368     0.004602    11.600000     0.040000   1   1 
 48 300   0.000422      170.798      130.523     0.739584      127.451  74.77     0.696868        3.344     0.003977    11.626667     0.026667   1   1 
 49 300   0.003713      170.663      130.365     0.739852      128.814  75.57     0.696163        5.923     0.157150    11.653333     0.026667   1   1 
 50 300   0.418312      170.663      131.085     0.739933      128.814  75.57     0.696163        0.000     0.443258    12.253333     0.600000   0   1 
 51 300   0.425418      170.685      131.558     0.739983      128.814  75.57     0.696163        0.000     0.145982    12.800000     0.546667   0   1 
 52 300   0.450397      170.663      131.783     0.740219      128.814  75.57     0.696163        0.000     0.500000    13.346667     0.546667   0   1 
 53 300   0.000307      170.708      131.828     0.741724      129.011  75.69     0.697265        4.399     0.332675    13.360000     0.013333   0   1 
 54 300   0.179614      171.495      128.745     0.748025      130.743  76.71     0.702495        1.620     0.182341    13.453333     0.093333   0   1 
 55 300   0.161863      171.315      128.700     0.748065      130.743  76.71     0.702495        5.371     0.150334    13.546667     0.093333   1   1 
 56 300   0.000000      171.113      128.565     0.753352      132.478  77.72     0.703296        5.646     0.606181    13.560000     0.013333   0   1 
 57 300   0.001583      171.248      128.475     0.757999      134.317  78.80     0.702659        1.137     0.356840    13.586667     0.026667   0   1 
 58 300   0.001716      171.293      128.475     0.757987      134.317  78.80     0.702659        5.520     0.139417    13.600000     0.013333   1   1 
 59 300   0.484867      171.293      128.475     0.758028      134.317  78.80     0.702659        0.000     0.255907    14.160000     0.560000   0   1 
 60 300   0.000000      171.383      128.430     0.760375      135.229  79.34     0.703489        5.185     0.496018    14.173333     0.013333   0   1 
 61 300   0.000000      171.383      128.430     0.760601      135.229  79.34     0.703489        5.185     0.162685    14.200000     0.026667   1   1 
 62 300   0.479994      171.383      128.430     0.760612      135.229  79.34     0.703489        0.000     0.333333    14.786667     0.586667   0   1 
 63 300   0.461815      171.383      128.430     0.760706      135.234  79.34     0.703513        0.000     0.333333    15.373333     0.586667   0   1 
 64 300   0.312212      171.383      128.430     0.760735      135.396  79.44     0.703282        5.078     0.466028    15.413333     0.040000   0   1 
 65 300   0.369621      171.810      128.498     0.761962      135.526  79.51     0.704910        1.115     0.010794    15.480000     0.066667   0   1 
 66 300   0.374976      171.765      128.498     0.761942      135.526  79.51     0.704910        5.286     0.143488    15.520000     0.040000   1   1 
 67 300   0.227714      171.743      128.250     0.762484      136.126  79.86     0.704667        5.538     0.757612    15.546667     0.026667   0   1 
 68 300   0.200565      171.585      128.228     0.762739      137.556  80.70     0.703568        5.538     0.147687    15.640000     0.093333   1   1 
 69 300   0.483462      171.585      128.228     0.763507      137.556  80.70     0.703568        0.000     0.130609    16.240000     0.600000   0   1 
 70 300   0.472461      171.608      128.205     0.763725      137.556  80.70     0.703568        0.000     0.145982    16.920000     0.680000   0   1 
 71 300   0.274257      179.280      123.593     0.768657      139.239  81.69     0.706844        5.702     0.615281    17.000000     0.080000   0   1 
 72 300   0.285683      179.460      123.593     0.768813      139.239  81.69     0.706844        5.702     0.135965    17.040000     0.040000   1   1 
 73 300   0.099067      179.820      122.265     0.770111      140.400  82.37     0.710051        2.591     0.771453    17.093333     0.053333   0   1 
 74 300   0.121264      179.573      121.905     0.772897      142.289  83.48     0.710381        3.570     0.020381    17.160000     0.066667   1   1 
 75 300   0.393144      184.050      117.878     0.775858      146.807  86.13     0.711776        0.191     0.270952    17.413333     0.253333   0   1 
 76 300   0.407346      184.320      116.483     0.775923      146.807  86.13     0.711776        5.970     0.156193    17.480000     0.066667   1   1 
 77 300   0.002799      184.365      116.438     0.776423      147.426  86.49     0.710797        6.078     0.557765    17.506667     0.026667   0   1 
 78 300   0.016254      185.243      110.678     0.777975      149.153  87.51     0.712202        0.201     0.191159    17.600000     0.093333   0   1 
 79 300   0.002352      185.198      110.678     0.778007      149.153  87.51     0.712202        6.266     0.159684    17.653333     0.053333   1   1 
 80 300   0.000000      185.243      110.543     0.780607      149.503  87.71     0.714722        5.335     0.420913    17.666667     0.013333   0   1 
 81 300   0.006030      185.243      110.115     0.780950      150.047  88.03     0.715275        0.362     0.146963    17.746667     0.080000   0   1 
 82 300   0.000000      185.153      110.115     0.781108      150.047  88.03     0.715275        5.017     0.164025    17.773333     0.026667   1   1 
 83 300   0.475723      185.018      110.070     0.781177      150.047  88.03     0.715275        0.000     0.297276    18.320000     0.546667   0   1 
 84 300   0.006754      185.018      109.980     0.781299      150.072  88.05     0.715443        6.331     0.660494    18.373333     0.053333   0   1 
 85 300   0.008092      185.108      109.980     0.781447      150.072  88.05     0.715443        6.331     0.160494    18.413333     0.040000   1   1 
 86 300   0.003357      185.265      109.823     0.783110      150.869  88.51     0.716785        6.207     0.771022    18.440000     0.026667   0   1 
 87 300   0.000000      185.288      109.800     0.783347      150.869  88.51     0.716785        6.207     0.140413    18.466667     0.026667   1   1 
 88 300   0.483100      185.333      109.800     0.783419      150.869  88.51     0.716785        0.000     0.130609    19.053333     0.586667   0   1 
 89 300   0.473956      185.333      109.800     0.783468      150.869  88.51     0.716785        0.000     0.145982    19.613333     0.560000   0   1 
 90 300   0.477943      185.333      109.800     0.783865      150.869  88.51     0.716785        0.000     0.333333    20.146667     0.533333   0   1 
 91 300   0.086950      185.558      109.418     0.784553      151.350  88.80     0.716505        5.507     0.395157    20.160000     0.013333   0   1 
 92 300   0.080446      185.558      109.418     0.784573      151.350  88.80     0.716505        5.507     0.139251    20.173333     0.013333   1   1 
 93 300   0.483574      185.558      109.418     0.784580      151.350  88.80     0.716505        0.000     0.255907    20.746667     0.573333   0   1 
 94 300   0.464062      185.558      109.418     0.784600      151.350  88.80     0.716505        0.000     0.333333    21.426667     0.680000   0   1 
 95 300   0.482363      185.558      109.418     0.784689      151.350  88.80     0.716505        0.000     0.145982    22.053333     0.626667   0   1 
 96 300   0.084416      186.075      110.610     0.793050      151.963  89.15     0.720871        6.158     0.298312    22.106667     0.053333   0   1 
 97 300   0.090617      186.075      110.610     0.793134      151.963  89.15     0.720871        6.158     0.131645    22.146667     0.040000   1   1 
 98 300   0.274492      184.343      110.498     0.797382      152.369  89.39     0.726634        2.195     0.474081    22.186667     0.040000   0   1 
 99 300   0.297145      184.680      109.935     0.797428      152.399  89.41     0.726653        7.269     0.010420    22.213333     0.026667   1   1 
100 300   0.330555      184.680      109.935     0.797462      152.399  89.41     0.726653        5.077     0.151012    22.266667     0.053333   1   1 
