#scene........................: /home/eldamian/nbvEverardo/models/studying_room.wrl
#triangles....................: 107322
#Total triangles' area........: 170.448196 (m2)
#sensor aperture..............: 135.000000 x 70.000000 (deg)
#range image size.............: 350 x 80
#sensor blind distances.......: 0.500000 .. 30.000000 (m)
#sensor blind angle...........: 80.000000
#sensor Gaussian noise std dev: 0.012000 (m)
#views number.................: 100 
#optimization method..........: Evolution Strategy
#view iterations fitness vxl_occupied(m2) occplane(m2) vxl_quality tri_imaged(m2) tri_imaged(%) tri_quality travelled(m) energy total_time single_time backstep change
  0   0  -0.000000       16.628        4.838     0.635252       10.896   6.39     0.627871        0.000     0.000000     0.000000     0.000000   0   0 
  1 308   0.749917       26.033        5.220     0.621800       18.741  10.99     0.612062        0.000     0.077427     0.240000     0.240000   0   0 
  2 308   0.731449       42.728       24.615     0.678270       23.472  13.77     0.665242        0.000     0.187351     0.426667     0.186667   0   0 
  3 308   0.731721       54.293       34.358     0.690208       29.268  17.17     0.685591        0.000     0.166667     0.733333     0.306667   0   0 
  4 308   0.699781       64.868       38.678     0.669711       36.762  21.57     0.666496        0.000     0.130609     1.146667     0.413333   0   0 
  5 308   0.724313       76.298       39.038     0.656339       44.432  26.07     0.652458        0.000     0.145982     1.560000     0.413333   0   0 
  6 308   0.657674       89.618       43.943     0.633487       52.528  30.82     0.650651        0.000     0.312649     2.053333     0.493333   0   0 
  7 308   0.649633      105.548       53.393     0.631387       59.891  35.14     0.650447        0.000     0.109925     2.413333     0.360000   0   0 
  8 308   0.651527      119.633       72.608     0.630166       65.737  38.57     0.660080        0.000     0.077427     2.853333     0.440000   0   0 
  9 308   0.665221      126.990       84.308     0.655047       71.355  41.86     0.677857        0.000     0.109925     3.386667     0.533333   0   0 
 10 308   0.681118      148.073       96.233     0.660202       81.321  47.71     0.683217        0.000     0.109925     3.933333     0.546667   0   0 
 11 308   0.626187      148.118      111.218     0.669499       81.387  47.75     0.683325        0.000     0.255907     4.440000     0.506667   0   0 
 12 308   0.657840      148.140      114.840     0.672995       84.272  49.44     0.686510        0.000     0.479316     4.746667     0.306667   0   0 
 13 308   0.669256      147.870      120.060     0.676726       84.489  49.57     0.686722        0.000     0.145982     5.346667     0.600000   0   0 
 14 308   0.613858      147.735      119.970     0.677481       84.489  49.57     0.686722        0.000     0.255907     5.880000     0.533333   0   0 
 15 308   0.598610      147.263      121.973     0.677185       88.123  51.70     0.681864        0.000     0.166667     6.293333     0.413333   0   0 
 16 308   0.603638      147.375      122.558     0.680766       90.082  52.85     0.681464        0.000     0.077427     6.733333     0.440000   0   0 
 17 308   0.578880      145.890      123.998     0.681590       93.567  54.89     0.675413        0.000     0.109925     7.280000     0.546667   0   0 
 18 308   0.523635      145.935      123.773     0.681921       94.527  55.46     0.673945        0.000     0.479316     7.853333     0.573333   0   0 
 19 308   0.567404      145.845      122.378     0.682653       98.194  57.61     0.668610        0.000     0.145982     8.440000     0.586667   0   0 
 20 308   0.566907      144.450      120.443     0.682042      101.328  59.45     0.664718        0.000     0.109925     9.053333     0.613333   0   0 
 21 308   0.753382      143.888      121.905     0.687757      101.328  59.45     0.664718        0.000     0.187351     9.653333     0.600000   0   0 
 22 308   0.773038      143.798      121.860     0.688058      101.328  59.45     0.664718        0.000     0.000000    10.240000     0.586667   0   0 
 23 308   0.560804      144.833      127.755     0.700768      102.053  59.87     0.677840        3.478     0.333211    10.280000     0.040000   0   0 
 24 308   0.675284      144.833      129.083     0.701158      102.053  59.87     0.677840        3.478     0.166545    10.333333     0.053333   1   0 
 25 308   0.569246      147.848      125.798     0.707219      106.618  62.55     0.679585        5.207     0.352977    10.466667     0.133333   0   0 
 26 308   0.603330      148.208      125.753     0.709797      107.545  63.10     0.681073        0.204     0.033521    10.546667     0.080000   0   0 
 27 308   0.613858      148.208      125.753     0.709864      107.545  63.10     0.681073        5.180     0.132105    10.586667     0.040000   1   0 
 28 308   0.751772      148.163      125.753     0.710188      107.545  63.10     0.681073        0.000     0.187351    11.120000     0.533333   0   0 
 29 308   0.792729      148.163      126.045     0.710343      107.545  63.10     0.681073        0.000     0.166667    11.680000     0.560000   0   0 
 30 308   0.759306      147.218      130.770     0.710777      107.545  63.10     0.681073        0.000     0.109925    12.253333     0.573333   0   0 
 31 308   0.418880      150.570      128.745     0.713562      110.585  64.88     0.683231        3.075     0.519273    12.280000     0.026667   0   0 
 32 308   0.542738      150.548      128.700     0.713806      110.585  64.88     0.683231        3.075     0.165255    12.320000     0.040000   1   0 
 33 308   0.803736      150.593      128.745     0.714136      110.585  64.88     0.683231        0.000     0.297276    12.826667     0.506667   0   0 
 34 308   0.524413      150.773      128.385     0.716142      111.552  65.45     0.685851        5.346     0.250672    12.946667     0.120000   0   0 
 35 308   0.661514      150.728      128.250     0.716978      111.552  65.45     0.685851        5.346     0.140748    13.000000     0.053333   1   0 
 36 308   0.843043      150.728      128.250     0.717261      111.552  65.45     0.685851        0.000     0.109925    13.493333     0.493333   0   0 
 37 308   0.794736      150.705      128.138     0.717433      111.552  65.45     0.685851        0.000     0.109925    14.080000     0.586667   0   0 
 38 308   0.749520      150.728      128.520     0.717695      111.552  65.45     0.685851        0.000     0.276591    14.560000     0.480000   0   0 
 39 308   0.760326      150.503      129.690     0.718046      111.552  65.45     0.685851        0.000     0.333333    15.093333     0.533333   0   0 
 40 308   0.720178      150.458      129.668     0.718212      111.552  65.45     0.685851        0.000     0.166667    15.693333     0.600000   0   0 
 41 308   0.680933      150.390      131.693     0.719269      111.552  65.45     0.685851        0.000     0.145982    16.320000     0.626667   0   0 
 42 308   0.668949      150.300      131.805     0.719424      111.552  65.45     0.685851        0.000     0.333333    16.866667     0.546667   0   0 
 43 308   0.622215      150.255      131.805     0.719558      111.552  65.45     0.685851        0.000     0.166667    17.426667     0.560000   0   0 
 44 308   0.630354      150.278      131.783     0.719654      111.552  65.45     0.685851        0.000     0.077427    18.080000     0.653333   0   0 
 45 308   0.521310      162.518      126.945     0.729030      123.317  72.35     0.691945        6.352     0.150941    18.280000     0.200000   0   0 
 46 308   0.564966      162.383      119.340     0.729757      125.768  73.79     0.692184        0.139     0.004668    18.426667     0.146667   0   0 
 47 308   0.717915      165.285      120.443     0.726100      128.037  75.12     0.689018        0.210     0.177635    18.480000     0.053333   0   0 
 48 308   0.726089      166.118      122.378     0.726258      128.037  75.12     0.689018        6.267     0.166577    18.506667     0.026667   1   0 
 49 308   0.516824      170.393      124.695     0.738210      130.418  76.51     0.696267        5.910     0.275670    18.586667     0.080000   0   0 
 50 308   0.649366      170.393      124.695     0.738183      130.418  76.51     0.696267        5.910     0.129688    18.773333     0.186667   1   0 
 51 308   0.758505      170.393      124.695     0.738378      130.418  76.51     0.696267        0.000     0.166667    19.466667     0.693333   0   0 
 52 308   0.747267      170.235      124.673     0.738564      130.418  76.51     0.696267        0.000     0.109925    19.973333     0.506667   0   0 
 53 308   0.696808      170.235      124.673     0.738713      130.418  76.51     0.696267        0.000     0.276591    20.506667     0.533333   0   0 
 54 308   0.521059      170.033      123.570     0.738661      131.205  76.98     0.697694        4.968     0.147587    20.613333     0.106667   0   0 
 55 308   0.613827      169.988      123.075     0.738706      131.288  77.03     0.698283        0.476     0.014141    20.813333     0.200000   0   0 
 56 308   0.635997      169.650      122.333     0.739775      132.048  77.47     0.702316        1.450     0.002839    20.866667     0.053333   0   0 
 57 308   0.685665      169.650      122.333     0.739877      132.048  77.47     0.702316        4.459     0.164567    20.986667     0.120000   1   0 
 58 308   0.753600      169.650      122.333     0.739948      132.048  77.47     0.702316        0.000     0.166667    21.653333     0.666667   0   0 
 59 308   0.460866      169.493      121.725     0.741080      132.216  77.57     0.704152        3.632     0.350308    21.706667     0.053333   0   0 
 60 308   0.562412      169.493      121.725     0.741176      132.216  77.57     0.704152        3.632     0.162957    21.746667     0.040000   1   0 
 61 308   0.750131      169.493      121.725     0.741304      132.216  77.57     0.704152        0.000     0.187351    22.320000     0.573333   0   0 
 62 308   0.439691      170.933      117.113     0.750175      135.807  79.68     0.714903        4.986     0.664775    22.413333     0.093333   0   0 
 63 308   0.681462      171.135      114.165     0.750280      135.807  79.68     0.714903        4.986     0.164775    22.493333     0.080000   1   0 
 64 308   0.434026      171.675      112.095     0.752835      136.398  80.02     0.716928        4.850     0.435147    22.613333     0.120000   0   0 
 65 308   0.613699      171.653      112.073     0.753670      136.511  80.09     0.718199        0.827     0.175571    22.680000     0.066667   0   0 
 66 308   0.646006      171.653      112.073     0.753801      136.511  80.09     0.718199        4.646     0.146776    22.866667     0.186667   1   0 
 67 308   0.724726      171.653      112.073     0.753832      136.511  80.09     0.718199        0.000     0.297276    23.480000     0.613333   0   0 
 68 308   0.615360      172.080      111.870     0.757092      138.243  81.11     0.718307        5.361     0.265633    23.626667     0.146667   0   0 
 69 308   0.673164      172.035      111.870     0.757265      138.243  81.11     0.718307        5.361     0.135024    23.746667     0.120000   1   0 
 70 308   0.759126      172.035      111.870     0.757732      138.243  81.11     0.718307        0.000     0.130609    24.386667     0.640000   0   0 
 71 308   0.514223      172.035      111.870     0.757831      138.245  81.11     0.718453        5.526     0.320600    24.560000     0.173333   0   0 
 72 308   0.657351      172.035      111.870     0.757906      138.245  81.11     0.718453        5.526     0.133249    24.666667     0.106667   1   0 
 73 308   0.750229      172.035      111.870     0.757917      138.245  81.11     0.718453        0.000     0.187351    25.306667     0.640000   0   0 
 74 308   0.737568      171.945      111.870     0.758234      138.245  81.11     0.718453        0.000     0.109925    25.680000     0.373333   0   0 
 75 308   0.364702      171.765      111.870     0.760731      138.646  81.34     0.720302        2.929     0.740772    25.720000     0.040000   0   0 
 76 308   0.705392      174.758      110.498     0.763188      142.675  83.71     0.719823        2.612     0.079221    25.800000     0.080000   0   0 
 77 308   0.626051      174.780      109.935     0.763242      142.675  83.71     0.719823        5.202     0.161551    25.880000     0.080000   1   0 
 78 308   0.762935      174.645      109.890     0.763597      142.675  83.71     0.719823        0.000     0.187351    26.520000     0.640000   0   0 
 79 308   0.695768      174.713      109.823     0.763685      142.675  83.71     0.719823        0.000     0.166667    27.120000     0.600000   0   0 
 80 308   0.719497      174.713      109.823     0.763799      142.675  83.71     0.719823        0.000     0.166667    27.573333     0.453333   0   0 
 81 308   0.484860      175.005      107.123     0.766023      143.925  84.44     0.722679        4.776     0.423899    27.706667     0.133333   0   0 
 82 308   0.646605      178.155      102.285     0.762741      145.895  85.59     0.722583        0.961     0.002216    27.946667     0.240000   0   0 
 83 308   0.652930      178.268      102.398     0.762808      145.895  85.59     0.722583        4.904     0.145092    28.106667     0.160000   1   0 
 84 308   0.336018      178.785      101.093     0.763859      147.011  86.25     0.724228        2.779     0.741901    28.133333     0.026667   0   0 
 85 308   0.589944      178.740      101.093     0.764084      147.011  86.25     0.724228        0.000     0.000000    28.160000     0.026667   0   1 
 86 308   0.365485      178.538      101.093     0.764920      147.884  86.76     0.724212        7.939     0.002923    28.200000     0.040000   1   1 
 87 308   0.386754      178.538      101.093     0.765055      147.928  86.79     0.724390        0.712     0.127866    28.346667     0.146667   0   1 
 88 308   0.414299      178.538      101.093     0.765201      148.011  86.84     0.724513        0.427     0.017659    28.520000     0.173333   0   1 
 89 308   0.420118      178.493      101.003     0.767036      148.075  86.87     0.726689        3.089     0.002078    28.653333     0.133333   1   1 
 90 308   0.386043      178.853       99.675     0.771757      149.161  87.51     0.729816        8.449     0.030097    28.720000     0.066667   1   1 
 91 308   0.534284      178.853       99.765     0.771799      149.161  87.51     0.729816        5.526     0.133249    29.053333     0.333333   1   1 
 92 308   0.656329      178.808       99.720     0.771899      149.161  87.51     0.729816        0.000     0.000000    29.680000     0.626667   0   1 
 93 308   0.295224      178.808       99.720     0.772087      149.170  87.52     0.730116        5.007     0.497913    29.786667     0.106667   0   1 
 94 308   0.419250      178.808       99.720     0.772117      149.170  87.52     0.730116        5.007     0.143895    29.880000     0.093333   1   1 
 95 308   0.313271      182.003      101.318     0.774232      151.526  88.90     0.730498        4.577     0.376076    30.066667     0.186667   0   1 
 96 308   0.521507      185.963      102.870     0.775672      151.880  89.11     0.732712        2.125     0.141337    30.293333     0.226667   0   1 
 97 308   0.558971      187.538      104.715     0.775751      151.880  89.11     0.732712        4.488     0.163395    30.480000     0.186667   1   1 
 98 308   0.342263      188.730      103.365     0.780202      151.896  89.12     0.734923        3.245     0.640758    30.533333     0.053333   0   1 
 99 308   0.523585      188.730      103.365     0.780215      151.896  89.12     0.734923        3.245     0.161443    30.573333     0.040000   1   1 
100 308   0.248047      188.640      103.365     0.783194      152.404  89.41     0.738908        2.627     0.419368    30.626667     0.053333   0   1 
