#scene........................: /home/eldamian/nbvEverardo/models/studying_room.wrl
#triangles....................: 107322
#Total triangles' area........: 170.448196 (m2)
#sensor aperture..............: 135.000000 x 70.000000 (deg)
#range image size.............: 350 x 80
#sensor blind distances.......: 0.500000 .. 30.000000 (m)
#sensor blind angle...........: 80.000000
#sensor Gaussian noise std dev: 0.012000 (m)
#views number.................: 100 
#optimization method..........: Simulated Annealing
#view iterations fitness vxl_occupied(m2) occplane(m2) vxl_quality tri_imaged(m2) tri_imaged(%) tri_quality travelled(m) energy total_time single_time backstep change
  0   0  -0.000000       16.628        4.838     0.635252       10.896   6.39     0.627871        0.000     0.000000     0.000000     0.000000   0   0 
  1 300   0.749917       26.033        5.220     0.621800       18.741  10.99     0.612062        0.000     0.077427     0.266667     0.266667   0   0 
  2 300   0.731449       42.728       24.615     0.678270       23.472  13.77     0.665242        0.000     0.187351     0.533333     0.266667   0   0 
  3 300   0.731721       54.293       34.358     0.690208       29.268  17.17     0.685591        0.000     0.166667     0.760000     0.226667   0   0 
  4 300   0.699781       64.868       38.678     0.669711       36.762  21.57     0.666496        0.000     0.130609     1.093333     0.333333   0   0 
  5 300   0.724313       76.298       39.038     0.656339       44.432  26.07     0.652458        0.000     0.145982     1.440000     0.346667   0   0 
  6 300   0.657674       89.618       43.943     0.633487       52.528  30.82     0.650651        0.000     0.312649     1.893333     0.453333   0   0 
  7 300   0.649633      105.548       53.393     0.631387       59.891  35.14     0.650447        0.000     0.109925     2.320000     0.426667   0   0 
  8 300   0.651527      119.633       72.608     0.630166       65.737  38.57     0.660080        0.000     0.077427     2.746667     0.426667   0   0 
  9 300   0.598136      120.420       71.978     0.636777       67.542  39.63     0.662253        5.428     0.324593     2.773333     0.026667   0   0 
 10 300   0.620673      121.073       70.853     0.636617       69.343  40.68     0.657689        5.428     0.157926     2.853333     0.080000   1   0 
 11 300   0.480614      125.010       85.523     0.646645       72.031  42.26     0.661723        5.329     0.441438     2.880000     0.026667   0   0 
 12 300   0.649645      132.503       93.060     0.661292       76.693  44.99     0.680001        5.329     0.164847     2.906667     0.026667   1   0 
 13 300   0.766748      130.995       93.150     0.663809       76.693  44.99     0.680001        0.000     0.000000     3.413333     0.506667   0   0 
 14 300   0.723240      130.725       99.810     0.666034       76.693  44.99     0.680001        0.000     0.166667     3.786667     0.373333   0   0 
 15 300   0.704636      130.815      101.250     0.667201       76.693  44.99     0.680001        0.000     0.166667     4.293333     0.506667   0   0 
 16 300   0.599199      130.770      100.530     0.673003       78.692  46.17     0.681355        6.458     0.434892     4.306667     0.013333   0   0 
 17 300   0.661993      130.725      100.598     0.673183       78.692  46.17     0.681355        6.458     0.158301     4.333333     0.026667   1   0 
 18 300   0.706539      140.378      154.508     0.679200       83.923  49.24     0.690061        0.000     0.276591     4.893333     0.560000   0   0 
 19 300   0.709380      140.198      161.460     0.680266       83.923  49.24     0.690061        0.000     0.166667     5.440000     0.546667   0   0 
 20 300   0.742467      140.063      163.373     0.680631       83.923  49.24     0.690061        0.000     0.166667     6.026667     0.586667   0   0 
 21 300   0.778909      139.590      165.600     0.681496       83.923  49.24     0.690061        0.000     0.166667     6.546667     0.520000   0   0 
 22 300   0.787221      151.223      148.568     0.678698       90.748  53.24     0.690583        0.000     0.109925     7.080000     0.533333   0   0 
 23 300   0.657073      151.268      152.123     0.686331       90.788  53.26     0.690652        0.000     0.255907     7.586667     0.506667   0   0 
 24 300   0.522041      151.740      148.680     0.688294       91.503  53.68     0.694942        3.608     0.309935     7.613333     0.026667   0   0 
 25 300   0.622666      151.583      148.658     0.688865       91.503  53.68     0.694942        3.608     0.163953     7.653333     0.040000   1   0 
 26 300   0.821119      151.493      148.658     0.689060       91.503  53.68     0.694942        0.000     0.000000     8.160000     0.506667   0   0 
 27 300   0.531374      162.765      138.600     0.705065      103.731  60.86     0.696327        5.859     0.353327     8.200000     0.040000   0   0 
 28 300   0.541110      163.215      139.005     0.705278      103.731  60.86     0.696327        5.859     0.165976     8.253333     0.053333   1   0 
 29 300   0.598442      164.363      137.588     0.708523      105.396  61.83     0.696773        5.499     0.256591     8.293333     0.040000   0   0 
 30 300   0.680973      164.340      137.363     0.708695      105.396  61.83     0.696773        5.499     0.146666     8.360000     0.066667   1   0 
 31 300   0.470901      167.423      134.393     0.715846      109.683  64.35     0.699570        5.168     0.275690     8.386667     0.026667   0   0 
 32 300   0.594146      169.403      131.243     0.719546      113.390  66.52     0.696418        1.648     0.132076     8.453333     0.066667   0   0 
 33 300   0.617066      169.358      131.108     0.719685      113.390  66.52     0.696418        4.913     0.143614     8.506667     0.053333   1   0 
 34 300   0.757451      169.268      131.198     0.719885      113.390  66.52     0.696418        0.000     0.297276     9.160000     0.653333   0   0 
 35 300   0.701178      169.583      131.333     0.719995      113.390  66.52     0.696418        0.000     0.166667     9.706667     0.546667   0   0 
 36 300   0.736846      169.583      131.715     0.720274      113.390  66.52     0.696418        0.000     0.333333    10.306667     0.600000   0   0 
 37 300   0.755487      168.570      131.670     0.720904      113.390  66.52     0.696418        0.000     0.109925    10.786667     0.480000   0   0 
 38 300   0.697693      168.660      131.670     0.722481      113.390  66.52     0.696418        0.000     0.276591    11.360000     0.573333   0   0 
 39 300   0.508260      173.430      130.163     0.721033      119.871  70.33     0.688768        6.280     0.351943    11.386667     0.026667   0   0 
 40 300   0.621244      173.183      130.163     0.722770      121.759  71.43     0.691352        0.390     0.245184    11.453333     0.066667   0   0 
 41 300   0.661107      172.688      128.340     0.723138      125.284  73.50     0.690102        6.108     0.165682    11.506667     0.053333   1   0 
 42 300   0.799708      172.553      128.340     0.725215      125.284  73.50     0.690102        0.000     0.109925    12.120000     0.613333   0   0 
 43 300   0.373800      173.318      127.710     0.731819      127.356  74.72     0.693089        5.336     0.499344    12.133333     0.013333   0   0 
 44 300   0.555292      173.453      127.575     0.734302      127.573  74.85     0.696236        2.150     0.130782    12.226667     0.093333   0   0 
 45 300   0.601608      173.453      127.575     0.734199      127.573  74.85     0.696236        4.926     0.166184    12.253333     0.026667   1   0 
 46 300   0.471680      173.453      127.575     0.738526      128.139  75.18     0.699486        3.332     0.475435    12.266667     0.013333   0   0 
 47 300   0.628343      173.385      127.553     0.738516      128.139  75.18     0.699486        3.332     0.162786    12.293333     0.026667   1   0 
 48 300   0.757884      173.385      127.710     0.738751      128.139  75.18     0.699486        0.000     0.276591    12.840000     0.546667   0   0 
 49 300   0.758949      172.755      127.778     0.739113      128.139  75.18     0.699486        0.000     0.109925    13.400000     0.560000   0   0 
 50 300   0.442123      172.328      127.260     0.744010      129.617  76.04     0.703192        4.908     0.340183    13.426667     0.026667   0   0 
 51 300   0.573288      172.193      126.878     0.743788      131.969  77.42     0.701523        4.908     0.152832    13.466667     0.040000   1   0 
 52 300   0.784053      172.193      126.878     0.744621      131.969  77.42     0.701523        0.000     0.130609    14.053333     0.586667   0   0 
 53 300   0.754006      171.855      126.855     0.745529      131.969  77.42     0.701523        0.000     0.109925    14.613333     0.560000   0   0 
 54 300   0.700446      171.900      126.855     0.746173      131.969  77.42     0.701523        0.000     0.276591    15.213333     0.600000   0   0 
 55 300   0.747899      171.788      126.788     0.746404      131.969  77.42     0.701523        0.000     0.333333    15.800000     0.586667   0   0 
 56 300   0.412626      174.713      122.175     0.747909      134.033  78.64     0.703653        5.876     0.665075    15.840000     0.040000   0   0 
 57 300   0.708606      174.915      121.388     0.748046      134.033  78.64     0.703653        5.876     0.165075    15.906667     0.066667   1   0 
 58 300   0.787055      174.915      121.388     0.748198      134.033  78.64     0.703653        0.000     0.000000    16.360000     0.453333   0   0 
 59 300   0.529575      175.140      113.648     0.749783      134.952  79.17     0.705266        5.142     0.135733    16.400000     0.040000   0   0 
 60 300   0.621279      175.140      113.648     0.749857      134.952  79.17     0.705266        5.142     0.135733    16.453333     0.053333   1   0 
 61 300   0.787250      175.140      113.648     0.749847      134.952  79.17     0.705266        0.000     0.000000    17.066667     0.613333   0   0 
 62 300   0.748853      174.938      113.648     0.750214      134.952  79.17     0.705266        0.000     0.109925    17.693333     0.626667   0   0 
 63 300   0.318402      182.813      108.135     0.755026      139.840  82.04     0.704468        6.471     0.654177    17.706667     0.013333   0   0 
 64 300   0.591059      182.768      108.135     0.754980      139.840  82.04     0.704468        6.471     0.133493    17.773333     0.066667   1   0 
 65 300   0.467166      182.678      108.135     0.755949      139.875  82.06     0.706002        5.324     0.459442    17.840000     0.066667   0   0 
 66 300   0.651681      182.678      108.135     0.755970      139.875  82.06     0.706002        5.324     0.146793    17.920000     0.080000   1   0 
 67 300   0.408975      182.970      106.538     0.757641      141.679  83.12     0.706616        4.744     0.420924    17.986667     0.066667   0   0 
 68 300   0.578090      182.970      106.538     0.757821      141.679  83.12     0.707191        1.400     0.274555    18.093333     0.106667   0   0 
 69 300   0.636239      182.970      106.538     0.757943      141.679  83.12     0.707191        4.900     0.146369    18.146667     0.053333   1   0 
 70 300   0.512196      182.970      106.538     0.758052      141.706  83.14     0.707176        5.565     0.321237    18.160000     0.013333   0   0 
 71 300   0.655989      182.993      106.515     0.758280      141.706  83.14     0.707176        5.565     0.154570    18.213333     0.053333   1   0 
 72 300   0.428341      184.275      105.525     0.759885      143.821  84.38     0.708502        5.289     0.481332    18.240000     0.026667   0   0 
 73 300   0.594807      183.803      105.413     0.759885      143.821  84.38     0.708502        5.289     0.147999    18.373333     0.133333   1   0 
 74 300   0.779293      183.848      105.413     0.760306      143.821  84.38     0.708502        0.000     0.109925    18.973333     0.600000   0   0 
 75 300   0.696387      183.803      105.413     0.761984      143.821  84.38     0.708502        0.000     0.166667    19.600000     0.626667   0   0 
 76 300   0.562758      185.738      104.018     0.760630      148.419  87.08     0.704341        5.943     0.158875    19.706667     0.106667   0   0 
 77 300   0.653757      185.940      102.555     0.760625      148.419  87.08     0.704341        5.943     0.158875    19.826667     0.120000   1   0 
 78 300   0.471547      186.143      102.330     0.760764      149.251  87.56     0.702747        6.567     0.286162    19.893333     0.066667   0   0 
 79 300   0.613212      185.918      102.330     0.760744      149.251  87.56     0.702747        6.567     0.155553    19.960000     0.066667   1   0 
 80 300   0.743551      185.918      102.330     0.760704      149.251  87.56     0.702747        0.000     0.297276    20.520000     0.560000   0   0 
 81 300   0.696739      185.873      102.330     0.760662      149.251  87.56     0.702747        0.000     0.166667    20.960000     0.440000   0   0 
 82 300   0.404944      185.873      102.330     0.760844      149.253  87.57     0.703197        5.226     0.592611    20.973333     0.013333   0   0 
 83 300   0.637782      185.828      102.330     0.760972      149.253  87.57     0.703197        5.226     0.149353    21.053333     0.080000   1   0 
 84 300   0.470449      185.828      102.330     0.761661      149.520  87.72     0.704317        3.566     0.404697    21.080000     0.026667   0   0 
 85 300   0.592228      185.355      102.308     0.761695      150.724  88.43     0.704255        3.566     0.148791    21.120000     0.040000   1   0 
 86 300   0.477395      185.355      102.218     0.762147      150.840  88.50     0.705573        3.558     0.244884    21.146667     0.026667   0   0 
 87 300   0.596474      185.400      102.578     0.762089      150.913  88.54     0.706159        0.283     0.161071    21.226667     0.080000   0   0 
 88 300   0.611774      185.400      102.578     0.762100      150.913  88.54     0.706159        3.623     0.165421    21.266667     0.040000   1   0 
 89 300   0.570417      187.290      100.890     0.765396      151.811  89.07     0.706016        5.930     0.277269    21.386667     0.120000   0   0 
 90 300   0.725426      187.313      101.318     0.765466      151.811  89.07     0.706016        5.930     0.131287    21.560000     0.173333   1   0 
 91 300   0.767885      187.290      101.295     0.766228      151.811  89.07     0.706016        0.000     0.145982    22.066667     0.506667   0   0 
 92 300   0.744447      187.290      101.295     0.766736      151.811  89.07     0.706016        0.000     0.109925    22.720000     0.653333   0   0 
 93 300   0.483244      187.628       99.518     0.772480      152.548  89.50     0.712293        4.764     0.438161    22.800000     0.080000   0   0 
 94 300   0.659215      187.628       99.518     0.772548      152.548  89.50     0.712293        4.764     0.161570    22.866667     0.066667   1   0 
 95 300   0.538443      187.830       98.640     0.773398      153.041  89.79     0.713418        5.012     0.308193    22.973333     0.106667   0   0 
 96 300   0.671748      188.663       99.878     0.773388      153.041  89.79     0.713418        5.012     0.141526    23.026667     0.053333   1   0 
 97 300   0.771538      188.528       99.878     0.773614      153.041  89.79     0.713418        0.000     0.166667    23.640000     0.613333   0   0 
 98 300   0.313677      188.528       99.878     0.773953      153.042  89.79     0.714110        5.015     0.755344    23.653333     0.013333   0   0 
 99 300   0.623964      188.528       99.878     0.774067      153.042  89.79     0.714110        5.015     0.145420    23.693333     0.040000   1   0 
100 300   0.741968      188.528       99.878     0.774128      153.042  89.79     0.714110        0.000     0.276591    24.320000     0.626667   0   0 
