#scene........................: /home/eldamian/nbvEverardo/models/studying_room.wrl
#triangles....................: 107322
#Total triangles' area........: 170.448196 (m2)
#sensor aperture..............: 135.000000 x 70.000000 (deg)
#range image size.............: 350 x 80
#sensor blind distances.......: 0.500000 .. 30.000000 (m)
#sensor blind angle...........: 80.000000
#sensor Gaussian noise std dev: 0.012000 (m)
#views number.................: 100 
#optimization method..........: Evolution Strategy
#view iterations fitness vxl_occupied(m2) occplane(m2) vxl_quality tri_imaged(m2) tri_imaged(%) tri_quality travelled(m) energy total_time single_time backstep change
  0   0  -0.000000       16.628        4.838     0.635252       10.896   6.39     0.627871        0.000     0.000000     0.000000     0.000000   0   0 
  1 308   0.675244       26.033        5.220     0.621800       18.741  10.99     0.612062        0.000     0.077427     0.213333     0.213333   0   0 
  2 308   0.659331       42.728       24.615     0.678270       23.472  13.77     0.665242        0.000     0.187351     0.400000     0.186667   0   0 
  3 308   0.654746       54.293       34.358     0.690208       29.268  17.17     0.685591        0.000     0.166667     0.760000     0.360000   0   0 
  4 308   0.636204       64.868       38.678     0.669711       36.762  21.57     0.666496        0.000     0.130609     1.120000     0.360000   0   0 
  5 308   0.642634       76.298       39.038     0.656339       44.432  26.07     0.652458        0.000     0.145982     1.426667     0.306667   0   0 
  6 308   0.615528       89.618       43.943     0.633487       52.528  30.82     0.650651        0.000     0.312649     1.840000     0.413333   0   0 
  7 308   0.574381       94.973       49.545     0.624838       55.726  32.69     0.639874        0.000     0.145982     2.200000     0.360000   0   0 
  8 308   0.554090      109.598       74.813     0.625836       62.829  36.86     0.641959        0.000     0.166667     2.666667     0.466667   0   0 
  9 308   0.560890      109.260       77.175     0.626381       62.829  36.86     0.641959        0.000     0.166667     3.066667     0.400000   0   0 
 10 308   0.550741      110.700       87.593     0.631929       63.292  37.13     0.643286        0.000     0.255907     3.600000     0.533333   0   0 
 11 308   0.581240      122.310      102.848     0.653214       70.148  41.15     0.668407        0.000     0.145982     4.080000     0.480000   0   0 
 12 308   0.597116      131.310      125.303     0.664036       76.006  44.59     0.681534        0.000     0.500000     4.600000     0.520000   0   0 
 13 308   0.585158      131.490      131.580     0.668888       76.416  44.83     0.682065        0.000     0.145982     5.133333     0.533333   0   0 
 14 308   0.584858      147.128      132.548     0.662338       84.330  49.48     0.683736        0.000     0.589240     5.560000     0.426667   0   0 
 15 308   0.516682      147.938      132.008     0.663983       85.922  50.41     0.683482        0.000     0.166667     6.040000     0.480000   0   0 
 16 308   0.510289      147.690      138.533     0.663715       89.556  52.54     0.678838        0.000     0.333333     6.653333     0.613333   0   0 
 17 308   0.503973      147.173      139.163     0.668099       91.485  53.67     0.678567        0.000     0.077427     7.253333     0.600000   0   0 
 18 308   0.515390      151.223      137.903     0.681206       96.954  56.88     0.679738        5.015     0.656143     7.346667     0.093333   0   0 
 19 308   0.529872      151.155      137.588     0.681755       97.863  57.42     0.681399        0.104     0.016821     7.440000     0.093333   0   0 
 20 308   0.556453      151.155      137.588     0.683986       98.217  57.62     0.683062        0.164     0.160525     7.493333     0.053333   0   0 
 21 308   0.597191      151.313      137.430     0.683864       98.217  57.62     0.683062        5.029     0.137737     7.573333     0.080000   1   0 
 22 308   0.718726      150.840      138.218     0.684790       98.217  57.62     0.683062        0.000     0.276591     8.120000     0.546667   0   0 
 23 308   0.488677      153.788      138.173     0.690659      100.178  58.77     0.683842        4.594     0.162466     8.226667     0.106667   0   0 
 24 308   0.570262      153.788      138.173     0.691133      100.397  58.90     0.684868        1.617     0.134055     8.320000     0.093333   0   0 
 25 308   0.616566      153.698      138.173     0.692001      100.397  58.90     0.684868        5.463     0.138335     8.360000     0.040000   1   0 
 26 308   0.539836      154.103      137.903     0.694577      101.566  59.59     0.686716        6.282     0.161864     8.413333     0.053333   0   0 
 27 308   0.660796      153.968      138.038     0.694659      101.566  59.59     0.686716        6.282     0.161864     8.440000     0.026667   1   0 
 28 308   0.737173      153.923      137.993     0.695816      101.566  59.59     0.686716        0.000     0.109925     8.960000     0.520000   0   0 
 29 308   0.516466      153.878      137.993     0.696308      101.790  59.72     0.686846        5.545     0.339321     9.040000     0.080000   0   0 
 30 308   0.619729      153.855      138.060     0.696578      101.790  59.72     0.686846        5.545     0.151970     9.080000     0.040000   1   0 
 31 308   0.731178      153.833      138.060     0.697513      101.790  59.72     0.686846        0.000     0.187351     9.560000     0.480000   0   0 
 32 308   0.699056      153.720      140.603     0.699286      101.790  59.72     0.686846        0.000     0.500000    10.053333     0.493333   0   0 
 33 308   0.667824      153.675      141.143     0.700043      101.790  59.72     0.686846        0.000     0.166667    10.546667     0.493333   0   0 
 34 308   0.666884      153.698      141.120     0.700548      101.790  59.72     0.686846        0.000     0.166667    11.093333     0.546667   0   0 
 35 308   0.647210      152.528      141.435     0.700695      101.790  59.72     0.686846        0.000     0.276591    11.573333     0.480000   0   0 
 36 308   0.590397      152.528      141.773     0.706641      101.790  59.72     0.686846        0.000     0.255907    12.093333     0.520000   0   0 
 37 308   0.601274      152.550      141.728     0.707159      101.790  59.72     0.686846        0.000     0.333333    12.600000     0.506667   0   0 
 38 308   0.383298      152.505      141.638     0.709272      101.951  59.81     0.689847        5.184     0.720558    12.666667     0.066667   0   0 
 39 308   0.566255      152.483      141.615     0.709249      101.951  59.81     0.689847        5.184     0.131318    12.746667     0.080000   1   0 
 40 308   0.707940      152.438      141.615     0.709419      101.951  59.81     0.689847        0.000     0.276591    13.253333     0.506667   0   0 
 41 308   0.696617      152.370      143.348     0.709634      101.951  59.81     0.689847        0.000     0.500000    13.680000     0.426667   0   0 
 42 308   0.667766      152.235      143.798     0.709669      101.951  59.81     0.689847        0.000     0.166667    14.213333     0.533333   0   0 
 43 308   0.668247      152.258      143.910     0.709723      101.951  59.81     0.689847        0.000     0.166667    14.813333     0.600000   0   0 
 44 308   0.642048      151.673      143.955     0.709840      101.951  59.81     0.689847        0.000     0.276591    15.373333     0.560000   0   0 
 45 308   0.590953      151.673      143.955     0.710479      101.951  59.81     0.689847        0.000     0.255907    15.920000     0.546667   0   0 
 46 308   0.592868      151.763      143.978     0.710360      101.951  59.81     0.689847        0.000     0.333333    16.386667     0.466667   0   0 
 47 308   0.549905      151.808      143.978     0.710382      101.951  59.81     0.689847        0.000     0.255907    17.013333     0.626667   0   0 
 48 308   0.554793      151.988      143.978     0.710349      101.951  59.81     0.689847        0.000     0.077427    17.520000     0.506667   0   0 
 49 308   0.559358      152.303      143.978     0.710428      101.951  59.81     0.689847        0.000     0.109925    18.000000     0.480000   0   0 
 50 308   0.531924      152.483      143.528     0.713956      102.551  60.17     0.691724        6.322     0.316598    18.053333     0.053333   0   0 
 51 308   0.610605      152.348      143.348     0.717145      103.119  60.50     0.695307        0.290     0.007561    18.133333     0.080000   0   0 
 52 308   0.642364      152.303      143.348     0.717451      103.119  60.50     0.695307        6.567     0.142371    18.186667     0.053333   1   0 
 53 308   0.702942      152.325      143.325     0.717887      103.119  60.50     0.695307        0.000     0.297276    18.760000     0.573333   0   0 
 54 308   0.682952      152.213      143.708     0.717826      103.119  60.50     0.695307        0.000     0.500000    19.373333     0.613333   0   0 
 55 308   0.635421      152.213      143.708     0.717955      103.119  60.50     0.695307        0.000     0.333333    19.973333     0.600000   0   0 
 56 308   0.406512      154.823      141.098     0.723810      103.562  60.76     0.702542        3.416     0.273276    20.013333     0.040000   0   0 
 57 308   0.465934      154.845      141.053     0.723869      103.562  60.76     0.702542        3.416     0.163352    20.053333     0.040000   1   0 
 58 308   0.681735      154.643      141.030     0.723808      103.562  60.76     0.702542        0.000     0.187351    20.533333     0.480000   0   0 
 59 308   0.417514      157.320      139.500     0.727009      106.986  62.77     0.702126        5.011     0.601341    20.640000     0.106667   0   0 
 60 308   0.545620      157.230      139.500     0.727102      106.986  62.77     0.702126        5.011     0.137398    20.693333     0.053333   1   0 
 61 308   0.678346      157.050      139.725     0.727181      106.986  62.77     0.702126        0.000     0.297276    21.213333     0.520000   0   0 
 62 308   0.419251      157.073      139.770     0.730692      107.458  63.04     0.704864        5.229     0.440444    21.266667     0.053333   0   0 
 63 308   0.539928      157.050      139.770     0.731991      107.534  63.09     0.706596        0.401     0.013104    21.320000     0.053333   0   0 
 64 308   0.551674      157.073      139.748     0.732018      107.534  63.09     0.706596        5.557     0.150749    21.373333     0.053333   1   0 
 65 308   0.377977      157.073      139.748     0.732743      107.779  63.23     0.707526        5.153     0.640070    21.533333     0.160000   0   0 
 66 308   0.554685      157.073      139.748     0.732914      107.810  63.25     0.707991        0.598     0.078498    21.640000     0.106667   0   0 
 67 308   0.571148      157.073      139.748     0.733035      107.810  63.25     0.707991        4.995     0.141142    21.680000     0.040000   1   0 
 68 308   0.687764      157.095      139.725     0.733349      107.810  63.25     0.707991        0.000     0.187351    22.293333     0.613333   0   0 
 69 308   0.657404      157.118      139.703     0.733406      107.810  63.25     0.707991        0.000     0.166667    22.800000     0.506667   0   0 
 70 308   0.672426      157.028      139.703     0.733658      107.810  63.25     0.707991        0.000     0.333333    23.346667     0.546667   0   0 
 71 308   0.634560      156.983      139.703     0.733752      107.810  63.25     0.707991        0.000     0.166667    23.880000     0.533333   0   0 
 72 308   0.520866      156.803      139.703     0.739192      108.544  63.68     0.711982        3.386     0.293276    23.946667     0.066667   0   0 
 73 308   0.590211      156.533      139.703     0.739383      108.544  63.68     0.711982        3.386     0.162667    23.960000     0.013333   1   0 
 74 308   0.678891      156.443      139.703     0.739561      108.544  63.68     0.711982        0.000     0.297276    24.480000     0.520000   0   0 
 75 308   0.450192      159.525      131.895     0.738753      112.106  65.77     0.707857        5.069     0.331775    24.640000     0.160000   0   0 
 76 308   0.536196      159.525      131.895     0.738990      112.133  65.79     0.708042        0.320     0.178153    24.706667     0.066667   0   0 
 77 308   0.619038      159.525      131.895     0.739025      112.133  65.79     0.708119        0.493     0.113496    24.786667     0.080000   0   0 
 78 308   0.628456      159.525      131.895     0.739219      112.133  65.79     0.708119        5.066     0.129367    24.813333     0.026667   1   0 
 79 308   0.708351      159.548      131.963     0.739185      112.133  65.79     0.708119        0.000     0.297276    25.373333     0.560000   0   0 
 80 308   0.671793      159.548      131.963     0.739209      112.133  65.79     0.708119        0.000     0.166667    25.986667     0.613333   0   0 
 81 308   0.471295      159.480      129.195     0.740609      112.436  65.97     0.711981        3.081     0.327103    26.066667     0.080000   0   0 
 82 308   0.641899      161.010      124.403     0.741342      113.621  66.66     0.717538        0.815     0.002942    26.226667     0.160000   0   0 
 83 308   0.644141      160.628      124.155     0.741730      113.621  66.66     0.717538        0.000     0.000000    26.320000     0.093333   0   1 
 84 308   0.523676      161.190      125.078     0.742088      113.984  66.87     0.718997        7.566     0.034012    26.400000     0.080000   1   1 
 85 308   0.372440      161.190      125.078     0.742132      113.984  66.87     0.718997        5.066     0.129367    26.480000     0.080000   1   1 
 86 308   0.208762      170.910      122.738     0.748521      121.647  71.37     0.717993        5.543     0.625874    26.546667     0.066667   0   1 
 87 308   0.393982      175.658      119.858     0.750143      123.169  72.26     0.719598        3.768     0.299162    26.973333     0.426667   0   1 
 88 308   0.449919      178.088      122.738     0.751324      124.428  73.00     0.721341        3.768     0.001887    27.053333     0.080000   1   1 
 89 308   0.465156      178.920      123.030     0.751425      124.428  73.00     0.721341        5.543     0.161932    27.093333     0.040000   1   1 
 90 308   0.605963      178.830      123.030     0.751357      124.428  73.00     0.721341        0.000     0.000000    27.773333     0.680000   0   1 
 91 308   0.580433      178.830      123.030     0.751932      124.428  73.00     0.721341        0.000     0.145982    28.360000     0.586667   0   1 
 92 308   0.579650      178.785      123.030     0.752325      124.428  73.00     0.721341        0.000     0.479316    28.786667     0.426667   0   1 
 93 308   0.570119      178.785      123.030     0.753077      124.428  73.00     0.721341        0.000     0.145982    29.426667     0.640000   0   1 
 94 308   0.499941      178.740      123.030     0.753547      124.428  73.00     0.721341        0.000     0.255907    29.866667     0.440000   0   1 
 95 308   0.476572      178.808      123.053     0.753906      124.428  73.00     0.721341        0.000     0.276591    30.506667     0.640000   0   1 
 96 308   0.465102      178.853      123.053     0.754066      124.428  73.00     0.721341        0.000     0.166667    31.120000     0.613333   0   1 
 97 308   0.349011      178.943      123.053     0.755856      124.804  73.22     0.724338        4.717     0.474116    31.226667     0.106667   0   1 
 98 308   0.437389      178.943      123.053     0.755860      124.804  73.22     0.724338        4.717     0.161467    31.266667     0.040000   1   1 
 99 308   0.352272      178.268      122.873     0.763890      125.119  73.41     0.733041        2.935     0.311984    31.293333     0.026667   0   1 
100 308   0.411173      177.908      122.828     0.766783      125.157  73.43     0.736268        0.456     0.002249    31.373333     0.080000   0   1 
