#scene........................: /home/eldamian/nbvEverardo/models/laboratory.wrl
#triangles....................: 361767
#Total triangles' area........: 443.205414 (m2)
#sensor aperture..............: 135.000000 x 70.000000 (deg)
#range image size.............: 350 x 80
#sensor blind distances.......: 0.500000 .. 30.000000 (m)
#sensor blind angle...........: 80.000000
#sensor Gaussian noise std dev: 0.012000 (m)
#views number.................: 100 
#optimization method..........: Evolution Strategy
#robust optimization..........: ON
#view iterations fitness vxl_occupied(m2) occplane(m2) vxl_quality tri_imaged(m2) tri_imaged(%) tri_quality travelled(m) energy total_time single_time backstep change delta_f_accum
  0   0  -0.000000       18.338        0.000     0.641809       15.030   3.39     0.643016        0.000     0.000000     0.000000     0.000000   0   0     0.000000 
  1 308   0.644313       27.473        0.000     0.628786       22.845   5.15     0.633184        0.000     0.077427     0.266667     0.266667   0   0     0.000000 
  2 308   0.435525       47.970        9.743     0.653144       26.022   5.87     0.637934        1.218     0.242428     0.346667     0.080000   0   0    -0.002503 
  3 308   0.414601       48.375        9.743     0.652317       26.022   5.87     0.637934        0.000     0.000000     0.400000     0.053333   0   0    -0.002503 
  4 308   0.415098       48.420        9.698     0.652262       26.022   5.87     0.637934        0.000     0.000000     0.640000     0.240000   0   0    -0.000917 
  5 308   0.415580       48.488        9.585     0.651891       26.022   5.87     0.637934        0.000     0.000000     0.760000     0.120000   0   0    -0.000593 
  6 308   0.415763       48.488        9.563     0.652387       26.022   5.87     0.637934        0.000     0.000000     0.853333     0.093333   0   0    -0.000158 
  7 308   0.503375       50.918        9.563     0.648921       28.517   6.43     0.628378        0.024     0.150498     0.973333     0.120000   0   0     0.017084 
  8 308   0.429567       52.718        9.563     0.646955       30.686   6.92     0.623144        0.555     0.354141     1.160000     0.186667   0   0     0.026759 
  9 308   0.427438       52.763        9.563     0.647033       30.686   6.92     0.623144        0.000     0.000000     1.213333     0.053333   0   0     0.026759 
 10 308   0.428997       52.740        9.563     0.647183       30.686   6.92     0.623144        0.000     0.000000     1.360000     0.146667   0   0     0.026326 
 11 308   0.471431       69.030        7.875     0.690351       45.985  10.38     0.667578        9.806     0.583315     2.133333     0.773333   0   0     0.022917 
 12 308   0.503136       71.955        8.145     0.691131       49.111  11.08     0.666078        2.103     0.224096     2.466667     0.333333   0   0     0.027469 
 13 308   0.602514      130.725       21.780     0.685811       65.702  14.82     0.681693        1.140     0.273354     4.746667     2.280000   0   0     0.031929 
 14 308   0.606694      194.625       53.235     0.641647       77.727  17.54     0.677483        0.789     0.154465    14.213333     9.466667   0   0     0.045547 
 15 308   0.650298      208.170       50.603     0.649035       88.205  19.90     0.680382        1.220     0.284745    27.106667    12.893333   0   0     0.049532 
 16 308   0.578450      247.928      103.275     0.641234      103.343  23.32     0.671063        1.293     0.169169    37.973333    10.866667   0   0     0.056728 
 17 308   0.584463      281.520      129.015     0.647241      123.229  27.80     0.674129        1.635     0.246564    54.733333    16.760000   0   0     0.070449 
 18 308   0.748665      297.360      116.483     0.651638      136.184  30.73     0.678670        2.545     0.092934    68.160000    13.426667   0   0     0.084324 
 19 308   0.578745      301.500      116.460     0.652923      140.930  31.80     0.676907        2.477     0.279624    83.066667    14.906667   0   0     0.091889 
 20 308   0.595781      306.225      114.593     0.658388      149.117  33.65     0.675848        1.967     0.377748    97.466667    14.400000   0   0     0.089131 
 21 308   0.560281      306.765      114.300     0.660634      149.991  33.84     0.677415        1.457     0.263439   108.586667    11.120000   0   0     0.089131 
 22 308   0.476258      308.880      113.220     0.662511      151.764  34.24     0.678772        1.798     0.117711   115.666667     7.080000   0   0     0.113108 
 23 308   0.476776      309.218      112.883     0.664493      154.740  34.91     0.677140        3.422     0.286186   127.213333    11.546667   0   0     0.111071 
 24 308   0.571216      312.705      105.435     0.680647      167.566  37.81     0.678648        3.523     0.345022   138.693333    11.480000   0   0     0.121206 
 25 308   0.598539      344.970      143.280     0.688906      182.381  41.15     0.686280        2.702     0.144042   142.786667     4.093333   0   0     0.146455 
 26 308   0.787070      368.685      132.008     0.682933      199.710  45.06     0.685646        3.957     0.214397   146.626667     3.840000   0   0     0.150082 
 27 308   0.576039      372.983      128.790     0.687025      207.380  46.79     0.685992        1.561     0.172477   149.960000     3.333333   0   0     0.170391 
 28 308   0.642850      387.743      135.293     0.703045      226.769  51.17     0.694304        2.771     0.257247   150.680000     0.720000   0   0     0.163504 
 29 308   0.655150      404.055      137.835     0.695502      236.037  53.26     0.689276        1.561     0.633654   153.960000     3.280000   0   0     0.222436 
 30 308   0.554733      408.983      136.508     0.694847      243.222  54.88     0.683891        0.416     0.525531   158.093333     4.133333   0   0     0.220557 
 31 308   0.568173      410.918      136.485     0.697588      247.482  55.84     0.684264        0.839     0.381052   161.240000     3.146667   0   0     0.234549 
 32 308   0.582028      419.378      110.655     0.704400      259.795  58.62     0.687531        3.240     0.279116   164.946667     3.706667   0   0     0.234549 
 33 308   0.659012      434.363       93.375     0.700977      273.412  61.69     0.684691        1.110     0.173971   167.746667     2.800000   0   0     0.229798 
 34 308   0.665295      435.420       88.763     0.704634      277.687  62.65     0.685206        0.712     0.191632   170.573333     2.826667   0   0     0.230472 
 35 308   0.508397      442.058       72.698     0.709517      285.618  64.44     0.691513        0.699     0.497886   172.893333     2.320000   0   0     0.246502 
 36 308   0.453753      444.398       70.313     0.713023      289.917  65.41     0.691928        0.505     0.167060   175.840000     2.946667   0   0     0.233271 
 37 308   0.417845      445.208       68.513     0.713693      291.789  65.84     0.692829        0.319     0.163823   179.573333     3.733333   0   0     0.230100 
 38 308   0.512409      445.883       67.950     0.715214      293.509  66.22     0.692934        1.443     0.131253   182.013333     2.440000   0   0     0.249886 
 39 308   0.419605      446.220       67.433     0.716275      294.137  66.37     0.694800        1.641     0.149060   184.960000     2.946667   0   0     0.251122 
 40 308   0.458583      447.840       65.430     0.719060      296.988  67.01     0.696999        2.066     0.009715   187.546667     2.586667   0   0     0.269088 
 41 308   0.419615      449.910       64.395     0.722968      300.182  67.73     0.700205        4.033     0.003683   191.280000     3.733333   1   0     0.269375 
 42 308   0.456476      450.833       62.663     0.724576      302.205  68.19     0.700958        0.508     0.130609   195.573333     4.293333   0   0     0.269375 
 43 308   0.520686      452.363       62.010     0.729573      306.120  69.07     0.704136        3.579     0.156276   198.400000     2.826667   0   0     0.280975 
 44 308   0.502186      451.980       61.560     0.731397      308.018  69.50     0.704255        0.264     0.140133   200.533333     2.133333   0   0     0.224111 
 45 308   0.416071      451.980       61.560     0.731446      308.018  69.50     0.704255        3.700     0.016143   202.373333     1.840000   1   0     0.226259 
 46 308   0.392378      452.070       61.515     0.732906      308.764  69.67     0.705345        2.991     0.354815   205.373333     3.000000   0   0     0.231986 
 47 308   0.444644      452.070       61.515     0.733235      308.779  69.67     0.705743        0.489     0.004658   207.266667     1.893333   0   0     0.234464 
 48 308   0.450365      452.070       61.560     0.733855      309.372  69.80     0.706155        3.257     0.026139   209.293333     2.026667   1   0     0.233427 
 49 308   0.423876      451.733       61.538     0.734778      309.581  69.85     0.706989        1.994     0.195789   211.253333     1.960000   0   0     0.233124 
 50 308   0.445706      451.733       61.538     0.736372      309.816  69.90     0.708758        3.614     0.030664   212.720000     1.466667   1   0     0.233124 
 51 308   0.403673      451.778       61.538     0.737092      310.623  70.09     0.708964        0.380     0.146919   215.253333     2.533333   0   0     0.233405 
 52 308   0.412529      451.778       61.538     0.739014      310.714  70.11     0.711297        3.091     0.002277   218.173333     2.920000   1   0     0.234875 
 53 308   0.414253      451.845       61.245     0.739620      311.111  70.20     0.711582        5.349     0.032857   219.693333     1.520000   1   0     0.235162 
 54 308   0.425550      451.935       61.245     0.739718      311.211  70.22     0.711666        0.602     0.019907   222.613333     2.920000   0   0     0.236666 
 55 308   0.430392      450.900       61.178     0.743548      314.626  70.99     0.712002        3.295     0.014210   225.680000     3.066667   1   0     0.234158 
 56 308   0.418126      450.720       61.133     0.744030      315.788  71.25     0.711615        3.523     0.011689   230.000000     4.320000   1   0     0.234030 
 57 308   0.413541      450.743       61.110     0.745433      316.749  71.47     0.712136        3.422     0.030279   241.693333    11.693333   1   0     0.235853 
 58 308   0.426365      450.788       61.065     0.745782      316.764  71.47     0.712605        1.563     0.166006   250.106667     8.413333   0   0     0.230052 
 59 308   0.449621      450.788       61.065     0.745828      316.764  71.47     0.712721        0.238     0.024111   260.506667    10.400000   0   0     0.233764 
 60 308   0.560856      451.305       60.480     0.747701      318.645  71.90     0.712932        5.658     0.315039   265.226667     4.720000   0   0     0.299564 
 61 308   0.627788      452.948       59.490     0.749611      321.302  72.49     0.713490        1.334     0.155293   269.160000     3.933333   0   0     0.332856 
 62 308   0.521227      454.230       60.143     0.749567      322.798  72.83     0.713095        0.102     0.149991   273.186667     4.026667   0   0     0.342835 
 63 308   0.433183      454.230       60.143     0.749790      323.073  72.89     0.713005        7.028     0.002912   277.266667     4.080000   1   0     0.343908 
 64 308   0.435711      454.230       60.143     0.749797      323.073  72.89     0.713014        0.019     0.317977   287.306667    10.040000   0   0     0.346992 
 65 308   0.452471      455.153       59.468     0.751467      324.627  73.25     0.715308        3.613     0.098389   297.320000    10.013333   1   0     0.350475 
 66 308   0.417624      455.423       58.253     0.753268      326.389  73.64     0.717730        1.172     0.131763   317.013333    19.693333   0   0     0.351614 
 67 308   0.540140      457.605       56.408     0.754190      328.055  74.02     0.718451        4.767     0.384191   322.613333     5.600000   0   0     0.397390 
 68 308   0.422829      456.773       56.070     0.756475      329.515  74.35     0.719638        4.767     0.217525   327.093333     4.480000   1   0     0.398157 
 69 308   0.420863      456.683       55.373     0.758644      331.148  74.72     0.722488        1.026     0.184020   342.933333    15.840000   0   0     0.398475 
 70 308   0.432864      456.773       55.013     0.758719      331.298  74.75     0.722746        8.613     0.247955   358.480000    15.546667   1   0     0.397638 
 71 308   0.425575      456.773       55.013     0.758793      331.313  74.75     0.722809        0.221     0.118276   361.506667     3.026667   0   0     0.400061 
 72 308   0.430740      456.773       55.013     0.758797      331.313  74.75     0.722809        0.000     0.000000   363.880000     2.373333   0   1     0.400061 
 73 308   0.048379      458.955       48.713     0.766922      337.635  76.18     0.722846        6.612     0.195174   370.346667     6.466667   0   1     0.396106 
 74 308   0.093093      462.195       31.838     0.771994      345.673  77.99     0.724107        0.837     0.453520   377.293333     6.946667   0   1     0.410509 
 75 308   0.118589      467.933       28.080     0.772780      350.752  79.14     0.724377        2.357     0.288873   380.693333     3.400000   0   1     0.409637 
 76 308   0.032356      472.343       45.675     0.773707      351.373  79.28     0.725068       10.811     0.117102   384.680000     3.986667   0   1     0.409212 
 77 308   0.029685      472.793       45.270     0.775446      354.511  79.99     0.725690       10.811     0.007177   387.880000     3.200000   1   1     0.409073 
 78 308   0.024145      474.053       39.105     0.783357      364.272  82.19     0.730701        4.328     0.415377   406.120000    18.240000   0   1     0.411164 
 79 308   0.016068      474.098       38.880     0.785185      367.318  82.88     0.732171        3.537     0.433518   416.386667    10.266667   0   1     0.414197 
 80 308   0.017325      474.098       38.880     0.786104      369.767  83.43     0.734294        3.537     0.287536   423.266667     6.880000   1   1     0.414168 
 81 308   0.003874      476.213       45.000     0.786304      370.212  83.53     0.734158       12.646     0.455599   426.640000     3.373333   0   1     0.414418 
 82 308   0.005841      475.965       44.978     0.786945      371.429  83.81     0.735857       12.646     0.268248   430.933333     4.293333   1   1     0.414404 
 83 308   0.004025      476.055       44.955     0.788617      373.038  84.17     0.737670        2.559     0.561877   455.626667    24.693333   0   1     0.414915 
 84 308   0.014377      476.258       44.258     0.792842      375.676  84.76     0.742082        2.313     0.557244   465.386667     9.760000   0   1     0.417007 
 85 308   0.014797      477.405       41.760     0.794398      380.064  85.75     0.741455       16.547     0.150941   468.386667     3.000000   0   1     0.420528 
 86 308   0.007057      477.090       41.693     0.794947      381.108  85.99     0.742077        3.785     0.131790   471.826667     3.440000   0   1     0.420518 
 87 308   0.033942      477.563       41.985     0.796590      382.086  86.21     0.743817        1.494     0.424670   475.360000     3.533333   0   1     0.427104 
 88 308   0.033948      477.900       41.738     0.798290      382.956  86.41     0.746152        4.715     0.019769   477.986667     2.626667   1   1     0.426439 
 89 308   0.022095      479.835       41.108     0.802385      385.224  86.92     0.750170        1.603     0.018195   479.586667     1.600000   0   1     0.428040 
 90 308   0.028958      480.375       40.973     0.803328      385.376  86.95     0.751240        0.503     0.006910   481.360000     1.773333   0   1     0.428412 
 91 308   0.022176      482.940       39.735     0.804986      386.391  87.18     0.753016        0.019     0.151833   483.773333     2.413333   0   1     0.430084 
 92 308   0.010928      483.165       39.465     0.806132      386.979  87.31     0.753975       19.794     0.286007   490.840000     7.066667   0   1     0.433055 
 93 308   0.005621      483.165       39.465     0.806402      387.278  87.38     0.754754        4.059     0.373895   507.493333    16.653333   0   1     0.432761 
 94 308   0.006243      483.165       39.465     0.806537      387.726  87.48     0.754797        0.703     0.121833   523.546667    16.053333   0   1     0.433465 
 95 308   0.011943      483.165       39.330     0.806772      387.805  87.50     0.755492        1.573     0.219111   532.826667     9.280000   0   1     0.433867 
 96 308   0.015467      483.165       39.330     0.806777      387.808  87.50     0.755516        0.382     0.019821   540.893333     8.066667   0   1     0.433692 
 97 308   0.015705      483.165       39.330     0.806781      387.810  87.50     0.755533        0.105     0.000673   550.133333     9.240000   0   1     0.434526 
 98 308   0.015618      483.795       38.655     0.807153      388.542  87.67     0.756223        4.393     0.020469   559.560000     9.426667   1   1     0.431684 
 99 308   0.006547      483.795       38.655     0.807266      388.610  87.68     0.756434        3.513     0.132446   576.173333    16.613333   0   1     0.432998 
100 308   0.015560      483.795       38.655     0.807286      388.611  87.68     0.756473        1.692     0.144257   585.520000     9.346667   0   1     0.440197 
