#scene........................: /home/eldamian/nbvEverardo/models/laboratory.wrl
#triangles....................: 361767
#Total triangles' area........: 443.205414 (m2)
#sensor aperture..............: 135.000000 x 70.000000 (deg)
#range image size.............: 350 x 80
#sensor blind distances.......: 0.500000 .. 30.000000 (m)
#sensor blind angle...........: 80.000000
#sensor Gaussian noise std dev: 0.012000 (m)
#views number.................: 100 
#optimization method..........: Simulated Annealing
#robust optimization..........: ON
#view iterations fitness vxl_occupied(m2) occplane(m2) vxl_quality tri_imaged(m2) tri_imaged(%) tri_quality travelled(m) energy total_time single_time backstep change delta_f_accum
  0   0  -0.000000       18.338        0.000     0.641809       15.030   3.39     0.643016        0.000     0.000000     0.000000     0.000000   0   0     0.000000 
  1 300   0.644313       27.473        0.000     0.628786       22.845   5.15     0.633184        0.000     0.077427     0.240000     0.240000   0   0     0.000000 
  2 300   0.618759       80.010       29.993     0.567034       32.130   7.25     0.621199        0.000     0.109925     0.586667     0.346667   0   0     0.000000 
  3 300   0.606818      117.968       24.300     0.658974       56.200  12.68     0.693017        6.680     0.260011     1.400000     0.813333   0   0     0.011356 
  4 300   0.631774      181.508       58.995     0.620623       73.176  16.51     0.667071        1.526     0.340854     5.760000     4.360000   0   0     0.012301 
  5 300   0.616223      220.995       63.113     0.651000       91.524  20.65     0.686975        0.268     0.185065    10.040000     4.280000   0   0     0.015426 
  6 300   0.661078      260.370       94.433     0.653383      109.560  24.72     0.689215        1.336     0.301086    21.226667    11.186667   0   0     0.033869 
  7 300   0.732896      269.078       89.033     0.655095      120.186  27.12     0.691348        2.030     0.108828    35.840000    14.613333   0   0     0.038645 
  8 300   0.598758      284.918       61.763     0.657118      133.352  30.09     0.682472        2.636     0.007712    49.600000    13.760000   0   0     0.038038 
  9 300   0.557459      289.845       61.020     0.659156      140.825  31.77     0.678713        0.519     0.529522    64.760000    15.160000   0   0     0.075517 
 10 300   0.542630      290.453       60.323     0.663793      143.683  32.42     0.680501        6.062     0.156061    76.506667    11.746667   0   0     0.043608 
 11 300   0.505676      291.780       56.610     0.666559      147.119  33.19     0.681009        2.961     0.182469    93.773333    17.266667   0   0     0.067347 
 12 300   0.426062      314.303       85.523     0.671490      161.850  36.52     0.681499        3.102     0.529933   108.320000    14.546667   0   0     0.089605 
 13 300   0.435149      317.093      124.808     0.681029      168.348  37.98     0.685218        5.569     0.019027   125.000000    16.680000   0   0     0.103365 
 14 300   0.462299      317.295      124.583     0.682885      170.298  38.42     0.684900        3.543     0.299868   139.106667    14.106667   0   0     0.103300 
 15 300   0.412886      316.980      124.403     0.686674      173.520  39.15     0.683999        3.543     0.023277   151.306667    12.200000   1   0     0.102363 
 16 300   0.498542      323.663      139.500     0.689494      181.331  40.91     0.684235        5.536     0.174546   169.373333    18.066667   0   0     0.145389 
 17 300   0.657816      367.290      151.470     0.689046      201.335  45.43     0.689111        7.628     0.120900   171.640000     2.266667   0   0     0.148218 
 18 300   0.600463      374.805      139.343     0.684302      206.665  46.63     0.686849        2.614     0.303191   180.013333     8.373333   0   0     0.172905 
 19 300   0.407945      374.963      140.738     0.688803      207.998  46.93     0.687701        5.226     0.005060   185.200000     5.186667   1   0     0.174566 
 20 300   0.420037      375.480      140.490     0.692257      209.699  47.31     0.688552        5.536     0.007879   203.386667    18.186667   1   0     0.174308 
 21 300   0.397512      376.718      139.410     0.694289      212.740  48.00     0.688605        5.569     0.019027   220.600000    17.213333   1   0     0.173016 
 22 300   0.410787      376.673      139.410     0.695558      213.057  48.07     0.690278        0.739     0.141180   237.933333    17.333333   0   0     0.175061 
 23 300   0.418634      376.920      139.365     0.700302      215.952  48.73     0.694589        3.620     0.022007   252.173333    14.240000   1   0     0.178848 
 24 300   0.394121      377.888      139.343     0.702424      218.644  49.33     0.696387        2.594     0.132428   265.066667    12.893333   0   0     0.180392 
 25 300   0.418934      378.315      137.813     0.705849      220.397  49.73     0.701479        0.529     0.194733   280.000000    14.933333   0   0     0.179534 
 26 300   0.429713      379.373      136.890     0.710102      223.755  50.49     0.700837        5.686     0.201435   292.493333    12.493333   1   0     0.181651 
 27 300   0.404582      378.923      136.845     0.710344      223.755  50.49     0.700837        6.062     0.010079   306.426667    13.933333   1   0     0.186981 
 28 300   0.424614      378.923      136.260     0.712783      225.062  50.78     0.704878        0.123     0.259646   320.173333    13.746667   0   0     0.187371 
 29 300   0.434074      378.923      136.260     0.713232      225.062  50.78     0.704878        7.628     0.132707   327.320000     7.146667   1   0     0.187371 
 30 300   0.465464      379.958      134.640     0.714131      226.991  51.22     0.704421        0.502     0.277760   339.733333    12.413333   0   0     0.159939 
 31 300   0.632253      389.363      130.005     0.714028      234.116  52.82     0.702607        6.101     0.330424   340.533333     0.800000   0   0     0.199165 
 32 300   0.524852      411.278      107.708     0.719533      252.404  56.95     0.702745        1.514     0.475178   342.546667     2.013333   0   0     0.203492 
 33 300   0.522405      428.940       73.598     0.724127      265.022  59.80     0.701918        3.044     0.446438   344.120000     1.573333   0   0     0.243429 
 34 300   0.597404      440.438       53.955     0.721333      273.999  61.82     0.698918        1.674     0.272090   345.786667     1.666667   0   0     0.270273 
 35 300   0.409923      441.540       53.033     0.725686      280.757  63.35     0.701538        2.566     0.360807   347.426667     1.640000   0   0     0.261506 
 36 300   0.657362      446.040       50.063     0.727229      289.403  65.30     0.700949        4.683     0.177701   349.786667     2.360000   0   0     0.261066 
 37 300   0.630847      451.485       45.450     0.725725      294.536  66.46     0.698637        2.588     0.123329   350.986667     1.200000   0   0     0.267088 
 38 300   0.418664      454.118       41.108     0.729138      301.378  68.00     0.700249        1.316     0.134530   352.800000     1.813333   0   0     0.265564 
 39 300   0.585369      454.523       40.208     0.730177      303.655  68.51     0.700879        4.510     0.123330   354.840000     2.040000   0   0     0.182684 
 40 300   0.667219      455.288       39.060     0.731634      306.064  69.06     0.701008        1.569     0.374987   356.173333     1.333333   0   0     0.170892 
 41 300   0.435351      458.213       33.998     0.737575      311.805  70.35     0.702418        4.899     0.007563   358.346667     2.173333   1   0     0.173535 
 42 300   0.387875      459.158       32.985     0.739267      314.134  70.88     0.702391        4.386     0.319418   360.026667     1.680000   0   0     0.162831 
 43 300   0.414446      458.528       32.918     0.740892      315.751  71.24     0.702816        4.386     0.006769   361.693333     1.666667   1   0     0.164119 
 44 300   0.442247      460.013       31.073     0.743484      318.384  71.84     0.703400        1.035     0.351302   363.840000     2.146667   0   0     0.161498 
 45 300   0.417576      459.788       31.073     0.743576      318.446  71.85     0.703532        4.150     0.171222   366.146667     2.306667   0   0     0.163715 
 46 300   0.443225      459.855       30.825     0.743977      319.430  72.07     0.702752        4.150     0.004555   367.733333     1.586667   1   0     0.166374 
 47 300   0.386551      459.990       30.645     0.745288      320.299  72.27     0.703409        4.433     0.168574   368.946667     1.213333   0   0     0.173801 
 48 300   0.414883      459.990       30.645     0.746346      320.943  72.41     0.703885        4.433     0.001907   374.160000     5.213333   1   0     0.167093 
 49 300   0.415907      459.833       30.645     0.748334      322.020  72.66     0.704721        4.079     0.002549   375.626667     1.466667   1   0     0.163116 
 50 300   0.429519      459.563       30.645     0.749081      322.360  72.73     0.705768        0.736     0.032230   383.800000     8.173333   0   0     0.164505 
 51 300   0.434634      459.473       30.645     0.749443      322.670  72.80     0.706009        3.293     0.004757   386.013333     2.213333   1   0     0.160044 
 52 300   0.411028      459.248       30.600     0.750298      323.217  72.93     0.706386        4.088     0.004194   387.360000     1.346667   1   0     0.160044 
 53 300   0.423479      459.338       30.600     0.750336      323.217  72.93     0.706386        0.000     0.000000   396.440000     9.080000   0   1     0.160044 
 54 300   0.006613      460.035       30.128     0.754132      325.704  73.49     0.708688        5.804     0.343133   403.426667     6.986667   0   1     0.147545 
 55 300   0.007430      460.035       30.128     0.754422      326.458  73.66     0.708318        5.804     0.009800   418.506667    15.080000   1   1     0.147511 
 56 300   0.001201      460.035       29.948     0.758269      329.835  74.42     0.713184        1.680     0.144418   419.320000     0.813333   0   1     0.147002 
 57 300   0.020265      460.125       29.498     0.758909      330.708  74.62     0.713488       10.925     0.290670   425.866667     6.546667   0   1     0.141641 
 58 300   0.006900      459.923       29.273     0.760010      333.491  75.25     0.714376        3.235     0.261700   442.106667    16.240000   0   1     0.141163 
 59 300   0.009109      459.878       28.890     0.760269      334.632  75.50     0.715350        1.583     0.174234   458.066667    15.960000   0   1     0.142238 
 60 300   0.015520      459.878       28.890     0.760760      335.205  75.63     0.716154        1.009     0.121111   472.426667    14.360000   0   1     0.142945 
 61 300   0.016029      460.013       28.665     0.762679      337.667  76.19     0.718026        4.159     0.001146   488.826667    16.400000   1   1     0.141669 
 62 300   0.024306      460.013       26.955     0.770159      344.699  77.77     0.722081        6.461     0.491927   503.226667    14.400000   0   1     0.133099 
 63 300   0.006786      460.845       22.793     0.772857      350.194  79.01     0.722751        9.699     0.506464   508.840000     5.613333   0   1     0.133569 
 64 300   0.002656      460.868       22.590     0.773461      351.916  79.40     0.723765        2.200     0.334115   510.733333     1.893333   0   1     0.133529 
 65 300   0.032222      460.935       22.523     0.774144      352.761  79.59     0.724170        1.891     0.191574   512.546667     1.813333   0   1     0.142155 
 66 300   0.032054      461.093       21.870     0.781229      358.351  80.85     0.729473        3.393     0.024126   516.213333     3.666667   1   1     0.141906 
 67 300   0.031221      462.465       19.598     0.782899      361.360  81.53     0.729651        2.476     0.506681   518.133333     1.920000   0   1     0.144515 
 68 300   0.002262      462.150       19.598     0.783720      361.853  81.64     0.730823        2.977     0.251886   520.120000     1.986667   0   1     0.144885 
 69 300   0.030970      461.813       19.665     0.783932      361.961  81.67     0.730783        3.411     0.084939   522.626667     2.506667   0   1     0.154289 
 70 300   0.031905      462.173       19.710     0.784323      362.792  81.86     0.731356        3.411     0.007512   527.000000     4.373333   1   1     0.154244 
 71 300   0.012289      461.993       19.665     0.784877      364.249  82.19     0.731120        2.543     0.135409   528.786667     1.786667   0   1     0.156744 
 72 300   0.015487      462.038       19.665     0.785035      364.300  82.20     0.731432        0.397     0.132492   530.800000     2.013333   0   1     0.156852 
 73 300   0.015886      462.375       19.463     0.789332      366.862  82.77     0.733555        5.201     0.004875   533.080000     2.280000   1   1     0.156993 
 74 300   0.056451      466.155       20.723     0.789487      368.581  83.16     0.733817        3.979     0.349197   534.866667     1.786667   0   1     0.151827 
 75 300   0.020756      466.178       20.655     0.789699      369.450  83.36     0.733480        3.979     0.015863   536.373333     1.506667   1   1     0.151554 
 76 300   0.001898      466.560       26.213     0.791164      371.478  83.82     0.735255       12.323     0.617853   543.653333     7.280000   0   1     0.151689 
 77 300   0.003260      466.898       26.235     0.791533      371.808  83.89     0.735700        0.911     0.398935   559.373333    15.720000   0   1     0.151763 
 78 300   0.004419      467.190       26.708     0.792042      372.955  84.15     0.736411        3.696     0.686796   574.453333    15.080000   0   1     0.151927 
 79 300   0.007361      467.910       25.763     0.793532      375.090  84.63     0.738221        0.098     0.535281   591.813333    17.360000   0   1     0.151199 
 80 300   0.011873      468.203       25.560     0.795831      376.140  84.87     0.739676        4.448     0.193799   607.600000    15.786667   0   1     0.152365 
 81 300   0.012674      468.585       25.493     0.797385      377.786  85.24     0.741946        4.448     0.027132   626.653333    19.053333   1   1     0.152379 
 82 300   0.004431      468.495       25.313     0.797370      378.383  85.37     0.742302        4.242     0.623131   642.160000    15.506667   0   1     0.152671 
 83 300   0.005475      468.450       25.313     0.797388      378.847  85.48     0.742225        4.242     0.179873   656.093333    13.933333   1   1     0.152671 
 84 300   0.003058      468.405       25.178     0.799416      380.354  85.82     0.744069        2.736     0.451066   676.133333    20.040000   0   1     0.152846 
 85 300   0.005019      468.675       25.358     0.799621      380.388  85.83     0.744585        2.611     0.266150   692.213333    16.080000   0   1     0.153038 
 86 300   0.006109      468.675       25.358     0.799649      380.562  85.87     0.744494        1.296     0.714655   708.120000    15.906667   0   1     0.153284 
 87 300   0.007927      468.675       25.358     0.799663      380.562  85.87     0.744494        4.379     0.002562   725.546667    17.426667   1   1     0.153284 
 88 300   0.003989      469.125       25.493     0.800112      381.128  85.99     0.745092        3.866     0.645858   738.680000    13.133333   0   1     0.153576 
 89 300   0.005123      469.305       25.493     0.800497      381.927  86.17     0.745386        3.866     0.145858   753.520000    14.840000   1   1     0.153513 
 90 300   0.002787      469.035       25.493     0.800813      382.424  86.29     0.745987        3.569     0.121659   773.133333    19.613333   0   1     0.153426 
 91 300   0.003666      468.900       25.448     0.800856      382.625  86.33     0.745978        0.380     0.446317   790.293333    17.160000   0   1     0.153614 
 92 300   0.014153      472.298       22.905     0.802434      386.597  87.23     0.747222        5.010     0.342438   806.520000    16.226667   0   1     0.153549 
 93 300   0.004406      472.590       23.468     0.802457      386.622  87.23     0.747338        4.862     0.385207   821.373333    14.853333   0   1     0.153702 
 94 300   0.005013      472.523       23.445     0.802550      386.835  87.28     0.747599        4.862     0.108616   833.360000    11.986667   1   1     0.153769 
 95 300   0.006867      472.635       23.423     0.803040      387.372  87.40     0.748340        5.680     0.165523   849.320000    15.960000   0   1     0.154812 
 96 300   0.011237      472.815       23.400     0.803410      387.399  87.41     0.748893        1.528     0.000834   868.306667    18.986667   0   1     0.152497 
 97 300   0.007584      473.040       23.400     0.803783      388.245  87.60     0.749482        6.136     0.020375   885.946667    17.640000   1   1     0.152497 
 98 300   0.002879      473.738       24.278     0.804154      388.417  87.64     0.749982        5.189     0.003802   904.640000    18.693333   0   1     0.151860 
 99 300   0.003406      473.693       24.278     0.804242      388.417  87.64     0.749982        5.189     0.003802   918.973333    14.333333   1   1     0.151860 
100 300   0.001783      473.693       24.278     0.804965      388.811  87.73     0.750803        5.633     0.831645   931.746667    12.773333   0   1     0.151575 
