#scene........................: /home/eldamian/nbvEverardo/models/laboratory.wrl
#triangles....................: 361767
#Total triangles' area........: 443.205414 (m2)
#sensor aperture..............: 135.000000 x 70.000000 (deg)
#range image size.............: 350 x 80
#sensor blind distances.......: 0.500000 .. 30.000000 (m)
#sensor blind angle...........: 80.000000
#sensor Gaussian noise std dev: 0.012000 (m)
#views number.................: 100 
#optimization method..........: Simulated Annealing
#robust optimization..........: ON
#view iterations fitness vxl_occupied(m2) occplane(m2) vxl_quality tri_imaged(m2) tri_imaged(%) tri_quality travelled(m) energy total_time single_time backstep change delta_f_accum
  0   0  -0.000000       18.338        0.000     0.641809       15.030   3.39     0.643016        0.000     0.000000     0.000000     0.000000   0   0     0.000000 
  1 300   0.644313       27.473        0.000     0.628786       22.845   5.15     0.633184        0.000     0.077427     0.226667     0.226667   0   0     0.000000 
  2 300   0.618759       80.010       29.993     0.567034       32.130   7.25     0.621199        0.000     0.109925     0.520000     0.293333   0   0     0.000000 
  3 300   0.607478      117.968       24.300     0.658974       56.200  12.68     0.693017        6.680     0.260011     1.306667     0.786667   0   0     0.011356 
  4 300   0.631596      181.508       58.995     0.620623       73.176  16.51     0.667071        1.526     0.340854     5.546667     4.240000   0   0     0.012301 
  5 300   0.616577      220.995       63.113     0.651000       91.524  20.65     0.686975        0.268     0.185065     9.813333     4.266667   0   0     0.015426 
  6 300   0.596629      228.465       61.673     0.655350      100.767  22.74     0.681515        0.672     0.486757    21.173333    11.360000   0   0     0.028069 
  7 300   0.588737      268.335       87.548     0.658007      121.230  27.35     0.681936        0.910     0.532890    33.546667    12.373333   0   0     0.034009 
  8 300   0.592435      284.828       75.128     0.668717      135.738  30.63     0.683180        1.128     0.238577    47.266667    13.720000   0   0     0.045206 
  9 300   0.527377      287.573       75.105     0.669429      139.690  31.52     0.679930        0.567     0.422301    64.253333    16.986667   0   0     0.134588 
 10 300   0.531302      287.820       69.188     0.687139      148.704  33.55     0.688619        3.611     0.286211    77.906667    13.653333   0   0     0.120978 
 11 300   0.437181      287.798       69.143     0.690885      151.418  34.16     0.688320        4.169     0.258674    92.146667    14.240000   0   0     0.142714 
 12 300   0.573183      287.933       63.833     0.692980      159.591  36.01     0.685458        3.426     0.279013   105.240000    13.093333   0   0     0.171853 
 13 300   0.528384      295.875      171.473     0.705983      168.382  37.99     0.690304        0.865     0.257570   117.733333    12.493333   0   0     0.228147 
 14 300   0.505923      296.123      170.078     0.711071      171.712  38.74     0.692324        2.645     0.287772   128.320000    10.586667   0   0     0.259765 
 15 300   0.561217      298.418      162.833     0.722437      179.306  40.46     0.700880        0.312     0.287859   139.226667    10.906667   0   0     0.277411 
 16 300   0.487809      298.733      161.955     0.724607      180.600  40.75     0.701967        2.388     0.290211   156.080000    16.853333   0   0     0.288746 
 17 300   0.440804      299.093      161.640     0.729561      183.544  41.41     0.704813        4.810     0.013533   170.280000    14.200000   1   0     0.291311 
 18 300   0.395302      300.353      160.110     0.734355      186.269  42.03     0.711674        3.376     0.185642   187.520000    17.240000   0   0     0.292355 
 19 300   0.422589      300.218      160.110     0.734811      186.269  42.03     0.711674        3.376     0.185642   201.253333    13.733333   1   0     0.292268 
 20 300   0.401949      300.375      160.065     0.737476      186.934  42.18     0.713865        0.851     0.324567   212.960000    11.706667   0   0     0.289808 
 21 300   0.430073      300.375      160.065     0.737500      186.934  42.18     0.713865        4.965     0.002289   224.000000    11.040000   1   0     0.290180 
 22 300   0.420252      301.950      157.433     0.740487      189.572  42.77     0.715380        2.604     0.258384   241.680000    17.680000   0   0     0.290180 
 23 300   0.403477      301.950      157.433     0.742004      190.173  42.91     0.716371        6.464     0.000290   254.626667    12.946667   1   0     0.291111 
 24 300   0.422854      301.950      156.623     0.742318      191.476  43.20     0.717939        3.611     0.030304   269.893333    15.266667   1   0     0.291161 
 25 300   0.395723      306.383      146.520     0.750225      201.948  45.57     0.715529        8.640     0.107690   283.760000    13.866667   1   0     0.291161 
 26 300   0.370651      307.800      140.715     0.755163      207.964  46.92     0.722221        7.085     0.195710   294.386667    10.626667   0   0     0.293228 
 27 300   0.422766      309.488      133.695     0.759200      215.098  48.53     0.719635        7.085     0.118284   306.293333    11.906667   1   0     0.293228 
 28 300   0.372864      309.488      131.400     0.763359      218.714  49.35     0.724387        6.098     0.109846   321.053333    14.760000   0   0     0.293774 
 29 300   0.413849      309.915      131.423     0.763540      218.714  49.35     0.724387        6.098     0.109846   334.933333    13.880000   1   0     0.293774 
 30 300   0.397542      309.623      146.880     0.765496      220.280  49.70     0.726954        4.234     0.254764   351.573333    16.640000   0   0     0.293774 
 31 300   0.427622      350.505      101.003     0.741993      228.481  51.55     0.723555        4.234     0.144839   364.840000    13.266667   1   0     0.293774 
 32 300   0.393577      349.965      101.318     0.743454      229.079  51.69     0.724028        4.908     0.267709   369.013333     4.173333   0   0     0.288692 
 33 300   0.440575      362.160       96.278     0.728872      236.464  53.35     0.719921        4.908     0.137100   386.000000    16.986667   1   0     0.288692 
 34 300   0.367124      362.070       96.278     0.739433      239.240  53.98     0.730792        6.200     0.234138   400.680000    14.680000   0   0     0.290433 
 35 300   0.416700      362.228       96.210     0.743174      242.074  54.62     0.738400        1.335     0.285140   417.146667    16.466667   0   0     0.292680 
 36 300   0.439015      362.408       93.150     0.745076      244.021  55.06     0.739789        7.456     0.117388   434.493333    17.346667   1   0     0.292680 
 37 300   0.490583      365.895       94.455     0.745390      247.228  55.78     0.738627        4.857     0.330579   446.786667    12.293333   0   0     0.280658 
 38 300   0.403482      365.738       89.235     0.742973      253.473  57.19     0.732678        4.857     0.163912   463.933333    17.146667   1   0     0.280658 
 39 300   0.588060      380.903       76.320     0.756918      272.789  61.55     0.735820        5.249     0.252328   465.066667     1.133333   0   0     0.272767 
 40 300   0.612221      422.730      103.905     0.743576      290.032  65.44     0.732916        1.107     0.287546   466.546667     1.480000   0   0     0.266981 
 41 300   0.517570      425.610       99.090     0.746286      294.142  66.37     0.731435        3.078     0.441794   468.000000     1.453333   0   0     0.247639 
 42 300   0.398298      428.625       95.310     0.749431      301.123  67.94     0.729372        2.773     0.013812   469.413333     1.413333   0   0     0.240908 
 43 300   0.571382      441.653       64.755     0.758128      317.594  71.66     0.733497        1.343     0.355296   470.986667     1.573333   0   0     0.249190 
 44 300   0.441021      444.375       52.943     0.759251      321.938  72.64     0.731943        1.526     0.141765   472.653333     1.666667   0   0     0.256827 
 45 300   0.486752      449.505       45.135     0.760456      327.617  73.92     0.730247        3.913     0.334993   475.306667     2.653333   0   0     0.218329 
 46 300   0.640237      452.925       41.738     0.760293      331.762  74.86     0.728877        0.124     0.351478   477.013333     1.706667   0   0     0.157008 
 47 300   0.418593      453.218       41.580     0.760560      331.762  74.86     0.728877        3.798     0.016485   485.586667     8.573333   1   0     0.160934 
 48 300   0.402711      453.443       41.490     0.764073      336.530  75.93     0.732544        2.617     0.151569   486.880000     1.293333   0   0     0.166864 
 49 300   0.424862      453.330       42.728     0.766431      339.955  76.70     0.732535        5.764     0.137588   489.200000     2.320000   1   0     0.166864 
 50 300   0.392229      453.353       42.615     0.767587      341.728  77.10     0.735568        5.735     0.155676   502.280000    13.080000   0   0     0.169967 
 51 300   0.436266      453.398       42.615     0.767986      342.858  77.36     0.736807        1.120     0.154780   519.840000    17.560000   0   0     0.170382 
 52 300   0.448749      453.308       42.615     0.768281      343.288  77.46     0.736959        6.852     0.146879   541.466667    21.626667   1   0     0.170382 
 53 300   0.380960      453.218       42.615     0.768417      344.564  77.74     0.737356        6.236     0.269669   553.933333    12.466667   0   0     0.172518 
 54 300   0.432608      453.353       42.615     0.768509      344.564  77.74     0.737356        6.236     0.123687   567.880000    13.946667   1   0     0.172518 
 55 300   0.394965      453.353       42.615     0.768854      345.042  77.85     0.738092        6.110     0.121552   579.786667    11.906667   0   0     0.172822 
 56 300   0.436873      453.443       42.615     0.768905      345.042  77.85     0.738092        6.110     0.121552   598.466667    18.680000   1   0     0.172822 
 57 300   0.386816      454.005       42.413     0.769864      346.792  78.25     0.739249        5.546     0.187684   616.493333    18.026667   0   0     0.171462 
 58 300   0.428225      453.983       42.345     0.769877      347.579  78.42     0.738968        5.546     0.021017   631.000000    14.506667   1   0     0.171462 
 59 300   0.383294      454.140       42.255     0.770528      347.852  78.49     0.739625        0.898     0.410444   635.400000     4.400000   0   0     0.171395 
 60 300   0.424447      454.140       42.255     0.770565      347.852  78.49     0.739625        0.000     0.000000   648.893333    13.493333   0   1     0.171410 
 61 300   0.102457      454.883       40.793     0.771802      349.171  78.78     0.741235        1.298     0.273492   653.760000     4.866667   0   1     0.153955 
 62 300   0.047599      455.400       40.275     0.773524      350.719  79.13     0.741483        6.453     0.266307   655.213333     1.453333   0   1     0.151529 
 63 300   0.021508      455.873       39.105     0.774931      353.571  79.78     0.740832        3.916     0.502998   657.560000     2.346667   0   1     0.152753 
 64 300   0.039114      456.953       38.295     0.778741      358.001  80.78     0.742246        4.214     0.535070   659.533333     1.973333   0   1     0.151088 
 65 300   0.069636      457.448       36.765     0.783003      361.855  81.65     0.742700        1.006     0.257473   662.333333     2.800000   0   1     0.139075 
 66 300   0.018310      460.485       31.163     0.786820      366.665  82.73     0.745857        3.558     0.291481   663.773333     1.440000   0   1     0.138532 
 67 300   0.011619      464.400       23.783     0.789121      370.148  83.52     0.747286        2.054     0.168547   665.440000     1.666667   0   1     0.136200 
 68 300   0.072296      465.953       23.310     0.789229      372.429  84.03     0.747063        4.344     0.171246   666.786667     1.346667   0   1     0.136534 
 69 300   0.039420      466.335       23.198     0.789438      374.064  84.40     0.746884        4.344     0.004579   668.800000     2.013333   1   1     0.136601 
 70 300   0.006857      466.538       24.255     0.789900      374.806  84.57     0.746968        4.887     0.505407   670.400000     1.600000   0   1     0.135143 
 71 300   0.013583      467.798       23.513     0.791640      375.867  84.81     0.748438        9.675     0.131406   680.640000    10.240000   0   1     0.137914 
 72 300   0.009471      468.113       23.468     0.792463      376.304  84.91     0.749631        0.514     0.027139   697.226667    16.586667   0   1     0.135998 
 73 300   0.009888      468.113       23.468     0.793104      376.663  84.99     0.750330        9.668     0.005657   716.106667    18.880000   1   1     0.136003 
 74 300   0.005275      468.900       23.085     0.793887      377.819  85.25     0.750884        8.705     0.384683   731.186667    15.080000   0   1     0.136738 
 75 300   0.006584      468.900       23.085     0.793904      378.155  85.32     0.751086        0.591     0.345233   738.013333     6.826667   0   1     0.138877 
 76 300   0.006357      468.675       23.085     0.794123      378.209  85.33     0.751267        9.272     0.006952   750.146667    12.133333   1   1     0.138887 
 77 300   0.040788      471.128       20.183     0.795100      382.101  86.21     0.752178        7.617     0.503186   752.760000     2.613333   0   1     0.137674 
 78 300   0.013985      471.083       20.138     0.796908      383.686  86.57     0.753891        4.016     0.333249   755.413333     2.653333   0   1     0.137360 
 79 300   0.022931      473.288       20.633     0.800396      386.987  87.32     0.756556       10.815     0.023016   759.600000     4.186667   0   1     0.136315 
 80 300   0.014890      473.445       19.890     0.803279      389.619  87.91     0.759137        0.458     0.340896   769.840000    10.240000   0   1     0.137933 
 81 300   0.003785      473.580       19.980     0.803797      389.973  87.99     0.760059        5.075     0.405707   785.160000    15.320000   0   1     0.138144 
 82 300   0.004388      474.008       19.598     0.803924      390.508  88.11     0.760627        5.075     0.093058   802.346667    17.186667   1   1     0.137929 
 83 300   0.001764      473.873       19.598     0.804287      390.889  88.20     0.761221        6.070     0.119449   812.666667    10.320000   0   1     0.138254 
 84 300   0.005103      473.693       19.598     0.804476      391.205  88.27     0.761357        1.254     0.360009   833.706667    21.040000   0   1     0.139005 
 85 300   0.005500      473.760       19.575     0.804532      391.638  88.36     0.761560        5.964     0.202867   850.600000    16.893333   1   1     0.138665 
 86 300   0.005687      473.828       19.103     0.807272      392.612  88.58     0.763023        6.446     0.280887   866.306667    15.706667   0   1     0.139011 
 87 300   0.004932      473.513       18.968     0.807397      392.747  88.62     0.763115        6.446     0.004295   880.093333    13.786667   1   1     0.138221 
 88 300   0.004074      473.153       18.968     0.807592      392.852  88.64     0.763365        5.066     0.209909   890.920000    10.826667   0   1     0.138614 
 89 300   0.004461      473.288       18.968     0.807559      392.852  88.64     0.763365        5.066     0.043243   905.480000    14.560000   1   1     0.137103 
 90 300   0.003417      473.423       19.148     0.808894      393.118  88.70     0.764737        5.666     0.766365   920.546667    15.066667   0   1     0.137435 
 91 300   0.007613      473.378       19.283     0.809017      393.212  88.72     0.764978        0.883     0.767610   937.346667    16.800000   0   1     0.138049 
 92 300   0.009557      473.423       19.283     0.808988      393.212  88.72     0.764978        6.177     0.001245   955.026667    17.680000   1   1     0.137287 
 93 300   0.004902      473.490       19.305     0.809008      393.252  88.73     0.765035        5.396     0.348465   969.946667    14.920000   0   1     0.136439 
 94 300   0.005424      473.670       19.350     0.809252      393.412  88.77     0.765591        5.396     0.181798   986.933333    16.986667   1   1     0.136419 
 95 300   0.001846      473.670       19.350     0.809509      393.514  88.79     0.766130        6.335     0.149356   998.333333    11.400000   0   1     0.136380 
 96 300   0.007094      473.805       19.575     0.809529      393.568  88.80     0.766259        2.891     0.339622  1013.453333    15.120000   0   1     0.137627 
 97 300   0.008191      473.805       19.575     0.809579      393.568  88.80     0.766259        5.858     0.002915  1029.306667    15.853333   1   1     0.137234 
 98 300   0.004322      474.368       19.823     0.809784      393.811  88.86     0.766365        5.760     0.365036  1041.666667    12.360000   0   1     0.137263 
 99 300   0.005070      474.458       19.868     0.809886      393.828  88.86     0.766519        5.760     0.287609  1060.720000    19.053333   1   1     0.137311 
100 300   0.002067      474.840       19.935     0.810009      393.955  88.89     0.766798        6.305     0.793305  1076.480000    15.760000   0   1     0.137074 
