#scene........................: /home/eldamian/nbvEverardo/models/laboratory.wrl
#triangles....................: 361767
#Total triangles' area........: 443.205414 (m2)
#sensor aperture..............: 135.000000 x 70.000000 (deg)
#range image size.............: 350 x 80
#sensor blind distances.......: 0.500000 .. 30.000000 (m)
#sensor blind angle...........: 80.000000
#sensor Gaussian noise std dev: 0.012000 (m)
#views number.................: 100 
#optimization method..........: Evolution Strategy
#robust optimization..........: ON
#view iterations fitness vxl_occupied(m2) occplane(m2) vxl_quality tri_imaged(m2) tri_imaged(%) tri_quality travelled(m) energy total_time single_time backstep change delta_f_accum
  0   0  -0.000000       18.338        0.000     0.641809       15.030   3.39     0.643016        0.000     0.000000     0.000000     0.000000   0   0     0.000000 
  1 308   0.644313       27.473        0.000     0.628786       22.845   5.15     0.633184        0.000     0.077427     0.280000     0.280000   0   0     0.000000 
  2 308   0.436026       47.970        9.743     0.653144       26.022   5.87     0.637934        1.218     0.242428     0.386667     0.106667   0   0    -0.002503 
  3 308   0.414601       48.375        9.743     0.652317       26.022   5.87     0.637934        0.000     0.000000     0.440000     0.053333   0   0    -0.002503 
  4 308   0.414781       48.420        9.698     0.652262       26.022   5.87     0.637934        0.000     0.000000     0.666667     0.226667   0   0    -0.000917 
  5 308   0.415445       48.488        9.585     0.651891       26.022   5.87     0.637934        0.000     0.000000     0.786667     0.120000   0   0    -0.000593 
  6 308   0.415654       48.488        9.563     0.652387       26.022   5.87     0.637934        0.000     0.000000     0.893333     0.106667   0   0    -0.000158 
  7 308   0.497181       50.918        9.563     0.648921       28.517   6.43     0.628378        0.024     0.150498     1.000000     0.106667   0   0     0.017084 
  8 308   0.429567       52.718        9.563     0.646955       30.686   6.92     0.623144        0.555     0.354141     1.186667     0.186667   0   0     0.026759 
  9 308   0.426882       52.763        9.563     0.647033       30.686   6.92     0.623144        0.000     0.000000     1.240000     0.053333   0   0     0.026759 
 10 308   0.429315       52.740        9.563     0.647183       30.686   6.92     0.623144        0.000     0.000000     1.400000     0.160000   0   0     0.026326 
 11 308   0.473113       69.030        7.875     0.690351       45.985  10.38     0.667578        9.806     0.583315     2.146667     0.746667   0   0     0.022917 
 12 308   0.511295       71.955        8.145     0.691131       49.111  11.08     0.666078        2.103     0.224096     2.466667     0.320000   0   0     0.027469 
 13 308   0.599623      130.725       21.780     0.685811       65.702  14.82     0.681693        1.140     0.273354     4.826667     2.360000   0   0     0.031929 
 14 308   0.605627      194.625       53.235     0.641647       77.727  17.54     0.677483        0.789     0.154465    13.560000     8.733333   0   0     0.045547 
 15 308   0.649796      208.170       50.603     0.649035       88.205  19.90     0.680382        1.220     0.284745    24.800000    11.240000   0   0     0.049532 
 16 308   0.578450      247.928      103.275     0.641234      103.343  23.32     0.671063        1.293     0.169169    35.973333    11.173333   0   0     0.056728 
 17 308   0.583466      281.520      129.015     0.647241      123.229  27.80     0.674129        1.635     0.246564    51.946667    15.973333   0   0     0.070449 
 18 308   0.744550      297.360      116.483     0.651638      136.184  30.73     0.678670        2.545     0.092934    64.826667    12.880000   0   0     0.084324 
 19 308   0.576412      301.500      116.460     0.652923      140.930  31.80     0.676907        2.477     0.279624    79.200000    14.373333   0   0     0.091889 
 20 308   0.594678      306.225      114.593     0.658388      149.117  33.65     0.675848        1.967     0.377748    92.533333    13.333333   0   0     0.089131 
 21 308   0.555574      306.765      114.300     0.660634      149.991  33.84     0.677415        1.457     0.263439   102.880000    10.346667   0   0     0.089131 
 22 308   0.477869      308.880      113.220     0.662511      151.764  34.24     0.678772        1.798     0.117711   110.413333     7.533333   0   0     0.113108 
 23 308   0.472679      309.218      112.883     0.664493      154.740  34.91     0.677140        3.422     0.286186   121.653333    11.240000   0   0     0.111071 
 24 308   0.569139      312.705      105.435     0.680647      167.566  37.81     0.678648        3.523     0.345022   133.680000    12.026667   0   0     0.121206 
 25 308   0.492810      319.613      111.960     0.679416      173.227  39.09     0.677748        0.322     0.200816   137.600000     3.920000   0   0     0.099039 
 26 308   0.572849      323.168      100.283     0.691516      182.546  41.19     0.684407        4.246     0.282731   140.906667     3.306667   0   0     0.109095 
 27 308   0.601826      330.840      113.355     0.696103      187.813  42.38     0.688899        0.697     0.156328   145.720000     4.813333   0   0     0.118839 
 28 308   0.614891      332.978      120.083     0.696848      192.240  43.37     0.687028        0.138     0.110399   148.653333     2.933333   0   0     0.103074 
 29 308   0.461253      333.180      122.220     0.698332      194.082  43.79     0.687668        0.731     0.082026   152.973333     4.320000   0   0     0.083775 
 30 308   0.409102      339.615      109.958     0.693143      199.468  45.01     0.683593        3.849     0.008330   158.520000     5.546667   1   0     0.086521 
 31 308   0.673609      342.810      108.450     0.693005      202.317  45.65     0.682149        5.033     0.182995   160.186667     1.666667   0   0     0.048546 
 32 308   0.776984      344.565      107.438     0.695169      204.557  46.15     0.683109        5.004     0.147907   162.266667     2.080000   0   0     0.058321 
 33 308   0.736117      348.683      106.425     0.697597      210.035  47.39     0.683975        1.839     0.116240   164.133333     1.866667   0   0     0.052636 
 34 308   0.665789      393.345      132.705     0.696892      230.491  52.01     0.688268        2.430     0.189366   167.733333     3.600000   0   0     0.055922 
 35 308   0.602403      401.265      124.065     0.700845      239.813  54.11     0.689782        3.975     0.524316   170.186667     2.453333   0   0     0.063941 
 36 308   0.584188      416.813      109.260     0.701622      252.693  57.01     0.683818        4.931     0.028028   171.253333     1.066667   0   0     0.090196 
 37 308   0.587330      416.835      109.035     0.702250      253.295  57.15     0.684205        0.251     0.530286   172.093333     0.840000   0   0     0.123565 
 38 308   0.593930      423.563      108.855     0.698687      259.315  58.51     0.681585        4.364     0.256785   174.106667     2.013333   0   0     0.118899 
 39 308   0.482052      428.175      103.770     0.698838      263.924  59.55     0.680552        4.331     0.133953   176.093333     1.986667   0   0     0.143960 
 40 308   0.617319      442.575       70.380     0.701812      278.516  62.84     0.683433        4.311     0.131710   178.533333     2.440000   0   0     0.162723 
 41 308   0.636731      445.725       66.488     0.703014      283.437  63.95     0.682433        2.367     0.211262   180.093333     1.560000   0   0     0.193864 
 42 308   0.599927      450.360       59.558     0.702681      288.146  65.01     0.680991        2.209     0.005170   182.466667     2.373333   0   0     0.191995 
 43 308   0.472718      450.810       58.838     0.704981      289.713  65.37     0.681844        1.280     0.275123   183.826667     1.360000   0   0     0.231712 
 44 308   0.445048      453.780       49.343     0.711423      298.684  67.39     0.686904        1.621     0.257545   186.560000     2.733333   0   0     0.239734 
 45 308   0.528059      455.423       42.818     0.715566      304.075  68.61     0.687875        1.911     0.322438   189.013333     2.453333   0   0     0.253839 
 46 308   0.484397      456.908       40.613     0.715693      306.439  69.14     0.687321        0.272     0.284935   191.333333     2.320000   0   0     0.286929 
 47 308   0.439083      456.908       40.613     0.716118      306.446  69.14     0.687787        1.252     0.100042   192.653333     1.320000   0   0     0.283378 
 48 308   0.452128      457.223       39.488     0.716809      308.976  69.71     0.688697        3.550     0.002844   194.346667     1.693333   1   0     0.286826 
 49 308   0.423904      457.493       38.948     0.719610      312.312  70.47     0.691084        0.476     0.135049   197.733333     3.386667   0   0     0.285767 
 50 308   0.431351      457.718       38.678     0.720001      313.899  70.82     0.691751        0.167     0.015368   201.013333     3.280000   0   0     0.284354 
 51 308   0.431856      458.483       37.328     0.722104      316.069  71.31     0.693726        3.391     0.014631   204.106667     3.093333   1   0     0.280230 
 52 308   0.497692      458.865       37.035     0.722222      316.303  71.37     0.693575        1.197     0.111058   205.293333     1.186667   0   0     0.276070 
 53 308   0.537173      459.000       36.900     0.722211      316.483  71.41     0.693402        0.109     0.035491   206.840000     1.546667   0   0     0.344639 
 54 308   0.549475      458.775       36.045     0.723912      321.544  72.55     0.692321        6.295     0.011548   207.773333     0.933333   1   0     0.344028 
 55 308   0.410240      458.730       35.910     0.724966      323.134  72.91     0.693413        0.338     0.117343   211.226667     3.453333   0   0     0.343851 
 56 308   0.424064      458.775       35.955     0.725173      323.144  72.91     0.693679        1.098     0.031538   213.573333     2.346667   0   0     0.345397 
 57 308   0.449329      458.775       35.955     0.725218      323.144  72.91     0.693742        0.138     0.125534   215.706667     2.133333   0   0     0.343106 
 58 308   0.452000      458.820       35.235     0.724921      324.243  73.16     0.692827        4.531     0.015518   217.093333     1.386667   1   0     0.340665 
 59 308   0.412733      459.225       34.470     0.727858      326.630  73.70     0.696601        0.692     0.194712   219.653333     2.560000   0   0     0.339462 
 60 308   0.422864      459.630       34.470     0.729315      327.110  73.81     0.698578        4.861     0.027168   222.506667     2.853333   1   0     0.339462 
 61 308   0.401490      459.788       34.358     0.730136      327.501  73.89     0.700552        2.925     0.003235   226.746667     4.240000   0   0     0.340957 
 62 308   0.420658      459.855       34.335     0.730385      327.561  73.91     0.700822        3.043     0.027052   230.586667     3.840000   1   0     0.340753 
 63 308   0.435639      459.675       34.335     0.730554      327.567  73.91     0.701007        0.187     0.194974   231.773333     1.186667   0   0     0.341313 
 64 308   0.445154      459.585       34.335     0.730577      327.567  73.91     0.701024        0.171     0.005835   233.706667     1.933333   0   0     0.344371 
 65 308   0.447551      460.395       33.975     0.733395      329.091  74.25     0.701497        5.231     0.005555   235.813333     2.106667   1   0     0.347814 
 66 308   0.419845      460.395       33.975     0.733514      329.206  74.28     0.701635        1.468     0.200328   240.066667     4.253333   0   0     0.348921 
 67 308   0.435459      460.395       33.975     0.733580      329.210  74.28     0.701666        3.656     0.013647   243.933333     3.866667   1   0     0.350906 
 68 308   0.433401      460.395       33.975     0.733648      329.210  74.28     0.701730        0.152     0.023735   246.146667     2.213333   0   0     0.353085 
 69 308   0.433657      460.958       33.863     0.734400      329.898  74.43     0.702933        5.118     0.021811   247.773333     1.626667   1   0     0.353326 
 70 308   0.415260      460.890       33.615     0.742120      333.501  75.25     0.709404        0.306     0.191178   251.440000     3.666667   0   0     0.352889 
 71 308   0.423149      460.890       33.615     0.747303      337.360  76.12     0.712575        5.170     0.008183   255.786667     4.346667   1   0     0.352267 
 72 308   0.412866      461.048       33.683     0.751177      339.573  76.62     0.716339        0.547     0.157066   261.080000     5.293333   0   0     0.355437 
 73 308   0.422574      461.228       33.683     0.751360      339.748  76.66     0.716574        0.056     0.005966   265.426667     4.346667   0   0     0.357400 
 74 308   0.422888      462.578       27.608     0.758044      347.198  78.34     0.720287        4.146     0.020035   270.026667     4.600000   1   0     0.357253 
 75 308   0.431446      462.870       25.605     0.768415      354.461  79.98     0.730899        1.813     0.253180   296.453333    26.426667   0   0     0.357378 
 76 308   0.451762      462.735       25.605     0.769516      355.951  80.31     0.733590        0.050     0.017036   328.133333    31.680000   0   0     0.360765 
 77 308   0.452435      463.118       25.448     0.771046      357.806  80.73     0.735194        3.037     0.284476   356.946667    28.813333   1   0     0.366632 
 78 308   0.412283      463.523       25.448     0.770855      358.489  80.89     0.735333        0.165     0.012803   370.106667    13.160000   0   0     0.371012 
 79 308   0.412323      464.693       25.448     0.777078      360.284  81.29     0.741923       10.690     0.013082   381.906667    11.800000   1   0     0.368486 
 80 308   0.418760      465.548       25.448     0.778516      360.685  81.38     0.744140        0.649     0.002979   385.893333     3.986667   0   0     0.370196 
 81 308   0.422752      465.683       25.448     0.778544      360.685  81.38     0.744140        0.000     0.000000   389.200000     3.306667   0   1     0.370196 
 82 308   0.039702      467.303       23.243     0.782157      366.756  82.75     0.744173        7.955     0.431599   398.026667     8.826667   0   1     0.374070 
 83 308   0.127824      468.653       22.545     0.782711      368.256  83.09     0.744420        6.126     0.512298   408.280000    10.253333   0   1     0.346060 
 84 308   0.008419      470.970       20.183     0.785325      371.893  83.91     0.747045        4.153     0.225493   431.560000    23.280000   0   1     0.345941 
 85 308   0.012314      470.880       20.003     0.786863      373.065  84.17     0.747480        9.899     0.406783   433.760000     2.200000   0   1     0.342164 
 86 308   0.023811      470.948       19.665     0.787926      373.829  84.35     0.748445        2.047     0.150111   438.400000     4.640000   0   1     0.340654 
 87 308   0.036182      471.870       19.373     0.792167      376.747  85.01     0.750414        5.873     0.303870   444.200000     5.800000   0   1     0.334634 
 88 308   0.012490      472.343       19.170     0.795426      379.187  85.56     0.753555        5.277     0.149029   456.760000    12.560000   0   1     0.334171 
 89 308   0.019425      472.703       18.720     0.795681      379.539  85.64     0.753764        0.670     0.155511   468.813333    12.053333   0   1     0.338637 
 90 308   0.016503      472.883       18.585     0.795867      379.539  85.64     0.753764        5.368     0.012575   481.306667    12.493333   1   1     0.332591 
 91 308   0.042989      472.928       18.158     0.797608      381.175  86.00     0.754193        6.931     0.282240   493.053333    11.746667   0   1     0.339121 
 92 308   0.024069      473.198       17.393     0.799819      382.975  86.41     0.755121       16.113     0.182665   495.960000     2.906667   0   1     0.338268 
 93 308   0.012871      473.760       17.550     0.799855      382.977  86.41     0.755132        2.925     0.340744   498.520000     2.560000   0   1     0.342921 
 94 308   0.015085      473.760       17.550     0.799892      382.989  86.41     0.755184        0.191     0.015556   501.760000     3.240000   0   1     0.342144 
 95 308   0.020016      473.805       17.550     0.799983      383.005  86.42     0.755244        0.252     0.114799   505.560000     3.800000   0   1     0.341341 
 96 308   0.021637      474.030       17.550     0.800470      383.322  86.49     0.755716       15.423     0.019269   508.933333     3.373333   1   1     0.341341 
 97 308   0.005402      474.525       16.988     0.801593      385.135  86.90     0.756509        4.255     0.003973   519.280000    10.346667   0   1     0.342688 
 98 308   0.033591      475.358       15.008     0.802294      388.196  87.59     0.755675        7.154     0.296081   528.213333     8.933333   0   1     0.335210 
 99 308   0.014213      475.988       14.648     0.802291      389.244  87.82     0.756250        6.853     0.198356   543.533333    15.320000   0   1     0.336604 
100 308   0.010179      476.303       13.928     0.802684      390.065  88.01     0.756863        0.729     0.227813   563.146667    19.613333   0   1     0.340588 
