#scene........................: /home/eldamian/nbvEverardo/models/studying_room.wrl
#triangles....................: 107322
#Total triangles' area........: 170.448196 (m2)
#sensor aperture..............: 135.000000 x 70.000000 (deg)
#range image size.............: 350 x 80
#sensor blind distances.......: 0.500000 .. 30.000000 (m)
#sensor blind angle...........: 80.000000
#sensor Gaussian noise std dev: 0.012000 (m)
#views number.................: 100 
#optimization method..........: Evolution Strategy
#robust optimization..........: ON
#view iterations fitness vxl_occupied(m2) occplane(m2) vxl_quality tri_imaged(m2) tri_imaged(%) tri_quality travelled(m) energy total_time single_time backstep change delta_f_accum
  0   0  -0.000000       16.628        4.838     0.635252       10.896   6.39     0.627871        0.000     0.000000     0.000000     0.000000   0   0     0.000000 
  1 308   0.640074       26.033        5.220     0.621800       18.741  10.99     0.612062        0.000     0.077427     0.173333     0.173333   0   0     0.000000 
  2 308   0.630752       42.728       24.615     0.678270       23.472  13.77     0.665242        0.000     0.187351     0.426667     0.253333   0   0     0.000000 
  3 308   0.631051       54.293       34.358     0.690208       29.268  17.17     0.685591        0.000     0.166667     0.720000     0.293333   0   0     0.000000 
  4 308   0.598785       83.475       50.040     0.649959       39.521  23.19     0.676262        0.000     0.276591     1.053333     0.333333   0   0     0.000000 
  5 308   0.584294       98.730       62.933     0.645241       46.069  27.03     0.684623        0.000     0.077427     1.453333     0.400000   0   0     0.000000 
  6 308   0.591092      103.613       61.988     0.651737       52.750  30.95     0.679367        0.000     0.166667     1.866667     0.413333   0   0     0.000000 
  7 308   0.565540      144.383       90.338     0.648706       69.459  40.75     0.683092        0.000     0.255907     2.386667     0.520000   0   0     0.000000 
  8 308   0.619685      143.933      102.240     0.651852       76.352  44.79     0.684727        0.000     0.077427     2.893333     0.506667   0   0     0.000000 
  9 308   0.621253      143.078      109.373     0.663316       79.243  46.49     0.691031        0.000     0.109925     3.413333     0.520000   0   0     0.000000 
 10 308   0.584562      143.415      121.253     0.672550       81.770  47.97     0.693573        0.000     0.500000     3.946667     0.533333   0   0     0.000000 
 11 308   0.531424      143.190      125.190     0.676049       81.876  48.04     0.693664        0.000     0.145982     4.493333     0.546667   0   0     0.000000 
 12 308   0.516077      143.033      131.130     0.678444       81.910  48.06     0.693715        0.000     0.333333     5.013333     0.520000   0   0     0.000000 
 13 308   0.470399      145.463      132.638     0.675137       88.551  51.95     0.683255        0.000     0.500000     5.533333     0.520000   0   0     0.000000 
 14 308   0.452666      145.418      132.638     0.675291       88.551  51.95     0.683255        0.000     0.244093     6.053333     0.520000   0   0     0.000000 
 15 308   0.441142      145.553      134.865     0.675809       89.035  52.24     0.682903        0.000     0.166667     6.626667     0.573333   0   0     0.000000 
 16 308   0.446885      146.115      134.843     0.677098       91.510  53.69     0.680823        0.000     0.166667     7.173333     0.546667   0   0     0.000000 
 17 308   0.419894      145.845      134.910     0.676627       93.372  54.78     0.676247        0.000     0.145982     7.640000     0.466667   0   0     0.000000 
 18 308   0.416684      145.058      135.068     0.675976       96.110  56.39     0.673335        0.000     0.166667     8.160000     0.520000   0   0     0.000000 
 19 308   0.395085      144.383      134.123     0.676750       99.336  58.28     0.668168        0.000     0.166667     8.720000     0.560000   0   0     0.000000 
 20 308   0.366835      143.730      134.550     0.676690      101.328  59.45     0.664718        0.000     0.500000     9.213333     0.493333   0   0     0.000000 
 21 308   0.764791      143.618      137.543     0.677846      101.328  59.45     0.664718        0.000     0.630609     9.840000     0.626667   0   0     0.000000 
 22 308   0.551335      144.675      129.893     0.679498      101.739  59.69     0.668880        3.345     0.161138    10.213333     0.373333   0   0    -0.023708 
 23 308   0.582841      144.563      129.938     0.679558      101.739  59.69     0.668880        3.345     0.161138    10.320000     0.106667   1   0    -0.023708 
 24 308   0.862596      144.495      129.915     0.679916      101.739  59.69     0.668880        0.000     0.000000    10.933333     0.613333   0   0    -0.023708 
 25 308   0.800520      143.888      129.825     0.680291      101.739  59.69     0.668880        0.000     0.109925    11.480000     0.546667   0   0    -0.023708 
 26 308   0.709411      143.775      132.030     0.681104      101.739  59.69     0.668880        0.000     0.276591    12.066667     0.586667   0   0    -0.023708 
 27 308   0.476000      148.658      132.188     0.684143      104.663  61.40     0.675273        5.359     0.406517    12.813333     0.746667   0   0    -0.015439 
 28 308   0.596150      149.333      131.018     0.690956      106.862  62.69     0.676804        0.664     0.355388    12.973333     0.160000   0   0    -0.015439 
 29 308   0.441140      149.288      131.018     0.691173      106.862  62.69     0.676804        5.309     0.151981    13.026667     0.053333   1   0    -0.015439 
 30 308   0.675831      149.220      132.188     0.691679      106.862  62.69     0.676804        0.000     0.609924    13.653333     0.626667   0   0    -0.015439 
 31 308   0.652315      149.423      133.493     0.691778      106.862  62.69     0.676804        0.000     0.166667    14.240000     0.586667   0   0    -0.015439 
 32 308   0.621623      149.265      133.470     0.692969      106.862  62.69     0.676804        0.000     0.443258    14.760000     0.520000   0   0    -0.015439 
 33 308   0.546327      150.345      130.208     0.696840      108.706  63.78     0.680594        5.086     0.152389    15.226667     0.466667   0   0    -0.044145 
 34 308   0.571778      150.323      130.140     0.696865      108.706  63.78     0.680594        5.086     0.152389    15.533333     0.306667   1   0    -0.044145 
 35 308   0.659584      150.143      130.140     0.697113      108.706  63.78     0.680594        0.000     0.000000    16.053333     0.520000   0   0    -0.044145 
 36 308   0.639736      150.233      130.140     0.697713      108.706  63.78     0.680594        0.000     0.609924    16.680000     0.626667   0   0    -0.044145 
 37 308   0.627452      150.233      130.140     0.698183      108.706  63.78     0.680594        0.000     0.166667    17.200000     0.520000   0   0    -0.044145 
 38 308   0.613272      150.143      130.185     0.698757      108.706  63.78     0.680594        0.000     0.333333    17.733333     0.533333   0   0    -0.044145 
 39 308   0.484115      156.465      145.485     0.696503      113.680  66.69     0.677593        5.873     0.610665    17.973333     0.240000   0   0    -0.025227 
 40 308   0.576258      157.140      144.653     0.696478      113.680  66.69     0.677593        5.873     0.131349    18.133333     0.160000   1   0    -0.025227 
 41 308   0.596432      163.013      130.680     0.742259      116.380  68.28     0.704976        3.095     0.311229    18.466667     0.333333   0   0    -0.027472 
 42 308   0.650327      163.103      130.680     0.742374      116.380  68.28     0.704976        3.095     0.165247    18.600000     0.133333   1   0    -0.027472 
 43 308   0.519123      164.048      128.970     0.743259      117.778  69.10     0.705748        5.551     0.311645    19.586667     0.986667   0   0    -0.033926 
 44 308   0.568620      164.385      128.588     0.743372      117.778  69.10     0.705748        5.551     0.165662    20.133333     0.546667   1   0    -0.033926 
 45 308   0.683109      164.498      128.565     0.744284      117.778  69.10     0.705748        0.000     0.145982    20.693333     0.560000   0   0    -0.033926 
 46 308   0.466630      168.795      122.580     0.742974      121.902  71.52     0.703351        4.948     0.273182    21.066667     0.373333   0   0    -0.032642 
 47 308   0.489446      177.525      115.290     0.754058      125.607  73.69     0.712288        1.301     0.105490    22.000000     0.933333   0   0    -0.029901 
 48 308   0.471369      177.413      115.223     0.754186      125.607  73.69     0.712288        6.248     0.135194    22.400000     0.400000   1   0    -0.029901 
 49 308   0.564077      178.088      113.288     0.754768      126.009  73.93     0.713385        4.962     0.351235    23.186667     0.786667   0   0    -0.027437 
 50 308   0.635846      178.178      113.288     0.754935      126.009  73.93     0.713385        4.962     0.163884    23.546667     0.360000   1   0    -0.027437 
 51 308   0.704580      178.178      113.198     0.755032      126.009  73.93     0.713385        0.000     0.000000    24.240000     0.693333   0   0    -0.027437 
 52 308   0.634333      178.178      113.198     0.755424      126.009  73.93     0.713385        0.000     0.500000    24.773333     0.533333   0   0    -0.027437 
 53 308   0.692678      177.908      113.063     0.755465      126.009  73.93     0.713385        0.000     0.109925    25.373333     0.600000   0   0    -0.027437 
 54 308   0.559998      180.000      109.620     0.759189      132.745  77.88     0.709494        5.630     0.351232    26.026667     0.653333   0   0    -0.015927 
 55 308   0.408885      180.023      109.598     0.761310      133.248  78.18     0.710589        2.242     0.137689    26.640000     0.613333   0   0    -0.015792 
 56 308   0.628191      183.465      107.370     0.768100      138.195  81.08     0.716428        2.151     0.372338    27.453333     0.813333   0   0    -0.021837 
 57 308   0.630645      183.870      105.998     0.769097      138.998  81.55     0.717278        0.699     0.152688    28.146667     0.693333   0   0    -0.021084 
 58 308   0.640815      184.230      106.313     0.769100      138.998  81.55     0.717278        5.074     0.161143    28.466667     0.320000   1   0    -0.021084 
 59 308   0.684362      184.275      106.313     0.769278      138.998  81.55     0.717278        0.000     0.145982    29.066667     0.600000   0   0    -0.021084 
 60 308   0.688203      184.185      106.313     0.769463      138.998  81.55     0.717278        0.000     0.109925    29.666667     0.600000   0   0    -0.021084 
 61 308   0.612682      184.095      106.313     0.769618      138.998  81.55     0.717278        0.000     0.609924    30.280000     0.613333   0   0    -0.021084 
 62 308   0.389394      184.140      106.268     0.769674      139.057  81.58     0.717400        6.162     0.147301    30.613333     0.333333   0   0    -0.023407 
 63 308   0.441889      184.140      106.268     0.769719      139.101  81.61     0.717581        0.171     0.005835    31.320000     0.706667   0   0    -0.036903 
 64 308   0.479583      184.163      106.110     0.770007      139.124  81.62     0.718094        0.729     0.020351    31.973333     0.653333   0   0    -0.039770 
 65 308   0.481581      184.163      106.065     0.770156      139.124  81.62     0.718094        5.683     0.161818    32.813333     0.840000   1   0    -0.039770 
 66 308   0.704792      184.073      106.065     0.770243      139.124  81.62     0.718094        0.000     0.000000    33.440000     0.626667   0   0    -0.039770 
 67 308   0.630241      184.073      106.065     0.770339      139.124  81.62     0.718094        0.000     0.500000    34.093333     0.653333   0   0    -0.039770 
 68 308   0.688769      183.938      106.065     0.770471      139.124  81.62     0.718094        0.000     0.109925    34.693333     0.600000   0   0    -0.039770 
 69 308   0.605030      183.938      106.065     0.770775      139.124  81.62     0.718094        0.000     0.276591    35.253333     0.560000   0   0    -0.039770 
 70 308   0.583457      183.960      106.043     0.771373      139.124  81.62     0.718094        0.000     0.145982    35.866667     0.613333   0   0    -0.039770 
 71 308   0.576407      184.028      105.390     0.773998      139.468  81.82     0.720002        6.053     0.138114    37.680000     1.813333   0   0    -0.036292 
 72 308   0.646491      184.028      105.390     0.774025      139.468  81.82     0.720002        6.053     0.138114    39.066667     1.386667   1   0    -0.036292 
 73 308   0.682320      184.028      105.390     0.774376      139.468  81.82     0.720002        0.000     0.145982    39.653333     0.586667   0   0    -0.036292 
 74 308   0.685836      183.960      105.368     0.774376      139.468  81.82     0.720002        0.000     0.109925    40.280000     0.626667   0   0    -0.036292 
 75 308   0.609663      183.960      105.368     0.774489      139.468  81.82     0.720002        0.000     0.609924    40.706667     0.426667   0   0    -0.036292 
 76 308   0.408545      183.420      105.368     0.776635      139.768  82.00     0.721905        3.129     0.271779    40.960000     0.253333   0   0    -0.032031 
 77 308   0.441739      183.420      105.368     0.776691      139.768  82.00     0.721932        0.436     0.002072    41.106667     0.146667   0   0    -0.032031 
 78 308   0.446438      183.038      105.345     0.776623      139.768  82.00     0.721932        3.551     0.159782    41.186667     0.080000   1   0    -0.032031 
 79 308   0.464234      184.635      106.043     0.778558      140.786  82.60     0.723582        6.025     0.666166    41.773333     0.586667   0   0    -0.025612 
 80 308   0.627546      184.703      104.805     0.778902      140.985  82.71     0.724907        0.255     0.003194    43.466667     1.693333   0   0    -0.012707 
 81 308   0.629101      184.793      104.850     0.778949      140.985  82.71     0.724907        5.809     0.148676    45.000000     1.533333   1   0    -0.012707 
 82 308   0.686512      184.793      104.850     0.779011      140.985  82.71     0.724907        0.000     0.000000    45.653333     0.653333   0   0    -0.012707 
 83 308   0.684906      184.793      104.850     0.779556      140.985  82.71     0.724907        0.000     0.109925    46.173333     0.520000   0   0    -0.012707 
 84 308   0.608034      184.793      104.850     0.779786      140.985  82.71     0.724907        0.000     0.609924    46.853333     0.680000   0   0    -0.012707 
 85 308   0.452879      185.040      103.500     0.784234      144.017  84.49     0.726741        4.939     0.497267    47.186667     0.333333   0   0    -0.031850 
 86 308   0.429505      185.108      103.433     0.784800      144.166  84.58     0.727268        1.287     0.014021    47.613333     0.426667   0   0    -0.030649 
 87 308   0.441514      185.063      103.433     0.784787      144.166  84.58     0.727268        4.890     0.129228    47.840000     0.226667   1   0    -0.030649 
 88 308   0.668674      185.063      103.433     0.784865      144.166  84.58     0.727268        0.000     0.354018    48.440000     0.600000   0   0    -0.030649 
 89 308   0.627175      184.973      103.433     0.784832      144.166  84.58     0.727268        0.000     0.500000    49.053333     0.613333   0   0    -0.030649 
 90 308   0.685018      184.973      103.433     0.784874      144.166  84.58     0.727268        0.000     0.109925    49.720000     0.666667   0   0    -0.030649 
 91 308   0.624227      186.525      101.993     0.785311      146.997  86.24     0.725959        5.450     0.684717    50.160000     0.440000   0   0    -0.014451 
 92 308   0.428593      186.390      101.993     0.785284      146.997  86.24     0.725959        5.450     0.164033    50.586667     0.426667   1   0    -0.014451 
 93 308   0.416757      190.283      106.065     0.785915      147.642  86.62     0.726355        4.847     0.680395    51.626667     1.040000   0   0    -0.002082 
 94 308   0.552555      190.283      106.065     0.785937      147.642  86.62     0.726355        4.847     0.159711    52.413333     0.786667   1   0    -0.002082 
 95 308   0.361565      190.283      106.065     0.787074      147.758  86.69     0.727675        4.655     0.495340    52.706667     0.293333   0   0    -0.000494 
 96 308   0.485633      189.810      105.705     0.791961      150.118  88.07     0.729639        2.914     0.111954    53.106667     0.400000   0   0     0.026744 
 97 308   0.452207      189.810      105.705     0.791974      150.118  88.07     0.729639        5.408     0.139292    53.306667     0.200000   1   0     0.026744 
 98 308   0.518448      190.058      104.558     0.794297      151.098  88.65     0.731095        5.050     0.507048    54.226667     0.920000   0   0     0.035375 
 99 308   0.621859      190.868      105.908     0.794412      151.098  88.65     0.731095        5.050     0.153030    55.226667     1.000000   1   0     0.035375 
100 308   0.698973      190.868      105.908     0.794457      151.098  88.65     0.731095        0.000     0.000000    55.853333     0.626667   0   0     0.035375 
