#scene........................: /home/eldamian/nbvEverardo/models/studying_room.wrl
#triangles....................: 107322
#Total triangles' area........: 170.448196 (m2)
#sensor aperture..............: 135.000000 x 70.000000 (deg)
#range image size.............: 350 x 80
#sensor blind distances.......: 0.500000 .. 30.000000 (m)
#sensor blind angle...........: 80.000000
#sensor Gaussian noise std dev: 0.012000 (m)
#views number.................: 100 
#optimization method..........: Evolution Strategy
#robust optimization..........: ON
#view iterations fitness vxl_occupied(m2) occplane(m2) vxl_quality tri_imaged(m2) tri_imaged(%) tri_quality travelled(m) energy total_time single_time backstep change delta_f_accum
  0   0  -0.000000       16.628        4.838     0.635252       10.896   6.39     0.627871        0.000     0.000000     0.000000     0.000000   0   0     0.000000 
  1 308   0.640074       26.033        5.220     0.621800       18.741  10.99     0.612062        0.000     0.077427     0.240000     0.240000   0   0     0.000000 
  2 308   0.630752       42.728       24.615     0.678270       23.472  13.77     0.665242        0.000     0.187351     0.426667     0.186667   0   0     0.000000 
  3 308   0.631051       54.293       34.358     0.690208       29.268  17.17     0.685591        0.000     0.166667     0.786667     0.360000   0   0     0.000000 
  4 308   0.598785       83.475       50.040     0.649959       39.521  23.19     0.676262        0.000     0.276591     1.133333     0.346667   0   0     0.000000 
  5 308   0.584294       98.730       62.933     0.645241       46.069  27.03     0.684623        0.000     0.077427     1.533333     0.400000   0   0     0.000000 
  6 308   0.591092      103.613       61.988     0.651737       52.750  30.95     0.679367        0.000     0.166667     1.933333     0.400000   0   0     0.000000 
  7 308   0.565540      144.383       90.338     0.648706       69.459  40.75     0.683092        0.000     0.255907     2.360000     0.426667   0   0     0.000000 
  8 308   0.619685      143.933      102.240     0.651852       76.352  44.79     0.684727        0.000     0.077427     2.800000     0.440000   0   0     0.000000 
  9 308   0.621253      143.078      109.373     0.663316       79.243  46.49     0.691031        0.000     0.109925     3.360000     0.560000   0   0     0.000000 
 10 308   0.584562      143.415      121.253     0.672550       81.770  47.97     0.693573        0.000     0.500000     3.906667     0.546667   0   0     0.000000 
 11 308   0.531424      143.190      125.190     0.676049       81.876  48.04     0.693664        0.000     0.145982     4.493333     0.586667   0   0     0.000000 
 12 308   0.516077      143.033      131.130     0.678444       81.910  48.06     0.693715        0.000     0.333333     5.026667     0.533333   0   0     0.000000 
 13 308   0.470399      145.463      132.638     0.675137       88.551  51.95     0.683255        0.000     0.500000     5.533333     0.506667   0   0     0.000000 
 14 308   0.452666      145.418      132.638     0.675291       88.551  51.95     0.683255        0.000     0.244093     6.093333     0.560000   0   0     0.000000 
 15 308   0.441142      145.553      134.865     0.675809       89.035  52.24     0.682903        0.000     0.166667     6.560000     0.466667   0   0     0.000000 
 16 308   0.446885      146.115      134.843     0.677098       91.510  53.69     0.680823        0.000     0.166667     7.093333     0.533333   0   0     0.000000 
 17 308   0.419894      145.845      134.910     0.676627       93.372  54.78     0.676247        0.000     0.145982     7.653333     0.560000   0   0     0.000000 
 18 308   0.416684      145.058      135.068     0.675976       96.110  56.39     0.673335        0.000     0.166667     8.266667     0.613333   0   0     0.000000 
 19 308   0.395085      144.383      134.123     0.676750       99.336  58.28     0.668168        0.000     0.166667     8.786667     0.520000   0   0     0.000000 
 20 308   0.366835      143.730      134.550     0.676690      101.328  59.45     0.664718        0.000     0.500000     9.346667     0.560000   0   0     0.000000 
 21 308   0.764791      143.618      137.543     0.677846      101.328  59.45     0.664718        0.000     0.630609     9.893333     0.546667   0   0     0.000000 
 22 308   0.539481      144.675      129.893     0.679498      101.739  59.69     0.668880        3.345     0.161138    10.240000     0.346667   0   0    -0.023708 
 23 308   0.582841      144.563      129.938     0.679558      101.739  59.69     0.668880        3.345     0.161138    10.333333     0.093333   1   0    -0.023708 
 24 308   0.862596      144.495      129.915     0.679916      101.739  59.69     0.668880        0.000     0.000000    10.893333     0.560000   0   0    -0.023708 
 25 308   0.800520      143.888      129.825     0.680291      101.739  59.69     0.668880        0.000     0.109925    11.426667     0.533333   0   0    -0.023708 
 26 308   0.709411      143.775      132.030     0.681104      101.739  59.69     0.668880        0.000     0.276591    11.946667     0.520000   0   0    -0.023708 
 27 308   0.480043      148.658      132.188     0.684143      104.663  61.40     0.675273        5.359     0.406517    12.600000     0.653333   0   0    -0.015439 
 28 308   0.596150      149.333      131.018     0.690956      106.862  62.69     0.676804        0.664     0.355388    12.826667     0.226667   0   0    -0.015439 
 29 308   0.428609      149.288      131.018     0.691173      106.862  62.69     0.676804        5.309     0.151981    12.866667     0.040000   1   0    -0.015439 
 30 308   0.675831      149.220      132.188     0.691679      106.862  62.69     0.676804        0.000     0.609924    13.440000     0.573333   0   0    -0.015439 
 31 308   0.652315      149.423      133.493     0.691778      106.862  62.69     0.676804        0.000     0.166667    13.853333     0.413333   0   0    -0.015439 
 32 308   0.621623      149.265      133.470     0.692969      106.862  62.69     0.676804        0.000     0.443258    14.266667     0.413333   0   0    -0.015439 
 33 308   0.540425      150.345      130.208     0.696840      108.706  63.78     0.680594        5.086     0.152389    14.613333     0.346667   0   0    -0.044145 
 34 308   0.553000      150.323      130.140     0.696865      108.706  63.78     0.680594        5.086     0.152389    14.880000     0.266667   1   0    -0.044145 
 35 308   0.659584      150.143      130.140     0.697113      108.706  63.78     0.680594        0.000     0.000000    15.466667     0.586667   0   0    -0.044145 
 36 308   0.639736      150.233      130.140     0.697713      108.706  63.78     0.680594        0.000     0.609924    16.026667     0.560000   0   0    -0.044145 
 37 308   0.627452      150.233      130.140     0.698183      108.706  63.78     0.680594        0.000     0.166667    16.586667     0.560000   0   0    -0.044145 
 38 308   0.613272      150.143      130.185     0.698757      108.706  63.78     0.680594        0.000     0.333333    17.040000     0.453333   0   0    -0.044145 
 39 308   0.492302      156.465      145.485     0.696503      113.680  66.69     0.677593        5.873     0.610665    17.226667     0.186667   0   0    -0.025227 
 40 308   0.567181      157.140      144.653     0.696478      113.680  66.69     0.677593        5.873     0.131349    17.373333     0.146667   1   0    -0.025227 
 41 308   0.596053      163.013      130.680     0.742259      116.380  68.28     0.704976        3.095     0.311229    17.720000     0.346667   0   0    -0.027472 
 42 308   0.650327      163.103      130.680     0.742374      116.380  68.28     0.704976        3.095     0.165247    17.826667     0.106667   1   0    -0.027472 
 43 308   0.513704      164.048      128.970     0.743259      117.778  69.10     0.705748        5.551     0.311645    18.893333     1.066667   0   0    -0.033926 
 44 308   0.583229      164.385      128.588     0.743372      117.778  69.10     0.705748        5.551     0.165662    19.626667     0.733333   1   0    -0.033926 
 45 308   0.683109      164.498      128.565     0.744284      117.778  69.10     0.705748        0.000     0.145982    20.240000     0.613333   0   0    -0.033926 
 46 308   0.468941      168.795      122.580     0.742974      121.902  71.52     0.703351        4.948     0.273182    20.746667     0.506667   0   0    -0.032642 
 47 308   0.487736      177.525      115.290     0.754058      125.607  73.69     0.712288        1.301     0.105490    21.640000     0.893333   0   0    -0.029901 
 48 308   0.474974      177.413      115.223     0.754186      125.607  73.69     0.712288        6.248     0.135194    22.026667     0.386667   1   0    -0.029901 
 49 308   0.572516      178.178      112.275     0.755305      126.161  74.02     0.713990        5.472     0.342927    22.960000     0.933333   0   0    -0.023820 
 50 308   0.658949      178.065      112.253     0.755358      126.161  74.02     0.713990        5.472     0.155576    23.360000     0.400000   1   0    -0.023820 
 51 308   0.694973      178.065      112.208     0.755459      126.161  74.02     0.713990        0.000     0.000000    23.906667     0.546667   0   0    -0.023820 
 52 308   0.625585      177.998      112.185     0.755846      126.161  74.02     0.713990        0.000     0.500000    24.520000     0.613333   0   0    -0.023820 
 53 308   0.683364      177.818      112.185     0.756019      126.161  74.02     0.713990        0.000     0.109925    25.133333     0.613333   0   0    -0.023820 
 54 308   0.364346      177.593      112.185     0.759380      126.270  74.08     0.717429        2.813     0.495164    25.280000     0.146667   0   0    -0.023820 
 55 308   0.606931      178.583      111.060     0.764497      128.022  75.11     0.719579        5.600     0.316749    25.400000     0.120000   0   0    -0.028609 
 56 308   0.533932      183.353      107.753     0.775872      134.471  78.89     0.728408        8.964     0.306699    26.906667     1.506667   0   0    -0.029750 
 57 308   0.643939      183.713      106.200     0.777686      135.297  79.38     0.729141        0.619     0.154680    27.493333     0.586667   0   0    -0.025057 
 58 308   0.661179      183.848      106.290     0.778627      136.746  80.23     0.727175        8.588     0.000726    28.186667     0.693333   1   0    -0.024645 
 59 308   0.603919      186.165      109.733     0.778939      136.765  80.24     0.727759        5.600     0.004100    28.413333     0.226667   1   0    -0.020019 
 60 308   0.607891      186.165      109.733     0.779008      136.765  80.24     0.727759        0.000     0.000000    28.840000     0.426667   0   1    -0.020019 
 61 308   0.310349      186.165      109.733     0.779157      136.767  80.24     0.728123        0.256     0.003950    29.026667     0.186667   0   1    -0.019876 
 62 308   0.314257      186.390      110.138     0.779271      136.767  80.24     0.728123        5.400     0.000150    29.400000     0.373333   1   1    -0.011875 
 63 308   0.336316      187.808      110.880     0.779456      136.767  80.24     0.728123        8.588     0.000726    29.653333     0.253333   1   1     0.022725 
 64 308   0.476376      187.200      110.588     0.780545      136.789  80.25     0.731368        3.060     0.003135    30.053333     0.400000   0   1     0.030210 
 65 308   0.500962      187.200      110.543     0.780663      136.789  80.25     0.731368        3.060     0.003135    30.333333     0.280000   1   1     0.036775 
 66 308   0.478024      187.290      110.003     0.781194      137.004  80.38     0.731540        0.634     0.031883    31.613333     1.280000   0   1     0.059596 
 67 308   0.483753      187.290      110.003     0.781244      137.004  80.38     0.731540        8.815     0.032609    33.026667     1.413333   1   1     0.064333 
 68 308   0.377260      187.043      109.800     0.781872      137.457  80.64     0.732231        1.551     0.357954    34.120000     1.093333   0   1     0.094354 
 69 308   0.422125      187.043      109.800     0.781993      137.617  80.74     0.732903        0.379     0.006853    34.920000     0.800000   0   1     0.107925 
 70 308   0.485185      187.200      109.868     0.782486      137.747  80.81     0.736301        1.019     0.017222    35.973333     1.053333   0   1     0.110525 
 71 308   0.494032      187.965      111.398     0.782953      137.901  80.90     0.736914        7.639     0.003555    37.013333     1.040000   1   1     0.115833 
 72 308   0.149258      187.763      110.970     0.783181      137.918  80.91     0.738131        0.347     0.000377    37.280000     0.266667   0   1     0.110469 
 73 308   0.364864      187.493      110.925     0.783466      137.918  80.91     0.738936        0.529     0.336198    37.400000     0.120000   0   1     0.110469 
 74 308   0.384369      187.628      110.655     0.783743      138.109  81.03     0.739142        7.839     0.008742    37.640000     0.240000   1   1     0.110107 
 75 308   0.376425      187.830      109.823     0.784655      138.287  81.13     0.739958        9.895     0.008397    39.386667     1.746667   0   1     0.115178 
 76 308   0.456547      187.875      109.778     0.784852      138.320  81.15     0.740103        0.126     0.001589    40.746667     1.360000   0   1     0.124359 
 77 308   0.478412      187.875      109.778     0.785023      138.362  81.18     0.740200        0.845     0.012635    42.133333     1.386667   0   1     0.140123 
 78 308   0.485077      188.123      109.665     0.785024      138.362  81.18     0.740200       10.175     0.002649    43.040000     0.906667   1   1     0.162335 
 79 308   0.257835      188.168      109.620     0.784970      138.362  81.18     0.740200        5.472     0.155576    43.106667     0.066667   1   1     0.162335 
 80 308   0.042536      188.325      108.225     0.788215      140.754  82.58     0.741079        5.201     0.484953    43.493333     0.386667   0   1     0.171044 
 81 308   0.014070      188.640      107.955     0.789348      141.291  82.89     0.741966        2.208     0.177802    43.773333     0.280000   0   1     0.159865 
 82 308   0.061483      188.663      107.933     0.789817      141.383  82.95     0.744478        3.930     0.079821    43.880000     0.106667   0   1     0.159865 
 83 308   0.066377      188.888      107.843     0.790211      141.552  83.05     0.744741        3.930     0.002394    43.986667     0.106667   1   1     0.159865 
 84 308   0.015620      188.820      107.685     0.790391      141.552  83.05     0.744741        3.618     0.162754    44.160000     0.173333   1   1     0.159865 
 85 308   0.082714      188.348      106.763     0.792854      144.059  84.52     0.746791        5.409     0.325713    44.586667     0.426667   0   1     0.163029 
 86 308   0.224660      188.820      106.448     0.793363      144.785  84.94     0.747549        0.635     0.116386    45.293333     0.706667   0   1     0.163199 
 87 308   0.225819      188.730      106.448     0.794688      144.801  84.95     0.749844        2.596     0.002377    45.853333     0.560000   0   1     0.164354 
 88 308   0.236727      188.730      106.448     0.794901      144.905  85.01     0.750171        8.743     0.015013    46.026667     0.173333   1   1     0.164354 
 89 308   0.036378      188.843      106.380     0.795368      145.007  85.07     0.750344        1.134     0.020411    46.160000     0.133333   0   1     0.165862 
 90 308   0.130948      188.933      106.335     0.795849      145.107  85.13     0.751246        1.362     0.009057    46.626667     0.466667   0   1     0.173983 
 91 308   0.437569      189.045      106.403     0.796158      145.143  85.15     0.752027        0.997     0.480435    47.600000     0.973333   0   1     0.180814 
 92 308   0.489871      189.045      106.425     0.796499      145.265  85.23     0.752679        3.117     0.030588    48.133333     0.533333   1   1     0.159078 
 93 308   0.441484      189.023      106.583     0.796807      145.358  85.28     0.753197        0.188     0.022625    48.826667     0.693333   0   1     0.189560 
 94 308   0.443773      189.068      106.583     0.796811      145.358  85.28     0.753197        6.133     0.157819    48.946667     0.120000   1   1     0.189560 
 95 308   0.058133      188.843      106.088     0.796585      145.839  85.56     0.752124        5.295     0.577817    49.226667     0.280000   0   1     0.197799 
 96 308   0.386109      188.933      105.998     0.796650      145.844  85.57     0.752207        9.868     0.177297    50.266667     1.040000   0   1     0.198140 
 97 308   0.463800      188.933      105.998     0.796704      145.845  85.57     0.752333        9.868     0.010630    50.720000     0.453333   1   1     0.198140 
 98 308   0.304750      189.113      105.795     0.796713      145.845  85.57     0.752495        1.199     0.009443    51.026667     0.306667   0   1     0.182512 
 99 308   0.426130      190.508      107.055     0.796912      145.870  85.58     0.752726        0.862     0.341932    51.520000     0.493333   0   1     0.187917 
100 308   0.454769      190.508      107.055     0.797086      145.870  85.58     0.752726        5.992     0.156088    52.320000     0.800000   1   1     0.187917 
